cdo(1) divc: Process started
cdo(2) setattribute: Process started
cdo(3) chname: Process started
cdo(4) mergetime: Process started
cdo(4) mergetime: Processed 98000 values from 4 variables over 4 timesteps.
cdo(3) chname: Processed 98000 values from 1 variable over 4 timesteps.
cdo(2) setattribute: Processed 98000 values from 1 variable over 4 timesteps.
cdo(1) divc: Processed 98000 values from 1 variable over 4 timesteps.
cdo    timcumsum: Processed 98000 values from 1 variable over 4 timesteps [0.09s 18MB].
cdo(1) divc: Process started
cdo(2) setattribute: Process started
cdo(3) chname: Process started
cdo(4) mergetime: Process started
cdo(4) mergetime: Processed 98000 values from 4 variables over 4 timesteps.
cdo(3) chname: Processed 98000 values from 1 variable over 4 timesteps.
cdo(2) setattribute: Processed 98000 values from 1 variable over 4 timesteps.
cdo(1) divc: Processed 98000 values from 1 variable over 4 timesteps.
cdo    timcumsum: Processed 98000 values from 1 variable over 4 timesteps [0.05s 17MB].
cdo(1) divc: Process started
cdo(2) setattribute: Process started
cdo(3) chname: Process started
cdo(4) mergetime: Process started
cdo(4) mergetime: Processed 98000 values from 4 variables over 4 timesteps.
cdo(3) chname: Processed 98000 values from 1 variable over 4 timesteps.
cdo(2) setattribute: Processed 98000 values from 1 variable over 4 timesteps.
cdo(1) divc: Processed 98000 values from 1 variable over 4 timesteps.
cdo    timcumsum: Processed 98000 values from 1 variable over 4 timesteps [0.10s 18MB].
cdo(1) divc: Process started
cdo(2) setattribute: Process started
cdo(3) chname: Process started
cdo(4) mergetime: Process started
cdo(4) mergetime: Processed 98000 values from 4 variables over 4 timesteps.
cdo(3) chname: Processed 98000 values from 1 variable over 4 timesteps.
cdo(2) setattribute: Processed 98000 values from 1 variable over 4 timesteps.
cdo(1) divc: Processed 98000 values from 1 variable over 4 timesteps.
cdo    timcumsum: Processed 98000 values from 1 variable over 4 timesteps [0.04s 18MB].
