mkdir: cannot create directory ‘/p/project1/deepacf’: Permission denied
mkdir: cannot create directory ‘/p/project1/deepacf’: Permission denied
2025-02-11 10:45:59.278430: I tensorflow/core/common_runtime/gpu/gpu_device.cc:1613] Created device /job:localhost/replica:0/task:0/device:GPU:0 with 38482 MB memory:  -> device: 0, name: NVIDIA A100-SXM4-40GB, pci bus id: 0000:03:00.0, compute capability: 8.0
2025-02-11 10:45:59.280239: I tensorflow/core/common_runtime/gpu/gpu_device.cc:1613] Created device /job:localhost/replica:0/task:0/device:GPU:1 with 38482 MB memory:  -> device: 1, name: NVIDIA A100-SXM4-40GB, pci bus id: 0000:44:00.0, compute capability: 8.0
2025-02-11 10:45:59.281787: I tensorflow/core/common_runtime/gpu/gpu_device.cc:1613] Created device /job:localhost/replica:0/task:0/device:GPU:2 with 38482 MB memory:  -> device: 2, name: NVIDIA A100-SXM4-40GB, pci bus id: 0000:84:00.0, compute capability: 8.0
2025-02-11 10:45:59.283318: I tensorflow/core/common_runtime/gpu/gpu_device.cc:1613] Created device /job:localhost/replica:0/task:0/device:GPU:3 with 38482 MB memory:  -> device: 3, name: NVIDIA A100-SXM4-40GB, pci bus id: 0000:c4:00.0, compute capability: 8.0
2025-02-11 10:46:02.237878: I tensorflow/core/common_runtime/gpu/gpu_device.cc:1613] Created device /job:localhost/replica:0/task:0/device:GPU:0 with 38482 MB memory:  -> device: 0, name: NVIDIA A100-SXM4-40GB, pci bus id: 0000:03:00.0, compute capability: 8.0
2025-02-11 10:46:02.241171: I tensorflow/core/common_runtime/gpu/gpu_device.cc:1613] Created device /job:localhost/replica:0/task:0/device:GPU:1 with 38482 MB memory:  -> device: 1, name: NVIDIA A100-SXM4-40GB, pci bus id: 0000:44:00.0, compute capability: 8.0
2025-02-11 10:46:02.242670: I tensorflow/core/common_runtime/gpu/gpu_device.cc:1613] Created device /job:localhost/replica:0/task:0/device:GPU:2 with 38482 MB memory:  -> device: 2, name: NVIDIA A100-SXM4-40GB, pci bus id: 0000:84:00.0, compute capability: 8.0
2025-02-11 10:46:02.244146: I tensorflow/core/common_runtime/gpu/gpu_device.cc:1613] Created device /job:localhost/replica:0/task:0/device:GPU:3 with 38482 MB memory:  -> device: 3, name: NVIDIA A100-SXM4-40GB, pci bus id: 0000:c4:00.0, compute capability: 8.0
2025-02-11 10:46:06.883762: I tensorflow/core/common_runtime/gpu/gpu_device.cc:1613] Created device /job:localhost/replica:0/task:0/device:GPU:0 with 38482 MB memory:  -> device: 0, name: NVIDIA A100-SXM4-40GB, pci bus id: 0000:03:00.0, compute capability: 8.0
2025-02-11 10:46:06.885446: I tensorflow/core/common_runtime/gpu/gpu_device.cc:1613] Created device /job:localhost/replica:0/task:0/device:GPU:1 with 38482 MB memory:  -> device: 1, name: NVIDIA A100-SXM4-40GB, pci bus id: 0000:44:00.0, compute capability: 8.0
2025-02-11 10:46:06.888169: I tensorflow/core/common_runtime/gpu/gpu_device.cc:1613] Created device /job:localhost/replica:0/task:0/device:GPU:2 with 38482 MB memory:  -> device: 2, name: NVIDIA A100-SXM4-40GB, pci bus id: 0000:84:00.0, compute capability: 8.0
2025-02-11 10:46:06.889725: I tensorflow/core/common_runtime/gpu/gpu_device.cc:1613] Created device /job:localhost/replica:0/task:0/device:GPU:3 with 38482 MB memory:  -> device: 3, name: NVIDIA A100-SXM4-40GB, pci bus id: 0000:c4:00.0, compute capability: 8.0
2025-02-11 10:46:07.721633: I tensorflow/core/common_runtime/gpu/gpu_device.cc:1613] Created device /job:localhost/replica:0/task:0/device:GPU:0 with 38482 MB memory:  -> device: 0, name: NVIDIA A100-SXM4-40GB, pci bus id: 0000:03:00.0, compute capability: 8.0
2025-02-11 10:46:07.723368: I tensorflow/core/common_runtime/gpu/gpu_device.cc:1613] Created device /job:localhost/replica:0/task:0/device:GPU:1 with 38482 MB memory:  -> device: 1, name: NVIDIA A100-SXM4-40GB, pci bus id: 0000:44:00.0, compute capability: 8.0
2025-02-11 10:46:07.724976: I tensorflow/core/common_runtime/gpu/gpu_device.cc:1613] Created device /job:localhost/replica:0/task:0/device:GPU:2 with 38482 MB memory:  -> device: 2, name: NVIDIA A100-SXM4-40GB, pci bus id: 0000:84:00.0, compute capability: 8.0
2025-02-11 10:46:07.726454: I tensorflow/core/common_runtime/gpu/gpu_device.cc:1613] Created device /job:localhost/replica:0/task:0/device:GPU:3 with 38482 MB memory:  -> device: 3, name: NVIDIA A100-SXM4-40GB, pci bus id: 0000:c4:00.0, compute capability: 8.0
2025-02-11 10:46:10.829612: I tensorflow/core/common_runtime/gpu/gpu_device.cc:1613] Created device /job:localhost/replica:0/task:0/device:GPU:0 with 38482 MB memory:  -> device: 0, name: NVIDIA A100-SXM4-40GB, pci bus id: 0000:03:00.0, compute capability: 8.0
2025-02-11 10:46:10.831227: I tensorflow/core/common_runtime/gpu/gpu_device.cc:1613] Created device /job:localhost/replica:0/task:0/device:GPU:1 with 38482 MB memory:  -> device: 1, name: NVIDIA A100-SXM4-40GB, pci bus id: 0000:44:00.0, compute capability: 8.0
2025-02-11 10:46:10.832746: I tensorflow/core/common_runtime/gpu/gpu_device.cc:1613] Created device /job:localhost/replica:0/task:0/device:GPU:2 with 38482 MB memory:  -> device: 2, name: NVIDIA A100-SXM4-40GB, pci bus id: 0000:84:00.0, compute capability: 8.0
2025-02-11 10:46:10.834257: I tensorflow/core/common_runtime/gpu/gpu_device.cc:1613] Created device /job:localhost/replica:0/task:0/device:GPU:3 with 38482 MB memory:  -> device: 3, name: NVIDIA A100-SXM4-40GB, pci bus id: 0000:c4:00.0, compute capability: 8.0
2025-02-11 10:46:33.484900: I tensorflow/compiler/xla/stream_executor/cuda/cuda_dnn.cc:428] Loaded cuDNN version 8600
2025-02-11 10:46:35.774009: I tensorflow/compiler/xla/stream_executor/cuda/cuda_dnn.cc:428] Loaded cuDNN version 8600
2025-02-11 10:46:36.629056: I tensorflow/compiler/xla/stream_executor/cuda/cuda_dnn.cc:428] Loaded cuDNN version 8600
2025-02-11 10:46:38.717646: I tensorflow/compiler/xla/stream_executor/cuda/cuda_dnn.cc:428] Loaded cuDNN version 8600
2025-02-11 10:46:40.040333: I tensorflow/compiler/xla/stream_executor/cuda/cuda_dnn.cc:428] Loaded cuDNN version 8600
2025-02-11 10:46:40.562937: I tensorflow/compiler/xla/stream_executor/cuda/cuda_dnn.cc:428] Loaded cuDNN version 8600
2025-02-11 10:46:41.354126: I tensorflow/compiler/xla/stream_executor/cuda/cuda_dnn.cc:428] Loaded cuDNN version 8600
2025-02-11 10:46:41.775133: I tensorflow/compiler/xla/stream_executor/cuda/cuda_dnn.cc:428] Loaded cuDNN version 8600
2025-02-11 10:46:43.699904: I tensorflow/compiler/xla/stream_executor/cuda/cuda_dnn.cc:428] Loaded cuDNN version 8600
2025-02-11 10:46:44.611954: I tensorflow/compiler/xla/stream_executor/cuda/cuda_dnn.cc:428] Loaded cuDNN version 8600
2025-02-11 10:46:45.034167: I tensorflow/compiler/xla/stream_executor/cuda/cuda_dnn.cc:428] Loaded cuDNN version 8600
2025-02-11 10:46:45.528848: I tensorflow/compiler/xla/stream_executor/cuda/cuda_dnn.cc:428] Loaded cuDNN version 8600
2025-02-11 10:46:46.361442: I tensorflow/compiler/xla/stream_executor/cuda/cuda_dnn.cc:428] Loaded cuDNN version 8600
2025-02-11 10:46:46.922896: I tensorflow/compiler/xla/stream_executor/cuda/cuda_dnn.cc:428] Loaded cuDNN version 8600
2025-02-11 10:46:47.437213: I tensorflow/compiler/xla/service/service.cc:173] XLA service 0x1466ebe2fa20 initialized for platform CUDA (this does not guarantee that XLA will be used). Devices:
2025-02-11 10:46:47.437292: I tensorflow/compiler/xla/service/service.cc:181]   StreamExecutor device (0): NVIDIA A100-SXM4-40GB, Compute Capability 8.0
2025-02-11 10:46:47.437299: I tensorflow/compiler/xla/service/service.cc:181]   StreamExecutor device (1): NVIDIA A100-SXM4-40GB, Compute Capability 8.0
2025-02-11 10:46:47.437305: I tensorflow/compiler/xla/service/service.cc:181]   StreamExecutor device (2): NVIDIA A100-SXM4-40GB, Compute Capability 8.0
2025-02-11 10:46:47.437311: I tensorflow/compiler/xla/service/service.cc:181]   StreamExecutor device (3): NVIDIA A100-SXM4-40GB, Compute Capability 8.0
2025-02-11 10:46:47.458166: I tensorflow/compiler/mlir/tensorflow/utils/dump_mlir_util.cc:268] disabling MLIR crash reproducer, set env var `MLIR_CRASH_REPRODUCER_DIRECTORY` to enable.
2025-02-11 10:46:47.680304: I tensorflow/compiler/xla/stream_executor/cuda/cuda_dnn.cc:428] Loaded cuDNN version 8600
2025-02-11 10:46:47.713716: I tensorflow/compiler/jit/xla_compilation_cache.cc:477] Compiled cluster using XLA!  This line is logged at most once for the lifetime of the process.
2025-02-11 10:46:48.320592: I tensorflow/compiler/xla/stream_executor/cuda/cuda_dnn.cc:428] Loaded cuDNN version 8600
2025-02-11 10:46:53.948982: I tensorflow/compiler/xla/service/service.cc:173] XLA service 0x1482d001bf50 initialized for platform CUDA (this does not guarantee that XLA will be used). Devices:
2025-02-11 10:46:53.949064: I tensorflow/compiler/xla/service/service.cc:181]   StreamExecutor device (0): NVIDIA A100-SXM4-40GB, Compute Capability 8.0
2025-02-11 10:46:53.949071: I tensorflow/compiler/xla/service/service.cc:181]   StreamExecutor device (1): NVIDIA A100-SXM4-40GB, Compute Capability 8.0
2025-02-11 10:46:53.949077: I tensorflow/compiler/xla/service/service.cc:181]   StreamExecutor device (2): NVIDIA A100-SXM4-40GB, Compute Capability 8.0
2025-02-11 10:46:53.949083: I tensorflow/compiler/xla/service/service.cc:181]   StreamExecutor device (3): NVIDIA A100-SXM4-40GB, Compute Capability 8.0
2025-02-11 10:46:53.969802: I tensorflow/compiler/mlir/tensorflow/utils/dump_mlir_util.cc:268] disabling MLIR crash reproducer, set env var `MLIR_CRASH_REPRODUCER_DIRECTORY` to enable.
2025-02-11 10:46:54.236262: I tensorflow/compiler/jit/xla_compilation_cache.cc:477] Compiled cluster using XLA!  This line is logged at most once for the lifetime of the process.
2025-02-11 10:46:58.771507: I tensorflow/compiler/xla/service/service.cc:173] XLA service 0x14718a24f3c0 initialized for platform CUDA (this does not guarantee that XLA will be used). Devices:
2025-02-11 10:46:58.771575: I tensorflow/compiler/xla/service/service.cc:181]   StreamExecutor device (0): NVIDIA A100-SXM4-40GB, Compute Capability 8.0
2025-02-11 10:46:58.771582: I tensorflow/compiler/xla/service/service.cc:181]   StreamExecutor device (1): NVIDIA A100-SXM4-40GB, Compute Capability 8.0
2025-02-11 10:46:58.771588: I tensorflow/compiler/xla/service/service.cc:181]   StreamExecutor device (2): NVIDIA A100-SXM4-40GB, Compute Capability 8.0
2025-02-11 10:46:58.771594: I tensorflow/compiler/xla/service/service.cc:181]   StreamExecutor device (3): NVIDIA A100-SXM4-40GB, Compute Capability 8.0
2025-02-11 10:46:58.792963: I tensorflow/compiler/mlir/tensorflow/utils/dump_mlir_util.cc:268] disabling MLIR crash reproducer, set env var `MLIR_CRASH_REPRODUCER_DIRECTORY` to enable.
2025-02-11 10:46:58.846653: I tensorflow/compiler/xla/service/service.cc:173] XLA service 0x14393a05d510 initialized for platform CUDA (this does not guarantee that XLA will be used). Devices:
2025-02-11 10:46:58.846727: I tensorflow/compiler/xla/service/service.cc:181]   StreamExecutor device (0): NVIDIA A100-SXM4-40GB, Compute Capability 8.0
2025-02-11 10:46:58.846734: I tensorflow/compiler/xla/service/service.cc:181]   StreamExecutor device (1): NVIDIA A100-SXM4-40GB, Compute Capability 8.0
2025-02-11 10:46:58.846740: I tensorflow/compiler/xla/service/service.cc:181]   StreamExecutor device (2): NVIDIA A100-SXM4-40GB, Compute Capability 8.0
2025-02-11 10:46:58.846746: I tensorflow/compiler/xla/service/service.cc:181]   StreamExecutor device (3): NVIDIA A100-SXM4-40GB, Compute Capability 8.0
2025-02-11 10:46:58.865870: I tensorflow/compiler/mlir/tensorflow/utils/dump_mlir_util.cc:268] disabling MLIR crash reproducer, set env var `MLIR_CRASH_REPRODUCER_DIRECTORY` to enable.
2025-02-11 10:46:59.043109: I tensorflow/compiler/jit/xla_compilation_cache.cc:477] Compiled cluster using XLA!  This line is logged at most once for the lifetime of the process.
2025-02-11 10:46:59.323719: I tensorflow/compiler/jit/xla_compilation_cache.cc:477] Compiled cluster using XLA!  This line is logged at most once for the lifetime of the process.
2025-02-11 10:47:01.558333: I tensorflow/compiler/xla/service/service.cc:173] XLA service 0x143280be16c0 initialized for platform CUDA (this does not guarantee that XLA will be used). Devices:
2025-02-11 10:47:01.558412: I tensorflow/compiler/xla/service/service.cc:181]   StreamExecutor device (0): NVIDIA A100-SXM4-40GB, Compute Capability 8.0
2025-02-11 10:47:01.558420: I tensorflow/compiler/xla/service/service.cc:181]   StreamExecutor device (1): NVIDIA A100-SXM4-40GB, Compute Capability 8.0
2025-02-11 10:47:01.558426: I tensorflow/compiler/xla/service/service.cc:181]   StreamExecutor device (2): NVIDIA A100-SXM4-40GB, Compute Capability 8.0
2025-02-11 10:47:01.558432: I tensorflow/compiler/xla/service/service.cc:181]   StreamExecutor device (3): NVIDIA A100-SXM4-40GB, Compute Capability 8.0
2025-02-11 10:47:01.588054: I tensorflow/compiler/mlir/tensorflow/utils/dump_mlir_util.cc:268] disabling MLIR crash reproducer, set env var `MLIR_CRASH_REPRODUCER_DIRECTORY` to enable.
2025-02-11 10:47:01.845362: I tensorflow/compiler/jit/xla_compilation_cache.cc:477] Compiled cluster using XLA!  This line is logged at most once for the lifetime of the process.
srun: Job 10966852 step creation temporarily disabled, retrying (Requested nodes are busy)
srun: Job 10966852 step creation temporarily disabled, retrying (Requested nodes are busy)
srun: Job 10966852 step creation temporarily disabled, retrying (Requested nodes are busy)
srun: Job 10966852 step creation temporarily disabled, retrying (Requested nodes are busy)
srun: Job 10966852 step creation still disabled, retrying (Requested nodes are busy)
srun: Job 10966852 step creation still disabled, retrying (Requested nodes are busy)
srun: Job 10966852 step creation still disabled, retrying (Requested nodes are busy)
srun: Job 10966852 step creation still disabled, retrying (Requested nodes are busy)
srun: Job 10966852 step creation still disabled, retrying (Requested nodes are busy)
srun: Job 10966852 step creation still disabled, retrying (Requested nodes are busy)
srun: Job 10966852 step creation still disabled, retrying (Requested nodes are busy)
srun: Job 10966852 step creation still disabled, retrying (Requested nodes are busy)
srun: Job 10966852 step creation still disabled, retrying (Requested nodes are busy)
srun: Job 10966852 step creation still disabled, retrying (Requested nodes are busy)
srun: Job 10966852 step creation still disabled, retrying (Requested nodes are busy)
srun: Job 10966852 step creation still disabled, retrying (Requested nodes are busy)
srun: Job 10966852 step creation still disabled, retrying (Requested nodes are busy)
srun: Job 10966852 step creation still disabled, retrying (Requested nodes are busy)
srun: Job 10966852 step creation still disabled, retrying (Requested nodes are busy)
srun: Job 10966852 step creation still disabled, retrying (Requested nodes are busy)
srun: Job 10966852 step creation still disabled, retrying (Requested nodes are busy)
srun: Job 10966852 step creation still disabled, retrying (Requested nodes are busy)
srun: Job 10966852 step creation still disabled, retrying (Requested nodes are busy)
srun: Job 10966852 step creation still disabled, retrying (Requested nodes are busy)
srun: Job 10966852 step creation still disabled, retrying (Requested nodes are busy)
srun: Job 10966852 step creation still disabled, retrying (Requested nodes are busy)
srun: Job 10966852 step creation still disabled, retrying (Requested nodes are busy)
srun: Job 10966852 step creation still disabled, retrying (Requested nodes are busy)
srun: Job 10966852 step creation still disabled, retrying (Requested nodes are busy)
srun: Job 10966852 step creation still disabled, retrying (Requested nodes are busy)
srun: Job 10966852 step creation still disabled, retrying (Requested nodes are busy)
srun: Job 10966852 step creation still disabled, retrying (Requested nodes are busy)
srun: Job 10966852 step creation still disabled, retrying (Requested nodes are busy)
srun: Job 10966852 step creation still disabled, retrying (Requested nodes are busy)
srun: Job 10966852 step creation still disabled, retrying (Requested nodes are busy)
srun: Job 10966852 step creation still disabled, retrying (Requested nodes are busy)
srun: Job 10966852 step creation still disabled, retrying (Requested nodes are busy)
srun: Job 10966852 step creation still disabled, retrying (Requested nodes are busy)
srun: Job 10966852 step creation still disabled, retrying (Requested nodes are busy)
srun: Job 10966852 step creation still disabled, retrying (Requested nodes are busy)
srun: Job 10966852 step creation still disabled, retrying (Requested nodes are busy)
srun: Job 10966852 step creation still disabled, retrying (Requested nodes are busy)
srun: Job 10966852 step creation still disabled, retrying (Requested nodes are busy)
srun: Job 10966852 step creation still disabled, retrying (Requested nodes are busy)
srun: Job 10966852 step creation still disabled, retrying (Requested nodes are busy)
srun: Job 10966852 step creation still disabled, retrying (Requested nodes are busy)
srun: Job 10966852 step creation still disabled, retrying (Requested nodes are busy)
srun: Job 10966852 step creation still disabled, retrying (Requested nodes are busy)
srun: Job 10966852 step creation still disabled, retrying (Requested nodes are busy)
srun: Job 10966852 step creation still disabled, retrying (Requested nodes are busy)
srun: Job 10966852 step creation still disabled, retrying (Requested nodes are busy)
srun: Job 10966852 step creation still disabled, retrying (Requested nodes are busy)
srun: Job 10966852 step creation still disabled, retrying (Requested nodes are busy)
srun: Job 10966852 step creation still disabled, retrying (Requested nodes are busy)
srun: Job 10966852 step creation still disabled, retrying (Requested nodes are busy)
srun: Job 10966852 step creation still disabled, retrying (Requested nodes are busy)
srun: Job 10966852 step creation still disabled, retrying (Requested nodes are busy)
srun: Job 10966852 step creation still disabled, retrying (Requested nodes are busy)
srun: Job 10966852 step creation still disabled, retrying (Requested nodes are busy)
srun: Job 10966852 step creation still disabled, retrying (Requested nodes are busy)
srun: Job 10966852 step creation still disabled, retrying (Requested nodes are busy)
srun: Job 10966852 step creation still disabled, retrying (Requested nodes are busy)
srun: Job 10966852 step creation still disabled, retrying (Requested nodes are busy)
srun: Job 10966852 step creation still disabled, retrying (Requested nodes are busy)
srun: Job 10966852 step creation still disabled, retrying (Requested nodes are busy)
srun: Job 10966852 step creation still disabled, retrying (Requested nodes are busy)
srun: Job 10966852 step creation still disabled, retrying (Requested nodes are busy)
srun: Job 10966852 step creation still disabled, retrying (Requested nodes are busy)
srun: Job 10966852 step creation still disabled, retrying (Requested nodes are busy)
srun: Job 10966852 step creation still disabled, retrying (Requested nodes are busy)
srun: Job 10966852 step creation still disabled, retrying (Requested nodes are busy)
srun: Job 10966852 step creation still disabled, retrying (Requested nodes are busy)
srun: Job 10966852 step creation still disabled, retrying (Requested nodes are busy)
srun: Job 10966852 step creation still disabled, retrying (Requested nodes are busy)
srun: Job 10966852 step creation still disabled, retrying (Requested nodes are busy)
srun: Job 10966852 step creation still disabled, retrying (Requested nodes are busy)
srun: Job 10966852 step creation still disabled, retrying (Requested nodes are busy)
srun: Job 10966852 step creation still disabled, retrying (Requested nodes are busy)
srun: Job 10966852 step creation still disabled, retrying (Requested nodes are busy)
srun: Job 10966852 step creation still disabled, retrying (Requested nodes are busy)
srun: Job 10966852 step creation still disabled, retrying (Requested nodes are busy)
srun: Job 10966852 step creation still disabled, retrying (Requested nodes are busy)
srun: Job 10966852 step creation still disabled, retrying (Requested nodes are busy)
srun: Job 10966852 step creation still disabled, retrying (Requested nodes are busy)
srun: Job 10966852 step creation still disabled, retrying (Requested nodes are busy)
srun: Job 10966852 step creation still disabled, retrying (Requested nodes are busy)
srun: Job 10966852 step creation still disabled, retrying (Requested nodes are busy)
srun: Job 10966852 step creation still disabled, retrying (Requested nodes are busy)
srun: Job 10966852 step creation still disabled, retrying (Requested nodes are busy)
srun: Job 10966852 step creation still disabled, retrying (Requested nodes are busy)
srun: Job 10966852 step creation still disabled, retrying (Requested nodes are busy)
srun: Job 10966852 step creation still disabled, retrying (Requested nodes are busy)
srun: Job 10966852 step creation still disabled, retrying (Requested nodes are busy)
srun: Job 10966852 step creation still disabled, retrying (Requested nodes are busy)
srun: Job 10966852 step creation still disabled, retrying (Requested nodes are busy)
srun: Job 10966852 step creation still disabled, retrying (Requested nodes are busy)
srun: Job 10966852 step creation still disabled, retrying (Requested nodes are busy)
srun: Job 10966852 step creation still disabled, retrying (Requested nodes are busy)
srun: Job 10966852 step creation still disabled, retrying (Requested nodes are busy)
srun: Job 10966852 step creation still disabled, retrying (Requested nodes are busy)
srun: Job 10966852 step creation still disabled, retrying (Requested nodes are busy)
srun: Job 10966852 step creation still disabled, retrying (Requested nodes are busy)
srun: Job 10966852 step creation still disabled, retrying (Requested nodes are busy)
srun: Job 10966852 step creation still disabled, retrying (Requested nodes are busy)
srun: Job 10966852 step creation still disabled, retrying (Requested nodes are busy)
srun: Job 10966852 step creation still disabled, retrying (Requested nodes are busy)
srun: Job 10966852 step creation still disabled, retrying (Requested nodes are busy)
srun: Job 10966852 step creation still disabled, retrying (Requested nodes are busy)
srun: Job 10966852 step creation still disabled, retrying (Requested nodes are busy)
srun: Job 10966852 step creation still disabled, retrying (Requested nodes are busy)
srun: Job 10966852 step creation still disabled, retrying (Requested nodes are busy)
srun: Job 10966852 step creation still disabled, retrying (Requested nodes are busy)
srun: Job 10966852 step creation still disabled, retrying (Requested nodes are busy)
srun: Job 10966852 step creation still disabled, retrying (Requested nodes are busy)
srun: Job 10966852 step creation still disabled, retrying (Requested nodes are busy)
srun: Job 10966852 step creation still disabled, retrying (Requested nodes are busy)
srun: Job 10966852 step creation still disabled, retrying (Requested nodes are busy)
srun: Job 10966852 step creation still disabled, retrying (Requested nodes are busy)
srun: Job 10966852 step creation still disabled, retrying (Requested nodes are busy)
srun: Job 10966852 step creation still disabled, retrying (Requested nodes are busy)
srun: Job 10966852 step creation still disabled, retrying (Requested nodes are busy)
srun: Job 10966852 step creation still disabled, retrying (Requested nodes are busy)
srun: Job 10966852 step creation still disabled, retrying (Requested nodes are busy)
srun: Job 10966852 step creation still disabled, retrying (Requested nodes are busy)
srun: Job 10966852 step creation still disabled, retrying (Requested nodes are busy)
srun: Job 10966852 step creation still disabled, retrying (Requested nodes are busy)
srun: Job 10966852 step creation still disabled, retrying (Requested nodes are busy)
srun: Job 10966852 step creation still disabled, retrying (Requested nodes are busy)
srun: Job 10966852 step creation still disabled, retrying (Requested nodes are busy)
srun: Job 10966852 step creation still disabled, retrying (Requested nodes are busy)
srun: Job 10966852 step creation still disabled, retrying (Requested nodes are busy)
srun: Job 10966852 step creation still disabled, retrying (Requested nodes are busy)
srun: Job 10966852 step creation still disabled, retrying (Requested nodes are busy)
srun: Job 10966852 step creation still disabled, retrying (Requested nodes are busy)
srun: Job 10966852 step creation still disabled, retrying (Requested nodes are busy)
srun: Job 10966852 step creation still disabled, retrying (Requested nodes are busy)
srun: Job 10966852 step creation still disabled, retrying (Requested nodes are busy)
srun: Job 10966852 step creation still disabled, retrying (Requested nodes are busy)
srun: Job 10966852 step creation still disabled, retrying (Requested nodes are busy)
srun: Job 10966852 step creation still disabled, retrying (Requested nodes are busy)
srun: Job 10966852 step creation still disabled, retrying (Requested nodes are busy)
srun: Job 10966852 step creation still disabled, retrying (Requested nodes are busy)
srun: Job 10966852 step creation still disabled, retrying (Requested nodes are busy)
srun: Job 10966852 step creation still disabled, retrying (Requested nodes are busy)
srun: Job 10966852 step creation still disabled, retrying (Requested nodes are busy)
srun: Job 10966852 step creation still disabled, retrying (Requested nodes are busy)
srun: Job 10966852 step creation still disabled, retrying (Requested nodes are busy)
srun: Job 10966852 step creation still disabled, retrying (Requested nodes are busy)
srun: Job 10966852 step creation still disabled, retrying (Requested nodes are busy)
srun: Job 10966852 step creation still disabled, retrying (Requested nodes are busy)
srun: Job 10966852 step creation still disabled, retrying (Requested nodes are busy)
srun: Job 10966852 step creation still disabled, retrying (Requested nodes are busy)
srun: Job 10966852 step creation still disabled, retrying (Requested nodes are busy)
srun: Job 10966852 step creation still disabled, retrying (Requested nodes are busy)
srun: Job 10966852 step creation still disabled, retrying (Requested nodes are busy)
srun: Job 10966852 step creation still disabled, retrying (Requested nodes are busy)
srun: Job 10966852 step creation still disabled, retrying (Requested nodes are busy)
srun: Job 10966852 step creation still disabled, retrying (Requested nodes are busy)
srun: Job 10966852 step creation still disabled, retrying (Requested nodes are busy)
srun: Job 10966852 step creation still disabled, retrying (Requested nodes are busy)
srun: Job 10966852 step creation still disabled, retrying (Requested nodes are busy)
srun: Job 10966852 step creation still disabled, retrying (Requested nodes are busy)
srun: Job 10966852 step creation still disabled, retrying (Requested nodes are busy)
srun: Job 10966852 step creation still disabled, retrying (Requested nodes are busy)
srun: Job 10966852 step creation still disabled, retrying (Requested nodes are busy)
srun: Job 10966852 step creation still disabled, retrying (Requested nodes are busy)
srun: Job 10966852 step creation still disabled, retrying (Requested nodes are busy)
srun: Job 10966852 step creation still disabled, retrying (Requested nodes are busy)
srun: Job 10966852 step creation still disabled, retrying (Requested nodes are busy)
srun: Job 10966852 step creation still disabled, retrying (Requested nodes are busy)
srun: Job 10966852 step creation still disabled, retrying (Requested nodes are busy)
srun: Job 10966852 step creation still disabled, retrying (Requested nodes are busy)
srun: Job 10966852 step creation still disabled, retrying (Requested nodes are busy)
srun: Job 10966852 step creation still disabled, retrying (Requested nodes are busy)
srun: Job 10966852 step creation still disabled, retrying (Requested nodes are busy)
srun: Job 10966852 step creation still disabled, retrying (Requested nodes are busy)
srun: Job 10966852 step creation still disabled, retrying (Requested nodes are busy)
srun: Job 10966852 step creation still disabled, retrying (Requested nodes are busy)
srun: Job 10966852 step creation still disabled, retrying (Requested nodes are busy)
srun: Job 10966852 step creation still disabled, retrying (Requested nodes are busy)
srun: Job 10966852 step creation still disabled, retrying (Requested nodes are busy)
srun: Job 10966852 step creation still disabled, retrying (Requested nodes are busy)
srun: Job 10966852 step creation still disabled, retrying (Requested nodes are busy)
srun: Job 10966852 step creation still disabled, retrying (Requested nodes are busy)
srun: Job 10966852 step creation still disabled, retrying (Requested nodes are busy)
srun: Job 10966852 step creation still disabled, retrying (Requested nodes are busy)
srun: Job 10966852 step creation still disabled, retrying (Requested nodes are busy)
srun: Job 10966852 step creation still disabled, retrying (Requested nodes are busy)
srun: Job 10966852 step creation still disabled, retrying (Requested nodes are busy)
srun: Job 10966852 step creation still disabled, retrying (Requested nodes are busy)
srun: Job 10966852 step creation still disabled, retrying (Requested nodes are busy)
srun: Job 10966852 step creation still disabled, retrying (Requested nodes are busy)
srun: Job 10966852 step creation still disabled, retrying (Requested nodes are busy)
srun: Job 10966852 step creation still disabled, retrying (Requested nodes are busy)
srun: Job 10966852 step creation still disabled, retrying (Requested nodes are busy)
srun: Job 10966852 step creation still disabled, retrying (Requested nodes are busy)
srun: Job 10966852 step creation still disabled, retrying (Requested nodes are busy)
srun: Job 10966852 step creation still disabled, retrying (Requested nodes are busy)
srun: Job 10966852 step creation still disabled, retrying (Requested nodes are busy)
srun: Job 10966852 step creation still disabled, retrying (Requested nodes are busy)
srun: Job 10966852 step creation still disabled, retrying (Requested nodes are busy)
srun: Job 10966852 step creation still disabled, retrying (Requested nodes are busy)
srun: Job 10966852 step creation still disabled, retrying (Requested nodes are busy)
srun: Job 10966852 step creation still disabled, retrying (Requested nodes are busy)
srun: Job 10966852 step creation still disabled, retrying (Requested nodes are busy)
srun: Job 10966852 step creation still disabled, retrying (Requested nodes are busy)
srun: Job 10966852 step creation still disabled, retrying (Requested nodes are busy)
srun: Job 10966852 step creation still disabled, retrying (Requested nodes are busy)
srun: Job 10966852 step creation still disabled, retrying (Requested nodes are busy)
srun: Job 10966852 step creation still disabled, retrying (Requested nodes are busy)
srun: Job 10966852 step creation still disabled, retrying (Requested nodes are busy)
srun: Step created for StepId=10966852.5
2025-02-11 12:35:13.930388: I tensorflow/core/common_runtime/gpu/gpu_device.cc:1613] Created device /job:localhost/replica:0/task:0/device:GPU:0 with 38482 MB memory:  -> device: 0, name: NVIDIA A100-SXM4-40GB, pci bus id: 0000:03:00.0, compute capability: 8.0
2025-02-11 12:35:13.932034: I tensorflow/core/common_runtime/gpu/gpu_device.cc:1613] Created device /job:localhost/replica:0/task:0/device:GPU:1 with 38482 MB memory:  -> device: 1, name: NVIDIA A100-SXM4-40GB, pci bus id: 0000:44:00.0, compute capability: 8.0
2025-02-11 12:35:13.933430: I tensorflow/core/common_runtime/gpu/gpu_device.cc:1613] Created device /job:localhost/replica:0/task:0/device:GPU:2 with 38482 MB memory:  -> device: 2, name: NVIDIA A100-SXM4-40GB, pci bus id: 0000:84:00.0, compute capability: 8.0
2025-02-11 12:35:13.934806: I tensorflow/core/common_runtime/gpu/gpu_device.cc:1613] Created device /job:localhost/replica:0/task:0/device:GPU:3 with 38482 MB memory:  -> device: 3, name: NVIDIA A100-SXM4-40GB, pci bus id: 0000:c4:00.0, compute capability: 8.0
2025-02-11 12:35:46.580344: I tensorflow/compiler/xla/stream_executor/cuda/cuda_dnn.cc:428] Loaded cuDNN version 8600
2025-02-11 12:35:49.000678: I tensorflow/compiler/xla/stream_executor/cuda/cuda_dnn.cc:428] Loaded cuDNN version 8600
2025-02-11 12:35:59.710274: I tensorflow/compiler/xla/service/service.cc:173] XLA service 0x14bc33e960f0 initialized for platform CUDA (this does not guarantee that XLA will be used). Devices:
2025-02-11 12:35:59.710340: I tensorflow/compiler/xla/service/service.cc:181]   StreamExecutor device (0): NVIDIA A100-SXM4-40GB, Compute Capability 8.0
2025-02-11 12:35:59.710347: I tensorflow/compiler/xla/service/service.cc:181]   StreamExecutor device (1): NVIDIA A100-SXM4-40GB, Compute Capability 8.0
2025-02-11 12:35:59.710353: I tensorflow/compiler/xla/service/service.cc:181]   StreamExecutor device (2): NVIDIA A100-SXM4-40GB, Compute Capability 8.0
2025-02-11 12:35:59.710359: I tensorflow/compiler/xla/service/service.cc:181]   StreamExecutor device (3): NVIDIA A100-SXM4-40GB, Compute Capability 8.0
2025-02-11 12:35:59.716198: I tensorflow/compiler/mlir/tensorflow/utils/dump_mlir_util.cc:268] disabling MLIR crash reproducer, set env var `MLIR_CRASH_REPRODUCER_DIRECTORY` to enable.
2025-02-11 12:35:59.909660: I tensorflow/compiler/jit/xla_compilation_cache.cc:477] Compiled cluster using XLA!  This line is logged at most once for the lifetime of the process.
srun: Job 10966852 step creation still disabled, retrying (Requested nodes are busy)
srun: Job 10966852 step creation still disabled, retrying (Requested nodes are busy)
srun: Job 10966852 step creation still disabled, retrying (Requested nodes are busy)
srun: Job 10966852 step creation still disabled, retrying (Requested nodes are busy)
srun: Job 10966852 step creation still disabled, retrying (Requested nodes are busy)
srun: Job 10966852 step creation still disabled, retrying (Requested nodes are busy)
srun: Job 10966852 step creation still disabled, retrying (Requested nodes are busy)
srun: Job 10966852 step creation still disabled, retrying (Requested nodes are busy)
srun: Job 10966852 step creation still disabled, retrying (Requested nodes are busy)
srun: Job 10966852 step creation still disabled, retrying (Requested nodes are busy)
srun: Job 10966852 step creation still disabled, retrying (Requested nodes are busy)
srun: Job 10966852 step creation still disabled, retrying (Requested nodes are busy)
srun: Job 10966852 step creation still disabled, retrying (Requested nodes are busy)
srun: Job 10966852 step creation still disabled, retrying (Requested nodes are busy)
srun: Job 10966852 step creation still disabled, retrying (Requested nodes are busy)
srun: Job 10966852 step creation still disabled, retrying (Requested nodes are busy)
srun: Job 10966852 step creation still disabled, retrying (Requested nodes are busy)
srun: Job 10966852 step creation still disabled, retrying (Requested nodes are busy)
srun: Job 10966852 step creation still disabled, retrying (Requested nodes are busy)
srun: Job 10966852 step creation still disabled, retrying (Requested nodes are busy)
srun: Job 10966852 step creation still disabled, retrying (Requested nodes are busy)
srun: Job 10966852 step creation still disabled, retrying (Requested nodes are busy)
srun: Job 10966852 step creation still disabled, retrying (Requested nodes are busy)
srun: Job 10966852 step creation still disabled, retrying (Requested nodes are busy)
srun: Job 10966852 step creation still disabled, retrying (Requested nodes are busy)
srun: Job 10966852 step creation still disabled, retrying (Requested nodes are busy)
srun: Job 10966852 step creation still disabled, retrying (Requested nodes are busy)
srun: Job 10966852 step creation still disabled, retrying (Requested nodes are busy)
srun: Job 10966852 step creation still disabled, retrying (Requested nodes are busy)
srun: Job 10966852 step creation still disabled, retrying (Requested nodes are busy)
srun: Job 10966852 step creation still disabled, retrying (Requested nodes are busy)
srun: Job 10966852 step creation still disabled, retrying (Requested nodes are busy)
srun: Job 10966852 step creation still disabled, retrying (Requested nodes are busy)
srun: Job 10966852 step creation still disabled, retrying (Requested nodes are busy)
srun: Job 10966852 step creation still disabled, retrying (Requested nodes are busy)
srun: Job 10966852 step creation still disabled, retrying (Requested nodes are busy)
srun: Job 10966852 step creation still disabled, retrying (Requested nodes are busy)
srun: Job 10966852 step creation still disabled, retrying (Requested nodes are busy)
srun: Job 10966852 step creation still disabled, retrying (Requested nodes are busy)
srun: Job 10966852 step creation still disabled, retrying (Requested nodes are busy)
srun: Job 10966852 step creation still disabled, retrying (Requested nodes are busy)
srun: Job 10966852 step creation still disabled, retrying (Requested nodes are busy)
srun: Job 10966852 step creation still disabled, retrying (Requested nodes are busy)
srun: Job 10966852 step creation still disabled, retrying (Requested nodes are busy)
srun: Job 10966852 step creation still disabled, retrying (Requested nodes are busy)
srun: Job 10966852 step creation still disabled, retrying (Requested nodes are busy)
srun: Job 10966852 step creation still disabled, retrying (Requested nodes are busy)
srun: Job 10966852 step creation still disabled, retrying (Requested nodes are busy)
srun: Job 10966852 step creation still disabled, retrying (Requested nodes are busy)
srun: Job 10966852 step creation still disabled, retrying (Requested nodes are busy)
srun: Job 10966852 step creation still disabled, retrying (Requested nodes are busy)
srun: Job 10966852 step creation still disabled, retrying (Requested nodes are busy)
srun: Job 10966852 step creation still disabled, retrying (Requested nodes are busy)
srun: Job 10966852 step creation still disabled, retrying (Requested nodes are busy)
srun: Job 10966852 step creation still disabled, retrying (Requested nodes are busy)
srun: Job 10966852 step creation still disabled, retrying (Requested nodes are busy)
srun: Job 10966852 step creation still disabled, retrying (Requested nodes are busy)
srun: Job 10966852 step creation still disabled, retrying (Requested nodes are busy)
srun: Job 10966852 step creation still disabled, retrying (Requested nodes are busy)
srun: Job 10966852 step creation still disabled, retrying (Requested nodes are busy)
srun: Job 10966852 step creation still disabled, retrying (Requested nodes are busy)
srun: Job 10966852 step creation still disabled, retrying (Requested nodes are busy)
srun: Job 10966852 step creation still disabled, retrying (Requested nodes are busy)
srun: Job 10966852 step creation still disabled, retrying (Requested nodes are busy)
srun: Job 10966852 step creation still disabled, retrying (Requested nodes are busy)
srun: Job 10966852 step creation still disabled, retrying (Requested nodes are busy)
srun: Job 10966852 step creation still disabled, retrying (Requested nodes are busy)
srun: Job 10966852 step creation still disabled, retrying (Requested nodes are busy)
srun: Job 10966852 step creation still disabled, retrying (Requested nodes are busy)
srun: Job 10966852 step creation still disabled, retrying (Requested nodes are busy)
srun: Job 10966852 step creation still disabled, retrying (Requested nodes are busy)
srun: Job 10966852 step creation still disabled, retrying (Requested nodes are busy)
srun: Job 10966852 step creation still disabled, retrying (Requested nodes are busy)
srun: Job 10966852 step creation still disabled, retrying (Requested nodes are busy)
srun: Job 10966852 step creation still disabled, retrying (Requested nodes are busy)
srun: Job 10966852 step creation still disabled, retrying (Requested nodes are busy)
srun: Job 10966852 step creation still disabled, retrying (Requested nodes are busy)
srun: Job 10966852 step creation still disabled, retrying (Requested nodes are busy)
srun: Job 10966852 step creation still disabled, retrying (Requested nodes are busy)
srun: Job 10966852 step creation still disabled, retrying (Requested nodes are busy)
srun: Job 10966852 step creation still disabled, retrying (Requested nodes are busy)
srun: Job 10966852 step creation still disabled, retrying (Requested nodes are busy)
srun: Job 10966852 step creation still disabled, retrying (Requested nodes are busy)
srun: Job 10966852 step creation still disabled, retrying (Requested nodes are busy)
srun: Job 10966852 step creation still disabled, retrying (Requested nodes are busy)
srun: Job 10966852 step creation still disabled, retrying (Requested nodes are busy)
srun: Job 10966852 step creation still disabled, retrying (Requested nodes are busy)
srun: Job 10966852 step creation still disabled, retrying (Requested nodes are busy)
srun: Job 10966852 step creation still disabled, retrying (Requested nodes are busy)
srun: Job 10966852 step creation still disabled, retrying (Requested nodes are busy)
srun: Job 10966852 step creation still disabled, retrying (Requested nodes are busy)
srun: Job 10966852 step creation still disabled, retrying (Requested nodes are busy)
srun: Job 10966852 step creation still disabled, retrying (Requested nodes are busy)
srun: Step created for StepId=10966852.6
2025-02-11 13:39:04.042467: I tensorflow/core/common_runtime/gpu/gpu_device.cc:1613] Created device /job:localhost/replica:0/task:0/device:GPU:0 with 38482 MB memory:  -> device: 0, name: NVIDIA A100-SXM4-40GB, pci bus id: 0000:03:00.0, compute capability: 8.0
2025-02-11 13:39:04.044097: I tensorflow/core/common_runtime/gpu/gpu_device.cc:1613] Created device /job:localhost/replica:0/task:0/device:GPU:1 with 38482 MB memory:  -> device: 1, name: NVIDIA A100-SXM4-40GB, pci bus id: 0000:44:00.0, compute capability: 8.0
2025-02-11 13:39:04.045579: I tensorflow/core/common_runtime/gpu/gpu_device.cc:1613] Created device /job:localhost/replica:0/task:0/device:GPU:2 with 38482 MB memory:  -> device: 2, name: NVIDIA A100-SXM4-40GB, pci bus id: 0000:84:00.0, compute capability: 8.0
2025-02-11 13:39:04.046931: I tensorflow/core/common_runtime/gpu/gpu_device.cc:1613] Created device /job:localhost/replica:0/task:0/device:GPU:3 with 38482 MB memory:  -> device: 3, name: NVIDIA A100-SXM4-40GB, pci bus id: 0000:c4:00.0, compute capability: 8.0
srun: Job 10966852 step creation still disabled, retrying (Requested nodes are busy)
2025-02-11 13:39:36.736456: I tensorflow/compiler/xla/stream_executor/cuda/cuda_dnn.cc:428] Loaded cuDNN version 8600
2025-02-11 13:39:39.154284: I tensorflow/compiler/xla/stream_executor/cuda/cuda_dnn.cc:428] Loaded cuDNN version 8600
2025-02-11 13:39:40.473066: I tensorflow/compiler/xla/stream_executor/cuda/cuda_dnn.cc:428] Loaded cuDNN version 8600
2025-02-11 13:39:41.791407: I tensorflow/compiler/xla/stream_executor/cuda/cuda_dnn.cc:428] Loaded cuDNN version 8600
2025-02-11 13:39:54.386079: I tensorflow/compiler/xla/service/service.cc:173] XLA service 0x143df86abab0 initialized for platform CUDA (this does not guarantee that XLA will be used). Devices:
2025-02-11 13:39:54.386137: I tensorflow/compiler/xla/service/service.cc:181]   StreamExecutor device (0): NVIDIA A100-SXM4-40GB, Compute Capability 8.0
2025-02-11 13:39:54.386145: I tensorflow/compiler/xla/service/service.cc:181]   StreamExecutor device (1): NVIDIA A100-SXM4-40GB, Compute Capability 8.0
2025-02-11 13:39:54.386151: I tensorflow/compiler/xla/service/service.cc:181]   StreamExecutor device (2): NVIDIA A100-SXM4-40GB, Compute Capability 8.0
2025-02-11 13:39:54.386156: I tensorflow/compiler/xla/service/service.cc:181]   StreamExecutor device (3): NVIDIA A100-SXM4-40GB, Compute Capability 8.0
2025-02-11 13:39:54.391962: I tensorflow/compiler/mlir/tensorflow/utils/dump_mlir_util.cc:268] disabling MLIR crash reproducer, set env var `MLIR_CRASH_REPRODUCER_DIRECTORY` to enable.
2025-02-11 13:39:54.582175: I tensorflow/compiler/jit/xla_compilation_cache.cc:477] Compiled cluster using XLA!  This line is logged at most once for the lifetime of the process.
srun: Job 10966852 step creation still disabled, retrying (Requested nodes are busy)
srun: Job 10966852 step creation still disabled, retrying (Requested nodes are busy)
srun: Job 10966852 step creation still disabled, retrying (Requested nodes are busy)
srun: Job 10966852 step creation still disabled, retrying (Requested nodes are busy)
srun: Job 10966852 step creation still disabled, retrying (Requested nodes are busy)
srun: Job 10966852 step creation still disabled, retrying (Requested nodes are busy)
srun: Job 10966852 step creation still disabled, retrying (Requested nodes are busy)
srun: Job 10966852 step creation still disabled, retrying (Requested nodes are busy)
srun: Job 10966852 step creation still disabled, retrying (Requested nodes are busy)
srun: Job 10966852 step creation still disabled, retrying (Requested nodes are busy)
srun: Job 10966852 step creation still disabled, retrying (Requested nodes are busy)
srun: Job 10966852 step creation still disabled, retrying (Requested nodes are busy)
srun: Job 10966852 step creation still disabled, retrying (Requested nodes are busy)
srun: Job 10966852 step creation still disabled, retrying (Requested nodes are busy)
srun: Step created for StepId=10966852.7
srun: Step created for StepId=10966852.8
2025-02-11 13:54:30.498217: I tensorflow/core/common_runtime/gpu/gpu_device.cc:1613] Created device /job:localhost/replica:0/task:0/device:GPU:0 with 38482 MB memory:  -> device: 0, name: NVIDIA A100-SXM4-40GB, pci bus id: 0000:03:00.0, compute capability: 8.0
2025-02-11 13:54:30.499830: I tensorflow/core/common_runtime/gpu/gpu_device.cc:1613] Created device /job:localhost/replica:0/task:0/device:GPU:1 with 38482 MB memory:  -> device: 1, name: NVIDIA A100-SXM4-40GB, pci bus id: 0000:44:00.0, compute capability: 8.0
2025-02-11 13:54:30.501442: I tensorflow/core/common_runtime/gpu/gpu_device.cc:1613] Created device /job:localhost/replica:0/task:0/device:GPU:2 with 38482 MB memory:  -> device: 2, name: NVIDIA A100-SXM4-40GB, pci bus id: 0000:84:00.0, compute capability: 8.0
2025-02-11 13:54:30.503830: I tensorflow/core/common_runtime/gpu/gpu_device.cc:1613] Created device /job:localhost/replica:0/task:0/device:GPU:3 with 38482 MB memory:  -> device: 3, name: NVIDIA A100-SXM4-40GB, pci bus id: 0000:c4:00.0, compute capability: 8.0
2025-02-11 13:54:40.843476: I tensorflow/core/common_runtime/gpu/gpu_device.cc:1613] Created device /job:localhost/replica:0/task:0/device:GPU:0 with 38482 MB memory:  -> device: 0, name: NVIDIA A100-SXM4-40GB, pci bus id: 0000:03:00.0, compute capability: 8.0
2025-02-11 13:54:40.845126: I tensorflow/core/common_runtime/gpu/gpu_device.cc:1613] Created device /job:localhost/replica:0/task:0/device:GPU:1 with 38482 MB memory:  -> device: 1, name: NVIDIA A100-SXM4-40GB, pci bus id: 0000:44:00.0, compute capability: 8.0
2025-02-11 13:54:40.846718: I tensorflow/core/common_runtime/gpu/gpu_device.cc:1613] Created device /job:localhost/replica:0/task:0/device:GPU:2 with 38482 MB memory:  -> device: 2, name: NVIDIA A100-SXM4-40GB, pci bus id: 0000:84:00.0, compute capability: 8.0
2025-02-11 13:54:40.848188: I tensorflow/core/common_runtime/gpu/gpu_device.cc:1613] Created device /job:localhost/replica:0/task:0/device:GPU:3 with 38482 MB memory:  -> device: 3, name: NVIDIA A100-SXM4-40GB, pci bus id: 0000:c4:00.0, compute capability: 8.0
2025-02-11 13:55:03.310487: I tensorflow/compiler/xla/stream_executor/cuda/cuda_dnn.cc:428] Loaded cuDNN version 8600
2025-02-11 13:55:05.950074: I tensorflow/compiler/xla/stream_executor/cuda/cuda_dnn.cc:428] Loaded cuDNN version 8600
2025-02-11 13:55:07.339449: I tensorflow/compiler/xla/stream_executor/cuda/cuda_dnn.cc:428] Loaded cuDNN version 8600
2025-02-11 13:55:08.726705: I tensorflow/compiler/xla/stream_executor/cuda/cuda_dnn.cc:428] Loaded cuDNN version 8600
2025-02-11 13:55:13.268170: I tensorflow/compiler/xla/stream_executor/cuda/cuda_dnn.cc:428] Loaded cuDNN version 8600
2025-02-11 13:55:15.906145: I tensorflow/compiler/xla/stream_executor/cuda/cuda_dnn.cc:428] Loaded cuDNN version 8600
2025-02-11 13:55:17.310065: I tensorflow/compiler/xla/stream_executor/cuda/cuda_dnn.cc:428] Loaded cuDNN version 8600
2025-02-11 13:55:18.701397: I tensorflow/compiler/xla/stream_executor/cuda/cuda_dnn.cc:428] Loaded cuDNN version 8600
2025-02-11 13:55:22.261230: I tensorflow/compiler/xla/service/service.cc:173] XLA service 0x150f04b2ff60 initialized for platform CUDA (this does not guarantee that XLA will be used). Devices:
2025-02-11 13:55:22.261288: I tensorflow/compiler/xla/service/service.cc:181]   StreamExecutor device (0): NVIDIA A100-SXM4-40GB, Compute Capability 8.0
2025-02-11 13:55:22.261295: I tensorflow/compiler/xla/service/service.cc:181]   StreamExecutor device (1): NVIDIA A100-SXM4-40GB, Compute Capability 8.0
2025-02-11 13:55:22.261301: I tensorflow/compiler/xla/service/service.cc:181]   StreamExecutor device (2): NVIDIA A100-SXM4-40GB, Compute Capability 8.0
2025-02-11 13:55:22.261309: I tensorflow/compiler/xla/service/service.cc:181]   StreamExecutor device (3): NVIDIA A100-SXM4-40GB, Compute Capability 8.0
2025-02-11 13:55:22.267138: I tensorflow/compiler/mlir/tensorflow/utils/dump_mlir_util.cc:268] disabling MLIR crash reproducer, set env var `MLIR_CRASH_REPRODUCER_DIRECTORY` to enable.
2025-02-11 13:55:22.459502: I tensorflow/compiler/jit/xla_compilation_cache.cc:477] Compiled cluster using XLA!  This line is logged at most once for the lifetime of the process.
2025-02-11 13:55:31.743240: I tensorflow/compiler/xla/service/service.cc:173] XLA service 0x1469bc690820 initialized for platform CUDA (this does not guarantee that XLA will be used). Devices:
2025-02-11 13:55:31.743309: I tensorflow/compiler/xla/service/service.cc:181]   StreamExecutor device (0): NVIDIA A100-SXM4-40GB, Compute Capability 8.0
2025-02-11 13:55:31.743316: I tensorflow/compiler/xla/service/service.cc:181]   StreamExecutor device (1): NVIDIA A100-SXM4-40GB, Compute Capability 8.0
2025-02-11 13:55:31.743324: I tensorflow/compiler/xla/service/service.cc:181]   StreamExecutor device (2): NVIDIA A100-SXM4-40GB, Compute Capability 8.0
2025-02-11 13:55:31.743329: I tensorflow/compiler/xla/service/service.cc:181]   StreamExecutor device (3): NVIDIA A100-SXM4-40GB, Compute Capability 8.0
2025-02-11 13:55:31.749313: I tensorflow/compiler/mlir/tensorflow/utils/dump_mlir_util.cc:268] disabling MLIR crash reproducer, set env var `MLIR_CRASH_REPRODUCER_DIRECTORY` to enable.
2025-02-11 13:55:31.940364: I tensorflow/compiler/jit/xla_compilation_cache.cc:477] Compiled cluster using XLA!  This line is logged at most once for the lifetime of the process.
