All necessary directories have been created or already exist.
No lead day provided. Using default hyperparameters - LR: 0.0001, BS: 32, DROPOUT: 0.0, UNET_TYPE: unet-l
Running DL_TRAIN.py for day02 with dropout=0, lr=0.00001, bs=2, unet_type=unet-trans-l ...
Running DL_TRAIN.py for day02 with dropout=0, lr=0.00001, bs=4, unet_type=unet-trans-l ...
Running DL_TRAIN.py for day02 with dropout=0, lr=0.00001, bs=8, unet_type=unet-trans-l ...
Running DL_TRAIN.py for day02 with dropout=0, lr=0.0001, bs=2, unet_type=unet-trans-l ...
Running DL_TRAIN.py for day02 with dropout=0, lr=0.0001, bs=4, unet_type=unet-trans-l ...
Running DL_TRAIN.py for day02 with dropout=0, lr=0.0001, bs=8, unet_type=unet-trans-l ...
Running DL_TRAIN.py for day02 with dropout=0, lr=0.001, bs=2, unet_type=unet-trans-l ...
Running DL_TRAIN.py for day02 with dropout=0, lr=0.001, bs=4, unet_type=unet-trans-l ...
Running DL_TRAIN.py for day02 with dropout=0, lr=0.001, bs=8, unet_type=unet-trans-l ...
train_data_hourly_pr_['ADAPTER_DE05.day02.merged.nc']_['ADAPTER_DE05.day01.merged.nc']_MM_1__model_only_128.256_2018-01-01T13_2022-12-31T23_no_na_land
Loading training data...
Data loaded!
mse_64_1e-05_1e-17_0.5_4_8_16_0.5_80_0.0_unet-trans-l_day02
Training the model...
train_data_hourly_pr_['ADAPTER_DE05.day02.merged.nc']_['ADAPTER_DE05.day01.merged.nc']_MM_1__model_only_128.256_2018-01-01T13_2022-12-31T23_no_na_land
Loading training data...
Data loaded!
mse_64_0.0001_1e-17_0.5_4_8_16_0.5_80_0.0_unet-trans-l_day02
Training the model...
train_data_hourly_pr_['ADAPTER_DE05.day02.merged.nc']_['ADAPTER_DE05.day01.merged.nc']_MM_1__model_only_128.256_2018-01-01T13_2022-12-31T23_no_na_land
Loading training data...
Data loaded!
mse_64_0.001_1e-17_0.5_4_8_16_0.5_80_0.0_unet-trans-l_day02
Training the model...
