All necessary directories have been created or already exist.
No lead day provided. Using default hyperparameters - LR: 0.0001, BS: 32, DROPOUT: 0, UNET_TYPE: unet-l
Running DL_TRAIN.py for day05 with dropout=0.4, lr=0.00001, bs=1, unet_type=unet-s ...
Running DL_TRAIN.py for day05 with dropout=0.4, lr=0.00001, bs=2, unet_type=unet-s ...
Running DL_TRAIN.py for day05 with dropout=0.4, lr=0.00001, bs=4, unet_type=unet-s ...
Running DL_TRAIN.py for day05 with dropout=0.4, lr=0.00001, bs=8, unet_type=unet-s ...
Running DL_TRAIN.py for day05 with dropout=0.4, lr=0.0001, bs=1, unet_type=unet-s ...
Running DL_TRAIN.py for day05 with dropout=0.4, lr=0.0001, bs=2, unet_type=unet-s ...
Running DL_TRAIN.py for day05 with dropout=0.4, lr=0.0001, bs=4, unet_type=unet-s ...
Running DL_TRAIN.py for day05 with dropout=0.4, lr=0.0001, bs=8, unet_type=unet-s ...
Running DL_TRAIN.py for day05 with dropout=0.4, lr=0.001, bs=1, unet_type=unet-s ...
Running DL_TRAIN.py for day05 with dropout=0.4, lr=0.001, bs=2, unet_type=unet-s ...
Running DL_TRAIN.py for day05 with dropout=0.4, lr=0.001, bs=4, unet_type=unet-s ...
Running DL_TRAIN.py for day05 with dropout=0.4, lr=0.001, bs=8, unet_type=unet-s ...
Running DL_TRAIN.py for day05 with dropout=0.4, lr=0.01, bs=1, unet_type=unet-s ...
Running DL_TRAIN.py for day05 with dropout=0.4, lr=0.01, bs=2, unet_type=unet-s ...
Running DL_TRAIN.py for day05 with dropout=0.4, lr=0.01, bs=4, unet_type=unet-s ...
Running DL_TRAIN.py for day05 with dropout=0.4, lr=0.01, bs=8, unet_type=unet-s ...
train_data_hourly_pr_['ADAPTER_DE05.day05.merged.nc']_['ADAPTER_DE05.day01.merged.nc']_MM_6__spatiotemporal_128.256_2018-01-01T13_2022-12-31T23_no_na_land
Loading training data...
Data loaded!
mse_64_1e-05_1e-17_0.5_4_8_16_0.5_128_0.4_unet-s_day05
Training the model...

Epoch 1: val_loss improved from inf to 0.20418, saving model to /p/project1/cesmtst/patakchiyousefi1/HPT/mse_64_1e-05_1e-17_0.5_4_8_16_0.5_128_0.4_unet-s_day05.h5
train_data_hourly_pr_['ADAPTER_DE05.day05.merged.nc']_['ADAPTER_DE05.day01.merged.nc']_MM_6__spatiotemporal_128.256_2018-01-01T13_2022-12-31T23_no_na_land
Loading training data...
Data loaded!
mse_64_1e-05_1e-17_0.5_4_4_16_0.5_128_0.4_unet-s_day05
Training the model...

Epoch 1: val_loss improved from inf to 0.03675, saving model to /p/project1/cesmtst/patakchiyousefi1/HPT/mse_64_1e-05_1e-17_0.5_4_4_16_0.5_128_0.4_unet-s_day05.h5
train_data_hourly_pr_['ADAPTER_DE05.day05.merged.nc']_['ADAPTER_DE05.day01.merged.nc']_MM_6__spatiotemporal_128.256_2018-01-01T13_2022-12-31T23_no_na_land
Loading training data...
Data loaded!
mse_64_0.0001_1e-17_0.5_4_8_16_0.5_128_0.4_unet-s_day05
Training the model...

Epoch 1: val_loss improved from inf to 0.18531, saving model to /p/project1/cesmtst/patakchiyousefi1/HPT/mse_64_0.0001_1e-17_0.5_4_8_16_0.5_128_0.4_unet-s_day05.h5
train_data_hourly_pr_['ADAPTER_DE05.day05.merged.nc']_['ADAPTER_DE05.day01.merged.nc']_MM_6__spatiotemporal_128.256_2018-01-01T13_2022-12-31T23_no_na_land
Loading training data...
Data loaded!
mse_64_0.0001_1e-17_0.5_4_4_16_0.5_128_0.4_unet-s_day05
Training the model...

Epoch 1: val_loss improved from inf to 0.24062, saving model to /p/project1/cesmtst/patakchiyousefi1/HPT/mse_64_0.0001_1e-17_0.5_4_4_16_0.5_128_0.4_unet-s_day05.h5

Epoch 2: val_loss improved from 0.20418 to 0.15193, saving model to /p/project1/cesmtst/patakchiyousefi1/HPT/mse_64_1e-05_1e-17_0.5_4_8_16_0.5_128_0.4_unet-s_day05.h5
train_data_hourly_pr_['ADAPTER_DE05.day05.merged.nc']_['ADAPTER_DE05.day01.merged.nc']_MM_6__spatiotemporal_128.256_2018-01-01T13_2022-12-31T23_no_na_land
Loading training data...
Data loaded!
mse_64_0.001_1e-17_0.5_4_8_16_0.5_128_0.4_unet-s_day05
Training the model...

Epoch 1: val_loss improved from inf to 0.00012, saving model to /p/project1/cesmtst/patakchiyousefi1/HPT/mse_64_0.001_1e-17_0.5_4_8_16_0.5_128_0.4_unet-s_day05.h5
train_data_hourly_pr_['ADAPTER_DE05.day05.merged.nc']_['ADAPTER_DE05.day01.merged.nc']_MM_6__spatiotemporal_128.256_2018-01-01T13_2022-12-31T23_no_na_land
Loading training data...
Data loaded!
mse_64_1e-05_1e-17_0.5_4_2_16_0.5_128_0.4_unet-s_day05
Training the model...

Epoch 1: val_loss improved from inf to 0.27226, saving model to /p/project1/cesmtst/patakchiyousefi1/HPT/mse_64_1e-05_1e-17_0.5_4_2_16_0.5_128_0.4_unet-s_day05.h5
train_data_hourly_pr_['ADAPTER_DE05.day05.merged.nc']_['ADAPTER_DE05.day01.merged.nc']_MM_6__spatiotemporal_128.256_2018-01-01T13_2022-12-31T23_no_na_land
Loading training data...
Data loaded!
mse_64_0.001_1e-17_0.5_4_4_16_0.5_128_0.4_unet-s_day05
Training the model...

Epoch 1: val_loss improved from inf to 0.02652, saving model to /p/project1/cesmtst/patakchiyousefi1/HPT/mse_64_0.001_1e-17_0.5_4_4_16_0.5_128_0.4_unet-s_day05.h5

Epoch 2: val_loss improved from 0.18531 to 0.14839, saving model to /p/project1/cesmtst/patakchiyousefi1/HPT/mse_64_0.0001_1e-17_0.5_4_8_16_0.5_128_0.4_unet-s_day05.h5
train_data_hourly_pr_['ADAPTER_DE05.day05.merged.nc']_['ADAPTER_DE05.day01.merged.nc']_MM_6__spatiotemporal_128.256_2018-01-01T13_2022-12-31T23_no_na_land
Loading training data...
Data loaded!
mse_64_0.01_1e-17_0.5_4_8_16_0.5_128_0.4_unet-s_day05
Training the model...

Epoch 1: val_loss improved from inf to 0.00018, saving model to /p/project1/cesmtst/patakchiyousefi1/HPT/mse_64_0.01_1e-17_0.5_4_8_16_0.5_128_0.4_unet-s_day05.h5
train_data_hourly_pr_['ADAPTER_DE05.day05.merged.nc']_['ADAPTER_DE05.day01.merged.nc']_MM_6__spatiotemporal_128.256_2018-01-01T13_2022-12-31T23_no_na_land
Loading training data...
Data loaded!
mse_64_0.0001_1e-17_0.5_4_2_16_0.5_128_0.4_unet-s_day05
Training the model...

Epoch 1: val_loss improved from inf to 0.03412, saving model to /p/project1/cesmtst/patakchiyousefi1/HPT/mse_64_0.0001_1e-17_0.5_4_2_16_0.5_128_0.4_unet-s_day05.h5
train_data_hourly_pr_['ADAPTER_DE05.day05.merged.nc']_['ADAPTER_DE05.day01.merged.nc']_MM_6__spatiotemporal_128.256_2018-01-01T13_2022-12-31T23_no_na_land
Loading training data...
Data loaded!
mse_64_0.01_1e-17_0.5_4_4_16_0.5_128_0.4_unet-s_day05
Training the model...

Epoch 1: val_loss improved from inf to 0.00018, saving model to /p/project1/cesmtst/patakchiyousefi1/HPT/mse_64_0.01_1e-17_0.5_4_4_16_0.5_128_0.4_unet-s_day05.h5

Epoch 2: val_loss improved from 0.00012 to 0.00012, saving model to /p/project1/cesmtst/patakchiyousefi1/HPT/mse_64_0.001_1e-17_0.5_4_8_16_0.5_128_0.4_unet-s_day05.h5

Epoch 3: val_loss improved from 0.15193 to 0.13274, saving model to /p/project1/cesmtst/patakchiyousefi1/HPT/mse_64_1e-05_1e-17_0.5_4_8_16_0.5_128_0.4_unet-s_day05.h5

Epoch 3: val_loss improved from 0.14839 to 0.14526, saving model to /p/project1/cesmtst/patakchiyousefi1/HPT/mse_64_0.0001_1e-17_0.5_4_8_16_0.5_128_0.4_unet-s_day05.h5
train_data_hourly_pr_['ADAPTER_DE05.day05.merged.nc']_['ADAPTER_DE05.day01.merged.nc']_MM_6__spatiotemporal_128.256_2018-01-01T13_2022-12-31T23_no_na_land
Loading training data...
Data loaded!
mse_64_0.001_1e-17_0.5_4_2_16_0.5_128_0.4_unet-s_day05
Training the model...

Epoch 1: val_loss improved from inf to 0.01113, saving model to /p/project1/cesmtst/patakchiyousefi1/HPT/mse_64_0.001_1e-17_0.5_4_2_16_0.5_128_0.4_unet-s_day05.h5

Epoch 2: val_loss improved from 0.00018 to 0.00010, saving model to /p/project1/cesmtst/patakchiyousefi1/HPT/mse_64_0.01_1e-17_0.5_4_8_16_0.5_128_0.4_unet-s_day05.h5

Epoch 2: val_loss improved from 0.03675 to 0.02508, saving model to /p/project1/cesmtst/patakchiyousefi1/HPT/mse_64_1e-05_1e-17_0.5_4_4_16_0.5_128_0.4_unet-s_day05.h5

Epoch 2: val_loss improved from 0.02652 to 0.00073, saving model to /p/project1/cesmtst/patakchiyousefi1/HPT/mse_64_0.001_1e-17_0.5_4_4_16_0.5_128_0.4_unet-s_day05.h5
train_data_hourly_pr_['ADAPTER_DE05.day05.merged.nc']_['ADAPTER_DE05.day01.merged.nc']_MM_6__spatiotemporal_128.256_2018-01-01T13_2022-12-31T23_no_na_land
Loading training data...
Data loaded!
mse_64_0.01_1e-17_0.5_4_2_16_0.5_128_0.4_unet-s_day05
Training the model...

Epoch 1: val_loss improved from inf to 0.00021, saving model to /p/project1/cesmtst/patakchiyousefi1/HPT/mse_64_0.01_1e-17_0.5_4_2_16_0.5_128_0.4_unet-s_day05.h5
train_data_hourly_pr_['ADAPTER_DE05.day05.merged.nc']_['ADAPTER_DE05.day01.merged.nc']_MM_6__spatiotemporal_128.256_2018-01-01T13_2022-12-31T23_no_na_land
Loading training data...
Data loaded!
mse_64_1e-05_1e-17_0.5_4_1_16_0.5_128_0.4_unet-s_day05
Training the model...

Epoch 1: val_loss improved from inf to 0.08059, saving model to /p/project1/cesmtst/patakchiyousefi1/HPT/mse_64_1e-05_1e-17_0.5_4_1_16_0.5_128_0.4_unet-s_day05.h5

Epoch 2: val_loss did not improve from 0.24062

Epoch 4: val_loss improved from 0.13274 to 0.11659, saving model to /p/project1/cesmtst/patakchiyousefi1/HPT/mse_64_1e-05_1e-17_0.5_4_8_16_0.5_128_0.4_unet-s_day05.h5

Epoch 4: val_loss did not improve from 0.14526

Epoch 2: val_loss improved from 0.00018 to 0.00010, saving model to /p/project1/cesmtst/patakchiyousefi1/HPT/mse_64_0.01_1e-17_0.5_4_4_16_0.5_128_0.4_unet-s_day05.h5
train_data_hourly_pr_['ADAPTER_DE05.day05.merged.nc']_['ADAPTER_DE05.day01.merged.nc']_MM_6__spatiotemporal_128.256_2018-01-01T13_2022-12-31T23_no_na_land
Loading training data...
Data loaded!
mse_64_0.0001_1e-17_0.5_4_1_16_0.5_128_0.4_unet-s_day05
Training the model...

Epoch 1: val_loss improved from inf to 0.01113, saving model to /p/project1/cesmtst/patakchiyousefi1/HPT/mse_64_0.0001_1e-17_0.5_4_1_16_0.5_128_0.4_unet-s_day05.h5

Epoch 3: val_loss did not improve from 0.00012

Epoch 2: val_loss improved from 0.27226 to 0.16890, saving model to /p/project1/cesmtst/patakchiyousefi1/HPT/mse_64_1e-05_1e-17_0.5_4_2_16_0.5_128_0.4_unet-s_day05.h5

Epoch 3: val_loss did not improve from 0.00010

Epoch 3: val_loss did not improve from 0.02508

Epoch 2: val_loss improved from 0.03412 to 0.01684, saving model to /p/project1/cesmtst/patakchiyousefi1/HPT/mse_64_0.0001_1e-17_0.5_4_2_16_0.5_128_0.4_unet-s_day05.h5
train_data_hourly_pr_['ADAPTER_DE05.day05.merged.nc']_['ADAPTER_DE05.day01.merged.nc']_MM_6__spatiotemporal_128.256_2018-01-01T13_2022-12-31T23_no_na_land
Loading training data...
Data loaded!
mse_64_0.001_1e-17_0.5_4_1_16_0.5_128_0.4_unet-s_day05
Training the model...

Epoch 1: val_loss improved from inf to 0.00320, saving model to /p/project1/cesmtst/patakchiyousefi1/HPT/mse_64_0.001_1e-17_0.5_4_1_16_0.5_128_0.4_unet-s_day05.h5

Epoch 5: val_loss improved from 0.11659 to 0.10478, saving model to /p/project1/cesmtst/patakchiyousefi1/HPT/mse_64_1e-05_1e-17_0.5_4_8_16_0.5_128_0.4_unet-s_day05.h5

Epoch 5: val_loss did not improve from 0.14526

Epoch 3: val_loss improved from 0.00073 to 0.00047, saving model to /p/project1/cesmtst/patakchiyousefi1/HPT/mse_64_0.001_1e-17_0.5_4_4_16_0.5_128_0.4_unet-s_day05.h5

Epoch 4: val_loss did not improve from 0.00012

Epoch 4: val_loss did not improve from 0.00010
train_data_hourly_pr_['ADAPTER_DE05.day05.merged.nc']_['ADAPTER_DE05.day01.merged.nc']_MM_6__spatiotemporal_128.256_2018-01-01T13_2022-12-31T23_no_na_land
Loading training data...
Data loaded!
mse_64_0.01_1e-17_0.5_4_1_16_0.5_128_0.4_unet-s_day05
Training the model...

Epoch 1: val_loss improved from inf to 0.00041, saving model to /p/project1/cesmtst/patakchiyousefi1/HPT/mse_64_0.01_1e-17_0.5_4_1_16_0.5_128_0.4_unet-s_day05.h5

Epoch 3: val_loss did not improve from 0.24062

Epoch 3: val_loss did not improve from 0.00010

Epoch 2: val_loss improved from 0.01113 to 0.00045, saving model to /p/project1/cesmtst/patakchiyousefi1/HPT/mse_64_0.001_1e-17_0.5_4_2_16_0.5_128_0.4_unet-s_day05.h5

Epoch 6: val_loss improved from 0.10478 to 0.09930, saving model to /p/project1/cesmtst/patakchiyousefi1/HPT/mse_64_1e-05_1e-17_0.5_4_8_16_0.5_128_0.4_unet-s_day05.h5

Epoch 6: val_loss did not improve from 0.14526

Epoch 5: val_loss did not improve from 0.00012

Epoch 5: val_loss did not improve from 0.00010

Epoch 2: val_loss improved from 0.00021 to 0.00017, saving model to /p/project1/cesmtst/patakchiyousefi1/HPT/mse_64_0.01_1e-17_0.5_4_2_16_0.5_128_0.4_unet-s_day05.h5

Epoch 4: val_loss did not improve from 0.02508

Epoch 4: val_loss did not improve from 0.00047

Epoch 3: val_loss improved from 0.16890 to 0.12579, saving model to /p/project1/cesmtst/patakchiyousefi1/HPT/mse_64_1e-05_1e-17_0.5_4_2_16_0.5_128_0.4_unet-s_day05.h5

Epoch 4: val_loss did not improve from 0.24062

Epoch 7: val_loss improved from 0.09930 to 0.08921, saving model to /p/project1/cesmtst/patakchiyousefi1/HPT/mse_64_1e-05_1e-17_0.5_4_8_16_0.5_128_0.4_unet-s_day05.h5

Epoch 7: val_loss did not improve from 0.14526

Epoch 4: val_loss did not improve from 0.00010

Epoch 6: val_loss did not improve from 0.00012

Epoch 6: val_loss did not improve from 0.00010

Epoch 3: val_loss did not improve from 0.01684

Epoch 5: val_loss improved from 0.02508 to 0.02425, saving model to /p/project1/cesmtst/patakchiyousefi1/HPT/mse_64_1e-05_1e-17_0.5_4_4_16_0.5_128_0.4_unet-s_day05.h5

Epoch 8: val_loss improved from 0.08921 to 0.07939, saving model to /p/project1/cesmtst/patakchiyousefi1/HPT/mse_64_1e-05_1e-17_0.5_4_8_16_0.5_128_0.4_unet-s_day05.h5

Epoch 8: val_loss did not improve from 0.14526

Epoch 5: val_loss did not improve from 0.00047

Epoch 7: val_loss did not improve from 0.00012

Epoch 3: val_loss did not improve from 0.00045

Epoch 7: val_loss improved from 0.00010 to 0.00008, saving model to /p/project1/cesmtst/patakchiyousefi1/HPT/mse_64_0.01_1e-17_0.5_4_8_16_0.5_128_0.4_unet-s_day05.h5

Epoch 2: val_loss improved from 0.08059 to 0.06769, saving model to /p/project1/cesmtst/patakchiyousefi1/HPT/mse_64_1e-05_1e-17_0.5_4_1_16_0.5_128_0.4_unet-s_day05.h5

Epoch 5: val_loss did not improve from 0.24062

Epoch 5: val_loss did not improve from 0.00010

Epoch 2: val_loss improved from 0.01113 to 0.00104, saving model to /p/project1/cesmtst/patakchiyousefi1/HPT/mse_64_0.0001_1e-17_0.5_4_1_16_0.5_128_0.4_unet-s_day05.h5

Epoch 3: val_loss improved from 0.00017 to 0.00008, saving model to /p/project1/cesmtst/patakchiyousefi1/HPT/mse_64_0.01_1e-17_0.5_4_2_16_0.5_128_0.4_unet-s_day05.h5

Epoch 9: val_loss did not improve from 0.14526

Epoch 9: val_loss improved from 0.07939 to 0.07525, saving model to /p/project1/cesmtst/patakchiyousefi1/HPT/mse_64_1e-05_1e-17_0.5_4_8_16_0.5_128_0.4_unet-s_day05.h5

Epoch 8: val_loss did not improve from 0.00012

Epoch 4: val_loss improved from 0.12579 to 0.05856, saving model to /p/project1/cesmtst/patakchiyousefi1/HPT/mse_64_1e-05_1e-17_0.5_4_2_16_0.5_128_0.4_unet-s_day05.h5

Epoch 6: val_loss did not improve from 0.02425

Epoch 2: val_loss improved from 0.00320 to 0.00117, saving model to /p/project1/cesmtst/patakchiyousefi1/HPT/mse_64_0.001_1e-17_0.5_4_1_16_0.5_128_0.4_unet-s_day05.h5

Epoch 6: val_loss improved from 0.00047 to 0.00016, saving model to /p/project1/cesmtst/patakchiyousefi1/HPT/mse_64_0.001_1e-17_0.5_4_4_16_0.5_128_0.4_unet-s_day05.h5

Epoch 8: val_loss did not improve from 0.00008

Epoch 6: val_loss did not improve from 0.24062

Epoch 10: val_loss did not improve from 0.14526

Epoch 10: val_loss improved from 0.07525 to 0.07213, saving model to /p/project1/cesmtst/patakchiyousefi1/HPT/mse_64_1e-05_1e-17_0.5_4_8_16_0.5_128_0.4_unet-s_day05.h5

Epoch 4: val_loss improved from 0.01684 to 0.00639, saving model to /p/project1/cesmtst/patakchiyousefi1/HPT/mse_64_0.0001_1e-17_0.5_4_2_16_0.5_128_0.4_unet-s_day05.h5

Epoch 6: val_loss did not improve from 0.00010

Epoch 9: val_loss did not improve from 0.00012

Epoch 2: val_loss improved from 0.00041 to 0.00022, saving model to /p/project1/cesmtst/patakchiyousefi1/HPT/mse_64_0.01_1e-17_0.5_4_1_16_0.5_128_0.4_unet-s_day05.h5

Epoch 9: val_loss did not improve from 0.00008

Epoch 4: val_loss improved from 0.00045 to 0.00018, saving model to /p/project1/cesmtst/patakchiyousefi1/HPT/mse_64_0.001_1e-17_0.5_4_2_16_0.5_128_0.4_unet-s_day05.h5

Epoch 7: val_loss did not improve from 0.02425

Epoch 11: val_loss did not improve from 0.14526

Epoch 11: val_loss did not improve from 0.07213

Epoch 10: val_loss did not improve from 0.00012

Epoch 7: val_loss improved from 0.00016 to 0.00012, saving model to /p/project1/cesmtst/patakchiyousefi1/HPT/mse_64_0.001_1e-17_0.5_4_4_16_0.5_128_0.4_unet-s_day05.h5

Epoch 7: val_loss improved from 0.24062 to 0.21160, saving model to /p/project1/cesmtst/patakchiyousefi1/HPT/mse_64_0.0001_1e-17_0.5_4_4_16_0.5_128_0.4_unet-s_day05.h5

Epoch 4: val_loss did not improve from 0.00008

Epoch 7: val_loss did not improve from 0.00010

Epoch 10: val_loss did not improve from 0.00008

Epoch 5: val_loss improved from 0.05856 to 0.02751, saving model to /p/project1/cesmtst/patakchiyousefi1/HPT/mse_64_1e-05_1e-17_0.5_4_2_16_0.5_128_0.4_unet-s_day05.h5

Epoch 12: val_loss did not improve from 0.07213

Epoch 11: val_loss did not improve from 0.00012

Epoch 8: val_loss did not improve from 0.02425

Epoch 12: val_loss improved from 0.14526 to 0.05747, saving model to /p/project1/cesmtst/patakchiyousefi1/HPT/mse_64_0.0001_1e-17_0.5_4_8_16_0.5_128_0.4_unet-s_day05.h5

Epoch 8: val_loss did not improve from 0.00012

Epoch 5: val_loss improved from 0.00639 to 0.00238, saving model to /p/project1/cesmtst/patakchiyousefi1/HPT/mse_64_0.0001_1e-17_0.5_4_2_16_0.5_128_0.4_unet-s_day05.h5

Epoch 11: val_loss did not improve from 0.00008

Epoch 8: val_loss improved from 0.21160 to 0.10220, saving model to /p/project1/cesmtst/patakchiyousefi1/HPT/mse_64_0.0001_1e-17_0.5_4_4_16_0.5_128_0.4_unet-s_day05.h5

Epoch 3: val_loss improved from 0.06769 to 0.02184, saving model to /p/project1/cesmtst/patakchiyousefi1/HPT/mse_64_1e-05_1e-17_0.5_4_1_16_0.5_128_0.4_unet-s_day05.h5

Epoch 13: val_loss did not improve from 0.07213

Epoch 12: val_loss did not improve from 0.00012

Epoch 8: val_loss did not improve from 0.00010

Epoch 3: val_loss improved from 0.00104 to 0.00046, saving model to /p/project1/cesmtst/patakchiyousefi1/HPT/mse_64_0.0001_1e-17_0.5_4_1_16_0.5_128_0.4_unet-s_day05.h5

Epoch 13: val_loss did not improve from 0.05747

Epoch 12: val_loss did not improve from 0.00008

Epoch 5: val_loss did not improve from 0.00018

Epoch 9: val_loss did not improve from 0.02425

Epoch 14: val_loss did not improve from 0.07213

Epoch 13: val_loss did not improve from 0.00012

Epoch 9: val_loss did not improve from 0.00012

Epoch 3: val_loss did not improve from 0.00117

Epoch 5: val_loss did not improve from 0.00008

Epoch 9: val_loss improved from 0.10220 to 0.08010, saving model to /p/project1/cesmtst/patakchiyousefi1/HPT/mse_64_0.0001_1e-17_0.5_4_4_16_0.5_128_0.4_unet-s_day05.h5

Epoch 6: val_loss did not improve from 0.02751

Epoch 14: val_loss improved from 0.05747 to 0.03535, saving model to /p/project1/cesmtst/patakchiyousefi1/HPT/mse_64_0.0001_1e-17_0.5_4_8_16_0.5_128_0.4_unet-s_day05.h5

Epoch 9: val_loss did not improve from 0.00010

Epoch 3: val_loss improved from 0.00022 to 0.00018, saving model to /p/project1/cesmtst/patakchiyousefi1/HPT/mse_64_0.01_1e-17_0.5_4_1_16_0.5_128_0.4_unet-s_day05.h5

Epoch 15: val_loss did not improve from 0.07213

Epoch 14: val_loss did not improve from 0.00012

Epoch 13: val_loss did not improve from 0.00008

Epoch 6: val_loss improved from 0.00238 to 0.00012, saving model to /p/project1/cesmtst/patakchiyousefi1/HPT/mse_64_0.0001_1e-17_0.5_4_2_16_0.5_128_0.4_unet-s_day05.h5

Epoch 10: val_loss did not improve from 0.02425

Epoch 15: val_loss did not improve from 0.03535

Epoch 10: val_loss improved from 0.00012 to 0.00008, saving model to /p/project1/cesmtst/patakchiyousefi1/HPT/mse_64_0.001_1e-17_0.5_4_4_16_0.5_128_0.4_unet-s_day05.h5

Epoch 16: val_loss did not improve from 0.07213

Epoch 15: val_loss did not improve from 0.00012

Epoch 10: val_loss did not improve from 0.00010

Epoch 14: val_loss did not improve from 0.00008

Epoch 6: val_loss did not improve from 0.00018

Epoch 11: val_loss did not improve from 0.02425

Epoch 16: val_loss improved from 0.03535 to 0.03182, saving model to /p/project1/cesmtst/patakchiyousefi1/HPT/mse_64_0.0001_1e-17_0.5_4_8_16_0.5_128_0.4_unet-s_day05.h5

Epoch 6: val_loss did not improve from 0.00008

Epoch 7: val_loss did not improve from 0.02751

Epoch 17: val_loss did not improve from 0.07213

Epoch 16: val_loss did not improve from 0.00012

Epoch 11: val_loss did not improve from 0.00008

Epoch 15: val_loss did not improve from 0.00008

Epoch 10: val_loss improved from 0.08010 to 0.04312, saving model to /p/project1/cesmtst/patakchiyousefi1/HPT/mse_64_0.0001_1e-17_0.5_4_4_16_0.5_128_0.4_unet-s_day05.h5

Epoch 4: val_loss improved from 0.02184 to 0.00797, saving model to /p/project1/cesmtst/patakchiyousefi1/HPT/mse_64_1e-05_1e-17_0.5_4_1_16_0.5_128_0.4_unet-s_day05.h5

Epoch 7: val_loss did not improve from 0.00012

Epoch 17: val_loss improved from 0.03182 to 0.02791, saving model to /p/project1/cesmtst/patakchiyousefi1/HPT/mse_64_0.0001_1e-17_0.5_4_8_16_0.5_128_0.4_unet-s_day05.h5

Epoch 4: val_loss improved from 0.00046 to 0.00011, saving model to /p/project1/cesmtst/patakchiyousefi1/HPT/mse_64_0.0001_1e-17_0.5_4_1_16_0.5_128_0.4_unet-s_day05.h5

Epoch 18: val_loss improved from 0.07213 to 0.05901, saving model to /p/project1/cesmtst/patakchiyousefi1/HPT/mse_64_1e-05_1e-17_0.5_4_8_16_0.5_128_0.4_unet-s_day05.h5

Epoch 17: val_loss did not improve from 0.00012

Epoch 16: val_loss did not improve from 0.00008

Epoch 12: val_loss did not improve from 0.02425

Epoch 12: val_loss did not improve from 0.00008

Epoch 4: val_loss did not improve from 0.00117

Epoch 7: val_loss did not improve from 0.00018

Epoch 11: val_loss improved from 0.04312 to 0.02402, saving model to /p/project1/cesmtst/patakchiyousefi1/HPT/mse_64_0.0001_1e-17_0.5_4_4_16_0.5_128_0.4_unet-s_day05.h5

Epoch 18: val_loss improved from 0.02791 to 0.02277, saving model to /p/project1/cesmtst/patakchiyousefi1/HPT/mse_64_0.0001_1e-17_0.5_4_8_16_0.5_128_0.4_unet-s_day05.h5

Epoch 19: val_loss improved from 0.05901 to 0.02769, saving model to /p/project1/cesmtst/patakchiyousefi1/HPT/mse_64_1e-05_1e-17_0.5_4_8_16_0.5_128_0.4_unet-s_day05.h5

Epoch 11: val_loss did not improve from 0.00010

Epoch 18: val_loss did not improve from 0.00012
Saving and plotting the results...

Epoch 17: val_loss did not improve from 0.00008

Epoch 8: val_loss did not improve from 0.02751

Epoch 7: val_loss did not improve from 0.00008

Epoch 4: val_loss did not improve from 0.00018

Epoch 13: val_loss did not improve from 0.02425

Epoch 19: val_loss did not improve from 0.02277

Epoch 20: val_loss improved from 0.02769 to 0.00894, saving model to /p/project1/cesmtst/patakchiyousefi1/HPT/mse_64_1e-05_1e-17_0.5_4_8_16_0.5_128_0.4_unet-s_day05.h5

Epoch 18: val_loss did not improve from 0.00008

Epoch 13: val_loss did not improve from 0.00008

Epoch 12: val_loss improved from 0.02402 to 0.00866, saving model to /p/project1/cesmtst/patakchiyousefi1/HPT/mse_64_0.0001_1e-17_0.5_4_4_16_0.5_128_0.4_unet-s_day05.h5

Epoch 8: val_loss did not improve from 0.00012

Epoch 12: val_loss improved from 0.00010 to 0.00007, saving model to /p/project1/cesmtst/patakchiyousefi1/HPT/mse_64_0.01_1e-17_0.5_4_4_16_0.5_128_0.4_unet-s_day05.h5

Epoch 20: val_loss improved from 0.02277 to 0.01963, saving model to /p/project1/cesmtst/patakchiyousefi1/HPT/mse_64_0.0001_1e-17_0.5_4_8_16_0.5_128_0.4_unet-s_day05.h5

Epoch 21: val_loss improved from 0.00894 to 0.00394, saving model to /p/project1/cesmtst/patakchiyousefi1/HPT/mse_64_1e-05_1e-17_0.5_4_8_16_0.5_128_0.4_unet-s_day05.h5

Epoch 19: val_loss did not improve from 0.00008

Epoch 8: val_loss did not improve from 0.00018

Epoch 14: val_loss did not improve from 0.02425

Epoch 14: val_loss did not improve from 0.00008

Epoch 13: val_loss improved from 0.00866 to 0.00572, saving model to /p/project1/cesmtst/patakchiyousefi1/HPT/mse_64_0.0001_1e-17_0.5_4_4_16_0.5_128_0.4_unet-s_day05.h5

Epoch 21: val_loss improved from 0.01963 to 0.01907, saving model to /p/project1/cesmtst/patakchiyousefi1/HPT/mse_64_0.0001_1e-17_0.5_4_8_16_0.5_128_0.4_unet-s_day05.h5

Epoch 22: val_loss improved from 0.00394 to 0.00258, saving model to /p/project1/cesmtst/patakchiyousefi1/HPT/mse_64_1e-05_1e-17_0.5_4_8_16_0.5_128_0.4_unet-s_day05.h5

Epoch 13: val_loss did not improve from 0.00007

Epoch 9: val_loss did not improve from 0.02751

Epoch 20: val_loss did not improve from 0.00008

Epoch 5: val_loss did not improve from 0.00797

Epoch 8: val_loss did not improve from 0.00008

Epoch 22: val_loss improved from 0.01907 to 0.01700, saving model to /p/project1/cesmtst/patakchiyousefi1/HPT/mse_64_0.0001_1e-17_0.5_4_8_16_0.5_128_0.4_unet-s_day05.h5

Epoch 15: val_loss did not improve from 0.02425

Epoch 23: val_loss improved from 0.00258 to 0.00187, saving model to /p/project1/cesmtst/patakchiyousefi1/HPT/mse_64_1e-05_1e-17_0.5_4_8_16_0.5_128_0.4_unet-s_day05.h5

Epoch 9: val_loss did not improve from 0.00012

Epoch 5: val_loss improved from 0.00011 to 0.00010, saving model to /p/project1/cesmtst/patakchiyousefi1/HPT/mse_64_0.0001_1e-17_0.5_4_1_16_0.5_128_0.4_unet-s_day05.h5

Epoch 21: val_loss did not improve from 0.00008

Epoch 14: val_loss improved from 0.00572 to 0.00150, saving model to /p/project1/cesmtst/patakchiyousefi1/HPT/mse_64_0.0001_1e-17_0.5_4_4_16_0.5_128_0.4_unet-s_day05.h5

Epoch 5: val_loss improved from 0.00117 to 0.00046, saving model to /p/project1/cesmtst/patakchiyousefi1/HPT/mse_64_0.001_1e-17_0.5_4_1_16_0.5_128_0.4_unet-s_day05.h5

Epoch 23: val_loss improved from 0.01700 to 0.01573, saving model to /p/project1/cesmtst/patakchiyousefi1/HPT/mse_64_0.0001_1e-17_0.5_4_8_16_0.5_128_0.4_unet-s_day05.h5

Epoch 9: val_loss did not improve from 0.00018

Epoch 22: val_loss did not improve from 0.00008

Epoch 16: val_loss did not improve from 0.02425

Epoch 24: val_loss improved from 0.00187 to 0.00142, saving model to /p/project1/cesmtst/patakchiyousefi1/HPT/mse_64_1e-05_1e-17_0.5_4_8_16_0.5_128_0.4_unet-s_day05.h5

Epoch 15: val_loss did not improve from 0.00008

Epoch 10: val_loss did not improve from 0.02751

Epoch 24: val_loss improved from 0.01573 to 0.01387, saving model to /p/project1/cesmtst/patakchiyousefi1/HPT/mse_64_0.0001_1e-17_0.5_4_8_16_0.5_128_0.4_unet-s_day05.h5

Epoch 15: val_loss improved from 0.00150 to 0.00047, saving model to /p/project1/cesmtst/patakchiyousefi1/HPT/mse_64_0.0001_1e-17_0.5_4_4_16_0.5_128_0.4_unet-s_day05.h5

Epoch 9: val_loss did not improve from 0.00008

Epoch 5: val_loss did not improve from 0.00018

Epoch 14: val_loss did not improve from 0.00007

Epoch 23: val_loss did not improve from 0.00008
Saving and plotting the results...

Epoch 25: val_loss improved from 0.00142 to 0.00123, saving model to /p/project1/cesmtst/patakchiyousefi1/HPT/mse_64_1e-05_1e-17_0.5_4_8_16_0.5_128_0.4_unet-s_day05.h5

Epoch 10: val_loss did not improve from 0.00012

Epoch 25: val_loss improved from 0.01387 to 0.01251, saving model to /p/project1/cesmtst/patakchiyousefi1/HPT/mse_64_0.0001_1e-17_0.5_4_8_16_0.5_128_0.4_unet-s_day05.h5

Epoch 17: val_loss improved from 0.02425 to 0.02262, saving model to /p/project1/cesmtst/patakchiyousefi1/HPT/mse_64_1e-05_1e-17_0.5_4_4_16_0.5_128_0.4_unet-s_day05.h5

Epoch 16: val_loss did not improve from 0.00047

Epoch 26: val_loss improved from 0.00123 to 0.00117, saving model to /p/project1/cesmtst/patakchiyousefi1/HPT/mse_64_1e-05_1e-17_0.5_4_8_16_0.5_128_0.4_unet-s_day05.h5

Epoch 15: val_loss did not improve from 0.00007

Epoch 6: val_loss did not improve from 0.00797

Epoch 10: val_loss did not improve from 0.00018

Epoch 26: val_loss improved from 0.01251 to 0.01061, saving model to /p/project1/cesmtst/patakchiyousefi1/HPT/mse_64_0.0001_1e-17_0.5_4_8_16_0.5_128_0.4_unet-s_day05.h5

Epoch 27: val_loss improved from 0.00117 to 0.00112, saving model to /p/project1/cesmtst/patakchiyousefi1/HPT/mse_64_1e-05_1e-17_0.5_4_8_16_0.5_128_0.4_unet-s_day05.h5

Epoch 18: val_loss improved from 0.02262 to 0.02133, saving model to /p/project1/cesmtst/patakchiyousefi1/HPT/mse_64_1e-05_1e-17_0.5_4_4_16_0.5_128_0.4_unet-s_day05.h5

Epoch 16: val_loss did not improve from 0.00008

Epoch 11: val_loss did not improve from 0.02751

Epoch 10: val_loss did not improve from 0.00008

Epoch 6: val_loss did not improve from 0.00010

Epoch 27: val_loss improved from 0.01061 to 0.00947, saving model to /p/project1/cesmtst/patakchiyousefi1/HPT/mse_64_0.0001_1e-17_0.5_4_8_16_0.5_128_0.4_unet-s_day05.h5

Epoch 17: val_loss did not improve from 0.00047

Epoch 16: val_loss improved from 0.00007 to 0.00006, saving model to /p/project1/cesmtst/patakchiyousefi1/HPT/mse_64_0.01_1e-17_0.5_4_4_16_0.5_128_0.4_unet-s_day05.h5

Epoch 11: val_loss did not improve from 0.00012

Epoch 28: val_loss did not improve from 0.00112

Epoch 6: val_loss did not improve from 0.00046

Epoch 28: val_loss improved from 0.00947 to 0.00825, saving model to /p/project1/cesmtst/patakchiyousefi1/HPT/mse_64_0.0001_1e-17_0.5_4_8_16_0.5_128_0.4_unet-s_day05.h5

Epoch 19: val_loss improved from 0.02133 to 0.02080, saving model to /p/project1/cesmtst/patakchiyousefi1/HPT/mse_64_1e-05_1e-17_0.5_4_4_16_0.5_128_0.4_unet-s_day05.h5

Epoch 17: val_loss did not improve from 0.00008

Epoch 18: val_loss did not improve from 0.00047

Epoch 29: val_loss did not improve from 0.00112

Epoch 17: val_loss improved from 0.00006 to 0.00006, saving model to /p/project1/cesmtst/patakchiyousefi1/HPT/mse_64_0.01_1e-17_0.5_4_4_16_0.5_128_0.4_unet-s_day05.h5

Epoch 6: val_loss improved from 0.00018 to 0.00013, saving model to /p/project1/cesmtst/patakchiyousefi1/HPT/mse_64_0.01_1e-17_0.5_4_1_16_0.5_128_0.4_unet-s_day05.h5

Epoch 11: val_loss did not improve from 0.00018

Epoch 29: val_loss improved from 0.00825 to 0.00739, saving model to /p/project1/cesmtst/patakchiyousefi1/HPT/mse_64_0.0001_1e-17_0.5_4_8_16_0.5_128_0.4_unet-s_day05.h5

Epoch 11: val_loss did not improve from 0.00008

Epoch 30: val_loss did not improve from 0.00112

Epoch 20: val_loss improved from 0.02080 to 0.02032, saving model to /p/project1/cesmtst/patakchiyousefi1/HPT/mse_64_1e-05_1e-17_0.5_4_4_16_0.5_128_0.4_unet-s_day05.h5

Epoch 12: val_loss did not improve from 0.02751

Epoch 18: val_loss did not improve from 0.00008

Epoch 12: val_loss did not improve from 0.00012

Epoch 30: val_loss improved from 0.00739 to 0.00665, saving model to /p/project1/cesmtst/patakchiyousefi1/HPT/mse_64_0.0001_1e-17_0.5_4_8_16_0.5_128_0.4_unet-s_day05.h5

Epoch 19: val_loss did not improve from 0.00047

Epoch 18: val_loss improved from 0.00006 to 0.00006, saving model to /p/project1/cesmtst/patakchiyousefi1/HPT/mse_64_0.01_1e-17_0.5_4_4_16_0.5_128_0.4_unet-s_day05.h5

Epoch 7: val_loss did not improve from 0.00797

Epoch 31: val_loss did not improve from 0.00112

Epoch 31: val_loss improved from 0.00665 to 0.00582, saving model to /p/project1/cesmtst/patakchiyousefi1/HPT/mse_64_0.0001_1e-17_0.5_4_8_16_0.5_128_0.4_unet-s_day05.h5

Epoch 21: val_loss improved from 0.02032 to 0.01910, saving model to /p/project1/cesmtst/patakchiyousefi1/HPT/mse_64_1e-05_1e-17_0.5_4_4_16_0.5_128_0.4_unet-s_day05.h5

Epoch 19: val_loss did not improve from 0.00008

Epoch 7: val_loss did not improve from 0.00010

Epoch 32: val_loss did not improve from 0.00112

Epoch 19: val_loss did not improve from 0.00006

Epoch 12: val_loss did not improve from 0.00018

Epoch 32: val_loss improved from 0.00582 to 0.00547, saving model to /p/project1/cesmtst/patakchiyousefi1/HPT/mse_64_0.0001_1e-17_0.5_4_8_16_0.5_128_0.4_unet-s_day05.h5

Epoch 12: val_loss did not improve from 0.00008

Epoch 7: val_loss did not improve from 0.00046

Epoch 13: val_loss did not improve from 0.02751

Epoch 13: val_loss did not improve from 0.00012

Epoch 33: val_loss did not improve from 0.00112

Epoch 22: val_loss improved from 0.01910 to 0.01870, saving model to /p/project1/cesmtst/patakchiyousefi1/HPT/mse_64_1e-05_1e-17_0.5_4_4_16_0.5_128_0.4_unet-s_day05.h5

Epoch 20: val_loss did not improve from 0.00008

Epoch 20: val_loss improved from 0.00047 to 0.00044, saving model to /p/project1/cesmtst/patakchiyousefi1/HPT/mse_64_0.0001_1e-17_0.5_4_4_16_0.5_128_0.4_unet-s_day05.h5

Epoch 33: val_loss improved from 0.00547 to 0.00492, saving model to /p/project1/cesmtst/patakchiyousefi1/HPT/mse_64_0.0001_1e-17_0.5_4_8_16_0.5_128_0.4_unet-s_day05.h5

Epoch 20: val_loss did not improve from 0.00006

Epoch 7: val_loss did not improve from 0.00013

Epoch 34: val_loss did not improve from 0.00112

Epoch 34: val_loss improved from 0.00492 to 0.00451, saving model to /p/project1/cesmtst/patakchiyousefi1/HPT/mse_64_0.0001_1e-17_0.5_4_8_16_0.5_128_0.4_unet-s_day05.h5

Epoch 23: val_loss improved from 0.01870 to 0.01814, saving model to /p/project1/cesmtst/patakchiyousefi1/HPT/mse_64_1e-05_1e-17_0.5_4_4_16_0.5_128_0.4_unet-s_day05.h5

Epoch 21: val_loss did not improve from 0.00008

Epoch 13: val_loss did not improve from 0.00018

Epoch 21: val_loss did not improve from 0.00044

Epoch 35: val_loss did not improve from 0.00112

Epoch 13: val_loss did not improve from 0.00008

Epoch 21: val_loss did not improve from 0.00006

Epoch 14: val_loss did not improve from 0.02751

Epoch 35: val_loss improved from 0.00451 to 0.00378, saving model to /p/project1/cesmtst/patakchiyousefi1/HPT/mse_64_0.0001_1e-17_0.5_4_8_16_0.5_128_0.4_unet-s_day05.h5

Epoch 8: val_loss did not improve from 0.00797

Epoch 14: val_loss did not improve from 0.00012

Epoch 36: val_loss did not improve from 0.00112

Epoch 24: val_loss improved from 0.01814 to 0.01767, saving model to /p/project1/cesmtst/patakchiyousefi1/HPT/mse_64_1e-05_1e-17_0.5_4_4_16_0.5_128_0.4_unet-s_day05.h5

Epoch 22: val_loss did not improve from 0.00008

Epoch 22: val_loss did not improve from 0.00006

Epoch 36: val_loss improved from 0.00378 to 0.00336, saving model to /p/project1/cesmtst/patakchiyousefi1/HPT/mse_64_0.0001_1e-17_0.5_4_8_16_0.5_128_0.4_unet-s_day05.h5

Epoch 8: val_loss did not improve from 0.00010

Epoch 8: val_loss did not improve from 0.00046

Epoch 14: val_loss did not improve from 0.00018

Epoch 37: val_loss did not improve from 0.00112

Epoch 25: val_loss improved from 0.01767 to 0.01693, saving model to /p/project1/cesmtst/patakchiyousefi1/HPT/mse_64_1e-05_1e-17_0.5_4_4_16_0.5_128_0.4_unet-s_day05.h5

Epoch 23: val_loss did not improve from 0.00008

Epoch 22: val_loss did not improve from 0.00044

Epoch 15: val_loss did not improve from 0.02751

Epoch 37: val_loss improved from 0.00336 to 0.00305, saving model to /p/project1/cesmtst/patakchiyousefi1/HPT/mse_64_0.0001_1e-17_0.5_4_8_16_0.5_128_0.4_unet-s_day05.h5

Epoch 14: val_loss did not improve from 0.00008

Epoch 23: val_loss did not improve from 0.00006

Epoch 15: val_loss did not improve from 0.00012

Epoch 8: val_loss did not improve from 0.00013

Epoch 38: val_loss did not improve from 0.00112

Epoch 38: val_loss did not improve from 0.00305

Epoch 26: val_loss did not improve from 0.01693

Epoch 24: val_loss did not improve from 0.00008

Epoch 39: val_loss did not improve from 0.00112

Epoch 24: val_loss did not improve from 0.00006

Epoch 39: val_loss improved from 0.00305 to 0.00287, saving model to /p/project1/cesmtst/patakchiyousefi1/HPT/mse_64_0.0001_1e-17_0.5_4_8_16_0.5_128_0.4_unet-s_day05.h5

Epoch 15: val_loss did not improve from 0.00018

Epoch 9: val_loss did not improve from 0.00797

Epoch 16: val_loss did not improve from 0.02751

Epoch 27: val_loss improved from 0.01693 to 0.01634, saving model to /p/project1/cesmtst/patakchiyousefi1/HPT/mse_64_1e-05_1e-17_0.5_4_4_16_0.5_128_0.4_unet-s_day05.h5

Epoch 25: val_loss did not improve from 0.00008

Epoch 23: val_loss did not improve from 0.00044

Epoch 16: val_loss did not improve from 0.00012

Epoch 40: val_loss did not improve from 0.00287

Epoch 40: val_loss did not improve from 0.00112

Epoch 15: val_loss did not improve from 0.00008

Epoch 25: val_loss did not improve from 0.00006

Epoch 9: val_loss did not improve from 0.00010

Epoch 41: val_loss improved from 0.00287 to 0.00247, saving model to /p/project1/cesmtst/patakchiyousefi1/HPT/mse_64_0.0001_1e-17_0.5_4_8_16_0.5_128_0.4_unet-s_day05.h5

Epoch 9: val_loss did not improve from 0.00046

Epoch 28: val_loss improved from 0.01634 to 0.01547, saving model to /p/project1/cesmtst/patakchiyousefi1/HPT/mse_64_1e-05_1e-17_0.5_4_4_16_0.5_128_0.4_unet-s_day05.h5

Epoch 26: val_loss did not improve from 0.00008
Saving and plotting the results...

Epoch 24: val_loss did not improve from 0.00044

Epoch 41: val_loss did not improve from 0.00112

Epoch 16: val_loss did not improve from 0.00018

Epoch 26: val_loss did not improve from 0.00006

Epoch 42: val_loss improved from 0.00247 to 0.00221, saving model to /p/project1/cesmtst/patakchiyousefi1/HPT/mse_64_0.0001_1e-17_0.5_4_8_16_0.5_128_0.4_unet-s_day05.h5

Epoch 9: val_loss improved from 0.00013 to 0.00011, saving model to /p/project1/cesmtst/patakchiyousefi1/HPT/mse_64_0.01_1e-17_0.5_4_1_16_0.5_128_0.4_unet-s_day05.h5

Epoch 17: val_loss did not improve from 0.02751

Epoch 42: val_loss did not improve from 0.00112

Epoch 17: val_loss did not improve from 0.00012

Epoch 29: val_loss did not improve from 0.01547

Epoch 25: val_loss did not improve from 0.00044

Epoch 43: val_loss improved from 0.00221 to 0.00209, saving model to /p/project1/cesmtst/patakchiyousefi1/HPT/mse_64_0.0001_1e-17_0.5_4_8_16_0.5_128_0.4_unet-s_day05.h5

Epoch 16: val_loss did not improve from 0.00008

Epoch 27: val_loss did not improve from 0.00006

Epoch 43: val_loss did not improve from 0.00112
Saving and plotting the results...

Epoch 10: val_loss did not improve from 0.00797

Epoch 44: val_loss improved from 0.00209 to 0.00185, saving model to /p/project1/cesmtst/patakchiyousefi1/HPT/mse_64_0.0001_1e-17_0.5_4_8_16_0.5_128_0.4_unet-s_day05.h5

Epoch 17: val_loss did not improve from 0.00018

Epoch 30: val_loss improved from 0.01547 to 0.01526, saving model to /p/project1/cesmtst/patakchiyousefi1/HPT/mse_64_1e-05_1e-17_0.5_4_4_16_0.5_128_0.4_unet-s_day05.h5

Epoch 26: val_loss did not improve from 0.00044

Epoch 28: val_loss did not improve from 0.00006

Epoch 45: val_loss improved from 0.00185 to 0.00180, saving model to /p/project1/cesmtst/patakchiyousefi1/HPT/mse_64_0.0001_1e-17_0.5_4_8_16_0.5_128_0.4_unet-s_day05.h5

Epoch 18: val_loss did not improve from 0.02751

Epoch 18: val_loss did not improve from 0.00012

Epoch 10: val_loss did not improve from 0.00046

Epoch 17: val_loss did not improve from 0.00008

Epoch 31: val_loss improved from 0.01526 to 0.01500, saving model to /p/project1/cesmtst/patakchiyousefi1/HPT/mse_64_1e-05_1e-17_0.5_4_4_16_0.5_128_0.4_unet-s_day05.h5

Epoch 10: val_loss did not improve from 0.00010

Epoch 27: val_loss did not improve from 0.00044

Epoch 46: val_loss improved from 0.00180 to 0.00176, saving model to /p/project1/cesmtst/patakchiyousefi1/HPT/mse_64_0.0001_1e-17_0.5_4_8_16_0.5_128_0.4_unet-s_day05.h5

Epoch 29: val_loss did not improve from 0.00006

Epoch 47: val_loss improved from 0.00176 to 0.00172, saving model to /p/project1/cesmtst/patakchiyousefi1/HPT/mse_64_0.0001_1e-17_0.5_4_8_16_0.5_128_0.4_unet-s_day05.h5

Epoch 18: val_loss did not improve from 0.00018

Epoch 10: val_loss improved from 0.00011 to 0.00009, saving model to /p/project1/cesmtst/patakchiyousefi1/HPT/mse_64_0.01_1e-17_0.5_4_1_16_0.5_128_0.4_unet-s_day05.h5

Epoch 32: val_loss improved from 0.01500 to 0.01474, saving model to /p/project1/cesmtst/patakchiyousefi1/HPT/mse_64_1e-05_1e-17_0.5_4_4_16_0.5_128_0.4_unet-s_day05.h5

Epoch 28: val_loss did not improve from 0.00044

Epoch 19: val_loss did not improve from 0.02751

Epoch 19: val_loss did not improve from 0.00012

Epoch 30: val_loss did not improve from 0.00006

Epoch 48: val_loss improved from 0.00172 to 0.00161, saving model to /p/project1/cesmtst/patakchiyousefi1/HPT/mse_64_0.0001_1e-17_0.5_4_8_16_0.5_128_0.4_unet-s_day05.h5

Epoch 11: val_loss did not improve from 0.00797

Epoch 18: val_loss did not improve from 0.00008

Epoch 33: val_loss improved from 0.01474 to 0.01453, saving model to /p/project1/cesmtst/patakchiyousefi1/HPT/mse_64_1e-05_1e-17_0.5_4_4_16_0.5_128_0.4_unet-s_day05.h5

Epoch 29: val_loss did not improve from 0.00044

Epoch 49: val_loss did not improve from 0.00161

Epoch 31: val_loss did not improve from 0.00006

Epoch 19: val_loss did not improve from 0.00018

Epoch 50: val_loss improved from 0.00161 to 0.00155, saving model to /p/project1/cesmtst/patakchiyousefi1/HPT/mse_64_0.0001_1e-17_0.5_4_8_16_0.5_128_0.4_unet-s_day05.h5

Epoch 20: val_loss did not improve from 0.02751

Epoch 11: val_loss did not improve from 0.00046

Epoch 20: val_loss did not improve from 0.00012

Epoch 11: val_loss did not improve from 0.00010

Epoch 32: val_loss did not improve from 0.00006

Epoch 19: val_loss did not improve from 0.00008
Saving and plotting the results...

Epoch 51: val_loss did not improve from 0.00155

Epoch 34: val_loss improved from 0.01453 to 0.01387, saving model to /p/project1/cesmtst/patakchiyousefi1/HPT/mse_64_1e-05_1e-17_0.5_4_4_16_0.5_128_0.4_unet-s_day05.h5

Epoch 30: val_loss did not improve from 0.00044

Epoch 11: val_loss improved from 0.00009 to 0.00008, saving model to /p/project1/cesmtst/patakchiyousefi1/HPT/mse_64_0.01_1e-17_0.5_4_1_16_0.5_128_0.4_unet-s_day05.h5

Epoch 33: val_loss did not improve from 0.00006

Epoch 20: val_loss did not improve from 0.00018
Saving and plotting the results...

Epoch 52: val_loss improved from 0.00155 to 0.00154, saving model to /p/project1/cesmtst/patakchiyousefi1/HPT/mse_64_0.0001_1e-17_0.5_4_8_16_0.5_128_0.4_unet-s_day05.h5

Epoch 21: val_loss did not improve from 0.02751
Saving and plotting the results...

Epoch 21: val_loss did not improve from 0.00012

Epoch 12: val_loss did not improve from 0.00797

Epoch 35: val_loss did not improve from 0.01387

Epoch 31: val_loss did not improve from 0.00044

Epoch 53: val_loss improved from 0.00154 to 0.00143, saving model to /p/project1/cesmtst/patakchiyousefi1/HPT/mse_64_0.0001_1e-17_0.5_4_8_16_0.5_128_0.4_unet-s_day05.h5

Epoch 34: val_loss did not improve from 0.00006
Saving and plotting the results...

Epoch 54: val_loss improved from 0.00143 to 0.00142, saving model to /p/project1/cesmtst/patakchiyousefi1/HPT/mse_64_0.0001_1e-17_0.5_4_8_16_0.5_128_0.4_unet-s_day05.h5

Epoch 36: val_loss improved from 0.01387 to 0.01380, saving model to /p/project1/cesmtst/patakchiyousefi1/HPT/mse_64_1e-05_1e-17_0.5_4_4_16_0.5_128_0.4_unet-s_day05.h5

Epoch 12: val_loss did not improve from 0.00046

Epoch 12: val_loss did not improve from 0.00010

Epoch 55: val_loss improved from 0.00142 to 0.00139, saving model to /p/project1/cesmtst/patakchiyousefi1/HPT/mse_64_0.0001_1e-17_0.5_4_8_16_0.5_128_0.4_unet-s_day05.h5

Epoch 22: val_loss did not improve from 0.00012
Saving and plotting the results...

Epoch 32: val_loss did not improve from 0.00044

Epoch 37: val_loss improved from 0.01380 to 0.01359, saving model to /p/project1/cesmtst/patakchiyousefi1/HPT/mse_64_1e-05_1e-17_0.5_4_4_16_0.5_128_0.4_unet-s_day05.h5

Epoch 56: val_loss improved from 0.00139 to 0.00137, saving model to /p/project1/cesmtst/patakchiyousefi1/HPT/mse_64_0.0001_1e-17_0.5_4_8_16_0.5_128_0.4_unet-s_day05.h5

Epoch 12: val_loss improved from 0.00008 to 0.00007, saving model to /p/project1/cesmtst/patakchiyousefi1/HPT/mse_64_0.01_1e-17_0.5_4_1_16_0.5_128_0.4_unet-s_day05.h5

Epoch 57: val_loss improved from 0.00137 to 0.00132, saving model to /p/project1/cesmtst/patakchiyousefi1/HPT/mse_64_0.0001_1e-17_0.5_4_8_16_0.5_128_0.4_unet-s_day05.h5

Epoch 33: val_loss did not improve from 0.00044

Epoch 13: val_loss did not improve from 0.00797

Epoch 58: val_loss improved from 0.00132 to 0.00129, saving model to /p/project1/cesmtst/patakchiyousefi1/HPT/mse_64_0.0001_1e-17_0.5_4_8_16_0.5_128_0.4_unet-s_day05.h5

Epoch 38: val_loss improved from 0.01359 to 0.01350, saving model to /p/project1/cesmtst/patakchiyousefi1/HPT/mse_64_1e-05_1e-17_0.5_4_4_16_0.5_128_0.4_unet-s_day05.h5

Epoch 34: val_loss did not improve from 0.00044

Epoch 59: val_loss did not improve from 0.00129

Epoch 13: val_loss did not improve from 0.00046

Epoch 13: val_loss did not improve from 0.00010

Epoch 60: val_loss improved from 0.00129 to 0.00123, saving model to /p/project1/cesmtst/patakchiyousefi1/HPT/mse_64_0.0001_1e-17_0.5_4_8_16_0.5_128_0.4_unet-s_day05.h5

Epoch 39: val_loss improved from 0.01350 to 0.01319, saving model to /p/project1/cesmtst/patakchiyousefi1/HPT/mse_64_1e-05_1e-17_0.5_4_4_16_0.5_128_0.4_unet-s_day05.h5

Epoch 61: val_loss improved from 0.00123 to 0.00118, saving model to /p/project1/cesmtst/patakchiyousefi1/HPT/mse_64_0.0001_1e-17_0.5_4_8_16_0.5_128_0.4_unet-s_day05.h5

Epoch 13: val_loss did not improve from 0.00007

Epoch 35: val_loss did not improve from 0.00044

Epoch 40: val_loss improved from 0.01319 to 0.01285, saving model to /p/project1/cesmtst/patakchiyousefi1/HPT/mse_64_1e-05_1e-17_0.5_4_4_16_0.5_128_0.4_unet-s_day05.h5

Epoch 62: val_loss improved from 0.00118 to 0.00116, saving model to /p/project1/cesmtst/patakchiyousefi1/HPT/mse_64_0.0001_1e-17_0.5_4_8_16_0.5_128_0.4_unet-s_day05.h5

Epoch 14: val_loss did not improve from 0.00797

Epoch 63: val_loss improved from 0.00116 to 0.00115, saving model to /p/project1/cesmtst/patakchiyousefi1/HPT/mse_64_0.0001_1e-17_0.5_4_8_16_0.5_128_0.4_unet-s_day05.h5

Epoch 36: val_loss did not improve from 0.00044
Saving and plotting the results...

Epoch 41: val_loss improved from 0.01285 to 0.01252, saving model to /p/project1/cesmtst/patakchiyousefi1/HPT/mse_64_1e-05_1e-17_0.5_4_4_16_0.5_128_0.4_unet-s_day05.h5

Epoch 14: val_loss did not improve from 0.00046

Epoch 64: val_loss improved from 0.00115 to 0.00108, saving model to /p/project1/cesmtst/patakchiyousefi1/HPT/mse_64_0.0001_1e-17_0.5_4_8_16_0.5_128_0.4_unet-s_day05.h5

Epoch 14: val_loss did not improve from 0.00010

Epoch 42: val_loss improved from 0.01252 to 0.01230, saving model to /p/project1/cesmtst/patakchiyousefi1/HPT/mse_64_1e-05_1e-17_0.5_4_4_16_0.5_128_0.4_unet-s_day05.h5

Epoch 65: val_loss improved from 0.00108 to 0.00104, saving model to /p/project1/cesmtst/patakchiyousefi1/HPT/mse_64_0.0001_1e-17_0.5_4_8_16_0.5_128_0.4_unet-s_day05.h5

Epoch 14: val_loss did not improve from 0.00007

Epoch 66: val_loss improved from 0.00104 to 0.00102, saving model to /p/project1/cesmtst/patakchiyousefi1/HPT/mse_64_0.0001_1e-17_0.5_4_8_16_0.5_128_0.4_unet-s_day05.h5

Epoch 43: val_loss did not improve from 0.01230

Epoch 15: val_loss did not improve from 0.00797

Epoch 67: val_loss improved from 0.00102 to 0.00101, saving model to /p/project1/cesmtst/patakchiyousefi1/HPT/mse_64_0.0001_1e-17_0.5_4_8_16_0.5_128_0.4_unet-s_day05.h5

Epoch 44: val_loss improved from 0.01230 to 0.01224, saving model to /p/project1/cesmtst/patakchiyousefi1/HPT/mse_64_1e-05_1e-17_0.5_4_4_16_0.5_128_0.4_unet-s_day05.h5

Epoch 68: val_loss improved from 0.00101 to 0.00093, saving model to /p/project1/cesmtst/patakchiyousefi1/HPT/mse_64_0.0001_1e-17_0.5_4_8_16_0.5_128_0.4_unet-s_day05.h5

Epoch 15: val_loss did not improve from 0.00046

Epoch 15: val_loss did not improve from 0.00010

Epoch 69: val_loss improved from 0.00093 to 0.00091, saving model to /p/project1/cesmtst/patakchiyousefi1/HPT/mse_64_0.0001_1e-17_0.5_4_8_16_0.5_128_0.4_unet-s_day05.h5

Epoch 45: val_loss improved from 0.01224 to 0.01221, saving model to /p/project1/cesmtst/patakchiyousefi1/HPT/mse_64_1e-05_1e-17_0.5_4_4_16_0.5_128_0.4_unet-s_day05.h5

Epoch 70: val_loss improved from 0.00091 to 0.00090, saving model to /p/project1/cesmtst/patakchiyousefi1/HPT/mse_64_0.0001_1e-17_0.5_4_8_16_0.5_128_0.4_unet-s_day05.h5

Epoch 15: val_loss improved from 0.00007 to 0.00007, saving model to /p/project1/cesmtst/patakchiyousefi1/HPT/mse_64_0.01_1e-17_0.5_4_1_16_0.5_128_0.4_unet-s_day05.h5

Epoch 46: val_loss improved from 0.01221 to 0.01221, saving model to /p/project1/cesmtst/patakchiyousefi1/HPT/mse_64_1e-05_1e-17_0.5_4_4_16_0.5_128_0.4_unet-s_day05.h5

Epoch 71: val_loss improved from 0.00090 to 0.00086, saving model to /p/project1/cesmtst/patakchiyousefi1/HPT/mse_64_0.0001_1e-17_0.5_4_8_16_0.5_128_0.4_unet-s_day05.h5

Epoch 16: val_loss did not improve from 0.00797

Epoch 47: val_loss did not improve from 0.01221

Epoch 72: val_loss improved from 0.00086 to 0.00084, saving model to /p/project1/cesmtst/patakchiyousefi1/HPT/mse_64_0.0001_1e-17_0.5_4_8_16_0.5_128_0.4_unet-s_day05.h5

Epoch 16: val_loss did not improve from 0.00046

Epoch 16: val_loss did not improve from 0.00010

Epoch 73: val_loss improved from 0.00084 to 0.00081, saving model to /p/project1/cesmtst/patakchiyousefi1/HPT/mse_64_0.0001_1e-17_0.5_4_8_16_0.5_128_0.4_unet-s_day05.h5

Epoch 48: val_loss did not improve from 0.01221

Epoch 74: val_loss improved from 0.00081 to 0.00078, saving model to /p/project1/cesmtst/patakchiyousefi1/HPT/mse_64_0.0001_1e-17_0.5_4_8_16_0.5_128_0.4_unet-s_day05.h5

Epoch 16: val_loss did not improve from 0.00007

Epoch 49: val_loss did not improve from 0.01221

Epoch 75: val_loss improved from 0.00078 to 0.00070, saving model to /p/project1/cesmtst/patakchiyousefi1/HPT/mse_64_0.0001_1e-17_0.5_4_8_16_0.5_128_0.4_unet-s_day05.h5

Epoch 17: val_loss did not improve from 0.00797

Epoch 76: val_loss did not improve from 0.00070

Epoch 50: val_loss improved from 0.01221 to 0.01206, saving model to /p/project1/cesmtst/patakchiyousefi1/HPT/mse_64_1e-05_1e-17_0.5_4_4_16_0.5_128_0.4_unet-s_day05.h5

Epoch 17: val_loss did not improve from 0.00046

Epoch 77: val_loss did not improve from 0.00070

Epoch 17: val_loss did not improve from 0.00010

Epoch 51: val_loss improved from 0.01206 to 0.01193, saving model to /p/project1/cesmtst/patakchiyousefi1/HPT/mse_64_1e-05_1e-17_0.5_4_4_16_0.5_128_0.4_unet-s_day05.h5

Epoch 78: val_loss improved from 0.00070 to 0.00065, saving model to /p/project1/cesmtst/patakchiyousefi1/HPT/mse_64_0.0001_1e-17_0.5_4_8_16_0.5_128_0.4_unet-s_day05.h5

Epoch 17: val_loss did not improve from 0.00007

Epoch 52: val_loss did not improve from 0.01193

Epoch 18: val_loss did not improve from 0.00797

Epoch 79: val_loss improved from 0.00065 to 0.00065, saving model to /p/project1/cesmtst/patakchiyousefi1/HPT/mse_64_0.0001_1e-17_0.5_4_8_16_0.5_128_0.4_unet-s_day05.h5

Epoch 53: val_loss did not improve from 0.01193

Epoch 80: val_loss improved from 0.00065 to 0.00064, saving model to /p/project1/cesmtst/patakchiyousefi1/HPT/mse_64_0.0001_1e-17_0.5_4_8_16_0.5_128_0.4_unet-s_day05.h5

Epoch 18: val_loss did not improve from 0.00046

Epoch 54: val_loss improved from 0.01193 to 0.01170, saving model to /p/project1/cesmtst/patakchiyousefi1/HPT/mse_64_1e-05_1e-17_0.5_4_4_16_0.5_128_0.4_unet-s_day05.h5

Epoch 18: val_loss did not improve from 0.00010

Epoch 81: val_loss improved from 0.00064 to 0.00062, saving model to /p/project1/cesmtst/patakchiyousefi1/HPT/mse_64_0.0001_1e-17_0.5_4_8_16_0.5_128_0.4_unet-s_day05.h5

Epoch 55: val_loss did not improve from 0.01170

Epoch 18: val_loss did not improve from 0.00007

Epoch 82: val_loss improved from 0.00062 to 0.00058, saving model to /p/project1/cesmtst/patakchiyousefi1/HPT/mse_64_0.0001_1e-17_0.5_4_8_16_0.5_128_0.4_unet-s_day05.h5

Epoch 19: val_loss did not improve from 0.00797

Epoch 83: val_loss improved from 0.00058 to 0.00056, saving model to /p/project1/cesmtst/patakchiyousefi1/HPT/mse_64_0.0001_1e-17_0.5_4_8_16_0.5_128_0.4_unet-s_day05.h5

Epoch 56: val_loss did not improve from 0.01170

Epoch 19: val_loss did not improve from 0.00046

Epoch 84: val_loss did not improve from 0.00056

Epoch 57: val_loss did not improve from 0.01170

Epoch 19: val_loss did not improve from 0.00010

Epoch 85: val_loss improved from 0.00056 to 0.00054, saving model to /p/project1/cesmtst/patakchiyousefi1/HPT/mse_64_0.0001_1e-17_0.5_4_8_16_0.5_128_0.4_unet-s_day05.h5

Epoch 58: val_loss did not improve from 0.01170

Epoch 86: val_loss improved from 0.00054 to 0.00051, saving model to /p/project1/cesmtst/patakchiyousefi1/HPT/mse_64_0.0001_1e-17_0.5_4_8_16_0.5_128_0.4_unet-s_day05.h5

Epoch 19: val_loss did not improve from 0.00007

Epoch 20: val_loss did not improve from 0.00797
Saving and plotting the results...

Epoch 87: val_loss did not improve from 0.00051

Epoch 59: val_loss did not improve from 0.01170

Epoch 88: val_loss improved from 0.00051 to 0.00049, saving model to /p/project1/cesmtst/patakchiyousefi1/HPT/mse_64_0.0001_1e-17_0.5_4_8_16_0.5_128_0.4_unet-s_day05.h5

Epoch 60: val_loss did not improve from 0.01170

Epoch 20: val_loss did not improve from 0.00046

Epoch 89: val_loss improved from 0.00049 to 0.00047, saving model to /p/project1/cesmtst/patakchiyousefi1/HPT/mse_64_0.0001_1e-17_0.5_4_8_16_0.5_128_0.4_unet-s_day05.h5

Epoch 20: val_loss did not improve from 0.00010

Epoch 61: val_loss did not improve from 0.01170

Epoch 90: val_loss improved from 0.00047 to 0.00045, saving model to /p/project1/cesmtst/patakchiyousefi1/HPT/mse_64_0.0001_1e-17_0.5_4_8_16_0.5_128_0.4_unet-s_day05.h5

Epoch 20: val_loss did not improve from 0.00007

Epoch 91: val_loss improved from 0.00045 to 0.00044, saving model to /p/project1/cesmtst/patakchiyousefi1/HPT/mse_64_0.0001_1e-17_0.5_4_8_16_0.5_128_0.4_unet-s_day05.h5

Epoch 62: val_loss did not improve from 0.01170

Epoch 92: val_loss improved from 0.00044 to 0.00042, saving model to /p/project1/cesmtst/patakchiyousefi1/HPT/mse_64_0.0001_1e-17_0.5_4_8_16_0.5_128_0.4_unet-s_day05.h5

Epoch 63: val_loss did not improve from 0.01170

Epoch 93: val_loss improved from 0.00042 to 0.00041, saving model to /p/project1/cesmtst/patakchiyousefi1/HPT/mse_64_0.0001_1e-17_0.5_4_8_16_0.5_128_0.4_unet-s_day05.h5

Epoch 21: val_loss did not improve from 0.00046
Saving and plotting the results...

Epoch 94: val_loss did not improve from 0.00041

Epoch 21: val_loss did not improve from 0.00010
Saving and plotting the results...

Epoch 64: val_loss did not improve from 0.01170

Epoch 21: val_loss did not improve from 0.00007

Epoch 95: val_loss improved from 0.00041 to 0.00040, saving model to /p/project1/cesmtst/patakchiyousefi1/HPT/mse_64_0.0001_1e-17_0.5_4_8_16_0.5_128_0.4_unet-s_day05.h5

Epoch 96: val_loss improved from 0.00040 to 0.00040, saving model to /p/project1/cesmtst/patakchiyousefi1/HPT/mse_64_0.0001_1e-17_0.5_4_8_16_0.5_128_0.4_unet-s_day05.h5

Epoch 65: val_loss did not improve from 0.01170

Epoch 97: val_loss improved from 0.00040 to 0.00039, saving model to /p/project1/cesmtst/patakchiyousefi1/HPT/mse_64_0.0001_1e-17_0.5_4_8_16_0.5_128_0.4_unet-s_day05.h5

Epoch 66: val_loss did not improve from 0.01170

Epoch 98: val_loss improved from 0.00039 to 0.00037, saving model to /p/project1/cesmtst/patakchiyousefi1/HPT/mse_64_0.0001_1e-17_0.5_4_8_16_0.5_128_0.4_unet-s_day05.h5

Epoch 22: val_loss improved from 0.00007 to 0.00006, saving model to /p/project1/cesmtst/patakchiyousefi1/HPT/mse_64_0.01_1e-17_0.5_4_1_16_0.5_128_0.4_unet-s_day05.h5

Epoch 99: val_loss improved from 0.00037 to 0.00036, saving model to /p/project1/cesmtst/patakchiyousefi1/HPT/mse_64_0.0001_1e-17_0.5_4_8_16_0.5_128_0.4_unet-s_day05.h5

Epoch 67: val_loss did not improve from 0.01170

Epoch 100: val_loss improved from 0.00036 to 0.00036, saving model to /p/project1/cesmtst/patakchiyousefi1/HPT/mse_64_0.0001_1e-17_0.5_4_8_16_0.5_128_0.4_unet-s_day05.h5

Epoch 68: val_loss did not improve from 0.01170

Epoch 101: val_loss improved from 0.00036 to 0.00033, saving model to /p/project1/cesmtst/patakchiyousefi1/HPT/mse_64_0.0001_1e-17_0.5_4_8_16_0.5_128_0.4_unet-s_day05.h5

Epoch 102: val_loss did not improve from 0.00033

Epoch 23: val_loss did not improve from 0.00006

Epoch 69: val_loss did not improve from 0.01170

Epoch 103: val_loss did not improve from 0.00033

Epoch 104: val_loss improved from 0.00033 to 0.00030, saving model to /p/project1/cesmtst/patakchiyousefi1/HPT/mse_64_0.0001_1e-17_0.5_4_8_16_0.5_128_0.4_unet-s_day05.h5

Epoch 70: val_loss did not improve from 0.01170
Saving and plotting the results...

Epoch 105: val_loss did not improve from 0.00030

Epoch 106: val_loss did not improve from 0.00030

Epoch 24: val_loss did not improve from 0.00006

Epoch 107: val_loss improved from 0.00030 to 0.00029, saving model to /p/project1/cesmtst/patakchiyousefi1/HPT/mse_64_0.0001_1e-17_0.5_4_8_16_0.5_128_0.4_unet-s_day05.h5

Epoch 108: val_loss improved from 0.00029 to 0.00029, saving model to /p/project1/cesmtst/patakchiyousefi1/HPT/mse_64_0.0001_1e-17_0.5_4_8_16_0.5_128_0.4_unet-s_day05.h5

Epoch 109: val_loss improved from 0.00029 to 0.00027, saving model to /p/project1/cesmtst/patakchiyousefi1/HPT/mse_64_0.0001_1e-17_0.5_4_8_16_0.5_128_0.4_unet-s_day05.h5

Epoch 110: val_loss did not improve from 0.00027

Epoch 25: val_loss did not improve from 0.00006

Epoch 111: val_loss improved from 0.00027 to 0.00026, saving model to /p/project1/cesmtst/patakchiyousefi1/HPT/mse_64_0.0001_1e-17_0.5_4_8_16_0.5_128_0.4_unet-s_day05.h5

Epoch 112: val_loss improved from 0.00026 to 0.00026, saving model to /p/project1/cesmtst/patakchiyousefi1/HPT/mse_64_0.0001_1e-17_0.5_4_8_16_0.5_128_0.4_unet-s_day05.h5

Epoch 113: val_loss improved from 0.00026 to 0.00025, saving model to /p/project1/cesmtst/patakchiyousefi1/HPT/mse_64_0.0001_1e-17_0.5_4_8_16_0.5_128_0.4_unet-s_day05.h5

Epoch 114: val_loss improved from 0.00025 to 0.00023, saving model to /p/project1/cesmtst/patakchiyousefi1/HPT/mse_64_0.0001_1e-17_0.5_4_8_16_0.5_128_0.4_unet-s_day05.h5

Epoch 115: val_loss improved from 0.00023 to 0.00022, saving model to /p/project1/cesmtst/patakchiyousefi1/HPT/mse_64_0.0001_1e-17_0.5_4_8_16_0.5_128_0.4_unet-s_day05.h5

Epoch 26: val_loss did not improve from 0.00006

Epoch 116: val_loss improved from 0.00022 to 0.00021, saving model to /p/project1/cesmtst/patakchiyousefi1/HPT/mse_64_0.0001_1e-17_0.5_4_8_16_0.5_128_0.4_unet-s_day05.h5

Epoch 117: val_loss did not improve from 0.00021

Epoch 118: val_loss improved from 0.00021 to 0.00020, saving model to /p/project1/cesmtst/patakchiyousefi1/HPT/mse_64_0.0001_1e-17_0.5_4_8_16_0.5_128_0.4_unet-s_day05.h5

Epoch 119: val_loss did not improve from 0.00020

Epoch 120: val_loss improved from 0.00020 to 0.00020, saving model to /p/project1/cesmtst/patakchiyousefi1/HPT/mse_64_0.0001_1e-17_0.5_4_8_16_0.5_128_0.4_unet-s_day05.h5

Epoch 27: val_loss improved from 0.00006 to 0.00006, saving model to /p/project1/cesmtst/patakchiyousefi1/HPT/mse_64_0.01_1e-17_0.5_4_1_16_0.5_128_0.4_unet-s_day05.h5

Epoch 121: val_loss improved from 0.00020 to 0.00019, saving model to /p/project1/cesmtst/patakchiyousefi1/HPT/mse_64_0.0001_1e-17_0.5_4_8_16_0.5_128_0.4_unet-s_day05.h5

Epoch 122: val_loss did not improve from 0.00019

Epoch 123: val_loss improved from 0.00019 to 0.00018, saving model to /p/project1/cesmtst/patakchiyousefi1/HPT/mse_64_0.0001_1e-17_0.5_4_8_16_0.5_128_0.4_unet-s_day05.h5

Epoch 124: val_loss did not improve from 0.00018

Epoch 28: val_loss did not improve from 0.00006

Epoch 125: val_loss improved from 0.00018 to 0.00017, saving model to /p/project1/cesmtst/patakchiyousefi1/HPT/mse_64_0.0001_1e-17_0.5_4_8_16_0.5_128_0.4_unet-s_day05.h5

Epoch 126: val_loss did not improve from 0.00017

Epoch 127: val_loss improved from 0.00017 to 0.00016, saving model to /p/project1/cesmtst/patakchiyousefi1/HPT/mse_64_0.0001_1e-17_0.5_4_8_16_0.5_128_0.4_unet-s_day05.h5

Epoch 128: val_loss did not improve from 0.00016
Saving and plotting the results...

Epoch 29: val_loss did not improve from 0.00006

Epoch 30: val_loss improved from 0.00006 to 0.00006, saving model to /p/project1/cesmtst/patakchiyousefi1/HPT/mse_64_0.01_1e-17_0.5_4_1_16_0.5_128_0.4_unet-s_day05.h5

Epoch 31: val_loss did not improve from 0.00006

Epoch 32: val_loss did not improve from 0.00006

Epoch 33: val_loss improved from 0.00006 to 0.00006, saving model to /p/project1/cesmtst/patakchiyousefi1/HPT/mse_64_0.01_1e-17_0.5_4_1_16_0.5_128_0.4_unet-s_day05.h5

Epoch 34: val_loss did not improve from 0.00006

Epoch 35: val_loss did not improve from 0.00006

Epoch 36: val_loss did not improve from 0.00006

Epoch 37: val_loss did not improve from 0.00006

Epoch 38: val_loss did not improve from 0.00006

Epoch 39: val_loss did not improve from 0.00006

Epoch 40: val_loss did not improve from 0.00006

Epoch 41: val_loss did not improve from 0.00006

Epoch 42: val_loss did not improve from 0.00006

Epoch 43: val_loss did not improve from 0.00006

Epoch 44: val_loss did not improve from 0.00006

Epoch 45: val_loss did not improve from 0.00006

Epoch 46: val_loss improved from 0.00006 to 0.00005, saving model to /p/project1/cesmtst/patakchiyousefi1/HPT/mse_64_0.01_1e-17_0.5_4_1_16_0.5_128_0.4_unet-s_day05.h5

Epoch 47: val_loss improved from 0.00005 to 0.00005, saving model to /p/project1/cesmtst/patakchiyousefi1/HPT/mse_64_0.01_1e-17_0.5_4_1_16_0.5_128_0.4_unet-s_day05.h5

Epoch 48: val_loss improved from 0.00005 to 0.00005, saving model to /p/project1/cesmtst/patakchiyousefi1/HPT/mse_64_0.01_1e-17_0.5_4_1_16_0.5_128_0.4_unet-s_day05.h5

Epoch 49: val_loss improved from 0.00005 to 0.00005, saving model to /p/project1/cesmtst/patakchiyousefi1/HPT/mse_64_0.01_1e-17_0.5_4_1_16_0.5_128_0.4_unet-s_day05.h5

Epoch 50: val_loss did not improve from 0.00005

Epoch 51: val_loss improved from 0.00005 to 0.00005, saving model to /p/project1/cesmtst/patakchiyousefi1/HPT/mse_64_0.01_1e-17_0.5_4_1_16_0.5_128_0.4_unet-s_day05.h5

Epoch 52: val_loss improved from 0.00005 to 0.00005, saving model to /p/project1/cesmtst/patakchiyousefi1/HPT/mse_64_0.01_1e-17_0.5_4_1_16_0.5_128_0.4_unet-s_day05.h5

Epoch 53: val_loss did not improve from 0.00005

Epoch 54: val_loss did not improve from 0.00005

Epoch 55: val_loss improved from 0.00005 to 0.00005, saving model to /p/project1/cesmtst/patakchiyousefi1/HPT/mse_64_0.01_1e-17_0.5_4_1_16_0.5_128_0.4_unet-s_day05.h5

Epoch 56: val_loss improved from 0.00005 to 0.00005, saving model to /p/project1/cesmtst/patakchiyousefi1/HPT/mse_64_0.01_1e-17_0.5_4_1_16_0.5_128_0.4_unet-s_day05.h5

Epoch 57: val_loss did not improve from 0.00005

Epoch 58: val_loss did not improve from 0.00005

Epoch 59: val_loss improved from 0.00005 to 0.00005, saving model to /p/project1/cesmtst/patakchiyousefi1/HPT/mse_64_0.01_1e-17_0.5_4_1_16_0.5_128_0.4_unet-s_day05.h5

Epoch 60: val_loss improved from 0.00005 to 0.00005, saving model to /p/project1/cesmtst/patakchiyousefi1/HPT/mse_64_0.01_1e-17_0.5_4_1_16_0.5_128_0.4_unet-s_day05.h5

Epoch 61: val_loss improved from 0.00005 to 0.00005, saving model to /p/project1/cesmtst/patakchiyousefi1/HPT/mse_64_0.01_1e-17_0.5_4_1_16_0.5_128_0.4_unet-s_day05.h5

Epoch 62: val_loss did not improve from 0.00005

Epoch 63: val_loss did not improve from 0.00005

Epoch 64: val_loss did not improve from 0.00005

Epoch 65: val_loss did not improve from 0.00005

Epoch 66: val_loss did not improve from 0.00005

Epoch 67: val_loss did not improve from 0.00005

Epoch 68: val_loss did not improve from 0.00005

Epoch 69: val_loss did not improve from 0.00005

Epoch 70: val_loss did not improve from 0.00005

Epoch 71: val_loss did not improve from 0.00005

Epoch 72: val_loss did not improve from 0.00005

Epoch 73: val_loss did not improve from 0.00005

Epoch 74: val_loss did not improve from 0.00005

Epoch 75: val_loss did not improve from 0.00005

Epoch 76: val_loss did not improve from 0.00005

Epoch 77: val_loss did not improve from 0.00005
Saving and plotting the results...
Run time for unet-s with leadtime 05: 10342 seconds
