No lead day provided. Using default hyperparameters - LR: 0.0001, BS: 32, DROPOUT: 0.1, UNET_TYPE: unet-l
Running DL_TRAIN.py for day10 with dropout=0, lr=0.01, bs=2, unet_type=unet-s-dw ...
Running DL_TRAIN.py for day10 with dropout=0, lr=0.01, bs=4, unet_type=unet-s-dw ...
Running DL_TRAIN.py for day10 with dropout=0, lr=0.01, bs=8, unet_type=unet-s-dw ...
Running DL_TRAIN.py for day10 with dropout=0, lr=0.01, bs=16, unet_type=unet-s-dw ...
Running DL_TRAIN.py for day10 with dropout=0, lr=0.001, bs=2, unet_type=unet-s-dw ...
Running DL_TRAIN.py for day10 with dropout=0, lr=0.001, bs=4, unet_type=unet-s-dw ...
Running DL_TRAIN.py for day10 with dropout=0, lr=0.001, bs=8, unet_type=unet-s-dw ...
Running DL_TRAIN.py for day10 with dropout=0, lr=0.001, bs=16, unet_type=unet-s-dw ...
Running DL_TRAIN.py for day10 with dropout=0, lr=0.0001, bs=2, unet_type=unet-s-dw ...
Running DL_TRAIN.py for day10 with dropout=0, lr=0.0001, bs=4, unet_type=unet-s-dw ...
Running DL_TRAIN.py for day10 with dropout=0, lr=0.0001, bs=8, unet_type=unet-s-dw ...
Running DL_TRAIN.py for day10 with dropout=0, lr=0.0001, bs=16, unet_type=unet-s-dw ...
Running DL_TRAIN.py for day10 with dropout=0, lr=0.00001, bs=2, unet_type=unet-s-dw ...
Running DL_TRAIN.py for day10 with dropout=0, lr=0.00001, bs=4, unet_type=unet-s-dw ...
Running DL_TRAIN.py for day10 with dropout=0, lr=0.00001, bs=8, unet_type=unet-s-dw ...
Running DL_TRAIN.py for day10 with dropout=0, lr=0.00001, bs=16, unet_type=unet-s-dw ...
Running DL_TRAIN.py for day10 with dropout=0.1, lr=0.01, bs=2, unet_type=unet-s-dw ...
Running DL_TRAIN.py for day10 with dropout=0.1, lr=0.01, bs=4, unet_type=unet-s-dw ...
Running DL_TRAIN.py for day10 with dropout=0.1, lr=0.01, bs=8, unet_type=unet-s-dw ...
Running DL_TRAIN.py for day10 with dropout=0.1, lr=0.01, bs=16, unet_type=unet-s-dw ...
Running DL_TRAIN.py for day10 with dropout=0.1, lr=0.001, bs=2, unet_type=unet-s-dw ...
Running DL_TRAIN.py for day10 with dropout=0.1, lr=0.001, bs=4, unet_type=unet-s-dw ...
Running DL_TRAIN.py for day10 with dropout=0.1, lr=0.001, bs=8, unet_type=unet-s-dw ...
Running DL_TRAIN.py for day10 with dropout=0.1, lr=0.001, bs=16, unet_type=unet-s-dw ...
Running DL_TRAIN.py for day10 with dropout=0.1, lr=0.0001, bs=2, unet_type=unet-s-dw ...
Running DL_TRAIN.py for day10 with dropout=0.1, lr=0.0001, bs=4, unet_type=unet-s-dw ...
Running DL_TRAIN.py for day10 with dropout=0.1, lr=0.0001, bs=8, unet_type=unet-s-dw ...
Running DL_TRAIN.py for day10 with dropout=0.1, lr=0.0001, bs=16, unet_type=unet-s-dw ...
Running DL_TRAIN.py for day10 with dropout=0.1, lr=0.00001, bs=2, unet_type=unet-s-dw ...
Running DL_TRAIN.py for day10 with dropout=0.1, lr=0.00001, bs=4, unet_type=unet-s-dw ...
Running DL_TRAIN.py for day10 with dropout=0.1, lr=0.00001, bs=8, unet_type=unet-s-dw ...
Running DL_TRAIN.py for day10 with dropout=0.1, lr=0.00001, bs=16, unet_type=unet-s-dw ...
Running DL_TRAIN.py for day10 with dropout=0.2, lr=0.01, bs=2, unet_type=unet-s-dw ...
Running DL_TRAIN.py for day10 with dropout=0.2, lr=0.01, bs=4, unet_type=unet-s-dw ...
Running DL_TRAIN.py for day10 with dropout=0.2, lr=0.01, bs=8, unet_type=unet-s-dw ...
Running DL_TRAIN.py for day10 with dropout=0.2, lr=0.01, bs=16, unet_type=unet-s-dw ...
Running DL_TRAIN.py for day10 with dropout=0.2, lr=0.001, bs=2, unet_type=unet-s-dw ...
Running DL_TRAIN.py for day10 with dropout=0.2, lr=0.001, bs=4, unet_type=unet-s-dw ...
Running DL_TRAIN.py for day10 with dropout=0.2, lr=0.001, bs=8, unet_type=unet-s-dw ...
Running DL_TRAIN.py for day10 with dropout=0.2, lr=0.001, bs=16, unet_type=unet-s-dw ...
Running DL_TRAIN.py for day10 with dropout=0.2, lr=0.0001, bs=2, unet_type=unet-s-dw ...
Running DL_TRAIN.py for day10 with dropout=0.2, lr=0.0001, bs=4, unet_type=unet-s-dw ...
Running DL_TRAIN.py for day10 with dropout=0.2, lr=0.0001, bs=8, unet_type=unet-s-dw ...
Running DL_TRAIN.py for day10 with dropout=0.2, lr=0.0001, bs=16, unet_type=unet-s-dw ...
Running DL_TRAIN.py for day10 with dropout=0.2, lr=0.00001, bs=2, unet_type=unet-s-dw ...
Running DL_TRAIN.py for day10 with dropout=0.2, lr=0.00001, bs=4, unet_type=unet-s-dw ...
Running DL_TRAIN.py for day10 with dropout=0.2, lr=0.00001, bs=8, unet_type=unet-s-dw ...
Running DL_TRAIN.py for day10 with dropout=0.2, lr=0.00001, bs=16, unet_type=unet-s-dw ...
Running DL_TRAIN.py for day10 with dropout=0.3, lr=0.01, bs=2, unet_type=unet-s-dw ...
Running DL_TRAIN.py for day10 with dropout=0.3, lr=0.01, bs=4, unet_type=unet-s-dw ...
Running DL_TRAIN.py for day10 with dropout=0.3, lr=0.01, bs=8, unet_type=unet-s-dw ...
Running DL_TRAIN.py for day10 with dropout=0.3, lr=0.01, bs=16, unet_type=unet-s-dw ...
Running DL_TRAIN.py for day10 with dropout=0.3, lr=0.001, bs=2, unet_type=unet-s-dw ...
Running DL_TRAIN.py for day10 with dropout=0.3, lr=0.001, bs=4, unet_type=unet-s-dw ...
Running DL_TRAIN.py for day10 with dropout=0.3, lr=0.001, bs=8, unet_type=unet-s-dw ...
Running DL_TRAIN.py for day10 with dropout=0.3, lr=0.001, bs=16, unet_type=unet-s-dw ...
Running DL_TRAIN.py for day10 with dropout=0.3, lr=0.0001, bs=2, unet_type=unet-s-dw ...
Running DL_TRAIN.py for day10 with dropout=0.3, lr=0.0001, bs=4, unet_type=unet-s-dw ...
Running DL_TRAIN.py for day10 with dropout=0.3, lr=0.0001, bs=8, unet_type=unet-s-dw ...
Running DL_TRAIN.py for day10 with dropout=0.3, lr=0.0001, bs=16, unet_type=unet-s-dw ...
Running DL_TRAIN.py for day10 with dropout=0.3, lr=0.00001, bs=2, unet_type=unet-s-dw ...
Running DL_TRAIN.py for day10 with dropout=0.3, lr=0.00001, bs=4, unet_type=unet-s-dw ...
Running DL_TRAIN.py for day10 with dropout=0.3, lr=0.00001, bs=8, unet_type=unet-s-dw ...
Running DL_TRAIN.py for day10 with dropout=0.3, lr=0.00001, bs=16, unet_type=unet-s-dw ...
train_data_hourly_pr_['ADAPTER_DE05.day10.merged.nc']_['ADAPTER_DE05.day01.merged.nc']_MM_6__spatiotemporal_128.256_2018-01-01T13_2022-12-31T23_no_na_land
Loading training data...
Data loaded!
mse_64_0.01_1e-17_0.5_4_16_16_0.5_128_0.0_unet-s-dw_day10
Training the model...

Epoch 1: val_loss improved from inf to 0.00053, saving model to /p/project1/cesmtst/patakchiyousefi1/HPT/mse_64_0.01_1e-17_0.5_4_16_16_0.5_128_0.0_unet-s-dw_day10.h5
train_data_hourly_pr_['ADAPTER_DE05.day10.merged.nc']_['ADAPTER_DE05.day01.merged.nc']_MM_6__spatiotemporal_128.256_2018-01-01T13_2022-12-31T23_no_na_land
Loading training data...
Data loaded!
mse_64_0.001_1e-17_0.5_4_16_16_0.5_128_0.0_unet-s-dw_day10
Training the model...

Epoch 1: val_loss improved from inf to 0.02464, saving model to /p/project1/cesmtst/patakchiyousefi1/HPT/mse_64_0.001_1e-17_0.5_4_16_16_0.5_128_0.0_unet-s-dw_day10.h5
train_data_hourly_pr_['ADAPTER_DE05.day10.merged.nc']_['ADAPTER_DE05.day01.merged.nc']_MM_6__spatiotemporal_128.256_2018-01-01T13_2022-12-31T23_no_na_land
Loading training data...
Data loaded!
mse_64_0.0001_1e-17_0.5_4_16_16_0.5_128_0.0_unet-s-dw_day10
Training the model...

Epoch 1: val_loss improved from inf to 0.02387, saving model to /p/project1/cesmtst/patakchiyousefi1/HPT/mse_64_0.0001_1e-17_0.5_4_16_16_0.5_128_0.0_unet-s-dw_day10.h5
train_data_hourly_pr_['ADAPTER_DE05.day10.merged.nc']_['ADAPTER_DE05.day01.merged.nc']_MM_6__spatiotemporal_128.256_2018-01-01T13_2022-12-31T23_no_na_land
Loading training data...
Data loaded!
mse_64_0.001_1e-17_0.5_4_8_16_0.5_128_0.0_unet-s-dw_day10
Training the model...

Epoch 1: val_loss improved from inf to 0.00040, saving model to /p/project1/cesmtst/patakchiyousefi1/HPT/mse_64_0.001_1e-17_0.5_4_8_16_0.5_128_0.0_unet-s-dw_day10.h5
train_data_hourly_pr_['ADAPTER_DE05.day10.merged.nc']_['ADAPTER_DE05.day01.merged.nc']_MM_6__spatiotemporal_128.256_2018-01-01T13_2022-12-31T23_no_na_land
Loading training data...
Data loaded!
mse_64_1e-05_1e-17_0.5_4_16_16_0.5_128_0.0_unet-s-dw_day10
Training the model...

Epoch 1: val_loss improved from inf to 0.10913, saving model to /p/project1/cesmtst/patakchiyousefi1/HPT/mse_64_1e-05_1e-17_0.5_4_16_16_0.5_128_0.0_unet-s-dw_day10.h5
train_data_hourly_pr_['ADAPTER_DE05.day10.merged.nc']_['ADAPTER_DE05.day01.merged.nc']_MM_6__spatiotemporal_128.256_2018-01-01T13_2022-12-31T23_no_na_land
Loading training data...
Data loaded!
mse_64_0.0001_1e-17_0.5_4_8_16_0.5_128_0.0_unet-s-dw_day10
Training the model...

Epoch 1: val_loss improved from inf to 0.01273, saving model to /p/project1/cesmtst/patakchiyousefi1/HPT/mse_64_0.0001_1e-17_0.5_4_8_16_0.5_128_0.0_unet-s-dw_day10.h5
train_data_hourly_pr_['ADAPTER_DE05.day10.merged.nc']_['ADAPTER_DE05.day01.merged.nc']_MM_6__spatiotemporal_128.256_2018-01-01T13_2022-12-31T23_no_na_land
Loading training data...
Data loaded!
mse_64_0.01_1e-17_0.5_4_8_16_0.5_128_0.0_unet-s-dw_day10
Training the model...

Epoch 1: val_loss improved from inf to 0.00031, saving model to /p/project1/cesmtst/patakchiyousefi1/HPT/mse_64_0.01_1e-17_0.5_4_8_16_0.5_128_0.0_unet-s-dw_day10.h5
train_data_hourly_pr_['ADAPTER_DE05.day10.merged.nc']_['ADAPTER_DE05.day01.merged.nc']_MM_6__spatiotemporal_128.256_2018-01-01T13_2022-12-31T23_no_na_land
Loading training data...
Data loaded!
mse_64_1e-05_1e-17_0.5_4_8_16_0.5_128_0.0_unet-s-dw_day10
Training the model...

Epoch 1: val_loss improved from inf to 0.03161, saving model to /p/project1/cesmtst/patakchiyousefi1/HPT/mse_64_1e-05_1e-17_0.5_4_8_16_0.5_128_0.0_unet-s-dw_day10.h5

Epoch 2: val_loss improved from 0.00053 to 0.00028, saving model to /p/project1/cesmtst/patakchiyousefi1/HPT/mse_64_0.01_1e-17_0.5_4_16_16_0.5_128_0.0_unet-s-dw_day10.h5

Epoch 2: val_loss did not improve from 0.02464
train_data_hourly_pr_['ADAPTER_DE05.day10.merged.nc']_['ADAPTER_DE05.day01.merged.nc']_MM_6__spatiotemporal_128.256_2018-01-01T13_2022-12-31T23_no_na_land
Loading training data...
Data loaded!
mse_64_0.01_1e-17_0.5_4_8_16_0.5_128_0.1_unet-s-dw_day10
Training the model...

Epoch 1: val_loss improved from inf to 0.00005, saving model to /p/project1/cesmtst/patakchiyousefi1/HPT/mse_64_0.01_1e-17_0.5_4_8_16_0.5_128_0.1_unet-s-dw_day10.h5
train_data_hourly_pr_['ADAPTER_DE05.day10.merged.nc']_['ADAPTER_DE05.day01.merged.nc']_MM_6__spatiotemporal_128.256_2018-01-01T13_2022-12-31T23_no_na_land
Loading training data...
Data loaded!
mse_64_0.001_1e-17_0.5_4_16_16_0.5_128_0.1_unet-s-dw_day10
Training the model...

Epoch 1: val_loss improved from inf to 0.00046, saving model to /p/project1/cesmtst/patakchiyousefi1/HPT/mse_64_0.001_1e-17_0.5_4_16_16_0.5_128_0.1_unet-s-dw_day10.h5

Epoch 2: val_loss did not improve from 0.02387
train_data_hourly_pr_['ADAPTER_DE05.day10.merged.nc']_['ADAPTER_DE05.day01.merged.nc']_MM_6__spatiotemporal_128.256_2018-01-01T13_2022-12-31T23_no_na_land
Loading training data...
Data loaded!
mse_64_0.001_1e-17_0.5_4_8_16_0.5_128_0.1_unet-s-dw_day10
Training the model...

Epoch 1: val_loss improved from inf to 0.00006, saving model to /p/project1/cesmtst/patakchiyousefi1/HPT/mse_64_0.001_1e-17_0.5_4_8_16_0.5_128_0.1_unet-s-dw_day10.h5
train_data_hourly_pr_['ADAPTER_DE05.day10.merged.nc']_['ADAPTER_DE05.day01.merged.nc']_MM_6__spatiotemporal_128.256_2018-01-01T13_2022-12-31T23_no_na_land
Loading training data...
Data loaded!
mse_64_0.0001_1e-17_0.5_4_16_16_0.5_128_0.1_unet-s-dw_day10
Training the model...

Epoch 1: val_loss improved from inf to 0.00175, saving model to /p/project1/cesmtst/patakchiyousefi1/HPT/mse_64_0.0001_1e-17_0.5_4_16_16_0.5_128_0.1_unet-s-dw_day10.h5

Epoch 2: val_loss did not improve from 0.10913
train_data_hourly_pr_['ADAPTER_DE05.day10.merged.nc']_['ADAPTER_DE05.day01.merged.nc']_MM_6__spatiotemporal_128.256_2018-01-01T13_2022-12-31T23_no_na_land
Loading training data...
Data loaded!
mse_64_1e-05_1e-17_0.5_4_4_16_0.5_128_0.0_unet-s-dw_day10
Training the model...

Epoch 1: val_loss improved from inf to 0.09633, saving model to /p/project1/cesmtst/patakchiyousefi1/HPT/mse_64_1e-05_1e-17_0.5_4_4_16_0.5_128_0.0_unet-s-dw_day10.h5

Epoch 2: val_loss did not improve from 0.00040
train_data_hourly_pr_['ADAPTER_DE05.day10.merged.nc']_['ADAPTER_DE05.day01.merged.nc']_MM_6__spatiotemporal_128.256_2018-01-01T13_2022-12-31T23_no_na_land
Loading training data...
Data loaded!
mse_64_0.0001_1e-17_0.5_4_8_16_0.5_128_0.1_unet-s-dw_day10
Training the model...

Epoch 1: val_loss improved from inf to 0.00029, saving model to /p/project1/cesmtst/patakchiyousefi1/HPT/mse_64_0.0001_1e-17_0.5_4_8_16_0.5_128_0.1_unet-s-dw_day10.h5
train_data_hourly_pr_['ADAPTER_DE05.day10.merged.nc']_['ADAPTER_DE05.day01.merged.nc']_MM_6__spatiotemporal_128.256_2018-01-01T13_2022-12-31T23_no_na_land
Loading training data...
Data loaded!
mse_64_1e-05_1e-17_0.5_4_16_16_0.5_128_0.1_unet-s-dw_day10
Training the model...

Epoch 1: val_loss improved from inf to 0.00883, saving model to /p/project1/cesmtst/patakchiyousefi1/HPT/mse_64_1e-05_1e-17_0.5_4_16_16_0.5_128_0.1_unet-s-dw_day10.h5
train_data_hourly_pr_['ADAPTER_DE05.day10.merged.nc']_['ADAPTER_DE05.day01.merged.nc']_MM_6__spatiotemporal_128.256_2018-01-01T13_2022-12-31T23_no_na_land
Loading training data...
Data loaded!
mse_64_0.001_1e-17_0.5_4_4_16_0.5_128_0.0_unet-s-dw_day10
Training the model...

Epoch 1: val_loss improved from inf to 0.03326, saving model to /p/project1/cesmtst/patakchiyousefi1/HPT/mse_64_0.001_1e-17_0.5_4_4_16_0.5_128_0.0_unet-s-dw_day10.h5

Epoch 3: val_loss did not improve from 0.00028
train_data_hourly_pr_['ADAPTER_DE05.day10.merged.nc']_['ADAPTER_DE05.day01.merged.nc']_MM_6__spatiotemporal_128.256_2018-01-01T13_2022-12-31T23_no_na_land
Loading training data...
Data loaded!
mse_64_0.01_1e-17_0.5_4_4_16_0.5_128_0.0_unet-s-dw_day10
Training the model...

Epoch 1: val_loss improved from inf to 0.00010, saving model to /p/project1/cesmtst/patakchiyousefi1/HPT/mse_64_0.01_1e-17_0.5_4_4_16_0.5_128_0.0_unet-s-dw_day10.h5
train_data_hourly_pr_['ADAPTER_DE05.day10.merged.nc']_['ADAPTER_DE05.day01.merged.nc']_MM_6__spatiotemporal_128.256_2018-01-01T13_2022-12-31T23_no_na_land
Loading training data...
Data loaded!
mse_64_1e-05_1e-17_0.5_4_8_16_0.5_128_0.1_unet-s-dw_day10
Training the model...

Epoch 1: val_loss improved from inf to 0.00559, saving model to /p/project1/cesmtst/patakchiyousefi1/HPT/mse_64_1e-05_1e-17_0.5_4_8_16_0.5_128_0.1_unet-s-dw_day10.h5
train_data_hourly_pr_['ADAPTER_DE05.day10.merged.nc']_['ADAPTER_DE05.day01.merged.nc']_MM_6__spatiotemporal_128.256_2018-01-01T13_2022-12-31T23_no_na_land
Loading training data...
Data loaded!
mse_64_0.01_1e-17_0.5_4_16_16_0.5_128_0.1_unet-s-dw_day10
Training the model...

Epoch 1: val_loss improved from inf to 0.00139, saving model to /p/project1/cesmtst/patakchiyousefi1/HPT/mse_64_0.01_1e-17_0.5_4_16_16_0.5_128_0.1_unet-s-dw_day10.h5
train_data_hourly_pr_['ADAPTER_DE05.day10.merged.nc']_['ADAPTER_DE05.day01.merged.nc']_MM_6__spatiotemporal_128.256_2018-01-01T13_2022-12-31T23_no_na_land
Loading training data...
Data loaded!
mse_64_0.01_1e-17_0.5_4_16_16_0.5_128_0.2_unet-s-dw_day10
Training the model...

Epoch 1: val_loss improved from inf to 0.00078, saving model to /p/project1/cesmtst/patakchiyousefi1/HPT/mse_64_0.01_1e-17_0.5_4_16_16_0.5_128_0.2_unet-s-dw_day10.h5

Epoch 2: val_loss did not improve from 0.01273

Epoch 2: val_loss did not improve from 0.00031

Epoch 3: val_loss did not improve from 0.02464
train_data_hourly_pr_['ADAPTER_DE05.day10.merged.nc']_['ADAPTER_DE05.day01.merged.nc']_MM_6__spatiotemporal_128.256_2018-01-01T13_2022-12-31T23_no_na_land
Loading training data...
Data loaded!
mse_64_0.01_1e-17_0.5_4_4_16_0.5_128_0.1_unet-s-dw_day10
Training the model...

Epoch 1: val_loss improved from inf to 0.00021, saving model to /p/project1/cesmtst/patakchiyousefi1/HPT/mse_64_0.01_1e-17_0.5_4_4_16_0.5_128_0.1_unet-s-dw_day10.h5

Epoch 2: val_loss did not improve from 0.03161
