2024-09-16 21:50:41.675720: I tensorflow/core/common_runtime/gpu/gpu_device.cc:1613] Created device /job:localhost/replica:0/task:0/device:GPU:0 with 38364 MB memory:  -> device: 0, name: NVIDIA A100-SXM4-40GB, pci bus id: 0000:03:00.0, compute capability: 8.0
2024-09-16 21:50:41.679062: I tensorflow/core/common_runtime/gpu/gpu_device.cc:1613] Created device /job:localhost/replica:0/task:0/device:GPU:1 with 38364 MB memory:  -> device: 1, name: NVIDIA A100-SXM4-40GB, pci bus id: 0000:44:00.0, compute capability: 8.0
2024-09-16 21:50:41.680651: I tensorflow/core/common_runtime/gpu/gpu_device.cc:1613] Created device /job:localhost/replica:0/task:0/device:GPU:2 with 38364 MB memory:  -> device: 2, name: NVIDIA A100-SXM4-40GB, pci bus id: 0000:84:00.0, compute capability: 8.0
2024-09-16 21:50:41.683320: I tensorflow/core/common_runtime/gpu/gpu_device.cc:1613] Created device /job:localhost/replica:0/task:0/device:GPU:3 with 38364 MB memory:  -> device: 3, name: NVIDIA A100-SXM4-40GB, pci bus id: 0000:c4:00.0, compute capability: 8.0
2024-09-16 21:50:45.306055: I tensorflow/core/common_runtime/gpu/gpu_device.cc:1613] Created device /job:localhost/replica:0/task:0/device:GPU:0 with 38364 MB memory:  -> device: 0, name: NVIDIA A100-SXM4-40GB, pci bus id: 0000:03:00.0, compute capability: 8.0
2024-09-16 21:50:45.308033: I tensorflow/core/common_runtime/gpu/gpu_device.cc:1613] Created device /job:localhost/replica:0/task:0/device:GPU:1 with 38364 MB memory:  -> device: 1, name: NVIDIA A100-SXM4-40GB, pci bus id: 0000:44:00.0, compute capability: 8.0
2024-09-16 21:50:45.310643: I tensorflow/core/common_runtime/gpu/gpu_device.cc:1613] Created device /job:localhost/replica:0/task:0/device:GPU:2 with 38364 MB memory:  -> device: 2, name: NVIDIA A100-SXM4-40GB, pci bus id: 0000:84:00.0, compute capability: 8.0
2024-09-16 21:50:45.312329: I tensorflow/core/common_runtime/gpu/gpu_device.cc:1613] Created device /job:localhost/replica:0/task:0/device:GPU:3 with 38364 MB memory:  -> device: 3, name: NVIDIA A100-SXM4-40GB, pci bus id: 0000:c4:00.0, compute capability: 8.0
2024-09-16 21:50:47.712082: I tensorflow/core/common_runtime/gpu/gpu_device.cc:1613] Created device /job:localhost/replica:0/task:0/device:GPU:0 with 38364 MB memory:  -> device: 0, name: NVIDIA A100-SXM4-40GB, pci bus id: 0000:03:00.0, compute capability: 8.0
2024-09-16 21:50:47.713982: I tensorflow/core/common_runtime/gpu/gpu_device.cc:1613] Created device /job:localhost/replica:0/task:0/device:GPU:1 with 38364 MB memory:  -> device: 1, name: NVIDIA A100-SXM4-40GB, pci bus id: 0000:44:00.0, compute capability: 8.0
2024-09-16 21:50:47.715695: I tensorflow/core/common_runtime/gpu/gpu_device.cc:1613] Created device /job:localhost/replica:0/task:0/device:GPU:2 with 38364 MB memory:  -> device: 2, name: NVIDIA A100-SXM4-40GB, pci bus id: 0000:84:00.0, compute capability: 8.0
2024-09-16 21:50:47.718123: I tensorflow/core/common_runtime/gpu/gpu_device.cc:1613] Created device /job:localhost/replica:0/task:0/device:GPU:3 with 38364 MB memory:  -> device: 3, name: NVIDIA A100-SXM4-40GB, pci bus id: 0000:c4:00.0, compute capability: 8.0
2024-09-16 21:50:52.837896: I tensorflow/core/common_runtime/gpu/gpu_device.cc:1613] Created device /job:localhost/replica:0/task:0/device:GPU:0 with 38364 MB memory:  -> device: 0, name: NVIDIA A100-SXM4-40GB, pci bus id: 0000:03:00.0, compute capability: 8.0
2024-09-16 21:50:52.841005: I tensorflow/core/common_runtime/gpu/gpu_device.cc:1613] Created device /job:localhost/replica:0/task:0/device:GPU:1 with 38364 MB memory:  -> device: 1, name: NVIDIA A100-SXM4-40GB, pci bus id: 0000:44:00.0, compute capability: 8.0
2024-09-16 21:50:52.842691: I tensorflow/core/common_runtime/gpu/gpu_device.cc:1613] Created device /job:localhost/replica:0/task:0/device:GPU:2 with 38364 MB memory:  -> device: 2, name: NVIDIA A100-SXM4-40GB, pci bus id: 0000:84:00.0, compute capability: 8.0
2024-09-16 21:50:52.844463: I tensorflow/core/common_runtime/gpu/gpu_device.cc:1613] Created device /job:localhost/replica:0/task:0/device:GPU:3 with 38364 MB memory:  -> device: 3, name: NVIDIA A100-SXM4-40GB, pci bus id: 0000:c4:00.0, compute capability: 8.0
2024-09-16 21:50:56.578992: I tensorflow/core/common_runtime/gpu/gpu_device.cc:1613] Created device /job:localhost/replica:0/task:0/device:GPU:0 with 38364 MB memory:  -> device: 0, name: NVIDIA A100-SXM4-40GB, pci bus id: 0000:03:00.0, compute capability: 8.0
2024-09-16 21:50:56.581792: I tensorflow/core/common_runtime/gpu/gpu_device.cc:1613] Created device /job:localhost/replica:0/task:0/device:GPU:1 with 38364 MB memory:  -> device: 1, name: NVIDIA A100-SXM4-40GB, pci bus id: 0000:44:00.0, compute capability: 8.0
2024-09-16 21:50:56.583368: I tensorflow/core/common_runtime/gpu/gpu_device.cc:1613] Created device /job:localhost/replica:0/task:0/device:GPU:2 with 38364 MB memory:  -> device: 2, name: NVIDIA A100-SXM4-40GB, pci bus id: 0000:84:00.0, compute capability: 8.0
2024-09-16 21:50:56.584972: I tensorflow/core/common_runtime/gpu/gpu_device.cc:1613] Created device /job:localhost/replica:0/task:0/device:GPU:3 with 38364 MB memory:  -> device: 3, name: NVIDIA A100-SXM4-40GB, pci bus id: 0000:c4:00.0, compute capability: 8.0
2024-09-16 21:51:01.944813: I tensorflow/core/common_runtime/gpu/gpu_device.cc:1613] Created device /job:localhost/replica:0/task:0/device:GPU:0 with 38364 MB memory:  -> device: 0, name: NVIDIA A100-SXM4-40GB, pci bus id: 0000:03:00.0, compute capability: 8.0
2024-09-16 21:51:01.947990: I tensorflow/core/common_runtime/gpu/gpu_device.cc:1613] Created device /job:localhost/replica:0/task:0/device:GPU:1 with 38364 MB memory:  -> device: 1, name: NVIDIA A100-SXM4-40GB, pci bus id: 0000:44:00.0, compute capability: 8.0
2024-09-16 21:51:01.950651: I tensorflow/core/common_runtime/gpu/gpu_device.cc:1613] Created device /job:localhost/replica:0/task:0/device:GPU:2 with 38364 MB memory:  -> device: 2, name: NVIDIA A100-SXM4-40GB, pci bus id: 0000:84:00.0, compute capability: 8.0
2024-09-16 21:51:01.952366: I tensorflow/core/common_runtime/gpu/gpu_device.cc:1613] Created device /job:localhost/replica:0/task:0/device:GPU:3 with 38364 MB memory:  -> device: 3, name: NVIDIA A100-SXM4-40GB, pci bus id: 0000:c4:00.0, compute capability: 8.0
2024-09-16 21:51:03.779101: I tensorflow/compiler/xla/stream_executor/cuda/cuda_dnn.cc:428] Loaded cuDNN version 8600
2024-09-16 21:51:04.622687: I tensorflow/core/common_runtime/gpu/gpu_device.cc:1613] Created device /job:localhost/replica:0/task:0/device:GPU:0 with 38364 MB memory:  -> device: 0, name: NVIDIA A100-SXM4-40GB, pci bus id: 0000:03:00.0, compute capability: 8.0
2024-09-16 21:51:04.626329: I tensorflow/core/common_runtime/gpu/gpu_device.cc:1613] Created device /job:localhost/replica:0/task:0/device:GPU:1 with 38364 MB memory:  -> device: 1, name: NVIDIA A100-SXM4-40GB, pci bus id: 0000:44:00.0, compute capability: 8.0
2024-09-16 21:51:04.629332: I tensorflow/core/common_runtime/gpu/gpu_device.cc:1613] Created device /job:localhost/replica:0/task:0/device:GPU:2 with 38364 MB memory:  -> device: 2, name: NVIDIA A100-SXM4-40GB, pci bus id: 0000:84:00.0, compute capability: 8.0
2024-09-16 21:51:04.634233: I tensorflow/core/common_runtime/gpu/gpu_device.cc:1613] Created device /job:localhost/replica:0/task:0/device:GPU:3 with 38364 MB memory:  -> device: 3, name: NVIDIA A100-SXM4-40GB, pci bus id: 0000:c4:00.0, compute capability: 8.0
2024-09-16 21:51:06.925233: I tensorflow/compiler/xla/stream_executor/cuda/cuda_dnn.cc:428] Loaded cuDNN version 8600
2024-09-16 21:51:07.247532: I tensorflow/compiler/xla/stream_executor/cuda/cuda_dnn.cc:428] Loaded cuDNN version 8600
2024-09-16 21:51:09.305032: I tensorflow/compiler/xla/stream_executor/cuda/cuda_dnn.cc:428] Loaded cuDNN version 8600
2024-09-16 21:51:09.451886: I tensorflow/compiler/xla/service/service.cc:173] XLA service 0x14caf0002dd0 initialized for platform CUDA (this does not guarantee that XLA will be used). Devices:
2024-09-16 21:51:09.451957: I tensorflow/compiler/xla/service/service.cc:181]   StreamExecutor device (0): NVIDIA A100-SXM4-40GB, Compute Capability 8.0
2024-09-16 21:51:09.451967: I tensorflow/compiler/xla/service/service.cc:181]   StreamExecutor device (1): NVIDIA A100-SXM4-40GB, Compute Capability 8.0
2024-09-16 21:51:09.451975: I tensorflow/compiler/xla/service/service.cc:181]   StreamExecutor device (2): NVIDIA A100-SXM4-40GB, Compute Capability 8.0
2024-09-16 21:51:09.451982: I tensorflow/compiler/xla/service/service.cc:181]   StreamExecutor device (3): NVIDIA A100-SXM4-40GB, Compute Capability 8.0
2024-09-16 21:51:09.482246: I tensorflow/compiler/mlir/tensorflow/utils/dump_mlir_util.cc:268] disabling MLIR crash reproducer, set env var `MLIR_CRASH_REPRODUCER_DIRECTORY` to enable.
2024-09-16 21:51:09.522245: I tensorflow/core/common_runtime/gpu/gpu_device.cc:1613] Created device /job:localhost/replica:0/task:0/device:GPU:0 with 38364 MB memory:  -> device: 0, name: NVIDIA A100-SXM4-40GB, pci bus id: 0000:03:00.0, compute capability: 8.0
2024-09-16 21:51:09.524045: I tensorflow/core/common_runtime/gpu/gpu_device.cc:1613] Created device /job:localhost/replica:0/task:0/device:GPU:1 with 38364 MB memory:  -> device: 1, name: NVIDIA A100-SXM4-40GB, pci bus id: 0000:44:00.0, compute capability: 8.0
2024-09-16 21:51:09.527364: I tensorflow/core/common_runtime/gpu/gpu_device.cc:1613] Created device /job:localhost/replica:0/task:0/device:GPU:2 with 38364 MB memory:  -> device: 2, name: NVIDIA A100-SXM4-40GB, pci bus id: 0000:84:00.0, compute capability: 8.0
2024-09-16 21:51:09.530123: I tensorflow/core/common_runtime/gpu/gpu_device.cc:1613] Created device /job:localhost/replica:0/task:0/device:GPU:3 with 38364 MB memory:  -> device: 3, name: NVIDIA A100-SXM4-40GB, pci bus id: 0000:c4:00.0, compute capability: 8.0
2024-09-16 21:51:09.755616: I tensorflow/compiler/xla/stream_executor/cuda/cuda_dnn.cc:428] Loaded cuDNN version 8600
2024-09-16 21:51:09.776879: I tensorflow/compiler/jit/xla_compilation_cache.cc:477] Compiled cluster using XLA!  This line is logged at most once for the lifetime of the process.
2024-09-16 21:51:10.326348: I tensorflow/compiler/xla/stream_executor/cuda/cuda_dnn.cc:428] Loaded cuDNN version 8600
2024-09-16 21:51:10.808914: I tensorflow/compiler/xla/stream_executor/cuda/cuda_dnn.cc:428] Loaded cuDNN version 8600
2024-09-16 21:51:12.290176: I tensorflow/compiler/xla/service/service.cc:173] XLA service 0x669916d0 initialized for platform CUDA (this does not guarantee that XLA will be used). Devices:
2024-09-16 21:51:12.290252: I tensorflow/compiler/xla/service/service.cc:181]   StreamExecutor device (0): NVIDIA A100-SXM4-40GB, Compute Capability 8.0
2024-09-16 21:51:12.290261: I tensorflow/compiler/xla/service/service.cc:181]   StreamExecutor device (1): NVIDIA A100-SXM4-40GB, Compute Capability 8.0
2024-09-16 21:51:12.290267: I tensorflow/compiler/xla/service/service.cc:181]   StreamExecutor device (2): NVIDIA A100-SXM4-40GB, Compute Capability 8.0
2024-09-16 21:51:12.290275: I tensorflow/compiler/xla/service/service.cc:181]   StreamExecutor device (3): NVIDIA A100-SXM4-40GB, Compute Capability 8.0
2024-09-16 21:51:12.312912: I tensorflow/compiler/mlir/tensorflow/utils/dump_mlir_util.cc:268] disabling MLIR crash reproducer, set env var `MLIR_CRASH_REPRODUCER_DIRECTORY` to enable.
2024-09-16 21:51:12.605042: I tensorflow/compiler/jit/xla_compilation_cache.cc:477] Compiled cluster using XLA!  This line is logged at most once for the lifetime of the process.
2024-09-16 21:51:14.361435: I tensorflow/compiler/xla/stream_executor/cuda/cuda_dnn.cc:428] Loaded cuDNN version 8600
2024-09-16 21:51:14.832256: I tensorflow/compiler/xla/stream_executor/cuda/cuda_dnn.cc:428] Loaded cuDNN version 8600
2024-09-16 21:51:15.396096: I tensorflow/compiler/xla/stream_executor/cuda/cuda_dnn.cc:428] Loaded cuDNN version 8600
2024-09-16 21:51:15.774652: I tensorflow/compiler/xla/service/service.cc:173] XLA service 0x73864e30 initialized for platform CUDA (this does not guarantee that XLA will be used). Devices:
2024-09-16 21:51:15.774728: I tensorflow/compiler/xla/service/service.cc:181]   StreamExecutor device (0): NVIDIA A100-SXM4-40GB, Compute Capability 8.0
2024-09-16 21:51:15.774736: I tensorflow/compiler/xla/service/service.cc:181]   StreamExecutor device (1): NVIDIA A100-SXM4-40GB, Compute Capability 8.0
2024-09-16 21:51:15.774742: I tensorflow/compiler/xla/service/service.cc:181]   StreamExecutor device (2): NVIDIA A100-SXM4-40GB, Compute Capability 8.0
2024-09-16 21:51:15.774748: I tensorflow/compiler/xla/service/service.cc:181]   StreamExecutor device (3): NVIDIA A100-SXM4-40GB, Compute Capability 8.0
2024-09-16 21:51:15.799174: I tensorflow/compiler/mlir/tensorflow/utils/dump_mlir_util.cc:268] disabling MLIR crash reproducer, set env var `MLIR_CRASH_REPRODUCER_DIRECTORY` to enable.
2024-09-16 21:51:15.880987: I tensorflow/compiler/xla/stream_executor/cuda/cuda_dnn.cc:428] Loaded cuDNN version 8600
2024-09-16 21:51:16.073776: I tensorflow/compiler/jit/xla_compilation_cache.cc:477] Compiled cluster using XLA!  This line is logged at most once for the lifetime of the process.
2024-09-16 21:51:17.961811: I tensorflow/compiler/xla/stream_executor/cuda/cuda_dnn.cc:428] Loaded cuDNN version 8600
2024-09-16 21:51:21.178369: I tensorflow/compiler/xla/service/service.cc:173] XLA service 0x76011550 initialized for platform CUDA (this does not guarantee that XLA will be used). Devices:
2024-09-16 21:51:21.178445: I tensorflow/compiler/xla/service/service.cc:181]   StreamExecutor device (0): NVIDIA A100-SXM4-40GB, Compute Capability 8.0
2024-09-16 21:51:21.178454: I tensorflow/compiler/xla/service/service.cc:181]   StreamExecutor device (1): NVIDIA A100-SXM4-40GB, Compute Capability 8.0
2024-09-16 21:51:21.178460: I tensorflow/compiler/xla/service/service.cc:181]   StreamExecutor device (2): NVIDIA A100-SXM4-40GB, Compute Capability 8.0
2024-09-16 21:51:21.178466: I tensorflow/compiler/xla/service/service.cc:181]   StreamExecutor device (3): NVIDIA A100-SXM4-40GB, Compute Capability 8.0
2024-09-16 21:51:21.201240: I tensorflow/compiler/mlir/tensorflow/utils/dump_mlir_util.cc:268] disabling MLIR crash reproducer, set env var `MLIR_CRASH_REPRODUCER_DIRECTORY` to enable.
2024-09-16 21:51:21.482237: I tensorflow/compiler/jit/xla_compilation_cache.cc:477] Compiled cluster using XLA!  This line is logged at most once for the lifetime of the process.
2024-09-16 21:51:22.860416: I tensorflow/compiler/xla/service/service.cc:173] XLA service 0x148554001850 initialized for platform CUDA (this does not guarantee that XLA will be used). Devices:
2024-09-16 21:51:22.860486: I tensorflow/compiler/xla/service/service.cc:181]   StreamExecutor device (0): NVIDIA A100-SXM4-40GB, Compute Capability 8.0
2024-09-16 21:51:22.860494: I tensorflow/compiler/xla/service/service.cc:181]   StreamExecutor device (1): NVIDIA A100-SXM4-40GB, Compute Capability 8.0
2024-09-16 21:51:22.860500: I tensorflow/compiler/xla/service/service.cc:181]   StreamExecutor device (2): NVIDIA A100-SXM4-40GB, Compute Capability 8.0
2024-09-16 21:51:22.860506: I tensorflow/compiler/xla/service/service.cc:181]   StreamExecutor device (3): NVIDIA A100-SXM4-40GB, Compute Capability 8.0
2024-09-16 21:51:22.888801: I tensorflow/compiler/mlir/tensorflow/utils/dump_mlir_util.cc:268] disabling MLIR crash reproducer, set env var `MLIR_CRASH_REPRODUCER_DIRECTORY` to enable.
2024-09-16 21:51:23.163088: I tensorflow/compiler/jit/xla_compilation_cache.cc:477] Compiled cluster using XLA!  This line is logged at most once for the lifetime of the process.
2024-09-16 21:51:23.620750: I tensorflow/compiler/xla/stream_executor/cuda/cuda_dnn.cc:428] Loaded cuDNN version 8600
2024-09-16 21:51:23.960718: I tensorflow/compiler/xla/stream_executor/cuda/cuda_dnn.cc:428] Loaded cuDNN version 8600
2024-09-16 21:51:26.221822: I tensorflow/compiler/xla/stream_executor/cuda/cuda_dnn.cc:428] Loaded cuDNN version 8600
2024-09-16 21:51:26.688549: I tensorflow/compiler/xla/stream_executor/cuda/cuda_dnn.cc:428] Loaded cuDNN version 8600
2024-09-16 21:51:27.216911: I tensorflow/compiler/xla/stream_executor/cuda/cuda_dnn.cc:428] Loaded cuDNN version 8600
2024-09-16 21:51:27.668891: I tensorflow/compiler/xla/stream_executor/cuda/cuda_dnn.cc:428] Loaded cuDNN version 8600
2024-09-16 21:51:28.987631: I tensorflow/compiler/xla/service/service.cc:173] XLA service 0x14de6023aa10 initialized for platform CUDA (this does not guarantee that XLA will be used). Devices:
2024-09-16 21:51:28.987721: I tensorflow/compiler/xla/service/service.cc:181]   StreamExecutor device (0): NVIDIA A100-SXM4-40GB, Compute Capability 8.0
2024-09-16 21:51:28.987729: I tensorflow/compiler/xla/service/service.cc:181]   StreamExecutor device (1): NVIDIA A100-SXM4-40GB, Compute Capability 8.0
2024-09-16 21:51:28.987737: I tensorflow/compiler/xla/service/service.cc:181]   StreamExecutor device (2): NVIDIA A100-SXM4-40GB, Compute Capability 8.0
2024-09-16 21:51:28.987744: I tensorflow/compiler/xla/service/service.cc:181]   StreamExecutor device (3): NVIDIA A100-SXM4-40GB, Compute Capability 8.0
2024-09-16 21:51:29.013382: I tensorflow/compiler/mlir/tensorflow/utils/dump_mlir_util.cc:268] disabling MLIR crash reproducer, set env var `MLIR_CRASH_REPRODUCER_DIRECTORY` to enable.
2024-09-16 21:51:29.299783: I tensorflow/compiler/jit/xla_compilation_cache.cc:477] Compiled cluster using XLA!  This line is logged at most once for the lifetime of the process.
2024-09-16 21:51:31.367880: I tensorflow/compiler/xla/stream_executor/cuda/cuda_dnn.cc:428] Loaded cuDNN version 8600
2024-09-16 21:51:31.813050: I tensorflow/compiler/xla/stream_executor/cuda/cuda_dnn.cc:428] Loaded cuDNN version 8600
2024-09-16 21:51:32.350563: I tensorflow/compiler/xla/stream_executor/cuda/cuda_dnn.cc:428] Loaded cuDNN version 8600
2024-09-16 21:51:32.533970: I tensorflow/compiler/xla/service/service.cc:173] XLA service 0x72138320 initialized for platform CUDA (this does not guarantee that XLA will be used). Devices:
2024-09-16 21:51:32.534047: I tensorflow/compiler/xla/service/service.cc:181]   StreamExecutor device (0): NVIDIA A100-SXM4-40GB, Compute Capability 8.0
2024-09-16 21:51:32.534055: I tensorflow/compiler/xla/service/service.cc:181]   StreamExecutor device (1): NVIDIA A100-SXM4-40GB, Compute Capability 8.0
2024-09-16 21:51:32.534061: I tensorflow/compiler/xla/service/service.cc:181]   StreamExecutor device (2): NVIDIA A100-SXM4-40GB, Compute Capability 8.0
2024-09-16 21:51:32.534067: I tensorflow/compiler/xla/service/service.cc:181]   StreamExecutor device (3): NVIDIA A100-SXM4-40GB, Compute Capability 8.0
2024-09-16 21:51:32.557754: I tensorflow/compiler/mlir/tensorflow/utils/dump_mlir_util.cc:268] disabling MLIR crash reproducer, set env var `MLIR_CRASH_REPRODUCER_DIRECTORY` to enable.
2024-09-16 21:51:32.815989: I tensorflow/compiler/xla/stream_executor/cuda/cuda_dnn.cc:428] Loaded cuDNN version 8600
2024-09-16 21:51:32.826010: I tensorflow/compiler/jit/xla_compilation_cache.cc:477] Compiled cluster using XLA!  This line is logged at most once for the lifetime of the process.
2024-09-16 21:51:37.761589: I tensorflow/compiler/xla/service/service.cc:173] XLA service 0x758bcce0 initialized for platform CUDA (this does not guarantee that XLA will be used). Devices:
2024-09-16 21:51:37.761673: I tensorflow/compiler/xla/service/service.cc:181]   StreamExecutor device (0): NVIDIA A100-SXM4-40GB, Compute Capability 8.0
2024-09-16 21:51:37.761682: I tensorflow/compiler/xla/service/service.cc:181]   StreamExecutor device (1): NVIDIA A100-SXM4-40GB, Compute Capability 8.0
2024-09-16 21:51:37.761690: I tensorflow/compiler/xla/service/service.cc:181]   StreamExecutor device (2): NVIDIA A100-SXM4-40GB, Compute Capability 8.0
2024-09-16 21:51:37.761697: I tensorflow/compiler/xla/service/service.cc:181]   StreamExecutor device (3): NVIDIA A100-SXM4-40GB, Compute Capability 8.0
2024-09-16 21:51:37.785379: I tensorflow/compiler/mlir/tensorflow/utils/dump_mlir_util.cc:268] disabling MLIR crash reproducer, set env var `MLIR_CRASH_REPRODUCER_DIRECTORY` to enable.
2024-09-16 21:51:38.098097: I tensorflow/compiler/jit/xla_compilation_cache.cc:477] Compiled cluster using XLA!  This line is logged at most once for the lifetime of the process.
srun: Job 10336876 step creation temporarily disabled, retrying (Requested nodes are busy)
srun: Job 10336876 step creation temporarily disabled, retrying (Requested nodes are busy)
srun: Job 10336876 step creation temporarily disabled, retrying (Requested nodes are busy)
srun: Job 10336876 step creation temporarily disabled, retrying (Requested nodes are busy)
srun: Job 10336876 step creation temporarily disabled, retrying (Requested nodes are busy)
srun: Job 10336876 step creation temporarily disabled, retrying (Requested nodes are busy)
srun: Job 10336876 step creation temporarily disabled, retrying (Requested nodes are busy)
srun: Job 10336876 step creation temporarily disabled, retrying (Requested nodes are busy)
srun: Job 10336876 step creation still disabled, retrying (Requested nodes are busy)
srun: Job 10336876 step creation still disabled, retrying (Requested nodes are busy)
srun: Job 10336876 step creation still disabled, retrying (Requested nodes are busy)
srun: Job 10336876 step creation still disabled, retrying (Requested nodes are busy)
srun: Job 10336876 step creation still disabled, retrying (Requested nodes are busy)
srun: Job 10336876 step creation still disabled, retrying (Requested nodes are busy)
srun: Job 10336876 step creation still disabled, retrying (Requested nodes are busy)
srun: Job 10336876 step creation still disabled, retrying (Requested nodes are busy)
srun: Job 10336876 step creation still disabled, retrying (Requested nodes are busy)
srun: Job 10336876 step creation still disabled, retrying (Requested nodes are busy)
srun: Job 10336876 step creation still disabled, retrying (Requested nodes are busy)
srun: Job 10336876 step creation still disabled, retrying (Requested nodes are busy)
srun: Job 10336876 step creation still disabled, retrying (Requested nodes are busy)
srun: Job 10336876 step creation still disabled, retrying (Requested nodes are busy)
srun: Job 10336876 step creation still disabled, retrying (Requested nodes are busy)
srun: Job 10336876 step creation still disabled, retrying (Requested nodes are busy)
srun: Job 10336876 step creation still disabled, retrying (Requested nodes are busy)
srun: Job 10336876 step creation still disabled, retrying (Requested nodes are busy)
srun: Job 10336876 step creation still disabled, retrying (Requested nodes are busy)
srun: Job 10336876 step creation still disabled, retrying (Requested nodes are busy)
srun: Job 10336876 step creation still disabled, retrying (Requested nodes are busy)
srun: Job 10336876 step creation still disabled, retrying (Requested nodes are busy)
srun: Job 10336876 step creation still disabled, retrying (Requested nodes are busy)
srun: Job 10336876 step creation still disabled, retrying (Requested nodes are busy)
srun: Job 10336876 step creation still disabled, retrying (Requested nodes are busy)
srun: Job 10336876 step creation still disabled, retrying (Requested nodes are busy)
srun: Job 10336876 step creation still disabled, retrying (Requested nodes are busy)
srun: Job 10336876 step creation still disabled, retrying (Requested nodes are busy)
srun: Job 10336876 step creation still disabled, retrying (Requested nodes are busy)
srun: Job 10336876 step creation still disabled, retrying (Requested nodes are busy)
srun: Job 10336876 step creation still disabled, retrying (Requested nodes are busy)
srun: Job 10336876 step creation still disabled, retrying (Requested nodes are busy)
srun: Job 10336876 step creation still disabled, retrying (Requested nodes are busy)
srun: Job 10336876 step creation still disabled, retrying (Requested nodes are busy)
srun: Job 10336876 step creation still disabled, retrying (Requested nodes are busy)
srun: Job 10336876 step creation still disabled, retrying (Requested nodes are busy)
srun: Job 10336876 step creation still disabled, retrying (Requested nodes are busy)
srun: Job 10336876 step creation still disabled, retrying (Requested nodes are busy)
srun: Job 10336876 step creation still disabled, retrying (Requested nodes are busy)
srun: Job 10336876 step creation still disabled, retrying (Requested nodes are busy)
srun: Job 10336876 step creation still disabled, retrying (Requested nodes are busy)
srun: Job 10336876 step creation still disabled, retrying (Requested nodes are busy)
srun: Job 10336876 step creation still disabled, retrying (Requested nodes are busy)
srun: Job 10336876 step creation still disabled, retrying (Requested nodes are busy)
srun: Job 10336876 step creation still disabled, retrying (Requested nodes are busy)
srun: Job 10336876 step creation still disabled, retrying (Requested nodes are busy)
srun: Job 10336876 step creation still disabled, retrying (Requested nodes are busy)
srun: Job 10336876 step creation still disabled, retrying (Requested nodes are busy)
srun: Job 10336876 step creation still disabled, retrying (Requested nodes are busy)
srun: Job 10336876 step creation still disabled, retrying (Requested nodes are busy)
srun: Job 10336876 step creation still disabled, retrying (Requested nodes are busy)
srun: Job 10336876 step creation still disabled, retrying (Requested nodes are busy)
srun: Job 10336876 step creation still disabled, retrying (Requested nodes are busy)
srun: Job 10336876 step creation still disabled, retrying (Requested nodes are busy)
srun: Job 10336876 step creation still disabled, retrying (Requested nodes are busy)
srun: Job 10336876 step creation still disabled, retrying (Requested nodes are busy)
srun: Job 10336876 step creation still disabled, retrying (Requested nodes are busy)
srun: Job 10336876 step creation still disabled, retrying (Requested nodes are busy)
srun: Job 10336876 step creation still disabled, retrying (Requested nodes are busy)
srun: Job 10336876 step creation still disabled, retrying (Requested nodes are busy)
srun: Job 10336876 step creation still disabled, retrying (Requested nodes are busy)
srun: Job 10336876 step creation still disabled, retrying (Requested nodes are busy)
srun: Job 10336876 step creation still disabled, retrying (Requested nodes are busy)
srun: Job 10336876 step creation still disabled, retrying (Requested nodes are busy)
srun: Step created for StepId=10336876.8
2024-09-16 22:09:56.841688: I tensorflow/core/common_runtime/gpu/gpu_device.cc:1613] Created device /job:localhost/replica:0/task:0/device:GPU:0 with 38364 MB memory:  -> device: 0, name: NVIDIA A100-SXM4-40GB, pci bus id: 0000:03:00.0, compute capability: 8.0
2024-09-16 22:09:56.844987: I tensorflow/core/common_runtime/gpu/gpu_device.cc:1613] Created device /job:localhost/replica:0/task:0/device:GPU:1 with 38364 MB memory:  -> device: 1, name: NVIDIA A100-SXM4-40GB, pci bus id: 0000:44:00.0, compute capability: 8.0
2024-09-16 22:09:56.846624: I tensorflow/core/common_runtime/gpu/gpu_device.cc:1613] Created device /job:localhost/replica:0/task:0/device:GPU:2 with 38364 MB memory:  -> device: 2, name: NVIDIA A100-SXM4-40GB, pci bus id: 0000:84:00.0, compute capability: 8.0
2024-09-16 22:09:56.849248: I tensorflow/core/common_runtime/gpu/gpu_device.cc:1613] Created device /job:localhost/replica:0/task:0/device:GPU:3 with 38364 MB memory:  -> device: 3, name: NVIDIA A100-SXM4-40GB, pci bus id: 0000:c4:00.0, compute capability: 8.0
2024-09-16 22:10:17.721205: I tensorflow/compiler/xla/stream_executor/cuda/cuda_dnn.cc:428] Loaded cuDNN version 8600
2024-09-16 22:10:18.178095: I tensorflow/compiler/xla/stream_executor/cuda/cuda_dnn.cc:428] Loaded cuDNN version 8600
2024-09-16 22:10:18.818400: I tensorflow/compiler/xla/stream_executor/cuda/cuda_dnn.cc:428] Loaded cuDNN version 8600
2024-09-16 22:10:19.254222: I tensorflow/compiler/xla/stream_executor/cuda/cuda_dnn.cc:428] Loaded cuDNN version 8600
2024-09-16 22:10:24.098657: I tensorflow/compiler/xla/service/service.cc:173] XLA service 0x147c901b9eb0 initialized for platform CUDA (this does not guarantee that XLA will be used). Devices:
2024-09-16 22:10:24.098722: I tensorflow/compiler/xla/service/service.cc:181]   StreamExecutor device (0): NVIDIA A100-SXM4-40GB, Compute Capability 8.0
2024-09-16 22:10:24.098731: I tensorflow/compiler/xla/service/service.cc:181]   StreamExecutor device (1): NVIDIA A100-SXM4-40GB, Compute Capability 8.0
2024-09-16 22:10:24.098737: I tensorflow/compiler/xla/service/service.cc:181]   StreamExecutor device (2): NVIDIA A100-SXM4-40GB, Compute Capability 8.0
2024-09-16 22:10:24.098743: I tensorflow/compiler/xla/service/service.cc:181]   StreamExecutor device (3): NVIDIA A100-SXM4-40GB, Compute Capability 8.0
2024-09-16 22:10:24.108468: I tensorflow/compiler/mlir/tensorflow/utils/dump_mlir_util.cc:268] disabling MLIR crash reproducer, set env var `MLIR_CRASH_REPRODUCER_DIRECTORY` to enable.
2024-09-16 22:10:24.330308: I tensorflow/compiler/jit/xla_compilation_cache.cc:477] Compiled cluster using XLA!  This line is logged at most once for the lifetime of the process.
