All necessary directories have been created or already exist.
No lead day provided. Using default hyperparameters - LR: 0.0001, BS: 32, DROPOUT: 0.0, UNET_TYPE: unet-l
Running DL_TRAIN.py for day05 with dropout=0, lr=0.00001, bs=1, unet_type=unet-xs ...
Running DL_TRAIN.py for day05 with dropout=0, lr=0.00001, bs=2, unet_type=unet-xs ...
Running DL_TRAIN.py for day05 with dropout=0, lr=0.00001, bs=4, unet_type=unet-xs ...
Running DL_TRAIN.py for day05 with dropout=0, lr=0.00001, bs=8, unet_type=unet-xs ...
Running DL_TRAIN.py for day05 with dropout=0, lr=0.0001, bs=1, unet_type=unet-xs ...
Running DL_TRAIN.py for day05 with dropout=0, lr=0.0001, bs=2, unet_type=unet-xs ...
Running DL_TRAIN.py for day05 with dropout=0, lr=0.0001, bs=4, unet_type=unet-xs ...
Running DL_TRAIN.py for day05 with dropout=0, lr=0.0001, bs=8, unet_type=unet-xs ...
Running DL_TRAIN.py for day05 with dropout=0, lr=0.001, bs=1, unet_type=unet-xs ...
Running DL_TRAIN.py for day05 with dropout=0, lr=0.001, bs=2, unet_type=unet-xs ...
Running DL_TRAIN.py for day05 with dropout=0, lr=0.001, bs=4, unet_type=unet-xs ...
Running DL_TRAIN.py for day05 with dropout=0, lr=0.001, bs=8, unet_type=unet-xs ...
Running DL_TRAIN.py for day05 with dropout=0, lr=0.01, bs=1, unet_type=unet-xs ...
Running DL_TRAIN.py for day05 with dropout=0, lr=0.01, bs=2, unet_type=unet-xs ...
Running DL_TRAIN.py for day05 with dropout=0, lr=0.01, bs=4, unet_type=unet-xs ...
Running DL_TRAIN.py for day05 with dropout=0, lr=0.01, bs=8, unet_type=unet-xs ...
train_data_hourly_pr_['ADAPTER_DE05.day05.merged.nc']_['ADAPTER_DE05.day01.merged.nc']_MM_1__model_only_128.256_2018-01-01T13_2022-12-31T23_no_na_land
Loading training data...
Data loaded!
mse_64_1e-05_1e-17_0.5_4_8_16_0.5_128_0.0_unet-xs_day05
Training the model...

Epoch 1: val_loss improved from inf to 0.00242, saving model to /p/project1/cesmtst/patakchiyousefi1/HPT/mse_64_1e-05_1e-17_0.5_4_8_16_0.5_128_0.0_unet-xs_day05.h5
train_data_hourly_pr_['ADAPTER_DE05.day05.merged.nc']_['ADAPTER_DE05.day01.merged.nc']_MM_1__model_only_128.256_2018-01-01T13_2022-12-31T23_no_na_land
Loading training data...
Data loaded!
mse_64_1e-05_1e-17_0.5_4_4_16_0.5_128_0.0_unet-xs_day05
Training the model...

Epoch 1: val_loss improved from inf to 0.00113, saving model to /p/project1/cesmtst/patakchiyousefi1/HPT/mse_64_1e-05_1e-17_0.5_4_4_16_0.5_128_0.0_unet-xs_day05.h5
train_data_hourly_pr_['ADAPTER_DE05.day05.merged.nc']_['ADAPTER_DE05.day01.merged.nc']_MM_1__model_only_128.256_2018-01-01T13_2022-12-31T23_no_na_land
Loading training data...
Data loaded!
mse_64_0.0001_1e-17_0.5_4_8_16_0.5_128_0.0_unet-xs_day05
Training the model...

Epoch 1: val_loss improved from inf to 0.00066, saving model to /p/project1/cesmtst/patakchiyousefi1/HPT/mse_64_0.0001_1e-17_0.5_4_8_16_0.5_128_0.0_unet-xs_day05.h5
train_data_hourly_pr_['ADAPTER_DE05.day05.merged.nc']_['ADAPTER_DE05.day01.merged.nc']_MM_1__model_only_128.256_2018-01-01T13_2022-12-31T23_no_na_land
Loading training data...
Data loaded!
mse_64_0.0001_1e-17_0.5_4_4_16_0.5_128_0.0_unet-xs_day05
Training the model...

Epoch 1: val_loss improved from inf to 0.00042, saving model to /p/project1/cesmtst/patakchiyousefi1/HPT/mse_64_0.0001_1e-17_0.5_4_4_16_0.5_128_0.0_unet-xs_day05.h5
train_data_hourly_pr_['ADAPTER_DE05.day05.merged.nc']_['ADAPTER_DE05.day01.merged.nc']_MM_1__model_only_128.256_2018-01-01T13_2022-12-31T23_no_na_land
Loading training data...
Data loaded!
mse_64_0.001_1e-17_0.5_4_8_16_0.5_128_0.0_unet-xs_day05
Training the model...

Epoch 1: val_loss improved from inf to 0.00021, saving model to /p/project1/cesmtst/patakchiyousefi1/HPT/mse_64_0.001_1e-17_0.5_4_8_16_0.5_128_0.0_unet-xs_day05.h5

Epoch 2: val_loss improved from 0.00242 to 0.00116, saving model to /p/project1/cesmtst/patakchiyousefi1/HPT/mse_64_1e-05_1e-17_0.5_4_8_16_0.5_128_0.0_unet-xs_day05.h5
train_data_hourly_pr_['ADAPTER_DE05.day05.merged.nc']_['ADAPTER_DE05.day01.merged.nc']_MM_1__model_only_128.256_2018-01-01T13_2022-12-31T23_no_na_land
Loading training data...
Data loaded!
mse_64_1e-05_1e-17_0.5_4_2_16_0.5_128_0.0_unet-xs_day05
Training the model...

Epoch 1: val_loss improved from inf to 0.00055, saving model to /p/project1/cesmtst/patakchiyousefi1/HPT/mse_64_1e-05_1e-17_0.5_4_2_16_0.5_128_0.0_unet-xs_day05.h5

Epoch 2: val_loss improved from 0.00066 to 0.00027, saving model to /p/project1/cesmtst/patakchiyousefi1/HPT/mse_64_0.0001_1e-17_0.5_4_8_16_0.5_128_0.0_unet-xs_day05.h5
train_data_hourly_pr_['ADAPTER_DE05.day05.merged.nc']_['ADAPTER_DE05.day01.merged.nc']_MM_1__model_only_128.256_2018-01-01T13_2022-12-31T23_no_na_land
Loading training data...
Data loaded!
mse_64_0.001_1e-17_0.5_4_4_16_0.5_128_0.0_unet-xs_day05
Training the model...

Epoch 1: val_loss improved from inf to 0.00072, saving model to /p/project1/cesmtst/patakchiyousefi1/HPT/mse_64_0.001_1e-17_0.5_4_4_16_0.5_128_0.0_unet-xs_day05.h5
train_data_hourly_pr_['ADAPTER_DE05.day05.merged.nc']_['ADAPTER_DE05.day01.merged.nc']_MM_1__model_only_128.256_2018-01-01T13_2022-12-31T23_no_na_land
Loading training data...
Data loaded!
mse_64_0.0001_1e-17_0.5_4_2_16_0.5_128_0.0_unet-xs_day05
Training the model...

Epoch 1: val_loss improved from inf to 0.00032, saving model to /p/project1/cesmtst/patakchiyousefi1/HPT/mse_64_0.0001_1e-17_0.5_4_2_16_0.5_128_0.0_unet-xs_day05.h5

Epoch 2: val_loss improved from 0.00113 to 0.00041, saving model to /p/project1/cesmtst/patakchiyousefi1/HPT/mse_64_1e-05_1e-17_0.5_4_4_16_0.5_128_0.0_unet-xs_day05.h5

Epoch 2: val_loss did not improve from 0.00021

Epoch 3: val_loss improved from 0.00116 to 0.00080, saving model to /p/project1/cesmtst/patakchiyousefi1/HPT/mse_64_1e-05_1e-17_0.5_4_8_16_0.5_128_0.0_unet-xs_day05.h5

Epoch 2: val_loss improved from 0.00042 to 0.00014, saving model to /p/project1/cesmtst/patakchiyousefi1/HPT/mse_64_0.0001_1e-17_0.5_4_4_16_0.5_128_0.0_unet-xs_day05.h5

Epoch 3: val_loss did not improve from 0.00027
train_data_hourly_pr_['ADAPTER_DE05.day05.merged.nc']_['ADAPTER_DE05.day01.merged.nc']_MM_1__model_only_128.256_2018-01-01T13_2022-12-31T23_no_na_land
Loading training data...
Data loaded!
mse_64_0.001_1e-17_0.5_4_2_16_0.5_128_0.0_unet-xs_day05
Training the model...

Epoch 1: val_loss improved from inf to 0.00046, saving model to /p/project1/cesmtst/patakchiyousefi1/HPT/mse_64_0.001_1e-17_0.5_4_2_16_0.5_128_0.0_unet-xs_day05.h5

Epoch 2: val_loss did not improve from 0.00072

Epoch 4: val_loss improved from 0.00080 to 0.00036, saving model to /p/project1/cesmtst/patakchiyousefi1/HPT/mse_64_1e-05_1e-17_0.5_4_8_16_0.5_128_0.0_unet-xs_day05.h5

Epoch 4: val_loss improved from 0.00027 to 0.00022, saving model to /p/project1/cesmtst/patakchiyousefi1/HPT/mse_64_0.0001_1e-17_0.5_4_8_16_0.5_128_0.0_unet-xs_day05.h5

Epoch 3: val_loss improved from 0.00041 to 0.00023, saving model to /p/project1/cesmtst/patakchiyousefi1/HPT/mse_64_1e-05_1e-17_0.5_4_4_16_0.5_128_0.0_unet-xs_day05.h5
train_data_hourly_pr_['ADAPTER_DE05.day05.merged.nc']_['ADAPTER_DE05.day01.merged.nc']_MM_1__model_only_128.256_2018-01-01T13_2022-12-31T23_no_na_land
Loading training data...
Data loaded!
mse_64_0.01_1e-17_0.5_4_2_16_0.5_128_0.0_unet-xs_day05
Training the model...

Epoch 1: val_loss improved from inf to 0.00017, saving model to /p/project1/cesmtst/patakchiyousefi1/HPT/mse_64_0.01_1e-17_0.5_4_2_16_0.5_128_0.0_unet-xs_day05.h5
train_data_hourly_pr_['ADAPTER_DE05.day05.merged.nc']_['ADAPTER_DE05.day01.merged.nc']_MM_1__model_only_128.256_2018-01-01T13_2022-12-31T23_no_na_land
Loading training data...
Data loaded!
mse_64_1e-05_1e-17_0.5_4_1_16_0.5_128_0.0_unet-xs_day05
Training the model...

Epoch 1: val_loss improved from inf to 0.00036, saving model to /p/project1/cesmtst/patakchiyousefi1/HPT/mse_64_1e-05_1e-17_0.5_4_1_16_0.5_128_0.0_unet-xs_day05.h5

Epoch 3: val_loss did not improve from 0.00021

Epoch 3: val_loss improved from 0.00014 to 0.00014, saving model to /p/project1/cesmtst/patakchiyousefi1/HPT/mse_64_0.0001_1e-17_0.5_4_4_16_0.5_128_0.0_unet-xs_day05.h5
train_data_hourly_pr_['ADAPTER_DE05.day05.merged.nc']_['ADAPTER_DE05.day01.merged.nc']_MM_1__model_only_128.256_2018-01-01T13_2022-12-31T23_no_na_land
Loading training data...
Data loaded!
mse_64_0.0001_1e-17_0.5_4_1_16_0.5_128_0.0_unet-xs_day05
Training the model...

Epoch 1: val_loss improved from inf to 0.00011, saving model to /p/project1/cesmtst/patakchiyousefi1/HPT/mse_64_0.0001_1e-17_0.5_4_1_16_0.5_128_0.0_unet-xs_day05.h5

Epoch 2: val_loss improved from 0.00055 to 0.00023, saving model to /p/project1/cesmtst/patakchiyousefi1/HPT/mse_64_1e-05_1e-17_0.5_4_2_16_0.5_128_0.0_unet-xs_day05.h5

Epoch 5: val_loss did not improve from 0.00022

Epoch 5: val_loss improved from 0.00036 to 0.00024, saving model to /p/project1/cesmtst/patakchiyousefi1/HPT/mse_64_1e-05_1e-17_0.5_4_8_16_0.5_128_0.0_unet-xs_day05.h5

Epoch 2: val_loss improved from 0.00032 to 0.00010, saving model to /p/project1/cesmtst/patakchiyousefi1/HPT/mse_64_0.0001_1e-17_0.5_4_2_16_0.5_128_0.0_unet-xs_day05.h5

Epoch 3: val_loss improved from 0.00072 to 0.00011, saving model to /p/project1/cesmtst/patakchiyousefi1/HPT/mse_64_0.001_1e-17_0.5_4_4_16_0.5_128_0.0_unet-xs_day05.h5
train_data_hourly_pr_['ADAPTER_DE05.day05.merged.nc']_['ADAPTER_DE05.day01.merged.nc']_MM_1__model_only_128.256_2018-01-01T13_2022-12-31T23_no_na_land
Loading training data...
Data loaded!
mse_64_0.001_1e-17_0.5_4_1_16_0.5_128_0.0_unet-xs_day05
Training the model...

Epoch 1: val_loss improved from inf to 0.00008, saving model to /p/project1/cesmtst/patakchiyousefi1/HPT/mse_64_0.001_1e-17_0.5_4_1_16_0.5_128_0.0_unet-xs_day05.h5

Epoch 4: val_loss improved from 0.00021 to 0.00008, saving model to /p/project1/cesmtst/patakchiyousefi1/HPT/mse_64_0.001_1e-17_0.5_4_8_16_0.5_128_0.0_unet-xs_day05.h5

Epoch 4: val_loss did not improve from 0.00023
train_data_hourly_pr_['ADAPTER_DE05.day05.merged.nc']_['ADAPTER_DE05.day01.merged.nc']_MM_1__model_only_128.256_2018-01-01T13_2022-12-31T23_no_na_land
Loading training data...
Data loaded!
mse_64_0.01_1e-17_0.5_4_1_16_0.5_128_0.0_unet-xs_day05
Training the model...

Epoch 1: val_loss improved from inf to 0.00011, saving model to /p/project1/cesmtst/patakchiyousefi1/HPT/mse_64_0.01_1e-17_0.5_4_1_16_0.5_128_0.0_unet-xs_day05.h5

Epoch 6: val_loss improved from 0.00022 to 0.00015, saving model to /p/project1/cesmtst/patakchiyousefi1/HPT/mse_64_0.0001_1e-17_0.5_4_8_16_0.5_128_0.0_unet-xs_day05.h5

Epoch 4: val_loss improved from 0.00014 to 0.00012, saving model to /p/project1/cesmtst/patakchiyousefi1/HPT/mse_64_0.0001_1e-17_0.5_4_4_16_0.5_128_0.0_unet-xs_day05.h5

Epoch 6: val_loss improved from 0.00024 to 0.00017, saving model to /p/project1/cesmtst/patakchiyousefi1/HPT/mse_64_1e-05_1e-17_0.5_4_8_16_0.5_128_0.0_unet-xs_day05.h5

Epoch 2: val_loss improved from 0.00046 to 0.00007, saving model to /p/project1/cesmtst/patakchiyousefi1/HPT/mse_64_0.001_1e-17_0.5_4_2_16_0.5_128_0.0_unet-xs_day05.h5

Epoch 5: val_loss improved from 0.00008 to 0.00006, saving model to /p/project1/cesmtst/patakchiyousefi1/HPT/mse_64_0.001_1e-17_0.5_4_8_16_0.5_128_0.0_unet-xs_day05.h5

Epoch 4: val_loss did not improve from 0.00011

Epoch 2: val_loss did not improve from 0.00017

Epoch 7: val_loss did not improve from 0.00015

Epoch 7: val_loss did not improve from 0.00017

Epoch 5: val_loss improved from 0.00023 to 0.00021, saving model to /p/project1/cesmtst/patakchiyousefi1/HPT/mse_64_1e-05_1e-17_0.5_4_4_16_0.5_128_0.0_unet-xs_day05.h5

Epoch 6: val_loss did not improve from 0.00006

Epoch 5: val_loss improved from 0.00012 to 0.00009, saving model to /p/project1/cesmtst/patakchiyousefi1/HPT/mse_64_0.0001_1e-17_0.5_4_4_16_0.5_128_0.0_unet-xs_day05.h5

Epoch 3: val_loss improved from 0.00023 to 0.00012, saving model to /p/project1/cesmtst/patakchiyousefi1/HPT/mse_64_1e-05_1e-17_0.5_4_2_16_0.5_128_0.0_unet-xs_day05.h5

Epoch 3: val_loss improved from 0.00010 to 0.00010, saving model to /p/project1/cesmtst/patakchiyousefi1/HPT/mse_64_0.0001_1e-17_0.5_4_2_16_0.5_128_0.0_unet-xs_day05.h5

Epoch 8: val_loss did not improve from 0.00015

Epoch 8: val_loss did not improve from 0.00017

Epoch 5: val_loss did not improve from 0.00011

Epoch 7: val_loss did not improve from 0.00006

Epoch 6: val_loss improved from 0.00021 to 0.00016, saving model to /p/project1/cesmtst/patakchiyousefi1/HPT/mse_64_1e-05_1e-17_0.5_4_4_16_0.5_128_0.0_unet-xs_day05.h5

Epoch 6: val_loss improved from 0.00009 to 0.00008, saving model to /p/project1/cesmtst/patakchiyousefi1/HPT/mse_64_0.0001_1e-17_0.5_4_4_16_0.5_128_0.0_unet-xs_day05.h5

Epoch 9: val_loss improved from 0.00017 to 0.00015, saving model to /p/project1/cesmtst/patakchiyousefi1/HPT/mse_64_1e-05_1e-17_0.5_4_8_16_0.5_128_0.0_unet-xs_day05.h5

Epoch 8: val_loss did not improve from 0.00006

Epoch 2: val_loss improved from 0.00036 to 0.00013, saving model to /p/project1/cesmtst/patakchiyousefi1/HPT/mse_64_1e-05_1e-17_0.5_4_1_16_0.5_128_0.0_unet-xs_day05.h5

Epoch 3: val_loss did not improve from 0.00007

Epoch 3: val_loss improved from 0.00017 to 0.00011, saving model to /p/project1/cesmtst/patakchiyousefi1/HPT/mse_64_0.01_1e-17_0.5_4_2_16_0.5_128_0.0_unet-xs_day05.h5

Epoch 9: val_loss did not improve from 0.00015

Epoch 6: val_loss did not improve from 0.00011

Epoch 2: val_loss improved from 0.00011 to 0.00007, saving model to /p/project1/cesmtst/patakchiyousefi1/HPT/mse_64_0.0001_1e-17_0.5_4_1_16_0.5_128_0.0_unet-xs_day05.h5

Epoch 10: val_loss improved from 0.00015 to 0.00011, saving model to /p/project1/cesmtst/patakchiyousefi1/HPT/mse_64_1e-05_1e-17_0.5_4_8_16_0.5_128_0.0_unet-xs_day05.h5

Epoch 9: val_loss did not improve from 0.00006

Epoch 4: val_loss improved from 0.00012 to 0.00009, saving model to /p/project1/cesmtst/patakchiyousefi1/HPT/mse_64_1e-05_1e-17_0.5_4_2_16_0.5_128_0.0_unet-xs_day05.h5

Epoch 2: val_loss did not improve from 0.00008

Epoch 7: val_loss improved from 0.00016 to 0.00014, saving model to /p/project1/cesmtst/patakchiyousefi1/HPT/mse_64_1e-05_1e-17_0.5_4_4_16_0.5_128_0.0_unet-xs_day05.h5

Epoch 10: val_loss did not improve from 0.00015

Epoch 7: val_loss did not improve from 0.00008

Epoch 4: val_loss improved from 0.00010 to 0.00008, saving model to /p/project1/cesmtst/patakchiyousefi1/HPT/mse_64_0.0001_1e-17_0.5_4_2_16_0.5_128_0.0_unet-xs_day05.h5

Epoch 2: val_loss improved from 0.00011 to 0.00009, saving model to /p/project1/cesmtst/patakchiyousefi1/HPT/mse_64_0.01_1e-17_0.5_4_1_16_0.5_128_0.0_unet-xs_day05.h5

Epoch 7: val_loss did not improve from 0.00011

Epoch 10: val_loss did not improve from 0.00006

Epoch 11: val_loss improved from 0.00015 to 0.00011, saving model to /p/project1/cesmtst/patakchiyousefi1/HPT/mse_64_0.0001_1e-17_0.5_4_8_16_0.5_128_0.0_unet-xs_day05.h5

Epoch 11: val_loss improved from 0.00011 to 0.00009, saving model to /p/project1/cesmtst/patakchiyousefi1/HPT/mse_64_1e-05_1e-17_0.5_4_8_16_0.5_128_0.0_unet-xs_day05.h5

Epoch 8: val_loss improved from 0.00014 to 0.00013, saving model to /p/project1/cesmtst/patakchiyousefi1/HPT/mse_64_1e-05_1e-17_0.5_4_4_16_0.5_128_0.0_unet-xs_day05.h5

Epoch 8: val_loss did not improve from 0.00008

Epoch 11: val_loss did not improve from 0.00006

Epoch 4: val_loss did not improve from 0.00007

Epoch 4: val_loss improved from 0.00011 to 0.00007, saving model to /p/project1/cesmtst/patakchiyousefi1/HPT/mse_64_0.01_1e-17_0.5_4_2_16_0.5_128_0.0_unet-xs_day05.h5

Epoch 12: val_loss improved from 0.00011 to 0.00010, saving model to /p/project1/cesmtst/patakchiyousefi1/HPT/mse_64_0.0001_1e-17_0.5_4_8_16_0.5_128_0.0_unet-xs_day05.h5

Epoch 8: val_loss improved from 0.00011 to 0.00009, saving model to /p/project1/cesmtst/patakchiyousefi1/HPT/mse_64_0.001_1e-17_0.5_4_4_16_0.5_128_0.0_unet-xs_day05.h5

Epoch 5: val_loss improved from 0.00009 to 0.00008, saving model to /p/project1/cesmtst/patakchiyousefi1/HPT/mse_64_1e-05_1e-17_0.5_4_2_16_0.5_128_0.0_unet-xs_day05.h5

Epoch 12: val_loss did not improve from 0.00006

Epoch 5: val_loss did not improve from 0.00008

Epoch 13: val_loss did not improve from 0.00010

Epoch 9: val_loss improved from 0.00013 to 0.00012, saving model to /p/project1/cesmtst/patakchiyousefi1/HPT/mse_64_1e-05_1e-17_0.5_4_4_16_0.5_128_0.0_unet-xs_day05.h5

Epoch 9: val_loss did not improve from 0.00008

Epoch 12: val_loss did not improve from 0.00009

Epoch 13: val_loss did not improve from 0.00006

Epoch 9: val_loss did not improve from 0.00009

Epoch 14: val_loss improved from 0.00010 to 0.00009, saving model to /p/project1/cesmtst/patakchiyousefi1/HPT/mse_64_0.0001_1e-17_0.5_4_8_16_0.5_128_0.0_unet-xs_day05.h5

Epoch 3: val_loss improved from 0.00013 to 0.00008, saving model to /p/project1/cesmtst/patakchiyousefi1/HPT/mse_64_1e-05_1e-17_0.5_4_1_16_0.5_128_0.0_unet-xs_day05.h5
