No lead day provided. Using default hyperparameters - LR: 0.0001, BS: 32, DROPOUT: 0.1, UNET_TYPE: unet-l
Running DL_TRAIN.py for day10 with dropout=0, lr=0.01, bs=2, unet_type=unet-m-dw ...
Running DL_TRAIN.py for day10 with dropout=0, lr=0.01, bs=4, unet_type=unet-m-dw ...
Running DL_TRAIN.py for day10 with dropout=0, lr=0.01, bs=8, unet_type=unet-m-dw ...
Running DL_TRAIN.py for day10 with dropout=0, lr=0.01, bs=16, unet_type=unet-m-dw ...
Running DL_TRAIN.py for day10 with dropout=0, lr=0.001, bs=2, unet_type=unet-m-dw ...
Running DL_TRAIN.py for day10 with dropout=0, lr=0.001, bs=4, unet_type=unet-m-dw ...
Running DL_TRAIN.py for day10 with dropout=0, lr=0.001, bs=8, unet_type=unet-m-dw ...
Running DL_TRAIN.py for day10 with dropout=0, lr=0.001, bs=16, unet_type=unet-m-dw ...
Running DL_TRAIN.py for day10 with dropout=0, lr=0.0001, bs=2, unet_type=unet-m-dw ...
Running DL_TRAIN.py for day10 with dropout=0, lr=0.0001, bs=4, unet_type=unet-m-dw ...
Running DL_TRAIN.py for day10 with dropout=0, lr=0.0001, bs=8, unet_type=unet-m-dw ...
Running DL_TRAIN.py for day10 with dropout=0, lr=0.0001, bs=16, unet_type=unet-m-dw ...
Running DL_TRAIN.py for day10 with dropout=0, lr=0.00001, bs=2, unet_type=unet-m-dw ...
Running DL_TRAIN.py for day10 with dropout=0, lr=0.00001, bs=4, unet_type=unet-m-dw ...
Running DL_TRAIN.py for day10 with dropout=0, lr=0.00001, bs=8, unet_type=unet-m-dw ...
Running DL_TRAIN.py for day10 with dropout=0, lr=0.00001, bs=16, unet_type=unet-m-dw ...
Running DL_TRAIN.py for day10 with dropout=0.1, lr=0.01, bs=2, unet_type=unet-m-dw ...
Running DL_TRAIN.py for day10 with dropout=0.1, lr=0.01, bs=4, unet_type=unet-m-dw ...
Running DL_TRAIN.py for day10 with dropout=0.1, lr=0.01, bs=8, unet_type=unet-m-dw ...
Running DL_TRAIN.py for day10 with dropout=0.1, lr=0.01, bs=16, unet_type=unet-m-dw ...
Running DL_TRAIN.py for day10 with dropout=0.1, lr=0.001, bs=2, unet_type=unet-m-dw ...
Running DL_TRAIN.py for day10 with dropout=0.1, lr=0.001, bs=4, unet_type=unet-m-dw ...
Running DL_TRAIN.py for day10 with dropout=0.1, lr=0.001, bs=8, unet_type=unet-m-dw ...
Running DL_TRAIN.py for day10 with dropout=0.1, lr=0.001, bs=16, unet_type=unet-m-dw ...
Running DL_TRAIN.py for day10 with dropout=0.1, lr=0.0001, bs=2, unet_type=unet-m-dw ...
Running DL_TRAIN.py for day10 with dropout=0.1, lr=0.0001, bs=4, unet_type=unet-m-dw ...
Running DL_TRAIN.py for day10 with dropout=0.1, lr=0.0001, bs=8, unet_type=unet-m-dw ...
Running DL_TRAIN.py for day10 with dropout=0.1, lr=0.0001, bs=16, unet_type=unet-m-dw ...
Running DL_TRAIN.py for day10 with dropout=0.1, lr=0.00001, bs=2, unet_type=unet-m-dw ...
Running DL_TRAIN.py for day10 with dropout=0.1, lr=0.00001, bs=4, unet_type=unet-m-dw ...
Running DL_TRAIN.py for day10 with dropout=0.1, lr=0.00001, bs=8, unet_type=unet-m-dw ...
Running DL_TRAIN.py for day10 with dropout=0.1, lr=0.00001, bs=16, unet_type=unet-m-dw ...
Running DL_TRAIN.py for day10 with dropout=0.2, lr=0.01, bs=2, unet_type=unet-m-dw ...
Running DL_TRAIN.py for day10 with dropout=0.2, lr=0.01, bs=4, unet_type=unet-m-dw ...
Running DL_TRAIN.py for day10 with dropout=0.2, lr=0.01, bs=8, unet_type=unet-m-dw ...
Running DL_TRAIN.py for day10 with dropout=0.2, lr=0.01, bs=16, unet_type=unet-m-dw ...
Running DL_TRAIN.py for day10 with dropout=0.2, lr=0.001, bs=2, unet_type=unet-m-dw ...
Running DL_TRAIN.py for day10 with dropout=0.2, lr=0.001, bs=4, unet_type=unet-m-dw ...
Running DL_TRAIN.py for day10 with dropout=0.2, lr=0.001, bs=8, unet_type=unet-m-dw ...
Running DL_TRAIN.py for day10 with dropout=0.2, lr=0.001, bs=16, unet_type=unet-m-dw ...
Running DL_TRAIN.py for day10 with dropout=0.2, lr=0.0001, bs=2, unet_type=unet-m-dw ...
Running DL_TRAIN.py for day10 with dropout=0.2, lr=0.0001, bs=4, unet_type=unet-m-dw ...
Running DL_TRAIN.py for day10 with dropout=0.2, lr=0.0001, bs=8, unet_type=unet-m-dw ...
Running DL_TRAIN.py for day10 with dropout=0.2, lr=0.0001, bs=16, unet_type=unet-m-dw ...
Running DL_TRAIN.py for day10 with dropout=0.2, lr=0.00001, bs=2, unet_type=unet-m-dw ...
Running DL_TRAIN.py for day10 with dropout=0.2, lr=0.00001, bs=4, unet_type=unet-m-dw ...
Running DL_TRAIN.py for day10 with dropout=0.2, lr=0.00001, bs=8, unet_type=unet-m-dw ...
Running DL_TRAIN.py for day10 with dropout=0.2, lr=0.00001, bs=16, unet_type=unet-m-dw ...
Running DL_TRAIN.py for day10 with dropout=0.3, lr=0.01, bs=2, unet_type=unet-m-dw ...
Running DL_TRAIN.py for day10 with dropout=0.3, lr=0.01, bs=4, unet_type=unet-m-dw ...
Running DL_TRAIN.py for day10 with dropout=0.3, lr=0.01, bs=8, unet_type=unet-m-dw ...
Running DL_TRAIN.py for day10 with dropout=0.3, lr=0.01, bs=16, unet_type=unet-m-dw ...
Running DL_TRAIN.py for day10 with dropout=0.3, lr=0.001, bs=2, unet_type=unet-m-dw ...
Running DL_TRAIN.py for day10 with dropout=0.3, lr=0.001, bs=4, unet_type=unet-m-dw ...
Running DL_TRAIN.py for day10 with dropout=0.3, lr=0.001, bs=8, unet_type=unet-m-dw ...
Running DL_TRAIN.py for day10 with dropout=0.3, lr=0.001, bs=16, unet_type=unet-m-dw ...
Running DL_TRAIN.py for day10 with dropout=0.3, lr=0.0001, bs=2, unet_type=unet-m-dw ...
Running DL_TRAIN.py for day10 with dropout=0.3, lr=0.0001, bs=4, unet_type=unet-m-dw ...
Running DL_TRAIN.py for day10 with dropout=0.3, lr=0.0001, bs=8, unet_type=unet-m-dw ...
Running DL_TRAIN.py for day10 with dropout=0.3, lr=0.0001, bs=16, unet_type=unet-m-dw ...
Running DL_TRAIN.py for day10 with dropout=0.3, lr=0.00001, bs=2, unet_type=unet-m-dw ...
Running DL_TRAIN.py for day10 with dropout=0.3, lr=0.00001, bs=4, unet_type=unet-m-dw ...
Running DL_TRAIN.py for day10 with dropout=0.3, lr=0.00001, bs=8, unet_type=unet-m-dw ...
Running DL_TRAIN.py for day10 with dropout=0.3, lr=0.00001, bs=16, unet_type=unet-m-dw ...
train_data_hourly_pr_['ADAPTER_DE05.day10.merged.nc']_['ADAPTER_DE05.day01.merged.nc']_MM_6__spatiotemporal_128.256_2018-01-01T13_2022-12-31T23_no_na_land
Loading training data...
Data loaded!
mse_64_0.001_1e-17_0.5_4_16_16_0.5_128_0.1_unet-m-dw_day10
Training the model...
train_data_hourly_pr_['ADAPTER_DE05.day10.merged.nc']_['ADAPTER_DE05.day01.merged.nc']_MM_6__spatiotemporal_128.256_2018-01-01T13_2022-12-31T23_no_na_land
Loading training data...
Data loaded!
mse_64_0.01_1e-17_0.5_4_16_16_0.5_128_0.0_unet-m-dw_day10
Training the model...
train_data_hourly_pr_['ADAPTER_DE05.day10.merged.nc']_['ADAPTER_DE05.day01.merged.nc']_MM_6__spatiotemporal_128.256_2018-01-01T13_2022-12-31T23_no_na_land
Loading training data...
Data loaded!
mse_64_1e-05_1e-17_0.5_4_16_16_0.5_128_0.1_unet-m-dw_day10
Training the model...
train_data_hourly_pr_['ADAPTER_DE05.day10.merged.nc']_['ADAPTER_DE05.day01.merged.nc']_MM_6__spatiotemporal_128.256_2018-01-01T13_2022-12-31T23_no_na_land
Loading training data...
Data loaded!
mse_64_0.01_1e-17_0.5_4_16_16_0.5_128_0.2_unet-m-dw_day10
Training the model...
train_data_hourly_pr_['ADAPTER_DE05.day10.merged.nc']_['ADAPTER_DE05.day01.merged.nc']_MM_6__spatiotemporal_128.256_2018-01-01T13_2022-12-31T23_no_na_land
Loading training data...
Data loaded!
mse_64_0.01_1e-17_0.5_4_16_16_0.5_128_0.1_unet-m-dw_day10
Training the model...
train_data_hourly_pr_['ADAPTER_DE05.day10.merged.nc']_['ADAPTER_DE05.day01.merged.nc']_MM_6__spatiotemporal_128.256_2018-01-01T13_2022-12-31T23_no_na_land
Loading training data...
Data loaded!
mse_64_1e-05_1e-17_0.5_4_16_16_0.5_128_0.0_unet-m-dw_day10
Training the model...
train_data_hourly_pr_['ADAPTER_DE05.day10.merged.nc']_['ADAPTER_DE05.day01.merged.nc']_MM_6__spatiotemporal_128.256_2018-01-01T13_2022-12-31T23_no_na_land
Loading training data...
Data loaded!
mse_64_0.0001_1e-17_0.5_4_16_16_0.5_128_0.0_unet-m-dw_day10
Training the model...
train_data_hourly_pr_['ADAPTER_DE05.day10.merged.nc']_['ADAPTER_DE05.day01.merged.nc']_MM_6__spatiotemporal_128.256_2018-01-01T13_2022-12-31T23_no_na_land
Loading training data...
Data loaded!
mse_64_0.001_1e-17_0.5_4_16_16_0.5_128_0.2_unet-m-dw_day10
Training the model...
train_data_hourly_pr_['ADAPTER_DE05.day10.merged.nc']_['ADAPTER_DE05.day01.merged.nc']_MM_6__spatiotemporal_128.256_2018-01-01T13_2022-12-31T23_no_na_land
Loading training data...
Data loaded!
mse_64_0.0001_1e-17_0.5_4_16_16_0.5_128_0.2_unet-m-dw_day10
Training the model...
train_data_hourly_pr_['ADAPTER_DE05.day10.merged.nc']_['ADAPTER_DE05.day01.merged.nc']_MM_6__spatiotemporal_128.256_2018-01-01T13_2022-12-31T23_no_na_land
Loading training data...
Data loaded!
mse_64_0.001_1e-17_0.5_4_16_16_0.5_128_0.0_unet-m-dw_day10
Training the model...
train_data_hourly_pr_['ADAPTER_DE05.day10.merged.nc']_['ADAPTER_DE05.day01.merged.nc']_MM_6__spatiotemporal_128.256_2018-01-01T13_2022-12-31T23_no_na_land
Loading training data...
Data loaded!
mse_64_1e-05_1e-17_0.5_4_16_16_0.5_128_0.2_unet-m-dw_day10
Training the model...
train_data_hourly_pr_['ADAPTER_DE05.day10.merged.nc']_['ADAPTER_DE05.day01.merged.nc']_MM_6__spatiotemporal_128.256_2018-01-01T13_2022-12-31T23_no_na_land
Loading training data...
Data loaded!
mse_64_0.0001_1e-17_0.5_4_16_16_0.5_128_0.1_unet-m-dw_day10
Training the model...
train_data_hourly_pr_['ADAPTER_DE05.day10.merged.nc']_['ADAPTER_DE05.day01.merged.nc']_MM_6__spatiotemporal_128.256_2018-01-01T13_2022-12-31T23_no_na_land
Loading training data...
Data loaded!
mse_64_0.0001_1e-17_0.5_4_8_16_0.5_128_0.1_unet-m-dw_day10
Training the model...
train_data_hourly_pr_['ADAPTER_DE05.day10.merged.nc']_['ADAPTER_DE05.day01.merged.nc']_MM_6__spatiotemporal_128.256_2018-01-01T13_2022-12-31T23_no_na_land
Loading training data...
Data loaded!
mse_64_0.01_1e-17_0.5_4_16_16_0.5_128_0.3_unet-m-dw_day10
Training the model...
train_data_hourly_pr_['ADAPTER_DE05.day10.merged.nc']_['ADAPTER_DE05.day01.merged.nc']_MM_6__spatiotemporal_128.256_2018-01-01T13_2022-12-31T23_no_na_land
Loading training data...
Data loaded!
mse_64_1e-05_1e-17_0.5_4_8_16_0.5_128_0.1_unet-m-dw_day10
Training the model...
train_data_hourly_pr_['ADAPTER_DE05.day10.merged.nc']_['ADAPTER_DE05.day01.merged.nc']_MM_6__spatiotemporal_128.256_2018-01-01T13_2022-12-31T23_no_na_land
Loading training data...
Data loaded!
mse_64_0.01_1e-17_0.5_4_8_16_0.5_128_0.0_unet-m-dw_day10
Training the model...
train_data_hourly_pr_['ADAPTER_DE05.day10.merged.nc']_['ADAPTER_DE05.day01.merged.nc']_MM_6__spatiotemporal_128.256_2018-01-01T13_2022-12-31T23_no_na_land
Loading training data...
Data loaded!
mse_64_0.001_1e-17_0.5_4_16_16_0.5_128_0.3_unet-m-dw_day10
Training the model...
train_data_hourly_pr_['ADAPTER_DE05.day10.merged.nc']_['ADAPTER_DE05.day01.merged.nc']_MM_6__spatiotemporal_128.256_2018-01-01T13_2022-12-31T23_no_na_land
Loading training data...
Data loaded!
mse_64_0.01_1e-17_0.5_4_8_16_0.5_128_0.2_unet-m-dw_day10
Training the model...
train_data_hourly_pr_['ADAPTER_DE05.day10.merged.nc']_['ADAPTER_DE05.day01.merged.nc']_MM_6__spatiotemporal_128.256_2018-01-01T13_2022-12-31T23_no_na_land
Loading training data...
Data loaded!
mse_64_0.001_1e-17_0.5_4_8_16_0.5_128_0.0_unet-m-dw_day10
Training the model...
train_data_hourly_pr_['ADAPTER_DE05.day10.merged.nc']_['ADAPTER_DE05.day01.merged.nc']_MM_6__spatiotemporal_128.256_2018-01-01T13_2022-12-31T23_no_na_land
Loading training data...
Data loaded!
mse_64_0.001_1e-17_0.5_4_8_16_0.5_128_0.1_unet-m-dw_day10
Training the model...
train_data_hourly_pr_['ADAPTER_DE05.day10.merged.nc']_['ADAPTER_DE05.day01.merged.nc']_MM_6__spatiotemporal_128.256_2018-01-01T13_2022-12-31T23_no_na_land
Loading training data...
Data loaded!
mse_64_0.001_1e-17_0.5_4_8_16_0.5_128_0.2_unet-m-dw_day10
Training the model...
train_data_hourly_pr_['ADAPTER_DE05.day10.merged.nc']_['ADAPTER_DE05.day01.merged.nc']_MM_6__spatiotemporal_128.256_2018-01-01T13_2022-12-31T23_no_na_land
Loading training data...
Data loaded!
mse_64_0.0001_1e-17_0.5_4_16_16_0.5_128_0.3_unet-m-dw_day10
Training the model...
train_data_hourly_pr_['ADAPTER_DE05.day10.merged.nc']_['ADAPTER_DE05.day01.merged.nc']_MM_6__spatiotemporal_128.256_2018-01-01T13_2022-12-31T23_no_na_land
Loading training data...
Data loaded!
mse_64_0.0001_1e-17_0.5_4_8_16_0.5_128_0.2_unet-m-dw_day10
Training the model...
train_data_hourly_pr_['ADAPTER_DE05.day10.merged.nc']_['ADAPTER_DE05.day01.merged.nc']_MM_6__spatiotemporal_128.256_2018-01-01T13_2022-12-31T23_no_na_land
Loading training data...
Data loaded!
mse_64_1e-05_1e-17_0.5_4_8_16_0.5_128_0.0_unet-m-dw_day10
Training the model...
train_data_hourly_pr_['ADAPTER_DE05.day10.merged.nc']_['ADAPTER_DE05.day01.merged.nc']_MM_6__spatiotemporal_128.256_2018-01-01T13_2022-12-31T23_no_na_land
Loading training data...
Data loaded!
mse_64_1e-05_1e-17_0.5_4_8_16_0.5_128_0.2_unet-m-dw_day10
Training the model...
train_data_hourly_pr_['ADAPTER_DE05.day10.merged.nc']_['ADAPTER_DE05.day01.merged.nc']_MM_6__spatiotemporal_128.256_2018-01-01T13_2022-12-31T23_no_na_land
Loading training data...
Data loaded!
mse_64_0.01_1e-17_0.5_4_8_16_0.5_128_0.1_unet-m-dw_day10
Training the model...
train_data_hourly_pr_['ADAPTER_DE05.day10.merged.nc']_['ADAPTER_DE05.day01.merged.nc']_MM_6__spatiotemporal_128.256_2018-01-01T13_2022-12-31T23_no_na_land
Loading training data...
Data loaded!
mse_64_0.01_1e-17_0.5_4_8_16_0.5_128_0.3_unet-m-dw_day10
Training the model...
train_data_hourly_pr_['ADAPTER_DE05.day10.merged.nc']_['ADAPTER_DE05.day01.merged.nc']_MM_6__spatiotemporal_128.256_2018-01-01T13_2022-12-31T23_no_na_land
Loading training data...
Data loaded!
mse_64_0.0001_1e-17_0.5_4_8_16_0.5_128_0.0_unet-m-dw_day10
Training the model...
train_data_hourly_pr_['ADAPTER_DE05.day10.merged.nc']_['ADAPTER_DE05.day01.merged.nc']_MM_6__spatiotemporal_128.256_2018-01-01T13_2022-12-31T23_no_na_land
Loading training data...
Data loaded!
mse_64_1e-05_1e-17_0.5_4_16_16_0.5_128_0.3_unet-m-dw_day10
Training the model...
train_data_hourly_pr_['ADAPTER_DE05.day10.merged.nc']_['ADAPTER_DE05.day01.merged.nc']_MM_6__spatiotemporal_128.256_2018-01-01T13_2022-12-31T23_no_na_land
Loading training data...
Data loaded!
mse_64_0.001_1e-17_0.5_4_8_16_0.5_128_0.3_unet-m-dw_day10
Training the model...
train_data_hourly_pr_['ADAPTER_DE05.day10.merged.nc']_['ADAPTER_DE05.day01.merged.nc']_MM_6__spatiotemporal_128.256_2018-01-01T13_2022-12-31T23_no_na_land
Loading training data...
Data loaded!
mse_64_0.0001_1e-17_0.5_4_8_16_0.5_128_0.3_unet-m-dw_day10
Training the model...
train_data_hourly_pr_['ADAPTER_DE05.day10.merged.nc']_['ADAPTER_DE05.day01.merged.nc']_MM_6__spatiotemporal_128.256_2018-01-01T13_2022-12-31T23_no_na_land
Loading training data...
Data loaded!
mse_64_1e-05_1e-17_0.5_4_8_16_0.5_128_0.3_unet-m-dw_day10
Training the model...
train_data_hourly_pr_['ADAPTER_DE05.day10.merged.nc']_['ADAPTER_DE05.day01.merged.nc']_MM_6__spatiotemporal_128.256_2018-01-01T13_2022-12-31T23_no_na_land
Loading training data...
Data loaded!
mse_64_0.01_1e-17_0.5_4_4_16_0.5_128_0.0_unet-m-dw_day10
Training the model...

Epoch 1: val_loss improved from inf to 0.00066, saving model to /p/project1/cesmtst/patakchiyousefi1/HPT/mse_64_0.01_1e-17_0.5_4_4_16_0.5_128_0.0_unet-m-dw_day10.h5
train_data_hourly_pr_['ADAPTER_DE05.day10.merged.nc']_['ADAPTER_DE05.day01.merged.nc']_MM_6__spatiotemporal_128.256_2018-01-01T13_2022-12-31T23_no_na_land
Loading training data...
Data loaded!
mse_64_1e-05_1e-17_0.5_4_4_16_0.5_128_0.0_unet-m-dw_day10
Training the model...

Epoch 1: val_loss improved from inf to 0.01276, saving model to /p/project1/cesmtst/patakchiyousefi1/HPT/mse_64_1e-05_1e-17_0.5_4_4_16_0.5_128_0.0_unet-m-dw_day10.h5
train_data_hourly_pr_['ADAPTER_DE05.day10.merged.nc']_['ADAPTER_DE05.day01.merged.nc']_MM_6__spatiotemporal_128.256_2018-01-01T13_2022-12-31T23_no_na_land
Loading training data...
Data loaded!
mse_64_0.0001_1e-17_0.5_4_4_16_0.5_128_0.0_unet-m-dw_day10
Training the model...

Epoch 1: val_loss improved from inf to 0.24308, saving model to /p/project1/cesmtst/patakchiyousefi1/HPT/mse_64_0.0001_1e-17_0.5_4_4_16_0.5_128_0.0_unet-m-dw_day10.h5
train_data_hourly_pr_['ADAPTER_DE05.day10.merged.nc']_['ADAPTER_DE05.day01.merged.nc']_MM_6__spatiotemporal_128.256_2018-01-01T13_2022-12-31T23_no_na_land
Loading training data...
Data loaded!
mse_64_0.001_1e-17_0.5_4_4_16_0.5_128_0.0_unet-m-dw_day10
Training the model...

Epoch 1: val_loss improved from inf to 0.00065, saving model to /p/project1/cesmtst/patakchiyousefi1/HPT/mse_64_0.001_1e-17_0.5_4_4_16_0.5_128_0.0_unet-m-dw_day10.h5
train_data_hourly_pr_['ADAPTER_DE05.day10.merged.nc']_['ADAPTER_DE05.day01.merged.nc']_MM_6__spatiotemporal_128.256_2018-01-01T13_2022-12-31T23_no_na_land
Loading training data...
Data loaded!
mse_64_1e-05_1e-17_0.5_4_4_16_0.5_128_0.1_unet-m-dw_day10
Training the model...

Epoch 1: val_loss improved from inf to 0.00854, saving model to /p/project1/cesmtst/patakchiyousefi1/HPT/mse_64_1e-05_1e-17_0.5_4_4_16_0.5_128_0.1_unet-m-dw_day10.h5
train_data_hourly_pr_['ADAPTER_DE05.day10.merged.nc']_['ADAPTER_DE05.day01.merged.nc']_MM_6__spatiotemporal_128.256_2018-01-01T13_2022-12-31T23_no_na_land
Loading training data...
Data loaded!
mse_64_0.01_1e-17_0.5_4_4_16_0.5_128_0.2_unet-m-dw_day10
Training the model...

Epoch 1: val_loss improved from inf to 0.00038, saving model to /p/project1/cesmtst/patakchiyousefi1/HPT/mse_64_0.01_1e-17_0.5_4_4_16_0.5_128_0.2_unet-m-dw_day10.h5
train_data_hourly_pr_['ADAPTER_DE05.day10.merged.nc']_['ADAPTER_DE05.day01.merged.nc']_MM_6__spatiotemporal_128.256_2018-01-01T13_2022-12-31T23_no_na_land
Loading training data...
Data loaded!
mse_64_0.01_1e-17_0.5_4_4_16_0.5_128_0.1_unet-m-dw_day10
Training the model...

Epoch 1: val_loss improved from inf to 0.00051, saving model to /p/project1/cesmtst/patakchiyousefi1/HPT/mse_64_0.01_1e-17_0.5_4_4_16_0.5_128_0.1_unet-m-dw_day10.h5
train_data_hourly_pr_['ADAPTER_DE05.day10.merged.nc']_['ADAPTER_DE05.day01.merged.nc']_MM_6__spatiotemporal_128.256_2018-01-01T13_2022-12-31T23_no_na_land
Loading training data...
Data loaded!
mse_64_0.001_1e-17_0.5_4_4_16_0.5_128_0.2_unet-m-dw_day10
Training the model...

Epoch 1: val_loss improved from inf to 2.08982, saving model to /p/project1/cesmtst/patakchiyousefi1/HPT/mse_64_0.001_1e-17_0.5_4_4_16_0.5_128_0.2_unet-m-dw_day10.h5
train_data_hourly_pr_['ADAPTER_DE05.day10.merged.nc']_['ADAPTER_DE05.day01.merged.nc']_MM_6__spatiotemporal_128.256_2018-01-01T13_2022-12-31T23_no_na_land
Loading training data...
Data loaded!
mse_64_0.0001_1e-17_0.5_4_4_16_0.5_128_0.2_unet-m-dw_day10
Training the model...

Epoch 1: val_loss improved from inf to 0.06190, saving model to /p/project1/cesmtst/patakchiyousefi1/HPT/mse_64_0.0001_1e-17_0.5_4_4_16_0.5_128_0.2_unet-m-dw_day10.h5
train_data_hourly_pr_['ADAPTER_DE05.day10.merged.nc']_['ADAPTER_DE05.day01.merged.nc']_MM_6__spatiotemporal_128.256_2018-01-01T13_2022-12-31T23_no_na_land
Loading training data...
Data loaded!
mse_64_0.001_1e-17_0.5_4_4_16_0.5_128_0.1_unet-m-dw_day10
Training the model...

Epoch 1: val_loss improved from inf to 0.60920, saving model to /p/project1/cesmtst/patakchiyousefi1/HPT/mse_64_0.001_1e-17_0.5_4_4_16_0.5_128_0.1_unet-m-dw_day10.h5
train_data_hourly_pr_['ADAPTER_DE05.day10.merged.nc']_['ADAPTER_DE05.day01.merged.nc']_MM_6__spatiotemporal_128.256_2018-01-01T13_2022-12-31T23_no_na_land
Loading training data...
Data loaded!
mse_64_0.0001_1e-17_0.5_4_4_16_0.5_128_0.1_unet-m-dw_day10
Training the model...

Epoch 1: val_loss improved from inf to 0.26406, saving model to /p/project1/cesmtst/patakchiyousefi1/HPT/mse_64_0.0001_1e-17_0.5_4_4_16_0.5_128_0.1_unet-m-dw_day10.h5
train_data_hourly_pr_['ADAPTER_DE05.day10.merged.nc']_['ADAPTER_DE05.day01.merged.nc']_MM_6__spatiotemporal_128.256_2018-01-01T13_2022-12-31T23_no_na_land
Loading training data...
Data loaded!
mse_64_0.01_1e-17_0.5_4_4_16_0.5_128_0.3_unet-m-dw_day10
Training the model...

Epoch 1: val_loss improved from inf to 0.00005, saving model to /p/project1/cesmtst/patakchiyousefi1/HPT/mse_64_0.01_1e-17_0.5_4_4_16_0.5_128_0.3_unet-m-dw_day10.h5
train_data_hourly_pr_['ADAPTER_DE05.day10.merged.nc']_['ADAPTER_DE05.day01.merged.nc']_MM_6__spatiotemporal_128.256_2018-01-01T13_2022-12-31T23_no_na_land
Loading training data...
Data loaded!
mse_64_1e-05_1e-17_0.5_4_4_16_0.5_128_0.2_unet-m-dw_day10
Training the model...

Epoch 1: val_loss improved from inf to 0.01831, saving model to /p/project1/cesmtst/patakchiyousefi1/HPT/mse_64_1e-05_1e-17_0.5_4_4_16_0.5_128_0.2_unet-m-dw_day10.h5
train_data_hourly_pr_['ADAPTER_DE05.day10.merged.nc']_['ADAPTER_DE05.day01.merged.nc']_MM_6__spatiotemporal_128.256_2018-01-01T13_2022-12-31T23_no_na_land
Loading training data...
Data loaded!
mse_64_0.001_1e-17_0.5_4_4_16_0.5_128_0.3_unet-m-dw_day10
Training the model...

Epoch 1: val_loss improved from inf to 0.00011, saving model to /p/project1/cesmtst/patakchiyousefi1/HPT/mse_64_0.001_1e-17_0.5_4_4_16_0.5_128_0.3_unet-m-dw_day10.h5
train_data_hourly_pr_['ADAPTER_DE05.day10.merged.nc']_['ADAPTER_DE05.day01.merged.nc']_MM_6__spatiotemporal_128.256_2018-01-01T13_2022-12-31T23_no_na_land
Loading training data...
Data loaded!
mse_64_0.0001_1e-17_0.5_4_4_16_0.5_128_0.3_unet-m-dw_day10
Training the model...

Epoch 1: val_loss improved from inf to 0.00094, saving model to /p/project1/cesmtst/patakchiyousefi1/HPT/mse_64_0.0001_1e-17_0.5_4_4_16_0.5_128_0.3_unet-m-dw_day10.h5
train_data_hourly_pr_['ADAPTER_DE05.day10.merged.nc']_['ADAPTER_DE05.day01.merged.nc']_MM_6__spatiotemporal_128.256_2018-01-01T13_2022-12-31T23_no_na_land
Loading training data...
Data loaded!
mse_64_1e-05_1e-17_0.5_4_4_16_0.5_128_0.3_unet-m-dw_day10
Training the model...

Epoch 1: val_loss improved from inf to 0.00132, saving model to /p/project1/cesmtst/patakchiyousefi1/HPT/mse_64_1e-05_1e-17_0.5_4_4_16_0.5_128_0.3_unet-m-dw_day10.h5
train_data_hourly_pr_['ADAPTER_DE05.day10.merged.nc']_['ADAPTER_DE05.day01.merged.nc']_MM_6__spatiotemporal_128.256_2018-01-01T13_2022-12-31T23_no_na_land
Loading training data...
Data loaded!
mse_64_0.01_1e-17_0.5_4_2_16_0.5_128_0.0_unet-m-dw_day10
Training the model...

Epoch 1: val_loss did not improve from inf
train_data_hourly_pr_['ADAPTER_DE05.day10.merged.nc']_['ADAPTER_DE05.day01.merged.nc']_MM_6__spatiotemporal_128.256_2018-01-01T13_2022-12-31T23_no_na_land
Loading training data...
Data loaded!
mse_64_0.001_1e-17_0.5_4_2_16_0.5_128_0.0_unet-m-dw_day10
Training the model...

Epoch 1: val_loss did not improve from inf
train_data_hourly_pr_['ADAPTER_DE05.day10.merged.nc']_['ADAPTER_DE05.day01.merged.nc']_MM_6__spatiotemporal_128.256_2018-01-01T13_2022-12-31T23_no_na_land
Loading training data...
Data loaded!
mse_64_0.0001_1e-17_0.5_4_2_16_0.5_128_0.0_unet-m-dw_day10
Training the model...

Epoch 1: val_loss did not improve from inf
train_data_hourly_pr_['ADAPTER_DE05.day10.merged.nc']_['ADAPTER_DE05.day01.merged.nc']_MM_6__spatiotemporal_128.256_2018-01-01T13_2022-12-31T23_no_na_land
Loading training data...
Data loaded!
mse_64_1e-05_1e-17_0.5_4_2_16_0.5_128_0.0_unet-m-dw_day10
Training the model...

Epoch 1: val_loss did not improve from inf

Epoch 2: val_loss did not improve from 0.00066

Epoch 2: val_loss improved from 0.01276 to 0.00353, saving model to /p/project1/cesmtst/patakchiyousefi1/HPT/mse_64_1e-05_1e-17_0.5_4_4_16_0.5_128_0.0_unet-m-dw_day10.h5

Epoch 2: val_loss improved from 0.24308 to 0.04716, saving model to /p/project1/cesmtst/patakchiyousefi1/HPT/mse_64_0.0001_1e-17_0.5_4_4_16_0.5_128_0.0_unet-m-dw_day10.h5

Epoch 2: val_loss improved from 0.00065 to 0.00036, saving model to /p/project1/cesmtst/patakchiyousefi1/HPT/mse_64_0.001_1e-17_0.5_4_4_16_0.5_128_0.0_unet-m-dw_day10.h5
train_data_hourly_pr_['ADAPTER_DE05.day10.merged.nc']_['ADAPTER_DE05.day01.merged.nc']_MM_6__spatiotemporal_128.256_2018-01-01T13_2022-12-31T23_no_na_land
Loading training data...
Data loaded!
mse_64_0.001_1e-17_0.5_4_2_16_0.5_128_0.1_unet-m-dw_day10
Training the model...

Epoch 1: val_loss did not improve from inf
train_data_hourly_pr_['ADAPTER_DE05.day10.merged.nc']_['ADAPTER_DE05.day01.merged.nc']_MM_6__spatiotemporal_128.256_2018-01-01T13_2022-12-31T23_no_na_land
Loading training data...
Data loaded!
mse_64_1e-05_1e-17_0.5_4_2_16_0.5_128_0.1_unet-m-dw_day10
Training the model...

Epoch 1: val_loss did not improve from inf
train_data_hourly_pr_['ADAPTER_DE05.day10.merged.nc']_['ADAPTER_DE05.day01.merged.nc']_MM_6__spatiotemporal_128.256_2018-01-01T13_2022-12-31T23_no_na_land
Loading training data...
Data loaded!
mse_64_0.01_1e-17_0.5_4_2_16_0.5_128_0.2_unet-m-dw_day10
Training the model...

Epoch 1: val_loss did not improve from inf
train_data_hourly_pr_['ADAPTER_DE05.day10.merged.nc']_['ADAPTER_DE05.day01.merged.nc']_MM_6__spatiotemporal_128.256_2018-01-01T13_2022-12-31T23_no_na_land
Loading training data...
Data loaded!
mse_64_0.01_1e-17_0.5_4_2_16_0.5_128_0.3_unet-m-dw_day10
Training the model...

Epoch 1: val_loss did not improve from inf
train_data_hourly_pr_['ADAPTER_DE05.day10.merged.nc']_['ADAPTER_DE05.day01.merged.nc']_MM_6__spatiotemporal_128.256_2018-01-01T13_2022-12-31T23_no_na_land
Loading training data...
Data loaded!
mse_64_0.001_1e-17_0.5_4_2_16_0.5_128_0.2_unet-m-dw_day10
Training the model...

Epoch 1: val_loss did not improve from inf
train_data_hourly_pr_['ADAPTER_DE05.day10.merged.nc']_['ADAPTER_DE05.day01.merged.nc']_MM_6__spatiotemporal_128.256_2018-01-01T13_2022-12-31T23_no_na_land
Loading training data...
Data loaded!
mse_64_0.0001_1e-17_0.5_4_2_16_0.5_128_0.1_unet-m-dw_day10
Training the model...

Epoch 1: val_loss did not improve from inf
train_data_hourly_pr_['ADAPTER_DE05.day10.merged.nc']_['ADAPTER_DE05.day01.merged.nc']_MM_6__spatiotemporal_128.256_2018-01-01T13_2022-12-31T23_no_na_land
Loading training data...
Data loaded!
mse_64_1e-05_1e-17_0.5_4_2_16_0.5_128_0.2_unet-m-dw_day10
Training the model...

Epoch 1: val_loss did not improve from inf
train_data_hourly_pr_['ADAPTER_DE05.day10.merged.nc']_['ADAPTER_DE05.day01.merged.nc']_MM_6__spatiotemporal_128.256_2018-01-01T13_2022-12-31T23_no_na_land
Loading training data...
Data loaded!
mse_64_0.01_1e-17_0.5_4_2_16_0.5_128_0.1_unet-m-dw_day10
Training the model...

Epoch 1: val_loss did not improve from inf
train_data_hourly_pr_['ADAPTER_DE05.day10.merged.nc']_['ADAPTER_DE05.day01.merged.nc']_MM_6__spatiotemporal_128.256_2018-01-01T13_2022-12-31T23_no_na_land
Loading training data...
Data loaded!
mse_64_1e-05_1e-17_0.5_4_2_16_0.5_128_0.3_unet-m-dw_day10
Training the model...

Epoch 1: val_loss did not improve from inf
train_data_hourly_pr_['ADAPTER_DE05.day10.merged.nc']_['ADAPTER_DE05.day01.merged.nc']_MM_6__spatiotemporal_128.256_2018-01-01T13_2022-12-31T23_no_na_land
Loading training data...
Data loaded!
mse_64_0.0001_1e-17_0.5_4_2_16_0.5_128_0.3_unet-m-dw_day10
Training the model...

Epoch 1: val_loss did not improve from inf
train_data_hourly_pr_['ADAPTER_DE05.day10.merged.nc']_['ADAPTER_DE05.day01.merged.nc']_MM_6__spatiotemporal_128.256_2018-01-01T13_2022-12-31T23_no_na_land
Loading training data...
Data loaded!
mse_64_0.0001_1e-17_0.5_4_2_16_0.5_128_0.2_unet-m-dw_day10
Training the model...

Epoch 1: val_loss did not improve from inf
train_data_hourly_pr_['ADAPTER_DE05.day10.merged.nc']_['ADAPTER_DE05.day01.merged.nc']_MM_6__spatiotemporal_128.256_2018-01-01T13_2022-12-31T23_no_na_land
Loading training data...
Data loaded!
mse_64_0.001_1e-17_0.5_4_2_16_0.5_128_0.3_unet-m-dw_day10
Training the model...

Epoch 1: val_loss did not improve from inf

Epoch 2: val_loss improved from 0.00854 to 0.00188, saving model to /p/project1/cesmtst/patakchiyousefi1/HPT/mse_64_1e-05_1e-17_0.5_4_4_16_0.5_128_0.1_unet-m-dw_day10.h5

Epoch 2: val_loss did not improve from 0.00038

Epoch 2: val_loss improved from 0.00051 to 0.00020, saving model to /p/project1/cesmtst/patakchiyousefi1/HPT/mse_64_0.01_1e-17_0.5_4_4_16_0.5_128_0.1_unet-m-dw_day10.h5

Epoch 2: val_loss improved from 2.08982 to 0.11013, saving model to /p/project1/cesmtst/patakchiyousefi1/HPT/mse_64_0.001_1e-17_0.5_4_4_16_0.5_128_0.2_unet-m-dw_day10.h5

Epoch 2: val_loss improved from 0.60920 to 0.00722, saving model to /p/project1/cesmtst/patakchiyousefi1/HPT/mse_64_0.001_1e-17_0.5_4_4_16_0.5_128_0.1_unet-m-dw_day10.h5

Epoch 2: val_loss improved from 0.06190 to 0.04386, saving model to /p/project1/cesmtst/patakchiyousefi1/HPT/mse_64_0.0001_1e-17_0.5_4_4_16_0.5_128_0.2_unet-m-dw_day10.h5

Epoch 2: val_loss did not improve from 0.00094

Epoch 2: val_loss improved from 0.26406 to 0.19836, saving model to /p/project1/cesmtst/patakchiyousefi1/HPT/mse_64_0.0001_1e-17_0.5_4_4_16_0.5_128_0.1_unet-m-dw_day10.h5

Epoch 2: val_loss improved from 0.00005 to 0.00004, saving model to /p/project1/cesmtst/patakchiyousefi1/HPT/mse_64_0.01_1e-17_0.5_4_4_16_0.5_128_0.3_unet-m-dw_day10.h5

Epoch 2: val_loss improved from 0.01831 to 0.01282, saving model to /p/project1/cesmtst/patakchiyousefi1/HPT/mse_64_1e-05_1e-17_0.5_4_4_16_0.5_128_0.2_unet-m-dw_day10.h5

Epoch 2: val_loss improved from 0.00011 to 0.00009, saving model to /p/project1/cesmtst/patakchiyousefi1/HPT/mse_64_0.001_1e-17_0.5_4_4_16_0.5_128_0.3_unet-m-dw_day10.h5

Epoch 2: val_loss did not improve from 0.00132

Epoch 3: val_loss did not improve from 0.00066

Epoch 3: val_loss improved from 0.04716 to 0.04053, saving model to /p/project1/cesmtst/patakchiyousefi1/HPT/mse_64_0.0001_1e-17_0.5_4_4_16_0.5_128_0.0_unet-m-dw_day10.h5

Epoch 3: val_loss did not improve from 0.00353

Epoch 3: val_loss improved from 0.00036 to 0.00026, saving model to /p/project1/cesmtst/patakchiyousefi1/HPT/mse_64_0.001_1e-17_0.5_4_4_16_0.5_128_0.0_unet-m-dw_day10.h5

Epoch 2: val_loss did not improve from inf

Epoch 2: val_loss did not improve from inf

Epoch 2: val_loss did not improve from inf

Epoch 2: val_loss did not improve from inf

Epoch 4: val_loss did not improve from 0.00066

Epoch 4: val_loss did not improve from 0.00353

Epoch 3: val_loss did not improve from 0.00038

Epoch 4: val_loss did not improve from 0.04053

Epoch 4: val_loss did not improve from 0.00026

Epoch 3: val_loss did not improve from 0.00094

Epoch 3: val_loss did not improve from 0.00188

Epoch 3: val_loss did not improve from 0.00722

Epoch 3: val_loss did not improve from 0.00020

Epoch 3: val_loss improved from 0.11013 to 0.00040, saving model to /p/project1/cesmtst/patakchiyousefi1/HPT/mse_64_0.001_1e-17_0.5_4_4_16_0.5_128_0.2_unet-m-dw_day10.h5

Epoch 3: val_loss improved from 0.04386 to 0.00416, saving model to /p/project1/cesmtst/patakchiyousefi1/HPT/mse_64_0.0001_1e-17_0.5_4_4_16_0.5_128_0.2_unet-m-dw_day10.h5

Epoch 3: val_loss improved from 0.00004 to 0.00003, saving model to /p/project1/cesmtst/patakchiyousefi1/HPT/mse_64_0.01_1e-17_0.5_4_4_16_0.5_128_0.3_unet-m-dw_day10.h5

Epoch 3: val_loss improved from 0.19836 to 0.15625, saving model to /p/project1/cesmtst/patakchiyousefi1/HPT/mse_64_0.0001_1e-17_0.5_4_4_16_0.5_128_0.1_unet-m-dw_day10.h5

Epoch 3: val_loss did not improve from 0.01282

Epoch 3: val_loss improved from 0.00009 to 0.00005, saving model to /p/project1/cesmtst/patakchiyousefi1/HPT/mse_64_0.001_1e-17_0.5_4_4_16_0.5_128_0.3_unet-m-dw_day10.h5

Epoch 3: val_loss did not improve from 0.00132

Epoch 2: val_loss did not improve from inf

Epoch 2: val_loss did not improve from inf

Epoch 2: val_loss did not improve from inf

Epoch 2: val_loss did not improve from inf

Epoch 2: val_loss did not improve from inf

Epoch 2: val_loss did not improve from inf

Epoch 2: val_loss did not improve from inf

Epoch 2: val_loss did not improve from inf

Epoch 5: val_loss did not improve from 0.00066

Epoch 2: val_loss did not improve from inf

Epoch 2: val_loss did not improve from inf

Epoch 2: val_loss did not improve from inf

Epoch 2: val_loss did not improve from inf

Epoch 5: val_loss did not improve from 0.00353

Epoch 5: val_loss did not improve from 0.00026

Epoch 5: val_loss improved from 0.04053 to 0.04052, saving model to /p/project1/cesmtst/patakchiyousefi1/HPT/mse_64_0.0001_1e-17_0.5_4_4_16_0.5_128_0.0_unet-m-dw_day10.h5

Epoch 4: val_loss did not improve from 0.00038

Epoch 4: val_loss did not improve from 0.00094

Epoch 3: val_loss did not improve from inf

Epoch 4: val_loss did not improve from 0.00188

Epoch 3: val_loss did not improve from inf

Epoch 3: val_loss did not improve from inf

Epoch 4: val_loss did not improve from 0.00722

Epoch 4: val_loss did not improve from 0.00020

Epoch 4: val_loss did not improve from 0.00416

Epoch 4: val_loss did not improve from 0.00040

Epoch 4: val_loss did not improve from 0.00003

Epoch 4: val_loss improved from 0.15625 to 0.14826, saving model to /p/project1/cesmtst/patakchiyousefi1/HPT/mse_64_0.0001_1e-17_0.5_4_4_16_0.5_128_0.1_unet-m-dw_day10.h5

Epoch 3: val_loss did not improve from inf

Epoch 4: val_loss did not improve from 0.00132

Epoch 4: val_loss did not improve from 0.01282

Epoch 4: val_loss improved from 0.00005 to 0.00004, saving model to /p/project1/cesmtst/patakchiyousefi1/HPT/mse_64_0.001_1e-17_0.5_4_4_16_0.5_128_0.3_unet-m-dw_day10.h5

Epoch 6: val_loss did not improve from 0.00066

Epoch 6: val_loss did not improve from 0.00353

Epoch 6: val_loss did not improve from 0.00026

Epoch 6: val_loss did not improve from 0.04052

Epoch 5: val_loss did not improve from 0.00038

Epoch 5: val_loss did not improve from 0.00094

Epoch 5: val_loss did not improve from 0.00188

Epoch 5: val_loss did not improve from 0.00132

Epoch 5: val_loss did not improve from 0.00722

Epoch 5: val_loss improved from 0.00003 to 0.00003, saving model to /p/project1/cesmtst/patakchiyousefi1/HPT/mse_64_0.01_1e-17_0.5_4_4_16_0.5_128_0.3_unet-m-dw_day10.h5

Epoch 5: val_loss did not improve from 0.00020

Epoch 5: val_loss improved from 0.00040 to 0.00032, saving model to /p/project1/cesmtst/patakchiyousefi1/HPT/mse_64_0.001_1e-17_0.5_4_4_16_0.5_128_0.2_unet-m-dw_day10.h5

Epoch 5: val_loss did not improve from 0.00416

Epoch 5: val_loss improved from 0.14826 to 0.12736, saving model to /p/project1/cesmtst/patakchiyousefi1/HPT/mse_64_0.0001_1e-17_0.5_4_4_16_0.5_128_0.1_unet-m-dw_day10.h5

Epoch 5: val_loss did not improve from 0.01282

Epoch 5: val_loss did not improve from 0.00004

Epoch 7: val_loss did not improve from 0.00066

Epoch 7: val_loss did not improve from 0.00026

Epoch 7: val_loss did not improve from 0.00353

Epoch 7: val_loss did not improve from 0.04052

Epoch 4: val_loss did not improve from inf

Epoch 4: val_loss did not improve from inf

Epoch 4: val_loss did not improve from inf

Epoch 4: val_loss did not improve from inf
