No lead day provided. Using default hyperparameters - LR: 0.0001, BS: 32, DROPOUT: 0.1, UNET_TYPE: unet-l
Running DL_TRAIN.py for day08 with dropout=0, lr=0.01, bs=2, unet_type=unet-l-dw ...
Running DL_TRAIN.py for day08 with dropout=0, lr=0.01, bs=4, unet_type=unet-l-dw ...
Running DL_TRAIN.py for day08 with dropout=0, lr=0.01, bs=8, unet_type=unet-l-dw ...
Running DL_TRAIN.py for day08 with dropout=0, lr=0.01, bs=16, unet_type=unet-l-dw ...
Running DL_TRAIN.py for day08 with dropout=0, lr=0.001, bs=2, unet_type=unet-l-dw ...
Running DL_TRAIN.py for day08 with dropout=0, lr=0.001, bs=4, unet_type=unet-l-dw ...
Running DL_TRAIN.py for day08 with dropout=0, lr=0.001, bs=8, unet_type=unet-l-dw ...
Running DL_TRAIN.py for day08 with dropout=0, lr=0.001, bs=16, unet_type=unet-l-dw ...
Running DL_TRAIN.py for day08 with dropout=0, lr=0.0001, bs=2, unet_type=unet-l-dw ...
Running DL_TRAIN.py for day08 with dropout=0, lr=0.0001, bs=4, unet_type=unet-l-dw ...
Running DL_TRAIN.py for day08 with dropout=0, lr=0.0001, bs=8, unet_type=unet-l-dw ...
Running DL_TRAIN.py for day08 with dropout=0, lr=0.0001, bs=16, unet_type=unet-l-dw ...
Running DL_TRAIN.py for day08 with dropout=0, lr=0.00001, bs=2, unet_type=unet-l-dw ...
Running DL_TRAIN.py for day08 with dropout=0, lr=0.00001, bs=4, unet_type=unet-l-dw ...
Running DL_TRAIN.py for day08 with dropout=0, lr=0.00001, bs=8, unet_type=unet-l-dw ...
Running DL_TRAIN.py for day08 with dropout=0, lr=0.00001, bs=16, unet_type=unet-l-dw ...
Running DL_TRAIN.py for day08 with dropout=0.1, lr=0.01, bs=2, unet_type=unet-l-dw ...
Running DL_TRAIN.py for day08 with dropout=0.1, lr=0.01, bs=4, unet_type=unet-l-dw ...
Running DL_TRAIN.py for day08 with dropout=0.1, lr=0.01, bs=8, unet_type=unet-l-dw ...
Running DL_TRAIN.py for day08 with dropout=0.1, lr=0.01, bs=16, unet_type=unet-l-dw ...
Running DL_TRAIN.py for day08 with dropout=0.1, lr=0.001, bs=2, unet_type=unet-l-dw ...
Running DL_TRAIN.py for day08 with dropout=0.1, lr=0.001, bs=4, unet_type=unet-l-dw ...
Running DL_TRAIN.py for day08 with dropout=0.1, lr=0.001, bs=8, unet_type=unet-l-dw ...
Running DL_TRAIN.py for day08 with dropout=0.1, lr=0.001, bs=16, unet_type=unet-l-dw ...
Running DL_TRAIN.py for day08 with dropout=0.1, lr=0.0001, bs=2, unet_type=unet-l-dw ...
Running DL_TRAIN.py for day08 with dropout=0.1, lr=0.0001, bs=4, unet_type=unet-l-dw ...
Running DL_TRAIN.py for day08 with dropout=0.1, lr=0.0001, bs=8, unet_type=unet-l-dw ...
Running DL_TRAIN.py for day08 with dropout=0.1, lr=0.0001, bs=16, unet_type=unet-l-dw ...
Running DL_TRAIN.py for day08 with dropout=0.1, lr=0.00001, bs=2, unet_type=unet-l-dw ...
Running DL_TRAIN.py for day08 with dropout=0.1, lr=0.00001, bs=4, unet_type=unet-l-dw ...
Running DL_TRAIN.py for day08 with dropout=0.1, lr=0.00001, bs=8, unet_type=unet-l-dw ...
Running DL_TRAIN.py for day08 with dropout=0.1, lr=0.00001, bs=16, unet_type=unet-l-dw ...
Running DL_TRAIN.py for day08 with dropout=0.2, lr=0.01, bs=2, unet_type=unet-l-dw ...
Running DL_TRAIN.py for day08 with dropout=0.2, lr=0.01, bs=4, unet_type=unet-l-dw ...
Running DL_TRAIN.py for day08 with dropout=0.2, lr=0.01, bs=8, unet_type=unet-l-dw ...
Running DL_TRAIN.py for day08 with dropout=0.2, lr=0.01, bs=16, unet_type=unet-l-dw ...
Running DL_TRAIN.py for day08 with dropout=0.2, lr=0.001, bs=2, unet_type=unet-l-dw ...
Running DL_TRAIN.py for day08 with dropout=0.2, lr=0.001, bs=4, unet_type=unet-l-dw ...
Running DL_TRAIN.py for day08 with dropout=0.2, lr=0.001, bs=8, unet_type=unet-l-dw ...
Running DL_TRAIN.py for day08 with dropout=0.2, lr=0.001, bs=16, unet_type=unet-l-dw ...
Running DL_TRAIN.py for day08 with dropout=0.2, lr=0.0001, bs=2, unet_type=unet-l-dw ...
Running DL_TRAIN.py for day08 with dropout=0.2, lr=0.0001, bs=4, unet_type=unet-l-dw ...
Running DL_TRAIN.py for day08 with dropout=0.2, lr=0.0001, bs=8, unet_type=unet-l-dw ...
Running DL_TRAIN.py for day08 with dropout=0.2, lr=0.0001, bs=16, unet_type=unet-l-dw ...
Running DL_TRAIN.py for day08 with dropout=0.2, lr=0.00001, bs=2, unet_type=unet-l-dw ...
Running DL_TRAIN.py for day08 with dropout=0.2, lr=0.00001, bs=4, unet_type=unet-l-dw ...
Running DL_TRAIN.py for day08 with dropout=0.2, lr=0.00001, bs=8, unet_type=unet-l-dw ...
Running DL_TRAIN.py for day08 with dropout=0.2, lr=0.00001, bs=16, unet_type=unet-l-dw ...
Running DL_TRAIN.py for day08 with dropout=0.3, lr=0.01, bs=2, unet_type=unet-l-dw ...
Running DL_TRAIN.py for day08 with dropout=0.3, lr=0.01, bs=4, unet_type=unet-l-dw ...
Running DL_TRAIN.py for day08 with dropout=0.3, lr=0.01, bs=8, unet_type=unet-l-dw ...
Running DL_TRAIN.py for day08 with dropout=0.3, lr=0.01, bs=16, unet_type=unet-l-dw ...
Running DL_TRAIN.py for day08 with dropout=0.3, lr=0.001, bs=2, unet_type=unet-l-dw ...
Running DL_TRAIN.py for day08 with dropout=0.3, lr=0.001, bs=4, unet_type=unet-l-dw ...
Running DL_TRAIN.py for day08 with dropout=0.3, lr=0.001, bs=8, unet_type=unet-l-dw ...
Running DL_TRAIN.py for day08 with dropout=0.3, lr=0.001, bs=16, unet_type=unet-l-dw ...
Running DL_TRAIN.py for day08 with dropout=0.3, lr=0.0001, bs=2, unet_type=unet-l-dw ...
Running DL_TRAIN.py for day08 with dropout=0.3, lr=0.0001, bs=4, unet_type=unet-l-dw ...
Running DL_TRAIN.py for day08 with dropout=0.3, lr=0.0001, bs=8, unet_type=unet-l-dw ...
Running DL_TRAIN.py for day08 with dropout=0.3, lr=0.0001, bs=16, unet_type=unet-l-dw ...
Running DL_TRAIN.py for day08 with dropout=0.3, lr=0.00001, bs=2, unet_type=unet-l-dw ...
Running DL_TRAIN.py for day08 with dropout=0.3, lr=0.00001, bs=4, unet_type=unet-l-dw ...
Running DL_TRAIN.py for day08 with dropout=0.3, lr=0.00001, bs=8, unet_type=unet-l-dw ...
Running DL_TRAIN.py for day08 with dropout=0.3, lr=0.00001, bs=16, unet_type=unet-l-dw ...
train_data_hourly_pr_['ADAPTER_DE05.day08.merged.nc']_['ADAPTER_DE05.day01.merged.nc']_MM_6__spatiotemporal_128.256_2018-01-01T13_2022-12-31T23_no_na_land
Loading training data...
Data loaded!
mse_64_0.01_1e-17_0.5_4_16_16_0.5_128_0.0_unet-l-dw_day08
Training the model...
train_data_hourly_pr_['ADAPTER_DE05.day08.merged.nc']_['ADAPTER_DE05.day01.merged.nc']_MM_6__spatiotemporal_128.256_2018-01-01T13_2022-12-31T23_no_na_land
Loading training data...
Data loaded!
mse_64_0.0001_1e-17_0.5_4_16_16_0.5_128_0.0_unet-l-dw_day08
Training the model...
train_data_hourly_pr_['ADAPTER_DE05.day08.merged.nc']_['ADAPTER_DE05.day01.merged.nc']_MM_6__spatiotemporal_128.256_2018-01-01T13_2022-12-31T23_no_na_land
Loading training data...
Data loaded!
mse_64_0.001_1e-17_0.5_4_16_16_0.5_128_0.0_unet-l-dw_day08
Training the model...
train_data_hourly_pr_['ADAPTER_DE05.day08.merged.nc']_['ADAPTER_DE05.day01.merged.nc']_MM_6__spatiotemporal_128.256_2018-01-01T13_2022-12-31T23_no_na_land
Loading training data...
Data loaded!
mse_64_1e-05_1e-17_0.5_4_16_16_0.5_128_0.0_unet-l-dw_day08
Training the model...
train_data_hourly_pr_['ADAPTER_DE05.day08.merged.nc']_['ADAPTER_DE05.day01.merged.nc']_MM_6__spatiotemporal_128.256_2018-01-01T13_2022-12-31T23_no_na_land
Loading training data...
Data loaded!
mse_64_0.0001_1e-17_0.5_4_16_16_0.5_128_0.1_unet-l-dw_day08
Training the model...
train_data_hourly_pr_['ADAPTER_DE05.day08.merged.nc']_['ADAPTER_DE05.day01.merged.nc']_MM_6__spatiotemporal_128.256_2018-01-01T13_2022-12-31T23_no_na_land
Loading training data...
Data loaded!
mse_64_0.01_1e-17_0.5_4_16_16_0.5_128_0.1_unet-l-dw_day08
Training the model...
train_data_hourly_pr_['ADAPTER_DE05.day08.merged.nc']_['ADAPTER_DE05.day01.merged.nc']_MM_6__spatiotemporal_128.256_2018-01-01T13_2022-12-31T23_no_na_land
Loading training data...
Data loaded!
mse_64_0.0001_1e-17_0.5_4_16_16_0.5_128_0.2_unet-l-dw_day08
Training the model...
train_data_hourly_pr_['ADAPTER_DE05.day08.merged.nc']_['ADAPTER_DE05.day01.merged.nc']_MM_6__spatiotemporal_128.256_2018-01-01T13_2022-12-31T23_no_na_land
Loading training data...
Data loaded!
mse_64_0.001_1e-17_0.5_4_16_16_0.5_128_0.1_unet-l-dw_day08
Training the model...
train_data_hourly_pr_['ADAPTER_DE05.day08.merged.nc']_['ADAPTER_DE05.day01.merged.nc']_MM_6__spatiotemporal_128.256_2018-01-01T13_2022-12-31T23_no_na_land
Loading training data...
Data loaded!
mse_64_0.01_1e-17_0.5_4_16_16_0.5_128_0.2_unet-l-dw_day08
Training the model...
train_data_hourly_pr_['ADAPTER_DE05.day08.merged.nc']_['ADAPTER_DE05.day01.merged.nc']_MM_6__spatiotemporal_128.256_2018-01-01T13_2022-12-31T23_no_na_land
Loading training data...
Data loaded!
mse_64_1e-05_1e-17_0.5_4_16_16_0.5_128_0.1_unet-l-dw_day08
Training the model...
train_data_hourly_pr_['ADAPTER_DE05.day08.merged.nc']_['ADAPTER_DE05.day01.merged.nc']_MM_6__spatiotemporal_128.256_2018-01-01T13_2022-12-31T23_no_na_land
Loading training data...
Data loaded!
mse_64_0.01_1e-17_0.5_4_8_16_0.5_128_0.0_unet-l-dw_day08
Training the model...
train_data_hourly_pr_['ADAPTER_DE05.day08.merged.nc']_['ADAPTER_DE05.day01.merged.nc']_MM_6__spatiotemporal_128.256_2018-01-01T13_2022-12-31T23_no_na_land
Loading training data...
Data loaded!
mse_64_0.001_1e-17_0.5_4_16_16_0.5_128_0.2_unet-l-dw_day08
Training the model...
train_data_hourly_pr_['ADAPTER_DE05.day08.merged.nc']_['ADAPTER_DE05.day01.merged.nc']_MM_6__spatiotemporal_128.256_2018-01-01T13_2022-12-31T23_no_na_land
Loading training data...
Data loaded!
mse_64_0.0001_1e-17_0.5_4_16_16_0.5_128_0.3_unet-l-dw_day08
Training the model...
train_data_hourly_pr_['ADAPTER_DE05.day08.merged.nc']_['ADAPTER_DE05.day01.merged.nc']_MM_6__spatiotemporal_128.256_2018-01-01T13_2022-12-31T23_no_na_land
Loading training data...
Data loaded!
mse_64_0.001_1e-17_0.5_4_8_16_0.5_128_0.0_unet-l-dw_day08
Training the model...
train_data_hourly_pr_['ADAPTER_DE05.day08.merged.nc']_['ADAPTER_DE05.day01.merged.nc']_MM_6__spatiotemporal_128.256_2018-01-01T13_2022-12-31T23_no_na_land
Loading training data...
Data loaded!
mse_64_0.001_1e-17_0.5_4_8_16_0.5_128_0.1_unet-l-dw_day08
Training the model...
train_data_hourly_pr_['ADAPTER_DE05.day08.merged.nc']_['ADAPTER_DE05.day01.merged.nc']_MM_6__spatiotemporal_128.256_2018-01-01T13_2022-12-31T23_no_na_land
Loading training data...
Data loaded!
mse_64_0.0001_1e-17_0.5_4_8_16_0.5_128_0.0_unet-l-dw_day08
Training the model...
train_data_hourly_pr_['ADAPTER_DE05.day08.merged.nc']_['ADAPTER_DE05.day01.merged.nc']_MM_6__spatiotemporal_128.256_2018-01-01T13_2022-12-31T23_no_na_land
Loading training data...
Data loaded!
mse_64_0.01_1e-17_0.5_4_8_16_0.5_128_0.1_unet-l-dw_day08
Training the model...
train_data_hourly_pr_['ADAPTER_DE05.day08.merged.nc']_['ADAPTER_DE05.day01.merged.nc']_MM_6__spatiotemporal_128.256_2018-01-01T13_2022-12-31T23_no_na_land
Loading training data...
Data loaded!
mse_64_1e-05_1e-17_0.5_4_8_16_0.5_128_0.0_unet-l-dw_day08
Training the model...
train_data_hourly_pr_['ADAPTER_DE05.day08.merged.nc']_['ADAPTER_DE05.day01.merged.nc']_MM_6__spatiotemporal_128.256_2018-01-01T13_2022-12-31T23_no_na_land
Loading training data...
Data loaded!
mse_64_0.01_1e-17_0.5_4_16_16_0.5_128_0.3_unet-l-dw_day08
Training the model...
train_data_hourly_pr_['ADAPTER_DE05.day08.merged.nc']_['ADAPTER_DE05.day01.merged.nc']_MM_6__spatiotemporal_128.256_2018-01-01T13_2022-12-31T23_no_na_land
Loading training data...
Data loaded!
mse_64_0.0001_1e-17_0.5_4_8_16_0.5_128_0.1_unet-l-dw_day08
Training the model...
train_data_hourly_pr_['ADAPTER_DE05.day08.merged.nc']_['ADAPTER_DE05.day01.merged.nc']_MM_6__spatiotemporal_128.256_2018-01-01T13_2022-12-31T23_no_na_land
Loading training data...
Data loaded!
mse_64_0.001_1e-17_0.5_4_16_16_0.5_128_0.3_unet-l-dw_day08
Training the model...
train_data_hourly_pr_['ADAPTER_DE05.day08.merged.nc']_['ADAPTER_DE05.day01.merged.nc']_MM_6__spatiotemporal_128.256_2018-01-01T13_2022-12-31T23_no_na_land
Loading training data...
Data loaded!
mse_64_1e-05_1e-17_0.5_4_8_16_0.5_128_0.1_unet-l-dw_day08
Training the model...
train_data_hourly_pr_['ADAPTER_DE05.day08.merged.nc']_['ADAPTER_DE05.day01.merged.nc']_MM_6__spatiotemporal_128.256_2018-01-01T13_2022-12-31T23_no_na_land
Loading training data...
Data loaded!
mse_64_0.01_1e-17_0.5_4_8_16_0.5_128_0.2_unet-l-dw_day08
Training the model...
train_data_hourly_pr_['ADAPTER_DE05.day08.merged.nc']_['ADAPTER_DE05.day01.merged.nc']_MM_6__spatiotemporal_128.256_2018-01-01T13_2022-12-31T23_no_na_land
Loading training data...
Data loaded!
mse_64_1e-05_1e-17_0.5_4_16_16_0.5_128_0.3_unet-l-dw_day08
Training the model...
train_data_hourly_pr_['ADAPTER_DE05.day08.merged.nc']_['ADAPTER_DE05.day01.merged.nc']_MM_6__spatiotemporal_128.256_2018-01-01T13_2022-12-31T23_no_na_land
Loading training data...
Data loaded!
mse_64_0.001_1e-17_0.5_4_8_16_0.5_128_0.2_unet-l-dw_day08
Training the model...
train_data_hourly_pr_['ADAPTER_DE05.day08.merged.nc']_['ADAPTER_DE05.day01.merged.nc']_MM_6__spatiotemporal_128.256_2018-01-01T13_2022-12-31T23_no_na_land
Loading training data...
Data loaded!
mse_64_0.0001_1e-17_0.5_4_8_16_0.5_128_0.2_unet-l-dw_day08
Training the model...
train_data_hourly_pr_['ADAPTER_DE05.day08.merged.nc']_['ADAPTER_DE05.day01.merged.nc']_MM_6__spatiotemporal_128.256_2018-01-01T13_2022-12-31T23_no_na_land
Loading training data...
Data loaded!
mse_64_0.01_1e-17_0.5_4_8_16_0.5_128_0.3_unet-l-dw_day08
Training the model...
train_data_hourly_pr_['ADAPTER_DE05.day08.merged.nc']_['ADAPTER_DE05.day01.merged.nc']_MM_6__spatiotemporal_128.256_2018-01-01T13_2022-12-31T23_no_na_land
Loading training data...
Data loaded!
mse_64_0.001_1e-17_0.5_4_8_16_0.5_128_0.3_unet-l-dw_day08
Training the model...
train_data_hourly_pr_['ADAPTER_DE05.day08.merged.nc']_['ADAPTER_DE05.day01.merged.nc']_MM_6__spatiotemporal_128.256_2018-01-01T13_2022-12-31T23_no_na_land
Loading training data...
Data loaded!
mse_64_1e-05_1e-17_0.5_4_8_16_0.5_128_0.2_unet-l-dw_day08
Training the model...
train_data_hourly_pr_['ADAPTER_DE05.day08.merged.nc']_['ADAPTER_DE05.day01.merged.nc']_MM_6__spatiotemporal_128.256_2018-01-01T13_2022-12-31T23_no_na_land
Loading training data...
Data loaded!
mse_64_1e-05_1e-17_0.5_4_8_16_0.5_128_0.3_unet-l-dw_day08
Training the model...
train_data_hourly_pr_['ADAPTER_DE05.day08.merged.nc']_['ADAPTER_DE05.day01.merged.nc']_MM_6__spatiotemporal_128.256_2018-01-01T13_2022-12-31T23_no_na_land
Loading training data...
Data loaded!
mse_64_0.0001_1e-17_0.5_4_8_16_0.5_128_0.3_unet-l-dw_day08
Training the model...
train_data_hourly_pr_['ADAPTER_DE05.day08.merged.nc']_['ADAPTER_DE05.day01.merged.nc']_MM_6__spatiotemporal_128.256_2018-01-01T13_2022-12-31T23_no_na_land
Loading training data...
Data loaded!
mse_64_0.0001_1e-17_0.5_4_4_16_0.5_128_0.0_unet-l-dw_day08
Training the model...

Epoch 1: val_loss improved from inf to 0.06994, saving model to /p/project1/cesmtst/patakchiyousefi1/HPT/mse_64_0.0001_1e-17_0.5_4_4_16_0.5_128_0.0_unet-l-dw_day08.h5
train_data_hourly_pr_['ADAPTER_DE05.day08.merged.nc']_['ADAPTER_DE05.day01.merged.nc']_MM_6__spatiotemporal_128.256_2018-01-01T13_2022-12-31T23_no_na_land
Loading training data...
Data loaded!
mse_64_0.01_1e-17_0.5_4_4_16_0.5_128_0.0_unet-l-dw_day08
Training the model...

Epoch 1: val_loss improved from inf to 0.00042, saving model to /p/project1/cesmtst/patakchiyousefi1/HPT/mse_64_0.01_1e-17_0.5_4_4_16_0.5_128_0.0_unet-l-dw_day08.h5
train_data_hourly_pr_['ADAPTER_DE05.day08.merged.nc']_['ADAPTER_DE05.day01.merged.nc']_MM_6__spatiotemporal_128.256_2018-01-01T13_2022-12-31T23_no_na_land
Loading training data...
Data loaded!
mse_64_0.001_1e-17_0.5_4_4_16_0.5_128_0.0_unet-l-dw_day08
Training the model...

Epoch 1: val_loss improved from inf to 0.00098, saving model to /p/project1/cesmtst/patakchiyousefi1/HPT/mse_64_0.001_1e-17_0.5_4_4_16_0.5_128_0.0_unet-l-dw_day08.h5
train_data_hourly_pr_['ADAPTER_DE05.day08.merged.nc']_['ADAPTER_DE05.day01.merged.nc']_MM_6__spatiotemporal_128.256_2018-01-01T13_2022-12-31T23_no_na_land
Loading training data...
Data loaded!
mse_64_1e-05_1e-17_0.5_4_4_16_0.5_128_0.0_unet-l-dw_day08
Training the model...

Epoch 1: val_loss improved from inf to 0.01054, saving model to /p/project1/cesmtst/patakchiyousefi1/HPT/mse_64_1e-05_1e-17_0.5_4_4_16_0.5_128_0.0_unet-l-dw_day08.h5
train_data_hourly_pr_['ADAPTER_DE05.day08.merged.nc']_['ADAPTER_DE05.day01.merged.nc']_MM_6__spatiotemporal_128.256_2018-01-01T13_2022-12-31T23_no_na_land
Loading training data...
train_data_hourly_pr_['ADAPTER_DE05.day08.merged.nc']_['ADAPTER_DE05.day01.merged.nc']_MM_6__spatiotemporal_128.256_2018-01-01T13_2022-12-31T23_no_na_land
Loading training data...
Data loaded!
mse_64_0.001_1e-17_0.5_4_4_16_0.5_128_0.1_unet-l-dw_day08
Training the model...

Epoch 1: val_loss improved from inf to 0.00028, saving model to /p/project1/cesmtst/patakchiyousefi1/HPT/mse_64_0.001_1e-17_0.5_4_4_16_0.5_128_0.1_unet-l-dw_day08.h5
train_data_hourly_pr_['ADAPTER_DE05.day08.merged.nc']_['ADAPTER_DE05.day01.merged.nc']_MM_6__spatiotemporal_128.256_2018-01-01T13_2022-12-31T23_no_na_land
Loading training data...
Data loaded!
mse_64_0.01_1e-17_0.5_4_4_16_0.5_128_0.1_unet-l-dw_day08
Training the model...

Epoch 1: val_loss improved from inf to 0.00166, saving model to /p/project1/cesmtst/patakchiyousefi1/HPT/mse_64_0.01_1e-17_0.5_4_4_16_0.5_128_0.1_unet-l-dw_day08.h5
train_data_hourly_pr_['ADAPTER_DE05.day08.merged.nc']_['ADAPTER_DE05.day01.merged.nc']_MM_6__spatiotemporal_128.256_2018-01-01T13_2022-12-31T23_no_na_land
Loading training data...
Data loaded!
mse_64_0.0001_1e-17_0.5_4_4_16_0.5_128_0.1_unet-l-dw_day08
Training the model...

Epoch 1: val_loss improved from inf to 0.02830, saving model to /p/project1/cesmtst/patakchiyousefi1/HPT/mse_64_0.0001_1e-17_0.5_4_4_16_0.5_128_0.1_unet-l-dw_day08.h5
train_data_hourly_pr_['ADAPTER_DE05.day08.merged.nc']_['ADAPTER_DE05.day01.merged.nc']_MM_6__spatiotemporal_128.256_2018-01-01T13_2022-12-31T23_no_na_land
Loading training data...
Data loaded!
mse_64_1e-05_1e-17_0.5_4_4_16_0.5_128_0.1_unet-l-dw_day08
Training the model...

Epoch 1: val_loss improved from inf to 0.02753, saving model to /p/project1/cesmtst/patakchiyousefi1/HPT/mse_64_1e-05_1e-17_0.5_4_4_16_0.5_128_0.1_unet-l-dw_day08.h5
train_data_hourly_pr_['ADAPTER_DE05.day08.merged.nc']_['ADAPTER_DE05.day01.merged.nc']_MM_6__spatiotemporal_128.256_2018-01-01T13_2022-12-31T23_no_na_land
Loading training data...
Data loaded!
mse_64_0.01_1e-17_0.5_4_4_16_0.5_128_0.2_unet-l-dw_day08
Training the model...

Epoch 1: val_loss improved from inf to 0.05950, saving model to /p/project1/cesmtst/patakchiyousefi1/HPT/mse_64_0.01_1e-17_0.5_4_4_16_0.5_128_0.2_unet-l-dw_day08.h5
train_data_hourly_pr_['ADAPTER_DE05.day08.merged.nc']_['ADAPTER_DE05.day01.merged.nc']_MM_6__spatiotemporal_128.256_2018-01-01T13_2022-12-31T23_no_na_land
Loading training data...
Data loaded!
mse_64_0.001_1e-17_0.5_4_4_16_0.5_128_0.2_unet-l-dw_day08
Training the model...

Epoch 1: val_loss improved from inf to 1.43449, saving model to /p/project1/cesmtst/patakchiyousefi1/HPT/mse_64_0.001_1e-17_0.5_4_4_16_0.5_128_0.2_unet-l-dw_day08.h5
train_data_hourly_pr_['ADAPTER_DE05.day08.merged.nc']_['ADAPTER_DE05.day01.merged.nc']_MM_6__spatiotemporal_128.256_2018-01-01T13_2022-12-31T23_no_na_land
Loading training data...
Data loaded!
mse_64_0.0001_1e-17_0.5_4_4_16_0.5_128_0.2_unet-l-dw_day08
Training the model...

Epoch 1: val_loss improved from inf to 0.02223, saving model to /p/project1/cesmtst/patakchiyousefi1/HPT/mse_64_0.0001_1e-17_0.5_4_4_16_0.5_128_0.2_unet-l-dw_day08.h5
train_data_hourly_pr_['ADAPTER_DE05.day08.merged.nc']_['ADAPTER_DE05.day01.merged.nc']_MM_6__spatiotemporal_128.256_2018-01-01T13_2022-12-31T23_no_na_land
Loading training data...
Data loaded!
mse_64_1e-05_1e-17_0.5_4_4_16_0.5_128_0.2_unet-l-dw_day08
Training the model...

Epoch 1: val_loss improved from inf to 0.00270, saving model to /p/project1/cesmtst/patakchiyousefi1/HPT/mse_64_1e-05_1e-17_0.5_4_4_16_0.5_128_0.2_unet-l-dw_day08.h5
train_data_hourly_pr_['ADAPTER_DE05.day08.merged.nc']_['ADAPTER_DE05.day01.merged.nc']_MM_6__spatiotemporal_128.256_2018-01-01T13_2022-12-31T23_no_na_land
Loading training data...
Data loaded!
mse_64_0.0001_1e-17_0.5_4_4_16_0.5_128_0.3_unet-l-dw_day08
Training the model...

Epoch 1: val_loss improved from inf to 0.00017, saving model to /p/project1/cesmtst/patakchiyousefi1/HPT/mse_64_0.0001_1e-17_0.5_4_4_16_0.5_128_0.3_unet-l-dw_day08.h5
train_data_hourly_pr_['ADAPTER_DE05.day08.merged.nc']_['ADAPTER_DE05.day01.merged.nc']_MM_6__spatiotemporal_128.256_2018-01-01T13_2022-12-31T23_no_na_land
Loading training data...
Data loaded!
mse_64_0.01_1e-17_0.5_4_4_16_0.5_128_0.3_unet-l-dw_day08
Training the model...

Epoch 1: val_loss improved from inf to 0.00009, saving model to /p/project1/cesmtst/patakchiyousefi1/HPT/mse_64_0.01_1e-17_0.5_4_4_16_0.5_128_0.3_unet-l-dw_day08.h5
train_data_hourly_pr_['ADAPTER_DE05.day08.merged.nc']_['ADAPTER_DE05.day01.merged.nc']_MM_6__spatiotemporal_128.256_2018-01-01T13_2022-12-31T23_no_na_land
Loading training data...
Data loaded!
mse_64_0.001_1e-17_0.5_4_4_16_0.5_128_0.3_unet-l-dw_day08
Training the model...

Epoch 1: val_loss improved from inf to 0.37445, saving model to /p/project1/cesmtst/patakchiyousefi1/HPT/mse_64_0.001_1e-17_0.5_4_4_16_0.5_128_0.3_unet-l-dw_day08.h5
train_data_hourly_pr_['ADAPTER_DE05.day08.merged.nc']_['ADAPTER_DE05.day01.merged.nc']_MM_6__spatiotemporal_128.256_2018-01-01T13_2022-12-31T23_no_na_land
Loading training data...
Data loaded!
mse_64_1e-05_1e-17_0.5_4_4_16_0.5_128_0.3_unet-l-dw_day08
Training the model...

Epoch 1: val_loss improved from inf to 0.00734, saving model to /p/project1/cesmtst/patakchiyousefi1/HPT/mse_64_1e-05_1e-17_0.5_4_4_16_0.5_128_0.3_unet-l-dw_day08.h5
train_data_hourly_pr_['ADAPTER_DE05.day08.merged.nc']_['ADAPTER_DE05.day01.merged.nc']_MM_6__spatiotemporal_128.256_2018-01-01T13_2022-12-31T23_no_na_land
Loading training data...
Data loaded!
mse_64_0.01_1e-17_0.5_4_2_16_0.5_128_0.0_unet-l-dw_day08
Training the model...

Epoch 1: val_loss did not improve from inf
train_data_hourly_pr_['ADAPTER_DE05.day08.merged.nc']_['ADAPTER_DE05.day01.merged.nc']_MM_6__spatiotemporal_128.256_2018-01-01T13_2022-12-31T23_no_na_land
Loading training data...
Data loaded!
mse_64_0.001_1e-17_0.5_4_2_16_0.5_128_0.0_unet-l-dw_day08
Training the model...

Epoch 1: val_loss did not improve from inf
train_data_hourly_pr_['ADAPTER_DE05.day08.merged.nc']_['ADAPTER_DE05.day01.merged.nc']_MM_6__spatiotemporal_128.256_2018-01-01T13_2022-12-31T23_no_na_land
Loading training data...
Data loaded!
mse_64_1e-05_1e-17_0.5_4_2_16_0.5_128_0.0_unet-l-dw_day08
Training the model...

Epoch 1: val_loss did not improve from inf
train_data_hourly_pr_['ADAPTER_DE05.day08.merged.nc']_['ADAPTER_DE05.day01.merged.nc']_MM_6__spatiotemporal_128.256_2018-01-01T13_2022-12-31T23_no_na_land
Loading training data...
Data loaded!
mse_64_0.0001_1e-17_0.5_4_2_16_0.5_128_0.0_unet-l-dw_day08
Training the model...

Epoch 1: val_loss did not improve from inf

Epoch 2: val_loss improved from 0.00042 to 0.00007, saving model to /p/project1/cesmtst/patakchiyousefi1/HPT/mse_64_0.01_1e-17_0.5_4_4_16_0.5_128_0.0_unet-l-dw_day08.h5

Epoch 2: val_loss improved from 0.06994 to 0.00400, saving model to /p/project1/cesmtst/patakchiyousefi1/HPT/mse_64_0.0001_1e-17_0.5_4_4_16_0.5_128_0.0_unet-l-dw_day08.h5

Epoch 2: val_loss improved from 0.00098 to 0.00017, saving model to /p/project1/cesmtst/patakchiyousefi1/HPT/mse_64_0.001_1e-17_0.5_4_4_16_0.5_128_0.0_unet-l-dw_day08.h5

Epoch 2: val_loss improved from 0.01054 to 0.00270, saving model to /p/project1/cesmtst/patakchiyousefi1/HPT/mse_64_1e-05_1e-17_0.5_4_4_16_0.5_128_0.0_unet-l-dw_day08.h5
train_data_hourly_pr_['ADAPTER_DE05.day08.merged.nc']_['ADAPTER_DE05.day01.merged.nc']_MM_6__spatiotemporal_128.256_2018-01-01T13_2022-12-31T23_no_na_land
Loading training data...
Data loaded!
mse_64_0.001_1e-17_0.5_4_2_16_0.5_128_0.1_unet-l-dw_day08
Training the model...

Epoch 1: val_loss did not improve from inf
train_data_hourly_pr_['ADAPTER_DE05.day08.merged.nc']_['ADAPTER_DE05.day01.merged.nc']_MM_6__spatiotemporal_128.256_2018-01-01T13_2022-12-31T23_no_na_land
Loading training data...
Data loaded!
mse_64_0.01_1e-17_0.5_4_2_16_0.5_128_0.2_unet-l-dw_day08
Training the model...

Epoch 1: val_loss did not improve from inf
train_data_hourly_pr_['ADAPTER_DE05.day08.merged.nc']_['ADAPTER_DE05.day01.merged.nc']_MM_6__spatiotemporal_128.256_2018-01-01T13_2022-12-31T23_no_na_land
Loading training data...
Data loaded!
mse_64_0.0001_1e-17_0.5_4_2_16_0.5_128_0.1_unet-l-dw_day08
Training the model...

Epoch 1: val_loss did not improve from inf
train_data_hourly_pr_['ADAPTER_DE05.day08.merged.nc']_['ADAPTER_DE05.day01.merged.nc']_MM_6__spatiotemporal_128.256_2018-01-01T13_2022-12-31T23_no_na_land
Loading training data...
Data loaded!
mse_64_0.001_1e-17_0.5_4_2_16_0.5_128_0.3_unet-l-dw_day08
Training the model...

Epoch 1: val_loss did not improve from inf
train_data_hourly_pr_['ADAPTER_DE05.day08.merged.nc']_['ADAPTER_DE05.day01.merged.nc']_MM_6__spatiotemporal_128.256_2018-01-01T13_2022-12-31T23_no_na_land
Loading training data...
Data loaded!
mse_64_0.01_1e-17_0.5_4_2_16_0.5_128_0.1_unet-l-dw_day08
Training the model...

Epoch 1: val_loss did not improve from inf
train_data_hourly_pr_['ADAPTER_DE05.day08.merged.nc']_['ADAPTER_DE05.day01.merged.nc']_MM_6__spatiotemporal_128.256_2018-01-01T13_2022-12-31T23_no_na_land
Loading training data...
Data loaded!
mse_64_1e-05_1e-17_0.5_4_2_16_0.5_128_0.1_unet-l-dw_day08
Training the model...

Epoch 1: val_loss did not improve from inf
train_data_hourly_pr_['ADAPTER_DE05.day08.merged.nc']_['ADAPTER_DE05.day01.merged.nc']_MM_6__spatiotemporal_128.256_2018-01-01T13_2022-12-31T23_no_na_land
Loading training data...
Data loaded!
mse_64_0.0001_1e-17_0.5_4_2_16_0.5_128_0.2_unet-l-dw_day08
Training the model...

Epoch 1: val_loss did not improve from inf
train_data_hourly_pr_['ADAPTER_DE05.day08.merged.nc']_['ADAPTER_DE05.day01.merged.nc']_MM_6__spatiotemporal_128.256_2018-01-01T13_2022-12-31T23_no_na_land
Loading training data...
Data loaded!
mse_64_0.001_1e-17_0.5_4_2_16_0.5_128_0.2_unet-l-dw_day08
Training the model...

Epoch 1: val_loss did not improve from inf
train_data_hourly_pr_['ADAPTER_DE05.day08.merged.nc']_['ADAPTER_DE05.day01.merged.nc']_MM_6__spatiotemporal_128.256_2018-01-01T13_2022-12-31T23_no_na_land
Loading training data...
Data loaded!
mse_64_0.0001_1e-17_0.5_4_2_16_0.5_128_0.3_unet-l-dw_day08
Training the model...

Epoch 1: val_loss did not improve from inf
train_data_hourly_pr_['ADAPTER_DE05.day08.merged.nc']_['ADAPTER_DE05.day01.merged.nc']_MM_6__spatiotemporal_128.256_2018-01-01T13_2022-12-31T23_no_na_land
Loading training data...
Data loaded!
mse_64_1e-05_1e-17_0.5_4_2_16_0.5_128_0.2_unet-l-dw_day08
Training the model...

Epoch 1: val_loss did not improve from inf
train_data_hourly_pr_['ADAPTER_DE05.day08.merged.nc']_['ADAPTER_DE05.day01.merged.nc']_MM_6__spatiotemporal_128.256_2018-01-01T13_2022-12-31T23_no_na_land
Loading training data...
Data loaded!
mse_64_0.01_1e-17_0.5_4_2_16_0.5_128_0.3_unet-l-dw_day08
Training the model...

Epoch 1: val_loss did not improve from inf
train_data_hourly_pr_['ADAPTER_DE05.day08.merged.nc']_['ADAPTER_DE05.day01.merged.nc']_MM_6__spatiotemporal_128.256_2018-01-01T13_2022-12-31T23_no_na_land
Loading training data...
Data loaded!
mse_64_1e-05_1e-17_0.5_4_2_16_0.5_128_0.3_unet-l-dw_day08
Training the model...

Epoch 1: val_loss did not improve from inf

Epoch 2: val_loss did not improve from 0.00028

Epoch 2: val_loss improved from 0.00166 to 0.00006, saving model to /p/project1/cesmtst/patakchiyousefi1/HPT/mse_64_0.01_1e-17_0.5_4_4_16_0.5_128_0.1_unet-l-dw_day08.h5

Epoch 2: val_loss improved from 0.02830 to 0.01470, saving model to /p/project1/cesmtst/patakchiyousefi1/HPT/mse_64_0.0001_1e-17_0.5_4_4_16_0.5_128_0.1_unet-l-dw_day08.h5

Epoch 2: val_loss improved from 0.02753 to 0.00462, saving model to /p/project1/cesmtst/patakchiyousefi1/HPT/mse_64_1e-05_1e-17_0.5_4_4_16_0.5_128_0.1_unet-l-dw_day08.h5

Epoch 2: val_loss improved from 0.05950 to 0.01460, saving model to /p/project1/cesmtst/patakchiyousefi1/HPT/mse_64_0.01_1e-17_0.5_4_4_16_0.5_128_0.2_unet-l-dw_day08.h5

Epoch 2: val_loss improved from 1.43449 to 0.17403, saving model to /p/project1/cesmtst/patakchiyousefi1/HPT/mse_64_0.001_1e-17_0.5_4_4_16_0.5_128_0.2_unet-l-dw_day08.h5

Epoch 2: val_loss improved from 0.02223 to 0.01980, saving model to /p/project1/cesmtst/patakchiyousefi1/HPT/mse_64_0.0001_1e-17_0.5_4_4_16_0.5_128_0.2_unet-l-dw_day08.h5

Epoch 2: val_loss did not improve from 0.00270

Epoch 2: val_loss improved from 0.37445 to 0.02217, saving model to /p/project1/cesmtst/patakchiyousefi1/HPT/mse_64_0.001_1e-17_0.5_4_4_16_0.5_128_0.3_unet-l-dw_day08.h5

Epoch 2: val_loss did not improve from 0.00017

Epoch 2: val_loss improved from 0.00009 to 0.00007, saving model to /p/project1/cesmtst/patakchiyousefi1/HPT/mse_64_0.01_1e-17_0.5_4_4_16_0.5_128_0.3_unet-l-dw_day08.h5

Epoch 2: val_loss improved from 0.00734 to 0.00457, saving model to /p/project1/cesmtst/patakchiyousefi1/HPT/mse_64_1e-05_1e-17_0.5_4_4_16_0.5_128_0.3_unet-l-dw_day08.h5

Epoch 3: val_loss did not improve from 0.00007

Epoch 3: val_loss improved from 0.00400 to 0.00178, saving model to /p/project1/cesmtst/patakchiyousefi1/HPT/mse_64_0.0001_1e-17_0.5_4_4_16_0.5_128_0.0_unet-l-dw_day08.h5

Epoch 3: val_loss improved from 0.00017 to 0.00011, saving model to /p/project1/cesmtst/patakchiyousefi1/HPT/mse_64_0.001_1e-17_0.5_4_4_16_0.5_128_0.0_unet-l-dw_day08.h5

Epoch 3: val_loss improved from 0.00270 to 0.00219, saving model to /p/project1/cesmtst/patakchiyousefi1/HPT/mse_64_1e-05_1e-17_0.5_4_4_16_0.5_128_0.0_unet-l-dw_day08.h5

Epoch 2: val_loss did not improve from inf

Epoch 2: val_loss did not improve from inf

Epoch 2: val_loss did not improve from inf

Epoch 2: val_loss did not improve from inf

Epoch 4: val_loss improved from 0.00007 to 0.00006, saving model to /p/project1/cesmtst/patakchiyousefi1/HPT/mse_64_0.01_1e-17_0.5_4_4_16_0.5_128_0.0_unet-l-dw_day08.h5

Epoch 4: val_loss improved from 0.00178 to 0.00061, saving model to /p/project1/cesmtst/patakchiyousefi1/HPT/mse_64_0.0001_1e-17_0.5_4_4_16_0.5_128_0.0_unet-l-dw_day08.h5

Epoch 4: val_loss did not improve from 0.00011

Epoch 4: val_loss did not improve from 0.00219

Epoch 3: val_loss did not improve from 0.00028

Epoch 3: val_loss did not improve from 0.00006

Epoch 3: val_loss did not improve from 0.01470

Epoch 3: val_loss did not improve from 0.00462

Epoch 3: val_loss improved from 0.01460 to 0.01084, saving model to /p/project1/cesmtst/patakchiyousefi1/HPT/mse_64_0.01_1e-17_0.5_4_4_16_0.5_128_0.2_unet-l-dw_day08.h5

Epoch 3: val_loss improved from 0.01980 to 0.01519, saving model to /p/project1/cesmtst/patakchiyousefi1/HPT/mse_64_0.0001_1e-17_0.5_4_4_16_0.5_128_0.2_unet-l-dw_day08.h5

Epoch 3: val_loss did not improve from 0.00270

Epoch 3: val_loss improved from 0.17403 to 0.15221, saving model to /p/project1/cesmtst/patakchiyousefi1/HPT/mse_64_0.001_1e-17_0.5_4_4_16_0.5_128_0.2_unet-l-dw_day08.h5

Epoch 3: val_loss did not improve from 0.02217

Epoch 3: val_loss did not improve from 0.00017

Epoch 3: val_loss improved from 0.00007 to 0.00006, saving model to /p/project1/cesmtst/patakchiyousefi1/HPT/mse_64_0.01_1e-17_0.5_4_4_16_0.5_128_0.3_unet-l-dw_day08.h5

Epoch 3: val_loss did not improve from 0.00457

Epoch 2: val_loss did not improve from inf

Epoch 2: val_loss did not improve from inf

Epoch 2: val_loss did not improve from inf

Epoch 2: val_loss did not improve from inf

Epoch 2: val_loss did not improve from inf

Epoch 2: val_loss did not improve from inf

Epoch 2: val_loss did not improve from inf

Epoch 2: val_loss did not improve from inf

Epoch 2: val_loss did not improve from inf

Epoch 2: val_loss did not improve from inf

Epoch 2: val_loss did not improve from inf

Epoch 5: val_loss did not improve from 0.00006

Epoch 5: val_loss improved from 0.00061 to 0.00036, saving model to /p/project1/cesmtst/patakchiyousefi1/HPT/mse_64_0.0001_1e-17_0.5_4_4_16_0.5_128_0.0_unet-l-dw_day08.h5

Epoch 2: val_loss did not improve from inf

Epoch 5: val_loss did not improve from 0.00011

Epoch 5: val_loss improved from 0.00219 to 0.00172, saving model to /p/project1/cesmtst/patakchiyousefi1/HPT/mse_64_1e-05_1e-17_0.5_4_4_16_0.5_128_0.0_unet-l-dw_day08.h5

Epoch 4: val_loss did not improve from 0.00028

Epoch 4: val_loss did not improve from 0.00006

Epoch 4: val_loss did not improve from 0.01470

Epoch 4: val_loss did not improve from 0.00462

Epoch 3: val_loss did not improve from inf

Epoch 4: val_loss improved from 0.01084 to 0.00493, saving model to /p/project1/cesmtst/patakchiyousefi1/HPT/mse_64_0.01_1e-17_0.5_4_4_16_0.5_128_0.2_unet-l-dw_day08.h5

Epoch 4: val_loss improved from 0.01519 to 0.01299, saving model to /p/project1/cesmtst/patakchiyousefi1/HPT/mse_64_0.0001_1e-17_0.5_4_4_16_0.5_128_0.2_unet-l-dw_day08.h5

Epoch 4: val_loss did not improve from 0.00270

Epoch 3: val_loss did not improve from inf

Epoch 4: val_loss improved from 0.15221 to 0.12517, saving model to /p/project1/cesmtst/patakchiyousefi1/HPT/mse_64_0.001_1e-17_0.5_4_4_16_0.5_128_0.2_unet-l-dw_day08.h5

Epoch 3: val_loss did not improve from inf

Epoch 4: val_loss did not improve from 0.00006

Epoch 4: val_loss did not improve from 0.02217

Epoch 3: val_loss did not improve from inf

Epoch 4: val_loss did not improve from 0.00017

Epoch 4: val_loss improved from 0.00457 to 0.00311, saving model to /p/project1/cesmtst/patakchiyousefi1/HPT/mse_64_1e-05_1e-17_0.5_4_4_16_0.5_128_0.3_unet-l-dw_day08.h5

Epoch 6: val_loss improved from 0.00036 to 0.00019, saving model to /p/project1/cesmtst/patakchiyousefi1/HPT/mse_64_0.0001_1e-17_0.5_4_4_16_0.5_128_0.0_unet-l-dw_day08.h5

Epoch 6: val_loss did not improve from 0.00006

Epoch 6: val_loss improved from 0.00011 to 0.00006, saving model to /p/project1/cesmtst/patakchiyousefi1/HPT/mse_64_0.001_1e-17_0.5_4_4_16_0.5_128_0.0_unet-l-dw_day08.h5

Epoch 6: val_loss improved from 0.00172 to 0.00141, saving model to /p/project1/cesmtst/patakchiyousefi1/HPT/mse_64_1e-05_1e-17_0.5_4_4_16_0.5_128_0.0_unet-l-dw_day08.h5

Epoch 5: val_loss did not improve from 0.00028

Epoch 5: val_loss did not improve from 0.00006

Epoch 5: val_loss did not improve from 0.00462

Epoch 5: val_loss did not improve from 0.01470

Epoch 5: val_loss improved from 0.00493 to 0.00256, saving model to /p/project1/cesmtst/patakchiyousefi1/HPT/mse_64_0.01_1e-17_0.5_4_4_16_0.5_128_0.2_unet-l-dw_day08.h5

Epoch 5: val_loss did not improve from 0.00270

Epoch 5: val_loss improved from 0.01299 to 0.01020, saving model to /p/project1/cesmtst/patakchiyousefi1/HPT/mse_64_0.0001_1e-17_0.5_4_4_16_0.5_128_0.2_unet-l-dw_day08.h5

Epoch 5: val_loss improved from 0.12517 to 0.10807, saving model to /p/project1/cesmtst/patakchiyousefi1/HPT/mse_64_0.001_1e-17_0.5_4_4_16_0.5_128_0.2_unet-l-dw_day08.h5

Epoch 5: val_loss did not improve from 0.00006

Epoch 5: val_loss improved from 0.02217 to 0.00020, saving model to /p/project1/cesmtst/patakchiyousefi1/HPT/mse_64_0.001_1e-17_0.5_4_4_16_0.5_128_0.3_unet-l-dw_day08.h5

Epoch 5: val_loss did not improve from 0.00017

Epoch 5: val_loss did not improve from 0.00311

Epoch 7: val_loss improved from 0.00019 to 0.00011, saving model to /p/project1/cesmtst/patakchiyousefi1/HPT/mse_64_0.0001_1e-17_0.5_4_4_16_0.5_128_0.0_unet-l-dw_day08.h5

Epoch 7: val_loss did not improve from 0.00006

Epoch 7: val_loss did not improve from 0.00006

Epoch 7: val_loss improved from 0.00141 to 0.00128, saving model to /p/project1/cesmtst/patakchiyousefi1/HPT/mse_64_1e-05_1e-17_0.5_4_4_16_0.5_128_0.0_unet-l-dw_day08.h5

Epoch 4: val_loss did not improve from inf

Epoch 4: val_loss did not improve from inf

Epoch 4: val_loss did not improve from inf

Epoch 4: val_loss did not improve from inf

Epoch 3: val_loss did not improve from inf

Epoch 3: val_loss did not improve from inf

Epoch 3: val_loss did not improve from inf

Epoch 3: val_loss did not improve from inf

Epoch 3: val_loss did not improve from inf

Epoch 3: val_loss did not improve from inf

Epoch 3: val_loss did not improve from inf

Epoch 3: val_loss did not improve from inf

Epoch 3: val_loss did not improve from inf

Epoch 3: val_loss did not improve from inf

Epoch 3: val_loss did not improve from inf

Epoch 3: val_loss did not improve from inf

Epoch 8: val_loss did not improve from 0.00011

Epoch 8: val_loss did not improve from 0.00006

Epoch 8: val_loss improved from 0.00006 to 0.00005, saving model to /p/project1/cesmtst/patakchiyousefi1/HPT/mse_64_0.001_1e-17_0.5_4_4_16_0.5_128_0.0_unet-l-dw_day08.h5

Epoch 8: val_loss did not improve from 0.00128

Epoch 6: val_loss improved from 0.00028 to 0.00010, saving model to /p/project1/cesmtst/patakchiyousefi1/HPT/mse_64_0.001_1e-17_0.5_4_4_16_0.5_128_0.1_unet-l-dw_day08.h5

Epoch 6: val_loss did not improve from 0.00006

Epoch 6: val_loss did not improve from 0.00462

Epoch 6: val_loss did not improve from 0.01470

Epoch 6: val_loss improved from 0.00256 to 0.00076, saving model to /p/project1/cesmtst/patakchiyousefi1/HPT/mse_64_0.01_1e-17_0.5_4_4_16_0.5_128_0.2_unet-l-dw_day08.h5

Epoch 6: val_loss did not improve from 0.00270

Epoch 6: val_loss improved from 0.01020 to 0.00934, saving model to /p/project1/cesmtst/patakchiyousefi1/HPT/mse_64_0.0001_1e-17_0.5_4_4_16_0.5_128_0.2_unet-l-dw_day08.h5

Epoch 6: val_loss improved from 0.10807 to 0.09087, saving model to /p/project1/cesmtst/patakchiyousefi1/HPT/mse_64_0.001_1e-17_0.5_4_4_16_0.5_128_0.2_unet-l-dw_day08.h5

Epoch 6: val_loss did not improve from 0.00006

Epoch 6: val_loss improved from 0.00020 to 0.00016, saving model to /p/project1/cesmtst/patakchiyousefi1/HPT/mse_64_0.001_1e-17_0.5_4_4_16_0.5_128_0.3_unet-l-dw_day08.h5

Epoch 6: val_loss improved from 0.00311 to 0.00300, saving model to /p/project1/cesmtst/patakchiyousefi1/HPT/mse_64_1e-05_1e-17_0.5_4_4_16_0.5_128_0.3_unet-l-dw_day08.h5

Epoch 6: val_loss did not improve from 0.00017

Epoch 9: val_loss did not improve from 0.00011

Epoch 9: val_loss did not improve from 0.00006

Epoch 9: val_loss did not improve from 0.00005

Epoch 5: val_loss did not improve from inf

Epoch 9: val_loss improved from 0.00128 to 0.00113, saving model to /p/project1/cesmtst/patakchiyousefi1/HPT/mse_64_1e-05_1e-17_0.5_4_4_16_0.5_128_0.0_unet-l-dw_day08.h5

Epoch 5: val_loss did not improve from inf

Epoch 5: val_loss did not improve from inf

Epoch 5: val_loss did not improve from inf

Epoch 7: val_loss improved from 0.00010 to 0.00009, saving model to /p/project1/cesmtst/patakchiyousefi1/HPT/mse_64_0.001_1e-17_0.5_4_4_16_0.5_128_0.1_unet-l-dw_day08.h5

Epoch 7: val_loss improved from 0.00006 to 0.00006, saving model to /p/project1/cesmtst/patakchiyousefi1/HPT/mse_64_0.01_1e-17_0.5_4_4_16_0.5_128_0.1_unet-l-dw_day08.h5

Epoch 7: val_loss did not improve from 0.00462

Epoch 7: val_loss improved from 0.01470 to 0.00985, saving model to /p/project1/cesmtst/patakchiyousefi1/HPT/mse_64_0.0001_1e-17_0.5_4_4_16_0.5_128_0.1_unet-l-dw_day08.h5

Epoch 7: val_loss improved from 0.00076 to 0.00008, saving model to /p/project1/cesmtst/patakchiyousefi1/HPT/mse_64_0.01_1e-17_0.5_4_4_16_0.5_128_0.2_unet-l-dw_day08.h5

Epoch 7: val_loss did not improve from 0.00270

Epoch 7: val_loss improved from 0.00934 to 0.00862, saving model to /p/project1/cesmtst/patakchiyousefi1/HPT/mse_64_0.0001_1e-17_0.5_4_4_16_0.5_128_0.2_unet-l-dw_day08.h5

Epoch 7: val_loss did not improve from 0.00006

Epoch 7: val_loss improved from 0.09087 to 0.05735, saving model to /p/project1/cesmtst/patakchiyousefi1/HPT/mse_64_0.001_1e-17_0.5_4_4_16_0.5_128_0.2_unet-l-dw_day08.h5

Epoch 7: val_loss improved from 0.00016 to 0.00012, saving model to /p/project1/cesmtst/patakchiyousefi1/HPT/mse_64_0.001_1e-17_0.5_4_4_16_0.5_128_0.3_unet-l-dw_day08.h5

Epoch 7: val_loss did not improve from 0.00017

Epoch 7: val_loss improved from 0.00300 to 0.00256, saving model to /p/project1/cesmtst/patakchiyousefi1/HPT/mse_64_1e-05_1e-17_0.5_4_4_16_0.5_128_0.3_unet-l-dw_day08.h5

Epoch 4: val_loss did not improve from inf

Epoch 4: val_loss did not improve from inf

Epoch 4: val_loss did not improve from inf

Epoch 4: val_loss did not improve from inf

Epoch 4: val_loss did not improve from inf

Epoch 4: val_loss did not improve from inf

Epoch 4: val_loss did not improve from inf

Epoch 4: val_loss did not improve from inf

Epoch 4: val_loss did not improve from inf

Epoch 4: val_loss did not improve from inf

Epoch 4: val_loss did not improve from inf

Epoch 4: val_loss did not improve from inf

Epoch 10: val_loss did not improve from 0.00011

Epoch 10: val_loss did not improve from 0.00006

Epoch 10: val_loss did not improve from 0.00005

Epoch 10: val_loss did not improve from 0.00113

Epoch 8: val_loss did not improve from 0.00009

Epoch 8: val_loss improved from 0.00006 to 0.00005, saving model to /p/project1/cesmtst/patakchiyousefi1/HPT/mse_64_0.01_1e-17_0.5_4_4_16_0.5_128_0.1_unet-l-dw_day08.h5

Epoch 8: val_loss did not improve from 0.00462

Epoch 8: val_loss improved from 0.00985 to 0.00677, saving model to /p/project1/cesmtst/patakchiyousefi1/HPT/mse_64_0.0001_1e-17_0.5_4_4_16_0.5_128_0.1_unet-l-dw_day08.h5

Epoch 8: val_loss improved from 0.00008 to 0.00007, saving model to /p/project1/cesmtst/patakchiyousefi1/HPT/mse_64_0.01_1e-17_0.5_4_4_16_0.5_128_0.2_unet-l-dw_day08.h5

Epoch 8: val_loss did not improve from 0.00270

Epoch 8: val_loss improved from 0.00862 to 0.00692, saving model to /p/project1/cesmtst/patakchiyousefi1/HPT/mse_64_0.0001_1e-17_0.5_4_4_16_0.5_128_0.2_unet-l-dw_day08.h5

Epoch 8: val_loss improved from 0.00006 to 0.00005, saving model to /p/project1/cesmtst/patakchiyousefi1/HPT/mse_64_0.01_1e-17_0.5_4_4_16_0.5_128_0.3_unet-l-dw_day08.h5

Epoch 8: val_loss improved from 0.05735 to 0.03632, saving model to /p/project1/cesmtst/patakchiyousefi1/HPT/mse_64_0.001_1e-17_0.5_4_4_16_0.5_128_0.2_unet-l-dw_day08.h5

Epoch 6: val_loss did not improve from inf

Epoch 8: val_loss did not improve from 0.00012

Epoch 8: val_loss did not improve from 0.00017

Epoch 8: val_loss improved from 0.00256 to 0.00193, saving model to /p/project1/cesmtst/patakchiyousefi1/HPT/mse_64_1e-05_1e-17_0.5_4_4_16_0.5_128_0.3_unet-l-dw_day08.h5

Epoch 6: val_loss did not improve from inf

Epoch 6: val_loss did not improve from inf

Epoch 6: val_loss did not improve from inf

Epoch 11: val_loss did not improve from 0.00011

Epoch 11: val_loss did not improve from 0.00006

Epoch 11: val_loss did not improve from 0.00005

Epoch 11: val_loss improved from 0.00113 to 0.00099, saving model to /p/project1/cesmtst/patakchiyousefi1/HPT/mse_64_1e-05_1e-17_0.5_4_4_16_0.5_128_0.0_unet-l-dw_day08.h5

Epoch 12: val_loss improved from 0.00011 to 0.00010, saving model to /p/project1/cesmtst/patakchiyousefi1/HPT/mse_64_0.0001_1e-17_0.5_4_4_16_0.5_128_0.0_unet-l-dw_day08.h5

Epoch 12: val_loss did not improve from 0.00006

Epoch 12: val_loss did not improve from 0.00005

Epoch 12: val_loss did not improve from 0.00099

Epoch 9: val_loss did not improve from 0.00009

Epoch 9: val_loss did not improve from 0.00005

Epoch 9: val_loss did not improve from 0.00462

Epoch 9: val_loss improved from 0.00677 to 0.00503, saving model to /p/project1/cesmtst/patakchiyousefi1/HPT/mse_64_0.0001_1e-17_0.5_4_4_16_0.5_128_0.1_unet-l-dw_day08.h5

Epoch 9: val_loss improved from 0.00007 to 0.00005, saving model to /p/project1/cesmtst/patakchiyousefi1/HPT/mse_64_0.01_1e-17_0.5_4_4_16_0.5_128_0.2_unet-l-dw_day08.h5

Epoch 9: val_loss did not improve from 0.00270

Epoch 9: val_loss did not improve from 0.00005

Epoch 9: val_loss improved from 0.00692 to 0.00435, saving model to /p/project1/cesmtst/patakchiyousefi1/HPT/mse_64_0.0001_1e-17_0.5_4_4_16_0.5_128_0.2_unet-l-dw_day08.h5

Epoch 9: val_loss improved from 0.03632 to 0.01156, saving model to /p/project1/cesmtst/patakchiyousefi1/HPT/mse_64_0.001_1e-17_0.5_4_4_16_0.5_128_0.2_unet-l-dw_day08.h5

Epoch 9: val_loss did not improve from 0.00012

Epoch 9: val_loss did not improve from 0.00017

Epoch 9: val_loss improved from 0.00193 to 0.00150, saving model to /p/project1/cesmtst/patakchiyousefi1/HPT/mse_64_1e-05_1e-17_0.5_4_4_16_0.5_128_0.3_unet-l-dw_day08.h5
