No lead day provided. Using default hyperparameters - LR: 0.0001, BS: 32, DROPOUT: 0.1, UNET_TYPE: unet-l
Running DL_TRAIN.py for day10 with dropout=0, lr=0.00001, bs=2, unet_type=trans-unet ...
Running DL_TRAIN.py for day10 with dropout=0, lr=0.00001, bs=4, unet_type=trans-unet ...
Running DL_TRAIN.py for day10 with dropout=0, lr=0.00001, bs=8, unet_type=trans-unet ...
Running DL_TRAIN.py for day10 with dropout=0, lr=0.00001, bs=16, unet_type=trans-unet ...
Running DL_TRAIN.py for day10 with dropout=0, lr=0.0001, bs=2, unet_type=trans-unet ...
Running DL_TRAIN.py for day10 with dropout=0, lr=0.0001, bs=4, unet_type=trans-unet ...
Running DL_TRAIN.py for day10 with dropout=0, lr=0.0001, bs=8, unet_type=trans-unet ...
Running DL_TRAIN.py for day10 with dropout=0, lr=0.0001, bs=16, unet_type=trans-unet ...
Running DL_TRAIN.py for day10 with dropout=0, lr=0.001, bs=2, unet_type=trans-unet ...
Running DL_TRAIN.py for day10 with dropout=0, lr=0.001, bs=4, unet_type=trans-unet ...
Running DL_TRAIN.py for day10 with dropout=0, lr=0.001, bs=8, unet_type=trans-unet ...
Running DL_TRAIN.py for day10 with dropout=0, lr=0.001, bs=16, unet_type=trans-unet ...
Running DL_TRAIN.py for day10 with dropout=0, lr=0.01, bs=2, unet_type=trans-unet ...
Running DL_TRAIN.py for day10 with dropout=0, lr=0.01, bs=4, unet_type=trans-unet ...
Running DL_TRAIN.py for day10 with dropout=0, lr=0.01, bs=8, unet_type=trans-unet ...
Running DL_TRAIN.py for day10 with dropout=0, lr=0.01, bs=16, unet_type=trans-unet ...
Running DL_TRAIN.py for day10 with dropout=0.1, lr=0.00001, bs=2, unet_type=trans-unet ...
Running DL_TRAIN.py for day10 with dropout=0.1, lr=0.00001, bs=4, unet_type=trans-unet ...
Running DL_TRAIN.py for day10 with dropout=0.1, lr=0.00001, bs=8, unet_type=trans-unet ...
Running DL_TRAIN.py for day10 with dropout=0.1, lr=0.00001, bs=16, unet_type=trans-unet ...
Running DL_TRAIN.py for day10 with dropout=0.1, lr=0.0001, bs=2, unet_type=trans-unet ...
Running DL_TRAIN.py for day10 with dropout=0.1, lr=0.0001, bs=4, unet_type=trans-unet ...
Running DL_TRAIN.py for day10 with dropout=0.1, lr=0.0001, bs=8, unet_type=trans-unet ...
Running DL_TRAIN.py for day10 with dropout=0.1, lr=0.0001, bs=16, unet_type=trans-unet ...
Running DL_TRAIN.py for day10 with dropout=0.1, lr=0.001, bs=2, unet_type=trans-unet ...
Running DL_TRAIN.py for day10 with dropout=0.1, lr=0.001, bs=4, unet_type=trans-unet ...
Running DL_TRAIN.py for day10 with dropout=0.1, lr=0.001, bs=8, unet_type=trans-unet ...
Running DL_TRAIN.py for day10 with dropout=0.1, lr=0.001, bs=16, unet_type=trans-unet ...
Running DL_TRAIN.py for day10 with dropout=0.1, lr=0.01, bs=2, unet_type=trans-unet ...
Running DL_TRAIN.py for day10 with dropout=0.1, lr=0.01, bs=4, unet_type=trans-unet ...
Running DL_TRAIN.py for day10 with dropout=0.1, lr=0.01, bs=8, unet_type=trans-unet ...
Running DL_TRAIN.py for day10 with dropout=0.1, lr=0.01, bs=16, unet_type=trans-unet ...
Running DL_TRAIN.py for day10 with dropout=0.2, lr=0.00001, bs=2, unet_type=trans-unet ...
Running DL_TRAIN.py for day10 with dropout=0.2, lr=0.00001, bs=4, unet_type=trans-unet ...
Running DL_TRAIN.py for day10 with dropout=0.2, lr=0.00001, bs=8, unet_type=trans-unet ...
Running DL_TRAIN.py for day10 with dropout=0.2, lr=0.00001, bs=16, unet_type=trans-unet ...
Running DL_TRAIN.py for day10 with dropout=0.2, lr=0.0001, bs=2, unet_type=trans-unet ...
Running DL_TRAIN.py for day10 with dropout=0.2, lr=0.0001, bs=4, unet_type=trans-unet ...
Running DL_TRAIN.py for day10 with dropout=0.2, lr=0.0001, bs=8, unet_type=trans-unet ...
Running DL_TRAIN.py for day10 with dropout=0.2, lr=0.0001, bs=16, unet_type=trans-unet ...
Running DL_TRAIN.py for day10 with dropout=0.2, lr=0.001, bs=2, unet_type=trans-unet ...
Running DL_TRAIN.py for day10 with dropout=0.2, lr=0.001, bs=4, unet_type=trans-unet ...
Running DL_TRAIN.py for day10 with dropout=0.2, lr=0.001, bs=8, unet_type=trans-unet ...
Running DL_TRAIN.py for day10 with dropout=0.2, lr=0.001, bs=16, unet_type=trans-unet ...
Running DL_TRAIN.py for day10 with dropout=0.2, lr=0.01, bs=2, unet_type=trans-unet ...
Running DL_TRAIN.py for day10 with dropout=0.2, lr=0.01, bs=4, unet_type=trans-unet ...
Running DL_TRAIN.py for day10 with dropout=0.2, lr=0.01, bs=8, unet_type=trans-unet ...
Running DL_TRAIN.py for day10 with dropout=0.2, lr=0.01, bs=16, unet_type=trans-unet ...
Running DL_TRAIN.py for day10 with dropout=0.3, lr=0.00001, bs=2, unet_type=trans-unet ...
Running DL_TRAIN.py for day10 with dropout=0.3, lr=0.00001, bs=4, unet_type=trans-unet ...
Running DL_TRAIN.py for day10 with dropout=0.3, lr=0.00001, bs=8, unet_type=trans-unet ...
Running DL_TRAIN.py for day10 with dropout=0.3, lr=0.00001, bs=16, unet_type=trans-unet ...
Running DL_TRAIN.py for day10 with dropout=0.3, lr=0.0001, bs=2, unet_type=trans-unet ...
Running DL_TRAIN.py for day10 with dropout=0.3, lr=0.0001, bs=4, unet_type=trans-unet ...
Running DL_TRAIN.py for day10 with dropout=0.3, lr=0.0001, bs=8, unet_type=trans-unet ...
Running DL_TRAIN.py for day10 with dropout=0.3, lr=0.0001, bs=16, unet_type=trans-unet ...
Running DL_TRAIN.py for day10 with dropout=0.3, lr=0.001, bs=2, unet_type=trans-unet ...
Running DL_TRAIN.py for day10 with dropout=0.3, lr=0.001, bs=4, unet_type=trans-unet ...
Running DL_TRAIN.py for day10 with dropout=0.3, lr=0.001, bs=8, unet_type=trans-unet ...
Running DL_TRAIN.py for day10 with dropout=0.3, lr=0.001, bs=16, unet_type=trans-unet ...
Running DL_TRAIN.py for day10 with dropout=0.3, lr=0.01, bs=2, unet_type=trans-unet ...
Running DL_TRAIN.py for day10 with dropout=0.3, lr=0.01, bs=4, unet_type=trans-unet ...
Running DL_TRAIN.py for day10 with dropout=0.3, lr=0.01, bs=8, unet_type=trans-unet ...
Running DL_TRAIN.py for day10 with dropout=0.3, lr=0.01, bs=16, unet_type=trans-unet ...
train_data_hourly_pr_['ADAPTER_DE05.day10.merged.nc']_['ADAPTER_DE05.day01.merged.nc']_MM_6__spatiotemporal_128.256_2018-01-01T13_2022-12-31T23_no_na_land
Loading training data...
Data loaded!
mse_64_1e-05_1e-17_0.5_4_2_16_0.5_128_0.0_trans-unet_day10
Training the model...
train_data_hourly_pr_['ADAPTER_DE05.day10.merged.nc']_['ADAPTER_DE05.day01.merged.nc']_MM_6__spatiotemporal_128.256_2018-01-01T13_2022-12-31T23_no_na_land
Loading training data...
Data loaded!
mse_64_1e-05_1e-17_0.5_4_8_16_0.5_128_0.3_trans-unet_day10
Training the model...
