All necessary directories have been created or already exist.
Step 4) Create datasets for each YYYYMMDD and temporal resolution (hourly, three-hourly, and six-hourly)
Number of files to process with CDO: 90
cdo(1) divc: Process started
cdo(2) setattribute: Process started
cdo(3) chname: Process started
cdo(4) mergetime: Process started
cdo(4) mergetime: Processed 2205000 values from 90 variables over 90 timesteps.
cdo(3) chname: Processed 2205000 values from 1 variable over 90 timesteps.
cdo(2) setattribute: Processed 2205000 values from 1 variable over 90 timesteps.
cdo(1) divc: Processed 2205000 values from 1 variable over 90 timesteps.
cdo    timcumsum: Processed 2205000 values from 1 variable over 90 timesteps [1.66s 72MB].
cdo(1) seltimestep: Process started
cdo(2) shifttime: Process started
cdo(3) copy: Process started
cdo(3) copy: Processed 2205000 values from 1 variable over 90 timesteps.
cdo(2) shifttime: Processed 2205000 values from 1 variable over 90 timesteps.
cdo(1) seltimestep: Processed 24500 values from 1 variable over 2 timesteps.
cdo    mulc: Processed 24500 values from 1 variable over 1 timestep [0.06s 31MB].
cdo    mergetime: Processed 2229500 values from 2 variables over 91 timesteps [0.06s 31MB].
cdo    replace: Processed 20065500 values from 10 variables over 182 timesteps [0.45s 96MB].
0-90 is done
Number of files to process with CDO: 18
cdo(1) setattribute: Process started
cdo(2) chname: Process started
cdo(3) mergetime: Process started
cdo(3) mergetime: Processed 441000 values from 18 variables over 18 timesteps.
cdo(2) chname: Processed 441000 values from 1 variable over 18 timesteps.
cdo(1) setattribute: Processed 441000 values from 1 variable over 18 timesteps.
cdo    divc: Processed 441000 values from 1 variable over 18 timesteps [0.34s 30MB].
cdo(1) copy: Process started
cdo(1) copy: Processed 2229500 values from 1 variable over 91 timesteps.
cdo    seltimestep: Processed 24500 values from 1 variable over 91 timesteps [0.03s 30MB].
cdo(1) mergetime: Process started
cdo(1) mergetime: Processed 465500 values from 2 variables over 19 timesteps.
cdo    timcumsum: Processed 465500 values from 1 variable over 19 timesteps [0.04s 18MB].
cdo    replace: Processed 4189500 values from 10 variables over 38 timesteps [0.13s 27MB].
90-144 is done
Number of files to process with CDO: 16
cdo(1) setattribute: Process started
cdo(2) chname: Process started
cdo(3) mergetime: Process started
cdo(3) mergetime: Processed 392000 values from 16 variables over 16 timesteps.
cdo(2) chname: Processed 392000 values from 1 variable over 16 timesteps.
cdo(1) setattribute: Processed 392000 values from 1 variable over 16 timesteps.
cdo    divc: Processed 392000 values from 1 variable over 16 timesteps [0.29s 28MB].
cdo(1) copy: Process started
cdo(1) copy: Processed 465500 values from 1 variable over 19 timesteps.
cdo    seltimestep: Processed 24500 values from 1 variable over 19 timesteps [0.01s 16MB].
cdo(1) mergetime: Process started
cdo(1) mergetime: Processed 416500 values from 2 variables over 17 timesteps.
cdo    timcumsum: Processed 416500 values from 1 variable over 17 timesteps [0.02s 18MB].
cdo    replace: Processed 3748500 values from 10 variables over 34 timesteps [0.11s 26MB].
20211001 13 processed!
Number of files to process with CDO: 90
cdo(1) divc: Process started
cdo(2) setattribute: Process started
cdo(3) chname: Process started
cdo(4) mergetime: Process started
cdo(4) mergetime: Processed 2205000 values from 90 variables over 90 timesteps.
cdo(3) chname: Processed 2205000 values from 1 variable over 90 timesteps.
cdo(2) setattribute: Processed 2205000 values from 1 variable over 90 timesteps.
cdo(1) divc: Processed 2205000 values from 1 variable over 90 timesteps.
cdo    timcumsum: Processed 2205000 values from 1 variable over 90 timesteps [1.79s 73MB].
cdo(1) seltimestep: Process started
cdo(2) shifttime: Process started
cdo(3) copy: Process started
cdo(3) copy: Processed 2205000 values from 1 variable over 90 timesteps.
cdo(2) shifttime: Processed 2205000 values from 1 variable over 90 timesteps.
cdo(1) seltimestep: Processed 24500 values from 1 variable over 2 timesteps.
cdo    mulc: Processed 24500 values from 1 variable over 1 timestep [0.04s 30MB].
cdo    mergetime: Processed 2229500 values from 2 variables over 91 timesteps [0.06s 32MB].
cdo    replace: Processed 20065500 values from 10 variables over 182 timesteps [0.44s 97MB].
0-90 is done
Number of files to process with CDO: 18
cdo(1) setattribute: Process started
cdo(2) chname: Process started
cdo(3) mergetime: Process started
cdo(3) mergetime: Processed 441000 values from 18 variables over 18 timesteps.
cdo(2) chname: Processed 441000 values from 1 variable over 18 timesteps.
cdo(1) setattribute: Processed 441000 values from 1 variable over 18 timesteps.
cdo    divc: Processed 441000 values from 1 variable over 18 timesteps [0.33s 30MB].
cdo(1) copy: Process started
cdo(1) copy: Processed 2229500 values from 1 variable over 91 timesteps.
cdo    seltimestep: Processed 24500 values from 1 variable over 91 timesteps [0.03s 30MB].
cdo(1) mergetime: Process started
cdo(1) mergetime: Processed 465500 values from 2 variables over 19 timesteps.
cdo    timcumsum: Processed 465500 values from 1 variable over 19 timesteps [0.02s 18MB].
cdo    replace: Processed 4189500 values from 10 variables over 38 timesteps [0.13s 28MB].
90-144 is done
Number of files to process with CDO: 16
cdo(1) setattribute: Process started
cdo(2) chname: Process started
cdo(3) mergetime: Process started
cdo(3) mergetime: Processed 392000 values from 16 variables over 16 timesteps.
cdo(2) chname: Processed 392000 values from 1 variable over 16 timesteps.
cdo(1) setattribute: Processed 392000 values from 1 variable over 16 timesteps.
cdo    divc: Processed 392000 values from 1 variable over 16 timesteps [0.30s 28MB].
cdo(1) copy: Process started
cdo(1) copy: Processed 465500 values from 1 variable over 19 timesteps.
cdo    seltimestep: Processed 24500 values from 1 variable over 19 timesteps [0.01s 16MB].
cdo(1) mergetime: Process started
cdo(1) mergetime: Processed 416500 values from 2 variables over 17 timesteps.
cdo    timcumsum: Processed 416500 values from 1 variable over 17 timesteps [0.02s 17MB].
cdo    replace: Processed 3748500 values from 10 variables over 34 timesteps [0.12s 27MB].
Sat Oct 2 01:00:00 PM CEST 2021 processed!
Number of files to process with CDO: 90
cdo(1) divc: Process started
cdo(2) setattribute: Process started
cdo(3) chname: Process started
cdo(4) mergetime: Process started
cdo(4) mergetime: Processed 2205000 values from 90 variables over 90 timesteps.
cdo(3) chname: Processed 2205000 values from 1 variable over 90 timesteps.
cdo(2) setattribute: Processed 2205000 values from 1 variable over 90 timesteps.
cdo(1) divc: Processed 2205000 values from 1 variable over 90 timesteps.
cdo    timcumsum: Processed 2205000 values from 1 variable over 90 timesteps [1.70s 73MB].
cdo(1) seltimestep: Process started
cdo(2) shifttime: Process started
cdo(3) copy: Process started
cdo(3) copy: Processed 2205000 values from 1 variable over 90 timesteps.
cdo(2) shifttime: Processed 2205000 values from 1 variable over 90 timesteps.
cdo(1) seltimestep: Processed 24500 values from 1 variable over 2 timesteps.
cdo    mulc: Processed 24500 values from 1 variable over 1 timestep [0.05s 30MB].
cdo    mergetime: Processed 2229500 values from 2 variables over 91 timesteps [0.06s 31MB].
cdo    replace: Processed 20065500 values from 10 variables over 182 timesteps [0.42s 96MB].
0-90 is done
Number of files to process with CDO: 18
cdo(1) setattribute: Process started
cdo(2) chname: Process started
cdo(3) mergetime: Process started
cdo(3) mergetime: Processed 441000 values from 18 variables over 18 timesteps.
cdo(2) chname: Processed 441000 values from 1 variable over 18 timesteps.
cdo(1) setattribute: Processed 441000 values from 1 variable over 18 timesteps.
cdo    divc: Processed 441000 values from 1 variable over 18 timesteps [0.32s 29MB].
cdo(1) copy: Process started
cdo(1) copy: Processed 2229500 values from 1 variable over 91 timesteps.
cdo    seltimestep: Processed 24500 values from 1 variable over 91 timesteps [0.03s 30MB].
cdo(1) mergetime: Process started
cdo(1) mergetime: Processed 465500 values from 2 variables over 19 timesteps.
cdo    timcumsum: Processed 465500 values from 1 variable over 19 timesteps [0.02s 18MB].
cdo    replace: Processed 4189500 values from 10 variables over 38 timesteps [0.13s 29MB].
90-144 is done
Number of files to process with CDO: 16
cdo(1) setattribute: Process started
cdo(2) chname: Process started
cdo(3) mergetime: Process started
cdo(3) mergetime: Processed 392000 values from 16 variables over 16 timesteps.
cdo(2) chname: Processed 392000 values from 1 variable over 16 timesteps.
cdo(1) setattribute: Processed 392000 values from 1 variable over 16 timesteps.
cdo    divc: Processed 392000 values from 1 variable over 16 timesteps [0.29s 28MB].
cdo(1) copy: Process started
cdo(1) copy: Processed 465500 values from 1 variable over 19 timesteps.
cdo    seltimestep: Processed 24500 values from 1 variable over 19 timesteps [0.01s 16MB].
cdo(1) mergetime: Process started
cdo(1) mergetime: Processed 416500 values from 2 variables over 17 timesteps.
cdo    timcumsum: Processed 416500 values from 1 variable over 17 timesteps [0.02s 18MB].
cdo    replace: Processed 3748500 values from 10 variables over 34 timesteps [0.13s 26MB].
Sun Oct 3 01:00:00 PM CEST 2021 processed!
Number of files to process with CDO: 90
cdo(1) divc: Process started
cdo(2) setattribute: Process started
cdo(3) chname: Process started
cdo(4) mergetime: Process started
cdo(4) mergetime: Processed 2205000 values from 90 variables over 90 timesteps.
cdo(3) chname: Processed 2205000 values from 1 variable over 90 timesteps.
cdo(2) setattribute: Processed 2205000 values from 1 variable over 90 timesteps.
cdo(1) divc: Processed 2205000 values from 1 variable over 90 timesteps.
cdo    timcumsum: Processed 2205000 values from 1 variable over 90 timesteps [1.69s 75MB].
cdo(1) seltimestep: Process started
cdo(2) shifttime: Process started
cdo(3) copy: Process started
cdo(3) copy: Processed 2205000 values from 1 variable over 90 timesteps.
cdo(2) shifttime: Processed 2205000 values from 1 variable over 90 timesteps.
cdo(1) seltimestep: Processed 24500 values from 1 variable over 2 timesteps.
cdo    mulc: Processed 24500 values from 1 variable over 1 timestep [0.04s 30MB].
cdo    mergetime: Processed 2229500 values from 2 variables over 91 timesteps [0.06s 31MB].
cdo    replace: Processed 20065500 values from 10 variables over 182 timesteps [0.42s 97MB].
0-90 is done
Number of files to process with CDO: 18
cdo(1) setattribute: Process started
cdo(2) chname: Process started
cdo(3) mergetime: Process started
cdo(3) mergetime: Processed 441000 values from 18 variables over 18 timesteps.
cdo(2) chname: Processed 441000 values from 1 variable over 18 timesteps.
cdo(1) setattribute: Processed 441000 values from 1 variable over 18 timesteps.
cdo    divc: Processed 441000 values from 1 variable over 18 timesteps [0.33s 30MB].
cdo(1) copy: Process started
cdo(1) copy: Processed 2229500 values from 1 variable over 91 timesteps.
cdo    seltimestep: Processed 24500 values from 1 variable over 91 timesteps [0.03s 30MB].
cdo(1) mergetime: Process started
cdo(1) mergetime: Processed 465500 values from 2 variables over 19 timesteps.
cdo    timcumsum: Processed 465500 values from 1 variable over 19 timesteps [0.02s 18MB].
cdo    replace: Processed 4189500 values from 10 variables over 38 timesteps [0.12s 29MB].
90-144 is done
Number of files to process with CDO: 16
cdo(1) setattribute: Process started
cdo(2) chname: Process started
cdo(3) mergetime: Process started
cdo(3) mergetime: Processed 392000 values from 16 variables over 16 timesteps.
cdo(2) chname: Processed 392000 values from 1 variable over 16 timesteps.
cdo(1) setattribute: Processed 392000 values from 1 variable over 16 timesteps.
cdo    divc: Processed 392000 values from 1 variable over 16 timesteps [0.29s 28MB].
cdo(1) copy: Process started
cdo(1) copy: Processed 465500 values from 1 variable over 19 timesteps.
cdo    seltimestep: Processed 24500 values from 1 variable over 19 timesteps [0.01s 18MB].
cdo(1) mergetime: Process started
cdo(1) mergetime: Processed 416500 values from 2 variables over 17 timesteps.
cdo    timcumsum: Processed 416500 values from 1 variable over 17 timesteps [0.02s 18MB].
cdo    replace: Processed 3748500 values from 10 variables over 34 timesteps [0.12s 26MB].
Mon Oct 4 01:00:00 PM CEST 2021 processed!
Number of files to process with CDO: 90
cdo(1) divc: Process started
cdo(2) setattribute: Process started
cdo(3) chname: Process started
cdo(4) mergetime: Process started
cdo(4) mergetime: Processed 2205000 values from 90 variables over 90 timesteps.
cdo(3) chname: Processed 2205000 values from 1 variable over 90 timesteps.
cdo(2) setattribute: Processed 2205000 values from 1 variable over 90 timesteps.
cdo(1) divc: Processed 2205000 values from 1 variable over 90 timesteps.
cdo    timcumsum: Processed 2205000 values from 1 variable over 90 timesteps [1.70s 75MB].
cdo(1) seltimestep: Process started
cdo(2) shifttime: Process started
cdo(3) copy: Process started
cdo(3) copy: Processed 2205000 values from 1 variable over 90 timesteps.
cdo(2) shifttime: Processed 2205000 values from 1 variable over 90 timesteps.
cdo(1) seltimestep: Processed 24500 values from 1 variable over 2 timesteps.
cdo    mulc: Processed 24500 values from 1 variable over 1 timestep [0.04s 31MB].
cdo    mergetime: Processed 2229500 values from 2 variables over 91 timesteps [0.07s 32MB].
cdo    replace: Processed 20065500 values from 10 variables over 182 timesteps [0.45s 97MB].
0-90 is done
Number of files to process with CDO: 18
cdo(1) setattribute: Process started
cdo(2) chname: Process started
cdo(3) mergetime: Process started
cdo(3) mergetime: Processed 441000 values from 18 variables over 18 timesteps.
cdo(2) chname: Processed 441000 values from 1 variable over 18 timesteps.
cdo(1) setattribute: Processed 441000 values from 1 variable over 18 timesteps.
cdo    divc: Processed 441000 values from 1 variable over 18 timesteps [0.35s 30MB].
cdo(1) copy: Process started
cdo(1) copy: Processed 2229500 values from 1 variable over 91 timesteps.
cdo    seltimestep: Processed 24500 values from 1 variable over 91 timesteps [0.03s 31MB].
cdo(1) mergetime: Process started
cdo(1) mergetime: Processed 465500 values from 2 variables over 19 timesteps.
cdo    timcumsum: Processed 465500 values from 1 variable over 19 timesteps [0.02s 18MB].
cdo    replace: Processed 4189500 values from 10 variables over 38 timesteps [0.12s 28MB].
90-144 is done
Number of files to process with CDO: 16
cdo(1) setattribute: Process started
cdo(2) chname: Process started
cdo(3) mergetime: Process started
cdo(3) mergetime: Processed 392000 values from 16 variables over 16 timesteps.
cdo(2) chname: Processed 392000 values from 1 variable over 16 timesteps.
cdo(1) setattribute: Processed 392000 values from 1 variable over 16 timesteps.
cdo    divc: Processed 392000 values from 1 variable over 16 timesteps [0.34s 28MB].
cdo(1) copy: Process started
cdo(1) copy: Processed 465500 values from 1 variable over 19 timesteps.
cdo    seltimestep: Processed 24500 values from 1 variable over 19 timesteps [0.01s 17MB].
cdo(1) mergetime: Process started
cdo(1) mergetime: Processed 416500 values from 2 variables over 17 timesteps.
cdo    timcumsum: Processed 416500 values from 1 variable over 17 timesteps [0.02s 18MB].
cdo    replace: Processed 3748500 values from 10 variables over 34 timesteps [0.12s 27MB].
Tue Oct 5 01:00:00 PM CEST 2021 processed!
Number of files to process with CDO: 90
cdo(1) divc: Process started
cdo(2) setattribute: Process started
cdo(3) chname: Process started
cdo(4) mergetime: Process started
cdo(4) mergetime: Processed 2205000 values from 90 variables over 90 timesteps.
cdo(3) chname: Processed 2205000 values from 1 variable over 90 timesteps.
cdo(2) setattribute: Processed 2205000 values from 1 variable over 90 timesteps.
cdo(1) divc: Processed 2205000 values from 1 variable over 90 timesteps.
cdo    timcumsum: Processed 2205000 values from 1 variable over 90 timesteps [1.71s 75MB].
cdo(1) seltimestep: Process started
cdo(2) shifttime: Process started
cdo(3) copy: Process started
cdo(3) copy: Processed 2205000 values from 1 variable over 90 timesteps.
cdo(2) shifttime: Processed 2205000 values from 1 variable over 90 timesteps.
cdo(1) seltimestep: Processed 24500 values from 1 variable over 2 timesteps.
cdo    mulc: Processed 24500 values from 1 variable over 1 timestep [0.04s 29MB].
cdo    mergetime: Processed 2229500 values from 2 variables over 91 timesteps [0.06s 32MB].
cdo    replace: Processed 20065500 values from 10 variables over 182 timesteps [0.44s 96MB].
0-90 is done
Number of files to process with CDO: 18
cdo(1) setattribute: Process started
cdo(2) chname: Process started
cdo(3) mergetime: Process started
cdo(3) mergetime: Processed 441000 values from 18 variables over 18 timesteps.
cdo(2) chname: Processed 441000 values from 1 variable over 18 timesteps.
cdo(1) setattribute: Processed 441000 values from 1 variable over 18 timesteps.
cdo    divc: Processed 441000 values from 1 variable over 18 timesteps [0.31s 30MB].
cdo(1) copy: Process started
cdo(1) copy: Processed 2229500 values from 1 variable over 91 timesteps.
cdo    seltimestep: Processed 24500 values from 1 variable over 91 timesteps [0.03s 30MB].
cdo(1) mergetime: Process started
cdo(1) mergetime: Processed 465500 values from 2 variables over 19 timesteps.
cdo    timcumsum: Processed 465500 values from 1 variable over 19 timesteps [0.02s 18MB].
cdo    replace: Processed 4189500 values from 10 variables over 38 timesteps [0.12s 29MB].
90-144 is done
Number of files to process with CDO: 16
cdo(1) setattribute: Process started
cdo(2) chname: Process started
cdo(3) mergetime: Process started
cdo(3) mergetime: Processed 392000 values from 16 variables over 16 timesteps.
cdo(2) chname: Processed 392000 values from 1 variable over 16 timesteps.
cdo(1) setattribute: Processed 392000 values from 1 variable over 16 timesteps.
cdo    divc: Processed 392000 values from 1 variable over 16 timesteps [0.30s 28MB].
cdo(1) copy: Process started
cdo(1) copy: Processed 465500 values from 1 variable over 19 timesteps.
cdo    seltimestep: Processed 24500 values from 1 variable over 19 timesteps [0.01s 17MB].
cdo(1) mergetime: Process started
cdo(1) mergetime: Processed 416500 values from 2 variables over 17 timesteps.
cdo    timcumsum: Processed 416500 values from 1 variable over 17 timesteps [0.02s 18MB].
cdo    replace: Processed 3748500 values from 10 variables over 34 timesteps [0.11s 27MB].
Wed Oct 6 01:00:00 PM CEST 2021 processed!
Number of files to process with CDO: 90
cdo(1) divc: Process started
cdo(2) setattribute: Process started
cdo(3) chname: Process started
cdo(4) mergetime: Process started
cdo(4) mergetime: Processed 2205000 values from 90 variables over 90 timesteps.
cdo(3) chname: Processed 2205000 values from 1 variable over 90 timesteps.
cdo(2) setattribute: Processed 2205000 values from 1 variable over 90 timesteps.
cdo(1) divc: Processed 2205000 values from 1 variable over 90 timesteps.
cdo    timcumsum: Processed 2205000 values from 1 variable over 90 timesteps [1.68s 75MB].
cdo(1) seltimestep: Process started
cdo(2) shifttime: Process started
cdo(3) copy: Process started
cdo(3) copy: Processed 2205000 values from 1 variable over 90 timesteps.
cdo(2) shifttime: Processed 2205000 values from 1 variable over 90 timesteps.
cdo(1) seltimestep: Processed 24500 values from 1 variable over 2 timesteps.
cdo    mulc: Processed 24500 values from 1 variable over 1 timestep [0.04s 30MB].
cdo    mergetime: Processed 2229500 values from 2 variables over 91 timesteps [0.06s 31MB].
cdo    replace: Processed 20065500 values from 10 variables over 182 timesteps [0.42s 97MB].
0-90 is done
Number of files to process with CDO: 18
cdo(1) setattribute: Process started
cdo(2) chname: Process started
cdo(3) mergetime: Process started
cdo(3) mergetime: Processed 441000 values from 18 variables over 18 timesteps.
cdo(2) chname: Processed 441000 values from 1 variable over 18 timesteps.
cdo(1) setattribute: Processed 441000 values from 1 variable over 18 timesteps.
cdo    divc: Processed 441000 values from 1 variable over 18 timesteps [0.35s 30MB].
cdo(1) copy: Process started
cdo(1) copy: Processed 2229500 values from 1 variable over 91 timesteps.
cdo    seltimestep: Processed 24500 values from 1 variable over 91 timesteps [0.03s 30MB].
cdo(1) mergetime: Process started
cdo(1) mergetime: Processed 465500 values from 2 variables over 19 timesteps.
cdo    timcumsum: Processed 465500 values from 1 variable over 19 timesteps [0.02s 18MB].
cdo    replace: Processed 4189500 values from 10 variables over 38 timesteps [0.12s 28MB].
90-144 is done
Number of files to process with CDO: 16
cdo(1) setattribute: Process started
cdo(2) chname: Process started
cdo(3) mergetime: Process started
cdo(3) mergetime: Processed 392000 values from 16 variables over 16 timesteps.
cdo(2) chname: Processed 392000 values from 1 variable over 16 timesteps.
cdo(1) setattribute: Processed 392000 values from 1 variable over 16 timesteps.
cdo    divc: Processed 392000 values from 1 variable over 16 timesteps [0.56s 28MB].
cdo(1) copy: Process started
cdo(1) copy: Processed 465500 values from 1 variable over 19 timesteps.
cdo    seltimestep: Processed 24500 values from 1 variable over 19 timesteps [0.01s 17MB].
cdo(1) mergetime: Process started
cdo(1) mergetime: Processed 416500 values from 2 variables over 17 timesteps.
cdo    timcumsum: Processed 416500 values from 1 variable over 17 timesteps [0.02s 18MB].
cdo    replace: Processed 3748500 values from 10 variables over 34 timesteps [0.11s 26MB].
Thu Oct 7 01:00:00 PM CEST 2021 processed!
Number of files to process with CDO: 90
cdo(1) divc: Process started
cdo(2) setattribute: Process started
cdo(3) chname: Process started
cdo(4) mergetime: Process started
cdo(4) mergetime: Processed 2205000 values from 90 variables over 90 timesteps.
cdo(3) chname: Processed 2205000 values from 1 variable over 90 timesteps.
cdo(2) setattribute: Processed 2205000 values from 1 variable over 90 timesteps.
cdo(1) divc: Processed 2205000 values from 1 variable over 90 timesteps.
cdo    timcumsum: Processed 2205000 values from 1 variable over 90 timesteps [1.80s 73MB].
cdo(1) seltimestep: Process started
cdo(2) shifttime: Process started
cdo(3) copy: Process started
cdo(3) copy: Processed 2205000 values from 1 variable over 90 timesteps.
cdo(2) shifttime: Processed 2205000 values from 1 variable over 90 timesteps.
cdo(1) seltimestep: Processed 24500 values from 1 variable over 2 timesteps.
cdo    mulc: Processed 24500 values from 1 variable over 1 timestep [0.04s 30MB].
cdo    mergetime: Processed 2229500 values from 2 variables over 91 timesteps [0.06s 33MB].
cdo    replace: Processed 20065500 values from 10 variables over 182 timesteps [0.44s 97MB].
0-90 is done
Number of files to process with CDO: 18
cdo(1) setattribute: Process started
cdo(2) chname: Process started
cdo(3) mergetime: Process started
cdo(3) mergetime: Processed 441000 values from 18 variables over 18 timesteps.
cdo(2) chname: Processed 441000 values from 1 variable over 18 timesteps.
cdo(1) setattribute: Processed 441000 values from 1 variable over 18 timesteps.
cdo    divc: Processed 441000 values from 1 variable over 18 timesteps [0.35s 30MB].
cdo(1) copy: Process started
cdo(1) copy: Processed 2229500 values from 1 variable over 91 timesteps.
cdo    seltimestep: Processed 24500 values from 1 variable over 91 timesteps [0.03s 30MB].
cdo(1) mergetime: Process started
cdo(1) mergetime: Processed 465500 values from 2 variables over 19 timesteps.
cdo    timcumsum: Processed 465500 values from 1 variable over 19 timesteps [0.02s 17MB].
cdo    replace: Processed 4189500 values from 10 variables over 38 timesteps [0.15s 27MB].
90-144 is done
Number of files to process with CDO: 16
cdo(1) setattribute: Process started
cdo(2) chname: Process started
cdo(3) mergetime: Process started
cdo(3) mergetime: Processed 392000 values from 16 variables over 16 timesteps.
cdo(2) chname: Processed 392000 values from 1 variable over 16 timesteps.
cdo(1) setattribute: Processed 392000 values from 1 variable over 16 timesteps.
cdo    divc: Processed 392000 values from 1 variable over 16 timesteps [0.37s 28MB].
cdo(1) copy: Process started
cdo(1) copy: Processed 465500 values from 1 variable over 19 timesteps.
cdo    seltimestep: Processed 24500 values from 1 variable over 19 timesteps [0.01s 17MB].
cdo(1) mergetime: Process started
cdo(1) mergetime: Processed 416500 values from 2 variables over 17 timesteps.
cdo    timcumsum: Processed 416500 values from 1 variable over 17 timesteps [0.02s 18MB].
cdo    replace: Processed 3748500 values from 10 variables over 34 timesteps [0.11s 25MB].
Fri Oct 8 01:00:00 PM CEST 2021 processed!
Number of files to process with CDO: 90
cdo(1) divc: Process started
cdo(2) setattribute: Process started
cdo(3) chname: Process started
cdo(4) mergetime: Process started
cdo(4) mergetime: Processed 2205000 values from 90 variables over 90 timesteps.
cdo(3) chname: Processed 2205000 values from 1 variable over 90 timesteps.
cdo(2) setattribute: Processed 2205000 values from 1 variable over 90 timesteps.
cdo(1) divc: Processed 2205000 values from 1 variable over 90 timesteps.
cdo    timcumsum: Processed 2205000 values from 1 variable over 90 timesteps [1.55s 73MB].
cdo(1) seltimestep: Process started
cdo(2) shifttime: Process started
cdo(3) copy: Process started
cdo(3) copy: Processed 2205000 values from 1 variable over 90 timesteps.
cdo(2) shifttime: Processed 2205000 values from 1 variable over 90 timesteps.
cdo(1) seltimestep: Processed 24500 values from 1 variable over 2 timesteps.
cdo    mulc: Processed 24500 values from 1 variable over 1 timestep [0.04s 29MB].
cdo    mergetime: Processed 2229500 values from 2 variables over 91 timesteps [0.07s 32MB].
cdo    replace: Processed 20065500 values from 10 variables over 182 timesteps [0.47s 98MB].
0-90 is done
Number of files to process with CDO: 18
cdo(1) setattribute: Process started
cdo(2) chname: Process started
cdo(3) mergetime: Process started
cdo(3) mergetime: Processed 441000 values from 18 variables over 18 timesteps.
cdo(2) chname: Processed 441000 values from 1 variable over 18 timesteps.
cdo(1) setattribute: Processed 441000 values from 1 variable over 18 timesteps.
cdo    divc: Processed 441000 values from 1 variable over 18 timesteps [0.31s 30MB].
cdo(1) copy: Process started
cdo(1) copy: Processed 2229500 values from 1 variable over 91 timesteps.
cdo    seltimestep: Processed 24500 values from 1 variable over 91 timesteps [0.03s 30MB].
cdo(1) mergetime: Process started
cdo(1) mergetime: Processed 465500 values from 2 variables over 19 timesteps.
cdo    timcumsum: Processed 465500 values from 1 variable over 19 timesteps [0.02s 18MB].
cdo    replace: Processed 4189500 values from 10 variables over 38 timesteps [0.12s 27MB].
90-144 is done
Number of files to process with CDO: 16
cdo(1) setattribute: Process started
cdo(2) chname: Process started
cdo(3) mergetime: Process started
cdo(3) mergetime: Processed 392000 values from 16 variables over 16 timesteps.
cdo(2) chname: Processed 392000 values from 1 variable over 16 timesteps.
cdo(1) setattribute: Processed 392000 values from 1 variable over 16 timesteps.
cdo    divc: Processed 392000 values from 1 variable over 16 timesteps [0.33s 28MB].
cdo(1) copy: Process started
cdo(1) copy: Processed 465500 values from 1 variable over 19 timesteps.
cdo    seltimestep: Processed 24500 values from 1 variable over 19 timesteps [0.01s 16MB].
cdo(1) mergetime: Process started
cdo(1) mergetime: Processed 416500 values from 2 variables over 17 timesteps.
cdo    timcumsum: Processed 416500 values from 1 variable over 17 timesteps [0.02s 18MB].
cdo    replace: Processed 3748500 values from 10 variables over 34 timesteps [0.11s 26MB].
Sat Oct 9 01:00:00 PM CEST 2021 processed!
Number of files to process with CDO: 90
cdo(1) divc: Process started
cdo(2) setattribute: Process started
cdo(3) chname: Process started
cdo(4) mergetime: Process started
cdo(4) mergetime: Processed 2205000 values from 90 variables over 90 timesteps.
cdo(3) chname: Processed 2205000 values from 1 variable over 90 timesteps.
cdo(2) setattribute: Processed 2205000 values from 1 variable over 90 timesteps.
cdo(1) divc: Processed 2205000 values from 1 variable over 90 timesteps.
cdo    timcumsum: Processed 2205000 values from 1 variable over 90 timesteps [1.67s 72MB].
cdo(1) seltimestep: Process started
cdo(2) shifttime: Process started
cdo(3) copy: Process started
cdo(3) copy: Processed 2205000 values from 1 variable over 90 timesteps.
cdo(2) shifttime: Processed 2205000 values from 1 variable over 90 timesteps.
cdo(1) seltimestep: Processed 24500 values from 1 variable over 2 timesteps.
cdo    mulc: Processed 24500 values from 1 variable over 1 timestep [0.04s 31MB].
cdo    mergetime: Processed 2229500 values from 2 variables over 91 timesteps [0.06s 30MB].
cdo    replace: Processed 20065500 values from 10 variables over 182 timesteps [0.49s 97MB].
0-90 is done
Number of files to process with CDO: 18
cdo(1) setattribute: Process started
cdo(2) chname: Process started
cdo(3) mergetime: Process started
cdo(3) mergetime: Processed 441000 values from 18 variables over 18 timesteps.
cdo(2) chname: Processed 441000 values from 1 variable over 18 timesteps.
cdo(1) setattribute: Processed 441000 values from 1 variable over 18 timesteps.
cdo    divc: Processed 441000 values from 1 variable over 18 timesteps [0.30s 30MB].
cdo(1) copy: Process started
cdo(1) copy: Processed 2229500 values from 1 variable over 91 timesteps.
cdo    seltimestep: Processed 24500 values from 1 variable over 91 timesteps [0.03s 31MB].
cdo(1) mergetime: Process started
cdo(1) mergetime: Processed 465500 values from 2 variables over 19 timesteps.
cdo    timcumsum: Processed 465500 values from 1 variable over 19 timesteps [0.02s 18MB].
cdo    replace: Processed 4189500 values from 10 variables over 38 timesteps [0.12s 29MB].
90-144 is done
Number of files to process with CDO: 16
cdo(1) setattribute: Process started
cdo(2) chname: Process started
cdo(3) mergetime: Process started
cdo(3) mergetime: Processed 392000 values from 16 variables over 16 timesteps.
cdo(2) chname: Processed 392000 values from 1 variable over 16 timesteps.
cdo(1) setattribute: Processed 392000 values from 1 variable over 16 timesteps.
cdo    divc: Processed 392000 values from 1 variable over 16 timesteps [0.30s 28MB].
cdo(1) copy: Process started
cdo(1) copy: Processed 465500 values from 1 variable over 19 timesteps.
cdo    seltimestep: Processed 24500 values from 1 variable over 19 timesteps [0.01s 16MB].
cdo(1) mergetime: Process started
cdo(1) mergetime: Processed 416500 values from 2 variables over 17 timesteps.
cdo    timcumsum: Processed 416500 values from 1 variable over 17 timesteps [0.02s 18MB].
cdo    replace: Processed 3748500 values from 10 variables over 34 timesteps [0.11s 27MB].
Sun Oct 10 01:00:00 PM CEST 2021 processed!
Number of files to process with CDO: 90
cdo(1) divc: Process started
cdo(2) setattribute: Process started
cdo(3) chname: Process started
cdo(4) mergetime: Process started
cdo(4) mergetime: Processed 2205000 values from 90 variables over 90 timesteps.
cdo(3) chname: Processed 2205000 values from 1 variable over 90 timesteps.
cdo(2) setattribute: Processed 2205000 values from 1 variable over 90 timesteps.
cdo(1) divc: Processed 2205000 values from 1 variable over 90 timesteps.
cdo    timcumsum: Processed 2205000 values from 1 variable over 90 timesteps [1.60s 73MB].
cdo(1) seltimestep: Process started
cdo(2) shifttime: Process started
cdo(3) copy: Process started
cdo(3) copy: Processed 2205000 values from 1 variable over 90 timesteps.
cdo(2) shifttime: Processed 2205000 values from 1 variable over 90 timesteps.
cdo(1) seltimestep: Processed 24500 values from 1 variable over 2 timesteps.
cdo    mulc: Processed 24500 values from 1 variable over 1 timestep [0.04s 30MB].
cdo    mergetime: Processed 2229500 values from 2 variables over 91 timesteps [0.06s 31MB].
cdo    replace: Processed 20065500 values from 10 variables over 182 timesteps [0.44s 96MB].
0-90 is done
Number of files to process with CDO: 18
cdo(1) setattribute: Process started
cdo(2) chname: Process started
cdo(3) mergetime: Process started
cdo(3) mergetime: Processed 441000 values from 18 variables over 18 timesteps.
cdo(2) chname: Processed 441000 values from 1 variable over 18 timesteps.
cdo(1) setattribute: Processed 441000 values from 1 variable over 18 timesteps.
cdo    divc: Processed 441000 values from 1 variable over 18 timesteps [0.31s 30MB].
cdo(1) copy: Process started
cdo(1) copy: Processed 2229500 values from 1 variable over 91 timesteps.
cdo    seltimestep: Processed 24500 values from 1 variable over 91 timesteps [0.03s 30MB].
cdo(1) mergetime: Process started
cdo(1) mergetime: Processed 465500 values from 2 variables over 19 timesteps.
cdo    timcumsum: Processed 465500 values from 1 variable over 19 timesteps [0.02s 18MB].
cdo    replace: Processed 4189500 values from 10 variables over 38 timesteps [0.12s 27MB].
90-144 is done
Number of files to process with CDO: 16
cdo(1) setattribute: Process started
cdo(2) chname: Process started
cdo(3) mergetime: Process started
cdo(3) mergetime: Processed 392000 values from 16 variables over 16 timesteps.
cdo(2) chname: Processed 392000 values from 1 variable over 16 timesteps.
cdo(1) setattribute: Processed 392000 values from 1 variable over 16 timesteps.
cdo    divc: Processed 392000 values from 1 variable over 16 timesteps [0.31s 29MB].
cdo(1) copy: Process started
cdo(1) copy: Processed 465500 values from 1 variable over 19 timesteps.
cdo    seltimestep: Processed 24500 values from 1 variable over 19 timesteps [0.01s 17MB].
cdo(1) mergetime: Process started
cdo(1) mergetime: Processed 416500 values from 2 variables over 17 timesteps.
cdo    timcumsum: Processed 416500 values from 1 variable over 17 timesteps [0.02s 18MB].
cdo    replace: Processed 3748500 values from 10 variables over 34 timesteps [0.12s 27MB].
Mon Oct 11 01:00:00 PM CEST 2021 processed!
Number of files to process with CDO: 90
cdo(1) divc: Process started
cdo(2) setattribute: Process started
cdo(3) chname: Process started
cdo(4) mergetime: Process started
cdo(4) mergetime: Processed 2205000 values from 90 variables over 90 timesteps.
cdo(3) chname: Processed 2205000 values from 1 variable over 90 timesteps.
cdo(2) setattribute: Processed 2205000 values from 1 variable over 90 timesteps.
cdo(1) divc: Processed 2205000 values from 1 variable over 90 timesteps.
cdo    timcumsum: Processed 2205000 values from 1 variable over 90 timesteps [1.64s 73MB].
cdo(1) seltimestep: Process started
cdo(2) shifttime: Process started
cdo(3) copy: Process started
cdo(3) copy: Processed 2205000 values from 1 variable over 90 timesteps.
cdo(2) shifttime: Processed 2205000 values from 1 variable over 90 timesteps.
cdo(1) seltimestep: Processed 24500 values from 1 variable over 2 timesteps.
cdo    mulc: Processed 24500 values from 1 variable over 1 timestep [0.04s 30MB].
cdo    mergetime: Processed 2229500 values from 2 variables over 91 timesteps [0.06s 32MB].
cdo    replace: Processed 20065500 values from 10 variables over 182 timesteps [0.44s 96MB].
0-90 is done
Number of files to process with CDO: 18
cdo(1) setattribute: Process started
cdo(2) chname: Process started
cdo(3) mergetime: Process started
cdo(3) mergetime: Processed 441000 values from 18 variables over 18 timesteps.
cdo(2) chname: Processed 441000 values from 1 variable over 18 timesteps.
cdo(1) setattribute: Processed 441000 values from 1 variable over 18 timesteps.
cdo    divc: Processed 441000 values from 1 variable over 18 timesteps [0.35s 30MB].
cdo(1) copy: Process started
cdo(1) copy: Processed 2229500 values from 1 variable over 91 timesteps.
cdo    seltimestep: Processed 24500 values from 1 variable over 91 timesteps [0.03s 31MB].
cdo(1) mergetime: Process started
cdo(1) mergetime: Processed 465500 values from 2 variables over 19 timesteps.
cdo    timcumsum: Processed 465500 values from 1 variable over 19 timesteps [0.02s 18MB].
cdo    replace: Processed 4189500 values from 10 variables over 38 timesteps [0.12s 29MB].
90-144 is done
Number of files to process with CDO: 16
cdo(1) setattribute: Process started
cdo(2) chname: Process started
cdo(3) mergetime: Process started
cdo(3) mergetime: Processed 392000 values from 16 variables over 16 timesteps.
cdo(2) chname: Processed 392000 values from 1 variable over 16 timesteps.
cdo(1) setattribute: Processed 392000 values from 1 variable over 16 timesteps.
cdo    divc: Processed 392000 values from 1 variable over 16 timesteps [0.30s 28MB].
cdo(1) copy: Process started
cdo(1) copy: Processed 465500 values from 1 variable over 19 timesteps.
cdo    seltimestep: Processed 24500 values from 1 variable over 19 timesteps [0.01s 16MB].
cdo(1) mergetime: Process started
cdo(1) mergetime: Processed 416500 values from 2 variables over 17 timesteps.
cdo    timcumsum: Processed 416500 values from 1 variable over 17 timesteps [0.02s 18MB].
cdo    replace: Processed 3748500 values from 10 variables over 34 timesteps [0.13s 26MB].
Tue Oct 12 01:00:00 PM CEST 2021 processed!
Number of files to process with CDO: 90
cdo(1) divc: Process started
cdo(2) setattribute: Process started
cdo(3) chname: Process started
cdo(4) mergetime: Process started
cdo(4) mergetime: Processed 2205000 values from 90 variables over 90 timesteps.
cdo(3) chname: Processed 2205000 values from 1 variable over 90 timesteps.
cdo(2) setattribute: Processed 2205000 values from 1 variable over 90 timesteps.
cdo(1) divc: Processed 2205000 values from 1 variable over 90 timesteps.
cdo    timcumsum: Processed 2205000 values from 1 variable over 90 timesteps [1.59s 73MB].
cdo(1) seltimestep: Process started
cdo(2) shifttime: Process started
cdo(3) copy: Process started
cdo(3) copy: Processed 2205000 values from 1 variable over 90 timesteps.
cdo(2) shifttime: Processed 2205000 values from 1 variable over 90 timesteps.
cdo(1) seltimestep: Processed 24500 values from 1 variable over 2 timesteps.
cdo    mulc: Processed 24500 values from 1 variable over 1 timestep [0.04s 30MB].
cdo    mergetime: Processed 2229500 values from 2 variables over 91 timesteps [0.06s 32MB].
cdo    replace: Processed 20065500 values from 10 variables over 182 timesteps [0.48s 97MB].
0-90 is done
Number of files to process with CDO: 18
cdo(1) setattribute: Process started
cdo(2) chname: Process started
cdo(3) mergetime: Process started
cdo(3) mergetime: Processed 441000 values from 18 variables over 18 timesteps.
cdo(2) chname: Processed 441000 values from 1 variable over 18 timesteps.
cdo(1) setattribute: Processed 441000 values from 1 variable over 18 timesteps.
cdo    divc: Processed 441000 values from 1 variable over 18 timesteps [0.32s 30MB].
cdo(1) copy: Process started
cdo(1) copy: Processed 2229500 values from 1 variable over 91 timesteps.
cdo    seltimestep: Processed 24500 values from 1 variable over 91 timesteps [0.03s 30MB].
cdo(1) mergetime: Process started
cdo(1) mergetime: Processed 465500 values from 2 variables over 19 timesteps.
cdo    timcumsum: Processed 465500 values from 1 variable over 19 timesteps [0.02s 17MB].
cdo    replace: Processed 4189500 values from 10 variables over 38 timesteps [0.13s 27MB].
90-144 is done
Number of files to process with CDO: 16
cdo(1) setattribute: Process started
cdo(2) chname: Process started
cdo(3) mergetime: Process started
cdo(3) mergetime: Processed 392000 values from 16 variables over 16 timesteps.
cdo(2) chname: Processed 392000 values from 1 variable over 16 timesteps.
cdo(1) setattribute: Processed 392000 values from 1 variable over 16 timesteps.
cdo    divc: Processed 392000 values from 1 variable over 16 timesteps [0.31s 28MB].
cdo(1) copy: Process started
cdo(1) copy: Processed 465500 values from 1 variable over 19 timesteps.
cdo    seltimestep: Processed 24500 values from 1 variable over 19 timesteps [0.01s 18MB].
cdo(1) mergetime: Process started
cdo(1) mergetime: Processed 416500 values from 2 variables over 17 timesteps.
cdo    timcumsum: Processed 416500 values from 1 variable over 17 timesteps [0.02s 18MB].
cdo    replace: Processed 3748500 values from 10 variables over 34 timesteps [0.12s 26MB].
Wed Oct 13 01:00:00 PM CEST 2021 processed!
Number of files to process with CDO: 90
cdo(1) divc: Process started
cdo(2) setattribute: Process started
cdo(3) chname: Process started
cdo(4) mergetime: Process started
cdo(4) mergetime: Processed 2205000 values from 90 variables over 90 timesteps.
cdo(3) chname: Processed 2205000 values from 1 variable over 90 timesteps.
cdo(2) setattribute: Processed 2205000 values from 1 variable over 90 timesteps.
cdo(1) divc: Processed 2205000 values from 1 variable over 90 timesteps.
cdo    timcumsum: Processed 2205000 values from 1 variable over 90 timesteps [1.61s 73MB].
cdo(1) seltimestep: Process started
cdo(2) shifttime: Process started
cdo(3) copy: Process started
cdo(3) copy: Processed 2205000 values from 1 variable over 90 timesteps.
cdo(2) shifttime: Processed 2205000 values from 1 variable over 90 timesteps.
cdo(1) seltimestep: Processed 24500 values from 1 variable over 2 timesteps.
cdo    mulc: Processed 24500 values from 1 variable over 1 timestep [0.03s 29MB].
cdo    mergetime: Processed 2229500 values from 2 variables over 91 timesteps [0.06s 32MB].
cdo    replace: Processed 20065500 values from 10 variables over 182 timesteps [0.46s 97MB].
0-90 is done
Number of files to process with CDO: 18
cdo(1) setattribute: Process started
cdo(2) chname: Process started
cdo(3) mergetime: Process started
cdo(3) mergetime: Processed 441000 values from 18 variables over 18 timesteps.
cdo(2) chname: Processed 441000 values from 1 variable over 18 timesteps.
cdo(1) setattribute: Processed 441000 values from 1 variable over 18 timesteps.
cdo    divc: Processed 441000 values from 1 variable over 18 timesteps [0.42s 30MB].
cdo(1) copy: Process started
cdo(1) copy: Processed 2229500 values from 1 variable over 91 timesteps.
cdo    seltimestep: Processed 24500 values from 1 variable over 91 timesteps [0.03s 31MB].
cdo(1) mergetime: Process started
cdo(1) mergetime: Processed 465500 values from 2 variables over 19 timesteps.
cdo    timcumsum: Processed 465500 values from 1 variable over 19 timesteps [0.02s 18MB].
cdo    replace: Processed 4189500 values from 10 variables over 38 timesteps [0.11s 28MB].
90-144 is done
Number of files to process with CDO: 16
cdo(1) setattribute: Process started
cdo(2) chname: Process started
cdo(3) mergetime: Process started
cdo(3) mergetime: Processed 392000 values from 16 variables over 16 timesteps.
cdo(2) chname: Processed 392000 values from 1 variable over 16 timesteps.
cdo(1) setattribute: Processed 392000 values from 1 variable over 16 timesteps.
cdo    divc: Processed 392000 values from 1 variable over 16 timesteps [0.30s 28MB].
cdo(1) copy: Process started
cdo(1) copy: Processed 465500 values from 1 variable over 19 timesteps.
cdo    seltimestep: Processed 24500 values from 1 variable over 19 timesteps [0.01s 15MB].
cdo(1) mergetime: Process started
cdo(1) mergetime: Processed 416500 values from 2 variables over 17 timesteps.
cdo    timcumsum: Processed 416500 values from 1 variable over 17 timesteps [0.02s 18MB].
cdo    replace: Processed 3748500 values from 10 variables over 34 timesteps [0.12s 27MB].
Thu Oct 14 01:00:00 PM CEST 2021 processed!
Number of files to process with CDO: 90
cdo(1) divc: Process started
cdo(2) setattribute: Process started
cdo(3) chname: Process started
cdo(4) mergetime: Process started
cdo(4) mergetime: Processed 2205000 values from 90 variables over 90 timesteps.
cdo(3) chname: Processed 2205000 values from 1 variable over 90 timesteps.
cdo(2) setattribute: Processed 2205000 values from 1 variable over 90 timesteps.
cdo(1) divc: Processed 2205000 values from 1 variable over 90 timesteps.
cdo    timcumsum: Processed 2205000 values from 1 variable over 90 timesteps [1.63s 73MB].
cdo(1) seltimestep: Process started
cdo(2) shifttime: Process started
cdo(3) copy: Process started
cdo(3) copy: Processed 2205000 values from 1 variable over 90 timesteps.
cdo(2) shifttime: Processed 2205000 values from 1 variable over 90 timesteps.
cdo(1) seltimestep: Processed 24500 values from 1 variable over 2 timesteps.
cdo    mulc: Processed 24500 values from 1 variable over 1 timestep [0.04s 30MB].
cdo    mergetime: Processed 2229500 values from 2 variables over 91 timesteps [0.07s 33MB].
cdo    replace: Processed 20065500 values from 10 variables over 182 timesteps [0.48s 95MB].
0-90 is done
Number of files to process with CDO: 18
cdo(1) setattribute: Process started
cdo(2) chname: Process started
cdo(3) mergetime: Process started
cdo(3) mergetime: Processed 441000 values from 18 variables over 18 timesteps.
cdo(2) chname: Processed 441000 values from 1 variable over 18 timesteps.
cdo(1) setattribute: Processed 441000 values from 1 variable over 18 timesteps.
cdo    divc: Processed 441000 values from 1 variable over 18 timesteps [0.36s 30MB].
cdo(1) copy: Process started
cdo(1) copy: Processed 2229500 values from 1 variable over 91 timesteps.
cdo    seltimestep: Processed 24500 values from 1 variable over 91 timesteps [0.03s 31MB].
cdo(1) mergetime: Process started
cdo(1) mergetime: Processed 465500 values from 2 variables over 19 timesteps.
cdo    timcumsum: Processed 465500 values from 1 variable over 19 timesteps [0.02s 18MB].
cdo    replace: Processed 4189500 values from 10 variables over 38 timesteps [0.13s 28MB].
90-144 is done
Number of files to process with CDO: 16
cdo(1) setattribute: Process started
cdo(2) chname: Process started
cdo(3) mergetime: Process started
cdo(3) mergetime: Processed 392000 values from 16 variables over 16 timesteps.
cdo(2) chname: Processed 392000 values from 1 variable over 16 timesteps.
cdo(1) setattribute: Processed 392000 values from 1 variable over 16 timesteps.
cdo    divc: Processed 392000 values from 1 variable over 16 timesteps [0.33s 29MB].
cdo(1) copy: Process started
cdo(1) copy: Processed 465500 values from 1 variable over 19 timesteps.
cdo    seltimestep: Processed 24500 values from 1 variable over 19 timesteps [0.01s 17MB].
cdo(1) mergetime: Process started
cdo(1) mergetime: Processed 416500 values from 2 variables over 17 timesteps.
cdo    timcumsum: Processed 416500 values from 1 variable over 17 timesteps [0.02s 18MB].
cdo    replace: Processed 3748500 values from 10 variables over 34 timesteps [0.11s 26MB].
Fri Oct 15 01:00:00 PM CEST 2021 processed!
Number of files to process with CDO: 90
cdo(1) divc: Process started
cdo(2) setattribute: Process started
cdo(3) chname: Process started
cdo(4) mergetime: Process started
cdo(4) mergetime: Processed 2205000 values from 90 variables over 90 timesteps.
cdo(3) chname: Processed 2205000 values from 1 variable over 90 timesteps.
cdo(2) setattribute: Processed 2205000 values from 1 variable over 90 timesteps.
cdo(1) divc: Processed 2205000 values from 1 variable over 90 timesteps.
cdo    timcumsum: Processed 2205000 values from 1 variable over 90 timesteps [1.84s 75MB].
cdo(1) seltimestep: Process started
cdo(2) shifttime: Process started
cdo(3) copy: Process started
cdo(3) copy: Processed 2205000 values from 1 variable over 90 timesteps.
cdo(2) shifttime: Processed 2205000 values from 1 variable over 90 timesteps.
cdo(1) seltimestep: Processed 24500 values from 1 variable over 2 timesteps.
cdo    mulc: Processed 24500 values from 1 variable over 1 timestep [0.04s 30MB].
cdo    mergetime: Processed 2229500 values from 2 variables over 91 timesteps [0.06s 32MB].
cdo    replace: Processed 20065500 values from 10 variables over 182 timesteps [0.45s 96MB].
0-90 is done
Number of files to process with CDO: 18
cdo(1) setattribute: Process started
cdo(2) chname: Process started
cdo(3) mergetime: Process started
cdo(3) mergetime: Processed 441000 values from 18 variables over 18 timesteps.
cdo(2) chname: Processed 441000 values from 1 variable over 18 timesteps.
cdo(1) setattribute: Processed 441000 values from 1 variable over 18 timesteps.
cdo    divc: Processed 441000 values from 1 variable over 18 timesteps [0.42s 30MB].
cdo(1) copy: Process started
cdo(1) copy: Processed 2229500 values from 1 variable over 91 timesteps.
cdo    seltimestep: Processed 24500 values from 1 variable over 91 timesteps [0.03s 30MB].
cdo(1) mergetime: Process started
cdo(1) mergetime: Processed 465500 values from 2 variables over 19 timesteps.
cdo    timcumsum: Processed 465500 values from 1 variable over 19 timesteps [0.02s 18MB].
cdo    replace: Processed 4189500 values from 10 variables over 38 timesteps [0.16s 29MB].
90-144 is done
Number of files to process with CDO: 16
cdo(1) setattribute: Process started
cdo(2) chname: Process started
cdo(3) mergetime: Process started
cdo(3) mergetime: Processed 392000 values from 16 variables over 16 timesteps.
cdo(2) chname: Processed 392000 values from 1 variable over 16 timesteps.
cdo(1) setattribute: Processed 392000 values from 1 variable over 16 timesteps.
cdo    divc: Processed 392000 values from 1 variable over 16 timesteps [0.31s 28MB].
cdo(1) copy: Process started
cdo(1) copy: Processed 465500 values from 1 variable over 19 timesteps.
cdo    seltimestep: Processed 24500 values from 1 variable over 19 timesteps [0.01s 17MB].
cdo(1) mergetime: Process started
cdo(1) mergetime: Processed 416500 values from 2 variables over 17 timesteps.
cdo    timcumsum: Processed 416500 values from 1 variable over 17 timesteps [0.02s 18MB].
cdo    replace: Processed 3748500 values from 10 variables over 34 timesteps [0.13s 26MB].
Sat Oct 16 01:00:00 PM CEST 2021 processed!
Number of files to process with CDO: 90
cdo(1) divc: Process started
cdo(2) setattribute: Process started
cdo(3) chname: Process started
cdo(4) mergetime: Process started
cdo(4) mergetime: Processed 2205000 values from 90 variables over 90 timesteps.
cdo(3) chname: Processed 2205000 values from 1 variable over 90 timesteps.
cdo(2) setattribute: Processed 2205000 values from 1 variable over 90 timesteps.
cdo(1) divc: Processed 2205000 values from 1 variable over 90 timesteps.
cdo    timcumsum: Processed 2205000 values from 1 variable over 90 timesteps [2.13s 73MB].
cdo(1) seltimestep: Process started
cdo(2) shifttime: Process started
cdo(3) copy: Process started
cdo(3) copy: Processed 2205000 values from 1 variable over 90 timesteps.
cdo(2) shifttime: Processed 2205000 values from 1 variable over 90 timesteps.
cdo(1) seltimestep: Processed 24500 values from 1 variable over 2 timesteps.
cdo    mulc: Processed 24500 values from 1 variable over 1 timestep [0.04s 29MB].
cdo    mergetime: Processed 2229500 values from 2 variables over 91 timesteps [0.06s 31MB].
cdo    replace: Processed 20065500 values from 10 variables over 182 timesteps [0.45s 95MB].
0-90 is done
Number of files to process with CDO: 18
cdo(1) setattribute: Process started
cdo(2) chname: Process started
cdo(3) mergetime: Process started
cdo(3) mergetime: Processed 441000 values from 18 variables over 18 timesteps.
cdo(2) chname: Processed 441000 values from 1 variable over 18 timesteps.
cdo(1) setattribute: Processed 441000 values from 1 variable over 18 timesteps.
cdo    divc: Processed 441000 values from 1 variable over 18 timesteps [0.37s 30MB].
cdo(1) copy: Process started
cdo(1) copy: Processed 2229500 values from 1 variable over 91 timesteps.
cdo    seltimestep: Processed 24500 values from 1 variable over 91 timesteps [0.03s 30MB].
cdo(1) mergetime: Process started
cdo(1) mergetime: Processed 465500 values from 2 variables over 19 timesteps.
cdo    timcumsum: Processed 465500 values from 1 variable over 19 timesteps [0.02s 18MB].
cdo    replace: Processed 4189500 values from 10 variables over 38 timesteps [0.12s 28MB].
90-144 is done
Number of files to process with CDO: 16
cdo(1) setattribute: Process started
cdo(2) chname: Process started
cdo(3) mergetime: Process started
cdo(3) mergetime: Processed 392000 values from 16 variables over 16 timesteps.
cdo(2) chname: Processed 392000 values from 1 variable over 16 timesteps.
cdo(1) setattribute: Processed 392000 values from 1 variable over 16 timesteps.
cdo    divc: Processed 392000 values from 1 variable over 16 timesteps [0.84s 28MB].
cdo(1) copy: Process started
cdo(1) copy: Processed 465500 values from 1 variable over 19 timesteps.
cdo    seltimestep: Processed 24500 values from 1 variable over 19 timesteps [0.01s 16MB].
cdo(1) mergetime: Process started
cdo(1) mergetime: Processed 416500 values from 2 variables over 17 timesteps.
cdo    timcumsum: Processed 416500 values from 1 variable over 17 timesteps [0.02s 18MB].
cdo    replace: Processed 3748500 values from 10 variables over 34 timesteps [0.12s 26MB].
Sun Oct 17 01:00:00 PM CEST 2021 processed!
Number of files to process with CDO: 90
cdo(1) divc: Process started
cdo(2) setattribute: Process started
cdo(3) chname: Process started
cdo(4) mergetime: Process started
cdo(4) mergetime: Processed 2205000 values from 90 variables over 90 timesteps.
cdo(3) chname: Processed 2205000 values from 1 variable over 90 timesteps.
cdo(2) setattribute: Processed 2205000 values from 1 variable over 90 timesteps.
cdo(1) divc: Processed 2205000 values from 1 variable over 90 timesteps.
cdo    timcumsum: Processed 2205000 values from 1 variable over 90 timesteps [1.78s 73MB].
cdo(1) seltimestep: Process started
cdo(2) shifttime: Process started
cdo(3) copy: Process started
cdo(3) copy: Processed 2205000 values from 1 variable over 90 timesteps.
cdo(2) shifttime: Processed 2205000 values from 1 variable over 90 timesteps.
cdo(1) seltimestep: Processed 24500 values from 1 variable over 2 timesteps.
cdo    mulc: Processed 24500 values from 1 variable over 1 timestep [0.04s 31MB].
cdo    mergetime: Processed 2229500 values from 2 variables over 91 timesteps [0.06s 32MB].
cdo    replace: Processed 20065500 values from 10 variables over 182 timesteps [0.46s 97MB].
0-90 is done
Number of files to process with CDO: 18
cdo(1) setattribute: Process started
cdo(2) chname: Process started
cdo(3) mergetime: Process started
cdo(3) mergetime: Processed 441000 values from 18 variables over 18 timesteps.
cdo(2) chname: Processed 441000 values from 1 variable over 18 timesteps.
cdo(1) setattribute: Processed 441000 values from 1 variable over 18 timesteps.
cdo    divc: Processed 441000 values from 1 variable over 18 timesteps [0.37s 30MB].
cdo(1) copy: Process started
cdo(1) copy: Processed 2229500 values from 1 variable over 91 timesteps.
cdo    seltimestep: Processed 24500 values from 1 variable over 91 timesteps [0.03s 31MB].
cdo(1) mergetime: Process started
cdo(1) mergetime: Processed 465500 values from 2 variables over 19 timesteps.
cdo    timcumsum: Processed 465500 values from 1 variable over 19 timesteps [0.02s 18MB].
cdo    replace: Processed 4189500 values from 10 variables over 38 timesteps [0.12s 28MB].
90-144 is done
Number of files to process with CDO: 16
cdo(1) setattribute: Process started
cdo(2) chname: Process started
cdo(3) mergetime: Process started
cdo(3) mergetime: Processed 392000 values from 16 variables over 16 timesteps.
cdo(2) chname: Processed 392000 values from 1 variable over 16 timesteps.
cdo(1) setattribute: Processed 392000 values from 1 variable over 16 timesteps.
cdo    divc: Processed 392000 values from 1 variable over 16 timesteps [0.34s 28MB].
cdo(1) copy: Process started
cdo(1) copy: Processed 465500 values from 1 variable over 19 timesteps.
cdo    seltimestep: Processed 24500 values from 1 variable over 19 timesteps [0.01s 17MB].
cdo(1) mergetime: Process started
cdo(1) mergetime: Processed 416500 values from 2 variables over 17 timesteps.
cdo    timcumsum: Processed 416500 values from 1 variable over 17 timesteps [0.02s 18MB].
cdo    replace: Processed 3748500 values from 10 variables over 34 timesteps [0.11s 27MB].
Mon Oct 18 01:00:00 PM CEST 2021 processed!
Number of files to process with CDO: 90
cdo(1) divc: Process started
cdo(2) setattribute: Process started
cdo(3) chname: Process started
cdo(4) mergetime: Process started
cdo(4) mergetime: Processed 2205000 values from 90 variables over 90 timesteps.
cdo(3) chname: Processed 2205000 values from 1 variable over 90 timesteps.
cdo(2) setattribute: Processed 2205000 values from 1 variable over 90 timesteps.
cdo(1) divc: Processed 2205000 values from 1 variable over 90 timesteps.
cdo    timcumsum: Processed 2205000 values from 1 variable over 90 timesteps [1.77s 73MB].
cdo(1) seltimestep: Process started
cdo(2) shifttime: Process started
cdo(3) copy: Process started
cdo(3) copy: Processed 2205000 values from 1 variable over 90 timesteps.
cdo(2) shifttime: Processed 2205000 values from 1 variable over 90 timesteps.
cdo(1) seltimestep: Processed 24500 values from 1 variable over 2 timesteps.
cdo    mulc: Processed 24500 values from 1 variable over 1 timestep [0.06s 30MB].
cdo    mergetime: Processed 2229500 values from 2 variables over 91 timesteps [0.07s 32MB].
cdo    replace: Processed 20065500 values from 10 variables over 182 timesteps [0.46s 96MB].
0-90 is done
Number of files to process with CDO: 18
cdo(1) setattribute: Process started
cdo(2) chname: Process started
cdo(3) mergetime: Process started
cdo(3) mergetime: Processed 441000 values from 18 variables over 18 timesteps.
cdo(2) chname: Processed 441000 values from 1 variable over 18 timesteps.
cdo(1) setattribute: Processed 441000 values from 1 variable over 18 timesteps.
cdo    divc: Processed 441000 values from 1 variable over 18 timesteps [0.32s 30MB].
cdo(1) copy: Process started
cdo(1) copy: Processed 2229500 values from 1 variable over 91 timesteps.
cdo    seltimestep: Processed 24500 values from 1 variable over 91 timesteps [0.03s 30MB].
cdo(1) mergetime: Process started
cdo(1) mergetime: Processed 465500 values from 2 variables over 19 timesteps.
cdo    timcumsum: Processed 465500 values from 1 variable over 19 timesteps [0.02s 18MB].
cdo    replace: Processed 4189500 values from 10 variables over 38 timesteps [0.15s 27MB].
90-144 is done
Number of files to process with CDO: 16
cdo(1) setattribute: Process started
cdo(2) chname: Process started
cdo(3) mergetime: Process started
cdo(3) mergetime: Processed 392000 values from 16 variables over 16 timesteps.
cdo(2) chname: Processed 392000 values from 1 variable over 16 timesteps.
cdo(1) setattribute: Processed 392000 values from 1 variable over 16 timesteps.
cdo    divc: Processed 392000 values from 1 variable over 16 timesteps [0.27s 28MB].
cdo(1) copy: Process started
cdo(1) copy: Processed 465500 values from 1 variable over 19 timesteps.
cdo    seltimestep: Processed 24500 values from 1 variable over 19 timesteps [0.01s 16MB].
cdo(1) mergetime: Process started
cdo(1) mergetime: Processed 416500 values from 2 variables over 17 timesteps.
cdo    timcumsum: Processed 416500 values from 1 variable over 17 timesteps [0.02s 18MB].
cdo    replace: Processed 3748500 values from 10 variables over 34 timesteps [0.12s 26MB].
Tue Oct 19 01:00:00 PM CEST 2021 processed!
Number of files to process with CDO: 90
cdo(1) divc: Process started
cdo(2) setattribute: Process started
cdo(3) chname: Process started
cdo(4) mergetime: Process started
cdo(4) mergetime: Processed 2205000 values from 90 variables over 90 timesteps.
cdo(3) chname: Processed 2205000 values from 1 variable over 90 timesteps.
cdo(2) setattribute: Processed 2205000 values from 1 variable over 90 timesteps.
cdo(1) divc: Processed 2205000 values from 1 variable over 90 timesteps.
cdo    timcumsum: Processed 2205000 values from 1 variable over 90 timesteps [1.71s 73MB].
cdo(1) seltimestep: Process started
cdo(2) shifttime: Process started
cdo(3) copy: Process started
cdo(3) copy: Processed 2205000 values from 1 variable over 90 timesteps.
cdo(2) shifttime: Processed 2205000 values from 1 variable over 90 timesteps.
cdo(1) seltimestep: Processed 24500 values from 1 variable over 2 timesteps.
cdo    mulc: Processed 24500 values from 1 variable over 1 timestep [0.04s 30MB].
cdo    mergetime: Processed 2229500 values from 2 variables over 91 timesteps [0.06s 31MB].
cdo    replace: Processed 20065500 values from 10 variables over 182 timesteps [0.43s 97MB].
0-90 is done
Number of files to process with CDO: 18
cdo(1) setattribute: Process started
cdo(2) chname: Process started
cdo(3) mergetime: Process started
cdo(3) mergetime: Processed 441000 values from 18 variables over 18 timesteps.
cdo(2) chname: Processed 441000 values from 1 variable over 18 timesteps.
cdo(1) setattribute: Processed 441000 values from 1 variable over 18 timesteps.
cdo    divc: Processed 441000 values from 1 variable over 18 timesteps [0.35s 30MB].
cdo(1) copy: Process started
cdo(1) copy: Processed 2229500 values from 1 variable over 91 timesteps.
cdo    seltimestep: Processed 24500 values from 1 variable over 91 timesteps [0.03s 30MB].
cdo(1) mergetime: Process started
cdo(1) mergetime: Processed 465500 values from 2 variables over 19 timesteps.
cdo    timcumsum: Processed 465500 values from 1 variable over 19 timesteps [0.02s 18MB].
cdo    replace: Processed 4189500 values from 10 variables over 38 timesteps [0.12s 29MB].
90-144 is done
Number of files to process with CDO: 16
cdo(1) setattribute: Process started
cdo(2) chname: Process started
cdo(3) mergetime: Process started
cdo(3) mergetime: Processed 392000 values from 16 variables over 16 timesteps.
cdo(2) chname: Processed 392000 values from 1 variable over 16 timesteps.
cdo(1) setattribute: Processed 392000 values from 1 variable over 16 timesteps.
cdo    divc: Processed 392000 values from 1 variable over 16 timesteps [0.33s 28MB].
cdo(1) copy: Process started
cdo(1) copy: Processed 465500 values from 1 variable over 19 timesteps.
cdo    seltimestep: Processed 24500 values from 1 variable over 19 timesteps [0.01s 18MB].
cdo(1) mergetime: Process started
cdo(1) mergetime: Processed 416500 values from 2 variables over 17 timesteps.
cdo    timcumsum: Processed 416500 values from 1 variable over 17 timesteps [0.02s 18MB].
cdo    replace: Processed 3748500 values from 10 variables over 34 timesteps [0.11s 27MB].
Wed Oct 20 01:00:00 PM CEST 2021 processed!
Number of files to process with CDO: 90
cdo(1) divc: Process started
cdo(2) setattribute: Process started
cdo(3) chname: Process started
cdo(4) mergetime: Process started
cdo(4) mergetime: Processed 2205000 values from 90 variables over 90 timesteps.
cdo(3) chname: Processed 2205000 values from 1 variable over 90 timesteps.
cdo(2) setattribute: Processed 2205000 values from 1 variable over 90 timesteps.
cdo(1) divc: Processed 2205000 values from 1 variable over 90 timesteps.
cdo    timcumsum: Processed 2205000 values from 1 variable over 90 timesteps [1.65s 73MB].
cdo(1) seltimestep: Process started
cdo(2) shifttime: Process started
cdo(3) copy: Process started
cdo(3) copy: Processed 2205000 values from 1 variable over 90 timesteps.
cdo(2) shifttime: Processed 2205000 values from 1 variable over 90 timesteps.
cdo(1) seltimestep: Processed 24500 values from 1 variable over 2 timesteps.
cdo    mulc: Processed 24500 values from 1 variable over 1 timestep [0.04s 31MB].
cdo    mergetime: Processed 2229500 values from 2 variables over 91 timesteps [0.06s 32MB].
cdo    replace: Processed 20065500 values from 10 variables over 182 timesteps [0.45s 97MB].
0-90 is done
Number of files to process with CDO: 18
cdo(1) setattribute: Process started
cdo(2) chname: Process started
cdo(3) mergetime: Process started
cdo(3) mergetime: Processed 441000 values from 18 variables over 18 timesteps.
cdo(2) chname: Processed 441000 values from 1 variable over 18 timesteps.
cdo(1) setattribute: Processed 441000 values from 1 variable over 18 timesteps.
cdo    divc: Processed 441000 values from 1 variable over 18 timesteps [0.33s 30MB].
cdo(1) copy: Process started
cdo(1) copy: Processed 2229500 values from 1 variable over 91 timesteps.
cdo    seltimestep: Processed 24500 values from 1 variable over 91 timesteps [0.03s 30MB].
cdo(1) mergetime: Process started
cdo(1) mergetime: Processed 465500 values from 2 variables over 19 timesteps.
cdo    timcumsum: Processed 465500 values from 1 variable over 19 timesteps [0.02s 18MB].
cdo    replace: Processed 4189500 values from 10 variables over 38 timesteps [0.12s 29MB].
90-144 is done
Number of files to process with CDO: 14
cdo(1) setattribute: Process started
cdo(2) chname: Process started
cdo(3) mergetime: Process started
cdo(3) mergetime: Processed 343000 values from 14 variables over 14 timesteps.
cdo(2) chname: Processed 343000 values from 1 variable over 14 timesteps.
cdo(1) setattribute: Processed 343000 values from 1 variable over 14 timesteps.
cdo    divc: Processed 343000 values from 1 variable over 14 timesteps [0.29s 26MB].
cdo(1) copy: Process started
cdo(1) copy: Processed 465500 values from 1 variable over 19 timesteps.
cdo    seltimestep: Processed 24500 values from 1 variable over 19 timesteps [0.01s 17MB].
cdo(1) mergetime: Process started
cdo(1) mergetime: Processed 367500 values from 2 variables over 15 timesteps.
cdo    timcumsum: Processed 367500 values from 1 variable over 15 timesteps [0.02s 17MB].
Thu Oct 21 01:00:00 PM CEST 2021 processed!
Number of files to process with CDO: 90
cdo(1) divc: Process started
cdo(2) setattribute: Process started
cdo(3) chname: Process started
cdo(4) mergetime: Process started
cdo(4) mergetime: Processed 2205000 values from 90 variables over 90 timesteps.
cdo(3) chname: Processed 2205000 values from 1 variable over 90 timesteps.
cdo(2) setattribute: Processed 2205000 values from 1 variable over 90 timesteps.
cdo(1) divc: Processed 2205000 values from 1 variable over 90 timesteps.
cdo    timcumsum: Processed 2205000 values from 1 variable over 90 timesteps [1.69s 73MB].
cdo(1) seltimestep: Process started
cdo(2) shifttime: Process started
cdo(3) copy: Process started
cdo(3) copy: Processed 2205000 values from 1 variable over 90 timesteps.
cdo(2) shifttime: Processed 2205000 values from 1 variable over 90 timesteps.
cdo(1) seltimestep: Processed 24500 values from 1 variable over 2 timesteps.
cdo    mulc: Processed 24500 values from 1 variable over 1 timestep [0.04s 31MB].
cdo    mergetime: Processed 2229500 values from 2 variables over 91 timesteps [0.06s 29MB].
cdo    replace: Processed 20065500 values from 10 variables over 182 timesteps [0.47s 96MB].
0-90 is done
Number of files to process with CDO: 18
cdo(1) setattribute: Process started
cdo(2) chname: Process started
cdo(3) mergetime: Process started
cdo(3) mergetime: Processed 441000 values from 18 variables over 18 timesteps.
cdo(2) chname: Processed 441000 values from 1 variable over 18 timesteps.
cdo(1) setattribute: Processed 441000 values from 1 variable over 18 timesteps.
cdo    divc: Processed 441000 values from 1 variable over 18 timesteps [0.27s 30MB].
cdo(1) copy: Process started
cdo(1) copy: Processed 2229500 values from 1 variable over 91 timesteps.
cdo    seltimestep: Processed 24500 values from 1 variable over 91 timesteps [0.03s 30MB].
cdo(1) mergetime: Process started
cdo(1) mergetime: Processed 465500 values from 2 variables over 19 timesteps.
cdo    timcumsum: Processed 465500 values from 1 variable over 19 timesteps [0.02s 18MB].
cdo    replace: Processed 4189500 values from 10 variables over 38 timesteps [0.13s 29MB].
90-144 is done
Number of files to process with CDO: 10
cdo(1) setattribute: Process started
cdo(2) chname: Process started
cdo(3) mergetime: Process started
cdo(3) mergetime: Processed 245000 values from 10 variables over 10 timesteps.
cdo(2) chname: Processed 245000 values from 1 variable over 10 timesteps.
cdo(1) setattribute: Processed 245000 values from 1 variable over 10 timesteps.
cdo    divc: Processed 245000 values from 1 variable over 10 timesteps [0.20s 23MB].
cdo(1) copy: Process started
cdo(1) copy: Processed 465500 values from 1 variable over 19 timesteps.
cdo    seltimestep: Processed 24500 values from 1 variable over 19 timesteps [0.01s 16MB].
cdo(1) mergetime: Process started
cdo(1) mergetime: Processed 269500 values from 2 variables over 11 timesteps.
cdo    timcumsum: Processed 269500 values from 1 variable over 11 timesteps [0.02s 17MB].
Fri Oct 22 01:00:00 PM CEST 2021 processed!
Number of files to process with CDO: 90
cdo(1) divc: Process started
cdo(2) setattribute: Process started
cdo(3) chname: Process started
cdo(4) mergetime: Process started
cdo(4) mergetime: Processed 2205000 values from 90 variables over 90 timesteps.
cdo(3) chname: Processed 2205000 values from 1 variable over 90 timesteps.
cdo(2) setattribute: Processed 2205000 values from 1 variable over 90 timesteps.
cdo(1) divc: Processed 2205000 values from 1 variable over 90 timesteps.
cdo    timcumsum: Processed 2205000 values from 1 variable over 90 timesteps [1.70s 73MB].
cdo(1) seltimestep: Process started
cdo(2) shifttime: Process started
cdo(3) copy: Process started
cdo(3) copy: Processed 2205000 values from 1 variable over 90 timesteps.
cdo(2) shifttime: Processed 2205000 values from 1 variable over 90 timesteps.
cdo(1) seltimestep: Processed 24500 values from 1 variable over 2 timesteps.
cdo    mulc: Processed 24500 values from 1 variable over 1 timestep [0.04s 30MB].
cdo    mergetime: Processed 2229500 values from 2 variables over 91 timesteps [0.08s 31MB].
cdo    replace: Processed 20065500 values from 10 variables over 182 timesteps [0.45s 97MB].
0-90 is done
Number of files to process with CDO: 18
cdo(1) setattribute: Process started
cdo(2) chname: Process started
cdo(3) mergetime: Process started
cdo(3) mergetime: Processed 441000 values from 18 variables over 18 timesteps.
cdo(2) chname: Processed 441000 values from 1 variable over 18 timesteps.
cdo(1) setattribute: Processed 441000 values from 1 variable over 18 timesteps.
cdo    divc: Processed 441000 values from 1 variable over 18 timesteps [0.33s 30MB].
cdo(1) copy: Process started
cdo(1) copy: Processed 2229500 values from 1 variable over 91 timesteps.
cdo    seltimestep: Processed 24500 values from 1 variable over 91 timesteps [0.03s 30MB].
cdo(1) mergetime: Process started
cdo(1) mergetime: Processed 465500 values from 2 variables over 19 timesteps.
cdo    timcumsum: Processed 465500 values from 1 variable over 19 timesteps [0.02s 18MB].
cdo    replace: Processed 4189500 values from 10 variables over 38 timesteps [0.14s 29MB].
90-144 is done
Number of files to process with CDO: 6
cdo(1) setattribute: Process started
cdo(2) chname: Process started
cdo(3) mergetime: Process started
cdo(3) mergetime: Processed 147000 values from 6 variables over 6 timesteps.
cdo(2) chname: Processed 147000 values from 1 variable over 6 timesteps.
cdo(1) setattribute: Processed 147000 values from 1 variable over 6 timesteps.
cdo    divc: Processed 147000 values from 1 variable over 6 timesteps [0.12s 20MB].
cdo(1) copy: Process started
cdo(1) copy: Processed 465500 values from 1 variable over 19 timesteps.
cdo    seltimestep: Processed 24500 values from 1 variable over 19 timesteps [0.01s 17MB].
cdo(1) mergetime: Process started
cdo(1) mergetime: Processed 171500 values from 2 variables over 7 timesteps.
cdo    timcumsum: Processed 171500 values from 1 variable over 7 timesteps [0.02s 16MB].
Sat Oct 23 01:00:00 PM CEST 2021 processed!
Number of files to process with CDO: 90
cdo(1) divc: Process started
cdo(2) setattribute: Process started
cdo(3) chname: Process started
cdo(4) mergetime: Process started
cdo(4) mergetime: Processed 2205000 values from 90 variables over 90 timesteps.
cdo(3) chname: Processed 2205000 values from 1 variable over 90 timesteps.
cdo(2) setattribute: Processed 2205000 values from 1 variable over 90 timesteps.
cdo(1) divc: Processed 2205000 values from 1 variable over 90 timesteps.
cdo    timcumsum: Processed 2205000 values from 1 variable over 90 timesteps [1.60s 73MB].
cdo(1) seltimestep: Process started
cdo(2) shifttime: Process started
cdo(3) copy: Process started
cdo(3) copy: Processed 2205000 values from 1 variable over 90 timesteps.
cdo(2) shifttime: Processed 2205000 values from 1 variable over 90 timesteps.
cdo(1) seltimestep: Processed 24500 values from 1 variable over 2 timesteps.
cdo    mulc: Processed 24500 values from 1 variable over 1 timestep [0.04s 30MB].
cdo    mergetime: Processed 2229500 values from 2 variables over 91 timesteps [0.06s 31MB].
cdo    replace: Processed 20065500 values from 10 variables over 182 timesteps [0.42s 98MB].
0-90 is done
Number of files to process with CDO: 18
cdo(1) setattribute: Process started
cdo(2) chname: Process started
cdo(3) mergetime: Process started
cdo(3) mergetime: Processed 441000 values from 18 variables over 18 timesteps.
cdo(2) chname: Processed 441000 values from 1 variable over 18 timesteps.
cdo(1) setattribute: Processed 441000 values from 1 variable over 18 timesteps.
cdo    divc: Processed 441000 values from 1 variable over 18 timesteps [0.37s 30MB].
cdo(1) copy: Process started
cdo(1) copy: Processed 2229500 values from 1 variable over 91 timesteps.
cdo    seltimestep: Processed 24500 values from 1 variable over 91 timesteps [0.03s 31MB].
cdo(1) mergetime: Process started
cdo(1) mergetime: Processed 465500 values from 2 variables over 19 timesteps.
cdo    timcumsum: Processed 465500 values from 1 variable over 19 timesteps [0.02s 18MB].
cdo    replace: Processed 4189500 values from 10 variables over 38 timesteps [0.14s 27MB].
90-144 is done
Number of files to process with CDO: 2
cdo(1) setattribute: Process started
cdo(2) chname: Process started
cdo(3) mergetime: Process started
cdo(3) mergetime: Processed 49000 values from 2 variables over 2 timesteps.
cdo(2) chname: Processed 49000 values from 1 variable over 2 timesteps.
cdo(1) setattribute: Processed 49000 values from 1 variable over 2 timesteps.
cdo    divc: Processed 49000 values from 1 variable over 2 timesteps [0.04s 16MB].
cdo(1) copy: Process started
cdo(1) copy: Processed 465500 values from 1 variable over 19 timesteps.
cdo    seltimestep: Processed 24500 values from 1 variable over 19 timesteps [0.01s 16MB].
cdo(1) mergetime: Process started
cdo(1) mergetime: Processed 73500 values from 2 variables over 3 timesteps.
cdo    timcumsum: Processed 73500 values from 1 variable over 3 timesteps [0.01s 15MB].
Sun Oct 24 01:00:00 PM CEST 2021 processed!
Number of files to process with CDO: 90
cdo(1) divc: Process started
cdo(2) setattribute: Process started
cdo(3) chname: Process started
cdo(4) mergetime: Process started
cdo(4) mergetime: Processed 2205000 values from 90 variables over 90 timesteps.
cdo(3) chname: Processed 2205000 values from 1 variable over 90 timesteps.
cdo(2) setattribute: Processed 2205000 values from 1 variable over 90 timesteps.
cdo(1) divc: Processed 2205000 values from 1 variable over 90 timesteps.
cdo    timcumsum: Processed 2205000 values from 1 variable over 90 timesteps [1.64s 73MB].
cdo(1) seltimestep: Process started
cdo(2) shifttime: Process started
cdo(3) copy: Process started
cdo(3) copy: Processed 2205000 values from 1 variable over 90 timesteps.
cdo(2) shifttime: Processed 2205000 values from 1 variable over 90 timesteps.
cdo(1) seltimestep: Processed 24500 values from 1 variable over 2 timesteps.
cdo    mulc: Processed 24500 values from 1 variable over 1 timestep [0.03s 30MB].
cdo    mergetime: Processed 2229500 values from 2 variables over 91 timesteps [0.07s 32MB].
cdo    replace: Processed 20065500 values from 10 variables over 182 timesteps [0.43s 97MB].
0-90 is done
Number of files to process with CDO: 14
cdo(1) setattribute: Process started
cdo(2) chname: Process started
cdo(3) mergetime: Process started
cdo(3) mergetime: Processed 343000 values from 14 variables over 14 timesteps.
cdo(2) chname: Processed 343000 values from 1 variable over 14 timesteps.
cdo(1) setattribute: Processed 343000 values from 1 variable over 14 timesteps.
cdo    divc: Processed 343000 values from 1 variable over 14 timesteps [0.22s 27MB].
cdo(1) copy: Process started
cdo(1) copy: Processed 2229500 values from 1 variable over 91 timesteps.
cdo    seltimestep: Processed 24500 values from 1 variable over 91 timesteps [0.03s 30MB].
cdo(1) mergetime: Process started
cdo(1) mergetime: Processed 367500 values from 2 variables over 15 timesteps.
cdo    timcumsum: Processed 367500 values from 1 variable over 15 timesteps [0.02s 17MB].
90-144 is done
Number of files to process with CDO: 0
cdo(1) copy: Process started
cdo(1) copy: Processed 367500 values from 1 variable over 15 timesteps.
cdo(1) mergetime: Process started
Mon Oct 25 01:00:00 PM CEST 2021 processed!
Number of files to process with CDO: 90
cdo(1) divc: Process started
cdo(2) setattribute: Process started
cdo(3) chname: Process started
cdo(4) mergetime: Process started
cdo(4) mergetime: Processed 2205000 values from 90 variables over 90 timesteps.
cdo(3) chname: Processed 2205000 values from 1 variable over 90 timesteps.
cdo(2) setattribute: Processed 2205000 values from 1 variable over 90 timesteps.
cdo(1) divc: Processed 2205000 values from 1 variable over 90 timesteps.
cdo    timcumsum: Processed 2205000 values from 1 variable over 90 timesteps [2.42s 75MB].
cdo(1) seltimestep: Process started
cdo(2) shifttime: Process started
cdo(3) copy: Process started
cdo(3) copy: Processed 2205000 values from 1 variable over 90 timesteps.
cdo(2) shifttime: Processed 2205000 values from 1 variable over 90 timesteps.
cdo(1) seltimestep: Processed 24500 values from 1 variable over 2 timesteps.
cdo    mulc: Processed 24500 values from 1 variable over 1 timestep [0.04s 30MB].
cdo    mergetime: Processed 2229500 values from 2 variables over 91 timesteps [0.06s 31MB].
cdo    replace: Processed 20065500 values from 10 variables over 182 timesteps [0.43s 96MB].
0-90 is done
Number of files to process with CDO: 6
cdo(1) setattribute: Process started
cdo(2) chname: Process started
cdo(3) mergetime: Process started
cdo(3) mergetime: Processed 147000 values from 6 variables over 6 timesteps.
cdo(2) chname: Processed 147000 values from 1 variable over 6 timesteps.
cdo(1) setattribute: Processed 147000 values from 1 variable over 6 timesteps.
cdo    divc: Processed 147000 values from 1 variable over 6 timesteps [0.10s 20MB].
cdo(1) copy: Process started
cdo(1) copy: Processed 2229500 values from 1 variable over 91 timesteps.
cdo    seltimestep: Processed 24500 values from 1 variable over 91 timesteps [0.04s 30MB].
cdo(1) mergetime: Process started
cdo(1) mergetime: Processed 171500 values from 2 variables over 7 timesteps.
cdo    timcumsum: Processed 171500 values from 1 variable over 7 timesteps [0.02s 16MB].
90-144 is done
Number of files to process with CDO: 0
cdo(1) copy: Process started
cdo(1) copy: Processed 171500 values from 1 variable over 7 timesteps.
cdo(1) mergetime: Process started
Tue Oct 26 01:00:00 PM CEST 2021 processed!
Number of files to process with CDO: 90
cdo(1) divc: Process started
cdo(2) setattribute: Process started
cdo(3) chname: Process started
cdo(4) mergetime: Process started
cdo(4) mergetime: Processed 2205000 values from 90 variables over 90 timesteps.
cdo(3) chname: Processed 2205000 values from 1 variable over 90 timesteps.
cdo(2) setattribute: Processed 2205000 values from 1 variable over 90 timesteps.
cdo(1) divc: Processed 2205000 values from 1 variable over 90 timesteps.
cdo    timcumsum: Processed 2205000 values from 1 variable over 90 timesteps [1.69s 72MB].
cdo(1) seltimestep: Process started
cdo(2) shifttime: Process started
cdo(3) copy: Process started
cdo(3) copy: Processed 2205000 values from 1 variable over 90 timesteps.
cdo(2) shifttime: Processed 2205000 values from 1 variable over 90 timesteps.
cdo(1) seltimestep: Processed 24500 values from 1 variable over 2 timesteps.
cdo    mulc: Processed 24500 values from 1 variable over 1 timestep [0.05s 30MB].
cdo    mergetime: Processed 2229500 values from 2 variables over 91 timesteps [0.07s 32MB].
cdo    replace: Processed 20065500 values from 10 variables over 182 timesteps [0.55s 97MB].
0-90 is done
Number of files to process with CDO: 1
cdo(1) setattribute: Process started
cdo(2) chname: Process started
cdo(3) mergetime: Process started
cdo(3) mergetime: Processed 24500 values from 1 variable over 1 timestep.
cdo(2) chname: Processed 24500 values from 1 variable over 1 timestep.
cdo(1) setattribute: Processed 24500 values from 1 variable over 1 timestep.
cdo    divc: Processed 24500 values from 1 variable over 1 timestep [0.04s 15MB].
cdo(1) copy: Process started
cdo(1) copy: Processed 2229500 values from 1 variable over 91 timesteps.
cdo    seltimestep: Processed 24500 values from 1 variable over 91 timesteps [0.03s 30MB].
cdo(1) mergetime: Process started
cdo(1) mergetime: Processed 49000 values from 2 variables over 2 timesteps.
cdo    timcumsum: Processed 49000 values from 1 variable over 2 timesteps [0.01s 15MB].
90-144 is done
Number of files to process with CDO: 0
cdo(1) copy: Process started
cdo(1) copy: Processed 49000 values from 1 variable over 2 timesteps.
cdo(1) mergetime: Process started
Wed Oct 27 01:00:00 PM CEST 2021 processed!
Number of files to process with CDO: 90
cdo(1) divc: Process started
cdo(2) setattribute: Process started
cdo(3) chname: Process started
cdo(4) mergetime: Process started
cdo(4) mergetime: Processed 2205000 values from 90 variables over 90 timesteps.
cdo(3) chname: Processed 2205000 values from 1 variable over 90 timesteps.
cdo(2) setattribute: Processed 2205000 values from 1 variable over 90 timesteps.
cdo(1) divc: Processed 2205000 values from 1 variable over 90 timesteps.
cdo    timcumsum: Processed 2205000 values from 1 variable over 90 timesteps [1.64s 74MB].
cdo(1) seltimestep: Process started
cdo(2) shifttime: Process started
cdo(3) copy: Process started
cdo(3) copy: Processed 2205000 values from 1 variable over 90 timesteps.
cdo(2) shifttime: Processed 2205000 values from 1 variable over 90 timesteps.
cdo(1) seltimestep: Processed 24500 values from 1 variable over 2 timesteps.
cdo    mulc: Processed 24500 values from 1 variable over 1 timestep [0.03s 29MB].
cdo    mergetime: Processed 2229500 values from 2 variables over 91 timesteps [0.06s 31MB].
cdo    replace: Processed 20065500 values from 10 variables over 182 timesteps [0.47s 96MB].
0-90 is done
Number of files to process with CDO: 1
cdo(1) setattribute: Process started
cdo(2) chname: Process started
cdo(3) mergetime: Process started
cdo(3) mergetime: Processed 24500 values from 1 variable over 1 timestep.
cdo(2) chname: Processed 24500 values from 1 variable over 1 timestep.
cdo(1) setattribute: Processed 24500 values from 1 variable over 1 timestep.
cdo    divc: Processed 24500 values from 1 variable over 1 timestep [0.03s 15MB].
cdo(1) copy: Process started
cdo(1) copy: Processed 2229500 values from 1 variable over 91 timesteps.
cdo    seltimestep: Processed 24500 values from 1 variable over 91 timesteps [0.03s 30MB].
cdo(1) mergetime: Process started
cdo(1) mergetime: Processed 49000 values from 2 variables over 2 timesteps.
cdo    timcumsum: Processed 49000 values from 1 variable over 2 timesteps [0.01s 15MB].
90-144 is done
Number of files to process with CDO: 0
cdo(1) copy: Process started
cdo(1) copy: Processed 49000 values from 1 variable over 2 timesteps.
cdo(1) mergetime: Process started
Thu Oct 28 01:00:00 PM CEST 2021 processed!
Number of files to process with CDO: 90
cdo(1) divc: Process started
cdo(2) setattribute: Process started
cdo(3) chname: Process started
cdo(4) mergetime: Process started
cdo(4) mergetime: Processed 2205000 values from 90 variables over 90 timesteps.
cdo(3) chname: Processed 2205000 values from 1 variable over 90 timesteps.
cdo(2) setattribute: Processed 2205000 values from 1 variable over 90 timesteps.
cdo(1) divc: Processed 2205000 values from 1 variable over 90 timesteps.
cdo    timcumsum: Processed 2205000 values from 1 variable over 90 timesteps [1.54s 72MB].
cdo(1) seltimestep: Process started
cdo(2) shifttime: Process started
cdo(3) copy: Process started
cdo(3) copy: Processed 2205000 values from 1 variable over 90 timesteps.
cdo(2) shifttime: Processed 2205000 values from 1 variable over 90 timesteps.
cdo(1) seltimestep: Processed 24500 values from 1 variable over 2 timesteps.
cdo    mulc: Processed 24500 values from 1 variable over 1 timestep [0.04s 29MB].
cdo    mergetime: Processed 2229500 values from 2 variables over 91 timesteps [0.06s 32MB].
cdo    replace: Processed 20065500 values from 10 variables over 182 timesteps [0.43s 97MB].
0-90 is done
Number of files to process with CDO: 1
cdo(1) setattribute: Process started
cdo(2) chname: Process started
cdo(3) mergetime: Process started
cdo(3) mergetime: Processed 24500 values from 1 variable over 1 timestep.
cdo(2) chname: Processed 24500 values from 1 variable over 1 timestep.
cdo(1) setattribute: Processed 24500 values from 1 variable over 1 timestep.
cdo    divc: Processed 24500 values from 1 variable over 1 timestep [0.12s 15MB].
cdo(1) copy: Process started
cdo(1) copy: Processed 2229500 values from 1 variable over 91 timesteps.
cdo    seltimestep: Processed 24500 values from 1 variable over 91 timesteps [0.03s 30MB].
cdo(1) mergetime: Process started
cdo(1) mergetime: Processed 49000 values from 2 variables over 2 timesteps.
cdo    timcumsum: Processed 49000 values from 1 variable over 2 timesteps [0.01s 15MB].
90-144 is done
Number of files to process with CDO: 0
cdo(1) copy: Process started
cdo(1) copy: Processed 49000 values from 1 variable over 2 timesteps.
cdo(1) mergetime: Process started
Fri Oct 29 01:00:00 PM CEST 2021 processed!
Number of files to process with CDO: 90
cdo(1) divc: Process started
cdo(2) setattribute: Process started
cdo(3) chname: Process started
cdo(4) mergetime: Process started
cdo(4) mergetime: Processed 2205000 values from 90 variables over 90 timesteps.
cdo(3) chname: Processed 2205000 values from 1 variable over 90 timesteps.
cdo(2) setattribute: Processed 2205000 values from 1 variable over 90 timesteps.
cdo(1) divc: Processed 2205000 values from 1 variable over 90 timesteps.
cdo    timcumsum: Processed 2205000 values from 1 variable over 90 timesteps [1.81s 75MB].
cdo(1) seltimestep: Process started
cdo(2) shifttime: Process started
cdo(3) copy: Process started
cdo(3) copy: Processed 2205000 values from 1 variable over 90 timesteps.
cdo(2) shifttime: Processed 2205000 values from 1 variable over 90 timesteps.
cdo(1) seltimestep: Processed 24500 values from 1 variable over 2 timesteps.
cdo    mulc: Processed 24500 values from 1 variable over 1 timestep [0.04s 30MB].
cdo    mergetime: Processed 2229500 values from 2 variables over 91 timesteps [0.06s 32MB].
cdo    replace: Processed 20065500 values from 10 variables over 182 timesteps [0.46s 97MB].
0-90 is done
Number of files to process with CDO: 1
cdo(1) setattribute: Process started
cdo(2) chname: Process started
cdo(3) mergetime: Process started
cdo(3) mergetime: Processed 24500 values from 1 variable over 1 timestep.
cdo(2) chname: Processed 24500 values from 1 variable over 1 timestep.
cdo(1) setattribute: Processed 24500 values from 1 variable over 1 timestep.
cdo    divc: Processed 24500 values from 1 variable over 1 timestep [0.05s 15MB].
cdo(1) copy: Process started
cdo(1) copy: Processed 2229500 values from 1 variable over 91 timesteps.
cdo    seltimestep: Processed 24500 values from 1 variable over 91 timesteps [0.03s 30MB].
cdo(1) mergetime: Process started
cdo(1) mergetime: Processed 49000 values from 2 variables over 2 timesteps.
cdo    timcumsum: Processed 49000 values from 1 variable over 2 timesteps [0.01s 15MB].
90-144 is done
Number of files to process with CDO: 0
cdo(1) copy: Process started
cdo(1) copy: Processed 49000 values from 1 variable over 2 timesteps.
cdo(1) mergetime: Process started
Sat Oct 30 01:00:00 PM CEST 2021 processed!
Number of files to process with CDO: 90
cdo(1) divc: Process started
cdo(2) setattribute: Process started
cdo(3) chname: Process started
cdo(4) mergetime: Process started
cdo(4) mergetime: Processed 2205000 values from 90 variables over 90 timesteps.
cdo(3) chname: Processed 2205000 values from 1 variable over 90 timesteps.
cdo(2) setattribute: Processed 2205000 values from 1 variable over 90 timesteps.
cdo(1) divc: Processed 2205000 values from 1 variable over 90 timesteps.
cdo    timcumsum: Processed 2205000 values from 1 variable over 90 timesteps [1.53s 73MB].
cdo(1) seltimestep: Process started
cdo(2) shifttime: Process started
cdo(3) copy: Process started
cdo(3) copy: Processed 2205000 values from 1 variable over 90 timesteps.
cdo(2) shifttime: Processed 2205000 values from 1 variable over 90 timesteps.
cdo(1) seltimestep: Processed 24500 values from 1 variable over 2 timesteps.
cdo    mulc: Processed 24500 values from 1 variable over 1 timestep [0.04s 30MB].
cdo    mergetime: Processed 2229500 values from 2 variables over 91 timesteps [0.06s 32MB].
cdo    replace: Processed 20065500 values from 10 variables over 182 timesteps [0.43s 98MB].
0-90 is done
Number of files to process with CDO: 1
cdo(1) setattribute: Process started
cdo(2) chname: Process started
cdo(3) mergetime: Process started
cdo(3) mergetime: Processed 24500 values from 1 variable over 1 timestep.
cdo(2) chname: Processed 24500 values from 1 variable over 1 timestep.
cdo(1) setattribute: Processed 24500 values from 1 variable over 1 timestep.
cdo    divc: Processed 24500 values from 1 variable over 1 timestep [0.03s 15MB].
cdo(1) copy: Process started
cdo(1) copy: Processed 2229500 values from 1 variable over 91 timesteps.
cdo    seltimestep: Processed 24500 values from 1 variable over 91 timesteps [0.03s 30MB].
cdo(1) mergetime: Process started
cdo(1) mergetime: Processed 49000 values from 2 variables over 2 timesteps.
cdo    timcumsum: Processed 49000 values from 1 variable over 2 timesteps [0.01s 15MB].
90-144 is done
Number of files to process with CDO: 0
cdo(1) copy: Process started
cdo(1) copy: Processed 49000 values from 1 variable over 2 timesteps.
Sun Oct 31 12:00:00 PM CET 2021 processed!
Number of files to process with CDO: 90
cdo(1) divc: Process started
cdo(2) setattribute: Process started
cdo(3) chname: Process started
cdo(4) mergetime: Process started
cdo(4) mergetime: Processed 2205000 values from 90 variables over 90 timesteps.
cdo(3) chname: Processed 2205000 values from 1 variable over 90 timesteps.
cdo(2) setattribute: Processed 2205000 values from 1 variable over 90 timesteps.
cdo(1) divc: Processed 2205000 values from 1 variable over 90 timesteps.
cdo    timcumsum: Processed 2205000 values from 1 variable over 90 timesteps [1.39s 73MB].
cdo(1) seltimestep: Process started
cdo(2) shifttime: Process started
cdo(3) copy: Process started
cdo(3) copy: Processed 2205000 values from 1 variable over 90 timesteps.
cdo(2) shifttime: Processed 2205000 values from 1 variable over 90 timesteps.
cdo(1) seltimestep: Processed 24500 values from 1 variable over 2 timesteps.
cdo    mulc: Processed 24500 values from 1 variable over 1 timestep [0.04s 30MB].
cdo    mergetime: Processed 2229500 values from 2 variables over 91 timesteps [0.09s 30MB].
cdo    replace: Processed 20065500 values from 10 variables over 182 timesteps [0.44s 97MB].
0-90 is done
Number of files to process with CDO: 1
cdo(1) setattribute: Process started
cdo(2) chname: Process started
cdo(3) mergetime: Process started
cdo(3) mergetime: Processed 24500 values from 1 variable over 1 timestep.
cdo(2) chname: Processed 24500 values from 1 variable over 1 timestep.
cdo(1) setattribute: Processed 24500 values from 1 variable over 1 timestep.
cdo    divc: Processed 24500 values from 1 variable over 1 timestep [0.03s 15MB].
cdo(1) copy: Process started
cdo(1) copy: Processed 2229500 values from 1 variable over 91 timesteps.
cdo    seltimestep: Processed 24500 values from 1 variable over 91 timesteps [0.03s 30MB].
cdo(1) mergetime: Process started
cdo(1) mergetime: Processed 49000 values from 2 variables over 2 timesteps.
cdo    timcumsum: Processed 49000 values from 1 variable over 2 timesteps [0.01s 15MB].
90-144 is done
Number of files to process with CDO: 0
cdo(1) copy: Process started
cdo(1) copy: Processed 49000 values from 1 variable over 2 timesteps.
cdo    replace: Processed 3748500 values from 10 variables over 34 timesteps [0.17s 25MB].
Mon Nov 1 12:00:00 PM CET 2021 processed!
