mkdir: cannot create directory ‘/p/project1/deepacf’: Permission denied
mkdir: cannot create directory ‘/p/project1/deepacf’: Permission denied
ls: cannot access '/p/scratch/cesmtst/patakchiyousefi1/FORECASTLEAD_CESMTST_SCRATCH/HRES_DUMP3/*day*10*2020032907*': No such file or directory
ls: cannot access '/p/scratch/cesmtst/patakchiyousefi1/FORECASTLEAD_CESMTST_SCRATCH/HRES_DUMP3/*day*10*2020032913*': No such file or directory
cdo    seltimestep (Warning): Timesteps 16-17 not found!

cdo    replace (Abort): Input streams have different number of timesteps!
ls: cannot access '/p/scratch/cesmtst/patakchiyousefi1/FORECASTLEAD_CESMTST_SCRATCH/HRES_DUMP3/*day*09*2020032907*': No such file or directory
ls: cannot access '/p/scratch/cesmtst/patakchiyousefi1/FORECASTLEAD_CESMTST_SCRATCH/HRES_DUMP3/*day*09*2020032913*': No such file or directory
ls: cannot access '/p/scratch/cesmtst/patakchiyousefi1/FORECASTLEAD_CESMTST_SCRATCH/HRES_DUMP3/*day*10*2020032919*': No such file or directory
ls: cannot access '/p/scratch/cesmtst/patakchiyousefi1/FORECASTLEAD_CESMTST_SCRATCH/HRES_DUMP3/*day*10*2020033001*': No such file or directory
ls: cannot access '/p/scratch/cesmtst/patakchiyousefi1/FORECASTLEAD_CESMTST_SCRATCH/HRES_DUMP3/*day*10*2020033007*': No such file or directory
ls: cannot access '/p/scratch/cesmtst/patakchiyousefi1/FORECASTLEAD_CESMTST_SCRATCH/HRES_DUMP3/*day*10*2020033013*': No such file or directory
cdo    seltimestep (Warning): Timesteps 12-17 not found!

cdo    replace (Abort): Input streams have different number of timesteps!
ls: cannot access '/p/scratch/cesmtst/patakchiyousefi1/FORECASTLEAD_CESMTST_SCRATCH/HRES_DUMP3/*day*08*2020032907*': No such file or directory
ls: cannot access '/p/scratch/cesmtst/patakchiyousefi1/FORECASTLEAD_CESMTST_SCRATCH/HRES_DUMP3/*day*08*2020032913*': No such file or directory
ls: cannot access '/p/scratch/cesmtst/patakchiyousefi1/FORECASTLEAD_CESMTST_SCRATCH/HRES_DUMP3/*day*09*2020032919*': No such file or directory
ls: cannot access '/p/scratch/cesmtst/patakchiyousefi1/FORECASTLEAD_CESMTST_SCRATCH/HRES_DUMP3/*day*09*2020033001*': No such file or directory
ls: cannot access '/p/scratch/cesmtst/patakchiyousefi1/FORECASTLEAD_CESMTST_SCRATCH/HRES_DUMP3/*day*09*2020033007*': No such file or directory
ls: cannot access '/p/scratch/cesmtst/patakchiyousefi1/FORECASTLEAD_CESMTST_SCRATCH/HRES_DUMP3/*day*09*2020033013*': No such file or directory
ls: cannot access '/p/scratch/cesmtst/patakchiyousefi1/FORECASTLEAD_CESMTST_SCRATCH/HRES_DUMP3/*day*10*2020033019*': No such file or directory
ls: cannot access '/p/scratch/cesmtst/patakchiyousefi1/FORECASTLEAD_CESMTST_SCRATCH/HRES_DUMP3/*day*10*2020033101*': No such file or directory
ls: cannot access '/p/scratch/cesmtst/patakchiyousefi1/FORECASTLEAD_CESMTST_SCRATCH/HRES_DUMP3/*day*10*2020033107*': No such file or directory
ls: cannot access '/p/scratch/cesmtst/patakchiyousefi1/FORECASTLEAD_CESMTST_SCRATCH/HRES_DUMP3/*day*10*2020033113*': No such file or directory
cdo    seltimestep (Warning): Timesteps 8-17 not found!

cdo    replace (Abort): Input streams have different number of timesteps!
ls: cannot access '/p/scratch/cesmtst/patakchiyousefi1/FORECASTLEAD_CESMTST_SCRATCH/HRES_DUMP3/*day*07*2020032907*': No such file or directory
ls: cannot access '/p/scratch/cesmtst/patakchiyousefi1/FORECASTLEAD_CESMTST_SCRATCH/HRES_DUMP3/*day*07*2020032913*': No such file or directory
ls: cannot access '/p/scratch/cesmtst/patakchiyousefi1/FORECASTLEAD_CESMTST_SCRATCH/HRES_DUMP3/*day*08*2020032919*': No such file or directory
ls: cannot access '/p/scratch/cesmtst/patakchiyousefi1/FORECASTLEAD_CESMTST_SCRATCH/HRES_DUMP3/*day*08*2020033001*': No such file or directory
ls: cannot access '/p/scratch/cesmtst/patakchiyousefi1/FORECASTLEAD_CESMTST_SCRATCH/HRES_DUMP3/*day*08*2020033007*': No such file or directory
ls: cannot access '/p/scratch/cesmtst/patakchiyousefi1/FORECASTLEAD_CESMTST_SCRATCH/HRES_DUMP3/*day*08*2020033013*': No such file or directory
ls: cannot access '/p/scratch/cesmtst/patakchiyousefi1/FORECASTLEAD_CESMTST_SCRATCH/HRES_DUMP3/*day*09*2020033019*': No such file or directory
ls: cannot access '/p/scratch/cesmtst/patakchiyousefi1/FORECASTLEAD_CESMTST_SCRATCH/HRES_DUMP3/*day*09*2020033101*': No such file or directory
ls: cannot access '/p/scratch/cesmtst/patakchiyousefi1/FORECASTLEAD_CESMTST_SCRATCH/HRES_DUMP3/*day*09*2020033107*': No such file or directory
ls: cannot access '/p/scratch/cesmtst/patakchiyousefi1/FORECASTLEAD_CESMTST_SCRATCH/HRES_DUMP3/*day*09*2020033113*': No such file or directory
ls: cannot access '/p/scratch/cesmtst/patakchiyousefi1/FORECASTLEAD_CESMTST_SCRATCH/HRES_DUMP3/*day*10*2020033119*': No such file or directory
ls: cannot access '/p/scratch/cesmtst/patakchiyousefi1/FORECASTLEAD_CESMTST_SCRATCH/HRES_DUMP3/*day*10*2020040101*': No such file or directory
ls: cannot access '/p/scratch/cesmtst/patakchiyousefi1/FORECASTLEAD_CESMTST_SCRATCH/HRES_DUMP3/*day*10*2020040107*': No such file or directory
ls: cannot access '/p/scratch/cesmtst/patakchiyousefi1/FORECASTLEAD_CESMTST_SCRATCH/HRES_DUMP3/*day*10*2020040113*': No such file or directory
cdo    seltimestep (Warning): Timesteps 4-17 not found!

cdo    replace (Abort): Input streams have different number of timesteps!
ls: cannot access '/p/scratch/cesmtst/patakchiyousefi1/FORECASTLEAD_CESMTST_SCRATCH/HRES_DUMP3/*day*06*2020032904*': No such file or directory
ls: cannot access '/p/scratch/cesmtst/patakchiyousefi1/FORECASTLEAD_CESMTST_SCRATCH/HRES_DUMP3/*day*06*2020032907*': No such file or directory
ls: cannot access '/p/scratch/cesmtst/patakchiyousefi1/FORECASTLEAD_CESMTST_SCRATCH/HRES_DUMP3/*day*06*2020032910*': No such file or directory
ls: cannot access '/p/scratch/cesmtst/patakchiyousefi1/FORECASTLEAD_CESMTST_SCRATCH/HRES_DUMP3/*day*06*2020032913*': No such file or directory
cdo    seltimestep (Warning): Timesteps 16-19 not found!

cdo    replace (Abort): Input streams have different number of timesteps!
ls: cannot access '/p/scratch/cesmtst/patakchiyousefi1/FORECASTLEAD_CESMTST_SCRATCH/HRES_DUMP3/*day*06*2020032913*': No such file or directory
ls: cannot access '/p/scratch/cesmtst/patakchiyousefi1/FORECASTLEAD_CESMTST_SCRATCH/HRES_DUMP3/*day*07*2020032919*': No such file or directory
ls: cannot access '/p/scratch/cesmtst/patakchiyousefi1/FORECASTLEAD_CESMTST_SCRATCH/HRES_DUMP3/*day*07*2020033001*': No such file or directory
ls: cannot access '/p/scratch/cesmtst/patakchiyousefi1/FORECASTLEAD_CESMTST_SCRATCH/HRES_DUMP3/*day*07*2020033007*': No such file or directory
ls: cannot access '/p/scratch/cesmtst/patakchiyousefi1/FORECASTLEAD_CESMTST_SCRATCH/HRES_DUMP3/*day*07*2020033013*': No such file or directory
ls: cannot access '/p/scratch/cesmtst/patakchiyousefi1/FORECASTLEAD_CESMTST_SCRATCH/HRES_DUMP3/*day*08*2020033019*': No such file or directory
ls: cannot access '/p/scratch/cesmtst/patakchiyousefi1/FORECASTLEAD_CESMTST_SCRATCH/HRES_DUMP3/*day*08*2020033101*': No such file or directory
ls: cannot access '/p/scratch/cesmtst/patakchiyousefi1/FORECASTLEAD_CESMTST_SCRATCH/HRES_DUMP3/*day*08*2020033107*': No such file or directory
ls: cannot access '/p/scratch/cesmtst/patakchiyousefi1/FORECASTLEAD_CESMTST_SCRATCH/HRES_DUMP3/*day*08*2020033113*': No such file or directory
ls: cannot access '/p/scratch/cesmtst/patakchiyousefi1/FORECASTLEAD_CESMTST_SCRATCH/HRES_DUMP3/*day*09*2020033119*': No such file or directory
ls: cannot access '/p/scratch/cesmtst/patakchiyousefi1/FORECASTLEAD_CESMTST_SCRATCH/HRES_DUMP3/*day*09*2020040101*': No such file or directory
ls: cannot access '/p/scratch/cesmtst/patakchiyousefi1/FORECASTLEAD_CESMTST_SCRATCH/HRES_DUMP3/*day*09*2020040107*': No such file or directory
ls: cannot access '/p/scratch/cesmtst/patakchiyousefi1/FORECASTLEAD_CESMTST_SCRATCH/HRES_DUMP3/*day*09*2020040113*': No such file or directory
ls: cannot access '/p/scratch/cesmtst/patakchiyousefi1/FORECASTLEAD_CESMTST_SCRATCH/HRES_DUMP3/*day*10*2020040119*': No such file or directory
ls: cannot access '/p/scratch/cesmtst/patakchiyousefi1/FORECASTLEAD_CESMTST_SCRATCH/HRES_DUMP3/*day*10*2020040201*': No such file or directory
ls: cannot access '/p/scratch/cesmtst/patakchiyousefi1/FORECASTLEAD_CESMTST_SCRATCH/HRES_DUMP3/*day*10*2020040207*': No such file or directory
ls: cannot access '/p/scratch/cesmtst/patakchiyousefi1/FORECASTLEAD_CESMTST_SCRATCH/HRES_DUMP3/*day*10*2020040213*': No such file or directory

cdo (Abort): Input streams missing!
cdo    seltimestep (Warning): Timestep 19 not found!

cdo    seltimestep (Abort): No timesteps selected!
cdo(1) mergetime: Open failed on >/p/scratch/cesmtst/patakchiyousefi1/FORECASTLEAD_CESMTST_SCRATCH/HRES_DUMP4/ADAPTER_DE05_20200323.12.144-240-prev.nc<
                  No such file or directory
cdo    replace: Open failed on >/p/scratch/cesmtst/patakchiyousefi1/FORECASTLEAD_CESMTST_SCRATCH/HRES_DUMP5/ADAPTER_DE05_20200323.12.144-240-6.boundary_1.tp.nc<
                No such file or directory
ncatted: ERROR file /p/scratch/cesmtst/patakchiyousefi1/FORECASTLEAD_CESMTST_SCRATCH/HRES_POST/ADAPTER_DE05_20200323.12.144-240-6.boundary_1.nc not found. It does not exist on the local filesystem, nor does it match remote filename patterns (e.g., http://foo or foo.bar.edu:file).
ncatted: HINT file-not-found errors usually arise from filename typos, incorrect paths, missing files, or capricious gods. Please verify spelling and location of requested file. If the file resides on a High Performance Storage System (HPSS) accessible via the 'hsi' command, then add the --hpss option and re-try command.
rm: cannot remove '/p/scratch/cesmtst/patakchiyousefi1/FORECASTLEAD_CESMTST_SCRATCH/HRES_DUMP4/ADAPTER_DE05_20200323.13.144-240-6.boundary_1.tp.nc': No such file or directory
rm: cannot remove '/p/scratch/cesmtst/patakchiyousefi1/FORECASTLEAD_CESMTST_SCRATCH/HRES_DUMP4/ADAPTER_DE05_20200323.12.144-240-prev.nc': No such file or directory
ls: cannot access '/p/scratch/cesmtst/patakchiyousefi1/FORECASTLEAD_CESMTST_SCRATCH/HRES_DUMP3/*day*05*2020032904*': No such file or directory
ls: cannot access '/p/scratch/cesmtst/patakchiyousefi1/FORECASTLEAD_CESMTST_SCRATCH/HRES_DUMP3/*day*05*2020032907*': No such file or directory
ls: cannot access '/p/scratch/cesmtst/patakchiyousefi1/FORECASTLEAD_CESMTST_SCRATCH/HRES_DUMP3/*day*05*2020032910*': No such file or directory
ls: cannot access '/p/scratch/cesmtst/patakchiyousefi1/FORECASTLEAD_CESMTST_SCRATCH/HRES_DUMP3/*day*05*2020032913*': No such file or directory
ls: cannot access '/p/scratch/cesmtst/patakchiyousefi1/FORECASTLEAD_CESMTST_SCRATCH/HRES_DUMP3/*day*06*2020032916*': No such file or directory
ls: cannot access '/p/scratch/cesmtst/patakchiyousefi1/FORECASTLEAD_CESMTST_SCRATCH/HRES_DUMP3/*day*06*2020032919*': No such file or directory
ls: cannot access '/p/scratch/cesmtst/patakchiyousefi1/FORECASTLEAD_CESMTST_SCRATCH/HRES_DUMP3/*day*06*2020032922*': No such file or directory
ls: cannot access '/p/scratch/cesmtst/patakchiyousefi1/FORECASTLEAD_CESMTST_SCRATCH/HRES_DUMP3/*day*06*2020033001*': No such file or directory
ls: cannot access '/p/scratch/cesmtst/patakchiyousefi1/FORECASTLEAD_CESMTST_SCRATCH/HRES_DUMP3/*day*06*2020033004*': No such file or directory
ls: cannot access '/p/scratch/cesmtst/patakchiyousefi1/FORECASTLEAD_CESMTST_SCRATCH/HRES_DUMP3/*day*06*2020033007*': No such file or directory
ls: cannot access '/p/scratch/cesmtst/patakchiyousefi1/FORECASTLEAD_CESMTST_SCRATCH/HRES_DUMP3/*day*06*2020033010*': No such file or directory
ls: cannot access '/p/scratch/cesmtst/patakchiyousefi1/FORECASTLEAD_CESMTST_SCRATCH/HRES_DUMP3/*day*06*2020033013*': No such file or directory
cdo    seltimestep (Warning): Timesteps 8-19 not found!

cdo    replace (Abort): Input streams have different number of timesteps!
ls: cannot access '/p/scratch/cesmtst/patakchiyousefi1/FORECASTLEAD_CESMTST_SCRATCH/HRES_DUMP3/*day*06*2020033013*': No such file or directory
ls: cannot access '/p/scratch/cesmtst/patakchiyousefi1/FORECASTLEAD_CESMTST_SCRATCH/HRES_DUMP3/*day*07*2020033019*': No such file or directory
ls: cannot access '/p/scratch/cesmtst/patakchiyousefi1/FORECASTLEAD_CESMTST_SCRATCH/HRES_DUMP3/*day*07*2020033101*': No such file or directory
ls: cannot access '/p/scratch/cesmtst/patakchiyousefi1/FORECASTLEAD_CESMTST_SCRATCH/HRES_DUMP3/*day*07*2020033107*': No such file or directory
ls: cannot access '/p/scratch/cesmtst/patakchiyousefi1/FORECASTLEAD_CESMTST_SCRATCH/HRES_DUMP3/*day*07*2020033113*': No such file or directory
ls: cannot access '/p/scratch/cesmtst/patakchiyousefi1/FORECASTLEAD_CESMTST_SCRATCH/HRES_DUMP3/*day*08*2020033119*': No such file or directory
ls: cannot access '/p/scratch/cesmtst/patakchiyousefi1/FORECASTLEAD_CESMTST_SCRATCH/HRES_DUMP3/*day*08*2020040101*': No such file or directory
ls: cannot access '/p/scratch/cesmtst/patakchiyousefi1/FORECASTLEAD_CESMTST_SCRATCH/HRES_DUMP3/*day*08*2020040107*': No such file or directory
ls: cannot access '/p/scratch/cesmtst/patakchiyousefi1/FORECASTLEAD_CESMTST_SCRATCH/HRES_DUMP3/*day*08*2020040113*': No such file or directory
ls: cannot access '/p/scratch/cesmtst/patakchiyousefi1/FORECASTLEAD_CESMTST_SCRATCH/HRES_DUMP3/*day*09*2020040119*': No such file or directory
ls: cannot access '/p/scratch/cesmtst/patakchiyousefi1/FORECASTLEAD_CESMTST_SCRATCH/HRES_DUMP3/*day*09*2020040201*': No such file or directory
ls: cannot access '/p/scratch/cesmtst/patakchiyousefi1/FORECASTLEAD_CESMTST_SCRATCH/HRES_DUMP3/*day*09*2020040207*': No such file or directory
ls: cannot access '/p/scratch/cesmtst/patakchiyousefi1/FORECASTLEAD_CESMTST_SCRATCH/HRES_DUMP3/*day*09*2020040213*': No such file or directory
ls: cannot access '/p/scratch/cesmtst/patakchiyousefi1/FORECASTLEAD_CESMTST_SCRATCH/HRES_DUMP3/*day*10*2020040219*': No such file or directory
ls: cannot access '/p/scratch/cesmtst/patakchiyousefi1/FORECASTLEAD_CESMTST_SCRATCH/HRES_DUMP3/*day*10*2020040301*': No such file or directory
ls: cannot access '/p/scratch/cesmtst/patakchiyousefi1/FORECASTLEAD_CESMTST_SCRATCH/HRES_DUMP3/*day*10*2020040307*': No such file or directory
ls: cannot access '/p/scratch/cesmtst/patakchiyousefi1/FORECASTLEAD_CESMTST_SCRATCH/HRES_DUMP3/*day*10*2020040313*': No such file or directory

cdo (Abort): Input streams missing!
cdo    seltimestep (Warning): Timestep 19 not found!

cdo    seltimestep (Abort): No timesteps selected!
cdo(1) mergetime: Open failed on >/p/scratch/cesmtst/patakchiyousefi1/FORECASTLEAD_CESMTST_SCRATCH/HRES_DUMP4/ADAPTER_DE05_20200324.12.144-240-prev.nc<
                  No such file or directory
cdo    replace: Open failed on >/p/scratch/cesmtst/patakchiyousefi1/FORECASTLEAD_CESMTST_SCRATCH/HRES_DUMP5/ADAPTER_DE05_20200324.12.144-240-6.boundary_1.tp.nc<
                No such file or directory
ncatted: ERROR file /p/scratch/cesmtst/patakchiyousefi1/FORECASTLEAD_CESMTST_SCRATCH/HRES_POST/ADAPTER_DE05_20200324.12.144-240-6.boundary_1.nc not found. It does not exist on the local filesystem, nor does it match remote filename patterns (e.g., http://foo or foo.bar.edu:file).
ncatted: HINT file-not-found errors usually arise from filename typos, incorrect paths, missing files, or capricious gods. Please verify spelling and location of requested file. If the file resides on a High Performance Storage System (HPSS) accessible via the 'hsi' command, then add the --hpss option and re-try command.
rm: cannot remove '/p/scratch/cesmtst/patakchiyousefi1/FORECASTLEAD_CESMTST_SCRATCH/HRES_DUMP4/ADAPTER_DE05_20200324.13.144-240-6.boundary_1.tp.nc': No such file or directory
rm: cannot remove '/p/scratch/cesmtst/patakchiyousefi1/FORECASTLEAD_CESMTST_SCRATCH/HRES_DUMP4/ADAPTER_DE05_20200324.12.144-240-prev.nc': No such file or directory
ls: cannot access '/p/scratch/cesmtst/patakchiyousefi1/FORECASTLEAD_CESMTST_SCRATCH/HRES_DUMP3/*day*04*2020032907*': No such file or directory

cdo    replace (Abort): Input streams have different number of timesteps!
ls: cannot access '/p/scratch/cesmtst/patakchiyousefi1/FORECASTLEAD_CESMTST_SCRATCH/HRES_DUMP3/*day*04*2020032907*': No such file or directory
ls: cannot access '/p/scratch/cesmtst/patakchiyousefi1/FORECASTLEAD_CESMTST_SCRATCH/HRES_DUMP3/*day*04*2020032910*': No such file or directory
ls: cannot access '/p/scratch/cesmtst/patakchiyousefi1/FORECASTLEAD_CESMTST_SCRATCH/HRES_DUMP3/*day*05*2020032916*': No such file or directory
ls: cannot access '/p/scratch/cesmtst/patakchiyousefi1/FORECASTLEAD_CESMTST_SCRATCH/HRES_DUMP3/*day*05*2020032919*': No such file or directory
ls: cannot access '/p/scratch/cesmtst/patakchiyousefi1/FORECASTLEAD_CESMTST_SCRATCH/HRES_DUMP3/*day*05*2020032922*': No such file or directory
ls: cannot access '/p/scratch/cesmtst/patakchiyousefi1/FORECASTLEAD_CESMTST_SCRATCH/HRES_DUMP3/*day*05*2020033001*': No such file or directory
ls: cannot access '/p/scratch/cesmtst/patakchiyousefi1/FORECASTLEAD_CESMTST_SCRATCH/HRES_DUMP3/*day*05*2020033004*': No such file or directory
ls: cannot access '/p/scratch/cesmtst/patakchiyousefi1/FORECASTLEAD_CESMTST_SCRATCH/HRES_DUMP3/*day*05*2020033007*': No such file or directory
ls: cannot access '/p/scratch/cesmtst/patakchiyousefi1/FORECASTLEAD_CESMTST_SCRATCH/HRES_DUMP3/*day*05*2020033010*': No such file or directory
ls: cannot access '/p/scratch/cesmtst/patakchiyousefi1/FORECASTLEAD_CESMTST_SCRATCH/HRES_DUMP3/*day*05*2020033013*': No such file or directory
ls: cannot access '/p/scratch/cesmtst/patakchiyousefi1/FORECASTLEAD_CESMTST_SCRATCH/HRES_DUMP3/*day*06*2020033016*': No such file or directory
ls: cannot access '/p/scratch/cesmtst/patakchiyousefi1/FORECASTLEAD_CESMTST_SCRATCH/HRES_DUMP3/*day*06*2020033019*': No such file or directory
ls: cannot access '/p/scratch/cesmtst/patakchiyousefi1/FORECASTLEAD_CESMTST_SCRATCH/HRES_DUMP3/*day*06*2020033022*': No such file or directory
ls: cannot access '/p/scratch/cesmtst/patakchiyousefi1/FORECASTLEAD_CESMTST_SCRATCH/HRES_DUMP3/*day*06*2020033101*': No such file or directory
ls: cannot access '/p/scratch/cesmtst/patakchiyousefi1/FORECASTLEAD_CESMTST_SCRATCH/HRES_DUMP3/*day*06*2020033104*': No such file or directory
ls: cannot access '/p/scratch/cesmtst/patakchiyousefi1/FORECASTLEAD_CESMTST_SCRATCH/HRES_DUMP3/*day*06*2020033107*': No such file or directory
ls: cannot access '/p/scratch/cesmtst/patakchiyousefi1/FORECASTLEAD_CESMTST_SCRATCH/HRES_DUMP3/*day*06*2020033110*': No such file or directory
ls: cannot access '/p/scratch/cesmtst/patakchiyousefi1/FORECASTLEAD_CESMTST_SCRATCH/HRES_DUMP3/*day*06*2020033113*': No such file or directory
cdo    seltimestep (Warning): Timesteps 2-19 not found!

cdo    seltimestep (Abort): No timesteps selected!
cdo    seltimestep (Warning): Timestep 91 not found!

cdo    seltimestep (Abort): No timesteps selected!
cdo(1) mergetime: Open failed on >/p/scratch/cesmtst/patakchiyousefi1/FORECASTLEAD_CESMTST_SCRATCH/HRES_DUMP4/ADAPTER_DE05_20200325.12.90-144-prev.nc<
                  No such file or directory
cdo    replace: Open failed on >/p/scratch/cesmtst/patakchiyousefi1/FORECASTLEAD_CESMTST_SCRATCH/HRES_DUMP5/ADAPTER_DE05_20200325.12.90-144-3.boundary_1.tp.nc<
                No such file or directory
ncatted: ERROR file /p/scratch/cesmtst/patakchiyousefi1/FORECASTLEAD_CESMTST_SCRATCH/HRES_POST/ADAPTER_DE05_20200325.12.90-144-3.boundary_1.nc not found. It does not exist on the local filesystem, nor does it match remote filename patterns (e.g., http://foo or foo.bar.edu:file).
ncatted: HINT file-not-found errors usually arise from filename typos, incorrect paths, missing files, or capricious gods. Please verify spelling and location of requested file. If the file resides on a High Performance Storage System (HPSS) accessible via the 'hsi' command, then add the --hpss option and re-try command.
rm: cannot remove '/p/scratch/cesmtst/patakchiyousefi1/FORECASTLEAD_CESMTST_SCRATCH/HRES_DUMP4/ADAPTER_DE05_20200325.13.90-144-3.boundary_1.tp.nc': No such file or directory
rm: cannot remove '/p/scratch/cesmtst/patakchiyousefi1/FORECASTLEAD_CESMTST_SCRATCH/HRES_DUMP4/ADAPTER_DE05_20200325.12.90-144-prev.nc': No such file or directory
ls: cannot access '/p/scratch/cesmtst/patakchiyousefi1/FORECASTLEAD_CESMTST_SCRATCH/HRES_DUMP3/*day*06*2020033113*': No such file or directory
ls: cannot access '/p/scratch/cesmtst/patakchiyousefi1/FORECASTLEAD_CESMTST_SCRATCH/HRES_DUMP3/*day*07*2020033119*': No such file or directory
ls: cannot access '/p/scratch/cesmtst/patakchiyousefi1/FORECASTLEAD_CESMTST_SCRATCH/HRES_DUMP3/*day*07*2020040101*': No such file or directory
ls: cannot access '/p/scratch/cesmtst/patakchiyousefi1/FORECASTLEAD_CESMTST_SCRATCH/HRES_DUMP3/*day*07*2020040107*': No such file or directory
ls: cannot access '/p/scratch/cesmtst/patakchiyousefi1/FORECASTLEAD_CESMTST_SCRATCH/HRES_DUMP3/*day*07*2020040113*': No such file or directory
ls: cannot access '/p/scratch/cesmtst/patakchiyousefi1/FORECASTLEAD_CESMTST_SCRATCH/HRES_DUMP3/*day*08*2020040119*': No such file or directory
ls: cannot access '/p/scratch/cesmtst/patakchiyousefi1/FORECASTLEAD_CESMTST_SCRATCH/HRES_DUMP3/*day*08*2020040201*': No such file or directory
ls: cannot access '/p/scratch/cesmtst/patakchiyousefi1/FORECASTLEAD_CESMTST_SCRATCH/HRES_DUMP3/*day*08*2020040207*': No such file or directory
ls: cannot access '/p/scratch/cesmtst/patakchiyousefi1/FORECASTLEAD_CESMTST_SCRATCH/HRES_DUMP3/*day*08*2020040213*': No such file or directory
ls: cannot access '/p/scratch/cesmtst/patakchiyousefi1/FORECASTLEAD_CESMTST_SCRATCH/HRES_DUMP3/*day*09*2020040219*': No such file or directory
ls: cannot access '/p/scratch/cesmtst/patakchiyousefi1/FORECASTLEAD_CESMTST_SCRATCH/HRES_DUMP3/*day*09*2020040301*': No such file or directory
ls: cannot access '/p/scratch/cesmtst/patakchiyousefi1/FORECASTLEAD_CESMTST_SCRATCH/HRES_DUMP3/*day*09*2020040307*': No such file or directory
ls: cannot access '/p/scratch/cesmtst/patakchiyousefi1/FORECASTLEAD_CESMTST_SCRATCH/HRES_DUMP3/*day*09*2020040313*': No such file or directory
ls: cannot access '/p/scratch/cesmtst/patakchiyousefi1/FORECASTLEAD_CESMTST_SCRATCH/HRES_DUMP3/*day*10*2020040319*': No such file or directory
ls: cannot access '/p/scratch/cesmtst/patakchiyousefi1/FORECASTLEAD_CESMTST_SCRATCH/HRES_DUMP3/*day*10*2020040401*': No such file or directory
ls: cannot access '/p/scratch/cesmtst/patakchiyousefi1/FORECASTLEAD_CESMTST_SCRATCH/HRES_DUMP3/*day*10*2020040407*': No such file or directory
ls: cannot access '/p/scratch/cesmtst/patakchiyousefi1/FORECASTLEAD_CESMTST_SCRATCH/HRES_DUMP3/*day*10*2020040413*': No such file or directory

cdo (Abort): Input streams missing!
cdo(1) copy: Open failed on >/p/scratch/cesmtst/patakchiyousefi1/FORECASTLEAD_CESMTST_SCRATCH/HRES_DUMP5/ADAPTER_DE05_20200325.12.90-144-3.boundary_1.tp.nc<
             No such file or directory
cdo(1) mergetime: Open failed on >/p/scratch/cesmtst/patakchiyousefi1/FORECASTLEAD_CESMTST_SCRATCH/HRES_DUMP4/ADAPTER_DE05_20200325.12.144-240-prev.nc<
                  No such file or directory
terminate called without an active exception
/p/project/cesmtst/patakchiyousefi1/CODES-MS3/FORECASTLEAD/HRES_POST2.sh: line 132: 15501 Aborted                 cdo -O -b F64 --no_history -timcumsum -mergetime $merged_output222 $merged_output111 $merged_output333
cdo    replace: Open failed on >/p/scratch/cesmtst/patakchiyousefi1/FORECASTLEAD_CESMTST_SCRATCH/HRES_DUMP5/ADAPTER_DE05_20200325.12.144-240-6.boundary_1.tp.nc<
                No such file or directory
ncatted: ERROR file /p/scratch/cesmtst/patakchiyousefi1/FORECASTLEAD_CESMTST_SCRATCH/HRES_POST/ADAPTER_DE05_20200325.12.144-240-6.boundary_1.nc not found. It does not exist on the local filesystem, nor does it match remote filename patterns (e.g., http://foo or foo.bar.edu:file).
ncatted: HINT file-not-found errors usually arise from filename typos, incorrect paths, missing files, or capricious gods. Please verify spelling and location of requested file. If the file resides on a High Performance Storage System (HPSS) accessible via the 'hsi' command, then add the --hpss option and re-try command.
rm: cannot remove '/p/scratch/cesmtst/patakchiyousefi1/FORECASTLEAD_CESMTST_SCRATCH/HRES_DUMP4/ADAPTER_DE05_20200325.13.144-240-6.boundary_1.tp.nc': No such file or directory
rm: cannot remove '/p/scratch/cesmtst/patakchiyousefi1/FORECASTLEAD_CESMTST_SCRATCH/HRES_DUMP4/ADAPTER_DE05_20200325.12.144-240-prev.nc': No such file or directory
ls: cannot access '/p/scratch/cesmtst/patakchiyousefi1/FORECASTLEAD_CESMTST_SCRATCH/HRES_DUMP3/*day*04*2020033007*': No such file or directory

cdo    replace (Abort): Input streams have different number of timesteps!
ls: cannot access '/p/scratch/cesmtst/patakchiyousefi1/FORECASTLEAD_CESMTST_SCRATCH/HRES_DUMP3/*day*04*2020033007*': No such file or directory
ls: cannot access '/p/scratch/cesmtst/patakchiyousefi1/FORECASTLEAD_CESMTST_SCRATCH/HRES_DUMP3/*day*04*2020033010*': No such file or directory
ls: cannot access '/p/scratch/cesmtst/patakchiyousefi1/FORECASTLEAD_CESMTST_SCRATCH/HRES_DUMP3/*day*05*2020033016*': No such file or directory
ls: cannot access '/p/scratch/cesmtst/patakchiyousefi1/FORECASTLEAD_CESMTST_SCRATCH/HRES_DUMP3/*day*05*2020033019*': No such file or directory
ls: cannot access '/p/scratch/cesmtst/patakchiyousefi1/FORECASTLEAD_CESMTST_SCRATCH/HRES_DUMP3/*day*05*2020033022*': No such file or directory
ls: cannot access '/p/scratch/cesmtst/patakchiyousefi1/FORECASTLEAD_CESMTST_SCRATCH/HRES_DUMP3/*day*05*2020033101*': No such file or directory
ls: cannot access '/p/scratch/cesmtst/patakchiyousefi1/FORECASTLEAD_CESMTST_SCRATCH/HRES_DUMP3/*day*05*2020033104*': No such file or directory
ls: cannot access '/p/scratch/cesmtst/patakchiyousefi1/FORECASTLEAD_CESMTST_SCRATCH/HRES_DUMP3/*day*05*2020033107*': No such file or directory
ls: cannot access '/p/scratch/cesmtst/patakchiyousefi1/FORECASTLEAD_CESMTST_SCRATCH/HRES_DUMP3/*day*05*2020033110*': No such file or directory
ls: cannot access '/p/scratch/cesmtst/patakchiyousefi1/FORECASTLEAD_CESMTST_SCRATCH/HRES_DUMP3/*day*05*2020033113*': No such file or directory
ls: cannot access '/p/scratch/cesmtst/patakchiyousefi1/FORECASTLEAD_CESMTST_SCRATCH/HRES_DUMP3/*day*06*2020033116*': No such file or directory
ls: cannot access '/p/scratch/cesmtst/patakchiyousefi1/FORECASTLEAD_CESMTST_SCRATCH/HRES_DUMP3/*day*06*2020033119*': No such file or directory
ls: cannot access '/p/scratch/cesmtst/patakchiyousefi1/FORECASTLEAD_CESMTST_SCRATCH/HRES_DUMP3/*day*06*2020033122*': No such file or directory
ls: cannot access '/p/scratch/cesmtst/patakchiyousefi1/FORECASTLEAD_CESMTST_SCRATCH/HRES_DUMP3/*day*06*2020040101*': No such file or directory
ls: cannot access '/p/scratch/cesmtst/patakchiyousefi1/FORECASTLEAD_CESMTST_SCRATCH/HRES_DUMP3/*day*06*2020040104*': No such file or directory
ls: cannot access '/p/scratch/cesmtst/patakchiyousefi1/FORECASTLEAD_CESMTST_SCRATCH/HRES_DUMP3/*day*06*2020040107*': No such file or directory
ls: cannot access '/p/scratch/cesmtst/patakchiyousefi1/FORECASTLEAD_CESMTST_SCRATCH/HRES_DUMP3/*day*06*2020040110*': No such file or directory
ls: cannot access '/p/scratch/cesmtst/patakchiyousefi1/FORECASTLEAD_CESMTST_SCRATCH/HRES_DUMP3/*day*06*2020040113*': No such file or directory
cdo    seltimestep (Warning): Timesteps 2-19 not found!

cdo    seltimestep (Abort): No timesteps selected!
cdo    seltimestep (Warning): Timestep 91 not found!

cdo    seltimestep (Abort): No timesteps selected!
cdo(1) mergetime: Open failed on >/p/scratch/cesmtst/patakchiyousefi1/FORECASTLEAD_CESMTST_SCRATCH/HRES_DUMP4/ADAPTER_DE05_20200326.12.90-144-prev.nc<
                  No such file or directory
terminate called without an active exception
/p/project/cesmtst/patakchiyousefi1/CODES-MS3/FORECASTLEAD/HRES_POST2.sh: line 132: 16597 Aborted                 cdo -O -b F64 --no_history -timcumsum -mergetime $merged_output22 $merged_output11 $merged_output33
cdo    replace: Open failed on >/p/scratch/cesmtst/patakchiyousefi1/FORECASTLEAD_CESMTST_SCRATCH/HRES_DUMP5/ADAPTER_DE05_20200326.12.90-144-3.boundary_1.tp.nc<
                No such file or directory
ncatted: ERROR file /p/scratch/cesmtst/patakchiyousefi1/FORECASTLEAD_CESMTST_SCRATCH/HRES_POST/ADAPTER_DE05_20200326.12.90-144-3.boundary_1.nc not found. It does not exist on the local filesystem, nor does it match remote filename patterns (e.g., http://foo or foo.bar.edu:file).
ncatted: HINT file-not-found errors usually arise from filename typos, incorrect paths, missing files, or capricious gods. Please verify spelling and location of requested file. If the file resides on a High Performance Storage System (HPSS) accessible via the 'hsi' command, then add the --hpss option and re-try command.
rm: cannot remove '/p/scratch/cesmtst/patakchiyousefi1/FORECASTLEAD_CESMTST_SCRATCH/HRES_DUMP4/ADAPTER_DE05_20200326.13.90-144-3.boundary_1.tp.nc': No such file or directory
rm: cannot remove '/p/scratch/cesmtst/patakchiyousefi1/FORECASTLEAD_CESMTST_SCRATCH/HRES_DUMP4/ADAPTER_DE05_20200326.12.90-144-prev.nc': No such file or directory
ls: cannot access '/p/scratch/cesmtst/patakchiyousefi1/FORECASTLEAD_CESMTST_SCRATCH/HRES_DUMP3/*day*06*2020040113*': No such file or directory
ls: cannot access '/p/scratch/cesmtst/patakchiyousefi1/FORECASTLEAD_CESMTST_SCRATCH/HRES_DUMP3/*day*07*2020040119*': No such file or directory
ls: cannot access '/p/scratch/cesmtst/patakchiyousefi1/FORECASTLEAD_CESMTST_SCRATCH/HRES_DUMP3/*day*07*2020040201*': No such file or directory
ls: cannot access '/p/scratch/cesmtst/patakchiyousefi1/FORECASTLEAD_CESMTST_SCRATCH/HRES_DUMP3/*day*07*2020040207*': No such file or directory
ls: cannot access '/p/scratch/cesmtst/patakchiyousefi1/FORECASTLEAD_CESMTST_SCRATCH/HRES_DUMP3/*day*07*2020040213*': No such file or directory
ls: cannot access '/p/scratch/cesmtst/patakchiyousefi1/FORECASTLEAD_CESMTST_SCRATCH/HRES_DUMP3/*day*08*2020040219*': No such file or directory
ls: cannot access '/p/scratch/cesmtst/patakchiyousefi1/FORECASTLEAD_CESMTST_SCRATCH/HRES_DUMP3/*day*08*2020040301*': No such file or directory
ls: cannot access '/p/scratch/cesmtst/patakchiyousefi1/FORECASTLEAD_CESMTST_SCRATCH/HRES_DUMP3/*day*08*2020040307*': No such file or directory
ls: cannot access '/p/scratch/cesmtst/patakchiyousefi1/FORECASTLEAD_CESMTST_SCRATCH/HRES_DUMP3/*day*08*2020040313*': No such file or directory
ls: cannot access '/p/scratch/cesmtst/patakchiyousefi1/FORECASTLEAD_CESMTST_SCRATCH/HRES_DUMP3/*day*09*2020040319*': No such file or directory
ls: cannot access '/p/scratch/cesmtst/patakchiyousefi1/FORECASTLEAD_CESMTST_SCRATCH/HRES_DUMP3/*day*09*2020040401*': No such file or directory
ls: cannot access '/p/scratch/cesmtst/patakchiyousefi1/FORECASTLEAD_CESMTST_SCRATCH/HRES_DUMP3/*day*09*2020040407*': No such file or directory
ls: cannot access '/p/scratch/cesmtst/patakchiyousefi1/FORECASTLEAD_CESMTST_SCRATCH/HRES_DUMP3/*day*09*2020040413*': No such file or directory
ls: cannot access '/p/scratch/cesmtst/patakchiyousefi1/FORECASTLEAD_CESMTST_SCRATCH/HRES_DUMP3/*day*10*2020040419*': No such file or directory
ls: cannot access '/p/scratch/cesmtst/patakchiyousefi1/FORECASTLEAD_CESMTST_SCRATCH/HRES_DUMP3/*day*10*2020040501*': No such file or directory
ls: cannot access '/p/scratch/cesmtst/patakchiyousefi1/FORECASTLEAD_CESMTST_SCRATCH/HRES_DUMP3/*day*10*2020040507*': No such file or directory
ls: cannot access '/p/scratch/cesmtst/patakchiyousefi1/FORECASTLEAD_CESMTST_SCRATCH/HRES_DUMP3/*day*10*2020040513*': No such file or directory

cdo (Abort): Input streams missing!
cdo(1) copy: Open failed on >/p/scratch/cesmtst/patakchiyousefi1/FORECASTLEAD_CESMTST_SCRATCH/HRES_DUMP5/ADAPTER_DE05_20200326.12.90-144-3.boundary_1.tp.nc<
             No such file or directory
terminate called without an active exception
/p/project/cesmtst/patakchiyousefi1/CODES-MS3/FORECASTLEAD/HRES_POST2.sh: line 132: 16794 Aborted                 cdo -O -b F64 --no_history -seltimestep,19 -copy $merged_output33 $merged_output222
cdo(1) mergetime: Open failed on >/p/scratch/cesmtst/patakchiyousefi1/FORECASTLEAD_CESMTST_SCRATCH/HRES_DUMP4/ADAPTER_DE05_20200326.12.144-240-prev.nc<
                  No such file or directory
terminate called without an active exception
/p/project/cesmtst/patakchiyousefi1/CODES-MS3/FORECASTLEAD/HRES_POST2.sh: line 132: 16796 Aborted                 cdo -O -b F64 --no_history -timcumsum -mergetime $merged_output222 $merged_output111 $merged_output333
cdo    replace: Open failed on >/p/scratch/cesmtst/patakchiyousefi1/FORECASTLEAD_CESMTST_SCRATCH/HRES_DUMP5/ADAPTER_DE05_20200326.12.144-240-6.boundary_1.tp.nc<
                No such file or directory
ncatted: ERROR file /p/scratch/cesmtst/patakchiyousefi1/FORECASTLEAD_CESMTST_SCRATCH/HRES_POST/ADAPTER_DE05_20200326.12.144-240-6.boundary_1.nc not found. It does not exist on the local filesystem, nor does it match remote filename patterns (e.g., http://foo or foo.bar.edu:file).
ncatted: HINT file-not-found errors usually arise from filename typos, incorrect paths, missing files, or capricious gods. Please verify spelling and location of requested file. If the file resides on a High Performance Storage System (HPSS) accessible via the 'hsi' command, then add the --hpss option and re-try command.
rm: cannot remove '/p/scratch/cesmtst/patakchiyousefi1/FORECASTLEAD_CESMTST_SCRATCH/HRES_DUMP4/ADAPTER_DE05_20200326.13.144-240-6.boundary_1.tp.nc': No such file or directory
rm: cannot remove '/p/scratch/cesmtst/patakchiyousefi1/FORECASTLEAD_CESMTST_SCRATCH/HRES_DUMP4/ADAPTER_DE05_20200326.12.144-240-prev.nc': No such file or directory
ls: cannot access '/p/scratch/cesmtst/patakchiyousefi1/FORECASTLEAD_CESMTST_SCRATCH/HRES_DUMP3/*day*04*2020033107*': No such file or directory

cdo    replace (Abort): Input streams have different number of timesteps!
ls: cannot access '/p/scratch/cesmtst/patakchiyousefi1/FORECASTLEAD_CESMTST_SCRATCH/HRES_DUMP3/*day*04*2020033107*': No such file or directory
ls: cannot access '/p/scratch/cesmtst/patakchiyousefi1/FORECASTLEAD_CESMTST_SCRATCH/HRES_DUMP3/*day*04*2020033110*': No such file or directory
ls: cannot access '/p/scratch/cesmtst/patakchiyousefi1/FORECASTLEAD_CESMTST_SCRATCH/HRES_DUMP3/*day*05*2020033116*': No such file or directory
ls: cannot access '/p/scratch/cesmtst/patakchiyousefi1/FORECASTLEAD_CESMTST_SCRATCH/HRES_DUMP3/*day*05*2020033119*': No such file or directory
ls: cannot access '/p/scratch/cesmtst/patakchiyousefi1/FORECASTLEAD_CESMTST_SCRATCH/HRES_DUMP3/*day*05*2020033122*': No such file or directory
ls: cannot access '/p/scratch/cesmtst/patakchiyousefi1/FORECASTLEAD_CESMTST_SCRATCH/HRES_DUMP3/*day*05*2020040101*': No such file or directory
ls: cannot access '/p/scratch/cesmtst/patakchiyousefi1/FORECASTLEAD_CESMTST_SCRATCH/HRES_DUMP3/*day*05*2020040104*': No such file or directory
ls: cannot access '/p/scratch/cesmtst/patakchiyousefi1/FORECASTLEAD_CESMTST_SCRATCH/HRES_DUMP3/*day*05*2020040107*': No such file or directory
ls: cannot access '/p/scratch/cesmtst/patakchiyousefi1/FORECASTLEAD_CESMTST_SCRATCH/HRES_DUMP3/*day*05*2020040110*': No such file or directory
ls: cannot access '/p/scratch/cesmtst/patakchiyousefi1/FORECASTLEAD_CESMTST_SCRATCH/HRES_DUMP3/*day*05*2020040113*': No such file or directory
ls: cannot access '/p/scratch/cesmtst/patakchiyousefi1/FORECASTLEAD_CESMTST_SCRATCH/HRES_DUMP3/*day*06*2020040116*': No such file or directory
ls: cannot access '/p/scratch/cesmtst/patakchiyousefi1/FORECASTLEAD_CESMTST_SCRATCH/HRES_DUMP3/*day*06*2020040119*': No such file or directory
ls: cannot access '/p/scratch/cesmtst/patakchiyousefi1/FORECASTLEAD_CESMTST_SCRATCH/HRES_DUMP3/*day*06*2020040122*': No such file or directory
ls: cannot access '/p/scratch/cesmtst/patakchiyousefi1/FORECASTLEAD_CESMTST_SCRATCH/HRES_DUMP3/*day*06*2020040201*': No such file or directory
ls: cannot access '/p/scratch/cesmtst/patakchiyousefi1/FORECASTLEAD_CESMTST_SCRATCH/HRES_DUMP3/*day*06*2020040204*': No such file or directory
ls: cannot access '/p/scratch/cesmtst/patakchiyousefi1/FORECASTLEAD_CESMTST_SCRATCH/HRES_DUMP3/*day*06*2020040207*': No such file or directory
ls: cannot access '/p/scratch/cesmtst/patakchiyousefi1/FORECASTLEAD_CESMTST_SCRATCH/HRES_DUMP3/*day*06*2020040210*': No such file or directory
ls: cannot access '/p/scratch/cesmtst/patakchiyousefi1/FORECASTLEAD_CESMTST_SCRATCH/HRES_DUMP3/*day*06*2020040213*': No such file or directory
cdo    seltimestep (Warning): Timesteps 2-19 not found!

cdo    seltimestep (Abort): No timesteps selected!
cdo    seltimestep (Warning): Timestep 91 not found!

cdo    seltimestep (Abort): No timesteps selected!
cdo(1) mergetime: Open failed on >/p/scratch/cesmtst/patakchiyousefi1/FORECASTLEAD_CESMTST_SCRATCH/HRES_DUMP4/ADAPTER_DE05_20200327.12.90-144-prev.nc<
                  No such file or directory
terminate called without an active exception
/p/project/cesmtst/patakchiyousefi1/CODES-MS3/FORECASTLEAD/HRES_POST2.sh: line 132: 17892 Aborted                 cdo -O -b F64 --no_history -timcumsum -mergetime $merged_output22 $merged_output11 $merged_output33
cdo    replace: Open failed on >/p/scratch/cesmtst/patakchiyousefi1/FORECASTLEAD_CESMTST_SCRATCH/HRES_DUMP5/ADAPTER_DE05_20200327.12.90-144-3.boundary_1.tp.nc<
                No such file or directory
ncatted: ERROR file /p/scratch/cesmtst/patakchiyousefi1/FORECASTLEAD_CESMTST_SCRATCH/HRES_POST/ADAPTER_DE05_20200327.12.90-144-3.boundary_1.nc not found. It does not exist on the local filesystem, nor does it match remote filename patterns (e.g., http://foo or foo.bar.edu:file).
ncatted: HINT file-not-found errors usually arise from filename typos, incorrect paths, missing files, or capricious gods. Please verify spelling and location of requested file. If the file resides on a High Performance Storage System (HPSS) accessible via the 'hsi' command, then add the --hpss option and re-try command.
rm: cannot remove '/p/scratch/cesmtst/patakchiyousefi1/FORECASTLEAD_CESMTST_SCRATCH/HRES_DUMP4/ADAPTER_DE05_20200327.13.90-144-3.boundary_1.tp.nc': No such file or directory
rm: cannot remove '/p/scratch/cesmtst/patakchiyousefi1/FORECASTLEAD_CESMTST_SCRATCH/HRES_DUMP4/ADAPTER_DE05_20200327.12.90-144-prev.nc': No such file or directory
ls: cannot access '/p/scratch/cesmtst/patakchiyousefi1/FORECASTLEAD_CESMTST_SCRATCH/HRES_DUMP3/*day*06*2020040213*': No such file or directory
ls: cannot access '/p/scratch/cesmtst/patakchiyousefi1/FORECASTLEAD_CESMTST_SCRATCH/HRES_DUMP3/*day*07*2020040219*': No such file or directory
ls: cannot access '/p/scratch/cesmtst/patakchiyousefi1/FORECASTLEAD_CESMTST_SCRATCH/HRES_DUMP3/*day*07*2020040301*': No such file or directory
ls: cannot access '/p/scratch/cesmtst/patakchiyousefi1/FORECASTLEAD_CESMTST_SCRATCH/HRES_DUMP3/*day*07*2020040307*': No such file or directory
ls: cannot access '/p/scratch/cesmtst/patakchiyousefi1/FORECASTLEAD_CESMTST_SCRATCH/HRES_DUMP3/*day*07*2020040313*': No such file or directory
ls: cannot access '/p/scratch/cesmtst/patakchiyousefi1/FORECASTLEAD_CESMTST_SCRATCH/HRES_DUMP3/*day*08*2020040319*': No such file or directory
ls: cannot access '/p/scratch/cesmtst/patakchiyousefi1/FORECASTLEAD_CESMTST_SCRATCH/HRES_DUMP3/*day*08*2020040401*': No such file or directory
ls: cannot access '/p/scratch/cesmtst/patakchiyousefi1/FORECASTLEAD_CESMTST_SCRATCH/HRES_DUMP3/*day*08*2020040407*': No such file or directory
ls: cannot access '/p/scratch/cesmtst/patakchiyousefi1/FORECASTLEAD_CESMTST_SCRATCH/HRES_DUMP3/*day*08*2020040413*': No such file or directory
ls: cannot access '/p/scratch/cesmtst/patakchiyousefi1/FORECASTLEAD_CESMTST_SCRATCH/HRES_DUMP3/*day*09*2020040419*': No such file or directory
ls: cannot access '/p/scratch/cesmtst/patakchiyousefi1/FORECASTLEAD_CESMTST_SCRATCH/HRES_DUMP3/*day*09*2020040501*': No such file or directory
ls: cannot access '/p/scratch/cesmtst/patakchiyousefi1/FORECASTLEAD_CESMTST_SCRATCH/HRES_DUMP3/*day*09*2020040507*': No such file or directory
ls: cannot access '/p/scratch/cesmtst/patakchiyousefi1/FORECASTLEAD_CESMTST_SCRATCH/HRES_DUMP3/*day*09*2020040513*': No such file or directory
ls: cannot access '/p/scratch/cesmtst/patakchiyousefi1/FORECASTLEAD_CESMTST_SCRATCH/HRES_DUMP3/*day*10*2020040519*': No such file or directory
ls: cannot access '/p/scratch/cesmtst/patakchiyousefi1/FORECASTLEAD_CESMTST_SCRATCH/HRES_DUMP3/*day*10*2020040601*': No such file or directory
ls: cannot access '/p/scratch/cesmtst/patakchiyousefi1/FORECASTLEAD_CESMTST_SCRATCH/HRES_DUMP3/*day*10*2020040607*': No such file or directory
ls: cannot access '/p/scratch/cesmtst/patakchiyousefi1/FORECASTLEAD_CESMTST_SCRATCH/HRES_DUMP3/*day*10*2020040613*': No such file or directory

cdo (Abort): Input streams missing!
cdo(1) copy: Open failed on >/p/scratch/cesmtst/patakchiyousefi1/FORECASTLEAD_CESMTST_SCRATCH/HRES_DUMP5/ADAPTER_DE05_20200327.12.90-144-3.boundary_1.tp.nc<
             No such file or directory
terminate called without an active exception
/p/project/cesmtst/patakchiyousefi1/CODES-MS3/FORECASTLEAD/HRES_POST2.sh: line 132: 18062 Aborted                 cdo -O -b F64 --no_history -seltimestep,19 -copy $merged_output33 $merged_output222
cdo(1) mergetime: Open failed on >/p/scratch/cesmtst/patakchiyousefi1/FORECASTLEAD_CESMTST_SCRATCH/HRES_DUMP4/ADAPTER_DE05_20200327.12.144-240-prev.nc<
                  No such file or directory
terminate called without an active exception
/p/project/cesmtst/patakchiyousefi1/CODES-MS3/FORECASTLEAD/HRES_POST2.sh: line 132: 18064 Aborted                 cdo -O -b F64 --no_history -timcumsum -mergetime $merged_output222 $merged_output111 $merged_output333
cdo    replace: Open failed on >/p/scratch/cesmtst/patakchiyousefi1/FORECASTLEAD_CESMTST_SCRATCH/HRES_DUMP5/ADAPTER_DE05_20200327.12.144-240-6.boundary_1.tp.nc<
                No such file or directory
ncatted: ERROR file /p/scratch/cesmtst/patakchiyousefi1/FORECASTLEAD_CESMTST_SCRATCH/HRES_POST/ADAPTER_DE05_20200327.12.144-240-6.boundary_1.nc not found. It does not exist on the local filesystem, nor does it match remote filename patterns (e.g., http://foo or foo.bar.edu:file).
ncatted: HINT file-not-found errors usually arise from filename typos, incorrect paths, missing files, or capricious gods. Please verify spelling and location of requested file. If the file resides on a High Performance Storage System (HPSS) accessible via the 'hsi' command, then add the --hpss option and re-try command.
rm: cannot remove '/p/scratch/cesmtst/patakchiyousefi1/FORECASTLEAD_CESMTST_SCRATCH/HRES_DUMP4/ADAPTER_DE05_20200327.13.144-240-6.boundary_1.tp.nc': No such file or directory
rm: cannot remove '/p/scratch/cesmtst/patakchiyousefi1/FORECASTLEAD_CESMTST_SCRATCH/HRES_DUMP4/ADAPTER_DE05_20200327.12.144-240-prev.nc': No such file or directory
ls: cannot access '/p/scratch/cesmtst/patakchiyousefi1/FORECASTLEAD_CESMTST_SCRATCH/HRES_DUMP3/*day*04*2020040107*': No such file or directory

cdo    replace (Abort): Input streams have different number of timesteps!
ls: cannot access '/p/scratch/cesmtst/patakchiyousefi1/FORECASTLEAD_CESMTST_SCRATCH/HRES_DUMP3/*day*04*2020040107*': No such file or directory
ls: cannot access '/p/scratch/cesmtst/patakchiyousefi1/FORECASTLEAD_CESMTST_SCRATCH/HRES_DUMP3/*day*04*2020040110*': No such file or directory
ls: cannot access '/p/scratch/cesmtst/patakchiyousefi1/FORECASTLEAD_CESMTST_SCRATCH/HRES_DUMP3/*day*05*2020040116*': No such file or directory
ls: cannot access '/p/scratch/cesmtst/patakchiyousefi1/FORECASTLEAD_CESMTST_SCRATCH/HRES_DUMP3/*day*05*2020040119*': No such file or directory
ls: cannot access '/p/scratch/cesmtst/patakchiyousefi1/FORECASTLEAD_CESMTST_SCRATCH/HRES_DUMP3/*day*05*2020040122*': No such file or directory
ls: cannot access '/p/scratch/cesmtst/patakchiyousefi1/FORECASTLEAD_CESMTST_SCRATCH/HRES_DUMP3/*day*05*2020040201*': No such file or directory
ls: cannot access '/p/scratch/cesmtst/patakchiyousefi1/FORECASTLEAD_CESMTST_SCRATCH/HRES_DUMP3/*day*05*2020040204*': No such file or directory
ls: cannot access '/p/scratch/cesmtst/patakchiyousefi1/FORECASTLEAD_CESMTST_SCRATCH/HRES_DUMP3/*day*05*2020040207*': No such file or directory
ls: cannot access '/p/scratch/cesmtst/patakchiyousefi1/FORECASTLEAD_CESMTST_SCRATCH/HRES_DUMP3/*day*05*2020040210*': No such file or directory
ls: cannot access '/p/scratch/cesmtst/patakchiyousefi1/FORECASTLEAD_CESMTST_SCRATCH/HRES_DUMP3/*day*05*2020040213*': No such file or directory
ls: cannot access '/p/scratch/cesmtst/patakchiyousefi1/FORECASTLEAD_CESMTST_SCRATCH/HRES_DUMP3/*day*06*2020040216*': No such file or directory
ls: cannot access '/p/scratch/cesmtst/patakchiyousefi1/FORECASTLEAD_CESMTST_SCRATCH/HRES_DUMP3/*day*06*2020040219*': No such file or directory
ls: cannot access '/p/scratch/cesmtst/patakchiyousefi1/FORECASTLEAD_CESMTST_SCRATCH/HRES_DUMP3/*day*06*2020040222*': No such file or directory
ls: cannot access '/p/scratch/cesmtst/patakchiyousefi1/FORECASTLEAD_CESMTST_SCRATCH/HRES_DUMP3/*day*06*2020040301*': No such file or directory
ls: cannot access '/p/scratch/cesmtst/patakchiyousefi1/FORECASTLEAD_CESMTST_SCRATCH/HRES_DUMP3/*day*06*2020040304*': No such file or directory
ls: cannot access '/p/scratch/cesmtst/patakchiyousefi1/FORECASTLEAD_CESMTST_SCRATCH/HRES_DUMP3/*day*06*2020040307*': No such file or directory
ls: cannot access '/p/scratch/cesmtst/patakchiyousefi1/FORECASTLEAD_CESMTST_SCRATCH/HRES_DUMP3/*day*06*2020040310*': No such file or directory
ls: cannot access '/p/scratch/cesmtst/patakchiyousefi1/FORECASTLEAD_CESMTST_SCRATCH/HRES_DUMP3/*day*06*2020040313*': No such file or directory
cdo    seltimestep (Warning): Timesteps 2-19 not found!

cdo    seltimestep (Abort): No timesteps selected!
cdo    seltimestep (Warning): Timestep 91 not found!

cdo    seltimestep (Abort): No timesteps selected!
cdo(1) mergetime: Open failed on >/p/scratch/cesmtst/patakchiyousefi1/FORECASTLEAD_CESMTST_SCRATCH/HRES_DUMP4/ADAPTER_DE05_20200328.12.90-144-prev.nc<
                  No such file or directory
terminate called without an active exception
/p/project/cesmtst/patakchiyousefi1/CODES-MS3/FORECASTLEAD/HRES_POST2.sh: line 132: 19152 Aborted                 cdo -O -b F64 --no_history -timcumsum -mergetime $merged_output22 $merged_output11 $merged_output33
cdo    replace: Open failed on >/p/scratch/cesmtst/patakchiyousefi1/FORECASTLEAD_CESMTST_SCRATCH/HRES_DUMP5/ADAPTER_DE05_20200328.12.90-144-3.boundary_1.tp.nc<
                No such file or directory
ncatted: ERROR file /p/scratch/cesmtst/patakchiyousefi1/FORECASTLEAD_CESMTST_SCRATCH/HRES_POST/ADAPTER_DE05_20200328.12.90-144-3.boundary_1.nc not found. It does not exist on the local filesystem, nor does it match remote filename patterns (e.g., http://foo or foo.bar.edu:file).
ncatted: HINT file-not-found errors usually arise from filename typos, incorrect paths, missing files, or capricious gods. Please verify spelling and location of requested file. If the file resides on a High Performance Storage System (HPSS) accessible via the 'hsi' command, then add the --hpss option and re-try command.
rm: cannot remove '/p/scratch/cesmtst/patakchiyousefi1/FORECASTLEAD_CESMTST_SCRATCH/HRES_DUMP4/ADAPTER_DE05_20200328.13.90-144-3.boundary_1.tp.nc': No such file or directory
rm: cannot remove '/p/scratch/cesmtst/patakchiyousefi1/FORECASTLEAD_CESMTST_SCRATCH/HRES_DUMP4/ADAPTER_DE05_20200328.12.90-144-prev.nc': No such file or directory
ls: cannot access '/p/scratch/cesmtst/patakchiyousefi1/FORECASTLEAD_CESMTST_SCRATCH/HRES_DUMP3/*day*06*2020040313*': No such file or directory
ls: cannot access '/p/scratch/cesmtst/patakchiyousefi1/FORECASTLEAD_CESMTST_SCRATCH/HRES_DUMP3/*day*07*2020040319*': No such file or directory
ls: cannot access '/p/scratch/cesmtst/patakchiyousefi1/FORECASTLEAD_CESMTST_SCRATCH/HRES_DUMP3/*day*07*2020040401*': No such file or directory
ls: cannot access '/p/scratch/cesmtst/patakchiyousefi1/FORECASTLEAD_CESMTST_SCRATCH/HRES_DUMP3/*day*07*2020040407*': No such file or directory
ls: cannot access '/p/scratch/cesmtst/patakchiyousefi1/FORECASTLEAD_CESMTST_SCRATCH/HRES_DUMP3/*day*07*2020040413*': No such file or directory
ls: cannot access '/p/scratch/cesmtst/patakchiyousefi1/FORECASTLEAD_CESMTST_SCRATCH/HRES_DUMP3/*day*08*2020040419*': No such file or directory
ls: cannot access '/p/scratch/cesmtst/patakchiyousefi1/FORECASTLEAD_CESMTST_SCRATCH/HRES_DUMP3/*day*08*2020040501*': No such file or directory
ls: cannot access '/p/scratch/cesmtst/patakchiyousefi1/FORECASTLEAD_CESMTST_SCRATCH/HRES_DUMP3/*day*08*2020040507*': No such file or directory
ls: cannot access '/p/scratch/cesmtst/patakchiyousefi1/FORECASTLEAD_CESMTST_SCRATCH/HRES_DUMP3/*day*08*2020040513*': No such file or directory
ls: cannot access '/p/scratch/cesmtst/patakchiyousefi1/FORECASTLEAD_CESMTST_SCRATCH/HRES_DUMP3/*day*09*2020040519*': No such file or directory
ls: cannot access '/p/scratch/cesmtst/patakchiyousefi1/FORECASTLEAD_CESMTST_SCRATCH/HRES_DUMP3/*day*09*2020040601*': No such file or directory
ls: cannot access '/p/scratch/cesmtst/patakchiyousefi1/FORECASTLEAD_CESMTST_SCRATCH/HRES_DUMP3/*day*09*2020040607*': No such file or directory
ls: cannot access '/p/scratch/cesmtst/patakchiyousefi1/FORECASTLEAD_CESMTST_SCRATCH/HRES_DUMP3/*day*09*2020040613*': No such file or directory
ls: cannot access '/p/scratch/cesmtst/patakchiyousefi1/FORECASTLEAD_CESMTST_SCRATCH/HRES_DUMP3/*day*10*2020040619*': No such file or directory
ls: cannot access '/p/scratch/cesmtst/patakchiyousefi1/FORECASTLEAD_CESMTST_SCRATCH/HRES_DUMP3/*day*10*2020040701*': No such file or directory
ls: cannot access '/p/scratch/cesmtst/patakchiyousefi1/FORECASTLEAD_CESMTST_SCRATCH/HRES_DUMP3/*day*10*2020040707*': No such file or directory
ls: cannot access '/p/scratch/cesmtst/patakchiyousefi1/FORECASTLEAD_CESMTST_SCRATCH/HRES_DUMP3/*day*10*2020040713*': No such file or directory

cdo (Abort): Input streams missing!
cdo(1) copy: Open failed on >/p/scratch/cesmtst/patakchiyousefi1/FORECASTLEAD_CESMTST_SCRATCH/HRES_DUMP5/ADAPTER_DE05_20200328.12.90-144-3.boundary_1.tp.nc<
             No such file or directory
terminate called without an active exception
/p/project/cesmtst/patakchiyousefi1/CODES-MS3/FORECASTLEAD/HRES_POST2.sh: line 132: 19329 Aborted                 cdo -O -b F64 --no_history -seltimestep,19 -copy $merged_output33 $merged_output222
cdo(1) mergetime: Open failed on >/p/scratch/cesmtst/patakchiyousefi1/FORECASTLEAD_CESMTST_SCRATCH/HRES_DUMP4/ADAPTER_DE05_20200328.12.144-240-prev.nc<
                  No such file or directory
terminate called without an active exception
/p/project/cesmtst/patakchiyousefi1/CODES-MS3/FORECASTLEAD/HRES_POST2.sh: line 132: 19331 Aborted                 cdo -O -b F64 --no_history -timcumsum -mergetime $merged_output222 $merged_output111 $merged_output333
cdo    replace: Open failed on >/p/scratch/cesmtst/patakchiyousefi1/FORECASTLEAD_CESMTST_SCRATCH/HRES_DUMP5/ADAPTER_DE05_20200328.12.144-240-6.boundary_1.tp.nc<
                No such file or directory
ncatted: ERROR file /p/scratch/cesmtst/patakchiyousefi1/FORECASTLEAD_CESMTST_SCRATCH/HRES_POST/ADAPTER_DE05_20200328.12.144-240-6.boundary_1.nc not found. It does not exist on the local filesystem, nor does it match remote filename patterns (e.g., http://foo or foo.bar.edu:file).
ncatted: HINT file-not-found errors usually arise from filename typos, incorrect paths, missing files, or capricious gods. Please verify spelling and location of requested file. If the file resides on a High Performance Storage System (HPSS) accessible via the 'hsi' command, then add the --hpss option and re-try command.
rm: cannot remove '/p/scratch/cesmtst/patakchiyousefi1/FORECASTLEAD_CESMTST_SCRATCH/HRES_DUMP4/ADAPTER_DE05_20200328.13.144-240-6.boundary_1.tp.nc': No such file or directory
rm: cannot remove '/p/scratch/cesmtst/patakchiyousefi1/FORECASTLEAD_CESMTST_SCRATCH/HRES_DUMP4/ADAPTER_DE05_20200328.12.144-240-prev.nc': No such file or directory
ls: cannot access '/p/scratch/cesmtst/patakchiyousefi1/FORECASTLEAD_CESMTST_SCRATCH/HRES_DUMP3/*day*04*2020040207*': No such file or directory

cdo    replace (Abort): Input streams have different number of timesteps!
ls: cannot access '/p/scratch/cesmtst/patakchiyousefi1/FORECASTLEAD_CESMTST_SCRATCH/HRES_DUMP3/*day*04*2020040207*': No such file or directory
ls: cannot access '/p/scratch/cesmtst/patakchiyousefi1/FORECASTLEAD_CESMTST_SCRATCH/HRES_DUMP3/*day*04*2020040210*': No such file or directory
ls: cannot access '/p/scratch/cesmtst/patakchiyousefi1/FORECASTLEAD_CESMTST_SCRATCH/HRES_DUMP3/*day*05*2020040216*': No such file or directory
ls: cannot access '/p/scratch/cesmtst/patakchiyousefi1/FORECASTLEAD_CESMTST_SCRATCH/HRES_DUMP3/*day*05*2020040219*': No such file or directory
ls: cannot access '/p/scratch/cesmtst/patakchiyousefi1/FORECASTLEAD_CESMTST_SCRATCH/HRES_DUMP3/*day*05*2020040222*': No such file or directory
ls: cannot access '/p/scratch/cesmtst/patakchiyousefi1/FORECASTLEAD_CESMTST_SCRATCH/HRES_DUMP3/*day*05*2020040301*': No such file or directory
ls: cannot access '/p/scratch/cesmtst/patakchiyousefi1/FORECASTLEAD_CESMTST_SCRATCH/HRES_DUMP3/*day*05*2020040304*': No such file or directory
ls: cannot access '/p/scratch/cesmtst/patakchiyousefi1/FORECASTLEAD_CESMTST_SCRATCH/HRES_DUMP3/*day*05*2020040307*': No such file or directory
ls: cannot access '/p/scratch/cesmtst/patakchiyousefi1/FORECASTLEAD_CESMTST_SCRATCH/HRES_DUMP3/*day*05*2020040310*': No such file or directory
ls: cannot access '/p/scratch/cesmtst/patakchiyousefi1/FORECASTLEAD_CESMTST_SCRATCH/HRES_DUMP3/*day*05*2020040313*': No such file or directory
ls: cannot access '/p/scratch/cesmtst/patakchiyousefi1/FORECASTLEAD_CESMTST_SCRATCH/HRES_DUMP3/*day*06*2020040316*': No such file or directory
ls: cannot access '/p/scratch/cesmtst/patakchiyousefi1/FORECASTLEAD_CESMTST_SCRATCH/HRES_DUMP3/*day*06*2020040319*': No such file or directory
ls: cannot access '/p/scratch/cesmtst/patakchiyousefi1/FORECASTLEAD_CESMTST_SCRATCH/HRES_DUMP3/*day*06*2020040322*': No such file or directory
ls: cannot access '/p/scratch/cesmtst/patakchiyousefi1/FORECASTLEAD_CESMTST_SCRATCH/HRES_DUMP3/*day*06*2020040401*': No such file or directory
ls: cannot access '/p/scratch/cesmtst/patakchiyousefi1/FORECASTLEAD_CESMTST_SCRATCH/HRES_DUMP3/*day*06*2020040404*': No such file or directory
ls: cannot access '/p/scratch/cesmtst/patakchiyousefi1/FORECASTLEAD_CESMTST_SCRATCH/HRES_DUMP3/*day*06*2020040407*': No such file or directory
ls: cannot access '/p/scratch/cesmtst/patakchiyousefi1/FORECASTLEAD_CESMTST_SCRATCH/HRES_DUMP3/*day*06*2020040410*': No such file or directory
ls: cannot access '/p/scratch/cesmtst/patakchiyousefi1/FORECASTLEAD_CESMTST_SCRATCH/HRES_DUMP3/*day*06*2020040413*': No such file or directory
cdo    seltimestep (Warning): Timesteps 2-19 not found!

cdo    seltimestep (Abort): No timesteps selected!
cdo    seltimestep (Warning): Timestep 91 not found!

cdo    seltimestep (Abort): No timesteps selected!
cdo(1) mergetime: Open failed on >/p/scratch/cesmtst/patakchiyousefi1/FORECASTLEAD_CESMTST_SCRATCH/HRES_DUMP4/ADAPTER_DE05_20200329.12.90-144-prev.nc<
                  No such file or directory
terminate called without an active exception
/p/project/cesmtst/patakchiyousefi1/CODES-MS3/FORECASTLEAD/HRES_POST2.sh: line 132: 20416 Aborted                 cdo -O -b F64 --no_history -timcumsum -mergetime $merged_output22 $merged_output11 $merged_output33
cdo    replace: Open failed on >/p/scratch/cesmtst/patakchiyousefi1/FORECASTLEAD_CESMTST_SCRATCH/HRES_DUMP5/ADAPTER_DE05_20200329.12.90-144-3.boundary_1.tp.nc<
                No such file or directory
ncatted: ERROR file /p/scratch/cesmtst/patakchiyousefi1/FORECASTLEAD_CESMTST_SCRATCH/HRES_POST/ADAPTER_DE05_20200329.12.90-144-3.boundary_1.nc not found. It does not exist on the local filesystem, nor does it match remote filename patterns (e.g., http://foo or foo.bar.edu:file).
ncatted: HINT file-not-found errors usually arise from filename typos, incorrect paths, missing files, or capricious gods. Please verify spelling and location of requested file. If the file resides on a High Performance Storage System (HPSS) accessible via the 'hsi' command, then add the --hpss option and re-try command.
rm: cannot remove '/p/scratch/cesmtst/patakchiyousefi1/FORECASTLEAD_CESMTST_SCRATCH/HRES_DUMP4/ADAPTER_DE05_20200329.13.90-144-3.boundary_1.tp.nc': No such file or directory
rm: cannot remove '/p/scratch/cesmtst/patakchiyousefi1/FORECASTLEAD_CESMTST_SCRATCH/HRES_DUMP4/ADAPTER_DE05_20200329.12.90-144-prev.nc': No such file or directory
ls: cannot access '/p/scratch/cesmtst/patakchiyousefi1/FORECASTLEAD_CESMTST_SCRATCH/HRES_DUMP3/*day*06*2020040413*': No such file or directory
ls: cannot access '/p/scratch/cesmtst/patakchiyousefi1/FORECASTLEAD_CESMTST_SCRATCH/HRES_DUMP3/*day*07*2020040419*': No such file or directory
ls: cannot access '/p/scratch/cesmtst/patakchiyousefi1/FORECASTLEAD_CESMTST_SCRATCH/HRES_DUMP3/*day*07*2020040501*': No such file or directory
ls: cannot access '/p/scratch/cesmtst/patakchiyousefi1/FORECASTLEAD_CESMTST_SCRATCH/HRES_DUMP3/*day*07*2020040507*': No such file or directory
ls: cannot access '/p/scratch/cesmtst/patakchiyousefi1/FORECASTLEAD_CESMTST_SCRATCH/HRES_DUMP3/*day*07*2020040513*': No such file or directory
ls: cannot access '/p/scratch/cesmtst/patakchiyousefi1/FORECASTLEAD_CESMTST_SCRATCH/HRES_DUMP3/*day*08*2020040519*': No such file or directory
ls: cannot access '/p/scratch/cesmtst/patakchiyousefi1/FORECASTLEAD_CESMTST_SCRATCH/HRES_DUMP3/*day*08*2020040601*': No such file or directory
ls: cannot access '/p/scratch/cesmtst/patakchiyousefi1/FORECASTLEAD_CESMTST_SCRATCH/HRES_DUMP3/*day*08*2020040607*': No such file or directory
ls: cannot access '/p/scratch/cesmtst/patakchiyousefi1/FORECASTLEAD_CESMTST_SCRATCH/HRES_DUMP3/*day*08*2020040613*': No such file or directory
ls: cannot access '/p/scratch/cesmtst/patakchiyousefi1/FORECASTLEAD_CESMTST_SCRATCH/HRES_DUMP3/*day*09*2020040619*': No such file or directory
ls: cannot access '/p/scratch/cesmtst/patakchiyousefi1/FORECASTLEAD_CESMTST_SCRATCH/HRES_DUMP3/*day*09*2020040701*': No such file or directory
ls: cannot access '/p/scratch/cesmtst/patakchiyousefi1/FORECASTLEAD_CESMTST_SCRATCH/HRES_DUMP3/*day*09*2020040707*': No such file or directory
ls: cannot access '/p/scratch/cesmtst/patakchiyousefi1/FORECASTLEAD_CESMTST_SCRATCH/HRES_DUMP3/*day*09*2020040713*': No such file or directory
ls: cannot access '/p/scratch/cesmtst/patakchiyousefi1/FORECASTLEAD_CESMTST_SCRATCH/HRES_DUMP3/*day*10*2020040719*': No such file or directory
ls: cannot access '/p/scratch/cesmtst/patakchiyousefi1/FORECASTLEAD_CESMTST_SCRATCH/HRES_DUMP3/*day*10*2020040801*': No such file or directory
ls: cannot access '/p/scratch/cesmtst/patakchiyousefi1/FORECASTLEAD_CESMTST_SCRATCH/HRES_DUMP3/*day*10*2020040807*': No such file or directory
ls: cannot access '/p/scratch/cesmtst/patakchiyousefi1/FORECASTLEAD_CESMTST_SCRATCH/HRES_DUMP3/*day*10*2020040813*': No such file or directory

cdo (Abort): Input streams missing!
cdo(1) copy: Open failed on >/p/scratch/cesmtst/patakchiyousefi1/FORECASTLEAD_CESMTST_SCRATCH/HRES_DUMP5/ADAPTER_DE05_20200329.12.90-144-3.boundary_1.tp.nc<
             No such file or directory
terminate called without an active exception
/p/project/cesmtst/patakchiyousefi1/CODES-MS3/FORECASTLEAD/HRES_POST2.sh: line 132: 20597 Aborted                 cdo -O -b F64 --no_history -seltimestep,19 -copy $merged_output33 $merged_output222
cdo(1) mergetime: Open failed on >/p/scratch/cesmtst/patakchiyousefi1/FORECASTLEAD_CESMTST_SCRATCH/HRES_DUMP4/ADAPTER_DE05_20200329.12.144-240-prev.nc<
                  No such file or directory
terminate called without an active exception
/p/project/cesmtst/patakchiyousefi1/CODES-MS3/FORECASTLEAD/HRES_POST2.sh: line 132: 20599 Aborted                 cdo -O -b F64 --no_history -timcumsum -mergetime $merged_output222 $merged_output111 $merged_output333
cdo    replace: Open failed on >/p/scratch/cesmtst/patakchiyousefi1/FORECASTLEAD_CESMTST_SCRATCH/HRES_DUMP5/ADAPTER_DE05_20200329.12.144-240-6.boundary_1.tp.nc<
                No such file or directory
ncatted: ERROR file /p/scratch/cesmtst/patakchiyousefi1/FORECASTLEAD_CESMTST_SCRATCH/HRES_POST/ADAPTER_DE05_20200329.12.144-240-6.boundary_1.nc not found. It does not exist on the local filesystem, nor does it match remote filename patterns (e.g., http://foo or foo.bar.edu:file).
ncatted: HINT file-not-found errors usually arise from filename typos, incorrect paths, missing files, or capricious gods. Please verify spelling and location of requested file. If the file resides on a High Performance Storage System (HPSS) accessible via the 'hsi' command, then add the --hpss option and re-try command.
rm: cannot remove '/p/scratch/cesmtst/patakchiyousefi1/FORECASTLEAD_CESMTST_SCRATCH/HRES_DUMP4/ADAPTER_DE05_20200329.13.144-240-6.boundary_1.tp.nc': No such file or directory
rm: cannot remove '/p/scratch/cesmtst/patakchiyousefi1/FORECASTLEAD_CESMTST_SCRATCH/HRES_DUMP4/ADAPTER_DE05_20200329.12.144-240-prev.nc': No such file or directory
ls: cannot access '/p/scratch/cesmtst/patakchiyousefi1/FORECASTLEAD_CESMTST_SCRATCH/HRES_DUMP3/*day*04*2020040307*': No such file or directory

cdo    replace (Abort): Input streams have different number of timesteps!
ls: cannot access '/p/scratch/cesmtst/patakchiyousefi1/FORECASTLEAD_CESMTST_SCRATCH/HRES_DUMP3/*day*04*2020040307*': No such file or directory
ls: cannot access '/p/scratch/cesmtst/patakchiyousefi1/FORECASTLEAD_CESMTST_SCRATCH/HRES_DUMP3/*day*04*2020040310*': No such file or directory
ls: cannot access '/p/scratch/cesmtst/patakchiyousefi1/FORECASTLEAD_CESMTST_SCRATCH/HRES_DUMP3/*day*05*2020040316*': No such file or directory
ls: cannot access '/p/scratch/cesmtst/patakchiyousefi1/FORECASTLEAD_CESMTST_SCRATCH/HRES_DUMP3/*day*05*2020040319*': No such file or directory
ls: cannot access '/p/scratch/cesmtst/patakchiyousefi1/FORECASTLEAD_CESMTST_SCRATCH/HRES_DUMP3/*day*05*2020040322*': No such file or directory
ls: cannot access '/p/scratch/cesmtst/patakchiyousefi1/FORECASTLEAD_CESMTST_SCRATCH/HRES_DUMP3/*day*05*2020040401*': No such file or directory
ls: cannot access '/p/scratch/cesmtst/patakchiyousefi1/FORECASTLEAD_CESMTST_SCRATCH/HRES_DUMP3/*day*05*2020040404*': No such file or directory
ls: cannot access '/p/scratch/cesmtst/patakchiyousefi1/FORECASTLEAD_CESMTST_SCRATCH/HRES_DUMP3/*day*05*2020040407*': No such file or directory
ls: cannot access '/p/scratch/cesmtst/patakchiyousefi1/FORECASTLEAD_CESMTST_SCRATCH/HRES_DUMP3/*day*05*2020040410*': No such file or directory
ls: cannot access '/p/scratch/cesmtst/patakchiyousefi1/FORECASTLEAD_CESMTST_SCRATCH/HRES_DUMP3/*day*05*2020040413*': No such file or directory
ls: cannot access '/p/scratch/cesmtst/patakchiyousefi1/FORECASTLEAD_CESMTST_SCRATCH/HRES_DUMP3/*day*06*2020040416*': No such file or directory
ls: cannot access '/p/scratch/cesmtst/patakchiyousefi1/FORECASTLEAD_CESMTST_SCRATCH/HRES_DUMP3/*day*06*2020040419*': No such file or directory
ls: cannot access '/p/scratch/cesmtst/patakchiyousefi1/FORECASTLEAD_CESMTST_SCRATCH/HRES_DUMP3/*day*06*2020040422*': No such file or directory
ls: cannot access '/p/scratch/cesmtst/patakchiyousefi1/FORECASTLEAD_CESMTST_SCRATCH/HRES_DUMP3/*day*06*2020040501*': No such file or directory
ls: cannot access '/p/scratch/cesmtst/patakchiyousefi1/FORECASTLEAD_CESMTST_SCRATCH/HRES_DUMP3/*day*06*2020040504*': No such file or directory
ls: cannot access '/p/scratch/cesmtst/patakchiyousefi1/FORECASTLEAD_CESMTST_SCRATCH/HRES_DUMP3/*day*06*2020040507*': No such file or directory
ls: cannot access '/p/scratch/cesmtst/patakchiyousefi1/FORECASTLEAD_CESMTST_SCRATCH/HRES_DUMP3/*day*06*2020040510*': No such file or directory
ls: cannot access '/p/scratch/cesmtst/patakchiyousefi1/FORECASTLEAD_CESMTST_SCRATCH/HRES_DUMP3/*day*06*2020040513*': No such file or directory
cdo    seltimestep (Warning): Timesteps 2-19 not found!

cdo    seltimestep (Abort): No timesteps selected!
cdo    seltimestep (Warning): Timestep 91 not found!

cdo    seltimestep (Abort): No timesteps selected!
cdo(1) mergetime: Open failed on >/p/scratch/cesmtst/patakchiyousefi1/FORECASTLEAD_CESMTST_SCRATCH/HRES_DUMP4/ADAPTER_DE05_20200330.12.90-144-prev.nc<
                  No such file or directory
terminate called without an active exception
/p/project/cesmtst/patakchiyousefi1/CODES-MS3/FORECASTLEAD/HRES_POST2.sh: line 132: 21690 Aborted                 cdo -O -b F64 --no_history -timcumsum -mergetime $merged_output22 $merged_output11 $merged_output33
cdo    replace: Open failed on >/p/scratch/cesmtst/patakchiyousefi1/FORECASTLEAD_CESMTST_SCRATCH/HRES_DUMP5/ADAPTER_DE05_20200330.12.90-144-3.boundary_1.tp.nc<
                No such file or directory
ncatted: ERROR file /p/scratch/cesmtst/patakchiyousefi1/FORECASTLEAD_CESMTST_SCRATCH/HRES_POST/ADAPTER_DE05_20200330.12.90-144-3.boundary_1.nc not found. It does not exist on the local filesystem, nor does it match remote filename patterns (e.g., http://foo or foo.bar.edu:file).
ncatted: HINT file-not-found errors usually arise from filename typos, incorrect paths, missing files, or capricious gods. Please verify spelling and location of requested file. If the file resides on a High Performance Storage System (HPSS) accessible via the 'hsi' command, then add the --hpss option and re-try command.
rm: cannot remove '/p/scratch/cesmtst/patakchiyousefi1/FORECASTLEAD_CESMTST_SCRATCH/HRES_DUMP4/ADAPTER_DE05_20200330.13.90-144-3.boundary_1.tp.nc': No such file or directory
rm: cannot remove '/p/scratch/cesmtst/patakchiyousefi1/FORECASTLEAD_CESMTST_SCRATCH/HRES_DUMP4/ADAPTER_DE05_20200330.12.90-144-prev.nc': No such file or directory
ls: cannot access '/p/scratch/cesmtst/patakchiyousefi1/FORECASTLEAD_CESMTST_SCRATCH/HRES_DUMP3/*day*06*2020040513*': No such file or directory
ls: cannot access '/p/scratch/cesmtst/patakchiyousefi1/FORECASTLEAD_CESMTST_SCRATCH/HRES_DUMP3/*day*07*2020040519*': No such file or directory
ls: cannot access '/p/scratch/cesmtst/patakchiyousefi1/FORECASTLEAD_CESMTST_SCRATCH/HRES_DUMP3/*day*07*2020040601*': No such file or directory
ls: cannot access '/p/scratch/cesmtst/patakchiyousefi1/FORECASTLEAD_CESMTST_SCRATCH/HRES_DUMP3/*day*07*2020040607*': No such file or directory
ls: cannot access '/p/scratch/cesmtst/patakchiyousefi1/FORECASTLEAD_CESMTST_SCRATCH/HRES_DUMP3/*day*07*2020040613*': No such file or directory
ls: cannot access '/p/scratch/cesmtst/patakchiyousefi1/FORECASTLEAD_CESMTST_SCRATCH/HRES_DUMP3/*day*08*2020040619*': No such file or directory
ls: cannot access '/p/scratch/cesmtst/patakchiyousefi1/FORECASTLEAD_CESMTST_SCRATCH/HRES_DUMP3/*day*08*2020040701*': No such file or directory
ls: cannot access '/p/scratch/cesmtst/patakchiyousefi1/FORECASTLEAD_CESMTST_SCRATCH/HRES_DUMP3/*day*08*2020040707*': No such file or directory
ls: cannot access '/p/scratch/cesmtst/patakchiyousefi1/FORECASTLEAD_CESMTST_SCRATCH/HRES_DUMP3/*day*08*2020040713*': No such file or directory
ls: cannot access '/p/scratch/cesmtst/patakchiyousefi1/FORECASTLEAD_CESMTST_SCRATCH/HRES_DUMP3/*day*09*2020040719*': No such file or directory
ls: cannot access '/p/scratch/cesmtst/patakchiyousefi1/FORECASTLEAD_CESMTST_SCRATCH/HRES_DUMP3/*day*09*2020040801*': No such file or directory
ls: cannot access '/p/scratch/cesmtst/patakchiyousefi1/FORECASTLEAD_CESMTST_SCRATCH/HRES_DUMP3/*day*09*2020040807*': No such file or directory
ls: cannot access '/p/scratch/cesmtst/patakchiyousefi1/FORECASTLEAD_CESMTST_SCRATCH/HRES_DUMP3/*day*09*2020040813*': No such file or directory
ls: cannot access '/p/scratch/cesmtst/patakchiyousefi1/FORECASTLEAD_CESMTST_SCRATCH/HRES_DUMP3/*day*10*2020040819*': No such file or directory
ls: cannot access '/p/scratch/cesmtst/patakchiyousefi1/FORECASTLEAD_CESMTST_SCRATCH/HRES_DUMP3/*day*10*2020040901*': No such file or directory
ls: cannot access '/p/scratch/cesmtst/patakchiyousefi1/FORECASTLEAD_CESMTST_SCRATCH/HRES_DUMP3/*day*10*2020040907*': No such file or directory
ls: cannot access '/p/scratch/cesmtst/patakchiyousefi1/FORECASTLEAD_CESMTST_SCRATCH/HRES_DUMP3/*day*10*2020040913*': No such file or directory

cdo (Abort): Input streams missing!
cdo(1) copy: Open failed on >/p/scratch/cesmtst/patakchiyousefi1/FORECASTLEAD_CESMTST_SCRATCH/HRES_DUMP5/ADAPTER_DE05_20200330.12.90-144-3.boundary_1.tp.nc<
             No such file or directory
terminate called without an active exception
/p/project/cesmtst/patakchiyousefi1/CODES-MS3/FORECASTLEAD/HRES_POST2.sh: line 132: 21868 Aborted                 cdo -O -b F64 --no_history -seltimestep,19 -copy $merged_output33 $merged_output222
cdo(1) mergetime: Open failed on >/p/scratch/cesmtst/patakchiyousefi1/FORECASTLEAD_CESMTST_SCRATCH/HRES_DUMP4/ADAPTER_DE05_20200330.12.144-240-prev.nc<
                  No such file or directory
terminate called without an active exception
/p/project/cesmtst/patakchiyousefi1/CODES-MS3/FORECASTLEAD/HRES_POST2.sh: line 132: 21870 Aborted                 cdo -O -b F64 --no_history -timcumsum -mergetime $merged_output222 $merged_output111 $merged_output333
cdo    replace: Open failed on >/p/scratch/cesmtst/patakchiyousefi1/FORECASTLEAD_CESMTST_SCRATCH/HRES_DUMP5/ADAPTER_DE05_20200330.12.144-240-6.boundary_1.tp.nc<
                No such file or directory
ncatted: ERROR file /p/scratch/cesmtst/patakchiyousefi1/FORECASTLEAD_CESMTST_SCRATCH/HRES_POST/ADAPTER_DE05_20200330.12.144-240-6.boundary_1.nc not found. It does not exist on the local filesystem, nor does it match remote filename patterns (e.g., http://foo or foo.bar.edu:file).
ncatted: HINT file-not-found errors usually arise from filename typos, incorrect paths, missing files, or capricious gods. Please verify spelling and location of requested file. If the file resides on a High Performance Storage System (HPSS) accessible via the 'hsi' command, then add the --hpss option and re-try command.
rm: cannot remove '/p/scratch/cesmtst/patakchiyousefi1/FORECASTLEAD_CESMTST_SCRATCH/HRES_DUMP4/ADAPTER_DE05_20200330.13.144-240-6.boundary_1.tp.nc': No such file or directory
rm: cannot remove '/p/scratch/cesmtst/patakchiyousefi1/FORECASTLEAD_CESMTST_SCRATCH/HRES_DUMP4/ADAPTER_DE05_20200330.12.144-240-prev.nc': No such file or directory
ls: cannot access '/p/scratch/cesmtst/patakchiyousefi1/FORECASTLEAD_CESMTST_SCRATCH/HRES_DUMP3/*day*04*2020040407*': No such file or directory

cdo    replace (Abort): Input streams have different number of timesteps!
ls: cannot access '/p/scratch/cesmtst/patakchiyousefi1/FORECASTLEAD_CESMTST_SCRATCH/HRES_DUMP3/*day*04*2020040407*': No such file or directory
ls: cannot access '/p/scratch/cesmtst/patakchiyousefi1/FORECASTLEAD_CESMTST_SCRATCH/HRES_DUMP3/*day*04*2020040410*': No such file or directory
ls: cannot access '/p/scratch/cesmtst/patakchiyousefi1/FORECASTLEAD_CESMTST_SCRATCH/HRES_DUMP3/*day*05*2020040416*': No such file or directory
ls: cannot access '/p/scratch/cesmtst/patakchiyousefi1/FORECASTLEAD_CESMTST_SCRATCH/HRES_DUMP3/*day*05*2020040419*': No such file or directory
ls: cannot access '/p/scratch/cesmtst/patakchiyousefi1/FORECASTLEAD_CESMTST_SCRATCH/HRES_DUMP3/*day*05*2020040422*': No such file or directory
ls: cannot access '/p/scratch/cesmtst/patakchiyousefi1/FORECASTLEAD_CESMTST_SCRATCH/HRES_DUMP3/*day*05*2020040501*': No such file or directory
ls: cannot access '/p/scratch/cesmtst/patakchiyousefi1/FORECASTLEAD_CESMTST_SCRATCH/HRES_DUMP3/*day*05*2020040504*': No such file or directory
ls: cannot access '/p/scratch/cesmtst/patakchiyousefi1/FORECASTLEAD_CESMTST_SCRATCH/HRES_DUMP3/*day*05*2020040507*': No such file or directory
ls: cannot access '/p/scratch/cesmtst/patakchiyousefi1/FORECASTLEAD_CESMTST_SCRATCH/HRES_DUMP3/*day*05*2020040510*': No such file or directory
ls: cannot access '/p/scratch/cesmtst/patakchiyousefi1/FORECASTLEAD_CESMTST_SCRATCH/HRES_DUMP3/*day*05*2020040513*': No such file or directory
ls: cannot access '/p/scratch/cesmtst/patakchiyousefi1/FORECASTLEAD_CESMTST_SCRATCH/HRES_DUMP3/*day*06*2020040516*': No such file or directory
ls: cannot access '/p/scratch/cesmtst/patakchiyousefi1/FORECASTLEAD_CESMTST_SCRATCH/HRES_DUMP3/*day*06*2020040519*': No such file or directory
ls: cannot access '/p/scratch/cesmtst/patakchiyousefi1/FORECASTLEAD_CESMTST_SCRATCH/HRES_DUMP3/*day*06*2020040522*': No such file or directory
ls: cannot access '/p/scratch/cesmtst/patakchiyousefi1/FORECASTLEAD_CESMTST_SCRATCH/HRES_DUMP3/*day*06*2020040601*': No such file or directory
ls: cannot access '/p/scratch/cesmtst/patakchiyousefi1/FORECASTLEAD_CESMTST_SCRATCH/HRES_DUMP3/*day*06*2020040604*': No such file or directory
ls: cannot access '/p/scratch/cesmtst/patakchiyousefi1/FORECASTLEAD_CESMTST_SCRATCH/HRES_DUMP3/*day*06*2020040607*': No such file or directory
ls: cannot access '/p/scratch/cesmtst/patakchiyousefi1/FORECASTLEAD_CESMTST_SCRATCH/HRES_DUMP3/*day*06*2020040610*': No such file or directory
ls: cannot access '/p/scratch/cesmtst/patakchiyousefi1/FORECASTLEAD_CESMTST_SCRATCH/HRES_DUMP3/*day*06*2020040613*': No such file or directory
cdo    seltimestep (Warning): Timesteps 2-19 not found!

cdo    seltimestep (Abort): No timesteps selected!
cdo    seltimestep (Warning): Timestep 91 not found!

cdo    seltimestep (Abort): No timesteps selected!
cdo(1) mergetime: Open failed on >/p/scratch/cesmtst/patakchiyousefi1/FORECASTLEAD_CESMTST_SCRATCH/HRES_DUMP4/ADAPTER_DE05_20200331.12.90-144-prev.nc<
                  No such file or directory
terminate called without an active exception
/p/project/cesmtst/patakchiyousefi1/CODES-MS3/FORECASTLEAD/HRES_POST2.sh: line 132: 22944 Aborted                 cdo -O -b F64 --no_history -timcumsum -mergetime $merged_output22 $merged_output11 $merged_output33
cdo    replace: Open failed on >/p/scratch/cesmtst/patakchiyousefi1/FORECASTLEAD_CESMTST_SCRATCH/HRES_DUMP5/ADAPTER_DE05_20200331.12.90-144-3.boundary_1.tp.nc<
                No such file or directory
ncatted: ERROR file /p/scratch/cesmtst/patakchiyousefi1/FORECASTLEAD_CESMTST_SCRATCH/HRES_POST/ADAPTER_DE05_20200331.12.90-144-3.boundary_1.nc not found. It does not exist on the local filesystem, nor does it match remote filename patterns (e.g., http://foo or foo.bar.edu:file).
ncatted: HINT file-not-found errors usually arise from filename typos, incorrect paths, missing files, or capricious gods. Please verify spelling and location of requested file. If the file resides on a High Performance Storage System (HPSS) accessible via the 'hsi' command, then add the --hpss option and re-try command.
rm: cannot remove '/p/scratch/cesmtst/patakchiyousefi1/FORECASTLEAD_CESMTST_SCRATCH/HRES_DUMP4/ADAPTER_DE05_20200331.13.90-144-3.boundary_1.tp.nc': No such file or directory
rm: cannot remove '/p/scratch/cesmtst/patakchiyousefi1/FORECASTLEAD_CESMTST_SCRATCH/HRES_DUMP4/ADAPTER_DE05_20200331.12.90-144-prev.nc': No such file or directory
ls: cannot access '/p/scratch/cesmtst/patakchiyousefi1/FORECASTLEAD_CESMTST_SCRATCH/HRES_DUMP3/*day*06*2020040613*': No such file or directory
ls: cannot access '/p/scratch/cesmtst/patakchiyousefi1/FORECASTLEAD_CESMTST_SCRATCH/HRES_DUMP3/*day*07*2020040619*': No such file or directory
ls: cannot access '/p/scratch/cesmtst/patakchiyousefi1/FORECASTLEAD_CESMTST_SCRATCH/HRES_DUMP3/*day*07*2020040701*': No such file or directory
ls: cannot access '/p/scratch/cesmtst/patakchiyousefi1/FORECASTLEAD_CESMTST_SCRATCH/HRES_DUMP3/*day*07*2020040707*': No such file or directory
ls: cannot access '/p/scratch/cesmtst/patakchiyousefi1/FORECASTLEAD_CESMTST_SCRATCH/HRES_DUMP3/*day*07*2020040713*': No such file or directory
ls: cannot access '/p/scratch/cesmtst/patakchiyousefi1/FORECASTLEAD_CESMTST_SCRATCH/HRES_DUMP3/*day*08*2020040719*': No such file or directory
ls: cannot access '/p/scratch/cesmtst/patakchiyousefi1/FORECASTLEAD_CESMTST_SCRATCH/HRES_DUMP3/*day*08*2020040801*': No such file or directory
ls: cannot access '/p/scratch/cesmtst/patakchiyousefi1/FORECASTLEAD_CESMTST_SCRATCH/HRES_DUMP3/*day*08*2020040807*': No such file or directory
ls: cannot access '/p/scratch/cesmtst/patakchiyousefi1/FORECASTLEAD_CESMTST_SCRATCH/HRES_DUMP3/*day*08*2020040813*': No such file or directory
ls: cannot access '/p/scratch/cesmtst/patakchiyousefi1/FORECASTLEAD_CESMTST_SCRATCH/HRES_DUMP3/*day*09*2020040819*': No such file or directory
ls: cannot access '/p/scratch/cesmtst/patakchiyousefi1/FORECASTLEAD_CESMTST_SCRATCH/HRES_DUMP3/*day*09*2020040901*': No such file or directory
ls: cannot access '/p/scratch/cesmtst/patakchiyousefi1/FORECASTLEAD_CESMTST_SCRATCH/HRES_DUMP3/*day*09*2020040907*': No such file or directory
ls: cannot access '/p/scratch/cesmtst/patakchiyousefi1/FORECASTLEAD_CESMTST_SCRATCH/HRES_DUMP3/*day*09*2020040913*': No such file or directory
ls: cannot access '/p/scratch/cesmtst/patakchiyousefi1/FORECASTLEAD_CESMTST_SCRATCH/HRES_DUMP3/*day*10*2020040919*': No such file or directory
ls: cannot access '/p/scratch/cesmtst/patakchiyousefi1/FORECASTLEAD_CESMTST_SCRATCH/HRES_DUMP3/*day*10*2020041001*': No such file or directory
ls: cannot access '/p/scratch/cesmtst/patakchiyousefi1/FORECASTLEAD_CESMTST_SCRATCH/HRES_DUMP3/*day*10*2020041007*': No such file or directory
ls: cannot access '/p/scratch/cesmtst/patakchiyousefi1/FORECASTLEAD_CESMTST_SCRATCH/HRES_DUMP3/*day*10*2020041013*': No such file or directory

cdo (Abort): Input streams missing!
cdo(1) copy: Open failed on >/p/scratch/cesmtst/patakchiyousefi1/FORECASTLEAD_CESMTST_SCRATCH/HRES_DUMP5/ADAPTER_DE05_20200331.12.90-144-3.boundary_1.tp.nc<
             No such file or directory
terminate called without an active exception
/p/project/cesmtst/patakchiyousefi1/CODES-MS3/FORECASTLEAD/HRES_POST2.sh: line 132: 23126 Aborted                 cdo -O -b F64 --no_history -seltimestep,19 -copy $merged_output33 $merged_output222
cdo(1) mergetime: Open failed on >/p/scratch/cesmtst/patakchiyousefi1/FORECASTLEAD_CESMTST_SCRATCH/HRES_DUMP4/ADAPTER_DE05_20200331.12.144-240-prev.nc<
                  No such file or directory
terminate called without an active exception
/p/project/cesmtst/patakchiyousefi1/CODES-MS3/FORECASTLEAD/HRES_POST2.sh: line 132: 23128 Aborted                 cdo -O -b F64 --no_history -timcumsum -mergetime $merged_output222 $merged_output111 $merged_output333
cdo    replace: Open failed on >/p/scratch/cesmtst/patakchiyousefi1/FORECASTLEAD_CESMTST_SCRATCH/HRES_DUMP5/ADAPTER_DE05_20200331.12.144-240-6.boundary_1.tp.nc<
                No such file or directory
ncatted: ERROR file /p/scratch/cesmtst/patakchiyousefi1/FORECASTLEAD_CESMTST_SCRATCH/HRES_POST/ADAPTER_DE05_20200331.12.144-240-6.boundary_1.nc not found. It does not exist on the local filesystem, nor does it match remote filename patterns (e.g., http://foo or foo.bar.edu:file).
ncatted: HINT file-not-found errors usually arise from filename typos, incorrect paths, missing files, or capricious gods. Please verify spelling and location of requested file. If the file resides on a High Performance Storage System (HPSS) accessible via the 'hsi' command, then add the --hpss option and re-try command.
rm: cannot remove '/p/scratch/cesmtst/patakchiyousefi1/FORECASTLEAD_CESMTST_SCRATCH/HRES_DUMP4/ADAPTER_DE05_20200331.13.144-240-6.boundary_1.tp.nc': No such file or directory
rm: cannot remove '/p/scratch/cesmtst/patakchiyousefi1/FORECASTLEAD_CESMTST_SCRATCH/HRES_DUMP4/ADAPTER_DE05_20200331.12.144-240-prev.nc': No such file or directory
