mkdir: cannot create directory ‘/p/project1/deepacf’: Permission denied
mkdir: cannot create directory ‘/p/project1/deepacf’: Permission denied
2025-02-05 03:06:38.034044: I tensorflow/core/common_runtime/gpu/gpu_device.cc:1613] Created device /job:localhost/replica:0/task:0/device:GPU:0 with 14782 MB memory:  -> device: 0, name: Tesla V100-SXM2-16GB, pci bus id: 0000:60:00.0, compute capability: 7.0
2025-02-05 03:06:38.034748: I tensorflow/core/common_runtime/gpu/gpu_device.cc:1613] Created device /job:localhost/replica:0/task:0/device:GPU:1 with 14782 MB memory:  -> device: 1, name: Tesla V100-SXM2-16GB, pci bus id: 0000:61:00.0, compute capability: 7.0
2025-02-05 03:06:38.035379: I tensorflow/core/common_runtime/gpu/gpu_device.cc:1613] Created device /job:localhost/replica:0/task:0/device:GPU:2 with 14782 MB memory:  -> device: 2, name: Tesla V100-SXM2-16GB, pci bus id: 0000:88:00.0, compute capability: 7.0
2025-02-05 03:06:38.035953: I tensorflow/core/common_runtime/gpu/gpu_device.cc:1613] Created device /job:localhost/replica:0/task:0/device:GPU:3 with 14782 MB memory:  -> device: 3, name: Tesla V100-SXM2-16GB, pci bus id: 0000:89:00.0, compute capability: 7.0
2025-02-05 03:06:41.038275: I tensorflow/core/common_runtime/gpu/gpu_device.cc:1613] Created device /job:localhost/replica:0/task:0/device:GPU:0 with 14782 MB memory:  -> device: 0, name: Tesla V100-SXM2-16GB, pci bus id: 0000:60:00.0, compute capability: 7.0
2025-02-05 03:06:41.039015: I tensorflow/core/common_runtime/gpu/gpu_device.cc:1613] Created device /job:localhost/replica:0/task:0/device:GPU:1 with 14782 MB memory:  -> device: 1, name: Tesla V100-SXM2-16GB, pci bus id: 0000:61:00.0, compute capability: 7.0
2025-02-05 03:06:41.039624: I tensorflow/core/common_runtime/gpu/gpu_device.cc:1613] Created device /job:localhost/replica:0/task:0/device:GPU:2 with 14782 MB memory:  -> device: 2, name: Tesla V100-SXM2-16GB, pci bus id: 0000:88:00.0, compute capability: 7.0
2025-02-05 03:06:41.040158: I tensorflow/core/common_runtime/gpu/gpu_device.cc:1613] Created device /job:localhost/replica:0/task:0/device:GPU:3 with 14782 MB memory:  -> device: 3, name: Tesla V100-SXM2-16GB, pci bus id: 0000:89:00.0, compute capability: 7.0
2025-02-05 03:06:42.474841: I tensorflow/core/common_runtime/gpu/gpu_device.cc:1613] Created device /job:localhost/replica:0/task:0/device:GPU:0 with 14782 MB memory:  -> device: 0, name: Tesla V100-SXM2-16GB, pci bus id: 0000:60:00.0, compute capability: 7.0
2025-02-05 03:06:42.475515: I tensorflow/core/common_runtime/gpu/gpu_device.cc:1613] Created device /job:localhost/replica:0/task:0/device:GPU:1 with 14782 MB memory:  -> device: 1, name: Tesla V100-SXM2-16GB, pci bus id: 0000:61:00.0, compute capability: 7.0
2025-02-05 03:06:42.476082: I tensorflow/core/common_runtime/gpu/gpu_device.cc:1613] Created device /job:localhost/replica:0/task:0/device:GPU:2 with 14782 MB memory:  -> device: 2, name: Tesla V100-SXM2-16GB, pci bus id: 0000:88:00.0, compute capability: 7.0
2025-02-05 03:06:42.476616: I tensorflow/core/common_runtime/gpu/gpu_device.cc:1613] Created device /job:localhost/replica:0/task:0/device:GPU:3 with 14782 MB memory:  -> device: 3, name: Tesla V100-SXM2-16GB, pci bus id: 0000:89:00.0, compute capability: 7.0
2025-02-05 03:06:43.295198: I tensorflow/core/common_runtime/gpu/gpu_device.cc:1613] Created device /job:localhost/replica:0/task:0/device:GPU:0 with 14782 MB memory:  -> device: 0, name: Tesla V100-SXM2-16GB, pci bus id: 0000:60:00.0, compute capability: 7.0
2025-02-05 03:06:43.295894: I tensorflow/core/common_runtime/gpu/gpu_device.cc:1613] Created device /job:localhost/replica:0/task:0/device:GPU:1 with 14782 MB memory:  -> device: 1, name: Tesla V100-SXM2-16GB, pci bus id: 0000:61:00.0, compute capability: 7.0
2025-02-05 03:06:43.296450: I tensorflow/core/common_runtime/gpu/gpu_device.cc:1613] Created device /job:localhost/replica:0/task:0/device:GPU:2 with 14782 MB memory:  -> device: 2, name: Tesla V100-SXM2-16GB, pci bus id: 0000:88:00.0, compute capability: 7.0
2025-02-05 03:06:43.297019: I tensorflow/core/common_runtime/gpu/gpu_device.cc:1613] Created device /job:localhost/replica:0/task:0/device:GPU:3 with 14782 MB memory:  -> device: 3, name: Tesla V100-SXM2-16GB, pci bus id: 0000:89:00.0, compute capability: 7.0
2025-02-05 03:06:45.386643: I tensorflow/core/common_runtime/gpu/gpu_device.cc:1613] Created device /job:localhost/replica:0/task:0/device:GPU:0 with 14782 MB memory:  -> device: 0, name: Tesla V100-SXM2-16GB, pci bus id: 0000:60:00.0, compute capability: 7.0
2025-02-05 03:06:45.387373: I tensorflow/core/common_runtime/gpu/gpu_device.cc:1613] Created device /job:localhost/replica:0/task:0/device:GPU:1 with 14782 MB memory:  -> device: 1, name: Tesla V100-SXM2-16GB, pci bus id: 0000:61:00.0, compute capability: 7.0
2025-02-05 03:06:45.387933: I tensorflow/core/common_runtime/gpu/gpu_device.cc:1613] Created device /job:localhost/replica:0/task:0/device:GPU:2 with 14782 MB memory:  -> device: 2, name: Tesla V100-SXM2-16GB, pci bus id: 0000:88:00.0, compute capability: 7.0
2025-02-05 03:06:45.388496: I tensorflow/core/common_runtime/gpu/gpu_device.cc:1613] Created device /job:localhost/replica:0/task:0/device:GPU:3 with 14782 MB memory:  -> device: 3, name: Tesla V100-SXM2-16GB, pci bus id: 0000:89:00.0, compute capability: 7.0
2025-02-05 03:06:50.300290: I tensorflow/compiler/xla/stream_executor/cuda/cuda_dnn.cc:428] Loaded cuDNN version 8600
2025-02-05 03:06:51.758345: I tensorflow/compiler/xla/stream_executor/cuda/cuda_dnn.cc:428] Loaded cuDNN version 8600
2025-02-05 03:06:53.277592: I tensorflow/compiler/xla/stream_executor/cuda/cuda_dnn.cc:428] Loaded cuDNN version 8600
2025-02-05 03:06:54.683308: I tensorflow/compiler/xla/stream_executor/cuda/cuda_dnn.cc:428] Loaded cuDNN version 8600
2025-02-05 03:06:54.727629: I tensorflow/compiler/xla/stream_executor/cuda/cuda_dnn.cc:428] Loaded cuDNN version 8600
2025-02-05 03:06:55.507484: I tensorflow/compiler/xla/stream_executor/cuda/cuda_dnn.cc:428] Loaded cuDNN version 8600
2025-02-05 03:06:55.614200: I tensorflow/compiler/xla/stream_executor/cuda/cuda_dnn.cc:428] Loaded cuDNN version 8600
2025-02-05 03:06:56.369172: I tensorflow/compiler/xla/stream_executor/cuda/cuda_dnn.cc:428] Loaded cuDNN version 8600
2025-02-05 03:06:56.509828: I tensorflow/compiler/xla/stream_executor/cuda/cuda_dnn.cc:428] Loaded cuDNN version 8600
2025-02-05 03:06:56.955869: I tensorflow/compiler/xla/stream_executor/cuda/cuda_dnn.cc:428] Loaded cuDNN version 8600
2025-02-05 03:06:57.384909: I tensorflow/compiler/xla/stream_executor/cuda/cuda_dnn.cc:428] Loaded cuDNN version 8600
2025-02-05 03:06:57.589729: I tensorflow/compiler/xla/stream_executor/cuda/cuda_dnn.cc:428] Loaded cuDNN version 8600
2025-02-05 03:06:57.960755: I tensorflow/compiler/xla/service/service.cc:173] XLA service 0x1483c45e5090 initialized for platform CUDA (this does not guarantee that XLA will be used). Devices:
2025-02-05 03:06:57.960792: I tensorflow/compiler/xla/service/service.cc:181]   StreamExecutor device (0): Tesla V100-SXM2-16GB, Compute Capability 7.0
2025-02-05 03:06:57.960798: I tensorflow/compiler/xla/service/service.cc:181]   StreamExecutor device (1): Tesla V100-SXM2-16GB, Compute Capability 7.0
2025-02-05 03:06:57.960803: I tensorflow/compiler/xla/service/service.cc:181]   StreamExecutor device (2): Tesla V100-SXM2-16GB, Compute Capability 7.0
2025-02-05 03:06:57.960808: I tensorflow/compiler/xla/service/service.cc:181]   StreamExecutor device (3): Tesla V100-SXM2-16GB, Compute Capability 7.0
2025-02-05 03:06:57.966959: I tensorflow/compiler/mlir/tensorflow/utils/dump_mlir_util.cc:268] disabling MLIR crash reproducer, set env var `MLIR_CRASH_REPRODUCER_DIRECTORY` to enable.
2025-02-05 03:06:58.142513: I tensorflow/compiler/jit/xla_compilation_cache.cc:477] Compiled cluster using XLA!  This line is logged at most once for the lifetime of the process.
2025-02-05 03:06:58.383852: I tensorflow/compiler/xla/stream_executor/cuda/cuda_dnn.cc:428] Loaded cuDNN version 8600
2025-02-05 03:06:59.060540: I tensorflow/compiler/xla/stream_executor/cuda/cuda_dnn.cc:428] Loaded cuDNN version 8600
2025-02-05 03:06:59.950601: I tensorflow/compiler/xla/stream_executor/cuda/cuda_dnn.cc:428] Loaded cuDNN version 8600
2025-02-05 03:07:00.844410: I tensorflow/compiler/xla/stream_executor/cuda/cuda_dnn.cc:428] Loaded cuDNN version 8600
2025-02-05 03:07:03.062606: I tensorflow/compiler/xla/service/service.cc:173] XLA service 0x14ef7bafe330 initialized for platform CUDA (this does not guarantee that XLA will be used). Devices:
2025-02-05 03:07:03.062642: I tensorflow/compiler/xla/service/service.cc:181]   StreamExecutor device (0): Tesla V100-SXM2-16GB, Compute Capability 7.0
2025-02-05 03:07:03.062648: I tensorflow/compiler/xla/service/service.cc:181]   StreamExecutor device (1): Tesla V100-SXM2-16GB, Compute Capability 7.0
2025-02-05 03:07:03.062653: I tensorflow/compiler/xla/service/service.cc:181]   StreamExecutor device (2): Tesla V100-SXM2-16GB, Compute Capability 7.0
2025-02-05 03:07:03.062674: I tensorflow/compiler/xla/service/service.cc:181]   StreamExecutor device (3): Tesla V100-SXM2-16GB, Compute Capability 7.0
2025-02-05 03:07:03.069117: I tensorflow/compiler/mlir/tensorflow/utils/dump_mlir_util.cc:268] disabling MLIR crash reproducer, set env var `MLIR_CRASH_REPRODUCER_DIRECTORY` to enable.
2025-02-05 03:07:03.244543: I tensorflow/compiler/jit/xla_compilation_cache.cc:477] Compiled cluster using XLA!  This line is logged at most once for the lifetime of the process.
2025-02-05 03:07:03.331667: I tensorflow/compiler/xla/service/service.cc:173] XLA service 0x6c0671a0 initialized for platform CUDA (this does not guarantee that XLA will be used). Devices:
2025-02-05 03:07:03.331703: I tensorflow/compiler/xla/service/service.cc:181]   StreamExecutor device (0): Tesla V100-SXM2-16GB, Compute Capability 7.0
2025-02-05 03:07:03.331709: I tensorflow/compiler/xla/service/service.cc:181]   StreamExecutor device (1): Tesla V100-SXM2-16GB, Compute Capability 7.0
2025-02-05 03:07:03.331714: I tensorflow/compiler/xla/service/service.cc:181]   StreamExecutor device (2): Tesla V100-SXM2-16GB, Compute Capability 7.0
2025-02-05 03:07:03.331735: I tensorflow/compiler/xla/service/service.cc:181]   StreamExecutor device (3): Tesla V100-SXM2-16GB, Compute Capability 7.0
2025-02-05 03:07:03.337714: I tensorflow/compiler/mlir/tensorflow/utils/dump_mlir_util.cc:268] disabling MLIR crash reproducer, set env var `MLIR_CRASH_REPRODUCER_DIRECTORY` to enable.
2025-02-05 03:07:03.515546: I tensorflow/compiler/jit/xla_compilation_cache.cc:477] Compiled cluster using XLA!  This line is logged at most once for the lifetime of the process.
2025-02-05 03:07:05.669064: I tensorflow/compiler/xla/service/service.cc:173] XLA service 0x15195b2066f0 initialized for platform CUDA (this does not guarantee that XLA will be used). Devices:
2025-02-05 03:07:05.669100: I tensorflow/compiler/xla/service/service.cc:181]   StreamExecutor device (0): Tesla V100-SXM2-16GB, Compute Capability 7.0
2025-02-05 03:07:05.669106: I tensorflow/compiler/xla/service/service.cc:181]   StreamExecutor device (1): Tesla V100-SXM2-16GB, Compute Capability 7.0
2025-02-05 03:07:05.669111: I tensorflow/compiler/xla/service/service.cc:181]   StreamExecutor device (2): Tesla V100-SXM2-16GB, Compute Capability 7.0
2025-02-05 03:07:05.669132: I tensorflow/compiler/xla/service/service.cc:181]   StreamExecutor device (3): Tesla V100-SXM2-16GB, Compute Capability 7.0
2025-02-05 03:07:05.675521: I tensorflow/compiler/mlir/tensorflow/utils/dump_mlir_util.cc:268] disabling MLIR crash reproducer, set env var `MLIR_CRASH_REPRODUCER_DIRECTORY` to enable.
2025-02-05 03:07:05.852574: I tensorflow/compiler/jit/xla_compilation_cache.cc:477] Compiled cluster using XLA!  This line is logged at most once for the lifetime of the process.
2025-02-05 03:07:07.642011: I tensorflow/compiler/xla/service/service.cc:173] XLA service 0x14ec93659310 initialized for platform CUDA (this does not guarantee that XLA will be used). Devices:
2025-02-05 03:07:07.642048: I tensorflow/compiler/xla/service/service.cc:181]   StreamExecutor device (0): Tesla V100-SXM2-16GB, Compute Capability 7.0
2025-02-05 03:07:07.642055: I tensorflow/compiler/xla/service/service.cc:181]   StreamExecutor device (1): Tesla V100-SXM2-16GB, Compute Capability 7.0
2025-02-05 03:07:07.642060: I tensorflow/compiler/xla/service/service.cc:181]   StreamExecutor device (2): Tesla V100-SXM2-16GB, Compute Capability 7.0
2025-02-05 03:07:07.642065: I tensorflow/compiler/xla/service/service.cc:181]   StreamExecutor device (3): Tesla V100-SXM2-16GB, Compute Capability 7.0
2025-02-05 03:07:07.647928: I tensorflow/compiler/mlir/tensorflow/utils/dump_mlir_util.cc:268] disabling MLIR crash reproducer, set env var `MLIR_CRASH_REPRODUCER_DIRECTORY` to enable.
2025-02-05 03:07:07.824833: I tensorflow/compiler/jit/xla_compilation_cache.cc:477] Compiled cluster using XLA!  This line is logged at most once for the lifetime of the process.
srun: Job 10915690 step creation temporarily disabled, retrying (Requested nodes are busy)
srun: Job 10915690 step creation temporarily disabled, retrying (Requested nodes are busy)
srun: Job 10915690 step creation temporarily disabled, retrying (Requested nodes are busy)
srun: Job 10915690 step creation temporarily disabled, retrying (Requested nodes are busy)
srun: Job 10915690 step creation still disabled, retrying (Requested nodes are busy)
srun: Job 10915690 step creation still disabled, retrying (Requested nodes are busy)
srun: Job 10915690 step creation still disabled, retrying (Requested nodes are busy)
srun: Job 10915690 step creation still disabled, retrying (Requested nodes are busy)
srun: Job 10915690 step creation still disabled, retrying (Requested nodes are busy)
srun: Job 10915690 step creation still disabled, retrying (Requested nodes are busy)
srun: Job 10915690 step creation still disabled, retrying (Requested nodes are busy)
srun: Job 10915690 step creation still disabled, retrying (Requested nodes are busy)
srun: Job 10915690 step creation still disabled, retrying (Requested nodes are busy)
srun: Job 10915690 step creation still disabled, retrying (Requested nodes are busy)
srun: Job 10915690 step creation still disabled, retrying (Requested nodes are busy)
srun: Job 10915690 step creation still disabled, retrying (Requested nodes are busy)
srun: Job 10915690 step creation still disabled, retrying (Requested nodes are busy)
srun: Job 10915690 step creation still disabled, retrying (Requested nodes are busy)
srun: Job 10915690 step creation still disabled, retrying (Requested nodes are busy)
srun: Job 10915690 step creation still disabled, retrying (Requested nodes are busy)
srun: Job 10915690 step creation still disabled, retrying (Requested nodes are busy)
srun: Job 10915690 step creation still disabled, retrying (Requested nodes are busy)
srun: Job 10915690 step creation still disabled, retrying (Requested nodes are busy)
srun: Job 10915690 step creation still disabled, retrying (Requested nodes are busy)
srun: Job 10915690 step creation still disabled, retrying (Requested nodes are busy)
srun: Job 10915690 step creation still disabled, retrying (Requested nodes are busy)
srun: Job 10915690 step creation still disabled, retrying (Requested nodes are busy)
srun: Job 10915690 step creation still disabled, retrying (Requested nodes are busy)
srun: Job 10915690 step creation still disabled, retrying (Requested nodes are busy)
srun: Job 10915690 step creation still disabled, retrying (Requested nodes are busy)
srun: Job 10915690 step creation still disabled, retrying (Requested nodes are busy)
srun: Job 10915690 step creation still disabled, retrying (Requested nodes are busy)
srun: Job 10915690 step creation still disabled, retrying (Requested nodes are busy)
srun: Job 10915690 step creation still disabled, retrying (Requested nodes are busy)
srun: Job 10915690 step creation still disabled, retrying (Requested nodes are busy)
srun: Job 10915690 step creation still disabled, retrying (Requested nodes are busy)
srun: Job 10915690 step creation still disabled, retrying (Requested nodes are busy)
srun: Job 10915690 step creation still disabled, retrying (Requested nodes are busy)
srun: Job 10915690 step creation still disabled, retrying (Requested nodes are busy)
srun: Job 10915690 step creation still disabled, retrying (Requested nodes are busy)
srun: Job 10915690 step creation still disabled, retrying (Requested nodes are busy)
srun: Job 10915690 step creation still disabled, retrying (Requested nodes are busy)
srun: Job 10915690 step creation still disabled, retrying (Requested nodes are busy)
srun: Job 10915690 step creation still disabled, retrying (Requested nodes are busy)
srun: Job 10915690 step creation still disabled, retrying (Requested nodes are busy)
srun: Job 10915690 step creation still disabled, retrying (Requested nodes are busy)
srun: Job 10915690 step creation still disabled, retrying (Requested nodes are busy)
srun: Job 10915690 step creation still disabled, retrying (Requested nodes are busy)
srun: Job 10915690 step creation still disabled, retrying (Requested nodes are busy)
srun: Job 10915690 step creation still disabled, retrying (Requested nodes are busy)
srun: Job 10915690 step creation still disabled, retrying (Requested nodes are busy)
srun: Job 10915690 step creation still disabled, retrying (Requested nodes are busy)
srun: Job 10915690 step creation still disabled, retrying (Requested nodes are busy)
srun: Job 10915690 step creation still disabled, retrying (Requested nodes are busy)
srun: Job 10915690 step creation still disabled, retrying (Requested nodes are busy)
srun: Job 10915690 step creation still disabled, retrying (Requested nodes are busy)
srun: Job 10915690 step creation still disabled, retrying (Requested nodes are busy)
srun: Job 10915690 step creation still disabled, retrying (Requested nodes are busy)
srun: Job 10915690 step creation still disabled, retrying (Requested nodes are busy)
srun: Job 10915690 step creation still disabled, retrying (Requested nodes are busy)
srun: Job 10915690 step creation still disabled, retrying (Requested nodes are busy)
srun: Job 10915690 step creation still disabled, retrying (Requested nodes are busy)
srun: Job 10915690 step creation still disabled, retrying (Requested nodes are busy)
srun: Job 10915690 step creation still disabled, retrying (Requested nodes are busy)
srun: Job 10915690 step creation still disabled, retrying (Requested nodes are busy)
srun: Job 10915690 step creation still disabled, retrying (Requested nodes are busy)
srun: Job 10915690 step creation still disabled, retrying (Requested nodes are busy)
srun: Job 10915690 step creation still disabled, retrying (Requested nodes are busy)
srun: Job 10915690 step creation still disabled, retrying (Requested nodes are busy)
srun: Job 10915690 step creation still disabled, retrying (Requested nodes are busy)
srun: Job 10915690 step creation still disabled, retrying (Requested nodes are busy)
srun: Job 10915690 step creation still disabled, retrying (Requested nodes are busy)
srun: Job 10915690 step creation still disabled, retrying (Requested nodes are busy)
srun: Job 10915690 step creation still disabled, retrying (Requested nodes are busy)
srun: Job 10915690 step creation still disabled, retrying (Requested nodes are busy)
srun: Job 10915690 step creation still disabled, retrying (Requested nodes are busy)
srun: Job 10915690 step creation still disabled, retrying (Requested nodes are busy)
srun: Job 10915690 step creation still disabled, retrying (Requested nodes are busy)
srun: Job 10915690 step creation still disabled, retrying (Requested nodes are busy)
srun: Job 10915690 step creation still disabled, retrying (Requested nodes are busy)
srun: Job 10915690 step creation still disabled, retrying (Requested nodes are busy)
srun: Job 10915690 step creation still disabled, retrying (Requested nodes are busy)
srun: Job 10915690 step creation still disabled, retrying (Requested nodes are busy)
srun: Job 10915690 step creation still disabled, retrying (Requested nodes are busy)
srun: Job 10915690 step creation still disabled, retrying (Requested nodes are busy)
srun: Job 10915690 step creation still disabled, retrying (Requested nodes are busy)
srun: Job 10915690 step creation still disabled, retrying (Requested nodes are busy)
srun: Job 10915690 step creation still disabled, retrying (Requested nodes are busy)
srun: Job 10915690 step creation still disabled, retrying (Requested nodes are busy)
srun: Job 10915690 step creation still disabled, retrying (Requested nodes are busy)
srun: Step created for StepId=10915690.5
2025-02-05 03:54:51.354470: I tensorflow/core/common_runtime/gpu/gpu_device.cc:1613] Created device /job:localhost/replica:0/task:0/device:GPU:0 with 14782 MB memory:  -> device: 0, name: Tesla V100-SXM2-16GB, pci bus id: 0000:60:00.0, compute capability: 7.0
2025-02-05 03:54:51.355199: I tensorflow/core/common_runtime/gpu/gpu_device.cc:1613] Created device /job:localhost/replica:0/task:0/device:GPU:1 with 14782 MB memory:  -> device: 1, name: Tesla V100-SXM2-16GB, pci bus id: 0000:61:00.0, compute capability: 7.0
2025-02-05 03:54:51.355772: I tensorflow/core/common_runtime/gpu/gpu_device.cc:1613] Created device /job:localhost/replica:0/task:0/device:GPU:2 with 14782 MB memory:  -> device: 2, name: Tesla V100-SXM2-16GB, pci bus id: 0000:88:00.0, compute capability: 7.0
2025-02-05 03:54:51.356338: I tensorflow/core/common_runtime/gpu/gpu_device.cc:1613] Created device /job:localhost/replica:0/task:0/device:GPU:3 with 14782 MB memory:  -> device: 3, name: Tesla V100-SXM2-16GB, pci bus id: 0000:89:00.0, compute capability: 7.0
2025-02-05 03:55:03.455525: I tensorflow/compiler/xla/stream_executor/cuda/cuda_dnn.cc:428] Loaded cuDNN version 8600
2025-02-05 03:55:05.115697: I tensorflow/compiler/xla/stream_executor/cuda/cuda_dnn.cc:428] Loaded cuDNN version 8600
2025-02-05 03:55:06.117742: I tensorflow/compiler/xla/stream_executor/cuda/cuda_dnn.cc:428] Loaded cuDNN version 8600
2025-02-05 03:55:07.116845: I tensorflow/compiler/xla/stream_executor/cuda/cuda_dnn.cc:428] Loaded cuDNN version 8600
2025-02-05 03:55:14.399482: I tensorflow/compiler/xla/service/service.cc:173] XLA service 0x14c32c6ba6b0 initialized for platform CUDA (this does not guarantee that XLA will be used). Devices:
2025-02-05 03:55:14.399517: I tensorflow/compiler/xla/service/service.cc:181]   StreamExecutor device (0): Tesla V100-SXM2-16GB, Compute Capability 7.0
2025-02-05 03:55:14.399524: I tensorflow/compiler/xla/service/service.cc:181]   StreamExecutor device (1): Tesla V100-SXM2-16GB, Compute Capability 7.0
2025-02-05 03:55:14.399529: I tensorflow/compiler/xla/service/service.cc:181]   StreamExecutor device (2): Tesla V100-SXM2-16GB, Compute Capability 7.0
2025-02-05 03:55:14.399534: I tensorflow/compiler/xla/service/service.cc:181]   StreamExecutor device (3): Tesla V100-SXM2-16GB, Compute Capability 7.0
2025-02-05 03:55:14.405927: I tensorflow/compiler/mlir/tensorflow/utils/dump_mlir_util.cc:268] disabling MLIR crash reproducer, set env var `MLIR_CRASH_REPRODUCER_DIRECTORY` to enable.
2025-02-05 03:55:14.585986: I tensorflow/compiler/jit/xla_compilation_cache.cc:477] Compiled cluster using XLA!  This line is logged at most once for the lifetime of the process.
srun: Job 10915690 step creation still disabled, retrying (Requested nodes are busy)
srun: Job 10915690 step creation still disabled, retrying (Requested nodes are busy)
srun: Job 10915690 step creation still disabled, retrying (Requested nodes are busy)
srun: Job 10915690 step creation still disabled, retrying (Requested nodes are busy)
srun: Job 10915690 step creation still disabled, retrying (Requested nodes are busy)
srun: Job 10915690 step creation still disabled, retrying (Requested nodes are busy)
srun: Job 10915690 step creation still disabled, retrying (Requested nodes are busy)
srun: Job 10915690 step creation still disabled, retrying (Requested nodes are busy)
srun: Job 10915690 step creation still disabled, retrying (Requested nodes are busy)
srun: Job 10915690 step creation still disabled, retrying (Requested nodes are busy)
srun: Job 10915690 step creation still disabled, retrying (Requested nodes are busy)
srun: Job 10915690 step creation still disabled, retrying (Requested nodes are busy)
srun: Job 10915690 step creation still disabled, retrying (Requested nodes are busy)
srun: Step created for StepId=10915690.6
2025-02-05 04:05:15.123224: I tensorflow/core/common_runtime/gpu/gpu_device.cc:1613] Created device /job:localhost/replica:0/task:0/device:GPU:0 with 14782 MB memory:  -> device: 0, name: Tesla V100-SXM2-16GB, pci bus id: 0000:60:00.0, compute capability: 7.0
2025-02-05 04:05:15.123952: I tensorflow/core/common_runtime/gpu/gpu_device.cc:1613] Created device /job:localhost/replica:0/task:0/device:GPU:1 with 14782 MB memory:  -> device: 1, name: Tesla V100-SXM2-16GB, pci bus id: 0000:61:00.0, compute capability: 7.0
2025-02-05 04:05:15.124506: I tensorflow/core/common_runtime/gpu/gpu_device.cc:1613] Created device /job:localhost/replica:0/task:0/device:GPU:2 with 14782 MB memory:  -> device: 2, name: Tesla V100-SXM2-16GB, pci bus id: 0000:88:00.0, compute capability: 7.0
2025-02-05 04:05:15.125063: I tensorflow/core/common_runtime/gpu/gpu_device.cc:1613] Created device /job:localhost/replica:0/task:0/device:GPU:3 with 14782 MB memory:  -> device: 3, name: Tesla V100-SXM2-16GB, pci bus id: 0000:89:00.0, compute capability: 7.0
2025-02-05 04:05:27.195936: I tensorflow/compiler/xla/stream_executor/cuda/cuda_dnn.cc:428] Loaded cuDNN version 8600
2025-02-05 04:05:28.664160: I tensorflow/compiler/xla/stream_executor/cuda/cuda_dnn.cc:428] Loaded cuDNN version 8600
2025-02-05 04:05:29.546888: I tensorflow/compiler/xla/stream_executor/cuda/cuda_dnn.cc:428] Loaded cuDNN version 8600
2025-02-05 04:05:30.435973: I tensorflow/compiler/xla/stream_executor/cuda/cuda_dnn.cc:428] Loaded cuDNN version 8600
2025-02-05 04:05:37.376458: I tensorflow/compiler/xla/service/service.cc:173] XLA service 0x14a9ed0b0350 initialized for platform CUDA (this does not guarantee that XLA will be used). Devices:
2025-02-05 04:05:37.376493: I tensorflow/compiler/xla/service/service.cc:181]   StreamExecutor device (0): Tesla V100-SXM2-16GB, Compute Capability 7.0
2025-02-05 04:05:37.376499: I tensorflow/compiler/xla/service/service.cc:181]   StreamExecutor device (1): Tesla V100-SXM2-16GB, Compute Capability 7.0
2025-02-05 04:05:37.376504: I tensorflow/compiler/xla/service/service.cc:181]   StreamExecutor device (2): Tesla V100-SXM2-16GB, Compute Capability 7.0
2025-02-05 04:05:37.376527: I tensorflow/compiler/xla/service/service.cc:181]   StreamExecutor device (3): Tesla V100-SXM2-16GB, Compute Capability 7.0
2025-02-05 04:05:37.382785: I tensorflow/compiler/mlir/tensorflow/utils/dump_mlir_util.cc:268] disabling MLIR crash reproducer, set env var `MLIR_CRASH_REPRODUCER_DIRECTORY` to enable.
2025-02-05 04:05:37.559588: I tensorflow/compiler/jit/xla_compilation_cache.cc:477] Compiled cluster using XLA!  This line is logged at most once for the lifetime of the process.
srun: Job 10915690 step creation still disabled, retrying (Requested nodes are busy)
srun: Job 10915690 step creation still disabled, retrying (Requested nodes are busy)
srun: Job 10915690 step creation still disabled, retrying (Requested nodes are busy)
srun: Job 10915690 step creation still disabled, retrying (Requested nodes are busy)
srun: Job 10915690 step creation still disabled, retrying (Requested nodes are busy)
srun: Job 10915690 step creation still disabled, retrying (Requested nodes are busy)
srun: Job 10915690 step creation still disabled, retrying (Requested nodes are busy)
srun: Job 10915690 step creation still disabled, retrying (Requested nodes are busy)
srun: Job 10915690 step creation still disabled, retrying (Requested nodes are busy)
srun: Job 10915690 step creation still disabled, retrying (Requested nodes are busy)
srun: Job 10915690 step creation still disabled, retrying (Requested nodes are busy)
srun: Job 10915690 step creation still disabled, retrying (Requested nodes are busy)
srun: Step created for StepId=10915690.7
2025-02-05 04:18:38.489840: I tensorflow/core/common_runtime/gpu/gpu_device.cc:1613] Created device /job:localhost/replica:0/task:0/device:GPU:0 with 14782 MB memory:  -> device: 0, name: Tesla V100-SXM2-16GB, pci bus id: 0000:60:00.0, compute capability: 7.0
2025-02-05 04:18:38.490499: I tensorflow/core/common_runtime/gpu/gpu_device.cc:1613] Created device /job:localhost/replica:0/task:0/device:GPU:1 with 14782 MB memory:  -> device: 1, name: Tesla V100-SXM2-16GB, pci bus id: 0000:61:00.0, compute capability: 7.0
2025-02-05 04:18:38.491059: I tensorflow/core/common_runtime/gpu/gpu_device.cc:1613] Created device /job:localhost/replica:0/task:0/device:GPU:2 with 14782 MB memory:  -> device: 2, name: Tesla V100-SXM2-16GB, pci bus id: 0000:88:00.0, compute capability: 7.0
2025-02-05 04:18:38.491570: I tensorflow/core/common_runtime/gpu/gpu_device.cc:1613] Created device /job:localhost/replica:0/task:0/device:GPU:3 with 14782 MB memory:  -> device: 3, name: Tesla V100-SXM2-16GB, pci bus id: 0000:89:00.0, compute capability: 7.0
2025-02-05 04:18:50.786692: I tensorflow/compiler/xla/stream_executor/cuda/cuda_dnn.cc:428] Loaded cuDNN version 8600
2025-02-05 04:18:52.461926: I tensorflow/compiler/xla/stream_executor/cuda/cuda_dnn.cc:428] Loaded cuDNN version 8600
2025-02-05 04:18:53.470623: I tensorflow/compiler/xla/stream_executor/cuda/cuda_dnn.cc:428] Loaded cuDNN version 8600
2025-02-05 04:18:54.469998: I tensorflow/compiler/xla/stream_executor/cuda/cuda_dnn.cc:428] Loaded cuDNN version 8600
2025-02-05 04:19:01.710320: I tensorflow/compiler/xla/service/service.cc:173] XLA service 0x6c77e800 initialized for platform CUDA (this does not guarantee that XLA will be used). Devices:
2025-02-05 04:19:01.710354: I tensorflow/compiler/xla/service/service.cc:181]   StreamExecutor device (0): Tesla V100-SXM2-16GB, Compute Capability 7.0
2025-02-05 04:19:01.710360: I tensorflow/compiler/xla/service/service.cc:181]   StreamExecutor device (1): Tesla V100-SXM2-16GB, Compute Capability 7.0
2025-02-05 04:19:01.710365: I tensorflow/compiler/xla/service/service.cc:181]   StreamExecutor device (2): Tesla V100-SXM2-16GB, Compute Capability 7.0
2025-02-05 04:19:01.710386: I tensorflow/compiler/xla/service/service.cc:181]   StreamExecutor device (3): Tesla V100-SXM2-16GB, Compute Capability 7.0
2025-02-05 04:19:01.716113: I tensorflow/compiler/mlir/tensorflow/utils/dump_mlir_util.cc:268] disabling MLIR crash reproducer, set env var `MLIR_CRASH_REPRODUCER_DIRECTORY` to enable.
2025-02-05 04:19:01.893281: I tensorflow/compiler/jit/xla_compilation_cache.cc:477] Compiled cluster using XLA!  This line is logged at most once for the lifetime of the process.
srun: Step created for StepId=10915690.8
2025-02-05 04:19:24.362444: I tensorflow/core/common_runtime/gpu/gpu_device.cc:1613] Created device /job:localhost/replica:0/task:0/device:GPU:0 with 14782 MB memory:  -> device: 0, name: Tesla V100-SXM2-16GB, pci bus id: 0000:60:00.0, compute capability: 7.0
2025-02-05 04:19:24.363165: I tensorflow/core/common_runtime/gpu/gpu_device.cc:1613] Created device /job:localhost/replica:0/task:0/device:GPU:1 with 14782 MB memory:  -> device: 1, name: Tesla V100-SXM2-16GB, pci bus id: 0000:61:00.0, compute capability: 7.0
2025-02-05 04:19:24.363749: I tensorflow/core/common_runtime/gpu/gpu_device.cc:1613] Created device /job:localhost/replica:0/task:0/device:GPU:2 with 14782 MB memory:  -> device: 2, name: Tesla V100-SXM2-16GB, pci bus id: 0000:88:00.0, compute capability: 7.0
2025-02-05 04:19:24.364319: I tensorflow/core/common_runtime/gpu/gpu_device.cc:1613] Created device /job:localhost/replica:0/task:0/device:GPU:3 with 14782 MB memory:  -> device: 3, name: Tesla V100-SXM2-16GB, pci bus id: 0000:89:00.0, compute capability: 7.0
2025-02-05 04:19:36.590969: I tensorflow/compiler/xla/stream_executor/cuda/cuda_dnn.cc:428] Loaded cuDNN version 8600
2025-02-05 04:19:38.024526: I tensorflow/compiler/xla/stream_executor/cuda/cuda_dnn.cc:428] Loaded cuDNN version 8600
2025-02-05 04:19:44.173404: I tensorflow/compiler/xla/service/service.cc:173] XLA service 0x14bc9c56dff0 initialized for platform CUDA (this does not guarantee that XLA will be used). Devices:
2025-02-05 04:19:44.173441: I tensorflow/compiler/xla/service/service.cc:181]   StreamExecutor device (0): Tesla V100-SXM2-16GB, Compute Capability 7.0
2025-02-05 04:19:44.173447: I tensorflow/compiler/xla/service/service.cc:181]   StreamExecutor device (1): Tesla V100-SXM2-16GB, Compute Capability 7.0
2025-02-05 04:19:44.173452: I tensorflow/compiler/xla/service/service.cc:181]   StreamExecutor device (2): Tesla V100-SXM2-16GB, Compute Capability 7.0
2025-02-05 04:19:44.173457: I tensorflow/compiler/xla/service/service.cc:181]   StreamExecutor device (3): Tesla V100-SXM2-16GB, Compute Capability 7.0
2025-02-05 04:19:44.179161: I tensorflow/compiler/mlir/tensorflow/utils/dump_mlir_util.cc:268] disabling MLIR crash reproducer, set env var `MLIR_CRASH_REPRODUCER_DIRECTORY` to enable.
2025-02-05 04:19:44.356713: I tensorflow/compiler/jit/xla_compilation_cache.cc:477] Compiled cluster using XLA!  This line is logged at most once for the lifetime of the process.
