mkdir: cannot create directory ‘/p/project1/deepacf’: Permission denied
mkdir: cannot create directory ‘/p/project1/deepacf’: Permission denied
2025-02-06 20:31:04.756706: I tensorflow/core/common_runtime/gpu/gpu_device.cc:1613] Created device /job:localhost/replica:0/task:0/device:GPU:0 with 38482 MB memory:  -> device: 0, name: NVIDIA A100-SXM4-40GB, pci bus id: 0000:03:00.0, compute capability: 8.0
2025-02-06 20:31:04.758526: I tensorflow/core/common_runtime/gpu/gpu_device.cc:1613] Created device /job:localhost/replica:0/task:0/device:GPU:1 with 38482 MB memory:  -> device: 1, name: NVIDIA A100-SXM4-40GB, pci bus id: 0000:44:00.0, compute capability: 8.0
2025-02-06 20:31:04.759932: I tensorflow/core/common_runtime/gpu/gpu_device.cc:1613] Created device /job:localhost/replica:0/task:0/device:GPU:2 with 38482 MB memory:  -> device: 2, name: NVIDIA A100-SXM4-40GB, pci bus id: 0000:84:00.0, compute capability: 8.0
2025-02-06 20:31:04.761411: I tensorflow/core/common_runtime/gpu/gpu_device.cc:1613] Created device /job:localhost/replica:0/task:0/device:GPU:3 with 38482 MB memory:  -> device: 3, name: NVIDIA A100-SXM4-40GB, pci bus id: 0000:c4:00.0, compute capability: 8.0
2025-02-06 20:31:05.183673: I tensorflow/core/common_runtime/gpu/gpu_device.cc:1613] Created device /job:localhost/replica:0/task:0/device:GPU:0 with 38482 MB memory:  -> device: 0, name: NVIDIA A100-SXM4-40GB, pci bus id: 0000:03:00.0, compute capability: 8.0
2025-02-06 20:31:05.185518: I tensorflow/core/common_runtime/gpu/gpu_device.cc:1613] Created device /job:localhost/replica:0/task:0/device:GPU:1 with 38482 MB memory:  -> device: 1, name: NVIDIA A100-SXM4-40GB, pci bus id: 0000:44:00.0, compute capability: 8.0
2025-02-06 20:31:05.186952: I tensorflow/core/common_runtime/gpu/gpu_device.cc:1613] Created device /job:localhost/replica:0/task:0/device:GPU:2 with 38482 MB memory:  -> device: 2, name: NVIDIA A100-SXM4-40GB, pci bus id: 0000:84:00.0, compute capability: 8.0
2025-02-06 20:31:05.188352: I tensorflow/core/common_runtime/gpu/gpu_device.cc:1613] Created device /job:localhost/replica:0/task:0/device:GPU:3 with 38482 MB memory:  -> device: 3, name: NVIDIA A100-SXM4-40GB, pci bus id: 0000:c4:00.0, compute capability: 8.0
2025-02-06 20:31:06.995299: I tensorflow/core/common_runtime/gpu/gpu_device.cc:1613] Created device /job:localhost/replica:0/task:0/device:GPU:0 with 38482 MB memory:  -> device: 0, name: NVIDIA A100-SXM4-40GB, pci bus id: 0000:03:00.0, compute capability: 8.0
2025-02-06 20:31:06.997340: I tensorflow/core/common_runtime/gpu/gpu_device.cc:1613] Created device /job:localhost/replica:0/task:0/device:GPU:1 with 38482 MB memory:  -> device: 1, name: NVIDIA A100-SXM4-40GB, pci bus id: 0000:44:00.0, compute capability: 8.0
2025-02-06 20:31:06.998835: I tensorflow/core/common_runtime/gpu/gpu_device.cc:1613] Created device /job:localhost/replica:0/task:0/device:GPU:2 with 38482 MB memory:  -> device: 2, name: NVIDIA A100-SXM4-40GB, pci bus id: 0000:84:00.0, compute capability: 8.0
2025-02-06 20:31:07.000227: I tensorflow/core/common_runtime/gpu/gpu_device.cc:1613] Created device /job:localhost/replica:0/task:0/device:GPU:3 with 38482 MB memory:  -> device: 3, name: NVIDIA A100-SXM4-40GB, pci bus id: 0000:c4:00.0, compute capability: 8.0
2025-02-06 20:31:10.280757: I tensorflow/core/common_runtime/gpu/gpu_device.cc:1613] Created device /job:localhost/replica:0/task:0/device:GPU:0 with 38482 MB memory:  -> device: 0, name: NVIDIA A100-SXM4-40GB, pci bus id: 0000:03:00.0, compute capability: 8.0
2025-02-06 20:31:10.282475: I tensorflow/core/common_runtime/gpu/gpu_device.cc:1613] Created device /job:localhost/replica:0/task:0/device:GPU:1 with 38482 MB memory:  -> device: 1, name: NVIDIA A100-SXM4-40GB, pci bus id: 0000:44:00.0, compute capability: 8.0
2025-02-06 20:31:10.283969: I tensorflow/core/common_runtime/gpu/gpu_device.cc:1613] Created device /job:localhost/replica:0/task:0/device:GPU:2 with 38482 MB memory:  -> device: 2, name: NVIDIA A100-SXM4-40GB, pci bus id: 0000:84:00.0, compute capability: 8.0
2025-02-06 20:31:10.285472: I tensorflow/core/common_runtime/gpu/gpu_device.cc:1613] Created device /job:localhost/replica:0/task:0/device:GPU:3 with 38482 MB memory:  -> device: 3, name: NVIDIA A100-SXM4-40GB, pci bus id: 0000:c4:00.0, compute capability: 8.0
2025-02-06 20:31:13.487891: I tensorflow/core/common_runtime/gpu/gpu_device.cc:1613] Created device /job:localhost/replica:0/task:0/device:GPU:0 with 38482 MB memory:  -> device: 0, name: NVIDIA A100-SXM4-40GB, pci bus id: 0000:03:00.0, compute capability: 8.0
2025-02-06 20:31:13.489607: I tensorflow/core/common_runtime/gpu/gpu_device.cc:1613] Created device /job:localhost/replica:0/task:0/device:GPU:1 with 38482 MB memory:  -> device: 1, name: NVIDIA A100-SXM4-40GB, pci bus id: 0000:44:00.0, compute capability: 8.0
2025-02-06 20:31:13.491118: I tensorflow/core/common_runtime/gpu/gpu_device.cc:1613] Created device /job:localhost/replica:0/task:0/device:GPU:2 with 38482 MB memory:  -> device: 2, name: NVIDIA A100-SXM4-40GB, pci bus id: 0000:84:00.0, compute capability: 8.0
2025-02-06 20:31:13.492665: I tensorflow/core/common_runtime/gpu/gpu_device.cc:1613] Created device /job:localhost/replica:0/task:0/device:GPU:3 with 38482 MB memory:  -> device: 3, name: NVIDIA A100-SXM4-40GB, pci bus id: 0000:c4:00.0, compute capability: 8.0
2025-02-06 20:31:14.870808: I tensorflow/core/common_runtime/gpu/gpu_device.cc:1613] Created device /job:localhost/replica:0/task:0/device:GPU:0 with 38482 MB memory:  -> device: 0, name: NVIDIA A100-SXM4-40GB, pci bus id: 0000:03:00.0, compute capability: 8.0
2025-02-06 20:31:14.872580: I tensorflow/core/common_runtime/gpu/gpu_device.cc:1613] Created device /job:localhost/replica:0/task:0/device:GPU:1 with 38482 MB memory:  -> device: 1, name: NVIDIA A100-SXM4-40GB, pci bus id: 0000:44:00.0, compute capability: 8.0
2025-02-06 20:31:14.873995: I tensorflow/core/common_runtime/gpu/gpu_device.cc:1613] Created device /job:localhost/replica:0/task:0/device:GPU:2 with 38482 MB memory:  -> device: 2, name: NVIDIA A100-SXM4-40GB, pci bus id: 0000:84:00.0, compute capability: 8.0
2025-02-06 20:31:14.875388: I tensorflow/core/common_runtime/gpu/gpu_device.cc:1613] Created device /job:localhost/replica:0/task:0/device:GPU:3 with 38482 MB memory:  -> device: 3, name: NVIDIA A100-SXM4-40GB, pci bus id: 0000:c4:00.0, compute capability: 8.0
2025-02-06 20:31:18.463018: I tensorflow/core/common_runtime/gpu/gpu_device.cc:1613] Created device /job:localhost/replica:0/task:0/device:GPU:0 with 38482 MB memory:  -> device: 0, name: NVIDIA A100-SXM4-40GB, pci bus id: 0000:03:00.0, compute capability: 8.0
2025-02-06 20:31:18.464761: I tensorflow/core/common_runtime/gpu/gpu_device.cc:1613] Created device /job:localhost/replica:0/task:0/device:GPU:1 with 38482 MB memory:  -> device: 1, name: NVIDIA A100-SXM4-40GB, pci bus id: 0000:44:00.0, compute capability: 8.0
2025-02-06 20:31:18.466254: I tensorflow/core/common_runtime/gpu/gpu_device.cc:1613] Created device /job:localhost/replica:0/task:0/device:GPU:2 with 38482 MB memory:  -> device: 2, name: NVIDIA A100-SXM4-40GB, pci bus id: 0000:84:00.0, compute capability: 8.0
2025-02-06 20:31:18.467859: I tensorflow/core/common_runtime/gpu/gpu_device.cc:1613] Created device /job:localhost/replica:0/task:0/device:GPU:3 with 38482 MB memory:  -> device: 3, name: NVIDIA A100-SXM4-40GB, pci bus id: 0000:c4:00.0, compute capability: 8.0
2025-02-06 20:31:25.463265: I tensorflow/compiler/xla/stream_executor/cuda/cuda_dnn.cc:428] Loaded cuDNN version 8600
2025-02-06 20:31:25.563344: I tensorflow/compiler/xla/stream_executor/cuda/cuda_dnn.cc:428] Loaded cuDNN version 8600
2025-02-06 20:31:27.495679: I tensorflow/compiler/xla/stream_executor/cuda/cuda_dnn.cc:428] Loaded cuDNN version 8600
2025-02-06 20:31:28.015699: I tensorflow/compiler/xla/stream_executor/cuda/cuda_dnn.cc:428] Loaded cuDNN version 8600
2025-02-06 20:31:28.089714: I tensorflow/compiler/xla/stream_executor/cuda/cuda_dnn.cc:428] Loaded cuDNN version 8600
2025-02-06 20:31:29.248843: I tensorflow/compiler/xla/stream_executor/cuda/cuda_dnn.cc:428] Loaded cuDNN version 8600
2025-02-06 20:31:30.212960: I tensorflow/compiler/xla/stream_executor/cuda/cuda_dnn.cc:428] Loaded cuDNN version 8600
2025-02-06 20:31:30.399288: I tensorflow/compiler/xla/stream_executor/cuda/cuda_dnn.cc:428] Loaded cuDNN version 8600
2025-02-06 20:31:30.680078: I tensorflow/compiler/xla/stream_executor/cuda/cuda_dnn.cc:428] Loaded cuDNN version 8600
2025-02-06 20:31:31.412076: I tensorflow/compiler/xla/stream_executor/cuda/cuda_dnn.cc:428] Loaded cuDNN version 8600
2025-02-06 20:31:32.602616: I tensorflow/compiler/xla/stream_executor/cuda/cuda_dnn.cc:428] Loaded cuDNN version 8600
2025-02-06 20:31:33.177234: I tensorflow/compiler/xla/stream_executor/cuda/cuda_dnn.cc:428] Loaded cuDNN version 8600
2025-02-06 20:31:33.938665: I tensorflow/compiler/xla/stream_executor/cuda/cuda_dnn.cc:428] Loaded cuDNN version 8600
2025-02-06 20:31:35.203850: I tensorflow/compiler/xla/stream_executor/cuda/cuda_dnn.cc:428] Loaded cuDNN version 8600
2025-02-06 20:31:36.543470: I tensorflow/compiler/xla/stream_executor/cuda/cuda_dnn.cc:428] Loaded cuDNN version 8600
2025-02-06 20:31:37.718761: I tensorflow/compiler/xla/stream_executor/cuda/cuda_dnn.cc:428] Loaded cuDNN version 8600
2025-02-06 20:31:37.925449: I tensorflow/compiler/xla/stream_executor/cuda/cuda_dnn.cc:428] Loaded cuDNN version 8600
2025-02-06 20:31:38.325214: I tensorflow/compiler/xla/service/service.cc:173] XLA service 0x14f2d4022ff0 initialized for platform CUDA (this does not guarantee that XLA will be used). Devices:
2025-02-06 20:31:38.325296: I tensorflow/compiler/xla/service/service.cc:181]   StreamExecutor device (0): NVIDIA A100-SXM4-40GB, Compute Capability 8.0
2025-02-06 20:31:38.325304: I tensorflow/compiler/xla/service/service.cc:181]   StreamExecutor device (1): NVIDIA A100-SXM4-40GB, Compute Capability 8.0
2025-02-06 20:31:38.325310: I tensorflow/compiler/xla/service/service.cc:181]   StreamExecutor device (2): NVIDIA A100-SXM4-40GB, Compute Capability 8.0
2025-02-06 20:31:38.325316: I tensorflow/compiler/xla/service/service.cc:181]   StreamExecutor device (3): NVIDIA A100-SXM4-40GB, Compute Capability 8.0
2025-02-06 20:31:38.344337: I tensorflow/compiler/mlir/tensorflow/utils/dump_mlir_util.cc:268] disabling MLIR crash reproducer, set env var `MLIR_CRASH_REPRODUCER_DIRECTORY` to enable.
2025-02-06 20:31:38.586597: I tensorflow/compiler/jit/xla_compilation_cache.cc:477] Compiled cluster using XLA!  This line is logged at most once for the lifetime of the process.
2025-02-06 20:31:38.885427: I tensorflow/compiler/xla/stream_executor/cuda/cuda_dnn.cc:428] Loaded cuDNN version 8600
2025-02-06 20:31:39.130861: I tensorflow/compiler/xla/stream_executor/cuda/cuda_dnn.cc:428] Loaded cuDNN version 8600
2025-02-06 20:31:39.272167: I tensorflow/compiler/xla/stream_executor/cuda/cuda_dnn.cc:428] Loaded cuDNN version 8600
2025-02-06 20:31:40.318419: I tensorflow/compiler/xla/stream_executor/cuda/cuda_dnn.cc:428] Loaded cuDNN version 8600
2025-02-06 20:31:41.790280: I tensorflow/compiler/xla/stream_executor/cuda/cuda_dnn.cc:428] Loaded cuDNN version 8600
2025-02-06 20:31:42.302936: I tensorflow/compiler/xla/service/service.cc:173] XLA service 0x14b94b420590 initialized for platform CUDA (this does not guarantee that XLA will be used). Devices:
2025-02-06 20:31:42.303018: I tensorflow/compiler/xla/service/service.cc:181]   StreamExecutor device (0): NVIDIA A100-SXM4-40GB, Compute Capability 8.0
2025-02-06 20:31:42.303025: I tensorflow/compiler/xla/service/service.cc:181]   StreamExecutor device (1): NVIDIA A100-SXM4-40GB, Compute Capability 8.0
2025-02-06 20:31:42.303031: I tensorflow/compiler/xla/service/service.cc:181]   StreamExecutor device (2): NVIDIA A100-SXM4-40GB, Compute Capability 8.0
2025-02-06 20:31:42.303037: I tensorflow/compiler/xla/service/service.cc:181]   StreamExecutor device (3): NVIDIA A100-SXM4-40GB, Compute Capability 8.0
2025-02-06 20:31:42.321607: I tensorflow/compiler/mlir/tensorflow/utils/dump_mlir_util.cc:268] disabling MLIR crash reproducer, set env var `MLIR_CRASH_REPRODUCER_DIRECTORY` to enable.
2025-02-06 20:31:42.567450: I tensorflow/compiler/jit/xla_compilation_cache.cc:477] Compiled cluster using XLA!  This line is logged at most once for the lifetime of the process.
2025-02-06 20:31:43.625229: I tensorflow/compiler/xla/service/service.cc:173] XLA service 0x14f10001d8e0 initialized for platform CUDA (this does not guarantee that XLA will be used). Devices:
2025-02-06 20:31:43.625314: I tensorflow/compiler/xla/service/service.cc:181]   StreamExecutor device (0): NVIDIA A100-SXM4-40GB, Compute Capability 8.0
2025-02-06 20:31:43.625321: I tensorflow/compiler/xla/service/service.cc:181]   StreamExecutor device (1): NVIDIA A100-SXM4-40GB, Compute Capability 8.0
2025-02-06 20:31:43.625327: I tensorflow/compiler/xla/service/service.cc:181]   StreamExecutor device (2): NVIDIA A100-SXM4-40GB, Compute Capability 8.0
2025-02-06 20:31:43.625333: I tensorflow/compiler/xla/service/service.cc:181]   StreamExecutor device (3): NVIDIA A100-SXM4-40GB, Compute Capability 8.0
2025-02-06 20:31:43.647213: I tensorflow/compiler/mlir/tensorflow/utils/dump_mlir_util.cc:268] disabling MLIR crash reproducer, set env var `MLIR_CRASH_REPRODUCER_DIRECTORY` to enable.
2025-02-06 20:31:43.895090: I tensorflow/compiler/jit/xla_compilation_cache.cc:477] Compiled cluster using XLA!  This line is logged at most once for the lifetime of the process.
2025-02-06 20:31:45.438446: I tensorflow/compiler/xla/service/service.cc:173] XLA service 0x1437f22d60e0 initialized for platform CUDA (this does not guarantee that XLA will be used). Devices:
2025-02-06 20:31:45.438527: I tensorflow/compiler/xla/service/service.cc:181]   StreamExecutor device (0): NVIDIA A100-SXM4-40GB, Compute Capability 8.0
2025-02-06 20:31:45.438535: I tensorflow/compiler/xla/service/service.cc:181]   StreamExecutor device (1): NVIDIA A100-SXM4-40GB, Compute Capability 8.0
2025-02-06 20:31:45.438541: I tensorflow/compiler/xla/service/service.cc:181]   StreamExecutor device (2): NVIDIA A100-SXM4-40GB, Compute Capability 8.0
2025-02-06 20:31:45.438547: I tensorflow/compiler/xla/service/service.cc:181]   StreamExecutor device (3): NVIDIA A100-SXM4-40GB, Compute Capability 8.0
2025-02-06 20:31:45.457269: I tensorflow/compiler/mlir/tensorflow/utils/dump_mlir_util.cc:268] disabling MLIR crash reproducer, set env var `MLIR_CRASH_REPRODUCER_DIRECTORY` to enable.
2025-02-06 20:31:45.695987: I tensorflow/compiler/jit/xla_compilation_cache.cc:477] Compiled cluster using XLA!  This line is logged at most once for the lifetime of the process.
2025-02-06 20:31:50.614565: I tensorflow/compiler/xla/service/service.cc:173] XLA service 0x1450f443ca80 initialized for platform CUDA (this does not guarantee that XLA will be used). Devices:
2025-02-06 20:31:50.614654: I tensorflow/compiler/xla/service/service.cc:181]   StreamExecutor device (0): NVIDIA A100-SXM4-40GB, Compute Capability 8.0
2025-02-06 20:31:50.614663: I tensorflow/compiler/xla/service/service.cc:181]   StreamExecutor device (1): NVIDIA A100-SXM4-40GB, Compute Capability 8.0
2025-02-06 20:31:50.614671: I tensorflow/compiler/xla/service/service.cc:181]   StreamExecutor device (2): NVIDIA A100-SXM4-40GB, Compute Capability 8.0
2025-02-06 20:31:50.614677: I tensorflow/compiler/xla/service/service.cc:181]   StreamExecutor device (3): NVIDIA A100-SXM4-40GB, Compute Capability 8.0
2025-02-06 20:31:50.635473: I tensorflow/compiler/mlir/tensorflow/utils/dump_mlir_util.cc:268] disabling MLIR crash reproducer, set env var `MLIR_CRASH_REPRODUCER_DIRECTORY` to enable.
2025-02-06 20:31:50.897203: I tensorflow/compiler/jit/xla_compilation_cache.cc:477] Compiled cluster using XLA!  This line is logged at most once for the lifetime of the process.
2025-02-06 20:31:52.306463: I tensorflow/compiler/xla/service/service.cc:173] XLA service 0x14a3870347e0 initialized for platform CUDA (this does not guarantee that XLA will be used). Devices:
2025-02-06 20:31:52.306542: I tensorflow/compiler/xla/service/service.cc:181]   StreamExecutor device (0): NVIDIA A100-SXM4-40GB, Compute Capability 8.0
2025-02-06 20:31:52.306555: I tensorflow/compiler/xla/service/service.cc:181]   StreamExecutor device (1): NVIDIA A100-SXM4-40GB, Compute Capability 8.0
2025-02-06 20:31:52.306567: I tensorflow/compiler/xla/service/service.cc:181]   StreamExecutor device (2): NVIDIA A100-SXM4-40GB, Compute Capability 8.0
2025-02-06 20:31:52.306579: I tensorflow/compiler/xla/service/service.cc:181]   StreamExecutor device (3): NVIDIA A100-SXM4-40GB, Compute Capability 8.0
2025-02-06 20:31:52.324662: I tensorflow/compiler/mlir/tensorflow/utils/dump_mlir_util.cc:268] disabling MLIR crash reproducer, set env var `MLIR_CRASH_REPRODUCER_DIRECTORY` to enable.
2025-02-06 20:31:52.574828: I tensorflow/compiler/jit/xla_compilation_cache.cc:477] Compiled cluster using XLA!  This line is logged at most once for the lifetime of the process.
2025-02-06 20:31:52.976377: I tensorflow/compiler/xla/service/service.cc:173] XLA service 0x142f625ed6f0 initialized for platform CUDA (this does not guarantee that XLA will be used). Devices:
2025-02-06 20:31:52.976452: I tensorflow/compiler/xla/service/service.cc:181]   StreamExecutor device (0): NVIDIA A100-SXM4-40GB, Compute Capability 8.0
2025-02-06 20:31:52.976460: I tensorflow/compiler/xla/service/service.cc:181]   StreamExecutor device (1): NVIDIA A100-SXM4-40GB, Compute Capability 8.0
2025-02-06 20:31:52.976466: I tensorflow/compiler/xla/service/service.cc:181]   StreamExecutor device (2): NVIDIA A100-SXM4-40GB, Compute Capability 8.0
2025-02-06 20:31:52.976472: I tensorflow/compiler/xla/service/service.cc:181]   StreamExecutor device (3): NVIDIA A100-SXM4-40GB, Compute Capability 8.0
2025-02-06 20:31:52.994536: I tensorflow/compiler/mlir/tensorflow/utils/dump_mlir_util.cc:268] disabling MLIR crash reproducer, set env var `MLIR_CRASH_REPRODUCER_DIRECTORY` to enable.
2025-02-06 20:31:53.240907: I tensorflow/compiler/jit/xla_compilation_cache.cc:477] Compiled cluster using XLA!  This line is logged at most once for the lifetime of the process.
srun: Job 10934615 step creation temporarily disabled, retrying (Requested nodes are busy)
srun: Job 10934615 step creation temporarily disabled, retrying (Requested nodes are busy)
srun: Job 10934615 step creation still disabled, retrying (Requested nodes are busy)
srun: Job 10934615 step creation still disabled, retrying (Requested nodes are busy)
srun: Job 10934615 step creation still disabled, retrying (Requested nodes are busy)
srun: Job 10934615 step creation still disabled, retrying (Requested nodes are busy)
srun: Job 10934615 step creation still disabled, retrying (Requested nodes are busy)
srun: Job 10934615 step creation still disabled, retrying (Requested nodes are busy)
srun: Job 10934615 step creation still disabled, retrying (Requested nodes are busy)
srun: Job 10934615 step creation still disabled, retrying (Requested nodes are busy)
srun: Job 10934615 step creation still disabled, retrying (Requested nodes are busy)
srun: Job 10934615 step creation still disabled, retrying (Requested nodes are busy)
srun: Job 10934615 step creation still disabled, retrying (Requested nodes are busy)
srun: Job 10934615 step creation still disabled, retrying (Requested nodes are busy)
srun: Job 10934615 step creation still disabled, retrying (Requested nodes are busy)
srun: Job 10934615 step creation still disabled, retrying (Requested nodes are busy)
srun: Job 10934615 step creation still disabled, retrying (Requested nodes are busy)
srun: Job 10934615 step creation still disabled, retrying (Requested nodes are busy)
srun: Job 10934615 step creation still disabled, retrying (Requested nodes are busy)
srun: Job 10934615 step creation still disabled, retrying (Requested nodes are busy)
srun: Job 10934615 step creation still disabled, retrying (Requested nodes are busy)
srun: Job 10934615 step creation still disabled, retrying (Requested nodes are busy)
srun: Job 10934615 step creation still disabled, retrying (Requested nodes are busy)
srun: Job 10934615 step creation still disabled, retrying (Requested nodes are busy)
srun: Job 10934615 step creation still disabled, retrying (Requested nodes are busy)
srun: Job 10934615 step creation still disabled, retrying (Requested nodes are busy)
srun: Job 10934615 step creation still disabled, retrying (Requested nodes are busy)
srun: Job 10934615 step creation still disabled, retrying (Requested nodes are busy)
srun: Job 10934615 step creation still disabled, retrying (Requested nodes are busy)
srun: Job 10934615 step creation still disabled, retrying (Requested nodes are busy)
srun: Job 10934615 step creation still disabled, retrying (Requested nodes are busy)
srun: Job 10934615 step creation still disabled, retrying (Requested nodes are busy)
srun: Job 10934615 step creation still disabled, retrying (Requested nodes are busy)
srun: Job 10934615 step creation still disabled, retrying (Requested nodes are busy)
srun: Job 10934615 step creation still disabled, retrying (Requested nodes are busy)
srun: Job 10934615 step creation still disabled, retrying (Requested nodes are busy)
srun: Job 10934615 step creation still disabled, retrying (Requested nodes are busy)
srun: Job 10934615 step creation still disabled, retrying (Requested nodes are busy)
srun: Job 10934615 step creation still disabled, retrying (Requested nodes are busy)
srun: Job 10934615 step creation still disabled, retrying (Requested nodes are busy)
srun: Job 10934615 step creation still disabled, retrying (Requested nodes are busy)
srun: Job 10934615 step creation still disabled, retrying (Requested nodes are busy)
srun: Job 10934615 step creation still disabled, retrying (Requested nodes are busy)
srun: Job 10934615 step creation still disabled, retrying (Requested nodes are busy)
srun: Job 10934615 step creation still disabled, retrying (Requested nodes are busy)
srun: Job 10934615 step creation still disabled, retrying (Requested nodes are busy)
srun: Job 10934615 step creation still disabled, retrying (Requested nodes are busy)
srun: Job 10934615 step creation still disabled, retrying (Requested nodes are busy)
srun: Job 10934615 step creation still disabled, retrying (Requested nodes are busy)
srun: Job 10934615 step creation still disabled, retrying (Requested nodes are busy)
srun: Job 10934615 step creation still disabled, retrying (Requested nodes are busy)
srun: Job 10934615 step creation still disabled, retrying (Requested nodes are busy)
srun: Job 10934615 step creation still disabled, retrying (Requested nodes are busy)
srun: Job 10934615 step creation still disabled, retrying (Requested nodes are busy)
srun: Job 10934615 step creation still disabled, retrying (Requested nodes are busy)
srun: Job 10934615 step creation still disabled, retrying (Requested nodes are busy)
srun: Job 10934615 step creation still disabled, retrying (Requested nodes are busy)
srun: Job 10934615 step creation still disabled, retrying (Requested nodes are busy)
srun: Job 10934615 step creation still disabled, retrying (Requested nodes are busy)
srun: Job 10934615 step creation still disabled, retrying (Requested nodes are busy)
srun: Job 10934615 step creation still disabled, retrying (Requested nodes are busy)
srun: Job 10934615 step creation still disabled, retrying (Requested nodes are busy)
srun: Job 10934615 step creation still disabled, retrying (Requested nodes are busy)
srun: Job 10934615 step creation still disabled, retrying (Requested nodes are busy)
srun: Job 10934615 step creation still disabled, retrying (Requested nodes are busy)
srun: Job 10934615 step creation still disabled, retrying (Requested nodes are busy)
srun: Job 10934615 step creation still disabled, retrying (Requested nodes are busy)
srun: Job 10934615 step creation still disabled, retrying (Requested nodes are busy)
srun: Job 10934615 step creation still disabled, retrying (Requested nodes are busy)
srun: Job 10934615 step creation still disabled, retrying (Requested nodes are busy)
srun: Job 10934615 step creation still disabled, retrying (Requested nodes are busy)
srun: Job 10934615 step creation still disabled, retrying (Requested nodes are busy)
srun: Job 10934615 step creation still disabled, retrying (Requested nodes are busy)
srun: Job 10934615 step creation still disabled, retrying (Requested nodes are busy)
srun: Job 10934615 step creation still disabled, retrying (Requested nodes are busy)
srun: Job 10934615 step creation still disabled, retrying (Requested nodes are busy)
srun: Job 10934615 step creation still disabled, retrying (Requested nodes are busy)
srun: Job 10934615 step creation still disabled, retrying (Requested nodes are busy)
srun: Job 10934615 step creation still disabled, retrying (Requested nodes are busy)
srun: Job 10934615 step creation still disabled, retrying (Requested nodes are busy)
srun: Job 10934615 step creation still disabled, retrying (Requested nodes are busy)
srun: Job 10934615 step creation still disabled, retrying (Requested nodes are busy)
srun: Job 10934615 step creation still disabled, retrying (Requested nodes are busy)
srun: Job 10934615 step creation still disabled, retrying (Requested nodes are busy)
srun: Job 10934615 step creation still disabled, retrying (Requested nodes are busy)
srun: Job 10934615 step creation still disabled, retrying (Requested nodes are busy)
srun: Job 10934615 step creation still disabled, retrying (Requested nodes are busy)
srun: Job 10934615 step creation still disabled, retrying (Requested nodes are busy)
srun: Job 10934615 step creation still disabled, retrying (Requested nodes are busy)
srun: Job 10934615 step creation still disabled, retrying (Requested nodes are busy)
srun: Job 10934615 step creation still disabled, retrying (Requested nodes are busy)
srun: Job 10934615 step creation still disabled, retrying (Requested nodes are busy)
srun: Job 10934615 step creation still disabled, retrying (Requested nodes are busy)
srun: Job 10934615 step creation still disabled, retrying (Requested nodes are busy)
srun: Job 10934615 step creation still disabled, retrying (Requested nodes are busy)
srun: Job 10934615 step creation still disabled, retrying (Requested nodes are busy)
srun: Job 10934615 step creation still disabled, retrying (Requested nodes are busy)
srun: Job 10934615 step creation still disabled, retrying (Requested nodes are busy)
srun: Job 10934615 step creation still disabled, retrying (Requested nodes are busy)
srun: Job 10934615 step creation still disabled, retrying (Requested nodes are busy)
srun: Job 10934615 step creation still disabled, retrying (Requested nodes are busy)
srun: Job 10934615 step creation still disabled, retrying (Requested nodes are busy)
srun: Job 10934615 step creation still disabled, retrying (Requested nodes are busy)
srun: Job 10934615 step creation still disabled, retrying (Requested nodes are busy)
srun: Job 10934615 step creation still disabled, retrying (Requested nodes are busy)
srun: Step created for StepId=10934615.7
srun: Step created for StepId=10934615.8
2025-02-06 22:20:13.548639: I tensorflow/core/common_runtime/gpu/gpu_device.cc:1613] Created device /job:localhost/replica:0/task:0/device:GPU:0 with 38482 MB memory:  -> device: 0, name: NVIDIA A100-SXM4-40GB, pci bus id: 0000:03:00.0, compute capability: 8.0
2025-02-06 22:20:13.550176: I tensorflow/core/common_runtime/gpu/gpu_device.cc:1613] Created device /job:localhost/replica:0/task:0/device:GPU:1 with 38482 MB memory:  -> device: 1, name: NVIDIA A100-SXM4-40GB, pci bus id: 0000:44:00.0, compute capability: 8.0
2025-02-06 22:20:13.551562: I tensorflow/core/common_runtime/gpu/gpu_device.cc:1613] Created device /job:localhost/replica:0/task:0/device:GPU:2 with 38482 MB memory:  -> device: 2, name: NVIDIA A100-SXM4-40GB, pci bus id: 0000:84:00.0, compute capability: 8.0
2025-02-06 22:20:13.552956: I tensorflow/core/common_runtime/gpu/gpu_device.cc:1613] Created device /job:localhost/replica:0/task:0/device:GPU:3 with 38482 MB memory:  -> device: 3, name: NVIDIA A100-SXM4-40GB, pci bus id: 0000:c4:00.0, compute capability: 8.0
2025-02-06 22:20:20.007556: I tensorflow/core/common_runtime/gpu/gpu_device.cc:1613] Created device /job:localhost/replica:0/task:0/device:GPU:0 with 38482 MB memory:  -> device: 0, name: NVIDIA A100-SXM4-40GB, pci bus id: 0000:03:00.0, compute capability: 8.0
2025-02-06 22:20:20.009133: I tensorflow/core/common_runtime/gpu/gpu_device.cc:1613] Created device /job:localhost/replica:0/task:0/device:GPU:1 with 38482 MB memory:  -> device: 1, name: NVIDIA A100-SXM4-40GB, pci bus id: 0000:44:00.0, compute capability: 8.0
2025-02-06 22:20:20.010619: I tensorflow/core/common_runtime/gpu/gpu_device.cc:1613] Created device /job:localhost/replica:0/task:0/device:GPU:2 with 38482 MB memory:  -> device: 2, name: NVIDIA A100-SXM4-40GB, pci bus id: 0000:84:00.0, compute capability: 8.0
2025-02-06 22:20:20.011984: I tensorflow/core/common_runtime/gpu/gpu_device.cc:1613] Created device /job:localhost/replica:0/task:0/device:GPU:3 with 38482 MB memory:  -> device: 3, name: NVIDIA A100-SXM4-40GB, pci bus id: 0000:c4:00.0, compute capability: 8.0
2025-02-06 22:20:33.829828: I tensorflow/compiler/xla/stream_executor/cuda/cuda_dnn.cc:428] Loaded cuDNN version 8600
2025-02-06 22:20:35.929023: I tensorflow/compiler/xla/stream_executor/cuda/cuda_dnn.cc:428] Loaded cuDNN version 8600
2025-02-06 22:20:37.097738: I tensorflow/compiler/xla/stream_executor/cuda/cuda_dnn.cc:428] Loaded cuDNN version 8600
2025-02-06 22:20:38.248877: I tensorflow/compiler/xla/stream_executor/cuda/cuda_dnn.cc:428] Loaded cuDNN version 8600
2025-02-06 22:20:40.229924: I tensorflow/compiler/xla/stream_executor/cuda/cuda_dnn.cc:428] Loaded cuDNN version 8600
2025-02-06 22:20:42.504299: I tensorflow/compiler/xla/stream_executor/cuda/cuda_dnn.cc:428] Loaded cuDNN version 8600
2025-02-06 22:20:43.714677: I tensorflow/compiler/xla/stream_executor/cuda/cuda_dnn.cc:428] Loaded cuDNN version 8600
2025-02-06 22:20:44.910019: I tensorflow/compiler/xla/stream_executor/cuda/cuda_dnn.cc:428] Loaded cuDNN version 8600
2025-02-06 22:20:49.921683: I tensorflow/compiler/xla/service/service.cc:173] XLA service 0x14ec5dc24d00 initialized for platform CUDA (this does not guarantee that XLA will be used). Devices:
2025-02-06 22:20:49.921748: I tensorflow/compiler/xla/service/service.cc:181]   StreamExecutor device (0): NVIDIA A100-SXM4-40GB, Compute Capability 8.0
2025-02-06 22:20:49.921755: I tensorflow/compiler/xla/service/service.cc:181]   StreamExecutor device (1): NVIDIA A100-SXM4-40GB, Compute Capability 8.0
2025-02-06 22:20:49.921761: I tensorflow/compiler/xla/service/service.cc:181]   StreamExecutor device (2): NVIDIA A100-SXM4-40GB, Compute Capability 8.0
2025-02-06 22:20:49.921767: I tensorflow/compiler/xla/service/service.cc:181]   StreamExecutor device (3): NVIDIA A100-SXM4-40GB, Compute Capability 8.0
2025-02-06 22:20:49.927917: I tensorflow/compiler/mlir/tensorflow/utils/dump_mlir_util.cc:268] disabling MLIR crash reproducer, set env var `MLIR_CRASH_REPRODUCER_DIRECTORY` to enable.
2025-02-06 22:20:50.119563: I tensorflow/compiler/jit/xla_compilation_cache.cc:477] Compiled cluster using XLA!  This line is logged at most once for the lifetime of the process.
2025-02-06 22:20:57.618239: I tensorflow/compiler/xla/service/service.cc:173] XLA service 0x1495e67db500 initialized for platform CUDA (this does not guarantee that XLA will be used). Devices:
2025-02-06 22:20:57.618313: I tensorflow/compiler/xla/service/service.cc:181]   StreamExecutor device (0): NVIDIA A100-SXM4-40GB, Compute Capability 8.0
2025-02-06 22:20:57.618322: I tensorflow/compiler/xla/service/service.cc:181]   StreamExecutor device (1): NVIDIA A100-SXM4-40GB, Compute Capability 8.0
2025-02-06 22:20:57.618329: I tensorflow/compiler/xla/service/service.cc:181]   StreamExecutor device (2): NVIDIA A100-SXM4-40GB, Compute Capability 8.0
2025-02-06 22:20:57.618337: I tensorflow/compiler/xla/service/service.cc:181]   StreamExecutor device (3): NVIDIA A100-SXM4-40GB, Compute Capability 8.0
2025-02-06 22:20:57.624339: I tensorflow/compiler/mlir/tensorflow/utils/dump_mlir_util.cc:268] disabling MLIR crash reproducer, set env var `MLIR_CRASH_REPRODUCER_DIRECTORY` to enable.
2025-02-06 22:20:57.815687: I tensorflow/compiler/jit/xla_compilation_cache.cc:477] Compiled cluster using XLA!  This line is logged at most once for the lifetime of the process.
