mkdir: cannot create directory ‘/p/project1/deepacf’: Permission denied
mkdir: cannot create directory ‘/p/project1/deepacf’: Permission denied
2025-02-05 06:02:40.055591: I tensorflow/core/common_runtime/gpu/gpu_device.cc:1613] Created device /job:localhost/replica:0/task:0/device:GPU:0 with 14782 MB memory:  -> device: 0, name: Tesla V100-SXM2-16GB, pci bus id: 0000:60:00.0, compute capability: 7.0
2025-02-05 06:02:40.056296: I tensorflow/core/common_runtime/gpu/gpu_device.cc:1613] Created device /job:localhost/replica:0/task:0/device:GPU:1 with 14782 MB memory:  -> device: 1, name: Tesla V100-SXM2-16GB, pci bus id: 0000:61:00.0, compute capability: 7.0
2025-02-05 06:02:40.056828: I tensorflow/core/common_runtime/gpu/gpu_device.cc:1613] Created device /job:localhost/replica:0/task:0/device:GPU:2 with 14782 MB memory:  -> device: 2, name: Tesla V100-SXM2-16GB, pci bus id: 0000:88:00.0, compute capability: 7.0
2025-02-05 06:02:40.057328: I tensorflow/core/common_runtime/gpu/gpu_device.cc:1613] Created device /job:localhost/replica:0/task:0/device:GPU:3 with 14782 MB memory:  -> device: 3, name: Tesla V100-SXM2-16GB, pci bus id: 0000:89:00.0, compute capability: 7.0
2025-02-05 06:02:41.564258: I tensorflow/core/common_runtime/gpu/gpu_device.cc:1613] Created device /job:localhost/replica:0/task:0/device:GPU:0 with 14782 MB memory:  -> device: 0, name: Tesla V100-SXM2-16GB, pci bus id: 0000:60:00.0, compute capability: 7.0
2025-02-05 06:02:41.564970: I tensorflow/core/common_runtime/gpu/gpu_device.cc:1613] Created device /job:localhost/replica:0/task:0/device:GPU:1 with 14782 MB memory:  -> device: 1, name: Tesla V100-SXM2-16GB, pci bus id: 0000:61:00.0, compute capability: 7.0
2025-02-05 06:02:41.565507: I tensorflow/core/common_runtime/gpu/gpu_device.cc:1613] Created device /job:localhost/replica:0/task:0/device:GPU:2 with 14782 MB memory:  -> device: 2, name: Tesla V100-SXM2-16GB, pci bus id: 0000:88:00.0, compute capability: 7.0
2025-02-05 06:02:41.566033: I tensorflow/core/common_runtime/gpu/gpu_device.cc:1613] Created device /job:localhost/replica:0/task:0/device:GPU:3 with 14782 MB memory:  -> device: 3, name: Tesla V100-SXM2-16GB, pci bus id: 0000:89:00.0, compute capability: 7.0
2025-02-05 06:02:43.612226: I tensorflow/core/common_runtime/gpu/gpu_device.cc:1613] Created device /job:localhost/replica:0/task:0/device:GPU:0 with 14782 MB memory:  -> device: 0, name: Tesla V100-SXM2-16GB, pci bus id: 0000:60:00.0, compute capability: 7.0
2025-02-05 06:02:43.612918: I tensorflow/core/common_runtime/gpu/gpu_device.cc:1613] Created device /job:localhost/replica:0/task:0/device:GPU:1 with 14782 MB memory:  -> device: 1, name: Tesla V100-SXM2-16GB, pci bus id: 0000:61:00.0, compute capability: 7.0
2025-02-05 06:02:43.613447: I tensorflow/core/common_runtime/gpu/gpu_device.cc:1613] Created device /job:localhost/replica:0/task:0/device:GPU:2 with 14782 MB memory:  -> device: 2, name: Tesla V100-SXM2-16GB, pci bus id: 0000:88:00.0, compute capability: 7.0
2025-02-05 06:02:43.613967: I tensorflow/core/common_runtime/gpu/gpu_device.cc:1613] Created device /job:localhost/replica:0/task:0/device:GPU:3 with 14782 MB memory:  -> device: 3, name: Tesla V100-SXM2-16GB, pci bus id: 0000:89:00.0, compute capability: 7.0
2025-02-05 06:02:45.663401: I tensorflow/core/common_runtime/gpu/gpu_device.cc:1613] Created device /job:localhost/replica:0/task:0/device:GPU:0 with 14782 MB memory:  -> device: 0, name: Tesla V100-SXM2-16GB, pci bus id: 0000:60:00.0, compute capability: 7.0
2025-02-05 06:02:45.664090: I tensorflow/core/common_runtime/gpu/gpu_device.cc:1613] Created device /job:localhost/replica:0/task:0/device:GPU:1 with 14782 MB memory:  -> device: 1, name: Tesla V100-SXM2-16GB, pci bus id: 0000:61:00.0, compute capability: 7.0
2025-02-05 06:02:45.664635: I tensorflow/core/common_runtime/gpu/gpu_device.cc:1613] Created device /job:localhost/replica:0/task:0/device:GPU:2 with 14782 MB memory:  -> device: 2, name: Tesla V100-SXM2-16GB, pci bus id: 0000:88:00.0, compute capability: 7.0
2025-02-05 06:02:45.665172: I tensorflow/core/common_runtime/gpu/gpu_device.cc:1613] Created device /job:localhost/replica:0/task:0/device:GPU:3 with 14782 MB memory:  -> device: 3, name: Tesla V100-SXM2-16GB, pci bus id: 0000:89:00.0, compute capability: 7.0
2025-02-05 06:02:47.996625: I tensorflow/core/common_runtime/gpu/gpu_device.cc:1613] Created device /job:localhost/replica:0/task:0/device:GPU:0 with 14782 MB memory:  -> device: 0, name: Tesla V100-SXM2-16GB, pci bus id: 0000:60:00.0, compute capability: 7.0
2025-02-05 06:02:47.997332: I tensorflow/core/common_runtime/gpu/gpu_device.cc:1613] Created device /job:localhost/replica:0/task:0/device:GPU:1 with 14782 MB memory:  -> device: 1, name: Tesla V100-SXM2-16GB, pci bus id: 0000:61:00.0, compute capability: 7.0
2025-02-05 06:02:47.997881: I tensorflow/core/common_runtime/gpu/gpu_device.cc:1613] Created device /job:localhost/replica:0/task:0/device:GPU:2 with 14782 MB memory:  -> device: 2, name: Tesla V100-SXM2-16GB, pci bus id: 0000:88:00.0, compute capability: 7.0
2025-02-05 06:02:47.998402: I tensorflow/core/common_runtime/gpu/gpu_device.cc:1613] Created device /job:localhost/replica:0/task:0/device:GPU:3 with 14782 MB memory:  -> device: 3, name: Tesla V100-SXM2-16GB, pci bus id: 0000:89:00.0, compute capability: 7.0
2025-02-05 06:02:54.567760: I tensorflow/compiler/xla/stream_executor/cuda/cuda_dnn.cc:428] Loaded cuDNN version 8600
2025-02-05 06:02:56.036112: I tensorflow/compiler/xla/stream_executor/cuda/cuda_dnn.cc:428] Loaded cuDNN version 8600
2025-02-05 06:02:56.142962: I tensorflow/compiler/xla/stream_executor/cuda/cuda_dnn.cc:428] Loaded cuDNN version 8600
2025-02-05 06:02:57.613981: I tensorflow/compiler/xla/stream_executor/cuda/cuda_dnn.cc:428] Loaded cuDNN version 8600
2025-02-05 06:02:58.144178: I tensorflow/compiler/xla/stream_executor/cuda/cuda_dnn.cc:428] Loaded cuDNN version 8600
2025-02-05 06:02:58.519082: I tensorflow/compiler/xla/stream_executor/cuda/cuda_dnn.cc:428] Loaded cuDNN version 8600
2025-02-05 06:02:59.410639: I tensorflow/compiler/xla/stream_executor/cuda/cuda_dnn.cc:428] Loaded cuDNN version 8600
2025-02-05 06:02:59.716091: I tensorflow/compiler/xla/stream_executor/cuda/cuda_dnn.cc:428] Loaded cuDNN version 8600
2025-02-05 06:03:00.319681: I tensorflow/compiler/xla/stream_executor/cuda/cuda_dnn.cc:428] Loaded cuDNN version 8600
2025-02-05 06:03:00.658527: I tensorflow/compiler/xla/stream_executor/cuda/cuda_dnn.cc:428] Loaded cuDNN version 8600
2025-02-05 06:03:01.597765: I tensorflow/compiler/xla/stream_executor/cuda/cuda_dnn.cc:428] Loaded cuDNN version 8600
2025-02-05 06:03:01.776514: I tensorflow/compiler/xla/stream_executor/cuda/cuda_dnn.cc:428] Loaded cuDNN version 8600
2025-02-05 06:03:02.270578: I tensorflow/compiler/xla/service/service.cc:173] XLA service 0x14f90f45d250 initialized for platform CUDA (this does not guarantee that XLA will be used). Devices:
2025-02-05 06:03:02.270615: I tensorflow/compiler/xla/service/service.cc:181]   StreamExecutor device (0): Tesla V100-SXM2-16GB, Compute Capability 7.0
2025-02-05 06:03:02.270621: I tensorflow/compiler/xla/service/service.cc:181]   StreamExecutor device (1): Tesla V100-SXM2-16GB, Compute Capability 7.0
2025-02-05 06:03:02.270626: I tensorflow/compiler/xla/service/service.cc:181]   StreamExecutor device (2): Tesla V100-SXM2-16GB, Compute Capability 7.0
2025-02-05 06:03:02.270648: I tensorflow/compiler/xla/service/service.cc:181]   StreamExecutor device (3): Tesla V100-SXM2-16GB, Compute Capability 7.0
2025-02-05 06:03:02.276434: I tensorflow/compiler/mlir/tensorflow/utils/dump_mlir_util.cc:268] disabling MLIR crash reproducer, set env var `MLIR_CRASH_REPRODUCER_DIRECTORY` to enable.
2025-02-05 06:03:02.451958: I tensorflow/compiler/jit/xla_compilation_cache.cc:477] Compiled cluster using XLA!  This line is logged at most once for the lifetime of the process.
2025-02-05 06:03:02.502507: I tensorflow/compiler/xla/stream_executor/cuda/cuda_dnn.cc:428] Loaded cuDNN version 8600
2025-02-05 06:03:03.957900: I tensorflow/compiler/xla/stream_executor/cuda/cuda_dnn.cc:428] Loaded cuDNN version 8600
2025-02-05 06:03:04.863580: I tensorflow/compiler/xla/stream_executor/cuda/cuda_dnn.cc:428] Loaded cuDNN version 8600
2025-02-05 06:03:05.744114: I tensorflow/compiler/xla/stream_executor/cuda/cuda_dnn.cc:428] Loaded cuDNN version 8600
2025-02-05 06:03:06.368991: I tensorflow/compiler/xla/service/service.cc:173] XLA service 0x6b71ff90 initialized for platform CUDA (this does not guarantee that XLA will be used). Devices:
2025-02-05 06:03:06.369030: I tensorflow/compiler/xla/service/service.cc:181]   StreamExecutor device (0): Tesla V100-SXM2-16GB, Compute Capability 7.0
2025-02-05 06:03:06.369037: I tensorflow/compiler/xla/service/service.cc:181]   StreamExecutor device (1): Tesla V100-SXM2-16GB, Compute Capability 7.0
2025-02-05 06:03:06.369042: I tensorflow/compiler/xla/service/service.cc:181]   StreamExecutor device (2): Tesla V100-SXM2-16GB, Compute Capability 7.0
2025-02-05 06:03:06.369047: I tensorflow/compiler/xla/service/service.cc:181]   StreamExecutor device (3): Tesla V100-SXM2-16GB, Compute Capability 7.0
2025-02-05 06:03:06.375264: I tensorflow/compiler/mlir/tensorflow/utils/dump_mlir_util.cc:268] disabling MLIR crash reproducer, set env var `MLIR_CRASH_REPRODUCER_DIRECTORY` to enable.
2025-02-05 06:03:06.553226: I tensorflow/compiler/jit/xla_compilation_cache.cc:477] Compiled cluster using XLA!  This line is logged at most once for the lifetime of the process.
2025-02-05 06:03:08.086011: I tensorflow/compiler/xla/service/service.cc:173] XLA service 0x1455cf81bdd0 initialized for platform CUDA (this does not guarantee that XLA will be used). Devices:
2025-02-05 06:03:08.086047: I tensorflow/compiler/xla/service/service.cc:181]   StreamExecutor device (0): Tesla V100-SXM2-16GB, Compute Capability 7.0
2025-02-05 06:03:08.086053: I tensorflow/compiler/xla/service/service.cc:181]   StreamExecutor device (1): Tesla V100-SXM2-16GB, Compute Capability 7.0
2025-02-05 06:03:08.086058: I tensorflow/compiler/xla/service/service.cc:181]   StreamExecutor device (2): Tesla V100-SXM2-16GB, Compute Capability 7.0
2025-02-05 06:03:08.086063: I tensorflow/compiler/xla/service/service.cc:181]   StreamExecutor device (3): Tesla V100-SXM2-16GB, Compute Capability 7.0
2025-02-05 06:03:08.091950: I tensorflow/compiler/mlir/tensorflow/utils/dump_mlir_util.cc:268] disabling MLIR crash reproducer, set env var `MLIR_CRASH_REPRODUCER_DIRECTORY` to enable.
2025-02-05 06:03:08.268604: I tensorflow/compiler/jit/xla_compilation_cache.cc:477] Compiled cluster using XLA!  This line is logged at most once for the lifetime of the process.
2025-02-05 06:03:08.775605: I tensorflow/compiler/xla/service/service.cc:173] XLA service 0x14eaa37cfbd0 initialized for platform CUDA (this does not guarantee that XLA will be used). Devices:
2025-02-05 06:03:08.775642: I tensorflow/compiler/xla/service/service.cc:181]   StreamExecutor device (0): Tesla V100-SXM2-16GB, Compute Capability 7.0
2025-02-05 06:03:08.775648: I tensorflow/compiler/xla/service/service.cc:181]   StreamExecutor device (1): Tesla V100-SXM2-16GB, Compute Capability 7.0
2025-02-05 06:03:08.775654: I tensorflow/compiler/xla/service/service.cc:181]   StreamExecutor device (2): Tesla V100-SXM2-16GB, Compute Capability 7.0
2025-02-05 06:03:08.775675: I tensorflow/compiler/xla/service/service.cc:181]   StreamExecutor device (3): Tesla V100-SXM2-16GB, Compute Capability 7.0
2025-02-05 06:03:08.781491: I tensorflow/compiler/mlir/tensorflow/utils/dump_mlir_util.cc:268] disabling MLIR crash reproducer, set env var `MLIR_CRASH_REPRODUCER_DIRECTORY` to enable.
2025-02-05 06:03:08.958052: I tensorflow/compiler/jit/xla_compilation_cache.cc:477] Compiled cluster using XLA!  This line is logged at most once for the lifetime of the process.
2025-02-05 06:03:12.524294: I tensorflow/compiler/xla/service/service.cc:173] XLA service 0x14d03c13a450 initialized for platform CUDA (this does not guarantee that XLA will be used). Devices:
2025-02-05 06:03:12.524329: I tensorflow/compiler/xla/service/service.cc:181]   StreamExecutor device (0): Tesla V100-SXM2-16GB, Compute Capability 7.0
2025-02-05 06:03:12.524335: I tensorflow/compiler/xla/service/service.cc:181]   StreamExecutor device (1): Tesla V100-SXM2-16GB, Compute Capability 7.0
2025-02-05 06:03:12.524340: I tensorflow/compiler/xla/service/service.cc:181]   StreamExecutor device (2): Tesla V100-SXM2-16GB, Compute Capability 7.0
2025-02-05 06:03:12.524345: I tensorflow/compiler/xla/service/service.cc:181]   StreamExecutor device (3): Tesla V100-SXM2-16GB, Compute Capability 7.0
2025-02-05 06:03:12.530182: I tensorflow/compiler/mlir/tensorflow/utils/dump_mlir_util.cc:268] disabling MLIR crash reproducer, set env var `MLIR_CRASH_REPRODUCER_DIRECTORY` to enable.
2025-02-05 06:03:12.708084: I tensorflow/compiler/jit/xla_compilation_cache.cc:477] Compiled cluster using XLA!  This line is logged at most once for the lifetime of the process.
srun: Job 10915698 step creation temporarily disabled, retrying (Requested nodes are busy)
srun: Job 10915698 step creation temporarily disabled, retrying (Requested nodes are busy)
srun: Job 10915698 step creation temporarily disabled, retrying (Requested nodes are busy)
srun: Job 10915698 step creation temporarily disabled, retrying (Requested nodes are busy)
srun: Job 10915698 step creation still disabled, retrying (Requested nodes are busy)
srun: Job 10915698 step creation still disabled, retrying (Requested nodes are busy)
srun: Job 10915698 step creation still disabled, retrying (Requested nodes are busy)
srun: Job 10915698 step creation still disabled, retrying (Requested nodes are busy)
srun: Job 10915698 step creation still disabled, retrying (Requested nodes are busy)
srun: Job 10915698 step creation still disabled, retrying (Requested nodes are busy)
srun: Job 10915698 step creation still disabled, retrying (Requested nodes are busy)
srun: Job 10915698 step creation still disabled, retrying (Requested nodes are busy)
srun: Job 10915698 step creation still disabled, retrying (Requested nodes are busy)
srun: Job 10915698 step creation still disabled, retrying (Requested nodes are busy)
srun: Job 10915698 step creation still disabled, retrying (Requested nodes are busy)
srun: Job 10915698 step creation still disabled, retrying (Requested nodes are busy)
srun: Job 10915698 step creation still disabled, retrying (Requested nodes are busy)
srun: Job 10915698 step creation still disabled, retrying (Requested nodes are busy)
srun: Job 10915698 step creation still disabled, retrying (Requested nodes are busy)
srun: Job 10915698 step creation still disabled, retrying (Requested nodes are busy)
srun: Job 10915698 step creation still disabled, retrying (Requested nodes are busy)
srun: Job 10915698 step creation still disabled, retrying (Requested nodes are busy)
srun: Job 10915698 step creation still disabled, retrying (Requested nodes are busy)
srun: Job 10915698 step creation still disabled, retrying (Requested nodes are busy)
srun: Job 10915698 step creation still disabled, retrying (Requested nodes are busy)
srun: Job 10915698 step creation still disabled, retrying (Requested nodes are busy)
srun: Job 10915698 step creation still disabled, retrying (Requested nodes are busy)
srun: Job 10915698 step creation still disabled, retrying (Requested nodes are busy)
srun: Job 10915698 step creation still disabled, retrying (Requested nodes are busy)
srun: Job 10915698 step creation still disabled, retrying (Requested nodes are busy)
srun: Job 10915698 step creation still disabled, retrying (Requested nodes are busy)
srun: Job 10915698 step creation still disabled, retrying (Requested nodes are busy)
srun: Job 10915698 step creation still disabled, retrying (Requested nodes are busy)
srun: Job 10915698 step creation still disabled, retrying (Requested nodes are busy)
srun: Job 10915698 step creation still disabled, retrying (Requested nodes are busy)
srun: Job 10915698 step creation still disabled, retrying (Requested nodes are busy)
srun: Job 10915698 step creation still disabled, retrying (Requested nodes are busy)
srun: Job 10915698 step creation still disabled, retrying (Requested nodes are busy)
srun: Job 10915698 step creation still disabled, retrying (Requested nodes are busy)
srun: Job 10915698 step creation still disabled, retrying (Requested nodes are busy)
srun: Job 10915698 step creation still disabled, retrying (Requested nodes are busy)
srun: Job 10915698 step creation still disabled, retrying (Requested nodes are busy)
srun: Job 10915698 step creation still disabled, retrying (Requested nodes are busy)
srun: Job 10915698 step creation still disabled, retrying (Requested nodes are busy)
srun: Job 10915698 step creation still disabled, retrying (Requested nodes are busy)
srun: Job 10915698 step creation still disabled, retrying (Requested nodes are busy)
srun: Job 10915698 step creation still disabled, retrying (Requested nodes are busy)
srun: Job 10915698 step creation still disabled, retrying (Requested nodes are busy)
srun: Job 10915698 step creation still disabled, retrying (Requested nodes are busy)
srun: Job 10915698 step creation still disabled, retrying (Requested nodes are busy)
srun: Job 10915698 step creation still disabled, retrying (Requested nodes are busy)
srun: Job 10915698 step creation still disabled, retrying (Requested nodes are busy)
srun: Job 10915698 step creation still disabled, retrying (Requested nodes are busy)
srun: Job 10915698 step creation still disabled, retrying (Requested nodes are busy)
srun: Job 10915698 step creation still disabled, retrying (Requested nodes are busy)
srun: Job 10915698 step creation still disabled, retrying (Requested nodes are busy)
srun: Job 10915698 step creation still disabled, retrying (Requested nodes are busy)
srun: Job 10915698 step creation still disabled, retrying (Requested nodes are busy)
srun: Job 10915698 step creation still disabled, retrying (Requested nodes are busy)
srun: Job 10915698 step creation still disabled, retrying (Requested nodes are busy)
srun: Job 10915698 step creation still disabled, retrying (Requested nodes are busy)
srun: Job 10915698 step creation still disabled, retrying (Requested nodes are busy)
srun: Job 10915698 step creation still disabled, retrying (Requested nodes are busy)
srun: Job 10915698 step creation still disabled, retrying (Requested nodes are busy)
srun: Job 10915698 step creation still disabled, retrying (Requested nodes are busy)
srun: Job 10915698 step creation still disabled, retrying (Requested nodes are busy)
srun: Job 10915698 step creation still disabled, retrying (Requested nodes are busy)
srun: Job 10915698 step creation still disabled, retrying (Requested nodes are busy)
srun: Job 10915698 step creation still disabled, retrying (Requested nodes are busy)
srun: Job 10915698 step creation still disabled, retrying (Requested nodes are busy)
srun: Job 10915698 step creation still disabled, retrying (Requested nodes are busy)
srun: Job 10915698 step creation still disabled, retrying (Requested nodes are busy)
srun: Job 10915698 step creation still disabled, retrying (Requested nodes are busy)
srun: Job 10915698 step creation still disabled, retrying (Requested nodes are busy)
srun: Job 10915698 step creation still disabled, retrying (Requested nodes are busy)
srun: Job 10915698 step creation still disabled, retrying (Requested nodes are busy)
srun: Job 10915698 step creation still disabled, retrying (Requested nodes are busy)
srun: Job 10915698 step creation still disabled, retrying (Requested nodes are busy)
srun: Job 10915698 step creation still disabled, retrying (Requested nodes are busy)
srun: Job 10915698 step creation still disabled, retrying (Requested nodes are busy)
srun: Job 10915698 step creation still disabled, retrying (Requested nodes are busy)
srun: Job 10915698 step creation still disabled, retrying (Requested nodes are busy)
srun: Job 10915698 step creation still disabled, retrying (Requested nodes are busy)
srun: Job 10915698 step creation still disabled, retrying (Requested nodes are busy)
srun: Job 10915698 step creation still disabled, retrying (Requested nodes are busy)
srun: Job 10915698 step creation still disabled, retrying (Requested nodes are busy)
srun: Job 10915698 step creation still disabled, retrying (Requested nodes are busy)
srun: Job 10915698 step creation still disabled, retrying (Requested nodes are busy)
srun: Job 10915698 step creation still disabled, retrying (Requested nodes are busy)
srun: Job 10915698 step creation still disabled, retrying (Requested nodes are busy)
srun: Job 10915698 step creation still disabled, retrying (Requested nodes are busy)
srun: Job 10915698 step creation still disabled, retrying (Requested nodes are busy)
srun: Job 10915698 step creation still disabled, retrying (Requested nodes are busy)
srun: Job 10915698 step creation still disabled, retrying (Requested nodes are busy)
srun: Job 10915698 step creation still disabled, retrying (Requested nodes are busy)
srun: Job 10915698 step creation still disabled, retrying (Requested nodes are busy)
srun: Job 10915698 step creation still disabled, retrying (Requested nodes are busy)
srun: Job 10915698 step creation still disabled, retrying (Requested nodes are busy)
srun: Job 10915698 step creation still disabled, retrying (Requested nodes are busy)
srun: Job 10915698 step creation still disabled, retrying (Requested nodes are busy)
srun: Job 10915698 step creation still disabled, retrying (Requested nodes are busy)
srun: Job 10915698 step creation still disabled, retrying (Requested nodes are busy)
srun: Job 10915698 step creation still disabled, retrying (Requested nodes are busy)
srun: Job 10915698 step creation still disabled, retrying (Requested nodes are busy)
srun: Step created for StepId=10915698.5
2025-02-05 06:58:18.708096: I tensorflow/core/common_runtime/gpu/gpu_device.cc:1613] Created device /job:localhost/replica:0/task:0/device:GPU:0 with 14782 MB memory:  -> device: 0, name: Tesla V100-SXM2-16GB, pci bus id: 0000:60:00.0, compute capability: 7.0
2025-02-05 06:58:18.708777: I tensorflow/core/common_runtime/gpu/gpu_device.cc:1613] Created device /job:localhost/replica:0/task:0/device:GPU:1 with 14782 MB memory:  -> device: 1, name: Tesla V100-SXM2-16GB, pci bus id: 0000:61:00.0, compute capability: 7.0
2025-02-05 06:58:18.709316: I tensorflow/core/common_runtime/gpu/gpu_device.cc:1613] Created device /job:localhost/replica:0/task:0/device:GPU:2 with 14782 MB memory:  -> device: 2, name: Tesla V100-SXM2-16GB, pci bus id: 0000:88:00.0, compute capability: 7.0
2025-02-05 06:58:18.709844: I tensorflow/core/common_runtime/gpu/gpu_device.cc:1613] Created device /job:localhost/replica:0/task:0/device:GPU:3 with 14782 MB memory:  -> device: 3, name: Tesla V100-SXM2-16GB, pci bus id: 0000:89:00.0, compute capability: 7.0
2025-02-05 06:58:33.260234: I tensorflow/compiler/xla/stream_executor/cuda/cuda_dnn.cc:428] Loaded cuDNN version 8600
2025-02-05 06:58:34.834116: I tensorflow/compiler/xla/stream_executor/cuda/cuda_dnn.cc:428] Loaded cuDNN version 8600
2025-02-05 06:58:35.773797: I tensorflow/compiler/xla/stream_executor/cuda/cuda_dnn.cc:428] Loaded cuDNN version 8600
2025-02-05 06:58:36.703171: I tensorflow/compiler/xla/stream_executor/cuda/cuda_dnn.cc:428] Loaded cuDNN version 8600
2025-02-05 06:58:43.890307: I tensorflow/compiler/xla/service/service.cc:173] XLA service 0x6db919a0 initialized for platform CUDA (this does not guarantee that XLA will be used). Devices:
2025-02-05 06:58:43.890342: I tensorflow/compiler/xla/service/service.cc:181]   StreamExecutor device (0): Tesla V100-SXM2-16GB, Compute Capability 7.0
2025-02-05 06:58:43.890348: I tensorflow/compiler/xla/service/service.cc:181]   StreamExecutor device (1): Tesla V100-SXM2-16GB, Compute Capability 7.0
2025-02-05 06:58:43.890353: I tensorflow/compiler/xla/service/service.cc:181]   StreamExecutor device (2): Tesla V100-SXM2-16GB, Compute Capability 7.0
2025-02-05 06:58:43.890374: I tensorflow/compiler/xla/service/service.cc:181]   StreamExecutor device (3): Tesla V100-SXM2-16GB, Compute Capability 7.0
2025-02-05 06:58:43.896234: I tensorflow/compiler/mlir/tensorflow/utils/dump_mlir_util.cc:268] disabling MLIR crash reproducer, set env var `MLIR_CRASH_REPRODUCER_DIRECTORY` to enable.
2025-02-05 06:58:44.072391: I tensorflow/compiler/jit/xla_compilation_cache.cc:477] Compiled cluster using XLA!  This line is logged at most once for the lifetime of the process.
srun: Job 10915698 step creation still disabled, retrying (Requested nodes are busy)
srun: Job 10915698 step creation still disabled, retrying (Requested nodes are busy)
srun: Job 10915698 step creation still disabled, retrying (Requested nodes are busy)
srun: Job 10915698 step creation still disabled, retrying (Requested nodes are busy)
srun: Job 10915698 step creation still disabled, retrying (Requested nodes are busy)
srun: Job 10915698 step creation still disabled, retrying (Requested nodes are busy)
srun: Job 10915698 step creation still disabled, retrying (Requested nodes are busy)
srun: Job 10915698 step creation still disabled, retrying (Requested nodes are busy)
srun: Job 10915698 step creation still disabled, retrying (Requested nodes are busy)
srun: Job 10915698 step creation still disabled, retrying (Requested nodes are busy)
srun: Job 10915698 step creation still disabled, retrying (Requested nodes are busy)
srun: Job 10915698 step creation still disabled, retrying (Requested nodes are busy)
srun: Job 10915698 step creation still disabled, retrying (Requested nodes are busy)
srun: Job 10915698 step creation still disabled, retrying (Requested nodes are busy)
srun: Job 10915698 step creation still disabled, retrying (Requested nodes are busy)
srun: Job 10915698 step creation still disabled, retrying (Requested nodes are busy)
srun: Job 10915698 step creation still disabled, retrying (Requested nodes are busy)
srun: Job 10915698 step creation still disabled, retrying (Requested nodes are busy)
srun: Job 10915698 step creation still disabled, retrying (Requested nodes are busy)
srun: Job 10915698 step creation still disabled, retrying (Requested nodes are busy)
srun: Job 10915698 step creation still disabled, retrying (Requested nodes are busy)
srun: Job 10915698 step creation still disabled, retrying (Requested nodes are busy)
srun: Job 10915698 step creation still disabled, retrying (Requested nodes are busy)
srun: Job 10915698 step creation still disabled, retrying (Requested nodes are busy)
srun: Job 10915698 step creation still disabled, retrying (Requested nodes are busy)
srun: Job 10915698 step creation still disabled, retrying (Requested nodes are busy)
srun: Job 10915698 step creation still disabled, retrying (Requested nodes are busy)
srun: Job 10915698 step creation still disabled, retrying (Requested nodes are busy)
srun: Step created for StepId=10915698.6
2025-02-05 07:18:23.291546: I tensorflow/core/common_runtime/gpu/gpu_device.cc:1613] Created device /job:localhost/replica:0/task:0/device:GPU:0 with 14782 MB memory:  -> device: 0, name: Tesla V100-SXM2-16GB, pci bus id: 0000:60:00.0, compute capability: 7.0
2025-02-05 07:18:23.292194: I tensorflow/core/common_runtime/gpu/gpu_device.cc:1613] Created device /job:localhost/replica:0/task:0/device:GPU:1 with 14782 MB memory:  -> device: 1, name: Tesla V100-SXM2-16GB, pci bus id: 0000:61:00.0, compute capability: 7.0
2025-02-05 07:18:23.292734: I tensorflow/core/common_runtime/gpu/gpu_device.cc:1613] Created device /job:localhost/replica:0/task:0/device:GPU:2 with 14782 MB memory:  -> device: 2, name: Tesla V100-SXM2-16GB, pci bus id: 0000:88:00.0, compute capability: 7.0
2025-02-05 07:18:23.293245: I tensorflow/core/common_runtime/gpu/gpu_device.cc:1613] Created device /job:localhost/replica:0/task:0/device:GPU:3 with 14782 MB memory:  -> device: 3, name: Tesla V100-SXM2-16GB, pci bus id: 0000:89:00.0, compute capability: 7.0
2025-02-05 07:18:37.760566: I tensorflow/compiler/xla/stream_executor/cuda/cuda_dnn.cc:428] Loaded cuDNN version 8600
2025-02-05 07:18:39.225060: I tensorflow/compiler/xla/stream_executor/cuda/cuda_dnn.cc:428] Loaded cuDNN version 8600
2025-02-05 07:18:45.346474: I tensorflow/compiler/xla/service/service.cc:173] XLA service 0x14a6c4a94770 initialized for platform CUDA (this does not guarantee that XLA will be used). Devices:
2025-02-05 07:18:45.346517: I tensorflow/compiler/xla/service/service.cc:181]   StreamExecutor device (0): Tesla V100-SXM2-16GB, Compute Capability 7.0
2025-02-05 07:18:45.346523: I tensorflow/compiler/xla/service/service.cc:181]   StreamExecutor device (1): Tesla V100-SXM2-16GB, Compute Capability 7.0
2025-02-05 07:18:45.346528: I tensorflow/compiler/xla/service/service.cc:181]   StreamExecutor device (2): Tesla V100-SXM2-16GB, Compute Capability 7.0
2025-02-05 07:18:45.346550: I tensorflow/compiler/xla/service/service.cc:181]   StreamExecutor device (3): Tesla V100-SXM2-16GB, Compute Capability 7.0
2025-02-05 07:18:45.352330: I tensorflow/compiler/mlir/tensorflow/utils/dump_mlir_util.cc:268] disabling MLIR crash reproducer, set env var `MLIR_CRASH_REPRODUCER_DIRECTORY` to enable.
2025-02-05 07:18:45.528343: I tensorflow/compiler/jit/xla_compilation_cache.cc:477] Compiled cluster using XLA!  This line is logged at most once for the lifetime of the process.
srun: Job 10915698 step creation still disabled, retrying (Requested nodes are busy)
srun: Job 10915698 step creation still disabled, retrying (Requested nodes are busy)
srun: Job 10915698 step creation still disabled, retrying (Requested nodes are busy)
srun: Job 10915698 step creation still disabled, retrying (Requested nodes are busy)
srun: Job 10915698 step creation still disabled, retrying (Requested nodes are busy)
srun: Job 10915698 step creation still disabled, retrying (Requested nodes are busy)
srun: Job 10915698 step creation still disabled, retrying (Requested nodes are busy)
srun: Job 10915698 step creation still disabled, retrying (Requested nodes are busy)
srun: Job 10915698 step creation still disabled, retrying (Requested nodes are busy)
srun: Job 10915698 step creation still disabled, retrying (Requested nodes are busy)
srun: Job 10915698 step creation still disabled, retrying (Requested nodes are busy)
srun: Job 10915698 step creation still disabled, retrying (Requested nodes are busy)
srun: Job 10915698 step creation still disabled, retrying (Requested nodes are busy)
srun: Job 10915698 step creation still disabled, retrying (Requested nodes are busy)
srun: Job 10915698 step creation still disabled, retrying (Requested nodes are busy)
srun: Job 10915698 step creation still disabled, retrying (Requested nodes are busy)
srun: Job 10915698 step creation still disabled, retrying (Requested nodes are busy)
srun: Job 10915698 step creation still disabled, retrying (Requested nodes are busy)
srun: Job 10915698 step creation still disabled, retrying (Requested nodes are busy)
srun: Job 10915698 step creation still disabled, retrying (Requested nodes are busy)
srun: Job 10915698 step creation still disabled, retrying (Requested nodes are busy)
srun: Job 10915698 step creation still disabled, retrying (Requested nodes are busy)
srun: Job 10915698 step creation still disabled, retrying (Requested nodes are busy)
srun: Job 10915698 step creation still disabled, retrying (Requested nodes are busy)
srun: Job 10915698 step creation still disabled, retrying (Requested nodes are busy)
srun: Job 10915698 step creation still disabled, retrying (Requested nodes are busy)
srun: Job 10915698 step creation still disabled, retrying (Requested nodes are busy)
srun: Job 10915698 step creation still disabled, retrying (Requested nodes are busy)
srun: Job 10915698 step creation still disabled, retrying (Requested nodes are busy)
srun: Job 10915698 step creation still disabled, retrying (Requested nodes are busy)
srun: Job 10915698 step creation still disabled, retrying (Requested nodes are busy)
srun: Job 10915698 step creation still disabled, retrying (Requested nodes are busy)
srun: Job 10915698 step creation still disabled, retrying (Requested nodes are busy)
srun: Job 10915698 step creation still disabled, retrying (Requested nodes are busy)
srun: Job 10915698 step creation still disabled, retrying (Requested nodes are busy)
srun: Job 10915698 step creation still disabled, retrying (Requested nodes are busy)
srun: Job 10915698 step creation still disabled, retrying (Requested nodes are busy)
srun: Job 10915698 step creation still disabled, retrying (Requested nodes are busy)
srun: Job 10915698 step creation still disabled, retrying (Requested nodes are busy)
srun: Step created for StepId=10915698.7
2025-02-05 08:00:41.151845: I tensorflow/core/common_runtime/gpu/gpu_device.cc:1613] Created device /job:localhost/replica:0/task:0/device:GPU:0 with 14782 MB memory:  -> device: 0, name: Tesla V100-SXM2-16GB, pci bus id: 0000:60:00.0, compute capability: 7.0
2025-02-05 08:00:41.152550: I tensorflow/core/common_runtime/gpu/gpu_device.cc:1613] Created device /job:localhost/replica:0/task:0/device:GPU:1 with 14782 MB memory:  -> device: 1, name: Tesla V100-SXM2-16GB, pci bus id: 0000:61:00.0, compute capability: 7.0
2025-02-05 08:00:41.153083: I tensorflow/core/common_runtime/gpu/gpu_device.cc:1613] Created device /job:localhost/replica:0/task:0/device:GPU:2 with 14782 MB memory:  -> device: 2, name: Tesla V100-SXM2-16GB, pci bus id: 0000:88:00.0, compute capability: 7.0
2025-02-05 08:00:41.153600: I tensorflow/core/common_runtime/gpu/gpu_device.cc:1613] Created device /job:localhost/replica:0/task:0/device:GPU:3 with 14782 MB memory:  -> device: 3, name: Tesla V100-SXM2-16GB, pci bus id: 0000:89:00.0, compute capability: 7.0
2025-02-05 08:00:55.834379: I tensorflow/compiler/xla/stream_executor/cuda/cuda_dnn.cc:428] Loaded cuDNN version 8600
2025-02-05 08:00:57.416384: I tensorflow/compiler/xla/stream_executor/cuda/cuda_dnn.cc:428] Loaded cuDNN version 8600
2025-02-05 08:00:58.355342: I tensorflow/compiler/xla/stream_executor/cuda/cuda_dnn.cc:428] Loaded cuDNN version 8600
2025-02-05 08:00:59.297309: I tensorflow/compiler/xla/stream_executor/cuda/cuda_dnn.cc:428] Loaded cuDNN version 8600
2025-02-05 08:01:06.663817: I tensorflow/compiler/xla/service/service.cc:173] XLA service 0x6c2cc820 initialized for platform CUDA (this does not guarantee that XLA will be used). Devices:
2025-02-05 08:01:06.663852: I tensorflow/compiler/xla/service/service.cc:181]   StreamExecutor device (0): Tesla V100-SXM2-16GB, Compute Capability 7.0
2025-02-05 08:01:06.663858: I tensorflow/compiler/xla/service/service.cc:181]   StreamExecutor device (1): Tesla V100-SXM2-16GB, Compute Capability 7.0
2025-02-05 08:01:06.663863: I tensorflow/compiler/xla/service/service.cc:181]   StreamExecutor device (2): Tesla V100-SXM2-16GB, Compute Capability 7.0
2025-02-05 08:01:06.663884: I tensorflow/compiler/xla/service/service.cc:181]   StreamExecutor device (3): Tesla V100-SXM2-16GB, Compute Capability 7.0
2025-02-05 08:01:06.670054: I tensorflow/compiler/mlir/tensorflow/utils/dump_mlir_util.cc:268] disabling MLIR crash reproducer, set env var `MLIR_CRASH_REPRODUCER_DIRECTORY` to enable.
2025-02-05 08:01:06.846281: I tensorflow/compiler/jit/xla_compilation_cache.cc:477] Compiled cluster using XLA!  This line is logged at most once for the lifetime of the process.
srun: Job 10915698 step creation still disabled, retrying (Requested nodes are busy)
srun: Job 10915698 step creation still disabled, retrying (Requested nodes are busy)
srun: Job 10915698 step creation still disabled, retrying (Requested nodes are busy)
srun: Job 10915698 step creation still disabled, retrying (Requested nodes are busy)
srun: Job 10915698 step creation still disabled, retrying (Requested nodes are busy)
srun: Job 10915698 step creation still disabled, retrying (Requested nodes are busy)
srun: Step created for StepId=10915698.8
2025-02-05 08:13:58.596243: I tensorflow/core/common_runtime/gpu/gpu_device.cc:1613] Created device /job:localhost/replica:0/task:0/device:GPU:0 with 14782 MB memory:  -> device: 0, name: Tesla V100-SXM2-16GB, pci bus id: 0000:60:00.0, compute capability: 7.0
2025-02-05 08:13:58.596932: I tensorflow/core/common_runtime/gpu/gpu_device.cc:1613] Created device /job:localhost/replica:0/task:0/device:GPU:1 with 14782 MB memory:  -> device: 1, name: Tesla V100-SXM2-16GB, pci bus id: 0000:61:00.0, compute capability: 7.0
2025-02-05 08:13:58.597479: I tensorflow/core/common_runtime/gpu/gpu_device.cc:1613] Created device /job:localhost/replica:0/task:0/device:GPU:2 with 14782 MB memory:  -> device: 2, name: Tesla V100-SXM2-16GB, pci bus id: 0000:88:00.0, compute capability: 7.0
2025-02-05 08:13:58.598022: I tensorflow/core/common_runtime/gpu/gpu_device.cc:1613] Created device /job:localhost/replica:0/task:0/device:GPU:3 with 14782 MB memory:  -> device: 3, name: Tesla V100-SXM2-16GB, pci bus id: 0000:89:00.0, compute capability: 7.0
2025-02-05 08:14:13.185809: I tensorflow/compiler/xla/stream_executor/cuda/cuda_dnn.cc:428] Loaded cuDNN version 8600
2025-02-05 08:14:14.671103: I tensorflow/compiler/xla/stream_executor/cuda/cuda_dnn.cc:428] Loaded cuDNN version 8600
2025-02-05 08:14:15.564372: I tensorflow/compiler/xla/stream_executor/cuda/cuda_dnn.cc:428] Loaded cuDNN version 8600
2025-02-05 08:14:16.461680: I tensorflow/compiler/xla/stream_executor/cuda/cuda_dnn.cc:428] Loaded cuDNN version 8600
2025-02-05 08:14:23.460756: I tensorflow/compiler/xla/service/service.cc:173] XLA service 0x6d51fe40 initialized for platform CUDA (this does not guarantee that XLA will be used). Devices:
2025-02-05 08:14:23.460794: I tensorflow/compiler/xla/service/service.cc:181]   StreamExecutor device (0): Tesla V100-SXM2-16GB, Compute Capability 7.0
2025-02-05 08:14:23.460800: I tensorflow/compiler/xla/service/service.cc:181]   StreamExecutor device (1): Tesla V100-SXM2-16GB, Compute Capability 7.0
2025-02-05 08:14:23.460806: I tensorflow/compiler/xla/service/service.cc:181]   StreamExecutor device (2): Tesla V100-SXM2-16GB, Compute Capability 7.0
2025-02-05 08:14:23.460811: I tensorflow/compiler/xla/service/service.cc:181]   StreamExecutor device (3): Tesla V100-SXM2-16GB, Compute Capability 7.0
2025-02-05 08:14:23.466940: I tensorflow/compiler/mlir/tensorflow/utils/dump_mlir_util.cc:268] disabling MLIR crash reproducer, set env var `MLIR_CRASH_REPRODUCER_DIRECTORY` to enable.
2025-02-05 08:14:23.643914: I tensorflow/compiler/jit/xla_compilation_cache.cc:477] Compiled cluster using XLA!  This line is logged at most once for the lifetime of the process.
