mkdir: cannot create directory ‘/p/project1/deepacf’: Permission denied
mkdir: cannot create directory ‘/p/project1/deepacf’: Permission denied
2025-02-07 12:43:48.672993: I tensorflow/core/common_runtime/gpu/gpu_device.cc:1613] Created device /job:localhost/replica:0/task:0/device:GPU:0 with 38482 MB memory:  -> device: 0, name: NVIDIA A100-SXM4-40GB, pci bus id: 0000:03:00.0, compute capability: 8.0
2025-02-07 12:43:48.674639: I tensorflow/core/common_runtime/gpu/gpu_device.cc:1613] Created device /job:localhost/replica:0/task:0/device:GPU:1 with 38482 MB memory:  -> device: 1, name: NVIDIA A100-SXM4-40GB, pci bus id: 0000:44:00.0, compute capability: 8.0
2025-02-07 12:43:48.676500: I tensorflow/core/common_runtime/gpu/gpu_device.cc:1613] Created device /job:localhost/replica:0/task:0/device:GPU:2 with 38482 MB memory:  -> device: 2, name: NVIDIA A100-SXM4-40GB, pci bus id: 0000:84:00.0, compute capability: 8.0
2025-02-07 12:43:48.677986: I tensorflow/core/common_runtime/gpu/gpu_device.cc:1613] Created device /job:localhost/replica:0/task:0/device:GPU:3 with 38482 MB memory:  -> device: 3, name: NVIDIA A100-SXM4-40GB, pci bus id: 0000:c4:00.0, compute capability: 8.0
2025-02-07 12:43:55.705654: I tensorflow/core/common_runtime/gpu/gpu_device.cc:1613] Created device /job:localhost/replica:0/task:0/device:GPU:0 with 38482 MB memory:  -> device: 0, name: NVIDIA A100-SXM4-40GB, pci bus id: 0000:03:00.0, compute capability: 8.0
2025-02-07 12:43:55.707300: I tensorflow/core/common_runtime/gpu/gpu_device.cc:1613] Created device /job:localhost/replica:0/task:0/device:GPU:1 with 38482 MB memory:  -> device: 1, name: NVIDIA A100-SXM4-40GB, pci bus id: 0000:44:00.0, compute capability: 8.0
2025-02-07 12:43:55.708739: I tensorflow/core/common_runtime/gpu/gpu_device.cc:1613] Created device /job:localhost/replica:0/task:0/device:GPU:2 with 38482 MB memory:  -> device: 2, name: NVIDIA A100-SXM4-40GB, pci bus id: 0000:84:00.0, compute capability: 8.0
2025-02-07 12:43:55.710210: I tensorflow/core/common_runtime/gpu/gpu_device.cc:1613] Created device /job:localhost/replica:0/task:0/device:GPU:3 with 38482 MB memory:  -> device: 3, name: NVIDIA A100-SXM4-40GB, pci bus id: 0000:c4:00.0, compute capability: 8.0
2025-02-07 12:43:56.129820: I tensorflow/core/common_runtime/gpu/gpu_device.cc:1613] Created device /job:localhost/replica:0/task:0/device:GPU:0 with 38482 MB memory:  -> device: 0, name: NVIDIA A100-SXM4-40GB, pci bus id: 0000:03:00.0, compute capability: 8.0
2025-02-07 12:43:56.131552: I tensorflow/core/common_runtime/gpu/gpu_device.cc:1613] Created device /job:localhost/replica:0/task:0/device:GPU:1 with 38482 MB memory:  -> device: 1, name: NVIDIA A100-SXM4-40GB, pci bus id: 0000:44:00.0, compute capability: 8.0
2025-02-07 12:43:56.133089: I tensorflow/core/common_runtime/gpu/gpu_device.cc:1613] Created device /job:localhost/replica:0/task:0/device:GPU:2 with 38482 MB memory:  -> device: 2, name: NVIDIA A100-SXM4-40GB, pci bus id: 0000:84:00.0, compute capability: 8.0
2025-02-07 12:43:56.134546: I tensorflow/core/common_runtime/gpu/gpu_device.cc:1613] Created device /job:localhost/replica:0/task:0/device:GPU:3 with 38482 MB memory:  -> device: 3, name: NVIDIA A100-SXM4-40GB, pci bus id: 0000:c4:00.0, compute capability: 8.0
2025-02-07 12:43:59.301947: I tensorflow/core/common_runtime/gpu/gpu_device.cc:1613] Created device /job:localhost/replica:0/task:0/device:GPU:0 with 38482 MB memory:  -> device: 0, name: NVIDIA A100-SXM4-40GB, pci bus id: 0000:03:00.0, compute capability: 8.0
2025-02-07 12:43:59.305635: I tensorflow/core/common_runtime/gpu/gpu_device.cc:1613] Created device /job:localhost/replica:0/task:0/device:GPU:1 with 38482 MB memory:  -> device: 1, name: NVIDIA A100-SXM4-40GB, pci bus id: 0000:44:00.0, compute capability: 8.0
2025-02-07 12:43:59.307278: I tensorflow/core/common_runtime/gpu/gpu_device.cc:1613] Created device /job:localhost/replica:0/task:0/device:GPU:2 with 38482 MB memory:  -> device: 2, name: NVIDIA A100-SXM4-40GB, pci bus id: 0000:84:00.0, compute capability: 8.0
2025-02-07 12:43:59.308828: I tensorflow/core/common_runtime/gpu/gpu_device.cc:1613] Created device /job:localhost/replica:0/task:0/device:GPU:3 with 38482 MB memory:  -> device: 3, name: NVIDIA A100-SXM4-40GB, pci bus id: 0000:c4:00.0, compute capability: 8.0
2025-02-07 12:44:01.032864: I tensorflow/core/common_runtime/gpu/gpu_device.cc:1613] Created device /job:localhost/replica:0/task:0/device:GPU:0 with 38482 MB memory:  -> device: 0, name: NVIDIA A100-SXM4-40GB, pci bus id: 0000:03:00.0, compute capability: 8.0
2025-02-07 12:44:01.034606: I tensorflow/core/common_runtime/gpu/gpu_device.cc:1613] Created device /job:localhost/replica:0/task:0/device:GPU:1 with 38482 MB memory:  -> device: 1, name: NVIDIA A100-SXM4-40GB, pci bus id: 0000:44:00.0, compute capability: 8.0
2025-02-07 12:44:01.036092: I tensorflow/core/common_runtime/gpu/gpu_device.cc:1613] Created device /job:localhost/replica:0/task:0/device:GPU:2 with 38482 MB memory:  -> device: 2, name: NVIDIA A100-SXM4-40GB, pci bus id: 0000:84:00.0, compute capability: 8.0
2025-02-07 12:44:01.037567: I tensorflow/core/common_runtime/gpu/gpu_device.cc:1613] Created device /job:localhost/replica:0/task:0/device:GPU:3 with 38482 MB memory:  -> device: 3, name: NVIDIA A100-SXM4-40GB, pci bus id: 0000:c4:00.0, compute capability: 8.0
2025-02-07 12:44:05.555482: I tensorflow/compiler/xla/stream_executor/cuda/cuda_dnn.cc:428] Loaded cuDNN version 8600
2025-02-07 12:44:06.083084: I tensorflow/compiler/xla/stream_executor/cuda/cuda_blas.cc:630] TensorFloat-32 will be used for the matrix multiplication. This will only be logged once.
2025-02-07 12:44:06.356689: I tensorflow/compiler/xla/service/service.cc:173] XLA service 0x146b736a4240 initialized for platform CUDA (this does not guarantee that XLA will be used). Devices:
2025-02-07 12:44:06.356744: I tensorflow/compiler/xla/service/service.cc:181]   StreamExecutor device (0): NVIDIA A100-SXM4-40GB, Compute Capability 8.0
2025-02-07 12:44:06.356752: I tensorflow/compiler/xla/service/service.cc:181]   StreamExecutor device (1): NVIDIA A100-SXM4-40GB, Compute Capability 8.0
2025-02-07 12:44:06.356758: I tensorflow/compiler/xla/service/service.cc:181]   StreamExecutor device (2): NVIDIA A100-SXM4-40GB, Compute Capability 8.0
2025-02-07 12:44:06.356763: I tensorflow/compiler/xla/service/service.cc:181]   StreamExecutor device (3): NVIDIA A100-SXM4-40GB, Compute Capability 8.0
2025-02-07 12:44:06.361671: I tensorflow/compiler/mlir/tensorflow/utils/dump_mlir_util.cc:268] disabling MLIR crash reproducer, set env var `MLIR_CRASH_REPRODUCER_DIRECTORY` to enable.
2025-02-07 12:44:06.543107: I tensorflow/compiler/jit/xla_compilation_cache.cc:477] Compiled cluster using XLA!  This line is logged at most once for the lifetime of the process.
2025-02-07 12:44:13.094954: I tensorflow/compiler/xla/stream_executor/cuda/cuda_dnn.cc:428] Loaded cuDNN version 8600
2025-02-07 12:44:13.597111: I tensorflow/compiler/xla/stream_executor/cuda/cuda_dnn.cc:428] Loaded cuDNN version 8600
2025-02-07 12:44:13.680701: I tensorflow/compiler/xla/stream_executor/cuda/cuda_blas.cc:630] TensorFloat-32 will be used for the matrix multiplication. This will only be logged once.
2025-02-07 12:44:14.039415: I tensorflow/compiler/xla/service/service.cc:173] XLA service 0x1458c2cbb4c0 initialized for platform CUDA (this does not guarantee that XLA will be used). Devices:
2025-02-07 12:44:14.039468: I tensorflow/compiler/xla/service/service.cc:181]   StreamExecutor device (0): NVIDIA A100-SXM4-40GB, Compute Capability 8.0
2025-02-07 12:44:14.039475: I tensorflow/compiler/xla/service/service.cc:181]   StreamExecutor device (1): NVIDIA A100-SXM4-40GB, Compute Capability 8.0
2025-02-07 12:44:14.039481: I tensorflow/compiler/xla/service/service.cc:181]   StreamExecutor device (2): NVIDIA A100-SXM4-40GB, Compute Capability 8.0
2025-02-07 12:44:14.039487: I tensorflow/compiler/xla/service/service.cc:181]   StreamExecutor device (3): NVIDIA A100-SXM4-40GB, Compute Capability 8.0
2025-02-07 12:44:14.044587: I tensorflow/compiler/mlir/tensorflow/utils/dump_mlir_util.cc:268] disabling MLIR crash reproducer, set env var `MLIR_CRASH_REPRODUCER_DIRECTORY` to enable.
2025-02-07 12:44:14.225967: I tensorflow/compiler/jit/xla_compilation_cache.cc:477] Compiled cluster using XLA!  This line is logged at most once for the lifetime of the process.
2025-02-07 12:44:14.404130: I tensorflow/compiler/xla/stream_executor/cuda/cuda_blas.cc:630] TensorFloat-32 will be used for the matrix multiplication. This will only be logged once.
2025-02-07 12:44:14.868386: I tensorflow/compiler/xla/service/service.cc:173] XLA service 0x1525e0addbb0 initialized for platform CUDA (this does not guarantee that XLA will be used). Devices:
2025-02-07 12:44:14.868452: I tensorflow/compiler/xla/service/service.cc:181]   StreamExecutor device (0): NVIDIA A100-SXM4-40GB, Compute Capability 8.0
2025-02-07 12:44:14.868459: I tensorflow/compiler/xla/service/service.cc:181]   StreamExecutor device (1): NVIDIA A100-SXM4-40GB, Compute Capability 8.0
2025-02-07 12:44:14.868465: I tensorflow/compiler/xla/service/service.cc:181]   StreamExecutor device (2): NVIDIA A100-SXM4-40GB, Compute Capability 8.0
2025-02-07 12:44:14.868471: I tensorflow/compiler/xla/service/service.cc:181]   StreamExecutor device (3): NVIDIA A100-SXM4-40GB, Compute Capability 8.0
2025-02-07 12:44:14.885472: I tensorflow/compiler/mlir/tensorflow/utils/dump_mlir_util.cc:268] disabling MLIR crash reproducer, set env var `MLIR_CRASH_REPRODUCER_DIRECTORY` to enable.
2025-02-07 12:44:15.119683: I tensorflow/compiler/jit/xla_compilation_cache.cc:477] Compiled cluster using XLA!  This line is logged at most once for the lifetime of the process.
2025-02-07 12:44:16.765885: I tensorflow/compiler/xla/stream_executor/cuda/cuda_dnn.cc:428] Loaded cuDNN version 8600
2025-02-07 12:44:17.609099: I tensorflow/compiler/xla/stream_executor/cuda/cuda_blas.cc:630] TensorFloat-32 will be used for the matrix multiplication. This will only be logged once.
2025-02-07 12:44:18.140840: I tensorflow/compiler/xla/service/service.cc:173] XLA service 0x14e3ef038870 initialized for platform CUDA (this does not guarantee that XLA will be used). Devices:
2025-02-07 12:44:18.140905: I tensorflow/compiler/xla/service/service.cc:181]   StreamExecutor device (0): NVIDIA A100-SXM4-40GB, Compute Capability 8.0
2025-02-07 12:44:18.140922: I tensorflow/compiler/xla/service/service.cc:181]   StreamExecutor device (1): NVIDIA A100-SXM4-40GB, Compute Capability 8.0
2025-02-07 12:44:18.140929: I tensorflow/compiler/xla/service/service.cc:181]   StreamExecutor device (2): NVIDIA A100-SXM4-40GB, Compute Capability 8.0
2025-02-07 12:44:18.140936: I tensorflow/compiler/xla/service/service.cc:181]   StreamExecutor device (3): NVIDIA A100-SXM4-40GB, Compute Capability 8.0
2025-02-07 12:44:18.156924: I tensorflow/compiler/mlir/tensorflow/utils/dump_mlir_util.cc:268] disabling MLIR crash reproducer, set env var `MLIR_CRASH_REPRODUCER_DIRECTORY` to enable.
2025-02-07 12:44:18.391166: I tensorflow/compiler/jit/xla_compilation_cache.cc:477] Compiled cluster using XLA!  This line is logged at most once for the lifetime of the process.
2025-02-07 12:44:18.631482: I tensorflow/compiler/xla/stream_executor/cuda/cuda_dnn.cc:428] Loaded cuDNN version 8600
2025-02-07 12:44:19.411975: I tensorflow/compiler/xla/stream_executor/cuda/cuda_blas.cc:630] TensorFloat-32 will be used for the matrix multiplication. This will only be logged once.
2025-02-07 12:44:19.840180: I tensorflow/compiler/xla/service/service.cc:173] XLA service 0x1466dbbabdb0 initialized for platform CUDA (this does not guarantee that XLA will be used). Devices:
2025-02-07 12:44:19.840252: I tensorflow/compiler/xla/service/service.cc:181]   StreamExecutor device (0): NVIDIA A100-SXM4-40GB, Compute Capability 8.0
2025-02-07 12:44:19.840259: I tensorflow/compiler/xla/service/service.cc:181]   StreamExecutor device (1): NVIDIA A100-SXM4-40GB, Compute Capability 8.0
2025-02-07 12:44:19.840265: I tensorflow/compiler/xla/service/service.cc:181]   StreamExecutor device (2): NVIDIA A100-SXM4-40GB, Compute Capability 8.0
2025-02-07 12:44:19.840271: I tensorflow/compiler/xla/service/service.cc:181]   StreamExecutor device (3): NVIDIA A100-SXM4-40GB, Compute Capability 8.0
2025-02-07 12:44:19.855136: I tensorflow/compiler/mlir/tensorflow/utils/dump_mlir_util.cc:268] disabling MLIR crash reproducer, set env var `MLIR_CRASH_REPRODUCER_DIRECTORY` to enable.
2025-02-07 12:44:20.088003: I tensorflow/compiler/jit/xla_compilation_cache.cc:477] Compiled cluster using XLA!  This line is logged at most once for the lifetime of the process.
srun: Job 10942982 step creation temporarily disabled, retrying (Requested nodes are busy)
srun: Job 10942982 step creation temporarily disabled, retrying (Requested nodes are busy)
srun: Job 10942982 step creation temporarily disabled, retrying (Requested nodes are busy)
srun: Job 10942982 step creation temporarily disabled, retrying (Requested nodes are busy)
srun: Job 10942982 step creation still disabled, retrying (Requested nodes are busy)
srun: Job 10942982 step creation still disabled, retrying (Requested nodes are busy)
srun: Job 10942982 step creation still disabled, retrying (Requested nodes are busy)
srun: Job 10942982 step creation still disabled, retrying (Requested nodes are busy)
srun: Job 10942982 step creation still disabled, retrying (Requested nodes are busy)
srun: Job 10942982 step creation still disabled, retrying (Requested nodes are busy)
srun: Job 10942982 step creation still disabled, retrying (Requested nodes are busy)
srun: Job 10942982 step creation still disabled, retrying (Requested nodes are busy)
srun: Job 10942982 step creation still disabled, retrying (Requested nodes are busy)
srun: Job 10942982 step creation still disabled, retrying (Requested nodes are busy)
srun: Job 10942982 step creation still disabled, retrying (Requested nodes are busy)
srun: Job 10942982 step creation still disabled, retrying (Requested nodes are busy)
srun: Job 10942982 step creation still disabled, retrying (Requested nodes are busy)
srun: Job 10942982 step creation still disabled, retrying (Requested nodes are busy)
srun: Job 10942982 step creation still disabled, retrying (Requested nodes are busy)
srun: Job 10942982 step creation still disabled, retrying (Requested nodes are busy)
srun: Job 10942982 step creation still disabled, retrying (Requested nodes are busy)
srun: Job 10942982 step creation still disabled, retrying (Requested nodes are busy)
srun: Job 10942982 step creation still disabled, retrying (Requested nodes are busy)
srun: Job 10942982 step creation still disabled, retrying (Requested nodes are busy)
srun: Job 10942982 step creation still disabled, retrying (Requested nodes are busy)
srun: Job 10942982 step creation still disabled, retrying (Requested nodes are busy)
srun: Job 10942982 step creation still disabled, retrying (Requested nodes are busy)
srun: Job 10942982 step creation still disabled, retrying (Requested nodes are busy)
srun: Job 10942982 step creation still disabled, retrying (Requested nodes are busy)
srun: Job 10942982 step creation still disabled, retrying (Requested nodes are busy)
srun: Job 10942982 step creation still disabled, retrying (Requested nodes are busy)
srun: Job 10942982 step creation still disabled, retrying (Requested nodes are busy)
srun: Job 10942982 step creation still disabled, retrying (Requested nodes are busy)
srun: Job 10942982 step creation still disabled, retrying (Requested nodes are busy)
srun: Job 10942982 step creation still disabled, retrying (Requested nodes are busy)
srun: Job 10942982 step creation still disabled, retrying (Requested nodes are busy)
srun: Job 10942982 step creation still disabled, retrying (Requested nodes are busy)
srun: Job 10942982 step creation still disabled, retrying (Requested nodes are busy)
srun: Job 10942982 step creation still disabled, retrying (Requested nodes are busy)
srun: Job 10942982 step creation still disabled, retrying (Requested nodes are busy)
srun: Job 10942982 step creation still disabled, retrying (Requested nodes are busy)
srun: Job 10942982 step creation still disabled, retrying (Requested nodes are busy)
srun: Job 10942982 step creation still disabled, retrying (Requested nodes are busy)
srun: Job 10942982 step creation still disabled, retrying (Requested nodes are busy)
srun: Job 10942982 step creation still disabled, retrying (Requested nodes are busy)
srun: Job 10942982 step creation still disabled, retrying (Requested nodes are busy)
srun: Job 10942982 step creation still disabled, retrying (Requested nodes are busy)
srun: Job 10942982 step creation still disabled, retrying (Requested nodes are busy)
srun: Job 10942982 step creation still disabled, retrying (Requested nodes are busy)
srun: Job 10942982 step creation still disabled, retrying (Requested nodes are busy)
srun: Job 10942982 step creation still disabled, retrying (Requested nodes are busy)
srun: Job 10942982 step creation still disabled, retrying (Requested nodes are busy)
srun: Job 10942982 step creation still disabled, retrying (Requested nodes are busy)
srun: Job 10942982 step creation still disabled, retrying (Requested nodes are busy)
srun: Job 10942982 step creation still disabled, retrying (Requested nodes are busy)
srun: Job 10942982 step creation still disabled, retrying (Requested nodes are busy)
srun: Job 10942982 step creation still disabled, retrying (Requested nodes are busy)
srun: Job 10942982 step creation still disabled, retrying (Requested nodes are busy)
srun: Job 10942982 step creation still disabled, retrying (Requested nodes are busy)
srun: Job 10942982 step creation still disabled, retrying (Requested nodes are busy)
srun: Job 10942982 step creation still disabled, retrying (Requested nodes are busy)
srun: Job 10942982 step creation still disabled, retrying (Requested nodes are busy)
srun: Job 10942982 step creation still disabled, retrying (Requested nodes are busy)
srun: Job 10942982 step creation still disabled, retrying (Requested nodes are busy)
srun: Job 10942982 step creation still disabled, retrying (Requested nodes are busy)
srun: Job 10942982 step creation still disabled, retrying (Requested nodes are busy)
srun: Job 10942982 step creation still disabled, retrying (Requested nodes are busy)
srun: Job 10942982 step creation still disabled, retrying (Requested nodes are busy)
srun: Job 10942982 step creation still disabled, retrying (Requested nodes are busy)
srun: Job 10942982 step creation still disabled, retrying (Requested nodes are busy)
srun: Job 10942982 step creation still disabled, retrying (Requested nodes are busy)
srun: Job 10942982 step creation still disabled, retrying (Requested nodes are busy)
srun: Job 10942982 step creation still disabled, retrying (Requested nodes are busy)
srun: Job 10942982 step creation still disabled, retrying (Requested nodes are busy)
srun: Job 10942982 step creation still disabled, retrying (Requested nodes are busy)
srun: Job 10942982 step creation still disabled, retrying (Requested nodes are busy)
srun: Job 10942982 step creation still disabled, retrying (Requested nodes are busy)
srun: Job 10942982 step creation still disabled, retrying (Requested nodes are busy)
srun: Job 10942982 step creation still disabled, retrying (Requested nodes are busy)
srun: Job 10942982 step creation still disabled, retrying (Requested nodes are busy)
srun: Job 10942982 step creation still disabled, retrying (Requested nodes are busy)
srun: Job 10942982 step creation still disabled, retrying (Requested nodes are busy)
srun: Job 10942982 step creation still disabled, retrying (Requested nodes are busy)
srun: Job 10942982 step creation still disabled, retrying (Requested nodes are busy)
srun: Job 10942982 step creation still disabled, retrying (Requested nodes are busy)
srun: Job 10942982 step creation still disabled, retrying (Requested nodes are busy)
srun: Job 10942982 step creation still disabled, retrying (Requested nodes are busy)
srun: Job 10942982 step creation still disabled, retrying (Requested nodes are busy)
srun: Job 10942982 step creation still disabled, retrying (Requested nodes are busy)
srun: Job 10942982 step creation still disabled, retrying (Requested nodes are busy)
srun: Job 10942982 step creation still disabled, retrying (Requested nodes are busy)
srun: Job 10942982 step creation still disabled, retrying (Requested nodes are busy)
srun: Job 10942982 step creation still disabled, retrying (Requested nodes are busy)
srun: Job 10942982 step creation still disabled, retrying (Requested nodes are busy)
srun: Job 10942982 step creation still disabled, retrying (Requested nodes are busy)
srun: Job 10942982 step creation still disabled, retrying (Requested nodes are busy)
srun: Job 10942982 step creation still disabled, retrying (Requested nodes are busy)
srun: Job 10942982 step creation still disabled, retrying (Requested nodes are busy)
srun: Job 10942982 step creation still disabled, retrying (Requested nodes are busy)
srun: Job 10942982 step creation still disabled, retrying (Requested nodes are busy)
srun: Job 10942982 step creation still disabled, retrying (Requested nodes are busy)
srun: Job 10942982 step creation still disabled, retrying (Requested nodes are busy)
srun: Job 10942982 step creation still disabled, retrying (Requested nodes are busy)
srun: Job 10942982 step creation still disabled, retrying (Requested nodes are busy)
srun: Job 10942982 step creation still disabled, retrying (Requested nodes are busy)
srun: Job 10942982 step creation still disabled, retrying (Requested nodes are busy)
srun: Job 10942982 step creation still disabled, retrying (Requested nodes are busy)
srun: Job 10942982 step creation still disabled, retrying (Requested nodes are busy)
srun: Job 10942982 step creation still disabled, retrying (Requested nodes are busy)
srun: Job 10942982 step creation still disabled, retrying (Requested nodes are busy)
srun: Job 10942982 step creation still disabled, retrying (Requested nodes are busy)
srun: Job 10942982 step creation still disabled, retrying (Requested nodes are busy)
srun: Job 10942982 step creation still disabled, retrying (Requested nodes are busy)
srun: Step created for StepId=10942982.5
2025-02-07 13:43:29.524213: I tensorflow/core/common_runtime/gpu/gpu_device.cc:1613] Created device /job:localhost/replica:0/task:0/device:GPU:0 with 38482 MB memory:  -> device: 0, name: NVIDIA A100-SXM4-40GB, pci bus id: 0000:03:00.0, compute capability: 8.0
2025-02-07 13:43:29.525736: I tensorflow/core/common_runtime/gpu/gpu_device.cc:1613] Created device /job:localhost/replica:0/task:0/device:GPU:1 with 38482 MB memory:  -> device: 1, name: NVIDIA A100-SXM4-40GB, pci bus id: 0000:44:00.0, compute capability: 8.0
2025-02-07 13:43:29.527352: I tensorflow/core/common_runtime/gpu/gpu_device.cc:1613] Created device /job:localhost/replica:0/task:0/device:GPU:2 with 38482 MB memory:  -> device: 2, name: NVIDIA A100-SXM4-40GB, pci bus id: 0000:84:00.0, compute capability: 8.0
2025-02-07 13:43:29.528718: I tensorflow/core/common_runtime/gpu/gpu_device.cc:1613] Created device /job:localhost/replica:0/task:0/device:GPU:3 with 38482 MB memory:  -> device: 3, name: NVIDIA A100-SXM4-40GB, pci bus id: 0000:c4:00.0, compute capability: 8.0
2025-02-07 13:43:46.608631: I tensorflow/compiler/xla/stream_executor/cuda/cuda_dnn.cc:428] Loaded cuDNN version 8600
2025-02-07 13:43:47.124727: I tensorflow/compiler/xla/stream_executor/cuda/cuda_blas.cc:630] TensorFloat-32 will be used for the matrix multiplication. This will only be logged once.
2025-02-07 13:43:47.368700: I tensorflow/compiler/xla/service/service.cc:173] XLA service 0x14b4a6d17920 initialized for platform CUDA (this does not guarantee that XLA will be used). Devices:
2025-02-07 13:43:47.368754: I tensorflow/compiler/xla/service/service.cc:181]   StreamExecutor device (0): NVIDIA A100-SXM4-40GB, Compute Capability 8.0
2025-02-07 13:43:47.368761: I tensorflow/compiler/xla/service/service.cc:181]   StreamExecutor device (1): NVIDIA A100-SXM4-40GB, Compute Capability 8.0
2025-02-07 13:43:47.368767: I tensorflow/compiler/xla/service/service.cc:181]   StreamExecutor device (2): NVIDIA A100-SXM4-40GB, Compute Capability 8.0
2025-02-07 13:43:47.368773: I tensorflow/compiler/xla/service/service.cc:181]   StreamExecutor device (3): NVIDIA A100-SXM4-40GB, Compute Capability 8.0
2025-02-07 13:43:47.373624: I tensorflow/compiler/mlir/tensorflow/utils/dump_mlir_util.cc:268] disabling MLIR crash reproducer, set env var `MLIR_CRASH_REPRODUCER_DIRECTORY` to enable.
2025-02-07 13:43:47.555074: I tensorflow/compiler/jit/xla_compilation_cache.cc:477] Compiled cluster using XLA!  This line is logged at most once for the lifetime of the process.
srun: Job 10942982 step creation still disabled, retrying (Requested nodes are busy)
srun: Job 10942982 step creation still disabled, retrying (Requested nodes are busy)
srun: Job 10942982 step creation still disabled, retrying (Requested nodes are busy)
srun: Job 10942982 step creation still disabled, retrying (Requested nodes are busy)
srun: Job 10942982 step creation still disabled, retrying (Requested nodes are busy)
srun: Job 10942982 step creation still disabled, retrying (Requested nodes are busy)
srun: Job 10942982 step creation still disabled, retrying (Requested nodes are busy)
srun: Job 10942982 step creation still disabled, retrying (Requested nodes are busy)
srun: Job 10942982 step creation still disabled, retrying (Requested nodes are busy)
srun: Job 10942982 step creation still disabled, retrying (Requested nodes are busy)
srun: Job 10942982 step creation still disabled, retrying (Requested nodes are busy)
srun: Job 10942982 step creation still disabled, retrying (Requested nodes are busy)
srun: Job 10942982 step creation still disabled, retrying (Requested nodes are busy)
srun: Job 10942982 step creation still disabled, retrying (Requested nodes are busy)
srun: Job 10942982 step creation still disabled, retrying (Requested nodes are busy)
srun: Job 10942982 step creation still disabled, retrying (Requested nodes are busy)
srun: Job 10942982 step creation still disabled, retrying (Requested nodes are busy)
srun: Job 10942982 step creation still disabled, retrying (Requested nodes are busy)
srun: Job 10942982 step creation still disabled, retrying (Requested nodes are busy)
srun: Job 10942982 step creation still disabled, retrying (Requested nodes are busy)
srun: Job 10942982 step creation still disabled, retrying (Requested nodes are busy)
srun: Job 10942982 step creation still disabled, retrying (Requested nodes are busy)
srun: Job 10942982 step creation still disabled, retrying (Requested nodes are busy)
srun: Job 10942982 step creation still disabled, retrying (Requested nodes are busy)
srun: Job 10942982 step creation still disabled, retrying (Requested nodes are busy)
srun: Job 10942982 step creation still disabled, retrying (Requested nodes are busy)
srun: Job 10942982 step creation still disabled, retrying (Requested nodes are busy)
srun: Job 10942982 step creation still disabled, retrying (Requested nodes are busy)
srun: Job 10942982 step creation still disabled, retrying (Requested nodes are busy)
srun: Job 10942982 step creation still disabled, retrying (Requested nodes are busy)
srun: Job 10942982 step creation still disabled, retrying (Requested nodes are busy)
srun: Job 10942982 step creation still disabled, retrying (Requested nodes are busy)
srun: Job 10942982 step creation still disabled, retrying (Requested nodes are busy)
srun: Job 10942982 step creation still disabled, retrying (Requested nodes are busy)
srun: Job 10942982 step creation still disabled, retrying (Requested nodes are busy)
srun: Job 10942982 step creation still disabled, retrying (Requested nodes are busy)
srun: Job 10942982 step creation still disabled, retrying (Requested nodes are busy)
srun: Job 10942982 step creation still disabled, retrying (Requested nodes are busy)
srun: Job 10942982 step creation still disabled, retrying (Requested nodes are busy)
srun: Job 10942982 step creation still disabled, retrying (Requested nodes are busy)
srun: Step created for StepId=10942982.6
2025-02-07 14:11:19.544664: I tensorflow/core/common_runtime/gpu/gpu_device.cc:1613] Created device /job:localhost/replica:0/task:0/device:GPU:0 with 38482 MB memory:  -> device: 0, name: NVIDIA A100-SXM4-40GB, pci bus id: 0000:03:00.0, compute capability: 8.0
2025-02-07 14:11:19.546208: I tensorflow/core/common_runtime/gpu/gpu_device.cc:1613] Created device /job:localhost/replica:0/task:0/device:GPU:1 with 38482 MB memory:  -> device: 1, name: NVIDIA A100-SXM4-40GB, pci bus id: 0000:44:00.0, compute capability: 8.0
2025-02-07 14:11:19.547643: I tensorflow/core/common_runtime/gpu/gpu_device.cc:1613] Created device /job:localhost/replica:0/task:0/device:GPU:2 with 38482 MB memory:  -> device: 2, name: NVIDIA A100-SXM4-40GB, pci bus id: 0000:84:00.0, compute capability: 8.0
2025-02-07 14:11:19.549000: I tensorflow/core/common_runtime/gpu/gpu_device.cc:1613] Created device /job:localhost/replica:0/task:0/device:GPU:3 with 38482 MB memory:  -> device: 3, name: NVIDIA A100-SXM4-40GB, pci bus id: 0000:c4:00.0, compute capability: 8.0
2025-02-07 14:11:36.457905: I tensorflow/compiler/xla/stream_executor/cuda/cuda_dnn.cc:428] Loaded cuDNN version 8600
2025-02-07 14:11:37.073850: I tensorflow/compiler/xla/stream_executor/cuda/cuda_blas.cc:630] TensorFloat-32 will be used for the matrix multiplication. This will only be logged once.
2025-02-07 14:11:37.473336: I tensorflow/compiler/xla/service/service.cc:173] XLA service 0x14a0bc6dac90 initialized for platform CUDA (this does not guarantee that XLA will be used). Devices:
2025-02-07 14:11:37.473388: I tensorflow/compiler/xla/service/service.cc:181]   StreamExecutor device (0): NVIDIA A100-SXM4-40GB, Compute Capability 8.0
2025-02-07 14:11:37.473395: I tensorflow/compiler/xla/service/service.cc:181]   StreamExecutor device (1): NVIDIA A100-SXM4-40GB, Compute Capability 8.0
2025-02-07 14:11:37.473401: I tensorflow/compiler/xla/service/service.cc:181]   StreamExecutor device (2): NVIDIA A100-SXM4-40GB, Compute Capability 8.0
2025-02-07 14:11:37.473407: I tensorflow/compiler/xla/service/service.cc:181]   StreamExecutor device (3): NVIDIA A100-SXM4-40GB, Compute Capability 8.0
2025-02-07 14:11:37.478279: I tensorflow/compiler/mlir/tensorflow/utils/dump_mlir_util.cc:268] disabling MLIR crash reproducer, set env var `MLIR_CRASH_REPRODUCER_DIRECTORY` to enable.
2025-02-07 14:11:37.658599: I tensorflow/compiler/jit/xla_compilation_cache.cc:477] Compiled cluster using XLA!  This line is logged at most once for the lifetime of the process.
srun: Job 10942982 step creation still disabled, retrying (Requested nodes are busy)
srun: Job 10942982 step creation still disabled, retrying (Requested nodes are busy)
srun: Job 10942982 step creation still disabled, retrying (Requested nodes are busy)
srun: Job 10942982 step creation still disabled, retrying (Requested nodes are busy)
srun: Job 10942982 step creation still disabled, retrying (Requested nodes are busy)
srun: Job 10942982 step creation still disabled, retrying (Requested nodes are busy)
srun: Job 10942982 step creation still disabled, retrying (Requested nodes are busy)
srun: Job 10942982 step creation still disabled, retrying (Requested nodes are busy)
srun: Job 10942982 step creation still disabled, retrying (Requested nodes are busy)
srun: Job 10942982 step creation still disabled, retrying (Requested nodes are busy)
srun: Job 10942982 step creation still disabled, retrying (Requested nodes are busy)
srun: Job 10942982 step creation still disabled, retrying (Requested nodes are busy)
srun: Job 10942982 step creation still disabled, retrying (Requested nodes are busy)
srun: Job 10942982 step creation still disabled, retrying (Requested nodes are busy)
srun: Job 10942982 step creation still disabled, retrying (Requested nodes are busy)
srun: Job 10942982 step creation still disabled, retrying (Requested nodes are busy)
srun: Job 10942982 step creation still disabled, retrying (Requested nodes are busy)
srun: Job 10942982 step creation still disabled, retrying (Requested nodes are busy)
srun: Job 10942982 step creation still disabled, retrying (Requested nodes are busy)
srun: Job 10942982 step creation still disabled, retrying (Requested nodes are busy)
srun: Job 10942982 step creation still disabled, retrying (Requested nodes are busy)
srun: Job 10942982 step creation still disabled, retrying (Requested nodes are busy)
srun: Job 10942982 step creation still disabled, retrying (Requested nodes are busy)
srun: Job 10942982 step creation still disabled, retrying (Requested nodes are busy)
srun: Job 10942982 step creation still disabled, retrying (Requested nodes are busy)
srun: Job 10942982 step creation still disabled, retrying (Requested nodes are busy)
srun: Job 10942982 step creation still disabled, retrying (Requested nodes are busy)
srun: Job 10942982 step creation still disabled, retrying (Requested nodes are busy)
srun: Job 10942982 step creation still disabled, retrying (Requested nodes are busy)
srun: Job 10942982 step creation still disabled, retrying (Requested nodes are busy)
srun: Job 10942982 step creation still disabled, retrying (Requested nodes are busy)
srun: Job 10942982 step creation still disabled, retrying (Requested nodes are busy)
srun: Job 10942982 step creation still disabled, retrying (Requested nodes are busy)
srun: Job 10942982 step creation still disabled, retrying (Requested nodes are busy)
srun: Job 10942982 step creation still disabled, retrying (Requested nodes are busy)
srun: Job 10942982 step creation still disabled, retrying (Requested nodes are busy)
srun: Job 10942982 step creation still disabled, retrying (Requested nodes are busy)
srun: Job 10942982 step creation still disabled, retrying (Requested nodes are busy)
srun: Job 10942982 step creation still disabled, retrying (Requested nodes are busy)
srun: Job 10942982 step creation still disabled, retrying (Requested nodes are busy)
srun: Job 10942982 step creation still disabled, retrying (Requested nodes are busy)
srun: Job 10942982 step creation still disabled, retrying (Requested nodes are busy)
srun: Job 10942982 step creation still disabled, retrying (Requested nodes are busy)
srun: Job 10942982 step creation still disabled, retrying (Requested nodes are busy)
srun: Job 10942982 step creation still disabled, retrying (Requested nodes are busy)
srun: Job 10942982 step creation still disabled, retrying (Requested nodes are busy)
srun: Step created for StepId=10942982.7
2025-02-07 14:59:16.511026: I tensorflow/core/common_runtime/gpu/gpu_device.cc:1613] Created device /job:localhost/replica:0/task:0/device:GPU:0 with 38482 MB memory:  -> device: 0, name: NVIDIA A100-SXM4-40GB, pci bus id: 0000:03:00.0, compute capability: 8.0
2025-02-07 14:59:16.512691: I tensorflow/core/common_runtime/gpu/gpu_device.cc:1613] Created device /job:localhost/replica:0/task:0/device:GPU:1 with 38482 MB memory:  -> device: 1, name: NVIDIA A100-SXM4-40GB, pci bus id: 0000:44:00.0, compute capability: 8.0
2025-02-07 14:59:16.514170: I tensorflow/core/common_runtime/gpu/gpu_device.cc:1613] Created device /job:localhost/replica:0/task:0/device:GPU:2 with 38482 MB memory:  -> device: 2, name: NVIDIA A100-SXM4-40GB, pci bus id: 0000:84:00.0, compute capability: 8.0
2025-02-07 14:59:16.515544: I tensorflow/core/common_runtime/gpu/gpu_device.cc:1613] Created device /job:localhost/replica:0/task:0/device:GPU:3 with 38482 MB memory:  -> device: 3, name: NVIDIA A100-SXM4-40GB, pci bus id: 0000:c4:00.0, compute capability: 8.0
srun: Job 10942982 step creation still disabled, retrying (Requested nodes are busy)
2025-02-07 14:59:33.571780: I tensorflow/compiler/xla/stream_executor/cuda/cuda_dnn.cc:428] Loaded cuDNN version 8600
2025-02-07 14:59:34.131284: I tensorflow/compiler/xla/stream_executor/cuda/cuda_blas.cc:630] TensorFloat-32 will be used for the matrix multiplication. This will only be logged once.
2025-02-07 14:59:34.454210: I tensorflow/compiler/xla/service/service.cc:173] XLA service 0x1530c3081d30 initialized for platform CUDA (this does not guarantee that XLA will be used). Devices:
2025-02-07 14:59:34.454264: I tensorflow/compiler/xla/service/service.cc:181]   StreamExecutor device (0): NVIDIA A100-SXM4-40GB, Compute Capability 8.0
2025-02-07 14:59:34.454271: I tensorflow/compiler/xla/service/service.cc:181]   StreamExecutor device (1): NVIDIA A100-SXM4-40GB, Compute Capability 8.0
2025-02-07 14:59:34.454277: I tensorflow/compiler/xla/service/service.cc:181]   StreamExecutor device (2): NVIDIA A100-SXM4-40GB, Compute Capability 8.0
2025-02-07 14:59:34.454283: I tensorflow/compiler/xla/service/service.cc:181]   StreamExecutor device (3): NVIDIA A100-SXM4-40GB, Compute Capability 8.0
2025-02-07 14:59:34.459262: I tensorflow/compiler/mlir/tensorflow/utils/dump_mlir_util.cc:268] disabling MLIR crash reproducer, set env var `MLIR_CRASH_REPRODUCER_DIRECTORY` to enable.
2025-02-07 14:59:34.640172: I tensorflow/compiler/jit/xla_compilation_cache.cc:477] Compiled cluster using XLA!  This line is logged at most once for the lifetime of the process.
srun: Job 10942982 step creation still disabled, retrying (Requested nodes are busy)
srun: Job 10942982 step creation still disabled, retrying (Requested nodes are busy)
srun: Job 10942982 step creation still disabled, retrying (Requested nodes are busy)
srun: Job 10942982 step creation still disabled, retrying (Requested nodes are busy)
srun: Job 10942982 step creation still disabled, retrying (Requested nodes are busy)
srun: Job 10942982 step creation still disabled, retrying (Requested nodes are busy)
srun: Job 10942982 step creation still disabled, retrying (Requested nodes are busy)
srun: Job 10942982 step creation still disabled, retrying (Requested nodes are busy)
srun: Job 10942982 step creation still disabled, retrying (Requested nodes are busy)
srun: Job 10942982 step creation still disabled, retrying (Requested nodes are busy)
srun: Job 10942982 step creation still disabled, retrying (Requested nodes are busy)
srun: Job 10942982 step creation still disabled, retrying (Requested nodes are busy)
srun: Job 10942982 step creation still disabled, retrying (Requested nodes are busy)
srun: Job 10942982 step creation still disabled, retrying (Requested nodes are busy)
srun: Job 10942982 step creation still disabled, retrying (Requested nodes are busy)
srun: Job 10942982 step creation still disabled, retrying (Requested nodes are busy)
srun: Job 10942982 step creation still disabled, retrying (Requested nodes are busy)
srun: Job 10942982 step creation still disabled, retrying (Requested nodes are busy)
srun: Job 10942982 step creation still disabled, retrying (Requested nodes are busy)
srun: Job 10942982 step creation still disabled, retrying (Requested nodes are busy)
srun: Job 10942982 step creation still disabled, retrying (Requested nodes are busy)
srun: Job 10942982 step creation still disabled, retrying (Requested nodes are busy)
srun: Job 10942982 step creation still disabled, retrying (Requested nodes are busy)
srun: Job 10942982 step creation still disabled, retrying (Requested nodes are busy)
srun: Job 10942982 step creation still disabled, retrying (Requested nodes are busy)
srun: Job 10942982 step creation still disabled, retrying (Requested nodes are busy)
srun: Job 10942982 step creation still disabled, retrying (Requested nodes are busy)
srun: Job 10942982 step creation still disabled, retrying (Requested nodes are busy)
srun: Step created for StepId=10942982.8
2025-02-07 15:58:58.378026: I tensorflow/core/common_runtime/gpu/gpu_device.cc:1613] Created device /job:localhost/replica:0/task:0/device:GPU:0 with 38482 MB memory:  -> device: 0, name: NVIDIA A100-SXM4-40GB, pci bus id: 0000:03:00.0, compute capability: 8.0
2025-02-07 15:58:58.379563: I tensorflow/core/common_runtime/gpu/gpu_device.cc:1613] Created device /job:localhost/replica:0/task:0/device:GPU:1 with 38482 MB memory:  -> device: 1, name: NVIDIA A100-SXM4-40GB, pci bus id: 0000:44:00.0, compute capability: 8.0
2025-02-07 15:58:58.382627: I tensorflow/core/common_runtime/gpu/gpu_device.cc:1613] Created device /job:localhost/replica:0/task:0/device:GPU:2 with 38482 MB memory:  -> device: 2, name: NVIDIA A100-SXM4-40GB, pci bus id: 0000:84:00.0, compute capability: 8.0
2025-02-07 15:58:58.384103: I tensorflow/core/common_runtime/gpu/gpu_device.cc:1613] Created device /job:localhost/replica:0/task:0/device:GPU:3 with 38482 MB memory:  -> device: 3, name: NVIDIA A100-SXM4-40GB, pci bus id: 0000:c4:00.0, compute capability: 8.0
2025-02-07 15:59:15.524428: I tensorflow/compiler/xla/stream_executor/cuda/cuda_dnn.cc:428] Loaded cuDNN version 8600
2025-02-07 15:59:16.118128: I tensorflow/compiler/xla/stream_executor/cuda/cuda_blas.cc:630] TensorFloat-32 will be used for the matrix multiplication. This will only be logged once.
2025-02-07 15:59:16.493157: I tensorflow/compiler/xla/service/service.cc:173] XLA service 0x14f06bca3580 initialized for platform CUDA (this does not guarantee that XLA will be used). Devices:
2025-02-07 15:59:16.493210: I tensorflow/compiler/xla/service/service.cc:181]   StreamExecutor device (0): NVIDIA A100-SXM4-40GB, Compute Capability 8.0
2025-02-07 15:59:16.493217: I tensorflow/compiler/xla/service/service.cc:181]   StreamExecutor device (1): NVIDIA A100-SXM4-40GB, Compute Capability 8.0
2025-02-07 15:59:16.493223: I tensorflow/compiler/xla/service/service.cc:181]   StreamExecutor device (2): NVIDIA A100-SXM4-40GB, Compute Capability 8.0
2025-02-07 15:59:16.493229: I tensorflow/compiler/xla/service/service.cc:181]   StreamExecutor device (3): NVIDIA A100-SXM4-40GB, Compute Capability 8.0
2025-02-07 15:59:16.498081: I tensorflow/compiler/mlir/tensorflow/utils/dump_mlir_util.cc:268] disabling MLIR crash reproducer, set env var `MLIR_CRASH_REPRODUCER_DIRECTORY` to enable.
2025-02-07 15:59:16.678942: I tensorflow/compiler/jit/xla_compilation_cache.cc:477] Compiled cluster using XLA!  This line is logged at most once for the lifetime of the process.
