mkdir: cannot create directory ‘/p/project1/deepacf’: Permission denied
mkdir: cannot create directory ‘/p/project1/deepacf’: Permission denied
2025-02-06 20:31:05.252546: I tensorflow/core/common_runtime/gpu/gpu_device.cc:1613] Created device /job:localhost/replica:0/task:0/device:GPU:0 with 38482 MB memory:  -> device: 0, name: NVIDIA A100-SXM4-40GB, pci bus id: 0000:03:00.0, compute capability: 8.0
2025-02-06 20:31:05.254442: I tensorflow/core/common_runtime/gpu/gpu_device.cc:1613] Created device /job:localhost/replica:0/task:0/device:GPU:1 with 38482 MB memory:  -> device: 1, name: NVIDIA A100-SXM4-40GB, pci bus id: 0000:44:00.0, compute capability: 8.0
2025-02-06 20:31:05.255987: I tensorflow/core/common_runtime/gpu/gpu_device.cc:1613] Created device /job:localhost/replica:0/task:0/device:GPU:2 with 38482 MB memory:  -> device: 2, name: NVIDIA A100-SXM4-40GB, pci bus id: 0000:84:00.0, compute capability: 8.0
2025-02-06 20:31:05.257573: I tensorflow/core/common_runtime/gpu/gpu_device.cc:1613] Created device /job:localhost/replica:0/task:0/device:GPU:3 with 38482 MB memory:  -> device: 3, name: NVIDIA A100-SXM4-40GB, pci bus id: 0000:c4:00.0, compute capability: 8.0
2025-02-06 20:31:07.406327: I tensorflow/core/common_runtime/gpu/gpu_device.cc:1613] Created device /job:localhost/replica:0/task:0/device:GPU:0 with 38482 MB memory:  -> device: 0, name: NVIDIA A100-SXM4-40GB, pci bus id: 0000:03:00.0, compute capability: 8.0
2025-02-06 20:31:07.408132: I tensorflow/core/common_runtime/gpu/gpu_device.cc:1613] Created device /job:localhost/replica:0/task:0/device:GPU:1 with 38482 MB memory:  -> device: 1, name: NVIDIA A100-SXM4-40GB, pci bus id: 0000:44:00.0, compute capability: 8.0
2025-02-06 20:31:07.409595: I tensorflow/core/common_runtime/gpu/gpu_device.cc:1613] Created device /job:localhost/replica:0/task:0/device:GPU:2 with 38482 MB memory:  -> device: 2, name: NVIDIA A100-SXM4-40GB, pci bus id: 0000:84:00.0, compute capability: 8.0
2025-02-06 20:31:07.411284: I tensorflow/core/common_runtime/gpu/gpu_device.cc:1613] Created device /job:localhost/replica:0/task:0/device:GPU:3 with 38482 MB memory:  -> device: 3, name: NVIDIA A100-SXM4-40GB, pci bus id: 0000:c4:00.0, compute capability: 8.0
2025-02-06 20:31:08.373008: I tensorflow/core/common_runtime/gpu/gpu_device.cc:1613] Created device /job:localhost/replica:0/task:0/device:GPU:0 with 38482 MB memory:  -> device: 0, name: NVIDIA A100-SXM4-40GB, pci bus id: 0000:03:00.0, compute capability: 8.0
2025-02-06 20:31:08.374659: I tensorflow/core/common_runtime/gpu/gpu_device.cc:1613] Created device /job:localhost/replica:0/task:0/device:GPU:1 with 38482 MB memory:  -> device: 1, name: NVIDIA A100-SXM4-40GB, pci bus id: 0000:44:00.0, compute capability: 8.0
2025-02-06 20:31:08.376142: I tensorflow/core/common_runtime/gpu/gpu_device.cc:1613] Created device /job:localhost/replica:0/task:0/device:GPU:2 with 38482 MB memory:  -> device: 2, name: NVIDIA A100-SXM4-40GB, pci bus id: 0000:84:00.0, compute capability: 8.0
2025-02-06 20:31:08.377709: I tensorflow/core/common_runtime/gpu/gpu_device.cc:1613] Created device /job:localhost/replica:0/task:0/device:GPU:3 with 38482 MB memory:  -> device: 3, name: NVIDIA A100-SXM4-40GB, pci bus id: 0000:c4:00.0, compute capability: 8.0
2025-02-06 20:31:08.422776: I tensorflow/core/common_runtime/gpu/gpu_device.cc:1613] Created device /job:localhost/replica:0/task:0/device:GPU:0 with 38482 MB memory:  -> device: 0, name: NVIDIA A100-SXM4-40GB, pci bus id: 0000:03:00.0, compute capability: 8.0
2025-02-06 20:31:08.424338: I tensorflow/core/common_runtime/gpu/gpu_device.cc:1613] Created device /job:localhost/replica:0/task:0/device:GPU:1 with 38482 MB memory:  -> device: 1, name: NVIDIA A100-SXM4-40GB, pci bus id: 0000:44:00.0, compute capability: 8.0
2025-02-06 20:31:08.425930: I tensorflow/core/common_runtime/gpu/gpu_device.cc:1613] Created device /job:localhost/replica:0/task:0/device:GPU:2 with 38482 MB memory:  -> device: 2, name: NVIDIA A100-SXM4-40GB, pci bus id: 0000:84:00.0, compute capability: 8.0
2025-02-06 20:31:08.427466: I tensorflow/core/common_runtime/gpu/gpu_device.cc:1613] Created device /job:localhost/replica:0/task:0/device:GPU:3 with 38482 MB memory:  -> device: 3, name: NVIDIA A100-SXM4-40GB, pci bus id: 0000:c4:00.0, compute capability: 8.0
2025-02-06 20:31:10.613965: I tensorflow/core/common_runtime/gpu/gpu_device.cc:1613] Created device /job:localhost/replica:0/task:0/device:GPU:0 with 38482 MB memory:  -> device: 0, name: NVIDIA A100-SXM4-40GB, pci bus id: 0000:03:00.0, compute capability: 8.0
2025-02-06 20:31:10.615634: I tensorflow/core/common_runtime/gpu/gpu_device.cc:1613] Created device /job:localhost/replica:0/task:0/device:GPU:1 with 38482 MB memory:  -> device: 1, name: NVIDIA A100-SXM4-40GB, pci bus id: 0000:44:00.0, compute capability: 8.0
2025-02-06 20:31:10.617646: I tensorflow/core/common_runtime/gpu/gpu_device.cc:1613] Created device /job:localhost/replica:0/task:0/device:GPU:2 with 38482 MB memory:  -> device: 2, name: NVIDIA A100-SXM4-40GB, pci bus id: 0000:84:00.0, compute capability: 8.0
2025-02-06 20:31:10.618992: I tensorflow/core/common_runtime/gpu/gpu_device.cc:1613] Created device /job:localhost/replica:0/task:0/device:GPU:3 with 38482 MB memory:  -> device: 3, name: NVIDIA A100-SXM4-40GB, pci bus id: 0000:c4:00.0, compute capability: 8.0
2025-02-06 20:31:20.853240: I tensorflow/compiler/xla/stream_executor/cuda/cuda_dnn.cc:428] Loaded cuDNN version 8600
2025-02-06 20:31:21.673311: I tensorflow/compiler/xla/stream_executor/cuda/cuda_blas.cc:630] TensorFloat-32 will be used for the matrix multiplication. This will only be logged once.
2025-02-06 20:31:22.127228: I tensorflow/compiler/xla/service/service.cc:173] XLA service 0x14fbbcc1a910 initialized for platform CUDA (this does not guarantee that XLA will be used). Devices:
2025-02-06 20:31:22.127311: I tensorflow/compiler/xla/service/service.cc:181]   StreamExecutor device (0): NVIDIA A100-SXM4-40GB, Compute Capability 8.0
2025-02-06 20:31:22.127319: I tensorflow/compiler/xla/service/service.cc:181]   StreamExecutor device (1): NVIDIA A100-SXM4-40GB, Compute Capability 8.0
2025-02-06 20:31:22.127324: I tensorflow/compiler/xla/service/service.cc:181]   StreamExecutor device (2): NVIDIA A100-SXM4-40GB, Compute Capability 8.0
2025-02-06 20:31:22.127330: I tensorflow/compiler/xla/service/service.cc:181]   StreamExecutor device (3): NVIDIA A100-SXM4-40GB, Compute Capability 8.0
2025-02-06 20:31:22.144181: I tensorflow/compiler/mlir/tensorflow/utils/dump_mlir_util.cc:268] disabling MLIR crash reproducer, set env var `MLIR_CRASH_REPRODUCER_DIRECTORY` to enable.
2025-02-06 20:31:22.381665: I tensorflow/compiler/jit/xla_compilation_cache.cc:477] Compiled cluster using XLA!  This line is logged at most once for the lifetime of the process.
2025-02-06 20:31:22.636188: I tensorflow/compiler/xla/stream_executor/cuda/cuda_dnn.cc:428] Loaded cuDNN version 8600
2025-02-06 20:31:23.066375: I tensorflow/compiler/xla/stream_executor/cuda/cuda_dnn.cc:428] Loaded cuDNN version 8600
2025-02-06 20:31:23.440359: I tensorflow/compiler/xla/stream_executor/cuda/cuda_dnn.cc:428] Loaded cuDNN version 8600
2025-02-06 20:31:23.528975: I tensorflow/compiler/xla/stream_executor/cuda/cuda_blas.cc:630] TensorFloat-32 will be used for the matrix multiplication. This will only be logged once.
2025-02-06 20:31:24.271539: I tensorflow/compiler/xla/stream_executor/cuda/cuda_blas.cc:630] TensorFloat-32 will be used for the matrix multiplication. This will only be logged once.
2025-02-06 20:31:24.308975: I tensorflow/compiler/xla/service/service.cc:173] XLA service 0x14a26b55cc80 initialized for platform CUDA (this does not guarantee that XLA will be used). Devices:
2025-02-06 20:31:24.309045: I tensorflow/compiler/xla/service/service.cc:181]   StreamExecutor device (0): NVIDIA A100-SXM4-40GB, Compute Capability 8.0
2025-02-06 20:31:24.309052: I tensorflow/compiler/xla/service/service.cc:181]   StreamExecutor device (1): NVIDIA A100-SXM4-40GB, Compute Capability 8.0
2025-02-06 20:31:24.309058: I tensorflow/compiler/xla/service/service.cc:181]   StreamExecutor device (2): NVIDIA A100-SXM4-40GB, Compute Capability 8.0
2025-02-06 20:31:24.309064: I tensorflow/compiler/xla/service/service.cc:181]   StreamExecutor device (3): NVIDIA A100-SXM4-40GB, Compute Capability 8.0
2025-02-06 20:31:24.321903: I tensorflow/compiler/xla/stream_executor/cuda/cuda_blas.cc:630] TensorFloat-32 will be used for the matrix multiplication. This will only be logged once.
2025-02-06 20:31:24.328644: I tensorflow/compiler/mlir/tensorflow/utils/dump_mlir_util.cc:268] disabling MLIR crash reproducer, set env var `MLIR_CRASH_REPRODUCER_DIRECTORY` to enable.
2025-02-06 20:31:24.562764: I tensorflow/compiler/jit/xla_compilation_cache.cc:477] Compiled cluster using XLA!  This line is logged at most once for the lifetime of the process.
2025-02-06 20:31:24.753255: I tensorflow/compiler/xla/service/service.cc:173] XLA service 0x14d5e07a0130 initialized for platform CUDA (this does not guarantee that XLA will be used). Devices:
2025-02-06 20:31:24.753321: I tensorflow/compiler/xla/service/service.cc:181]   StreamExecutor device (0): NVIDIA A100-SXM4-40GB, Compute Capability 8.0
2025-02-06 20:31:24.753328: I tensorflow/compiler/xla/service/service.cc:181]   StreamExecutor device (1): NVIDIA A100-SXM4-40GB, Compute Capability 8.0
2025-02-06 20:31:24.753334: I tensorflow/compiler/xla/service/service.cc:181]   StreamExecutor device (2): NVIDIA A100-SXM4-40GB, Compute Capability 8.0
2025-02-06 20:31:24.753340: I tensorflow/compiler/xla/service/service.cc:181]   StreamExecutor device (3): NVIDIA A100-SXM4-40GB, Compute Capability 8.0
2025-02-06 20:31:24.768028: I tensorflow/compiler/mlir/tensorflow/utils/dump_mlir_util.cc:268] disabling MLIR crash reproducer, set env var `MLIR_CRASH_REPRODUCER_DIRECTORY` to enable.
2025-02-06 20:31:24.768392: I tensorflow/compiler/xla/service/service.cc:173] XLA service 0x151bd2d5f560 initialized for platform CUDA (this does not guarantee that XLA will be used). Devices:
2025-02-06 20:31:24.768460: I tensorflow/compiler/xla/service/service.cc:181]   StreamExecutor device (0): NVIDIA A100-SXM4-40GB, Compute Capability 8.0
2025-02-06 20:31:24.768467: I tensorflow/compiler/xla/service/service.cc:181]   StreamExecutor device (1): NVIDIA A100-SXM4-40GB, Compute Capability 8.0
2025-02-06 20:31:24.768473: I tensorflow/compiler/xla/service/service.cc:181]   StreamExecutor device (2): NVIDIA A100-SXM4-40GB, Compute Capability 8.0
2025-02-06 20:31:24.768478: I tensorflow/compiler/xla/service/service.cc:181]   StreamExecutor device (3): NVIDIA A100-SXM4-40GB, Compute Capability 8.0
2025-02-06 20:31:24.996631: I tensorflow/compiler/mlir/tensorflow/utils/dump_mlir_util.cc:268] disabling MLIR crash reproducer, set env var `MLIR_CRASH_REPRODUCER_DIRECTORY` to enable.
2025-02-06 20:31:25.206720: I tensorflow/compiler/jit/xla_compilation_cache.cc:477] Compiled cluster using XLA!  This line is logged at most once for the lifetime of the process.
2025-02-06 20:31:25.242110: I tensorflow/compiler/jit/xla_compilation_cache.cc:477] Compiled cluster using XLA!  This line is logged at most once for the lifetime of the process.
2025-02-06 20:31:25.688699: I tensorflow/compiler/xla/stream_executor/cuda/cuda_dnn.cc:428] Loaded cuDNN version 8600
2025-02-06 20:31:26.500497: I tensorflow/compiler/xla/stream_executor/cuda/cuda_blas.cc:630] TensorFloat-32 will be used for the matrix multiplication. This will only be logged once.
2025-02-06 20:31:26.944306: I tensorflow/compiler/xla/service/service.cc:173] XLA service 0x14c4e0185f50 initialized for platform CUDA (this does not guarantee that XLA will be used). Devices:
2025-02-06 20:31:26.944371: I tensorflow/compiler/xla/service/service.cc:181]   StreamExecutor device (0): NVIDIA A100-SXM4-40GB, Compute Capability 8.0
2025-02-06 20:31:26.944379: I tensorflow/compiler/xla/service/service.cc:181]   StreamExecutor device (1): NVIDIA A100-SXM4-40GB, Compute Capability 8.0
2025-02-06 20:31:26.944386: I tensorflow/compiler/xla/service/service.cc:181]   StreamExecutor device (2): NVIDIA A100-SXM4-40GB, Compute Capability 8.0
2025-02-06 20:31:26.944392: I tensorflow/compiler/xla/service/service.cc:181]   StreamExecutor device (3): NVIDIA A100-SXM4-40GB, Compute Capability 8.0
2025-02-06 20:31:26.959129: I tensorflow/compiler/mlir/tensorflow/utils/dump_mlir_util.cc:268] disabling MLIR crash reproducer, set env var `MLIR_CRASH_REPRODUCER_DIRECTORY` to enable.
2025-02-06 20:31:27.190329: I tensorflow/compiler/jit/xla_compilation_cache.cc:477] Compiled cluster using XLA!  This line is logged at most once for the lifetime of the process.
srun: Job 10934608 step creation temporarily disabled, retrying (Requested nodes are busy)
srun: Job 10934608 step creation temporarily disabled, retrying (Requested nodes are busy)
srun: Job 10934608 step creation temporarily disabled, retrying (Requested nodes are busy)
srun: Job 10934608 step creation temporarily disabled, retrying (Requested nodes are busy)
srun: Job 10934608 step creation still disabled, retrying (Requested nodes are busy)
srun: Job 10934608 step creation still disabled, retrying (Requested nodes are busy)
srun: Job 10934608 step creation still disabled, retrying (Requested nodes are busy)
srun: Job 10934608 step creation still disabled, retrying (Requested nodes are busy)
srun: Job 10934608 step creation still disabled, retrying (Requested nodes are busy)
srun: Job 10934608 step creation still disabled, retrying (Requested nodes are busy)
srun: Job 10934608 step creation still disabled, retrying (Requested nodes are busy)
srun: Job 10934608 step creation still disabled, retrying (Requested nodes are busy)
srun: Job 10934608 step creation still disabled, retrying (Requested nodes are busy)
srun: Job 10934608 step creation still disabled, retrying (Requested nodes are busy)
srun: Job 10934608 step creation still disabled, retrying (Requested nodes are busy)
srun: Job 10934608 step creation still disabled, retrying (Requested nodes are busy)
srun: Job 10934608 step creation still disabled, retrying (Requested nodes are busy)
srun: Job 10934608 step creation still disabled, retrying (Requested nodes are busy)
srun: Job 10934608 step creation still disabled, retrying (Requested nodes are busy)
srun: Job 10934608 step creation still disabled, retrying (Requested nodes are busy)
srun: Job 10934608 step creation still disabled, retrying (Requested nodes are busy)
srun: Job 10934608 step creation still disabled, retrying (Requested nodes are busy)
srun: Job 10934608 step creation still disabled, retrying (Requested nodes are busy)
srun: Job 10934608 step creation still disabled, retrying (Requested nodes are busy)
srun: Job 10934608 step creation still disabled, retrying (Requested nodes are busy)
srun: Job 10934608 step creation still disabled, retrying (Requested nodes are busy)
srun: Job 10934608 step creation still disabled, retrying (Requested nodes are busy)
srun: Job 10934608 step creation still disabled, retrying (Requested nodes are busy)
srun: Job 10934608 step creation still disabled, retrying (Requested nodes are busy)
srun: Job 10934608 step creation still disabled, retrying (Requested nodes are busy)
srun: Job 10934608 step creation still disabled, retrying (Requested nodes are busy)
srun: Job 10934608 step creation still disabled, retrying (Requested nodes are busy)
srun: Job 10934608 step creation still disabled, retrying (Requested nodes are busy)
srun: Job 10934608 step creation still disabled, retrying (Requested nodes are busy)
srun: Job 10934608 step creation still disabled, retrying (Requested nodes are busy)
srun: Job 10934608 step creation still disabled, retrying (Requested nodes are busy)
srun: Job 10934608 step creation still disabled, retrying (Requested nodes are busy)
srun: Job 10934608 step creation still disabled, retrying (Requested nodes are busy)
srun: Job 10934608 step creation still disabled, retrying (Requested nodes are busy)
srun: Job 10934608 step creation still disabled, retrying (Requested nodes are busy)
srun: Job 10934608 step creation still disabled, retrying (Requested nodes are busy)
srun: Job 10934608 step creation still disabled, retrying (Requested nodes are busy)
srun: Job 10934608 step creation still disabled, retrying (Requested nodes are busy)
srun: Job 10934608 step creation still disabled, retrying (Requested nodes are busy)
srun: Job 10934608 step creation still disabled, retrying (Requested nodes are busy)
srun: Job 10934608 step creation still disabled, retrying (Requested nodes are busy)
srun: Job 10934608 step creation still disabled, retrying (Requested nodes are busy)
srun: Job 10934608 step creation still disabled, retrying (Requested nodes are busy)
srun: Job 10934608 step creation still disabled, retrying (Requested nodes are busy)
srun: Job 10934608 step creation still disabled, retrying (Requested nodes are busy)
srun: Job 10934608 step creation still disabled, retrying (Requested nodes are busy)
srun: Job 10934608 step creation still disabled, retrying (Requested nodes are busy)
srun: Step created for StepId=10934608.5
2025-02-06 20:59:31.617999: I tensorflow/core/common_runtime/gpu/gpu_device.cc:1613] Created device /job:localhost/replica:0/task:0/device:GPU:0 with 38482 MB memory:  -> device: 0, name: NVIDIA A100-SXM4-40GB, pci bus id: 0000:03:00.0, compute capability: 8.0
2025-02-06 20:59:31.619511: I tensorflow/core/common_runtime/gpu/gpu_device.cc:1613] Created device /job:localhost/replica:0/task:0/device:GPU:1 with 38482 MB memory:  -> device: 1, name: NVIDIA A100-SXM4-40GB, pci bus id: 0000:44:00.0, compute capability: 8.0
2025-02-06 20:59:31.621003: I tensorflow/core/common_runtime/gpu/gpu_device.cc:1613] Created device /job:localhost/replica:0/task:0/device:GPU:2 with 38482 MB memory:  -> device: 2, name: NVIDIA A100-SXM4-40GB, pci bus id: 0000:84:00.0, compute capability: 8.0
2025-02-06 20:59:31.622382: I tensorflow/core/common_runtime/gpu/gpu_device.cc:1613] Created device /job:localhost/replica:0/task:0/device:GPU:3 with 38482 MB memory:  -> device: 3, name: NVIDIA A100-SXM4-40GB, pci bus id: 0000:c4:00.0, compute capability: 8.0
2025-02-06 20:59:46.121286: I tensorflow/compiler/xla/stream_executor/cuda/cuda_dnn.cc:428] Loaded cuDNN version 8600
2025-02-06 20:59:46.709759: I tensorflow/compiler/xla/stream_executor/cuda/cuda_blas.cc:630] TensorFloat-32 will be used for the matrix multiplication. This will only be logged once.
2025-02-06 20:59:47.080842: I tensorflow/compiler/xla/service/service.cc:173] XLA service 0x1481135bb6c0 initialized for platform CUDA (this does not guarantee that XLA will be used). Devices:
2025-02-06 20:59:47.080889: I tensorflow/compiler/xla/service/service.cc:181]   StreamExecutor device (0): NVIDIA A100-SXM4-40GB, Compute Capability 8.0
2025-02-06 20:59:47.080896: I tensorflow/compiler/xla/service/service.cc:181]   StreamExecutor device (1): NVIDIA A100-SXM4-40GB, Compute Capability 8.0
2025-02-06 20:59:47.080902: I tensorflow/compiler/xla/service/service.cc:181]   StreamExecutor device (2): NVIDIA A100-SXM4-40GB, Compute Capability 8.0
2025-02-06 20:59:47.080908: I tensorflow/compiler/xla/service/service.cc:181]   StreamExecutor device (3): NVIDIA A100-SXM4-40GB, Compute Capability 8.0
2025-02-06 20:59:47.085776: I tensorflow/compiler/mlir/tensorflow/utils/dump_mlir_util.cc:268] disabling MLIR crash reproducer, set env var `MLIR_CRASH_REPRODUCER_DIRECTORY` to enable.
2025-02-06 20:59:47.266086: I tensorflow/compiler/jit/xla_compilation_cache.cc:477] Compiled cluster using XLA!  This line is logged at most once for the lifetime of the process.
srun: Job 10934608 step creation still disabled, retrying (Requested nodes are busy)
srun: Job 10934608 step creation still disabled, retrying (Requested nodes are busy)
srun: Job 10934608 step creation still disabled, retrying (Requested nodes are busy)
srun: Job 10934608 step creation still disabled, retrying (Requested nodes are busy)
srun: Job 10934608 step creation still disabled, retrying (Requested nodes are busy)
srun: Job 10934608 step creation still disabled, retrying (Requested nodes are busy)
srun: Job 10934608 step creation still disabled, retrying (Requested nodes are busy)
srun: Job 10934608 step creation still disabled, retrying (Requested nodes are busy)
srun: Job 10934608 step creation still disabled, retrying (Requested nodes are busy)
srun: Job 10934608 step creation still disabled, retrying (Requested nodes are busy)
srun: Step created for StepId=10934608.6
srun: Job 10934608 step creation still disabled, retrying (Requested nodes are busy)
srun: Job 10934608 step creation still disabled, retrying (Requested nodes are busy)
2025-02-06 21:07:40.105529: I tensorflow/core/common_runtime/gpu/gpu_device.cc:1613] Created device /job:localhost/replica:0/task:0/device:GPU:0 with 38482 MB memory:  -> device: 0, name: NVIDIA A100-SXM4-40GB, pci bus id: 0000:03:00.0, compute capability: 8.0
2025-02-06 21:07:40.107608: I tensorflow/core/common_runtime/gpu/gpu_device.cc:1613] Created device /job:localhost/replica:0/task:0/device:GPU:1 with 38482 MB memory:  -> device: 1, name: NVIDIA A100-SXM4-40GB, pci bus id: 0000:44:00.0, compute capability: 8.0
2025-02-06 21:07:40.109092: I tensorflow/core/common_runtime/gpu/gpu_device.cc:1613] Created device /job:localhost/replica:0/task:0/device:GPU:2 with 38482 MB memory:  -> device: 2, name: NVIDIA A100-SXM4-40GB, pci bus id: 0000:84:00.0, compute capability: 8.0
2025-02-06 21:07:40.110559: I tensorflow/core/common_runtime/gpu/gpu_device.cc:1613] Created device /job:localhost/replica:0/task:0/device:GPU:3 with 38482 MB memory:  -> device: 3, name: NVIDIA A100-SXM4-40GB, pci bus id: 0000:c4:00.0, compute capability: 8.0
2025-02-06 21:07:54.620481: I tensorflow/compiler/xla/stream_executor/cuda/cuda_dnn.cc:428] Loaded cuDNN version 8600
2025-02-06 21:07:55.238088: I tensorflow/compiler/xla/stream_executor/cuda/cuda_blas.cc:630] TensorFloat-32 will be used for the matrix multiplication. This will only be logged once.
2025-02-06 21:07:55.608917: I tensorflow/compiler/xla/service/service.cc:173] XLA service 0x14f8743fca50 initialized for platform CUDA (this does not guarantee that XLA will be used). Devices:
2025-02-06 21:07:55.608967: I tensorflow/compiler/xla/service/service.cc:181]   StreamExecutor device (0): NVIDIA A100-SXM4-40GB, Compute Capability 8.0
2025-02-06 21:07:55.608974: I tensorflow/compiler/xla/service/service.cc:181]   StreamExecutor device (1): NVIDIA A100-SXM4-40GB, Compute Capability 8.0
2025-02-06 21:07:55.608980: I tensorflow/compiler/xla/service/service.cc:181]   StreamExecutor device (2): NVIDIA A100-SXM4-40GB, Compute Capability 8.0
2025-02-06 21:07:55.608986: I tensorflow/compiler/xla/service/service.cc:181]   StreamExecutor device (3): NVIDIA A100-SXM4-40GB, Compute Capability 8.0
2025-02-06 21:07:55.613784: I tensorflow/compiler/mlir/tensorflow/utils/dump_mlir_util.cc:268] disabling MLIR crash reproducer, set env var `MLIR_CRASH_REPRODUCER_DIRECTORY` to enable.
2025-02-06 21:07:55.794594: I tensorflow/compiler/jit/xla_compilation_cache.cc:477] Compiled cluster using XLA!  This line is logged at most once for the lifetime of the process.
srun: Job 10934608 step creation still disabled, retrying (Requested nodes are busy)
srun: Job 10934608 step creation still disabled, retrying (Requested nodes are busy)
srun: Job 10934608 step creation still disabled, retrying (Requested nodes are busy)
srun: Job 10934608 step creation still disabled, retrying (Requested nodes are busy)
srun: Job 10934608 step creation still disabled, retrying (Requested nodes are busy)
srun: Job 10934608 step creation still disabled, retrying (Requested nodes are busy)
srun: Job 10934608 step creation still disabled, retrying (Requested nodes are busy)
srun: Job 10934608 step creation still disabled, retrying (Requested nodes are busy)
srun: Job 10934608 step creation still disabled, retrying (Requested nodes are busy)
srun: Job 10934608 step creation still disabled, retrying (Requested nodes are busy)
srun: Job 10934608 step creation still disabled, retrying (Requested nodes are busy)
srun: Job 10934608 step creation still disabled, retrying (Requested nodes are busy)
srun: Job 10934608 step creation still disabled, retrying (Requested nodes are busy)
srun: Job 10934608 step creation still disabled, retrying (Requested nodes are busy)
srun: Job 10934608 step creation still disabled, retrying (Requested nodes are busy)
srun: Step created for StepId=10934608.7
2025-02-06 21:24:09.357850: I tensorflow/core/common_runtime/gpu/gpu_device.cc:1613] Created device /job:localhost/replica:0/task:0/device:GPU:0 with 38482 MB memory:  -> device: 0, name: NVIDIA A100-SXM4-40GB, pci bus id: 0000:03:00.0, compute capability: 8.0
2025-02-06 21:24:09.359350: I tensorflow/core/common_runtime/gpu/gpu_device.cc:1613] Created device /job:localhost/replica:0/task:0/device:GPU:1 with 38482 MB memory:  -> device: 1, name: NVIDIA A100-SXM4-40GB, pci bus id: 0000:44:00.0, compute capability: 8.0
2025-02-06 21:24:09.360842: I tensorflow/core/common_runtime/gpu/gpu_device.cc:1613] Created device /job:localhost/replica:0/task:0/device:GPU:2 with 38482 MB memory:  -> device: 2, name: NVIDIA A100-SXM4-40GB, pci bus id: 0000:84:00.0, compute capability: 8.0
2025-02-06 21:24:09.362337: I tensorflow/core/common_runtime/gpu/gpu_device.cc:1613] Created device /job:localhost/replica:0/task:0/device:GPU:3 with 38482 MB memory:  -> device: 3, name: NVIDIA A100-SXM4-40GB, pci bus id: 0000:c4:00.0, compute capability: 8.0
srun: Job 10934608 step creation still disabled, retrying (Requested nodes are busy)
2025-02-06 21:24:23.854508: I tensorflow/compiler/xla/stream_executor/cuda/cuda_dnn.cc:428] Loaded cuDNN version 8600
2025-02-06 21:24:24.393254: I tensorflow/compiler/xla/stream_executor/cuda/cuda_blas.cc:630] TensorFloat-32 will be used for the matrix multiplication. This will only be logged once.
2025-02-06 21:24:24.680742: I tensorflow/compiler/xla/service/service.cc:173] XLA service 0x152220591c20 initialized for platform CUDA (this does not guarantee that XLA will be used). Devices:
2025-02-06 21:24:24.680796: I tensorflow/compiler/xla/service/service.cc:181]   StreamExecutor device (0): NVIDIA A100-SXM4-40GB, Compute Capability 8.0
2025-02-06 21:24:24.680805: I tensorflow/compiler/xla/service/service.cc:181]   StreamExecutor device (1): NVIDIA A100-SXM4-40GB, Compute Capability 8.0
2025-02-06 21:24:24.680811: I tensorflow/compiler/xla/service/service.cc:181]   StreamExecutor device (2): NVIDIA A100-SXM4-40GB, Compute Capability 8.0
2025-02-06 21:24:24.680818: I tensorflow/compiler/xla/service/service.cc:181]   StreamExecutor device (3): NVIDIA A100-SXM4-40GB, Compute Capability 8.0
2025-02-06 21:24:24.685639: I tensorflow/compiler/mlir/tensorflow/utils/dump_mlir_util.cc:268] disabling MLIR crash reproducer, set env var `MLIR_CRASH_REPRODUCER_DIRECTORY` to enable.
2025-02-06 21:24:24.865672: I tensorflow/compiler/jit/xla_compilation_cache.cc:477] Compiled cluster using XLA!  This line is logged at most once for the lifetime of the process.
srun: Job 10934608 step creation still disabled, retrying (Requested nodes are busy)
srun: Job 10934608 step creation still disabled, retrying (Requested nodes are busy)
srun: Job 10934608 step creation still disabled, retrying (Requested nodes are busy)
srun: Job 10934608 step creation still disabled, retrying (Requested nodes are busy)
srun: Job 10934608 step creation still disabled, retrying (Requested nodes are busy)
srun: Step created for StepId=10934608.8
2025-02-06 21:35:09.110206: I tensorflow/core/common_runtime/gpu/gpu_device.cc:1613] Created device /job:localhost/replica:0/task:0/device:GPU:0 with 38482 MB memory:  -> device: 0, name: NVIDIA A100-SXM4-40GB, pci bus id: 0000:03:00.0, compute capability: 8.0
2025-02-06 21:35:09.111858: I tensorflow/core/common_runtime/gpu/gpu_device.cc:1613] Created device /job:localhost/replica:0/task:0/device:GPU:1 with 38482 MB memory:  -> device: 1, name: NVIDIA A100-SXM4-40GB, pci bus id: 0000:44:00.0, compute capability: 8.0
2025-02-06 21:35:09.113468: I tensorflow/core/common_runtime/gpu/gpu_device.cc:1613] Created device /job:localhost/replica:0/task:0/device:GPU:2 with 38482 MB memory:  -> device: 2, name: NVIDIA A100-SXM4-40GB, pci bus id: 0000:84:00.0, compute capability: 8.0
2025-02-06 21:35:09.115057: I tensorflow/core/common_runtime/gpu/gpu_device.cc:1613] Created device /job:localhost/replica:0/task:0/device:GPU:3 with 38482 MB memory:  -> device: 3, name: NVIDIA A100-SXM4-40GB, pci bus id: 0000:c4:00.0, compute capability: 8.0
2025-02-06 21:35:23.698281: I tensorflow/compiler/xla/stream_executor/cuda/cuda_dnn.cc:428] Loaded cuDNN version 8600
2025-02-06 21:35:24.216195: I tensorflow/compiler/xla/stream_executor/cuda/cuda_blas.cc:630] TensorFloat-32 will be used for the matrix multiplication. This will only be logged once.
2025-02-06 21:35:24.465219: I tensorflow/compiler/xla/service/service.cc:173] XLA service 0x1511e24d7400 initialized for platform CUDA (this does not guarantee that XLA will be used). Devices:
2025-02-06 21:35:24.465273: I tensorflow/compiler/xla/service/service.cc:181]   StreamExecutor device (0): NVIDIA A100-SXM4-40GB, Compute Capability 8.0
2025-02-06 21:35:24.465280: I tensorflow/compiler/xla/service/service.cc:181]   StreamExecutor device (1): NVIDIA A100-SXM4-40GB, Compute Capability 8.0
2025-02-06 21:35:24.465286: I tensorflow/compiler/xla/service/service.cc:181]   StreamExecutor device (2): NVIDIA A100-SXM4-40GB, Compute Capability 8.0
2025-02-06 21:35:24.465292: I tensorflow/compiler/xla/service/service.cc:181]   StreamExecutor device (3): NVIDIA A100-SXM4-40GB, Compute Capability 8.0
2025-02-06 21:35:24.470280: I tensorflow/compiler/mlir/tensorflow/utils/dump_mlir_util.cc:268] disabling MLIR crash reproducer, set env var `MLIR_CRASH_REPRODUCER_DIRECTORY` to enable.
2025-02-06 21:35:24.651534: I tensorflow/compiler/jit/xla_compilation_cache.cc:477] Compiled cluster using XLA!  This line is logged at most once for the lifetime of the process.
