mkdir: cannot create directory ‘/p/project1/deepacf’: Permission denied
mkdir: cannot create directory ‘/p/project1/deepacf’: Permission denied
2025-02-06 20:31:03.729323: I tensorflow/core/common_runtime/gpu/gpu_device.cc:1613] Created device /job:localhost/replica:0/task:0/device:GPU:0 with 38482 MB memory:  -> device: 0, name: NVIDIA A100-SXM4-40GB, pci bus id: 0000:03:00.0, compute capability: 8.0
2025-02-06 20:31:03.730989: I tensorflow/core/common_runtime/gpu/gpu_device.cc:1613] Created device /job:localhost/replica:0/task:0/device:GPU:1 with 38482 MB memory:  -> device: 1, name: NVIDIA A100-SXM4-40GB, pci bus id: 0000:44:00.0, compute capability: 8.0
2025-02-06 20:31:03.732484: I tensorflow/core/common_runtime/gpu/gpu_device.cc:1613] Created device /job:localhost/replica:0/task:0/device:GPU:2 with 38482 MB memory:  -> device: 2, name: NVIDIA A100-SXM4-40GB, pci bus id: 0000:84:00.0, compute capability: 8.0
2025-02-06 20:31:03.733960: I tensorflow/core/common_runtime/gpu/gpu_device.cc:1613] Created device /job:localhost/replica:0/task:0/device:GPU:3 with 38482 MB memory:  -> device: 3, name: NVIDIA A100-SXM4-40GB, pci bus id: 0000:c4:00.0, compute capability: 8.0
2025-02-06 20:31:07.338440: I tensorflow/core/common_runtime/gpu/gpu_device.cc:1613] Created device /job:localhost/replica:0/task:0/device:GPU:0 with 38482 MB memory:  -> device: 0, name: NVIDIA A100-SXM4-40GB, pci bus id: 0000:03:00.0, compute capability: 8.0
2025-02-06 20:31:07.340183: I tensorflow/core/common_runtime/gpu/gpu_device.cc:1613] Created device /job:localhost/replica:0/task:0/device:GPU:1 with 38482 MB memory:  -> device: 1, name: NVIDIA A100-SXM4-40GB, pci bus id: 0000:44:00.0, compute capability: 8.0
2025-02-06 20:31:07.341579: I tensorflow/core/common_runtime/gpu/gpu_device.cc:1613] Created device /job:localhost/replica:0/task:0/device:GPU:2 with 38482 MB memory:  -> device: 2, name: NVIDIA A100-SXM4-40GB, pci bus id: 0000:84:00.0, compute capability: 8.0
2025-02-06 20:31:07.343048: I tensorflow/core/common_runtime/gpu/gpu_device.cc:1613] Created device /job:localhost/replica:0/task:0/device:GPU:3 with 38482 MB memory:  -> device: 3, name: NVIDIA A100-SXM4-40GB, pci bus id: 0000:c4:00.0, compute capability: 8.0
2025-02-06 20:31:09.262433: I tensorflow/core/common_runtime/gpu/gpu_device.cc:1613] Created device /job:localhost/replica:0/task:0/device:GPU:0 with 38482 MB memory:  -> device: 0, name: NVIDIA A100-SXM4-40GB, pci bus id: 0000:03:00.0, compute capability: 8.0
2025-02-06 20:31:09.265053: I tensorflow/core/common_runtime/gpu/gpu_device.cc:1613] Created device /job:localhost/replica:0/task:0/device:GPU:1 with 38482 MB memory:  -> device: 1, name: NVIDIA A100-SXM4-40GB, pci bus id: 0000:44:00.0, compute capability: 8.0
2025-02-06 20:31:09.266534: I tensorflow/core/common_runtime/gpu/gpu_device.cc:1613] Created device /job:localhost/replica:0/task:0/device:GPU:2 with 38482 MB memory:  -> device: 2, name: NVIDIA A100-SXM4-40GB, pci bus id: 0000:84:00.0, compute capability: 8.0
2025-02-06 20:31:09.267880: I tensorflow/core/common_runtime/gpu/gpu_device.cc:1613] Created device /job:localhost/replica:0/task:0/device:GPU:3 with 38482 MB memory:  -> device: 3, name: NVIDIA A100-SXM4-40GB, pci bus id: 0000:c4:00.0, compute capability: 8.0
2025-02-06 20:31:09.869199: I tensorflow/core/common_runtime/gpu/gpu_device.cc:1613] Created device /job:localhost/replica:0/task:0/device:GPU:0 with 38482 MB memory:  -> device: 0, name: NVIDIA A100-SXM4-40GB, pci bus id: 0000:03:00.0, compute capability: 8.0
2025-02-06 20:31:09.870844: I tensorflow/core/common_runtime/gpu/gpu_device.cc:1613] Created device /job:localhost/replica:0/task:0/device:GPU:1 with 38482 MB memory:  -> device: 1, name: NVIDIA A100-SXM4-40GB, pci bus id: 0000:44:00.0, compute capability: 8.0
2025-02-06 20:31:09.872276: I tensorflow/core/common_runtime/gpu/gpu_device.cc:1613] Created device /job:localhost/replica:0/task:0/device:GPU:2 with 38482 MB memory:  -> device: 2, name: NVIDIA A100-SXM4-40GB, pci bus id: 0000:84:00.0, compute capability: 8.0
2025-02-06 20:31:09.873760: I tensorflow/core/common_runtime/gpu/gpu_device.cc:1613] Created device /job:localhost/replica:0/task:0/device:GPU:3 with 38482 MB memory:  -> device: 3, name: NVIDIA A100-SXM4-40GB, pci bus id: 0000:c4:00.0, compute capability: 8.0
2025-02-06 20:31:12.496032: I tensorflow/core/common_runtime/gpu/gpu_device.cc:1613] Created device /job:localhost/replica:0/task:0/device:GPU:0 with 38482 MB memory:  -> device: 0, name: NVIDIA A100-SXM4-40GB, pci bus id: 0000:03:00.0, compute capability: 8.0
2025-02-06 20:31:12.497696: I tensorflow/core/common_runtime/gpu/gpu_device.cc:1613] Created device /job:localhost/replica:0/task:0/device:GPU:1 with 38482 MB memory:  -> device: 1, name: NVIDIA A100-SXM4-40GB, pci bus id: 0000:44:00.0, compute capability: 8.0
2025-02-06 20:31:12.499418: I tensorflow/core/common_runtime/gpu/gpu_device.cc:1613] Created device /job:localhost/replica:0/task:0/device:GPU:2 with 38482 MB memory:  -> device: 2, name: NVIDIA A100-SXM4-40GB, pci bus id: 0000:84:00.0, compute capability: 8.0
2025-02-06 20:31:12.500822: I tensorflow/core/common_runtime/gpu/gpu_device.cc:1613] Created device /job:localhost/replica:0/task:0/device:GPU:3 with 38482 MB memory:  -> device: 3, name: NVIDIA A100-SXM4-40GB, pci bus id: 0000:c4:00.0, compute capability: 8.0
2025-02-06 20:31:14.743678: I tensorflow/core/common_runtime/gpu/gpu_device.cc:1613] Created device /job:localhost/replica:0/task:0/device:GPU:0 with 38482 MB memory:  -> device: 0, name: NVIDIA A100-SXM4-40GB, pci bus id: 0000:03:00.0, compute capability: 8.0
2025-02-06 20:31:14.745518: I tensorflow/core/common_runtime/gpu/gpu_device.cc:1613] Created device /job:localhost/replica:0/task:0/device:GPU:1 with 38482 MB memory:  -> device: 1, name: NVIDIA A100-SXM4-40GB, pci bus id: 0000:44:00.0, compute capability: 8.0
2025-02-06 20:31:14.746927: I tensorflow/core/common_runtime/gpu/gpu_device.cc:1613] Created device /job:localhost/replica:0/task:0/device:GPU:2 with 38482 MB memory:  -> device: 2, name: NVIDIA A100-SXM4-40GB, pci bus id: 0000:84:00.0, compute capability: 8.0
2025-02-06 20:31:14.748331: I tensorflow/core/common_runtime/gpu/gpu_device.cc:1613] Created device /job:localhost/replica:0/task:0/device:GPU:3 with 38482 MB memory:  -> device: 3, name: NVIDIA A100-SXM4-40GB, pci bus id: 0000:c4:00.0, compute capability: 8.0
2025-02-06 20:31:21.393466: I tensorflow/compiler/xla/stream_executor/cuda/cuda_dnn.cc:428] Loaded cuDNN version 8600
2025-02-06 20:31:22.177277: I tensorflow/compiler/xla/stream_executor/cuda/cuda_blas.cc:630] TensorFloat-32 will be used for the matrix multiplication. This will only be logged once.
2025-02-06 20:31:22.572681: I tensorflow/compiler/xla/service/service.cc:173] XLA service 0x151aafad6950 initialized for platform CUDA (this does not guarantee that XLA will be used). Devices:
2025-02-06 20:31:22.572746: I tensorflow/compiler/xla/service/service.cc:181]   StreamExecutor device (0): NVIDIA A100-SXM4-40GB, Compute Capability 8.0
2025-02-06 20:31:22.572753: I tensorflow/compiler/xla/service/service.cc:181]   StreamExecutor device (1): NVIDIA A100-SXM4-40GB, Compute Capability 8.0
2025-02-06 20:31:22.572760: I tensorflow/compiler/xla/service/service.cc:181]   StreamExecutor device (2): NVIDIA A100-SXM4-40GB, Compute Capability 8.0
2025-02-06 20:31:22.572767: I tensorflow/compiler/xla/service/service.cc:181]   StreamExecutor device (3): NVIDIA A100-SXM4-40GB, Compute Capability 8.0
2025-02-06 20:31:22.589543: I tensorflow/compiler/mlir/tensorflow/utils/dump_mlir_util.cc:268] disabling MLIR crash reproducer, set env var `MLIR_CRASH_REPRODUCER_DIRECTORY` to enable.
2025-02-06 20:31:22.823766: I tensorflow/compiler/jit/xla_compilation_cache.cc:477] Compiled cluster using XLA!  This line is logged at most once for the lifetime of the process.
2025-02-06 20:31:24.931638: I tensorflow/compiler/xla/stream_executor/cuda/cuda_dnn.cc:428] Loaded cuDNN version 8600
2025-02-06 20:31:24.936263: I tensorflow/core/common_runtime/gpu/gpu_device.cc:1613] Created device /job:localhost/replica:0/task:0/device:GPU:0 with 38482 MB memory:  -> device: 0, name: NVIDIA A100-SXM4-40GB, pci bus id: 0000:03:00.0, compute capability: 8.0
2025-02-06 20:31:24.938053: I tensorflow/core/common_runtime/gpu/gpu_device.cc:1613] Created device /job:localhost/replica:0/task:0/device:GPU:1 with 38482 MB memory:  -> device: 1, name: NVIDIA A100-SXM4-40GB, pci bus id: 0000:44:00.0, compute capability: 8.0
2025-02-06 20:31:24.939680: I tensorflow/core/common_runtime/gpu/gpu_device.cc:1613] Created device /job:localhost/replica:0/task:0/device:GPU:2 with 38482 MB memory:  -> device: 2, name: NVIDIA A100-SXM4-40GB, pci bus id: 0000:84:00.0, compute capability: 8.0
2025-02-06 20:31:24.941183: I tensorflow/core/common_runtime/gpu/gpu_device.cc:1613] Created device /job:localhost/replica:0/task:0/device:GPU:3 with 38482 MB memory:  -> device: 3, name: NVIDIA A100-SXM4-40GB, pci bus id: 0000:c4:00.0, compute capability: 8.0
2025-02-06 20:31:25.756486: I tensorflow/compiler/xla/stream_executor/cuda/cuda_blas.cc:630] TensorFloat-32 will be used for the matrix multiplication. This will only be logged once.
2025-02-06 20:31:26.243523: I tensorflow/compiler/xla/service/service.cc:173] XLA service 0x14c7a7696b00 initialized for platform CUDA (this does not guarantee that XLA will be used). Devices:
2025-02-06 20:31:26.243593: I tensorflow/compiler/xla/service/service.cc:181]   StreamExecutor device (0): NVIDIA A100-SXM4-40GB, Compute Capability 8.0
2025-02-06 20:31:26.243601: I tensorflow/compiler/xla/service/service.cc:181]   StreamExecutor device (1): NVIDIA A100-SXM4-40GB, Compute Capability 8.0
2025-02-06 20:31:26.243608: I tensorflow/compiler/xla/service/service.cc:181]   StreamExecutor device (2): NVIDIA A100-SXM4-40GB, Compute Capability 8.0
2025-02-06 20:31:26.243614: I tensorflow/compiler/xla/service/service.cc:181]   StreamExecutor device (3): NVIDIA A100-SXM4-40GB, Compute Capability 8.0
2025-02-06 20:31:26.262366: I tensorflow/compiler/mlir/tensorflow/utils/dump_mlir_util.cc:268] disabling MLIR crash reproducer, set env var `MLIR_CRASH_REPRODUCER_DIRECTORY` to enable.
2025-02-06 20:31:26.503030: I tensorflow/compiler/jit/xla_compilation_cache.cc:477] Compiled cluster using XLA!  This line is logged at most once for the lifetime of the process.
2025-02-06 20:31:26.828620: I tensorflow/compiler/xla/stream_executor/cuda/cuda_dnn.cc:428] Loaded cuDNN version 8600
2025-02-06 20:31:27.355615: I tensorflow/compiler/xla/stream_executor/cuda/cuda_dnn.cc:428] Loaded cuDNN version 8600
2025-02-06 20:31:27.699695: I tensorflow/compiler/xla/stream_executor/cuda/cuda_blas.cc:630] TensorFloat-32 will be used for the matrix multiplication. This will only be logged once.
2025-02-06 20:31:28.148711: I tensorflow/compiler/xla/stream_executor/cuda/cuda_blas.cc:630] TensorFloat-32 will be used for the matrix multiplication. This will only be logged once.
2025-02-06 20:31:28.240127: I tensorflow/compiler/xla/service/service.cc:173] XLA service 0x14a51b961bc0 initialized for platform CUDA (this does not guarantee that XLA will be used). Devices:
2025-02-06 20:31:28.240197: I tensorflow/compiler/xla/service/service.cc:181]   StreamExecutor device (0): NVIDIA A100-SXM4-40GB, Compute Capability 8.0
2025-02-06 20:31:28.240205: I tensorflow/compiler/xla/service/service.cc:181]   StreamExecutor device (1): NVIDIA A100-SXM4-40GB, Compute Capability 8.0
2025-02-06 20:31:28.240210: I tensorflow/compiler/xla/service/service.cc:181]   StreamExecutor device (2): NVIDIA A100-SXM4-40GB, Compute Capability 8.0
2025-02-06 20:31:28.240216: I tensorflow/compiler/xla/service/service.cc:181]   StreamExecutor device (3): NVIDIA A100-SXM4-40GB, Compute Capability 8.0
2025-02-06 20:31:28.257043: I tensorflow/compiler/mlir/tensorflow/utils/dump_mlir_util.cc:268] disabling MLIR crash reproducer, set env var `MLIR_CRASH_REPRODUCER_DIRECTORY` to enable.
2025-02-06 20:31:28.491929: I tensorflow/compiler/jit/xla_compilation_cache.cc:477] Compiled cluster using XLA!  This line is logged at most once for the lifetime of the process.
2025-02-06 20:31:28.552524: I tensorflow/compiler/xla/service/service.cc:173] XLA service 0x14b514924d70 initialized for platform CUDA (this does not guarantee that XLA will be used). Devices:
2025-02-06 20:31:28.552584: I tensorflow/compiler/xla/service/service.cc:181]   StreamExecutor device (0): NVIDIA A100-SXM4-40GB, Compute Capability 8.0
2025-02-06 20:31:28.552591: I tensorflow/compiler/xla/service/service.cc:181]   StreamExecutor device (1): NVIDIA A100-SXM4-40GB, Compute Capability 8.0
2025-02-06 20:31:28.552597: I tensorflow/compiler/xla/service/service.cc:181]   StreamExecutor device (2): NVIDIA A100-SXM4-40GB, Compute Capability 8.0
2025-02-06 20:31:28.552603: I tensorflow/compiler/xla/service/service.cc:181]   StreamExecutor device (3): NVIDIA A100-SXM4-40GB, Compute Capability 8.0
2025-02-06 20:31:28.569397: I tensorflow/compiler/mlir/tensorflow/utils/dump_mlir_util.cc:268] disabling MLIR crash reproducer, set env var `MLIR_CRASH_REPRODUCER_DIRECTORY` to enable.
2025-02-06 20:31:28.808174: I tensorflow/compiler/jit/xla_compilation_cache.cc:477] Compiled cluster using XLA!  This line is logged at most once for the lifetime of the process.
2025-02-06 20:31:30.067604: I tensorflow/compiler/xla/stream_executor/cuda/cuda_dnn.cc:428] Loaded cuDNN version 8600
2025-02-06 20:31:30.868777: I tensorflow/compiler/xla/stream_executor/cuda/cuda_blas.cc:630] TensorFloat-32 will be used for the matrix multiplication. This will only be logged once.
2025-02-06 20:31:31.316851: I tensorflow/compiler/xla/service/service.cc:173] XLA service 0x145bf01e0680 initialized for platform CUDA (this does not guarantee that XLA will be used). Devices:
2025-02-06 20:31:31.316917: I tensorflow/compiler/xla/service/service.cc:181]   StreamExecutor device (0): NVIDIA A100-SXM4-40GB, Compute Capability 8.0
2025-02-06 20:31:31.316924: I tensorflow/compiler/xla/service/service.cc:181]   StreamExecutor device (1): NVIDIA A100-SXM4-40GB, Compute Capability 8.0
2025-02-06 20:31:31.316930: I tensorflow/compiler/xla/service/service.cc:181]   StreamExecutor device (2): NVIDIA A100-SXM4-40GB, Compute Capability 8.0
2025-02-06 20:31:31.316935: I tensorflow/compiler/xla/service/service.cc:181]   StreamExecutor device (3): NVIDIA A100-SXM4-40GB, Compute Capability 8.0
2025-02-06 20:31:31.331815: I tensorflow/compiler/mlir/tensorflow/utils/dump_mlir_util.cc:268] disabling MLIR crash reproducer, set env var `MLIR_CRASH_REPRODUCER_DIRECTORY` to enable.
2025-02-06 20:31:31.574134: I tensorflow/compiler/jit/xla_compilation_cache.cc:477] Compiled cluster using XLA!  This line is logged at most once for the lifetime of the process.
2025-02-06 20:31:32.276535: I tensorflow/compiler/xla/stream_executor/cuda/cuda_dnn.cc:428] Loaded cuDNN version 8600
2025-02-06 20:31:33.134366: I tensorflow/compiler/xla/stream_executor/cuda/cuda_blas.cc:630] TensorFloat-32 will be used for the matrix multiplication. This will only be logged once.
2025-02-06 20:31:33.672921: I tensorflow/compiler/xla/service/service.cc:173] XLA service 0x1533b44a37c0 initialized for platform CUDA (this does not guarantee that XLA will be used). Devices:
2025-02-06 20:31:33.672989: I tensorflow/compiler/xla/service/service.cc:181]   StreamExecutor device (0): NVIDIA A100-SXM4-40GB, Compute Capability 8.0
2025-02-06 20:31:33.672997: I tensorflow/compiler/xla/service/service.cc:181]   StreamExecutor device (1): NVIDIA A100-SXM4-40GB, Compute Capability 8.0
2025-02-06 20:31:33.673003: I tensorflow/compiler/xla/service/service.cc:181]   StreamExecutor device (2): NVIDIA A100-SXM4-40GB, Compute Capability 8.0
2025-02-06 20:31:33.673009: I tensorflow/compiler/xla/service/service.cc:181]   StreamExecutor device (3): NVIDIA A100-SXM4-40GB, Compute Capability 8.0
2025-02-06 20:31:33.689604: I tensorflow/compiler/mlir/tensorflow/utils/dump_mlir_util.cc:268] disabling MLIR crash reproducer, set env var `MLIR_CRASH_REPRODUCER_DIRECTORY` to enable.
2025-02-06 20:31:33.924235: I tensorflow/compiler/jit/xla_compilation_cache.cc:477] Compiled cluster using XLA!  This line is logged at most once for the lifetime of the process.
2025-02-06 20:31:43.194172: I tensorflow/compiler/xla/stream_executor/cuda/cuda_dnn.cc:428] Loaded cuDNN version 8600
2025-02-06 20:31:44.024681: I tensorflow/compiler/xla/stream_executor/cuda/cuda_blas.cc:630] TensorFloat-32 will be used for the matrix multiplication. This will only be logged once.
2025-02-06 20:31:44.437335: I tensorflow/compiler/xla/service/service.cc:173] XLA service 0x1511085e4ec0 initialized for platform CUDA (this does not guarantee that XLA will be used). Devices:
2025-02-06 20:31:44.437404: I tensorflow/compiler/xla/service/service.cc:181]   StreamExecutor device (0): NVIDIA A100-SXM4-40GB, Compute Capability 8.0
2025-02-06 20:31:44.437412: I tensorflow/compiler/xla/service/service.cc:181]   StreamExecutor device (1): NVIDIA A100-SXM4-40GB, Compute Capability 8.0
2025-02-06 20:31:44.437418: I tensorflow/compiler/xla/service/service.cc:181]   StreamExecutor device (2): NVIDIA A100-SXM4-40GB, Compute Capability 8.0
2025-02-06 20:31:44.437424: I tensorflow/compiler/xla/service/service.cc:181]   StreamExecutor device (3): NVIDIA A100-SXM4-40GB, Compute Capability 8.0
2025-02-06 20:31:44.455011: I tensorflow/compiler/mlir/tensorflow/utils/dump_mlir_util.cc:268] disabling MLIR crash reproducer, set env var `MLIR_CRASH_REPRODUCER_DIRECTORY` to enable.
2025-02-06 20:31:44.696901: I tensorflow/compiler/jit/xla_compilation_cache.cc:477] Compiled cluster using XLA!  This line is logged at most once for the lifetime of the process.
srun: Job 10934611 step creation temporarily disabled, retrying (Requested nodes are busy)
srun: Job 10934611 step creation temporarily disabled, retrying (Requested nodes are busy)
srun: Job 10934611 step creation still disabled, retrying (Requested nodes are busy)
srun: Job 10934611 step creation still disabled, retrying (Requested nodes are busy)
srun: Job 10934611 step creation still disabled, retrying (Requested nodes are busy)
srun: Job 10934611 step creation still disabled, retrying (Requested nodes are busy)
srun: Job 10934611 step creation still disabled, retrying (Requested nodes are busy)
srun: Job 10934611 step creation still disabled, retrying (Requested nodes are busy)
srun: Job 10934611 step creation still disabled, retrying (Requested nodes are busy)
srun: Job 10934611 step creation still disabled, retrying (Requested nodes are busy)
srun: Job 10934611 step creation still disabled, retrying (Requested nodes are busy)
srun: Job 10934611 step creation still disabled, retrying (Requested nodes are busy)
srun: Job 10934611 step creation still disabled, retrying (Requested nodes are busy)
srun: Job 10934611 step creation still disabled, retrying (Requested nodes are busy)
srun: Job 10934611 step creation still disabled, retrying (Requested nodes are busy)
srun: Job 10934611 step creation still disabled, retrying (Requested nodes are busy)
srun: Job 10934611 step creation still disabled, retrying (Requested nodes are busy)
srun: Job 10934611 step creation still disabled, retrying (Requested nodes are busy)
srun: Job 10934611 step creation still disabled, retrying (Requested nodes are busy)
srun: Job 10934611 step creation still disabled, retrying (Requested nodes are busy)
srun: Job 10934611 step creation still disabled, retrying (Requested nodes are busy)
srun: Job 10934611 step creation still disabled, retrying (Requested nodes are busy)
srun: Job 10934611 step creation still disabled, retrying (Requested nodes are busy)
srun: Job 10934611 step creation still disabled, retrying (Requested nodes are busy)
srun: Job 10934611 step creation still disabled, retrying (Requested nodes are busy)
srun: Job 10934611 step creation still disabled, retrying (Requested nodes are busy)
srun: Job 10934611 step creation still disabled, retrying (Requested nodes are busy)
srun: Job 10934611 step creation still disabled, retrying (Requested nodes are busy)
srun: Job 10934611 step creation still disabled, retrying (Requested nodes are busy)
srun: Job 10934611 step creation still disabled, retrying (Requested nodes are busy)
srun: Job 10934611 step creation still disabled, retrying (Requested nodes are busy)
srun: Job 10934611 step creation still disabled, retrying (Requested nodes are busy)
srun: Job 10934611 step creation still disabled, retrying (Requested nodes are busy)
srun: Job 10934611 step creation still disabled, retrying (Requested nodes are busy)
srun: Job 10934611 step creation still disabled, retrying (Requested nodes are busy)
srun: Job 10934611 step creation still disabled, retrying (Requested nodes are busy)
srun: Job 10934611 step creation still disabled, retrying (Requested nodes are busy)
srun: Job 10934611 step creation still disabled, retrying (Requested nodes are busy)
srun: Job 10934611 step creation still disabled, retrying (Requested nodes are busy)
srun: Job 10934611 step creation still disabled, retrying (Requested nodes are busy)
srun: Job 10934611 step creation still disabled, retrying (Requested nodes are busy)
srun: Job 10934611 step creation still disabled, retrying (Requested nodes are busy)
srun: Job 10934611 step creation still disabled, retrying (Requested nodes are busy)
srun: Job 10934611 step creation still disabled, retrying (Requested nodes are busy)
srun: Job 10934611 step creation still disabled, retrying (Requested nodes are busy)
srun: Job 10934611 step creation still disabled, retrying (Requested nodes are busy)
srun: Job 10934611 step creation still disabled, retrying (Requested nodes are busy)
srun: Step created for StepId=10934611.7
2025-02-06 21:22:40.578651: I tensorflow/core/common_runtime/gpu/gpu_device.cc:1613] Created device /job:localhost/replica:0/task:0/device:GPU:0 with 38482 MB memory:  -> device: 0, name: NVIDIA A100-SXM4-40GB, pci bus id: 0000:03:00.0, compute capability: 8.0
2025-02-06 21:22:40.581254: I tensorflow/core/common_runtime/gpu/gpu_device.cc:1613] Created device /job:localhost/replica:0/task:0/device:GPU:1 with 38482 MB memory:  -> device: 1, name: NVIDIA A100-SXM4-40GB, pci bus id: 0000:44:00.0, compute capability: 8.0
2025-02-06 21:22:40.583765: I tensorflow/core/common_runtime/gpu/gpu_device.cc:1613] Created device /job:localhost/replica:0/task:0/device:GPU:2 with 38482 MB memory:  -> device: 2, name: NVIDIA A100-SXM4-40GB, pci bus id: 0000:84:00.0, compute capability: 8.0
2025-02-06 21:22:40.585226: I tensorflow/core/common_runtime/gpu/gpu_device.cc:1613] Created device /job:localhost/replica:0/task:0/device:GPU:3 with 38482 MB memory:  -> device: 3, name: NVIDIA A100-SXM4-40GB, pci bus id: 0000:c4:00.0, compute capability: 8.0
2025-02-06 21:22:57.493256: I tensorflow/compiler/xla/stream_executor/cuda/cuda_dnn.cc:428] Loaded cuDNN version 8600
2025-02-06 21:22:58.104689: I tensorflow/compiler/xla/stream_executor/cuda/cuda_blas.cc:630] TensorFloat-32 will be used for the matrix multiplication. This will only be logged once.
2025-02-06 21:22:58.479195: I tensorflow/compiler/xla/service/service.cc:173] XLA service 0x1510073a5c70 initialized for platform CUDA (this does not guarantee that XLA will be used). Devices:
2025-02-06 21:22:58.479252: I tensorflow/compiler/xla/service/service.cc:181]   StreamExecutor device (0): NVIDIA A100-SXM4-40GB, Compute Capability 8.0
2025-02-06 21:22:58.479259: I tensorflow/compiler/xla/service/service.cc:181]   StreamExecutor device (1): NVIDIA A100-SXM4-40GB, Compute Capability 8.0
2025-02-06 21:22:58.479266: I tensorflow/compiler/xla/service/service.cc:181]   StreamExecutor device (2): NVIDIA A100-SXM4-40GB, Compute Capability 8.0
2025-02-06 21:22:58.479275: I tensorflow/compiler/xla/service/service.cc:181]   StreamExecutor device (3): NVIDIA A100-SXM4-40GB, Compute Capability 8.0
2025-02-06 21:22:58.484094: I tensorflow/compiler/mlir/tensorflow/utils/dump_mlir_util.cc:268] disabling MLIR crash reproducer, set env var `MLIR_CRASH_REPRODUCER_DIRECTORY` to enable.
2025-02-06 21:22:58.664634: I tensorflow/compiler/jit/xla_compilation_cache.cc:477] Compiled cluster using XLA!  This line is logged at most once for the lifetime of the process.
srun: Job 10934611 step creation still disabled, retrying (Requested nodes are busy)
srun: Job 10934611 step creation still disabled, retrying (Requested nodes are busy)
srun: Job 10934611 step creation still disabled, retrying (Requested nodes are busy)
srun: Job 10934611 step creation still disabled, retrying (Requested nodes are busy)
srun: Job 10934611 step creation still disabled, retrying (Requested nodes are busy)
srun: Job 10934611 step creation still disabled, retrying (Requested nodes are busy)
srun: Job 10934611 step creation still disabled, retrying (Requested nodes are busy)
srun: Job 10934611 step creation still disabled, retrying (Requested nodes are busy)
srun: Job 10934611 step creation still disabled, retrying (Requested nodes are busy)
srun: Job 10934611 step creation still disabled, retrying (Requested nodes are busy)
srun: Job 10934611 step creation still disabled, retrying (Requested nodes are busy)
srun: Job 10934611 step creation still disabled, retrying (Requested nodes are busy)
srun: Step created for StepId=10934611.8
2025-02-06 21:47:26.032653: I tensorflow/core/common_runtime/gpu/gpu_device.cc:1613] Created device /job:localhost/replica:0/task:0/device:GPU:0 with 38482 MB memory:  -> device: 0, name: NVIDIA A100-SXM4-40GB, pci bus id: 0000:03:00.0, compute capability: 8.0
2025-02-06 21:47:26.035127: I tensorflow/core/common_runtime/gpu/gpu_device.cc:1613] Created device /job:localhost/replica:0/task:0/device:GPU:1 with 38482 MB memory:  -> device: 1, name: NVIDIA A100-SXM4-40GB, pci bus id: 0000:44:00.0, compute capability: 8.0
2025-02-06 21:47:26.036617: I tensorflow/core/common_runtime/gpu/gpu_device.cc:1613] Created device /job:localhost/replica:0/task:0/device:GPU:2 with 38482 MB memory:  -> device: 2, name: NVIDIA A100-SXM4-40GB, pci bus id: 0000:84:00.0, compute capability: 8.0
2025-02-06 21:47:26.038246: I tensorflow/core/common_runtime/gpu/gpu_device.cc:1613] Created device /job:localhost/replica:0/task:0/device:GPU:3 with 38482 MB memory:  -> device: 3, name: NVIDIA A100-SXM4-40GB, pci bus id: 0000:c4:00.0, compute capability: 8.0
2025-02-06 21:47:43.108016: I tensorflow/compiler/xla/stream_executor/cuda/cuda_dnn.cc:428] Loaded cuDNN version 8600
2025-02-06 21:47:43.653652: I tensorflow/compiler/xla/stream_executor/cuda/cuda_blas.cc:630] TensorFloat-32 will be used for the matrix multiplication. This will only be logged once.
2025-02-06 21:47:43.939639: I tensorflow/compiler/xla/service/service.cc:173] XLA service 0x14f1e2ddba70 initialized for platform CUDA (this does not guarantee that XLA will be used). Devices:
2025-02-06 21:47:43.939695: I tensorflow/compiler/xla/service/service.cc:181]   StreamExecutor device (0): NVIDIA A100-SXM4-40GB, Compute Capability 8.0
2025-02-06 21:47:43.939702: I tensorflow/compiler/xla/service/service.cc:181]   StreamExecutor device (1): NVIDIA A100-SXM4-40GB, Compute Capability 8.0
2025-02-06 21:47:43.939708: I tensorflow/compiler/xla/service/service.cc:181]   StreamExecutor device (2): NVIDIA A100-SXM4-40GB, Compute Capability 8.0
2025-02-06 21:47:43.939715: I tensorflow/compiler/xla/service/service.cc:181]   StreamExecutor device (3): NVIDIA A100-SXM4-40GB, Compute Capability 8.0
2025-02-06 21:47:43.944653: I tensorflow/compiler/mlir/tensorflow/utils/dump_mlir_util.cc:268] disabling MLIR crash reproducer, set env var `MLIR_CRASH_REPRODUCER_DIRECTORY` to enable.
2025-02-06 21:47:44.125789: I tensorflow/compiler/jit/xla_compilation_cache.cc:477] Compiled cluster using XLA!  This line is logged at most once for the lifetime of the process.
