All necessary directories have been created or already exist.
No lead day provided. Using default hyperparameters - LR: 0.0001, BS: 32, DROPOUT: 0.0, UNET_TYPE: unet-l
Running DL_TRAIN.py for day02 with dropout=0, lr=0.00001, bs=2, unet_type=unet-trans-s ...
Running DL_TRAIN.py for day02 with dropout=0, lr=0.00001, bs=4, unet_type=unet-trans-s ...
Running DL_TRAIN.py for day02 with dropout=0, lr=0.00001, bs=8, unet_type=unet-trans-s ...
Running DL_TRAIN.py for day02 with dropout=0, lr=0.0001, bs=2, unet_type=unet-trans-s ...
Running DL_TRAIN.py for day02 with dropout=0, lr=0.0001, bs=4, unet_type=unet-trans-s ...
Running DL_TRAIN.py for day02 with dropout=0, lr=0.0001, bs=8, unet_type=unet-trans-s ...
Running DL_TRAIN.py for day02 with dropout=0, lr=0.001, bs=2, unet_type=unet-trans-s ...
Running DL_TRAIN.py for day02 with dropout=0, lr=0.001, bs=4, unet_type=unet-trans-s ...
Running DL_TRAIN.py for day02 with dropout=0, lr=0.001, bs=8, unet_type=unet-trans-s ...
train_data_hourly_pr_['ADAPTER_DE05.day02.merged.nc']_['ADAPTER_DE05.day01.merged.nc']_MM_1__model_only_128.256_2018-01-01T13_2022-12-31T23_no_na_land
Loading training data...
Data loaded!
mse_64_1e-05_1e-11_0.5_4_8_16_0.5_80_0.0_unet-trans-s_day02
Training the model...

Epoch 1: val_loss improved from inf to 0.00001, saving model to /p/project1/cesmtst/patakchiyousefi1/HPT/mse_64_1e-05_1e-11_0.5_4_8_16_0.5_80_0.0_unet-trans-s_day02.h5
train_data_hourly_pr_['ADAPTER_DE05.day02.merged.nc']_['ADAPTER_DE05.day01.merged.nc']_MM_1__model_only_128.256_2018-01-01T13_2022-12-31T23_no_na_land
Loading training data...
Data loaded!
mse_64_0.0001_1e-11_0.5_4_8_16_0.5_80_0.0_unet-trans-s_day02
Training the model...

Epoch 1: val_loss improved from inf to 0.15205, saving model to /p/project1/cesmtst/patakchiyousefi1/HPT/mse_64_0.0001_1e-11_0.5_4_8_16_0.5_80_0.0_unet-trans-s_day02.h5
train_data_hourly_pr_['ADAPTER_DE05.day02.merged.nc']_['ADAPTER_DE05.day01.merged.nc']_MM_1__model_only_128.256_2018-01-01T13_2022-12-31T23_no_na_land
Loading training data...
Data loaded!
mse_64_0.001_1e-11_0.5_4_8_16_0.5_80_0.0_unet-trans-s_day02
Training the model...

Epoch 1: val_loss improved from inf to 0.15205, saving model to /p/project1/cesmtst/patakchiyousefi1/HPT/mse_64_0.001_1e-11_0.5_4_8_16_0.5_80_0.0_unet-trans-s_day02.h5
train_data_hourly_pr_['ADAPTER_DE05.day02.merged.nc']_['ADAPTER_DE05.day01.merged.nc']_MM_1__model_only_128.256_2018-01-01T13_2022-12-31T23_no_na_land
Loading training data...
Data loaded!
mse_64_1e-05_1e-11_0.5_4_4_16_0.5_80_0.0_unet-trans-s_day02
Training the model...

Epoch 1: val_loss improved from inf to 0.00001, saving model to /p/project1/cesmtst/patakchiyousefi1/HPT/mse_64_1e-05_1e-11_0.5_4_4_16_0.5_80_0.0_unet-trans-s_day02.h5
train_data_hourly_pr_['ADAPTER_DE05.day02.merged.nc']_['ADAPTER_DE05.day01.merged.nc']_MM_1__model_only_128.256_2018-01-01T13_2022-12-31T23_no_na_land
Loading training data...
Data loaded!
mse_64_0.0001_1e-11_0.5_4_4_16_0.5_80_0.0_unet-trans-s_day02
Training the model...

Epoch 1: val_loss improved from inf to 0.15149, saving model to /p/project1/cesmtst/patakchiyousefi1/HPT/mse_64_0.0001_1e-11_0.5_4_4_16_0.5_80_0.0_unet-trans-s_day02.h5
train_data_hourly_pr_['ADAPTER_DE05.day02.merged.nc']_['ADAPTER_DE05.day01.merged.nc']_MM_1__model_only_128.256_2018-01-01T13_2022-12-31T23_no_na_land
Loading training data...
Data loaded!
mse_64_0.001_1e-11_0.5_4_4_16_0.5_80_0.0_unet-trans-s_day02
Training the model...

Epoch 1: val_loss improved from inf to 0.15205, saving model to /p/project1/cesmtst/patakchiyousefi1/HPT/mse_64_0.001_1e-11_0.5_4_4_16_0.5_80_0.0_unet-trans-s_day02.h5
train_data_hourly_pr_['ADAPTER_DE05.day02.merged.nc']_['ADAPTER_DE05.day01.merged.nc']_MM_1__model_only_128.256_2018-01-01T13_2022-12-31T23_no_na_land
Loading training data...
Data loaded!
mse_64_0.0001_1e-11_0.5_4_2_16_0.5_80_0.0_unet-trans-s_day02
Training the model...

Epoch 1: val_loss improved from inf to 0.15205, saving model to /p/project1/cesmtst/patakchiyousefi1/HPT/mse_64_0.0001_1e-11_0.5_4_2_16_0.5_80_0.0_unet-trans-s_day02.h5
train_data_hourly_pr_['ADAPTER_DE05.day02.merged.nc']_['ADAPTER_DE05.day01.merged.nc']_MM_1__model_only_128.256_2018-01-01T13_2022-12-31T23_no_na_land
Loading training data...
Data loaded!
mse_64_1e-05_1e-11_0.5_4_2_16_0.5_80_0.0_unet-trans-s_day02
Training the model...

Epoch 1: val_loss improved from inf to 0.00001, saving model to /p/project1/cesmtst/patakchiyousefi1/HPT/mse_64_1e-05_1e-11_0.5_4_2_16_0.5_80_0.0_unet-trans-s_day02.h5
train_data_hourly_pr_['ADAPTER_DE05.day02.merged.nc']_['ADAPTER_DE05.day01.merged.nc']_MM_1__model_only_128.256_2018-01-01T13_2022-12-31T23_no_na_land
Loading training data...
Data loaded!
mse_64_0.001_1e-11_0.5_4_2_16_0.5_80_0.0_unet-trans-s_day02
Training the model...

Epoch 1: val_loss improved from inf to 0.15205, saving model to /p/project1/cesmtst/patakchiyousefi1/HPT/mse_64_0.001_1e-11_0.5_4_2_16_0.5_80_0.0_unet-trans-s_day02.h5

Epoch 2: val_loss improved from 0.00001 to 0.00001, saving model to /p/project1/cesmtst/patakchiyousefi1/HPT/mse_64_1e-05_1e-11_0.5_4_8_16_0.5_80_0.0_unet-trans-s_day02.h5

Epoch 2: val_loss did not improve from 0.15205

Epoch 2: val_loss did not improve from 0.15205

Epoch 2: val_loss did not improve from 0.15149

Epoch 2: val_loss did not improve from 0.15205

Epoch 2: val_loss did not improve from 0.00001

Epoch 2: val_loss did not improve from 0.15205

Epoch 2: val_loss did not improve from 0.00001

Epoch 2: val_loss did not improve from 0.15205

Epoch 3: val_loss improved from 0.00001 to 0.00001, saving model to /p/project1/cesmtst/patakchiyousefi1/HPT/mse_64_1e-05_1e-11_0.5_4_8_16_0.5_80_0.0_unet-trans-s_day02.h5

Epoch 3: val_loss did not improve from 0.15205

Epoch 3: val_loss did not improve from 0.15205

Epoch 3: val_loss did not improve from 0.15149

Epoch 3: val_loss did not improve from 0.15205

Epoch 3: val_loss improved from 0.00001 to 0.00001, saving model to /p/project1/cesmtst/patakchiyousefi1/HPT/mse_64_1e-05_1e-11_0.5_4_4_16_0.5_80_0.0_unet-trans-s_day02.h5

Epoch 4: val_loss did not improve from 0.15205

Epoch 4: val_loss improved from 0.00001 to 0.00001, saving model to /p/project1/cesmtst/patakchiyousefi1/HPT/mse_64_1e-05_1e-11_0.5_4_8_16_0.5_80_0.0_unet-trans-s_day02.h5

Epoch 4: val_loss did not improve from 0.15205

Epoch 3: val_loss did not improve from 0.15205

Epoch 3: val_loss did not improve from 0.00001

Epoch 3: val_loss did not improve from 0.15205

Epoch 4: val_loss did not improve from 0.15149

Epoch 4: val_loss did not improve from 0.15205

Epoch 4: val_loss improved from 0.00001 to 0.00001, saving model to /p/project1/cesmtst/patakchiyousefi1/HPT/mse_64_1e-05_1e-11_0.5_4_4_16_0.5_80_0.0_unet-trans-s_day02.h5

Epoch 5: val_loss did not improve from 0.15205

Epoch 5: val_loss improved from 0.00001 to 0.00001, saving model to /p/project1/cesmtst/patakchiyousefi1/HPT/mse_64_1e-05_1e-11_0.5_4_8_16_0.5_80_0.0_unet-trans-s_day02.h5

Epoch 5: val_loss did not improve from 0.15205

Epoch 5: val_loss did not improve from 0.15149

Epoch 5: val_loss did not improve from 0.15205

Epoch 4: val_loss did not improve from 0.15205

Epoch 5: val_loss did not improve from 0.00001

Epoch 4: val_loss did not improve from 0.15205

Epoch 4: val_loss did not improve from 0.00001

Epoch 6: val_loss did not improve from 0.15205

Epoch 6: val_loss did not improve from 0.00001

Epoch 6: val_loss did not improve from 0.15205

Epoch 6: val_loss did not improve from 0.15149

Epoch 6: val_loss did not improve from 0.15205

Epoch 6: val_loss did not improve from 0.00001

Epoch 7: val_loss did not improve from 0.15205

Epoch 7: val_loss did not improve from 0.00001

Epoch 5: val_loss did not improve from 0.15205

Epoch 7: val_loss did not improve from 0.15205

Epoch 5: val_loss did not improve from 0.15205

Epoch 5: val_loss did not improve from 0.00001

Epoch 8: val_loss did not improve from 0.15205

Epoch 7: val_loss did not improve from 0.15149

Epoch 7: val_loss did not improve from 0.15205

Epoch 7: val_loss improved from 0.00001 to 0.00001, saving model to /p/project1/cesmtst/patakchiyousefi1/HPT/mse_64_1e-05_1e-11_0.5_4_4_16_0.5_80_0.0_unet-trans-s_day02.h5

Epoch 8: val_loss did not improve from 0.00001

Epoch 8: val_loss did not improve from 0.15205

Epoch 6: val_loss did not improve from 0.15205

Epoch 9: val_loss did not improve from 0.15205

Epoch 6: val_loss did not improve from 0.00001

Epoch 6: val_loss did not improve from 0.15205

Epoch 9: val_loss did not improve from 0.00001

Epoch 8: val_loss did not improve from 0.15205

Epoch 8: val_loss did not improve from 0.15149

Epoch 8: val_loss did not improve from 0.00001

Epoch 9: val_loss did not improve from 0.15205

Epoch 10: val_loss did not improve from 0.15205

Epoch 7: val_loss did not improve from 0.15205

Epoch 10: val_loss did not improve from 0.00001

Epoch 9: val_loss did not improve from 0.15205

Epoch 9: val_loss did not improve from 0.15149

Epoch 10: val_loss did not improve from 0.15205

Epoch 9: val_loss improved from 0.00001 to 0.00001, saving model to /p/project1/cesmtst/patakchiyousefi1/HPT/mse_64_1e-05_1e-11_0.5_4_4_16_0.5_80_0.0_unet-trans-s_day02.h5

Epoch 7: val_loss did not improve from 0.00001

Epoch 7: val_loss did not improve from 0.15205

Epoch 11: val_loss did not improve from 0.15205

Epoch 11: val_loss did not improve from 0.00001

Epoch 11: val_loss did not improve from 0.15205

Epoch 10: val_loss did not improve from 0.15205

Epoch 10: val_loss did not improve from 0.15149

Epoch 8: val_loss did not improve from 0.15205

Epoch 10: val_loss did not improve from 0.00001

Epoch 12: val_loss did not improve from 0.15205

Epoch 8: val_loss did not improve from 0.15205

Epoch 8: val_loss did not improve from 0.00001

Epoch 12: val_loss improved from 0.00001 to 0.00001, saving model to /p/project1/cesmtst/patakchiyousefi1/HPT/mse_64_1e-05_1e-11_0.5_4_8_16_0.5_80_0.0_unet-trans-s_day02.h5

Epoch 12: val_loss did not improve from 0.15205

Epoch 11: val_loss did not improve from 0.15205

Epoch 11: val_loss did not improve from 0.15149

Epoch 11: val_loss did not improve from 0.00001

Epoch 13: val_loss did not improve from 0.15205

Epoch 9: val_loss did not improve from 0.15205

Epoch 13: val_loss did not improve from 0.00001

Epoch 9: val_loss did not improve from 0.15205

Epoch 13: val_loss did not improve from 0.15205

Epoch 9: val_loss improved from 0.00001 to 0.00001, saving model to /p/project1/cesmtst/patakchiyousefi1/HPT/mse_64_1e-05_1e-11_0.5_4_2_16_0.5_80_0.0_unet-trans-s_day02.h5

Epoch 12: val_loss did not improve from 0.15205

Epoch 12: val_loss did not improve from 0.15149

Epoch 14: val_loss did not improve from 0.15205

Epoch 12: val_loss did not improve from 0.00001

Epoch 14: val_loss did not improve from 0.00001

Epoch 14: val_loss did not improve from 0.15205

Epoch 10: val_loss did not improve from 0.15205

Epoch 13: val_loss did not improve from 0.15205

Epoch 15: val_loss did not improve from 0.15205

Epoch 10: val_loss did not improve from 0.15205

Epoch 13: val_loss did not improve from 0.15149

Epoch 15: val_loss did not improve from 0.00001

Epoch 13: val_loss did not improve from 0.00001

Epoch 10: val_loss improved from 0.00001 to 0.00001, saving model to /p/project1/cesmtst/patakchiyousefi1/HPT/mse_64_1e-05_1e-11_0.5_4_2_16_0.5_80_0.0_unet-trans-s_day02.h5

Epoch 15: val_loss did not improve from 0.15205

Epoch 16: val_loss did not improve from 0.15205

Epoch 14: val_loss did not improve from 0.15205

Epoch 11: val_loss did not improve from 0.15205

Epoch 16: val_loss did not improve from 0.00001

Epoch 14: val_loss did not improve from 0.15149

Epoch 14: val_loss did not improve from 0.00001

Epoch 11: val_loss did not improve from 0.15205

Epoch 16: val_loss did not improve from 0.15205

Epoch 11: val_loss did not improve from 0.00001

Epoch 17: val_loss did not improve from 0.15205
Saving and plotting the results...

Epoch 15: val_loss did not improve from 0.15205

Epoch 17: val_loss did not improve from 0.00001

Epoch 15: val_loss did not improve from 0.15149

Epoch 12: val_loss did not improve from 0.15205

Epoch 17: val_loss did not improve from 0.15205
Saving and plotting the results...

Epoch 15: val_loss did not improve from 0.00001

Epoch 12: val_loss did not improve from 0.15205

Epoch 18: val_loss did not improve from 0.00001

Epoch 16: val_loss did not improve from 0.15205

Epoch 12: val_loss did not improve from 0.00001

Epoch 16: val_loss did not improve from 0.15149

Epoch 16: val_loss did not improve from 0.00001

Epoch 13: val_loss did not improve from 0.15205

Epoch 19: val_loss did not improve from 0.00001

Epoch 13: val_loss did not improve from 0.15205

Epoch 17: val_loss did not improve from 0.15205
Saving and plotting the results...

Epoch 17: val_loss did not improve from 0.15149
Saving and plotting the results...

Epoch 13: val_loss did not improve from 0.00001

Epoch 17: val_loss did not improve from 0.00001

Epoch 20: val_loss did not improve from 0.00001

Epoch 14: val_loss did not improve from 0.15205

Epoch 14: val_loss did not improve from 0.15205

Epoch 18: val_loss improved from 0.00001 to 0.00001, saving model to /p/project1/cesmtst/patakchiyousefi1/HPT/mse_64_1e-05_1e-11_0.5_4_4_16_0.5_80_0.0_unet-trans-s_day02.h5

Epoch 21: val_loss improved from 0.00001 to 0.00001, saving model to /p/project1/cesmtst/patakchiyousefi1/HPT/mse_64_1e-05_1e-11_0.5_4_8_16_0.5_80_0.0_unet-trans-s_day02.h5

Epoch 14: val_loss did not improve from 0.00001

Epoch 15: val_loss did not improve from 0.15205

Epoch 22: val_loss did not improve from 0.00001

Epoch 19: val_loss did not improve from 0.00001

Epoch 15: val_loss did not improve from 0.15205

Epoch 15: val_loss did not improve from 0.00001

Epoch 23: val_loss did not improve from 0.00001

Epoch 20: val_loss did not improve from 0.00001

Epoch 16: val_loss did not improve from 0.15205

Epoch 16: val_loss did not improve from 0.15205

Epoch 24: val_loss did not improve from 0.00001

Epoch 21: val_loss improved from 0.00001 to 0.00001, saving model to /p/project1/cesmtst/patakchiyousefi1/HPT/mse_64_1e-05_1e-11_0.5_4_4_16_0.5_80_0.0_unet-trans-s_day02.h5

Epoch 16: val_loss did not improve from 0.00001

Epoch 17: val_loss did not improve from 0.15205
Saving and plotting the results...

Epoch 25: val_loss improved from 0.00001 to 0.00001, saving model to /p/project1/cesmtst/patakchiyousefi1/HPT/mse_64_1e-05_1e-11_0.5_4_8_16_0.5_80_0.0_unet-trans-s_day02.h5

Epoch 17: val_loss did not improve from 0.15205
Saving and plotting the results...

Epoch 22: val_loss improved from 0.00001 to 0.00001, saving model to /p/project1/cesmtst/patakchiyousefi1/HPT/mse_64_1e-05_1e-11_0.5_4_4_16_0.5_80_0.0_unet-trans-s_day02.h5

Epoch 17: val_loss did not improve from 0.00001

Epoch 26: val_loss did not improve from 0.00001

Epoch 23: val_loss did not improve from 0.00001

Epoch 27: val_loss did not improve from 0.00001

Epoch 18: val_loss did not improve from 0.00001

Epoch 24: val_loss did not improve from 0.00001

Epoch 28: val_loss did not improve from 0.00001

Epoch 19: val_loss did not improve from 0.00001

Epoch 25: val_loss improved from 0.00001 to 0.00001, saving model to /p/project1/cesmtst/patakchiyousefi1/HPT/mse_64_1e-05_1e-11_0.5_4_4_16_0.5_80_0.0_unet-trans-s_day02.h5

Epoch 29: val_loss did not improve from 0.00001

Epoch 30: val_loss improved from 0.00001 to 0.00001, saving model to /p/project1/cesmtst/patakchiyousefi1/HPT/mse_64_1e-05_1e-11_0.5_4_8_16_0.5_80_0.0_unet-trans-s_day02.h5

Epoch 26: val_loss did not improve from 0.00001

Epoch 20: val_loss did not improve from 0.00001

Epoch 31: val_loss improved from 0.00001 to 0.00001, saving model to /p/project1/cesmtst/patakchiyousefi1/HPT/mse_64_1e-05_1e-11_0.5_4_8_16_0.5_80_0.0_unet-trans-s_day02.h5

Epoch 27: val_loss did not improve from 0.00001

Epoch 21: val_loss did not improve from 0.00001

Epoch 32: val_loss improved from 0.00001 to 0.00001, saving model to /p/project1/cesmtst/patakchiyousefi1/HPT/mse_64_1e-05_1e-11_0.5_4_8_16_0.5_80_0.0_unet-trans-s_day02.h5

Epoch 28: val_loss did not improve from 0.00001

Epoch 33: val_loss improved from 0.00001 to 0.00001, saving model to /p/project1/cesmtst/patakchiyousefi1/HPT/mse_64_1e-05_1e-11_0.5_4_8_16_0.5_80_0.0_unet-trans-s_day02.h5

Epoch 22: val_loss did not improve from 0.00001

Epoch 29: val_loss did not improve from 0.00001

Epoch 34: val_loss improved from 0.00001 to 0.00001, saving model to /p/project1/cesmtst/patakchiyousefi1/HPT/mse_64_1e-05_1e-11_0.5_4_8_16_0.5_80_0.0_unet-trans-s_day02.h5

Epoch 30: val_loss did not improve from 0.00001

Epoch 23: val_loss improved from 0.00001 to 0.00001, saving model to /p/project1/cesmtst/patakchiyousefi1/HPT/mse_64_1e-05_1e-11_0.5_4_2_16_0.5_80_0.0_unet-trans-s_day02.h5

Epoch 35: val_loss did not improve from 0.00001

Epoch 31: val_loss did not improve from 0.00001

Epoch 36: val_loss improved from 0.00001 to 0.00001, saving model to /p/project1/cesmtst/patakchiyousefi1/HPT/mse_64_1e-05_1e-11_0.5_4_8_16_0.5_80_0.0_unet-trans-s_day02.h5

Epoch 24: val_loss improved from 0.00001 to 0.00001, saving model to /p/project1/cesmtst/patakchiyousefi1/HPT/mse_64_1e-05_1e-11_0.5_4_2_16_0.5_80_0.0_unet-trans-s_day02.h5

Epoch 32: val_loss did not improve from 0.00001

Epoch 37: val_loss improved from 0.00001 to 0.00001, saving model to /p/project1/cesmtst/patakchiyousefi1/HPT/mse_64_1e-05_1e-11_0.5_4_8_16_0.5_80_0.0_unet-trans-s_day02.h5

Epoch 33: val_loss did not improve from 0.00001

Epoch 25: val_loss improved from 0.00001 to 0.00001, saving model to /p/project1/cesmtst/patakchiyousefi1/HPT/mse_64_1e-05_1e-11_0.5_4_2_16_0.5_80_0.0_unet-trans-s_day02.h5

Epoch 38: val_loss did not improve from 0.00001

Epoch 34: val_loss improved from 0.00001 to 0.00001, saving model to /p/project1/cesmtst/patakchiyousefi1/HPT/mse_64_1e-05_1e-11_0.5_4_4_16_0.5_80_0.0_unet-trans-s_day02.h5

Epoch 39: val_loss improved from 0.00001 to 0.00001, saving model to /p/project1/cesmtst/patakchiyousefi1/HPT/mse_64_1e-05_1e-11_0.5_4_8_16_0.5_80_0.0_unet-trans-s_day02.h5

Epoch 26: val_loss did not improve from 0.00001

Epoch 40: val_loss improved from 0.00001 to 0.00001, saving model to /p/project1/cesmtst/patakchiyousefi1/HPT/mse_64_1e-05_1e-11_0.5_4_8_16_0.5_80_0.0_unet-trans-s_day02.h5

Epoch 35: val_loss did not improve from 0.00001

Epoch 27: val_loss improved from 0.00001 to 0.00001, saving model to /p/project1/cesmtst/patakchiyousefi1/HPT/mse_64_1e-05_1e-11_0.5_4_2_16_0.5_80_0.0_unet-trans-s_day02.h5

Epoch 41: val_loss improved from 0.00001 to 0.00001, saving model to /p/project1/cesmtst/patakchiyousefi1/HPT/mse_64_1e-05_1e-11_0.5_4_8_16_0.5_80_0.0_unet-trans-s_day02.h5

Epoch 36: val_loss improved from 0.00001 to 0.00001, saving model to /p/project1/cesmtst/patakchiyousefi1/HPT/mse_64_1e-05_1e-11_0.5_4_4_16_0.5_80_0.0_unet-trans-s_day02.h5

Epoch 42: val_loss improved from 0.00001 to 0.00001, saving model to /p/project1/cesmtst/patakchiyousefi1/HPT/mse_64_1e-05_1e-11_0.5_4_8_16_0.5_80_0.0_unet-trans-s_day02.h5

Epoch 37: val_loss improved from 0.00001 to 0.00001, saving model to /p/project1/cesmtst/patakchiyousefi1/HPT/mse_64_1e-05_1e-11_0.5_4_4_16_0.5_80_0.0_unet-trans-s_day02.h5

Epoch 28: val_loss did not improve from 0.00001

Epoch 43: val_loss did not improve from 0.00001

Epoch 38: val_loss did not improve from 0.00001

Epoch 29: val_loss did not improve from 0.00001

Epoch 44: val_loss improved from 0.00001 to 0.00001, saving model to /p/project1/cesmtst/patakchiyousefi1/HPT/mse_64_1e-05_1e-11_0.5_4_8_16_0.5_80_0.0_unet-trans-s_day02.h5

Epoch 39: val_loss did not improve from 0.00001

Epoch 45: val_loss improved from 0.00001 to 0.00001, saving model to /p/project1/cesmtst/patakchiyousefi1/HPT/mse_64_1e-05_1e-11_0.5_4_8_16_0.5_80_0.0_unet-trans-s_day02.h5

Epoch 30: val_loss did not improve from 0.00001

Epoch 40: val_loss did not improve from 0.00001

Epoch 46: val_loss did not improve from 0.00001

Epoch 31: val_loss improved from 0.00001 to 0.00001, saving model to /p/project1/cesmtst/patakchiyousefi1/HPT/mse_64_1e-05_1e-11_0.5_4_2_16_0.5_80_0.0_unet-trans-s_day02.h5

Epoch 41: val_loss improved from 0.00001 to 0.00001, saving model to /p/project1/cesmtst/patakchiyousefi1/HPT/mse_64_1e-05_1e-11_0.5_4_4_16_0.5_80_0.0_unet-trans-s_day02.h5

Epoch 47: val_loss improved from 0.00001 to 0.00001, saving model to /p/project1/cesmtst/patakchiyousefi1/HPT/mse_64_1e-05_1e-11_0.5_4_8_16_0.5_80_0.0_unet-trans-s_day02.h5

Epoch 42: val_loss did not improve from 0.00001

Epoch 48: val_loss did not improve from 0.00001

Epoch 32: val_loss improved from 0.00001 to 0.00001, saving model to /p/project1/cesmtst/patakchiyousefi1/HPT/mse_64_1e-05_1e-11_0.5_4_2_16_0.5_80_0.0_unet-trans-s_day02.h5

Epoch 49: val_loss did not improve from 0.00001

Epoch 43: val_loss did not improve from 0.00001

Epoch 33: val_loss did not improve from 0.00001

Epoch 50: val_loss did not improve from 0.00001

Epoch 44: val_loss did not improve from 0.00001

Epoch 51: val_loss improved from 0.00001 to 0.00001, saving model to /p/project1/cesmtst/patakchiyousefi1/HPT/mse_64_1e-05_1e-11_0.5_4_8_16_0.5_80_0.0_unet-trans-s_day02.h5

Epoch 34: val_loss improved from 0.00001 to 0.00001, saving model to /p/project1/cesmtst/patakchiyousefi1/HPT/mse_64_1e-05_1e-11_0.5_4_2_16_0.5_80_0.0_unet-trans-s_day02.h5

Epoch 45: val_loss did not improve from 0.00001

Epoch 52: val_loss improved from 0.00001 to 0.00001, saving model to /p/project1/cesmtst/patakchiyousefi1/HPT/mse_64_1e-05_1e-11_0.5_4_8_16_0.5_80_0.0_unet-trans-s_day02.h5

Epoch 46: val_loss improved from 0.00001 to 0.00001, saving model to /p/project1/cesmtst/patakchiyousefi1/HPT/mse_64_1e-05_1e-11_0.5_4_4_16_0.5_80_0.0_unet-trans-s_day02.h5

Epoch 35: val_loss did not improve from 0.00001

Epoch 53: val_loss improved from 0.00001 to 0.00001, saving model to /p/project1/cesmtst/patakchiyousefi1/HPT/mse_64_1e-05_1e-11_0.5_4_8_16_0.5_80_0.0_unet-trans-s_day02.h5

Epoch 47: val_loss improved from 0.00001 to 0.00001, saving model to /p/project1/cesmtst/patakchiyousefi1/HPT/mse_64_1e-05_1e-11_0.5_4_4_16_0.5_80_0.0_unet-trans-s_day02.h5

Epoch 54: val_loss improved from 0.00001 to 0.00001, saving model to /p/project1/cesmtst/patakchiyousefi1/HPT/mse_64_1e-05_1e-11_0.5_4_8_16_0.5_80_0.0_unet-trans-s_day02.h5

Epoch 36: val_loss did not improve from 0.00001

Epoch 48: val_loss did not improve from 0.00001

Epoch 55: val_loss improved from 0.00001 to 0.00001, saving model to /p/project1/cesmtst/patakchiyousefi1/HPT/mse_64_1e-05_1e-11_0.5_4_8_16_0.5_80_0.0_unet-trans-s_day02.h5

Epoch 37: val_loss improved from 0.00001 to 0.00001, saving model to /p/project1/cesmtst/patakchiyousefi1/HPT/mse_64_1e-05_1e-11_0.5_4_2_16_0.5_80_0.0_unet-trans-s_day02.h5

Epoch 49: val_loss did not improve from 0.00001

Epoch 56: val_loss improved from 0.00001 to 0.00001, saving model to /p/project1/cesmtst/patakchiyousefi1/HPT/mse_64_1e-05_1e-11_0.5_4_8_16_0.5_80_0.0_unet-trans-s_day02.h5

Epoch 50: val_loss did not improve from 0.00001

Epoch 57: val_loss improved from 0.00001 to 0.00001, saving model to /p/project1/cesmtst/patakchiyousefi1/HPT/mse_64_1e-05_1e-11_0.5_4_8_16_0.5_80_0.0_unet-trans-s_day02.h5

Epoch 38: val_loss did not improve from 0.00001

Epoch 51: val_loss did not improve from 0.00001

Epoch 58: val_loss did not improve from 0.00001

Epoch 39: val_loss improved from 0.00001 to 0.00001, saving model to /p/project1/cesmtst/patakchiyousefi1/HPT/mse_64_1e-05_1e-11_0.5_4_2_16_0.5_80_0.0_unet-trans-s_day02.h5

Epoch 59: val_loss improved from 0.00001 to 0.00001, saving model to /p/project1/cesmtst/patakchiyousefi1/HPT/mse_64_1e-05_1e-11_0.5_4_8_16_0.5_80_0.0_unet-trans-s_day02.h5

Epoch 52: val_loss improved from 0.00001 to 0.00001, saving model to /p/project1/cesmtst/patakchiyousefi1/HPT/mse_64_1e-05_1e-11_0.5_4_4_16_0.5_80_0.0_unet-trans-s_day02.h5

Epoch 40: val_loss did not improve from 0.00001

Epoch 60: val_loss improved from 0.00001 to 0.00001, saving model to /p/project1/cesmtst/patakchiyousefi1/HPT/mse_64_1e-05_1e-11_0.5_4_8_16_0.5_80_0.0_unet-trans-s_day02.h5

Epoch 53: val_loss did not improve from 0.00001

Epoch 61: val_loss did not improve from 0.00001

Epoch 54: val_loss improved from 0.00001 to 0.00001, saving model to /p/project1/cesmtst/patakchiyousefi1/HPT/mse_64_1e-05_1e-11_0.5_4_4_16_0.5_80_0.0_unet-trans-s_day02.h5

Epoch 41: val_loss improved from 0.00001 to 0.00001, saving model to /p/project1/cesmtst/patakchiyousefi1/HPT/mse_64_1e-05_1e-11_0.5_4_2_16_0.5_80_0.0_unet-trans-s_day02.h5

Epoch 62: val_loss did not improve from 0.00001

Epoch 55: val_loss improved from 0.00001 to 0.00001, saving model to /p/project1/cesmtst/patakchiyousefi1/HPT/mse_64_1e-05_1e-11_0.5_4_4_16_0.5_80_0.0_unet-trans-s_day02.h5

Epoch 42: val_loss improved from 0.00001 to 0.00001, saving model to /p/project1/cesmtst/patakchiyousefi1/HPT/mse_64_1e-05_1e-11_0.5_4_2_16_0.5_80_0.0_unet-trans-s_day02.h5

Epoch 63: val_loss did not improve from 0.00001

Epoch 56: val_loss did not improve from 0.00001

Epoch 64: val_loss improved from 0.00001 to 0.00001, saving model to /p/project1/cesmtst/patakchiyousefi1/HPT/mse_64_1e-05_1e-11_0.5_4_8_16_0.5_80_0.0_unet-trans-s_day02.h5

Epoch 43: val_loss did not improve from 0.00001

Epoch 57: val_loss improved from 0.00001 to 0.00001, saving model to /p/project1/cesmtst/patakchiyousefi1/HPT/mse_64_1e-05_1e-11_0.5_4_4_16_0.5_80_0.0_unet-trans-s_day02.h5

Epoch 65: val_loss improved from 0.00001 to 0.00001, saving model to /p/project1/cesmtst/patakchiyousefi1/HPT/mse_64_1e-05_1e-11_0.5_4_8_16_0.5_80_0.0_unet-trans-s_day02.h5

Epoch 44: val_loss did not improve from 0.00001

Epoch 58: val_loss improved from 0.00001 to 0.00001, saving model to /p/project1/cesmtst/patakchiyousefi1/HPT/mse_64_1e-05_1e-11_0.5_4_4_16_0.5_80_0.0_unet-trans-s_day02.h5

Epoch 66: val_loss did not improve from 0.00001

Epoch 67: val_loss improved from 0.00001 to 0.00001, saving model to /p/project1/cesmtst/patakchiyousefi1/HPT/mse_64_1e-05_1e-11_0.5_4_8_16_0.5_80_0.0_unet-trans-s_day02.h5

Epoch 59: val_loss did not improve from 0.00001

Epoch 45: val_loss improved from 0.00001 to 0.00001, saving model to /p/project1/cesmtst/patakchiyousefi1/HPT/mse_64_1e-05_1e-11_0.5_4_2_16_0.5_80_0.0_unet-trans-s_day02.h5

Epoch 68: val_loss improved from 0.00001 to 0.00001, saving model to /p/project1/cesmtst/patakchiyousefi1/HPT/mse_64_1e-05_1e-11_0.5_4_8_16_0.5_80_0.0_unet-trans-s_day02.h5

Epoch 60: val_loss did not improve from 0.00001

Epoch 46: val_loss did not improve from 0.00001

Epoch 69: val_loss did not improve from 0.00001

Epoch 61: val_loss did not improve from 0.00001

Epoch 70: val_loss improved from 0.00001 to 0.00001, saving model to /p/project1/cesmtst/patakchiyousefi1/HPT/mse_64_1e-05_1e-11_0.5_4_8_16_0.5_80_0.0_unet-trans-s_day02.h5

Epoch 47: val_loss did not improve from 0.00001

Epoch 62: val_loss did not improve from 0.00001

Epoch 71: val_loss did not improve from 0.00001

Epoch 63: val_loss did not improve from 0.00001

Epoch 48: val_loss did not improve from 0.00001

Epoch 72: val_loss improved from 0.00001 to 0.00001, saving model to /p/project1/cesmtst/patakchiyousefi1/HPT/mse_64_1e-05_1e-11_0.5_4_8_16_0.5_80_0.0_unet-trans-s_day02.h5

Epoch 64: val_loss did not improve from 0.00001

Epoch 49: val_loss did not improve from 0.00001

Epoch 73: val_loss did not improve from 0.00001

Epoch 65: val_loss did not improve from 0.00001

Epoch 74: val_loss did not improve from 0.00001

Epoch 50: val_loss did not improve from 0.00001

Epoch 66: val_loss did not improve from 0.00001

Epoch 75: val_loss improved from 0.00001 to 0.00001, saving model to /p/project1/cesmtst/patakchiyousefi1/HPT/mse_64_1e-05_1e-11_0.5_4_8_16_0.5_80_0.0_unet-trans-s_day02.h5

Epoch 51: val_loss did not improve from 0.00001

Epoch 67: val_loss did not improve from 0.00001

Epoch 76: val_loss did not improve from 0.00001

Epoch 77: val_loss improved from 0.00001 to 0.00001, saving model to /p/project1/cesmtst/patakchiyousefi1/HPT/mse_64_1e-05_1e-11_0.5_4_8_16_0.5_80_0.0_unet-trans-s_day02.h5

Epoch 68: val_loss did not improve from 0.00001

Epoch 52: val_loss did not improve from 0.00001

Epoch 78: val_loss did not improve from 0.00001

Epoch 69: val_loss did not improve from 0.00001

Epoch 53: val_loss did not improve from 0.00001

Epoch 79: val_loss improved from 0.00001 to 0.00001, saving model to /p/project1/cesmtst/patakchiyousefi1/HPT/mse_64_1e-05_1e-11_0.5_4_8_16_0.5_80_0.0_unet-trans-s_day02.h5

Epoch 70: val_loss did not improve from 0.00001

Epoch 80: val_loss did not improve from 0.00001
Saving and plotting the results...

Epoch 54: val_loss improved from 0.00001 to 0.00001, saving model to /p/project1/cesmtst/patakchiyousefi1/HPT/mse_64_1e-05_1e-11_0.5_4_2_16_0.5_80_0.0_unet-trans-s_day02.h5

Epoch 71: val_loss did not improve from 0.00001

Epoch 72: val_loss improved from 0.00001 to 0.00001, saving model to /p/project1/cesmtst/patakchiyousefi1/HPT/mse_64_1e-05_1e-11_0.5_4_4_16_0.5_80_0.0_unet-trans-s_day02.h5

Epoch 55: val_loss improved from 0.00001 to 0.00001, saving model to /p/project1/cesmtst/patakchiyousefi1/HPT/mse_64_1e-05_1e-11_0.5_4_2_16_0.5_80_0.0_unet-trans-s_day02.h5

Epoch 73: val_loss did not improve from 0.00001

Epoch 56: val_loss improved from 0.00001 to 0.00001, saving model to /p/project1/cesmtst/patakchiyousefi1/HPT/mse_64_1e-05_1e-11_0.5_4_2_16_0.5_80_0.0_unet-trans-s_day02.h5

Epoch 74: val_loss did not improve from 0.00001

Epoch 57: val_loss improved from 0.00001 to 0.00001, saving model to /p/project1/cesmtst/patakchiyousefi1/HPT/mse_64_1e-05_1e-11_0.5_4_2_16_0.5_80_0.0_unet-trans-s_day02.h5

Epoch 75: val_loss did not improve from 0.00001

Epoch 76: val_loss did not improve from 0.00001

Epoch 58: val_loss improved from 0.00001 to 0.00001, saving model to /p/project1/cesmtst/patakchiyousefi1/HPT/mse_64_1e-05_1e-11_0.5_4_2_16_0.5_80_0.0_unet-trans-s_day02.h5

Epoch 77: val_loss improved from 0.00001 to 0.00001, saving model to /p/project1/cesmtst/patakchiyousefi1/HPT/mse_64_1e-05_1e-11_0.5_4_4_16_0.5_80_0.0_unet-trans-s_day02.h5

Epoch 59: val_loss did not improve from 0.00001

Epoch 78: val_loss did not improve from 0.00001

Epoch 60: val_loss improved from 0.00001 to 0.00001, saving model to /p/project1/cesmtst/patakchiyousefi1/HPT/mse_64_1e-05_1e-11_0.5_4_2_16_0.5_80_0.0_unet-trans-s_day02.h5

Epoch 79: val_loss did not improve from 0.00001

Epoch 80: val_loss did not improve from 0.00001
Saving and plotting the results...

Epoch 61: val_loss improved from 0.00001 to 0.00001, saving model to /p/project1/cesmtst/patakchiyousefi1/HPT/mse_64_1e-05_1e-11_0.5_4_2_16_0.5_80_0.0_unet-trans-s_day02.h5

Epoch 62: val_loss improved from 0.00001 to 0.00001, saving model to /p/project1/cesmtst/patakchiyousefi1/HPT/mse_64_1e-05_1e-11_0.5_4_2_16_0.5_80_0.0_unet-trans-s_day02.h5

Epoch 63: val_loss did not improve from 0.00001

Epoch 64: val_loss improved from 0.00001 to 0.00001, saving model to /p/project1/cesmtst/patakchiyousefi1/HPT/mse_64_1e-05_1e-11_0.5_4_2_16_0.5_80_0.0_unet-trans-s_day02.h5

Epoch 65: val_loss did not improve from 0.00001

Epoch 66: val_loss improved from 0.00001 to 0.00001, saving model to /p/project1/cesmtst/patakchiyousefi1/HPT/mse_64_1e-05_1e-11_0.5_4_2_16_0.5_80_0.0_unet-trans-s_day02.h5

Epoch 67: val_loss did not improve from 0.00001

Epoch 68: val_loss did not improve from 0.00001

Epoch 69: val_loss improved from 0.00001 to 0.00001, saving model to /p/project1/cesmtst/patakchiyousefi1/HPT/mse_64_1e-05_1e-11_0.5_4_2_16_0.5_80_0.0_unet-trans-s_day02.h5

Epoch 70: val_loss improved from 0.00001 to 0.00001, saving model to /p/project1/cesmtst/patakchiyousefi1/HPT/mse_64_1e-05_1e-11_0.5_4_2_16_0.5_80_0.0_unet-trans-s_day02.h5

Epoch 71: val_loss did not improve from 0.00001

Epoch 72: val_loss improved from 0.00001 to 0.00001, saving model to /p/project1/cesmtst/patakchiyousefi1/HPT/mse_64_1e-05_1e-11_0.5_4_2_16_0.5_80_0.0_unet-trans-s_day02.h5

Epoch 73: val_loss improved from 0.00001 to 0.00001, saving model to /p/project1/cesmtst/patakchiyousefi1/HPT/mse_64_1e-05_1e-11_0.5_4_2_16_0.5_80_0.0_unet-trans-s_day02.h5

Epoch 74: val_loss improved from 0.00001 to 0.00001, saving model to /p/project1/cesmtst/patakchiyousefi1/HPT/mse_64_1e-05_1e-11_0.5_4_2_16_0.5_80_0.0_unet-trans-s_day02.h5

Epoch 75: val_loss did not improve from 0.00001

Epoch 76: val_loss did not improve from 0.00001

Epoch 77: val_loss did not improve from 0.00001

Epoch 78: val_loss did not improve from 0.00001

Epoch 79: val_loss did not improve from 0.00001

Epoch 80: val_loss did not improve from 0.00001
Saving and plotting the results...
Time limit for unet-trans-s, leadtime 02: 24:00:00
Run time for unet-trans-s with leadtime 02:  seconds
