mkdir: cannot create directory ‘/p/project1/deepacf’: Permission denied
mkdir: cannot create directory ‘/p/project1/deepacf’: Permission denied
2025-02-05 07:24:20.768395: I tensorflow/core/common_runtime/gpu/gpu_device.cc:1613] Created device /job:localhost/replica:0/task:0/device:GPU:0 with 14782 MB memory:  -> device: 0, name: Tesla V100-SXM2-16GB, pci bus id: 0000:60:00.0, compute capability: 7.0
2025-02-05 07:24:20.769095: I tensorflow/core/common_runtime/gpu/gpu_device.cc:1613] Created device /job:localhost/replica:0/task:0/device:GPU:1 with 14782 MB memory:  -> device: 1, name: Tesla V100-SXM2-16GB, pci bus id: 0000:61:00.0, compute capability: 7.0
2025-02-05 07:24:20.769641: I tensorflow/core/common_runtime/gpu/gpu_device.cc:1613] Created device /job:localhost/replica:0/task:0/device:GPU:2 with 14782 MB memory:  -> device: 2, name: Tesla V100-SXM2-16GB, pci bus id: 0000:88:00.0, compute capability: 7.0
2025-02-05 07:24:20.770178: I tensorflow/core/common_runtime/gpu/gpu_device.cc:1613] Created device /job:localhost/replica:0/task:0/device:GPU:3 with 14782 MB memory:  -> device: 3, name: Tesla V100-SXM2-16GB, pci bus id: 0000:89:00.0, compute capability: 7.0
2025-02-05 07:24:22.382843: I tensorflow/core/common_runtime/gpu/gpu_device.cc:1613] Created device /job:localhost/replica:0/task:0/device:GPU:0 with 14782 MB memory:  -> device: 0, name: Tesla V100-SXM2-16GB, pci bus id: 0000:60:00.0, compute capability: 7.0
2025-02-05 07:24:22.383546: I tensorflow/core/common_runtime/gpu/gpu_device.cc:1613] Created device /job:localhost/replica:0/task:0/device:GPU:1 with 14782 MB memory:  -> device: 1, name: Tesla V100-SXM2-16GB, pci bus id: 0000:61:00.0, compute capability: 7.0
2025-02-05 07:24:22.384104: I tensorflow/core/common_runtime/gpu/gpu_device.cc:1613] Created device /job:localhost/replica:0/task:0/device:GPU:2 with 14782 MB memory:  -> device: 2, name: Tesla V100-SXM2-16GB, pci bus id: 0000:88:00.0, compute capability: 7.0
2025-02-05 07:24:22.384649: I tensorflow/core/common_runtime/gpu/gpu_device.cc:1613] Created device /job:localhost/replica:0/task:0/device:GPU:3 with 14782 MB memory:  -> device: 3, name: Tesla V100-SXM2-16GB, pci bus id: 0000:89:00.0, compute capability: 7.0
2025-02-05 07:24:25.019178: I tensorflow/core/common_runtime/gpu/gpu_device.cc:1613] Created device /job:localhost/replica:0/task:0/device:GPU:0 with 14782 MB memory:  -> device: 0, name: Tesla V100-SXM2-16GB, pci bus id: 0000:60:00.0, compute capability: 7.0
2025-02-05 07:24:25.019838: I tensorflow/core/common_runtime/gpu/gpu_device.cc:1613] Created device /job:localhost/replica:0/task:0/device:GPU:1 with 14782 MB memory:  -> device: 1, name: Tesla V100-SXM2-16GB, pci bus id: 0000:61:00.0, compute capability: 7.0
2025-02-05 07:24:25.020400: I tensorflow/core/common_runtime/gpu/gpu_device.cc:1613] Created device /job:localhost/replica:0/task:0/device:GPU:2 with 14782 MB memory:  -> device: 2, name: Tesla V100-SXM2-16GB, pci bus id: 0000:88:00.0, compute capability: 7.0
2025-02-05 07:24:25.020939: I tensorflow/core/common_runtime/gpu/gpu_device.cc:1613] Created device /job:localhost/replica:0/task:0/device:GPU:3 with 14782 MB memory:  -> device: 3, name: Tesla V100-SXM2-16GB, pci bus id: 0000:89:00.0, compute capability: 7.0
2025-02-05 07:24:26.493077: I tensorflow/core/common_runtime/gpu/gpu_device.cc:1613] Created device /job:localhost/replica:0/task:0/device:GPU:0 with 14782 MB memory:  -> device: 0, name: Tesla V100-SXM2-16GB, pci bus id: 0000:60:00.0, compute capability: 7.0
2025-02-05 07:24:26.493804: I tensorflow/core/common_runtime/gpu/gpu_device.cc:1613] Created device /job:localhost/replica:0/task:0/device:GPU:1 with 14782 MB memory:  -> device: 1, name: Tesla V100-SXM2-16GB, pci bus id: 0000:61:00.0, compute capability: 7.0
2025-02-05 07:24:26.494740: I tensorflow/core/common_runtime/gpu/gpu_device.cc:1613] Created device /job:localhost/replica:0/task:0/device:GPU:2 with 14782 MB memory:  -> device: 2, name: Tesla V100-SXM2-16GB, pci bus id: 0000:88:00.0, compute capability: 7.0
2025-02-05 07:24:26.495296: I tensorflow/core/common_runtime/gpu/gpu_device.cc:1613] Created device /job:localhost/replica:0/task:0/device:GPU:3 with 14782 MB memory:  -> device: 3, name: Tesla V100-SXM2-16GB, pci bus id: 0000:89:00.0, compute capability: 7.0
2025-02-05 07:24:28.661981: I tensorflow/core/common_runtime/gpu/gpu_device.cc:1613] Created device /job:localhost/replica:0/task:0/device:GPU:0 with 14782 MB memory:  -> device: 0, name: Tesla V100-SXM2-16GB, pci bus id: 0000:60:00.0, compute capability: 7.0
2025-02-05 07:24:28.662658: I tensorflow/core/common_runtime/gpu/gpu_device.cc:1613] Created device /job:localhost/replica:0/task:0/device:GPU:1 with 14782 MB memory:  -> device: 1, name: Tesla V100-SXM2-16GB, pci bus id: 0000:61:00.0, compute capability: 7.0
2025-02-05 07:24:28.663218: I tensorflow/core/common_runtime/gpu/gpu_device.cc:1613] Created device /job:localhost/replica:0/task:0/device:GPU:2 with 14782 MB memory:  -> device: 2, name: Tesla V100-SXM2-16GB, pci bus id: 0000:88:00.0, compute capability: 7.0
2025-02-05 07:24:28.663757: I tensorflow/core/common_runtime/gpu/gpu_device.cc:1613] Created device /job:localhost/replica:0/task:0/device:GPU:3 with 14782 MB memory:  -> device: 3, name: Tesla V100-SXM2-16GB, pci bus id: 0000:89:00.0, compute capability: 7.0
2025-02-05 07:24:33.760689: I tensorflow/compiler/xla/stream_executor/cuda/cuda_dnn.cc:428] Loaded cuDNN version 8600
2025-02-05 07:24:35.160284: I tensorflow/compiler/xla/stream_executor/cuda/cuda_dnn.cc:428] Loaded cuDNN version 8600
2025-02-05 07:24:35.222615: I tensorflow/compiler/xla/stream_executor/cuda/cuda_dnn.cc:428] Loaded cuDNN version 8600
2025-02-05 07:24:36.638971: I tensorflow/compiler/xla/stream_executor/cuda/cuda_dnn.cc:428] Loaded cuDNN version 8600
2025-02-05 07:24:37.539057: I tensorflow/compiler/xla/stream_executor/cuda/cuda_dnn.cc:428] Loaded cuDNN version 8600
2025-02-05 07:24:37.903834: I tensorflow/compiler/xla/stream_executor/cuda/cuda_dnn.cc:428] Loaded cuDNN version 8600
2025-02-05 07:24:38.423465: I tensorflow/compiler/xla/stream_executor/cuda/cuda_dnn.cc:428] Loaded cuDNN version 8600
2025-02-05 07:24:39.315868: I tensorflow/compiler/xla/stream_executor/cuda/cuda_dnn.cc:428] Loaded cuDNN version 8600
2025-02-05 07:24:39.494600: I tensorflow/compiler/xla/stream_executor/cuda/cuda_dnn.cc:428] Loaded cuDNN version 8600
2025-02-05 07:24:40.432313: I tensorflow/compiler/xla/stream_executor/cuda/cuda_dnn.cc:428] Loaded cuDNN version 8600
2025-02-05 07:24:40.776780: I tensorflow/compiler/xla/stream_executor/cuda/cuda_dnn.cc:428] Loaded cuDNN version 8600
2025-02-05 07:24:41.370101: I tensorflow/compiler/xla/stream_executor/cuda/cuda_dnn.cc:428] Loaded cuDNN version 8600
2025-02-05 07:24:41.492317: I tensorflow/compiler/xla/service/service.cc:173] XLA service 0x15327f3b7900 initialized for platform CUDA (this does not guarantee that XLA will be used). Devices:
2025-02-05 07:24:41.492355: I tensorflow/compiler/xla/service/service.cc:181]   StreamExecutor device (0): Tesla V100-SXM2-16GB, Compute Capability 7.0
2025-02-05 07:24:41.492361: I tensorflow/compiler/xla/service/service.cc:181]   StreamExecutor device (1): Tesla V100-SXM2-16GB, Compute Capability 7.0
2025-02-05 07:24:41.492366: I tensorflow/compiler/xla/service/service.cc:181]   StreamExecutor device (2): Tesla V100-SXM2-16GB, Compute Capability 7.0
2025-02-05 07:24:41.492370: I tensorflow/compiler/xla/service/service.cc:181]   StreamExecutor device (3): Tesla V100-SXM2-16GB, Compute Capability 7.0
2025-02-05 07:24:41.498203: I tensorflow/compiler/mlir/tensorflow/utils/dump_mlir_util.cc:268] disabling MLIR crash reproducer, set env var `MLIR_CRASH_REPRODUCER_DIRECTORY` to enable.
2025-02-05 07:24:41.584853: I tensorflow/compiler/xla/stream_executor/cuda/cuda_dnn.cc:428] Loaded cuDNN version 8600
2025-02-05 07:24:41.676307: I tensorflow/compiler/jit/xla_compilation_cache.cc:477] Compiled cluster using XLA!  This line is logged at most once for the lifetime of the process.
2025-02-05 07:24:43.064139: I tensorflow/compiler/xla/stream_executor/cuda/cuda_dnn.cc:428] Loaded cuDNN version 8600
2025-02-05 07:24:43.973947: I tensorflow/compiler/xla/stream_executor/cuda/cuda_dnn.cc:428] Loaded cuDNN version 8600
2025-02-05 07:24:44.882375: I tensorflow/compiler/xla/stream_executor/cuda/cuda_dnn.cc:428] Loaded cuDNN version 8600
2025-02-05 07:24:45.393784: I tensorflow/compiler/xla/service/service.cc:173] XLA service 0x1467e00b15c0 initialized for platform CUDA (this does not guarantee that XLA will be used). Devices:
2025-02-05 07:24:45.393821: I tensorflow/compiler/xla/service/service.cc:181]   StreamExecutor device (0): Tesla V100-SXM2-16GB, Compute Capability 7.0
2025-02-05 07:24:45.393827: I tensorflow/compiler/xla/service/service.cc:181]   StreamExecutor device (1): Tesla V100-SXM2-16GB, Compute Capability 7.0
2025-02-05 07:24:45.393831: I tensorflow/compiler/xla/service/service.cc:181]   StreamExecutor device (2): Tesla V100-SXM2-16GB, Compute Capability 7.0
2025-02-05 07:24:45.393836: I tensorflow/compiler/xla/service/service.cc:181]   StreamExecutor device (3): Tesla V100-SXM2-16GB, Compute Capability 7.0
2025-02-05 07:24:45.399587: I tensorflow/compiler/mlir/tensorflow/utils/dump_mlir_util.cc:268] disabling MLIR crash reproducer, set env var `MLIR_CRASH_REPRODUCER_DIRECTORY` to enable.
2025-02-05 07:24:45.573446: I tensorflow/compiler/jit/xla_compilation_cache.cc:477] Compiled cluster using XLA!  This line is logged at most once for the lifetime of the process.
2025-02-05 07:24:47.050942: I tensorflow/compiler/xla/service/service.cc:173] XLA service 0x153f7bb344f0 initialized for platform CUDA (this does not guarantee that XLA will be used). Devices:
2025-02-05 07:24:47.050981: I tensorflow/compiler/xla/service/service.cc:181]   StreamExecutor device (0): Tesla V100-SXM2-16GB, Compute Capability 7.0
2025-02-05 07:24:47.050987: I tensorflow/compiler/xla/service/service.cc:181]   StreamExecutor device (1): Tesla V100-SXM2-16GB, Compute Capability 7.0
2025-02-05 07:24:47.051015: I tensorflow/compiler/xla/service/service.cc:181]   StreamExecutor device (2): Tesla V100-SXM2-16GB, Compute Capability 7.0
2025-02-05 07:24:47.051020: I tensorflow/compiler/xla/service/service.cc:181]   StreamExecutor device (3): Tesla V100-SXM2-16GB, Compute Capability 7.0
2025-02-05 07:24:47.056852: I tensorflow/compiler/mlir/tensorflow/utils/dump_mlir_util.cc:268] disabling MLIR crash reproducer, set env var `MLIR_CRASH_REPRODUCER_DIRECTORY` to enable.
2025-02-05 07:24:47.226885: I tensorflow/compiler/jit/xla_compilation_cache.cc:477] Compiled cluster using XLA!  This line is logged at most once for the lifetime of the process.
2025-02-05 07:24:48.443037: I tensorflow/compiler/xla/service/service.cc:173] XLA service 0x6cce8040 initialized for platform CUDA (this does not guarantee that XLA will be used). Devices:
2025-02-05 07:24:48.443076: I tensorflow/compiler/xla/service/service.cc:181]   StreamExecutor device (0): Tesla V100-SXM2-16GB, Compute Capability 7.0
2025-02-05 07:24:48.443082: I tensorflow/compiler/xla/service/service.cc:181]   StreamExecutor device (1): Tesla V100-SXM2-16GB, Compute Capability 7.0
2025-02-05 07:24:48.443088: I tensorflow/compiler/xla/service/service.cc:181]   StreamExecutor device (2): Tesla V100-SXM2-16GB, Compute Capability 7.0
2025-02-05 07:24:48.443093: I tensorflow/compiler/xla/service/service.cc:181]   StreamExecutor device (3): Tesla V100-SXM2-16GB, Compute Capability 7.0
2025-02-05 07:24:48.449245: I tensorflow/compiler/mlir/tensorflow/utils/dump_mlir_util.cc:268] disabling MLIR crash reproducer, set env var `MLIR_CRASH_REPRODUCER_DIRECTORY` to enable.
2025-02-05 07:24:48.627783: I tensorflow/compiler/jit/xla_compilation_cache.cc:477] Compiled cluster using XLA!  This line is logged at most once for the lifetime of the process.
2025-02-05 07:24:51.856338: I tensorflow/compiler/xla/service/service.cc:173] XLA service 0x1518e5f366d0 initialized for platform CUDA (this does not guarantee that XLA will be used). Devices:
2025-02-05 07:24:51.856374: I tensorflow/compiler/xla/service/service.cc:181]   StreamExecutor device (0): Tesla V100-SXM2-16GB, Compute Capability 7.0
2025-02-05 07:24:51.856380: I tensorflow/compiler/xla/service/service.cc:181]   StreamExecutor device (1): Tesla V100-SXM2-16GB, Compute Capability 7.0
2025-02-05 07:24:51.856385: I tensorflow/compiler/xla/service/service.cc:181]   StreamExecutor device (2): Tesla V100-SXM2-16GB, Compute Capability 7.0
2025-02-05 07:24:51.856390: I tensorflow/compiler/xla/service/service.cc:181]   StreamExecutor device (3): Tesla V100-SXM2-16GB, Compute Capability 7.0
2025-02-05 07:24:51.862558: I tensorflow/compiler/mlir/tensorflow/utils/dump_mlir_util.cc:268] disabling MLIR crash reproducer, set env var `MLIR_CRASH_REPRODUCER_DIRECTORY` to enable.
2025-02-05 07:24:52.040543: I tensorflow/compiler/jit/xla_compilation_cache.cc:477] Compiled cluster using XLA!  This line is logged at most once for the lifetime of the process.
srun: Job 10915701 step creation temporarily disabled, retrying (Requested nodes are busy)
srun: Job 10915701 step creation temporarily disabled, retrying (Requested nodes are busy)
srun: Job 10915701 step creation temporarily disabled, retrying (Requested nodes are busy)
srun: Job 10915701 step creation temporarily disabled, retrying (Requested nodes are busy)
srun: Job 10915701 step creation still disabled, retrying (Requested nodes are busy)
srun: Job 10915701 step creation still disabled, retrying (Requested nodes are busy)
srun: Job 10915701 step creation still disabled, retrying (Requested nodes are busy)
srun: Job 10915701 step creation still disabled, retrying (Requested nodes are busy)
srun: Job 10915701 step creation still disabled, retrying (Requested nodes are busy)
srun: Job 10915701 step creation still disabled, retrying (Requested nodes are busy)
srun: Job 10915701 step creation still disabled, retrying (Requested nodes are busy)
srun: Job 10915701 step creation still disabled, retrying (Requested nodes are busy)
srun: Job 10915701 step creation still disabled, retrying (Requested nodes are busy)
srun: Job 10915701 step creation still disabled, retrying (Requested nodes are busy)
srun: Job 10915701 step creation still disabled, retrying (Requested nodes are busy)
srun: Job 10915701 step creation still disabled, retrying (Requested nodes are busy)
srun: Job 10915701 step creation still disabled, retrying (Requested nodes are busy)
srun: Job 10915701 step creation still disabled, retrying (Requested nodes are busy)
srun: Job 10915701 step creation still disabled, retrying (Requested nodes are busy)
srun: Job 10915701 step creation still disabled, retrying (Requested nodes are busy)
srun: Job 10915701 step creation still disabled, retrying (Requested nodes are busy)
srun: Job 10915701 step creation still disabled, retrying (Requested nodes are busy)
srun: Job 10915701 step creation still disabled, retrying (Requested nodes are busy)
srun: Job 10915701 step creation still disabled, retrying (Requested nodes are busy)
srun: Job 10915701 step creation still disabled, retrying (Requested nodes are busy)
srun: Job 10915701 step creation still disabled, retrying (Requested nodes are busy)
srun: Job 10915701 step creation still disabled, retrying (Requested nodes are busy)
srun: Job 10915701 step creation still disabled, retrying (Requested nodes are busy)
srun: Job 10915701 step creation still disabled, retrying (Requested nodes are busy)
srun: Job 10915701 step creation still disabled, retrying (Requested nodes are busy)
srun: Job 10915701 step creation still disabled, retrying (Requested nodes are busy)
srun: Job 10915701 step creation still disabled, retrying (Requested nodes are busy)
srun: Job 10915701 step creation still disabled, retrying (Requested nodes are busy)
srun: Job 10915701 step creation still disabled, retrying (Requested nodes are busy)
srun: Job 10915701 step creation still disabled, retrying (Requested nodes are busy)
srun: Job 10915701 step creation still disabled, retrying (Requested nodes are busy)
srun: Job 10915701 step creation still disabled, retrying (Requested nodes are busy)
srun: Job 10915701 step creation still disabled, retrying (Requested nodes are busy)
srun: Job 10915701 step creation still disabled, retrying (Requested nodes are busy)
srun: Job 10915701 step creation still disabled, retrying (Requested nodes are busy)
srun: Job 10915701 step creation still disabled, retrying (Requested nodes are busy)
srun: Job 10915701 step creation still disabled, retrying (Requested nodes are busy)
srun: Job 10915701 step creation still disabled, retrying (Requested nodes are busy)
srun: Job 10915701 step creation still disabled, retrying (Requested nodes are busy)
srun: Job 10915701 step creation still disabled, retrying (Requested nodes are busy)
srun: Job 10915701 step creation still disabled, retrying (Requested nodes are busy)
srun: Job 10915701 step creation still disabled, retrying (Requested nodes are busy)
srun: Job 10915701 step creation still disabled, retrying (Requested nodes are busy)
srun: Job 10915701 step creation still disabled, retrying (Requested nodes are busy)
srun: Job 10915701 step creation still disabled, retrying (Requested nodes are busy)
srun: Job 10915701 step creation still disabled, retrying (Requested nodes are busy)
srun: Step created for StepId=10915701.5
2025-02-05 07:52:03.865277: I tensorflow/core/common_runtime/gpu/gpu_device.cc:1613] Created device /job:localhost/replica:0/task:0/device:GPU:0 with 14782 MB memory:  -> device: 0, name: Tesla V100-SXM2-16GB, pci bus id: 0000:60:00.0, compute capability: 7.0
2025-02-05 07:52:03.865936: I tensorflow/core/common_runtime/gpu/gpu_device.cc:1613] Created device /job:localhost/replica:0/task:0/device:GPU:1 with 14782 MB memory:  -> device: 1, name: Tesla V100-SXM2-16GB, pci bus id: 0000:61:00.0, compute capability: 7.0
2025-02-05 07:52:03.866464: I tensorflow/core/common_runtime/gpu/gpu_device.cc:1613] Created device /job:localhost/replica:0/task:0/device:GPU:2 with 14782 MB memory:  -> device: 2, name: Tesla V100-SXM2-16GB, pci bus id: 0000:88:00.0, compute capability: 7.0
2025-02-05 07:52:03.866982: I tensorflow/core/common_runtime/gpu/gpu_device.cc:1613] Created device /job:localhost/replica:0/task:0/device:GPU:3 with 14782 MB memory:  -> device: 3, name: Tesla V100-SXM2-16GB, pci bus id: 0000:89:00.0, compute capability: 7.0
2025-02-05 07:52:16.779699: I tensorflow/compiler/xla/stream_executor/cuda/cuda_dnn.cc:428] Loaded cuDNN version 8600
2025-02-05 07:52:18.255696: I tensorflow/compiler/xla/stream_executor/cuda/cuda_dnn.cc:428] Loaded cuDNN version 8600
2025-02-05 07:52:24.449526: I tensorflow/compiler/xla/service/service.cc:173] XLA service 0x146c7b438790 initialized for platform CUDA (this does not guarantee that XLA will be used). Devices:
2025-02-05 07:52:24.449562: I tensorflow/compiler/xla/service/service.cc:181]   StreamExecutor device (0): Tesla V100-SXM2-16GB, Compute Capability 7.0
2025-02-05 07:52:24.449568: I tensorflow/compiler/xla/service/service.cc:181]   StreamExecutor device (1): Tesla V100-SXM2-16GB, Compute Capability 7.0
2025-02-05 07:52:24.449573: I tensorflow/compiler/xla/service/service.cc:181]   StreamExecutor device (2): Tesla V100-SXM2-16GB, Compute Capability 7.0
2025-02-05 07:52:24.449577: I tensorflow/compiler/xla/service/service.cc:181]   StreamExecutor device (3): Tesla V100-SXM2-16GB, Compute Capability 7.0
2025-02-05 07:52:24.455333: I tensorflow/compiler/mlir/tensorflow/utils/dump_mlir_util.cc:268] disabling MLIR crash reproducer, set env var `MLIR_CRASH_REPRODUCER_DIRECTORY` to enable.
2025-02-05 07:52:24.630052: I tensorflow/compiler/jit/xla_compilation_cache.cc:477] Compiled cluster using XLA!  This line is logged at most once for the lifetime of the process.
srun: Job 10915701 step creation still disabled, retrying (Requested nodes are busy)
srun: Job 10915701 step creation still disabled, retrying (Requested nodes are busy)
srun: Job 10915701 step creation still disabled, retrying (Requested nodes are busy)
srun: Job 10915701 step creation still disabled, retrying (Requested nodes are busy)
srun: Job 10915701 step creation still disabled, retrying (Requested nodes are busy)
srun: Job 10915701 step creation still disabled, retrying (Requested nodes are busy)
srun: Step created for StepId=10915701.6
2025-02-05 07:57:37.440962: I tensorflow/core/common_runtime/gpu/gpu_device.cc:1613] Created device /job:localhost/replica:0/task:0/device:GPU:0 with 14782 MB memory:  -> device: 0, name: Tesla V100-SXM2-16GB, pci bus id: 0000:60:00.0, compute capability: 7.0
2025-02-05 07:57:37.441625: I tensorflow/core/common_runtime/gpu/gpu_device.cc:1613] Created device /job:localhost/replica:0/task:0/device:GPU:1 with 14782 MB memory:  -> device: 1, name: Tesla V100-SXM2-16GB, pci bus id: 0000:61:00.0, compute capability: 7.0
2025-02-05 07:57:37.442173: I tensorflow/core/common_runtime/gpu/gpu_device.cc:1613] Created device /job:localhost/replica:0/task:0/device:GPU:2 with 14782 MB memory:  -> device: 2, name: Tesla V100-SXM2-16GB, pci bus id: 0000:88:00.0, compute capability: 7.0
2025-02-05 07:57:37.443051: I tensorflow/core/common_runtime/gpu/gpu_device.cc:1613] Created device /job:localhost/replica:0/task:0/device:GPU:3 with 14782 MB memory:  -> device: 3, name: Tesla V100-SXM2-16GB, pci bus id: 0000:89:00.0, compute capability: 7.0
2025-02-05 07:57:50.334252: I tensorflow/compiler/xla/stream_executor/cuda/cuda_dnn.cc:428] Loaded cuDNN version 8600
2025-02-05 07:57:51.934423: I tensorflow/compiler/xla/stream_executor/cuda/cuda_dnn.cc:428] Loaded cuDNN version 8600
2025-02-05 07:57:52.871392: I tensorflow/compiler/xla/stream_executor/cuda/cuda_dnn.cc:428] Loaded cuDNN version 8600
2025-02-05 07:57:53.811383: I tensorflow/compiler/xla/stream_executor/cuda/cuda_dnn.cc:428] Loaded cuDNN version 8600
srun: Step created for StepId=10915701.7
2025-02-05 07:58:00.990037: I tensorflow/compiler/xla/service/service.cc:173] XLA service 0x14daef9094f0 initialized for platform CUDA (this does not guarantee that XLA will be used). Devices:
2025-02-05 07:58:00.990072: I tensorflow/compiler/xla/service/service.cc:181]   StreamExecutor device (0): Tesla V100-SXM2-16GB, Compute Capability 7.0
2025-02-05 07:58:00.990078: I tensorflow/compiler/xla/service/service.cc:181]   StreamExecutor device (1): Tesla V100-SXM2-16GB, Compute Capability 7.0
2025-02-05 07:58:00.990083: I tensorflow/compiler/xla/service/service.cc:181]   StreamExecutor device (2): Tesla V100-SXM2-16GB, Compute Capability 7.0
2025-02-05 07:58:00.990088: I tensorflow/compiler/xla/service/service.cc:181]   StreamExecutor device (3): Tesla V100-SXM2-16GB, Compute Capability 7.0
2025-02-05 07:58:00.995959: I tensorflow/compiler/mlir/tensorflow/utils/dump_mlir_util.cc:268] disabling MLIR crash reproducer, set env var `MLIR_CRASH_REPRODUCER_DIRECTORY` to enable.
2025-02-05 07:58:01.176144: I tensorflow/compiler/jit/xla_compilation_cache.cc:477] Compiled cluster using XLA!  This line is logged at most once for the lifetime of the process.
2025-02-05 07:58:03.161793: I tensorflow/core/common_runtime/gpu/gpu_device.cc:1613] Created device /job:localhost/replica:0/task:0/device:GPU:0 with 14782 MB memory:  -> device: 0, name: Tesla V100-SXM2-16GB, pci bus id: 0000:60:00.0, compute capability: 7.0
2025-02-05 07:58:03.162493: I tensorflow/core/common_runtime/gpu/gpu_device.cc:1613] Created device /job:localhost/replica:0/task:0/device:GPU:1 with 14782 MB memory:  -> device: 1, name: Tesla V100-SXM2-16GB, pci bus id: 0000:61:00.0, compute capability: 7.0
2025-02-05 07:58:03.163058: I tensorflow/core/common_runtime/gpu/gpu_device.cc:1613] Created device /job:localhost/replica:0/task:0/device:GPU:2 with 14782 MB memory:  -> device: 2, name: Tesla V100-SXM2-16GB, pci bus id: 0000:88:00.0, compute capability: 7.0
2025-02-05 07:58:03.163634: I tensorflow/core/common_runtime/gpu/gpu_device.cc:1613] Created device /job:localhost/replica:0/task:0/device:GPU:3 with 14782 MB memory:  -> device: 3, name: Tesla V100-SXM2-16GB, pci bus id: 0000:89:00.0, compute capability: 7.0
2025-02-05 07:58:16.032027: I tensorflow/compiler/xla/stream_executor/cuda/cuda_dnn.cc:428] Loaded cuDNN version 8600
2025-02-05 07:58:17.505338: I tensorflow/compiler/xla/stream_executor/cuda/cuda_dnn.cc:428] Loaded cuDNN version 8600
2025-02-05 07:58:18.386757: I tensorflow/compiler/xla/stream_executor/cuda/cuda_dnn.cc:428] Loaded cuDNN version 8600
2025-02-05 07:58:19.263921: I tensorflow/compiler/xla/stream_executor/cuda/cuda_dnn.cc:428] Loaded cuDNN version 8600
2025-02-05 07:58:26.234257: I tensorflow/compiler/xla/service/service.cc:173] XLA service 0x6cf8beb0 initialized for platform CUDA (this does not guarantee that XLA will be used). Devices:
2025-02-05 07:58:26.234296: I tensorflow/compiler/xla/service/service.cc:181]   StreamExecutor device (0): Tesla V100-SXM2-16GB, Compute Capability 7.0
2025-02-05 07:58:26.234307: I tensorflow/compiler/xla/service/service.cc:181]   StreamExecutor device (1): Tesla V100-SXM2-16GB, Compute Capability 7.0
2025-02-05 07:58:26.234317: I tensorflow/compiler/xla/service/service.cc:181]   StreamExecutor device (2): Tesla V100-SXM2-16GB, Compute Capability 7.0
2025-02-05 07:58:26.234327: I tensorflow/compiler/xla/service/service.cc:181]   StreamExecutor device (3): Tesla V100-SXM2-16GB, Compute Capability 7.0
2025-02-05 07:58:26.240654: I tensorflow/compiler/mlir/tensorflow/utils/dump_mlir_util.cc:268] disabling MLIR crash reproducer, set env var `MLIR_CRASH_REPRODUCER_DIRECTORY` to enable.
2025-02-05 07:58:26.418629: I tensorflow/compiler/jit/xla_compilation_cache.cc:477] Compiled cluster using XLA!  This line is logged at most once for the lifetime of the process.
srun: Job 10915701 step creation still disabled, retrying (Requested nodes are busy)
srun: Job 10915701 step creation still disabled, retrying (Requested nodes are busy)
srun: Job 10915701 step creation still disabled, retrying (Requested nodes are busy)
srun: Job 10915701 step creation still disabled, retrying (Requested nodes are busy)
srun: Job 10915701 step creation still disabled, retrying (Requested nodes are busy)
srun: Job 10915701 step creation still disabled, retrying (Requested nodes are busy)
srun: Job 10915701 step creation still disabled, retrying (Requested nodes are busy)
srun: Step created for StepId=10915701.8
2025-02-05 08:13:38.080296: I tensorflow/core/common_runtime/gpu/gpu_device.cc:1613] Created device /job:localhost/replica:0/task:0/device:GPU:0 with 14782 MB memory:  -> device: 0, name: Tesla V100-SXM2-16GB, pci bus id: 0000:60:00.0, compute capability: 7.0
2025-02-05 08:13:38.080962: I tensorflow/core/common_runtime/gpu/gpu_device.cc:1613] Created device /job:localhost/replica:0/task:0/device:GPU:1 with 14782 MB memory:  -> device: 1, name: Tesla V100-SXM2-16GB, pci bus id: 0000:61:00.0, compute capability: 7.0
2025-02-05 08:13:38.081517: I tensorflow/core/common_runtime/gpu/gpu_device.cc:1613] Created device /job:localhost/replica:0/task:0/device:GPU:2 with 14782 MB memory:  -> device: 2, name: Tesla V100-SXM2-16GB, pci bus id: 0000:88:00.0, compute capability: 7.0
2025-02-05 08:13:38.082057: I tensorflow/core/common_runtime/gpu/gpu_device.cc:1613] Created device /job:localhost/replica:0/task:0/device:GPU:3 with 14782 MB memory:  -> device: 3, name: Tesla V100-SXM2-16GB, pci bus id: 0000:89:00.0, compute capability: 7.0
2025-02-05 08:13:51.009895: I tensorflow/compiler/xla/stream_executor/cuda/cuda_dnn.cc:428] Loaded cuDNN version 8600
2025-02-05 08:13:52.579491: I tensorflow/compiler/xla/stream_executor/cuda/cuda_dnn.cc:428] Loaded cuDNN version 8600
2025-02-05 08:13:53.523003: I tensorflow/compiler/xla/stream_executor/cuda/cuda_dnn.cc:428] Loaded cuDNN version 8600
2025-02-05 08:13:54.465468: I tensorflow/compiler/xla/stream_executor/cuda/cuda_dnn.cc:428] Loaded cuDNN version 8600
2025-02-05 08:14:01.630272: I tensorflow/compiler/xla/service/service.cc:173] XLA service 0x6ed43f70 initialized for platform CUDA (this does not guarantee that XLA will be used). Devices:
2025-02-05 08:14:01.630308: I tensorflow/compiler/xla/service/service.cc:181]   StreamExecutor device (0): Tesla V100-SXM2-16GB, Compute Capability 7.0
2025-02-05 08:14:01.630314: I tensorflow/compiler/xla/service/service.cc:181]   StreamExecutor device (1): Tesla V100-SXM2-16GB, Compute Capability 7.0
2025-02-05 08:14:01.630319: I tensorflow/compiler/xla/service/service.cc:181]   StreamExecutor device (2): Tesla V100-SXM2-16GB, Compute Capability 7.0
2025-02-05 08:14:01.630323: I tensorflow/compiler/xla/service/service.cc:181]   StreamExecutor device (3): Tesla V100-SXM2-16GB, Compute Capability 7.0
2025-02-05 08:14:01.636180: I tensorflow/compiler/mlir/tensorflow/utils/dump_mlir_util.cc:268] disabling MLIR crash reproducer, set env var `MLIR_CRASH_REPRODUCER_DIRECTORY` to enable.
2025-02-05 08:14:01.813411: I tensorflow/compiler/jit/xla_compilation_cache.cc:477] Compiled cluster using XLA!  This line is logged at most once for the lifetime of the process.
