mkdir: cannot create directory ‘/p/project1/deepacf’: Permission denied
mkdir: cannot create directory ‘/p/project1/deepacf’: Permission denied
2025-02-04 23:14:58.965928: I tensorflow/core/common_runtime/gpu/gpu_device.cc:1613] Created device /job:localhost/replica:0/task:0/device:GPU:0 with 14782 MB memory:  -> device: 0, name: Tesla V100-SXM2-16GB, pci bus id: 0000:60:00.0, compute capability: 7.0
2025-02-04 23:14:58.978453: I tensorflow/core/common_runtime/gpu/gpu_device.cc:1613] Created device /job:localhost/replica:0/task:0/device:GPU:0 with 14782 MB memory:  -> device: 0, name: Tesla V100-SXM2-16GB, pci bus id: 0000:60:00.0, compute capability: 7.0
2025-02-04 23:14:58.966699: I tensorflow/core/common_runtime/gpu/gpu_device.cc:1613] Created device /job:localhost/replica:0/task:0/device:GPU:1 with 14782 MB memory:  -> device: 1, name: Tesla V100-SXM2-16GB, pci bus id: 0000:61:00.0, compute capability: 7.0
2025-02-04 23:14:58.967244: I tensorflow/core/common_runtime/gpu/gpu_device.cc:1613] Created device /job:localhost/replica:0/task:0/device:GPU:2 with 14782 MB memory:  -> device: 2, name: Tesla V100-SXM2-16GB, pci bus id: 0000:88:00.0, compute capability: 7.0
2025-02-04 23:14:58.967790: I tensorflow/core/common_runtime/gpu/gpu_device.cc:1613] Created device /job:localhost/replica:0/task:0/device:GPU:3 with 14782 MB memory:  -> device: 3, name: Tesla V100-SXM2-16GB, pci bus id: 0000:89:00.0, compute capability: 7.0
2025-02-04 23:14:58.979186: I tensorflow/core/common_runtime/gpu/gpu_device.cc:1613] Created device /job:localhost/replica:0/task:0/device:GPU:1 with 14782 MB memory:  -> device: 1, name: Tesla V100-SXM2-16GB, pci bus id: 0000:61:00.0, compute capability: 7.0
2025-02-04 23:14:58.979747: I tensorflow/core/common_runtime/gpu/gpu_device.cc:1613] Created device /job:localhost/replica:0/task:0/device:GPU:2 with 14782 MB memory:  -> device: 2, name: Tesla V100-SXM2-16GB, pci bus id: 0000:88:00.0, compute capability: 7.0
2025-02-04 23:14:58.980288: I tensorflow/core/common_runtime/gpu/gpu_device.cc:1613] Created device /job:localhost/replica:0/task:0/device:GPU:3 with 14782 MB memory:  -> device: 3, name: Tesla V100-SXM2-16GB, pci bus id: 0000:89:00.0, compute capability: 7.0
2025-02-04 23:15:00.665478: I tensorflow/core/common_runtime/gpu/gpu_device.cc:1613] Created device /job:localhost/replica:0/task:0/device:GPU:0 with 14782 MB memory:  -> device: 0, name: Tesla V100-SXM2-16GB, pci bus id: 0000:60:00.0, compute capability: 7.0
2025-02-04 23:15:00.666270: I tensorflow/core/common_runtime/gpu/gpu_device.cc:1613] Created device /job:localhost/replica:0/task:0/device:GPU:1 with 14782 MB memory:  -> device: 1, name: Tesla V100-SXM2-16GB, pci bus id: 0000:61:00.0, compute capability: 7.0
2025-02-04 23:15:00.666838: I tensorflow/core/common_runtime/gpu/gpu_device.cc:1613] Created device /job:localhost/replica:0/task:0/device:GPU:2 with 14782 MB memory:  -> device: 2, name: Tesla V100-SXM2-16GB, pci bus id: 0000:88:00.0, compute capability: 7.0
2025-02-04 23:15:00.667375: I tensorflow/core/common_runtime/gpu/gpu_device.cc:1613] Created device /job:localhost/replica:0/task:0/device:GPU:3 with 14782 MB memory:  -> device: 3, name: Tesla V100-SXM2-16GB, pci bus id: 0000:89:00.0, compute capability: 7.0
2025-02-04 23:15:02.229258: I tensorflow/core/common_runtime/gpu/gpu_device.cc:1613] Created device /job:localhost/replica:0/task:0/device:GPU:0 with 14782 MB memory:  -> device: 0, name: Tesla V100-SXM2-16GB, pci bus id: 0000:60:00.0, compute capability: 7.0
2025-02-04 23:15:02.230035: I tensorflow/core/common_runtime/gpu/gpu_device.cc:1613] Created device /job:localhost/replica:0/task:0/device:GPU:1 with 14782 MB memory:  -> device: 1, name: Tesla V100-SXM2-16GB, pci bus id: 0000:61:00.0, compute capability: 7.0
2025-02-04 23:15:02.230580: I tensorflow/core/common_runtime/gpu/gpu_device.cc:1613] Created device /job:localhost/replica:0/task:0/device:GPU:2 with 14782 MB memory:  -> device: 2, name: Tesla V100-SXM2-16GB, pci bus id: 0000:88:00.0, compute capability: 7.0
2025-02-04 23:15:02.231144: I tensorflow/core/common_runtime/gpu/gpu_device.cc:1613] Created device /job:localhost/replica:0/task:0/device:GPU:3 with 14782 MB memory:  -> device: 3, name: Tesla V100-SXM2-16GB, pci bus id: 0000:89:00.0, compute capability: 7.0
2025-02-04 23:15:03.958985: I tensorflow/core/common_runtime/gpu/gpu_device.cc:1613] Created device /job:localhost/replica:0/task:0/device:GPU:0 with 14782 MB memory:  -> device: 0, name: Tesla V100-SXM2-16GB, pci bus id: 0000:60:00.0, compute capability: 7.0
2025-02-04 23:15:03.959762: I tensorflow/core/common_runtime/gpu/gpu_device.cc:1613] Created device /job:localhost/replica:0/task:0/device:GPU:1 with 14782 MB memory:  -> device: 1, name: Tesla V100-SXM2-16GB, pci bus id: 0000:61:00.0, compute capability: 7.0
2025-02-04 23:15:03.960313: I tensorflow/core/common_runtime/gpu/gpu_device.cc:1613] Created device /job:localhost/replica:0/task:0/device:GPU:2 with 14782 MB memory:  -> device: 2, name: Tesla V100-SXM2-16GB, pci bus id: 0000:88:00.0, compute capability: 7.0
2025-02-04 23:15:03.960847: I tensorflow/core/common_runtime/gpu/gpu_device.cc:1613] Created device /job:localhost/replica:0/task:0/device:GPU:3 with 14782 MB memory:  -> device: 3, name: Tesla V100-SXM2-16GB, pci bus id: 0000:89:00.0, compute capability: 7.0
2025-02-04 23:15:06.458176: I tensorflow/core/common_runtime/gpu/gpu_device.cc:1613] Created device /job:localhost/replica:0/task:0/device:GPU:0 with 14782 MB memory:  -> device: 0, name: Tesla V100-SXM2-16GB, pci bus id: 0000:60:00.0, compute capability: 7.0
2025-02-04 23:15:06.458934: I tensorflow/core/common_runtime/gpu/gpu_device.cc:1613] Created device /job:localhost/replica:0/task:0/device:GPU:1 with 14782 MB memory:  -> device: 1, name: Tesla V100-SXM2-16GB, pci bus id: 0000:61:00.0, compute capability: 7.0
2025-02-04 23:15:06.459495: I tensorflow/core/common_runtime/gpu/gpu_device.cc:1613] Created device /job:localhost/replica:0/task:0/device:GPU:2 with 14782 MB memory:  -> device: 2, name: Tesla V100-SXM2-16GB, pci bus id: 0000:88:00.0, compute capability: 7.0
2025-02-04 23:15:06.460040: I tensorflow/core/common_runtime/gpu/gpu_device.cc:1613] Created device /job:localhost/replica:0/task:0/device:GPU:3 with 14782 MB memory:  -> device: 3, name: Tesla V100-SXM2-16GB, pci bus id: 0000:89:00.0, compute capability: 7.0
2025-02-04 23:15:08.346208: I tensorflow/core/common_runtime/gpu/gpu_device.cc:1613] Created device /job:localhost/replica:0/task:0/device:GPU:0 with 14782 MB memory:  -> device: 0, name: Tesla V100-SXM2-16GB, pci bus id: 0000:60:00.0, compute capability: 7.0
2025-02-04 23:15:08.347027: I tensorflow/core/common_runtime/gpu/gpu_device.cc:1613] Created device /job:localhost/replica:0/task:0/device:GPU:1 with 14782 MB memory:  -> device: 1, name: Tesla V100-SXM2-16GB, pci bus id: 0000:61:00.0, compute capability: 7.0
2025-02-04 23:15:08.347576: I tensorflow/core/common_runtime/gpu/gpu_device.cc:1613] Created device /job:localhost/replica:0/task:0/device:GPU:2 with 14782 MB memory:  -> device: 2, name: Tesla V100-SXM2-16GB, pci bus id: 0000:88:00.0, compute capability: 7.0
2025-02-04 23:15:08.348109: I tensorflow/core/common_runtime/gpu/gpu_device.cc:1613] Created device /job:localhost/replica:0/task:0/device:GPU:3 with 14782 MB memory:  -> device: 3, name: Tesla V100-SXM2-16GB, pci bus id: 0000:89:00.0, compute capability: 7.0
2025-02-04 23:15:19.889196: I tensorflow/compiler/xla/stream_executor/cuda/cuda_dnn.cc:428] Loaded cuDNN version 8600
2025-02-04 23:15:19.925257: I tensorflow/compiler/xla/stream_executor/cuda/cuda_dnn.cc:428] Loaded cuDNN version 8600
2025-02-04 23:15:21.261966: I tensorflow/compiler/xla/stream_executor/cuda/cuda_dnn.cc:428] Loaded cuDNN version 8600
2025-02-04 23:15:22.104083: I tensorflow/compiler/xla/stream_executor/cuda/cuda_dnn.cc:428] Loaded cuDNN version 8600
2025-02-04 23:15:22.134120: I tensorflow/compiler/xla/stream_executor/cuda/cuda_dnn.cc:428] Loaded cuDNN version 8600
2025-02-04 23:15:22.966642: I tensorflow/compiler/xla/stream_executor/cuda/cuda_dnn.cc:428] Loaded cuDNN version 8600
2025-02-04 23:15:23.044297: I tensorflow/compiler/xla/stream_executor/cuda/cuda_dnn.cc:428] Loaded cuDNN version 8600
2025-02-04 23:15:23.218449: I tensorflow/compiler/xla/stream_executor/cuda/cuda_dnn.cc:428] Loaded cuDNN version 8600
2025-02-04 23:15:23.929531: I tensorflow/compiler/xla/stream_executor/cuda/cuda_dnn.cc:428] Loaded cuDNN version 8600
2025-02-04 23:15:24.162425: I tensorflow/compiler/xla/stream_executor/cuda/cuda_dnn.cc:428] Loaded cuDNN version 8600
2025-02-04 23:15:24.520654: I tensorflow/compiler/xla/stream_executor/cuda/cuda_dnn.cc:428] Loaded cuDNN version 8600
2025-02-04 23:15:24.808615: I tensorflow/compiler/xla/stream_executor/cuda/cuda_dnn.cc:428] Loaded cuDNN version 8600
2025-02-04 23:15:25.115497: I tensorflow/compiler/xla/stream_executor/cuda/cuda_dnn.cc:428] Loaded cuDNN version 8600
2025-02-04 23:15:26.472817: I tensorflow/compiler/xla/stream_executor/cuda/cuda_dnn.cc:428] Loaded cuDNN version 8600
2025-02-04 23:15:27.091424: I tensorflow/compiler/xla/stream_executor/cuda/cuda_dnn.cc:428] Loaded cuDNN version 8600
2025-02-04 23:15:27.373063: I tensorflow/compiler/xla/stream_executor/cuda/cuda_dnn.cc:428] Loaded cuDNN version 8600
2025-02-04 23:15:28.267045: I tensorflow/compiler/xla/stream_executor/cuda/cuda_dnn.cc:428] Loaded cuDNN version 8600
2025-02-04 23:15:28.365507: I tensorflow/compiler/xla/service/service.cc:173] XLA service 0x148fb457ce70 initialized for platform CUDA (this does not guarantee that XLA will be used). Devices:
2025-02-04 23:15:28.365548: I tensorflow/compiler/xla/service/service.cc:181]   StreamExecutor device (0): Tesla V100-SXM2-16GB, Compute Capability 7.0
2025-02-04 23:15:28.365555: I tensorflow/compiler/xla/service/service.cc:181]   StreamExecutor device (1): Tesla V100-SXM2-16GB, Compute Capability 7.0
2025-02-04 23:15:28.365561: I tensorflow/compiler/xla/service/service.cc:181]   StreamExecutor device (2): Tesla V100-SXM2-16GB, Compute Capability 7.0
2025-02-04 23:15:28.365566: I tensorflow/compiler/xla/service/service.cc:181]   StreamExecutor device (3): Tesla V100-SXM2-16GB, Compute Capability 7.0
2025-02-04 23:15:28.390179: I tensorflow/compiler/mlir/tensorflow/utils/dump_mlir_util.cc:268] disabling MLIR crash reproducer, set env var `MLIR_CRASH_REPRODUCER_DIRECTORY` to enable.
2025-02-04 23:15:28.680123: I tensorflow/compiler/jit/xla_compilation_cache.cc:477] Compiled cluster using XLA!  This line is logged at most once for the lifetime of the process.
2025-02-04 23:15:29.039194: I tensorflow/compiler/xla/stream_executor/cuda/cuda_dnn.cc:428] Loaded cuDNN version 8600
2025-02-04 23:15:29.087279: I tensorflow/compiler/xla/stream_executor/cuda/cuda_dnn.cc:428] Loaded cuDNN version 8600
2025-02-04 23:15:29.975453: I tensorflow/compiler/xla/stream_executor/cuda/cuda_dnn.cc:428] Loaded cuDNN version 8600
2025-02-04 23:15:30.890811: I tensorflow/compiler/xla/service/service.cc:173] XLA service 0x145d90ee16a0 initialized for platform CUDA (this does not guarantee that XLA will be used). Devices:
2025-02-04 23:15:30.890852: I tensorflow/compiler/xla/service/service.cc:181]   StreamExecutor device (0): Tesla V100-SXM2-16GB, Compute Capability 7.0
2025-02-04 23:15:30.890859: I tensorflow/compiler/xla/service/service.cc:181]   StreamExecutor device (1): Tesla V100-SXM2-16GB, Compute Capability 7.0
2025-02-04 23:15:30.890864: I tensorflow/compiler/xla/service/service.cc:181]   StreamExecutor device (2): Tesla V100-SXM2-16GB, Compute Capability 7.0
2025-02-04 23:15:30.890869: I tensorflow/compiler/xla/service/service.cc:181]   StreamExecutor device (3): Tesla V100-SXM2-16GB, Compute Capability 7.0
2025-02-04 23:15:30.916773: I tensorflow/compiler/mlir/tensorflow/utils/dump_mlir_util.cc:268] disabling MLIR crash reproducer, set env var `MLIR_CRASH_REPRODUCER_DIRECTORY` to enable.
2025-02-04 23:15:30.918228: I tensorflow/compiler/xla/stream_executor/cuda/cuda_dnn.cc:428] Loaded cuDNN version 8600
2025-02-04 23:15:30.929624: I tensorflow/compiler/xla/stream_executor/cuda/cuda_dnn.cc:428] Loaded cuDNN version 8600
2025-02-04 23:15:31.007628: I tensorflow/compiler/xla/service/service.cc:173] XLA service 0x14d8833d0040 initialized for platform CUDA (this does not guarantee that XLA will be used). Devices:
2025-02-04 23:15:31.007671: I tensorflow/compiler/xla/service/service.cc:181]   StreamExecutor device (0): Tesla V100-SXM2-16GB, Compute Capability 7.0
2025-02-04 23:15:31.007678: I tensorflow/compiler/xla/service/service.cc:181]   StreamExecutor device (1): Tesla V100-SXM2-16GB, Compute Capability 7.0
2025-02-04 23:15:31.007684: I tensorflow/compiler/xla/service/service.cc:181]   StreamExecutor device (2): Tesla V100-SXM2-16GB, Compute Capability 7.0
2025-02-04 23:15:31.007690: I tensorflow/compiler/xla/service/service.cc:181]   StreamExecutor device (3): Tesla V100-SXM2-16GB, Compute Capability 7.0
2025-02-04 23:15:31.028626: I tensorflow/compiler/mlir/tensorflow/utils/dump_mlir_util.cc:268] disabling MLIR crash reproducer, set env var `MLIR_CRASH_REPRODUCER_DIRECTORY` to enable.
2025-02-04 23:15:31.194601: I tensorflow/compiler/jit/xla_compilation_cache.cc:477] Compiled cluster using XLA!  This line is logged at most once for the lifetime of the process.
2025-02-04 23:15:31.285523: I tensorflow/compiler/jit/xla_compilation_cache.cc:477] Compiled cluster using XLA!  This line is logged at most once for the lifetime of the process.
2025-02-04 23:15:32.362717: I tensorflow/compiler/xla/service/service.cc:173] XLA service 0x14d2ee9d3590 initialized for platform CUDA (this does not guarantee that XLA will be used). Devices:
2025-02-04 23:15:32.362760: I tensorflow/compiler/xla/service/service.cc:181]   StreamExecutor device (0): Tesla V100-SXM2-16GB, Compute Capability 7.0
2025-02-04 23:15:32.362767: I tensorflow/compiler/xla/service/service.cc:181]   StreamExecutor device (1): Tesla V100-SXM2-16GB, Compute Capability 7.0
2025-02-04 23:15:32.362773: I tensorflow/compiler/xla/service/service.cc:181]   StreamExecutor device (2): Tesla V100-SXM2-16GB, Compute Capability 7.0
2025-02-04 23:15:32.362778: I tensorflow/compiler/xla/service/service.cc:181]   StreamExecutor device (3): Tesla V100-SXM2-16GB, Compute Capability 7.0
2025-02-04 23:15:32.386259: I tensorflow/compiler/mlir/tensorflow/utils/dump_mlir_util.cc:268] disabling MLIR crash reproducer, set env var `MLIR_CRASH_REPRODUCER_DIRECTORY` to enable.
2025-02-04 23:15:32.660501: I tensorflow/compiler/jit/xla_compilation_cache.cc:477] Compiled cluster using XLA!  This line is logged at most once for the lifetime of the process.
2025-02-04 23:15:35.355168: I tensorflow/compiler/xla/service/service.cc:173] XLA service 0x6f20e030 initialized for platform CUDA (this does not guarantee that XLA will be used). Devices:
2025-02-04 23:15:35.355209: I tensorflow/compiler/xla/service/service.cc:181]   StreamExecutor device (0): Tesla V100-SXM2-16GB, Compute Capability 7.0
2025-02-04 23:15:35.355216: I tensorflow/compiler/xla/service/service.cc:181]   StreamExecutor device (1): Tesla V100-SXM2-16GB, Compute Capability 7.0
2025-02-04 23:15:35.355221: I tensorflow/compiler/xla/service/service.cc:181]   StreamExecutor device (2): Tesla V100-SXM2-16GB, Compute Capability 7.0
2025-02-04 23:15:35.355227: I tensorflow/compiler/xla/service/service.cc:181]   StreamExecutor device (3): Tesla V100-SXM2-16GB, Compute Capability 7.0
2025-02-04 23:15:35.378605: I tensorflow/compiler/mlir/tensorflow/utils/dump_mlir_util.cc:268] disabling MLIR crash reproducer, set env var `MLIR_CRASH_REPRODUCER_DIRECTORY` to enable.
2025-02-04 23:15:35.651910: I tensorflow/compiler/jit/xla_compilation_cache.cc:477] Compiled cluster using XLA!  This line is logged at most once for the lifetime of the process.
2025-02-04 23:15:37.237015: I tensorflow/compiler/xla/service/service.cc:173] XLA service 0x147c37668810 initialized for platform CUDA (this does not guarantee that XLA will be used). Devices:
2025-02-04 23:15:37.237058: I tensorflow/compiler/xla/service/service.cc:181]   StreamExecutor device (0): Tesla V100-SXM2-16GB, Compute Capability 7.0
2025-02-04 23:15:37.237066: I tensorflow/compiler/xla/service/service.cc:181]   StreamExecutor device (1): Tesla V100-SXM2-16GB, Compute Capability 7.0
2025-02-04 23:15:37.237071: I tensorflow/compiler/xla/service/service.cc:181]   StreamExecutor device (2): Tesla V100-SXM2-16GB, Compute Capability 7.0
2025-02-04 23:15:37.237077: I tensorflow/compiler/xla/service/service.cc:181]   StreamExecutor device (3): Tesla V100-SXM2-16GB, Compute Capability 7.0
2025-02-04 23:15:37.264127: I tensorflow/compiler/mlir/tensorflow/utils/dump_mlir_util.cc:268] disabling MLIR crash reproducer, set env var `MLIR_CRASH_REPRODUCER_DIRECTORY` to enable.
2025-02-04 23:15:37.542008: I tensorflow/compiler/jit/xla_compilation_cache.cc:477] Compiled cluster using XLA!  This line is logged at most once for the lifetime of the process.
2025-02-04 23:15:38.149439: I tensorflow/compiler/xla/service/service.cc:173] XLA service 0x6bef5b60 initialized for platform CUDA (this does not guarantee that XLA will be used). Devices:
2025-02-04 23:15:38.149482: I tensorflow/compiler/xla/service/service.cc:181]   StreamExecutor device (0): Tesla V100-SXM2-16GB, Compute Capability 7.0
2025-02-04 23:15:38.149489: I tensorflow/compiler/xla/service/service.cc:181]   StreamExecutor device (1): Tesla V100-SXM2-16GB, Compute Capability 7.0
2025-02-04 23:15:38.149494: I tensorflow/compiler/xla/service/service.cc:181]   StreamExecutor device (2): Tesla V100-SXM2-16GB, Compute Capability 7.0
2025-02-04 23:15:38.149499: I tensorflow/compiler/xla/service/service.cc:181]   StreamExecutor device (3): Tesla V100-SXM2-16GB, Compute Capability 7.0
2025-02-04 23:15:38.173336: I tensorflow/compiler/mlir/tensorflow/utils/dump_mlir_util.cc:268] disabling MLIR crash reproducer, set env var `MLIR_CRASH_REPRODUCER_DIRECTORY` to enable.
2025-02-04 23:15:38.440194: I tensorflow/compiler/jit/xla_compilation_cache.cc:477] Compiled cluster using XLA!  This line is logged at most once for the lifetime of the process.
srun: Job 10915695 step creation temporarily disabled, retrying (Requested nodes are busy)
srun: Job 10915695 step creation temporarily disabled, retrying (Requested nodes are busy)
srun: Job 10915695 step creation still disabled, retrying (Requested nodes are busy)
srun: Job 10915695 step creation still disabled, retrying (Requested nodes are busy)
srun: Job 10915695 step creation still disabled, retrying (Requested nodes are busy)
srun: Job 10915695 step creation still disabled, retrying (Requested nodes are busy)
srun: Job 10915695 step creation still disabled, retrying (Requested nodes are busy)
srun: Job 10915695 step creation still disabled, retrying (Requested nodes are busy)
srun: Job 10915695 step creation still disabled, retrying (Requested nodes are busy)
srun: Job 10915695 step creation still disabled, retrying (Requested nodes are busy)
srun: Job 10915695 step creation still disabled, retrying (Requested nodes are busy)
srun: Job 10915695 step creation still disabled, retrying (Requested nodes are busy)
srun: Job 10915695 step creation still disabled, retrying (Requested nodes are busy)
srun: Job 10915695 step creation still disabled, retrying (Requested nodes are busy)
srun: Job 10915695 step creation still disabled, retrying (Requested nodes are busy)
srun: Job 10915695 step creation still disabled, retrying (Requested nodes are busy)
srun: Job 10915695 step creation still disabled, retrying (Requested nodes are busy)
srun: Job 10915695 step creation still disabled, retrying (Requested nodes are busy)
srun: Job 10915695 step creation still disabled, retrying (Requested nodes are busy)
srun: Job 10915695 step creation still disabled, retrying (Requested nodes are busy)
srun: Job 10915695 step creation still disabled, retrying (Requested nodes are busy)
srun: Job 10915695 step creation still disabled, retrying (Requested nodes are busy)
srun: Job 10915695 step creation still disabled, retrying (Requested nodes are busy)
srun: Job 10915695 step creation still disabled, retrying (Requested nodes are busy)
srun: Job 10915695 step creation still disabled, retrying (Requested nodes are busy)
srun: Job 10915695 step creation still disabled, retrying (Requested nodes are busy)
srun: Job 10915695 step creation still disabled, retrying (Requested nodes are busy)
srun: Job 10915695 step creation still disabled, retrying (Requested nodes are busy)
srun: Job 10915695 step creation still disabled, retrying (Requested nodes are busy)
srun: Job 10915695 step creation still disabled, retrying (Requested nodes are busy)
srun: Job 10915695 step creation still disabled, retrying (Requested nodes are busy)
srun: Job 10915695 step creation still disabled, retrying (Requested nodes are busy)
srun: Job 10915695 step creation still disabled, retrying (Requested nodes are busy)
srun: Job 10915695 step creation still disabled, retrying (Requested nodes are busy)
srun: Job 10915695 step creation still disabled, retrying (Requested nodes are busy)
srun: Job 10915695 step creation still disabled, retrying (Requested nodes are busy)
srun: Job 10915695 step creation still disabled, retrying (Requested nodes are busy)
srun: Job 10915695 step creation still disabled, retrying (Requested nodes are busy)
srun: Job 10915695 step creation still disabled, retrying (Requested nodes are busy)
srun: Job 10915695 step creation still disabled, retrying (Requested nodes are busy)
srun: Job 10915695 step creation still disabled, retrying (Requested nodes are busy)
srun: Job 10915695 step creation still disabled, retrying (Requested nodes are busy)
srun: Job 10915695 step creation still disabled, retrying (Requested nodes are busy)
srun: Job 10915695 step creation still disabled, retrying (Requested nodes are busy)
srun: Job 10915695 step creation still disabled, retrying (Requested nodes are busy)
srun: Job 10915695 step creation still disabled, retrying (Requested nodes are busy)
srun: Job 10915695 step creation still disabled, retrying (Requested nodes are busy)
srun: Job 10915695 step creation still disabled, retrying (Requested nodes are busy)
srun: Job 10915695 step creation still disabled, retrying (Requested nodes are busy)
srun: Job 10915695 step creation still disabled, retrying (Requested nodes are busy)
srun: Job 10915695 step creation still disabled, retrying (Requested nodes are busy)
srun: Job 10915695 step creation still disabled, retrying (Requested nodes are busy)
srun: Job 10915695 step creation still disabled, retrying (Requested nodes are busy)
srun: Job 10915695 step creation still disabled, retrying (Requested nodes are busy)
srun: Job 10915695 step creation still disabled, retrying (Requested nodes are busy)
srun: Job 10915695 step creation still disabled, retrying (Requested nodes are busy)
srun: Job 10915695 step creation still disabled, retrying (Requested nodes are busy)
srun: Job 10915695 step creation still disabled, retrying (Requested nodes are busy)
srun: Job 10915695 step creation still disabled, retrying (Requested nodes are busy)
srun: Job 10915695 step creation still disabled, retrying (Requested nodes are busy)
srun: Job 10915695 step creation still disabled, retrying (Requested nodes are busy)
srun: Job 10915695 step creation still disabled, retrying (Requested nodes are busy)
srun: Job 10915695 step creation still disabled, retrying (Requested nodes are busy)
srun: Job 10915695 step creation still disabled, retrying (Requested nodes are busy)
srun: Job 10915695 step creation still disabled, retrying (Requested nodes are busy)
srun: Job 10915695 step creation still disabled, retrying (Requested nodes are busy)
srun: Job 10915695 step creation still disabled, retrying (Requested nodes are busy)
srun: Job 10915695 step creation still disabled, retrying (Requested nodes are busy)
srun: Job 10915695 step creation still disabled, retrying (Requested nodes are busy)
srun: Job 10915695 step creation still disabled, retrying (Requested nodes are busy)
srun: Job 10915695 step creation still disabled, retrying (Requested nodes are busy)
srun: Job 10915695 step creation still disabled, retrying (Requested nodes are busy)
srun: Job 10915695 step creation still disabled, retrying (Requested nodes are busy)
srun: Job 10915695 step creation still disabled, retrying (Requested nodes are busy)
srun: Job 10915695 step creation still disabled, retrying (Requested nodes are busy)
srun: Job 10915695 step creation still disabled, retrying (Requested nodes are busy)
srun: Job 10915695 step creation still disabled, retrying (Requested nodes are busy)
srun: Job 10915695 step creation still disabled, retrying (Requested nodes are busy)
srun: Job 10915695 step creation still disabled, retrying (Requested nodes are busy)
srun: Job 10915695 step creation still disabled, retrying (Requested nodes are busy)
srun: Job 10915695 step creation still disabled, retrying (Requested nodes are busy)
srun: Job 10915695 step creation still disabled, retrying (Requested nodes are busy)
srun: Job 10915695 step creation still disabled, retrying (Requested nodes are busy)
srun: Job 10915695 step creation still disabled, retrying (Requested nodes are busy)
srun: Job 10915695 step creation still disabled, retrying (Requested nodes are busy)
srun: Job 10915695 step creation still disabled, retrying (Requested nodes are busy)
srun: Job 10915695 step creation still disabled, retrying (Requested nodes are busy)
srun: Job 10915695 step creation still disabled, retrying (Requested nodes are busy)
srun: Job 10915695 step creation still disabled, retrying (Requested nodes are busy)
srun: Job 10915695 step creation still disabled, retrying (Requested nodes are busy)
srun: Job 10915695 step creation still disabled, retrying (Requested nodes are busy)
srun: Job 10915695 step creation still disabled, retrying (Requested nodes are busy)
srun: Job 10915695 step creation still disabled, retrying (Requested nodes are busy)
srun: Job 10915695 step creation still disabled, retrying (Requested nodes are busy)
srun: Job 10915695 step creation still disabled, retrying (Requested nodes are busy)
srun: Job 10915695 step creation still disabled, retrying (Requested nodes are busy)
srun: Job 10915695 step creation still disabled, retrying (Requested nodes are busy)
srun: Job 10915695 step creation still disabled, retrying (Requested nodes are busy)
srun: Job 10915695 step creation still disabled, retrying (Requested nodes are busy)
srun: Job 10915695 step creation still disabled, retrying (Requested nodes are busy)
srun: Job 10915695 step creation still disabled, retrying (Requested nodes are busy)
srun: Step created for StepId=10915695.7
2025-02-05 01:03:52.667107: I tensorflow/core/common_runtime/gpu/gpu_device.cc:1613] Created device /job:localhost/replica:0/task:0/device:GPU:0 with 14782 MB memory:  -> device: 0, name: Tesla V100-SXM2-16GB, pci bus id: 0000:60:00.0, compute capability: 7.0
2025-02-05 01:03:52.667816: I tensorflow/core/common_runtime/gpu/gpu_device.cc:1613] Created device /job:localhost/replica:0/task:0/device:GPU:1 with 14782 MB memory:  -> device: 1, name: Tesla V100-SXM2-16GB, pci bus id: 0000:61:00.0, compute capability: 7.0
2025-02-05 01:03:52.668411: I tensorflow/core/common_runtime/gpu/gpu_device.cc:1613] Created device /job:localhost/replica:0/task:0/device:GPU:2 with 14782 MB memory:  -> device: 2, name: Tesla V100-SXM2-16GB, pci bus id: 0000:88:00.0, compute capability: 7.0
2025-02-05 01:03:52.668975: I tensorflow/core/common_runtime/gpu/gpu_device.cc:1613] Created device /job:localhost/replica:0/task:0/device:GPU:3 with 14782 MB memory:  -> device: 3, name: Tesla V100-SXM2-16GB, pci bus id: 0000:89:00.0, compute capability: 7.0
2025-02-05 01:04:12.890225: I tensorflow/compiler/xla/stream_executor/cuda/cuda_dnn.cc:428] Loaded cuDNN version 8600
2025-02-05 01:04:14.480349: I tensorflow/compiler/xla/stream_executor/cuda/cuda_dnn.cc:428] Loaded cuDNN version 8600
2025-02-05 01:04:15.432328: I tensorflow/compiler/xla/stream_executor/cuda/cuda_dnn.cc:428] Loaded cuDNN version 8600
2025-02-05 01:04:16.375026: I tensorflow/compiler/xla/stream_executor/cuda/cuda_dnn.cc:428] Loaded cuDNN version 8600
2025-02-05 01:04:23.462468: I tensorflow/compiler/xla/service/service.cc:173] XLA service 0x1509a77b7c20 initialized for platform CUDA (this does not guarantee that XLA will be used). Devices:
2025-02-05 01:04:23.462507: I tensorflow/compiler/xla/service/service.cc:181]   StreamExecutor device (0): Tesla V100-SXM2-16GB, Compute Capability 7.0
2025-02-05 01:04:23.462517: I tensorflow/compiler/xla/service/service.cc:181]   StreamExecutor device (1): Tesla V100-SXM2-16GB, Compute Capability 7.0
2025-02-05 01:04:23.462526: I tensorflow/compiler/xla/service/service.cc:181]   StreamExecutor device (2): Tesla V100-SXM2-16GB, Compute Capability 7.0
2025-02-05 01:04:23.462537: I tensorflow/compiler/xla/service/service.cc:181]   StreamExecutor device (3): Tesla V100-SXM2-16GB, Compute Capability 7.0
2025-02-05 01:04:23.469052: I tensorflow/compiler/mlir/tensorflow/utils/dump_mlir_util.cc:268] disabling MLIR crash reproducer, set env var `MLIR_CRASH_REPRODUCER_DIRECTORY` to enable.
2025-02-05 01:04:23.647475: I tensorflow/compiler/jit/xla_compilation_cache.cc:477] Compiled cluster using XLA!  This line is logged at most once for the lifetime of the process.
srun: Job 10915695 step creation still disabled, retrying (Requested nodes are busy)
srun: Job 10915695 step creation still disabled, retrying (Requested nodes are busy)
srun: Job 10915695 step creation still disabled, retrying (Requested nodes are busy)
srun: Job 10915695 step creation still disabled, retrying (Requested nodes are busy)
srun: Job 10915695 step creation still disabled, retrying (Requested nodes are busy)
srun: Job 10915695 step creation still disabled, retrying (Requested nodes are busy)
srun: Job 10915695 step creation still disabled, retrying (Requested nodes are busy)
srun: Job 10915695 step creation still disabled, retrying (Requested nodes are busy)
srun: Job 10915695 step creation still disabled, retrying (Requested nodes are busy)
srun: Job 10915695 step creation still disabled, retrying (Requested nodes are busy)
srun: Job 10915695 step creation still disabled, retrying (Requested nodes are busy)
srun: Job 10915695 step creation still disabled, retrying (Requested nodes are busy)
srun: Job 10915695 step creation still disabled, retrying (Requested nodes are busy)
srun: Job 10915695 step creation still disabled, retrying (Requested nodes are busy)
srun: Job 10915695 step creation still disabled, retrying (Requested nodes are busy)
srun: Step created for StepId=10915695.8
2025-02-05 01:35:56.021220: I tensorflow/core/common_runtime/gpu/gpu_device.cc:1613] Created device /job:localhost/replica:0/task:0/device:GPU:0 with 14782 MB memory:  -> device: 0, name: Tesla V100-SXM2-16GB, pci bus id: 0000:60:00.0, compute capability: 7.0
2025-02-05 01:35:56.021930: I tensorflow/core/common_runtime/gpu/gpu_device.cc:1613] Created device /job:localhost/replica:0/task:0/device:GPU:1 with 14782 MB memory:  -> device: 1, name: Tesla V100-SXM2-16GB, pci bus id: 0000:61:00.0, compute capability: 7.0
2025-02-05 01:35:56.022482: I tensorflow/core/common_runtime/gpu/gpu_device.cc:1613] Created device /job:localhost/replica:0/task:0/device:GPU:2 with 14782 MB memory:  -> device: 2, name: Tesla V100-SXM2-16GB, pci bus id: 0000:88:00.0, compute capability: 7.0
2025-02-05 01:35:56.023010: I tensorflow/core/common_runtime/gpu/gpu_device.cc:1613] Created device /job:localhost/replica:0/task:0/device:GPU:3 with 14782 MB memory:  -> device: 3, name: Tesla V100-SXM2-16GB, pci bus id: 0000:89:00.0, compute capability: 7.0
2025-02-05 01:36:15.966440: I tensorflow/compiler/xla/stream_executor/cuda/cuda_dnn.cc:428] Loaded cuDNN version 8600
2025-02-05 01:36:17.419963: I tensorflow/compiler/xla/stream_executor/cuda/cuda_dnn.cc:428] Loaded cuDNN version 8600
2025-02-05 01:36:18.322549: I tensorflow/compiler/xla/stream_executor/cuda/cuda_dnn.cc:428] Loaded cuDNN version 8600
2025-02-05 01:36:19.207673: I tensorflow/compiler/xla/stream_executor/cuda/cuda_dnn.cc:428] Loaded cuDNN version 8600
2025-02-05 01:36:26.231528: I tensorflow/compiler/xla/service/service.cc:173] XLA service 0x15002801b2d0 initialized for platform CUDA (this does not guarantee that XLA will be used). Devices:
2025-02-05 01:36:26.231565: I tensorflow/compiler/xla/service/service.cc:181]   StreamExecutor device (0): Tesla V100-SXM2-16GB, Compute Capability 7.0
2025-02-05 01:36:26.231571: I tensorflow/compiler/xla/service/service.cc:181]   StreamExecutor device (1): Tesla V100-SXM2-16GB, Compute Capability 7.0
2025-02-05 01:36:26.231576: I tensorflow/compiler/xla/service/service.cc:181]   StreamExecutor device (2): Tesla V100-SXM2-16GB, Compute Capability 7.0
2025-02-05 01:36:26.231597: I tensorflow/compiler/xla/service/service.cc:181]   StreamExecutor device (3): Tesla V100-SXM2-16GB, Compute Capability 7.0
2025-02-05 01:36:26.237592: I tensorflow/compiler/mlir/tensorflow/utils/dump_mlir_util.cc:268] disabling MLIR crash reproducer, set env var `MLIR_CRASH_REPRODUCER_DIRECTORY` to enable.
2025-02-05 01:36:26.415055: I tensorflow/compiler/jit/xla_compilation_cache.cc:477] Compiled cluster using XLA!  This line is logged at most once for the lifetime of the process.
