mkdir: cannot create directory ‘/p/project1/deepacf’: Permission denied
mkdir: cannot create directory ‘/p/project1/deepacf’: Permission denied
2025-02-07 12:43:48.639269: I tensorflow/core/common_runtime/gpu/gpu_device.cc:1613] Created device /job:localhost/replica:0/task:0/device:GPU:0 with 38482 MB memory:  -> device: 0, name: NVIDIA A100-SXM4-40GB, pci bus id: 0000:03:00.0, compute capability: 8.0
2025-02-07 12:43:48.641063: I tensorflow/core/common_runtime/gpu/gpu_device.cc:1613] Created device /job:localhost/replica:0/task:0/device:GPU:1 with 38482 MB memory:  -> device: 1, name: NVIDIA A100-SXM4-40GB, pci bus id: 0000:44:00.0, compute capability: 8.0
2025-02-07 12:43:48.642557: I tensorflow/core/common_runtime/gpu/gpu_device.cc:1613] Created device /job:localhost/replica:0/task:0/device:GPU:2 with 38482 MB memory:  -> device: 2, name: NVIDIA A100-SXM4-40GB, pci bus id: 0000:84:00.0, compute capability: 8.0
2025-02-07 12:43:48.643989: I tensorflow/core/common_runtime/gpu/gpu_device.cc:1613] Created device /job:localhost/replica:0/task:0/device:GPU:3 with 38482 MB memory:  -> device: 3, name: NVIDIA A100-SXM4-40GB, pci bus id: 0000:c4:00.0, compute capability: 8.0
2025-02-07 12:43:50.268566: I tensorflow/core/common_runtime/gpu/gpu_device.cc:1613] Created device /job:localhost/replica:0/task:0/device:GPU:0 with 38482 MB memory:  -> device: 0, name: NVIDIA A100-SXM4-40GB, pci bus id: 0000:03:00.0, compute capability: 8.0
2025-02-07 12:43:50.270104: I tensorflow/core/common_runtime/gpu/gpu_device.cc:1613] Created device /job:localhost/replica:0/task:0/device:GPU:1 with 38482 MB memory:  -> device: 1, name: NVIDIA A100-SXM4-40GB, pci bus id: 0000:44:00.0, compute capability: 8.0
2025-02-07 12:43:50.271668: I tensorflow/core/common_runtime/gpu/gpu_device.cc:1613] Created device /job:localhost/replica:0/task:0/device:GPU:2 with 38482 MB memory:  -> device: 2, name: NVIDIA A100-SXM4-40GB, pci bus id: 0000:84:00.0, compute capability: 8.0
2025-02-07 12:43:50.273136: I tensorflow/core/common_runtime/gpu/gpu_device.cc:1613] Created device /job:localhost/replica:0/task:0/device:GPU:3 with 38482 MB memory:  -> device: 3, name: NVIDIA A100-SXM4-40GB, pci bus id: 0000:c4:00.0, compute capability: 8.0
2025-02-07 12:43:51.144126: I tensorflow/core/common_runtime/gpu/gpu_device.cc:1613] Created device /job:localhost/replica:0/task:0/device:GPU:0 with 38482 MB memory:  -> device: 0, name: NVIDIA A100-SXM4-40GB, pci bus id: 0000:03:00.0, compute capability: 8.0
2025-02-07 12:43:51.145829: I tensorflow/core/common_runtime/gpu/gpu_device.cc:1613] Created device /job:localhost/replica:0/task:0/device:GPU:1 with 38482 MB memory:  -> device: 1, name: NVIDIA A100-SXM4-40GB, pci bus id: 0000:44:00.0, compute capability: 8.0
2025-02-07 12:43:51.147445: I tensorflow/core/common_runtime/gpu/gpu_device.cc:1613] Created device /job:localhost/replica:0/task:0/device:GPU:2 with 38482 MB memory:  -> device: 2, name: NVIDIA A100-SXM4-40GB, pci bus id: 0000:84:00.0, compute capability: 8.0
2025-02-07 12:43:51.148860: I tensorflow/core/common_runtime/gpu/gpu_device.cc:1613] Created device /job:localhost/replica:0/task:0/device:GPU:3 with 38482 MB memory:  -> device: 3, name: NVIDIA A100-SXM4-40GB, pci bus id: 0000:c4:00.0, compute capability: 8.0
2025-02-07 12:43:52.630706: I tensorflow/core/common_runtime/gpu/gpu_device.cc:1613] Created device /job:localhost/replica:0/task:0/device:GPU:0 with 38482 MB memory:  -> device: 0, name: NVIDIA A100-SXM4-40GB, pci bus id: 0000:03:00.0, compute capability: 8.0
2025-02-07 12:43:52.633295: I tensorflow/core/common_runtime/gpu/gpu_device.cc:1613] Created device /job:localhost/replica:0/task:0/device:GPU:1 with 38482 MB memory:  -> device: 1, name: NVIDIA A100-SXM4-40GB, pci bus id: 0000:44:00.0, compute capability: 8.0
2025-02-07 12:43:52.634749: I tensorflow/core/common_runtime/gpu/gpu_device.cc:1613] Created device /job:localhost/replica:0/task:0/device:GPU:2 with 38482 MB memory:  -> device: 2, name: NVIDIA A100-SXM4-40GB, pci bus id: 0000:84:00.0, compute capability: 8.0
2025-02-07 12:43:52.637169: I tensorflow/core/common_runtime/gpu/gpu_device.cc:1613] Created device /job:localhost/replica:0/task:0/device:GPU:3 with 38482 MB memory:  -> device: 3, name: NVIDIA A100-SXM4-40GB, pci bus id: 0000:c4:00.0, compute capability: 8.0
2025-02-07 12:43:53.477814: I tensorflow/core/common_runtime/gpu/gpu_device.cc:1613] Created device /job:localhost/replica:0/task:0/device:GPU:0 with 38482 MB memory:  -> device: 0, name: NVIDIA A100-SXM4-40GB, pci bus id: 0000:03:00.0, compute capability: 8.0
2025-02-07 12:43:53.479609: I tensorflow/core/common_runtime/gpu/gpu_device.cc:1613] Created device /job:localhost/replica:0/task:0/device:GPU:1 with 38482 MB memory:  -> device: 1, name: NVIDIA A100-SXM4-40GB, pci bus id: 0000:44:00.0, compute capability: 8.0
2025-02-07 12:43:53.481040: I tensorflow/core/common_runtime/gpu/gpu_device.cc:1613] Created device /job:localhost/replica:0/task:0/device:GPU:2 with 38482 MB memory:  -> device: 2, name: NVIDIA A100-SXM4-40GB, pci bus id: 0000:84:00.0, compute capability: 8.0
2025-02-07 12:43:53.482375: I tensorflow/core/common_runtime/gpu/gpu_device.cc:1613] Created device /job:localhost/replica:0/task:0/device:GPU:3 with 38482 MB memory:  -> device: 3, name: NVIDIA A100-SXM4-40GB, pci bus id: 0000:c4:00.0, compute capability: 8.0
2025-02-07 12:44:02.237037: I tensorflow/core/common_runtime/gpu/gpu_device.cc:1613] Created device /job:localhost/replica:0/task:0/device:GPU:0 with 38482 MB memory:  -> device: 0, name: NVIDIA A100-SXM4-40GB, pci bus id: 0000:03:00.0, compute capability: 8.0
2025-02-07 12:44:02.238707: I tensorflow/core/common_runtime/gpu/gpu_device.cc:1613] Created device /job:localhost/replica:0/task:0/device:GPU:1 with 38482 MB memory:  -> device: 1, name: NVIDIA A100-SXM4-40GB, pci bus id: 0000:44:00.0, compute capability: 8.0
2025-02-07 12:44:02.240206: I tensorflow/core/common_runtime/gpu/gpu_device.cc:1613] Created device /job:localhost/replica:0/task:0/device:GPU:2 with 38482 MB memory:  -> device: 2, name: NVIDIA A100-SXM4-40GB, pci bus id: 0000:84:00.0, compute capability: 8.0
2025-02-07 12:44:02.242580: I tensorflow/core/common_runtime/gpu/gpu_device.cc:1613] Created device /job:localhost/replica:0/task:0/device:GPU:3 with 38482 MB memory:  -> device: 3, name: NVIDIA A100-SXM4-40GB, pci bus id: 0000:c4:00.0, compute capability: 8.0
2025-02-07 12:44:03.456221: I tensorflow/core/common_runtime/gpu/gpu_device.cc:1613] Created device /job:localhost/replica:0/task:0/device:GPU:0 with 38482 MB memory:  -> device: 0, name: NVIDIA A100-SXM4-40GB, pci bus id: 0000:03:00.0, compute capability: 8.0
2025-02-07 12:44:03.458474: I tensorflow/core/common_runtime/gpu/gpu_device.cc:1613] Created device /job:localhost/replica:0/task:0/device:GPU:1 with 38482 MB memory:  -> device: 1, name: NVIDIA A100-SXM4-40GB, pci bus id: 0000:44:00.0, compute capability: 8.0
2025-02-07 12:44:03.459963: I tensorflow/core/common_runtime/gpu/gpu_device.cc:1613] Created device /job:localhost/replica:0/task:0/device:GPU:2 with 38482 MB memory:  -> device: 2, name: NVIDIA A100-SXM4-40GB, pci bus id: 0000:84:00.0, compute capability: 8.0
2025-02-07 12:44:03.461347: I tensorflow/core/common_runtime/gpu/gpu_device.cc:1613] Created device /job:localhost/replica:0/task:0/device:GPU:3 with 38482 MB memory:  -> device: 3, name: NVIDIA A100-SXM4-40GB, pci bus id: 0000:c4:00.0, compute capability: 8.0
2025-02-07 12:44:11.595752: I tensorflow/compiler/xla/stream_executor/cuda/cuda_dnn.cc:428] Loaded cuDNN version 8600
2025-02-07 12:44:13.210883: I tensorflow/compiler/xla/stream_executor/cuda/cuda_dnn.cc:428] Loaded cuDNN version 8600
2025-02-07 12:44:13.990079: I tensorflow/compiler/xla/stream_executor/cuda/cuda_dnn.cc:428] Loaded cuDNN version 8600
2025-02-07 12:44:14.671293: I tensorflow/compiler/xla/stream_executor/cuda/cuda_dnn.cc:428] Loaded cuDNN version 8600
2025-02-07 12:44:15.197605: I tensorflow/compiler/xla/stream_executor/cuda/cuda_dnn.cc:428] Loaded cuDNN version 8600
2025-02-07 12:44:15.346328: I tensorflow/compiler/xla/stream_executor/cuda/cuda_dnn.cc:428] Loaded cuDNN version 8600
2025-02-07 12:44:15.788100: I tensorflow/compiler/xla/stream_executor/cuda/cuda_dnn.cc:428] Loaded cuDNN version 8600
2025-02-07 12:44:16.408592: I tensorflow/compiler/xla/stream_executor/cuda/cuda_dnn.cc:428] Loaded cuDNN version 8600
2025-02-07 12:44:17.056805: I tensorflow/compiler/xla/stream_executor/cuda/cuda_dnn.cc:428] Loaded cuDNN version 8600
2025-02-07 12:44:17.182995: I tensorflow/compiler/xla/stream_executor/cuda/cuda_dnn.cc:428] Loaded cuDNN version 8600
2025-02-07 12:44:17.942757: I tensorflow/compiler/xla/stream_executor/cuda/cuda_dnn.cc:428] Loaded cuDNN version 8600
2025-02-07 12:44:19.089457: I tensorflow/compiler/xla/stream_executor/cuda/cuda_dnn.cc:428] Loaded cuDNN version 8600
2025-02-07 12:44:19.607964: I tensorflow/compiler/xla/stream_executor/cuda/cuda_dnn.cc:428] Loaded cuDNN version 8600
2025-02-07 12:44:20.251158: I tensorflow/compiler/xla/stream_executor/cuda/cuda_dnn.cc:428] Loaded cuDNN version 8600
2025-02-07 12:44:20.775538: I tensorflow/compiler/xla/stream_executor/cuda/cuda_dnn.cc:428] Loaded cuDNN version 8600
2025-02-07 12:44:21.940972: I tensorflow/compiler/xla/stream_executor/cuda/cuda_dnn.cc:428] Loaded cuDNN version 8600
2025-02-07 12:44:25.682584: I tensorflow/compiler/xla/stream_executor/cuda/cuda_dnn.cc:428] Loaded cuDNN version 8600
2025-02-07 12:44:25.796673: I tensorflow/compiler/xla/service/service.cc:173] XLA service 0x152533556630 initialized for platform CUDA (this does not guarantee that XLA will be used). Devices:
2025-02-07 12:44:25.796737: I tensorflow/compiler/xla/service/service.cc:181]   StreamExecutor device (0): NVIDIA A100-SXM4-40GB, Compute Capability 8.0
2025-02-07 12:44:25.796744: I tensorflow/compiler/xla/service/service.cc:181]   StreamExecutor device (1): NVIDIA A100-SXM4-40GB, Compute Capability 8.0
2025-02-07 12:44:25.796750: I tensorflow/compiler/xla/service/service.cc:181]   StreamExecutor device (2): NVIDIA A100-SXM4-40GB, Compute Capability 8.0
2025-02-07 12:44:25.796756: I tensorflow/compiler/xla/service/service.cc:181]   StreamExecutor device (3): NVIDIA A100-SXM4-40GB, Compute Capability 8.0
2025-02-07 12:44:25.802655: I tensorflow/compiler/mlir/tensorflow/utils/dump_mlir_util.cc:268] disabling MLIR crash reproducer, set env var `MLIR_CRASH_REPRODUCER_DIRECTORY` to enable.
2025-02-07 12:44:25.993268: I tensorflow/compiler/jit/xla_compilation_cache.cc:477] Compiled cluster using XLA!  This line is logged at most once for the lifetime of the process.
2025-02-07 12:44:26.672303: I tensorflow/compiler/xla/stream_executor/cuda/cuda_dnn.cc:428] Loaded cuDNN version 8600
2025-02-07 12:44:27.787991: I tensorflow/compiler/xla/service/service.cc:173] XLA service 0x14d23769a830 initialized for platform CUDA (this does not guarantee that XLA will be used). Devices:
2025-02-07 12:44:27.788069: I tensorflow/compiler/xla/service/service.cc:181]   StreamExecutor device (0): NVIDIA A100-SXM4-40GB, Compute Capability 8.0
2025-02-07 12:44:27.788076: I tensorflow/compiler/xla/service/service.cc:181]   StreamExecutor device (1): NVIDIA A100-SXM4-40GB, Compute Capability 8.0
2025-02-07 12:44:27.788082: I tensorflow/compiler/xla/service/service.cc:181]   StreamExecutor device (2): NVIDIA A100-SXM4-40GB, Compute Capability 8.0
2025-02-07 12:44:27.788088: I tensorflow/compiler/xla/service/service.cc:181]   StreamExecutor device (3): NVIDIA A100-SXM4-40GB, Compute Capability 8.0
2025-02-07 12:44:27.808240: I tensorflow/compiler/mlir/tensorflow/utils/dump_mlir_util.cc:268] disabling MLIR crash reproducer, set env var `MLIR_CRASH_REPRODUCER_DIRECTORY` to enable.
2025-02-07 12:44:28.166923: I tensorflow/compiler/jit/xla_compilation_cache.cc:477] Compiled cluster using XLA!  This line is logged at most once for the lifetime of the process.
2025-02-07 12:44:28.490433: I tensorflow/compiler/xla/stream_executor/cuda/cuda_dnn.cc:428] Loaded cuDNN version 8600
2025-02-07 12:44:28.865243: I tensorflow/compiler/xla/service/service.cc:173] XLA service 0x14f439fd76c0 initialized for platform CUDA (this does not guarantee that XLA will be used). Devices:
2025-02-07 12:44:28.865306: I tensorflow/compiler/xla/service/service.cc:181]   StreamExecutor device (0): NVIDIA A100-SXM4-40GB, Compute Capability 8.0
2025-02-07 12:44:28.865313: I tensorflow/compiler/xla/service/service.cc:181]   StreamExecutor device (1): NVIDIA A100-SXM4-40GB, Compute Capability 8.0
2025-02-07 12:44:28.865319: I tensorflow/compiler/xla/service/service.cc:181]   StreamExecutor device (2): NVIDIA A100-SXM4-40GB, Compute Capability 8.0
2025-02-07 12:44:28.865325: I tensorflow/compiler/xla/service/service.cc:181]   StreamExecutor device (3): NVIDIA A100-SXM4-40GB, Compute Capability 8.0
2025-02-07 12:44:28.871371: I tensorflow/compiler/mlir/tensorflow/utils/dump_mlir_util.cc:268] disabling MLIR crash reproducer, set env var `MLIR_CRASH_REPRODUCER_DIRECTORY` to enable.
2025-02-07 12:44:29.058808: I tensorflow/compiler/xla/stream_executor/cuda/cuda_dnn.cc:428] Loaded cuDNN version 8600
2025-02-07 12:44:29.062041: I tensorflow/compiler/jit/xla_compilation_cache.cc:477] Compiled cluster using XLA!  This line is logged at most once for the lifetime of the process.
2025-02-07 12:44:29.691908: I tensorflow/compiler/xla/stream_executor/cuda/cuda_dnn.cc:428] Loaded cuDNN version 8600
2025-02-07 12:44:30.880888: I tensorflow/compiler/xla/stream_executor/cuda/cuda_dnn.cc:428] Loaded cuDNN version 8600
2025-02-07 12:44:31.981918: I tensorflow/compiler/xla/service/service.cc:173] XLA service 0x14fea64e4b90 initialized for platform CUDA (this does not guarantee that XLA will be used). Devices:
2025-02-07 12:44:31.981979: I tensorflow/compiler/xla/service/service.cc:181]   StreamExecutor device (0): NVIDIA A100-SXM4-40GB, Compute Capability 8.0
2025-02-07 12:44:31.981986: I tensorflow/compiler/xla/service/service.cc:181]   StreamExecutor device (1): NVIDIA A100-SXM4-40GB, Compute Capability 8.0
2025-02-07 12:44:31.981992: I tensorflow/compiler/xla/service/service.cc:181]   StreamExecutor device (2): NVIDIA A100-SXM4-40GB, Compute Capability 8.0
2025-02-07 12:44:31.981998: I tensorflow/compiler/xla/service/service.cc:181]   StreamExecutor device (3): NVIDIA A100-SXM4-40GB, Compute Capability 8.0
2025-02-07 12:44:31.987914: I tensorflow/compiler/mlir/tensorflow/utils/dump_mlir_util.cc:268] disabling MLIR crash reproducer, set env var `MLIR_CRASH_REPRODUCER_DIRECTORY` to enable.
2025-02-07 12:44:32.170980: I tensorflow/compiler/jit/xla_compilation_cache.cc:477] Compiled cluster using XLA!  This line is logged at most once for the lifetime of the process.
2025-02-07 12:44:33.860516: I tensorflow/compiler/xla/service/service.cc:173] XLA service 0x14fa583dd9f0 initialized for platform CUDA (this does not guarantee that XLA will be used). Devices:
2025-02-07 12:44:33.860596: I tensorflow/compiler/xla/service/service.cc:181]   StreamExecutor device (0): NVIDIA A100-SXM4-40GB, Compute Capability 8.0
2025-02-07 12:44:33.860603: I tensorflow/compiler/xla/service/service.cc:181]   StreamExecutor device (1): NVIDIA A100-SXM4-40GB, Compute Capability 8.0
2025-02-07 12:44:33.860609: I tensorflow/compiler/xla/service/service.cc:181]   StreamExecutor device (2): NVIDIA A100-SXM4-40GB, Compute Capability 8.0
2025-02-07 12:44:33.860615: I tensorflow/compiler/xla/service/service.cc:181]   StreamExecutor device (3): NVIDIA A100-SXM4-40GB, Compute Capability 8.0
2025-02-07 12:44:33.879531: I tensorflow/compiler/mlir/tensorflow/utils/dump_mlir_util.cc:268] disabling MLIR crash reproducer, set env var `MLIR_CRASH_REPRODUCER_DIRECTORY` to enable.
2025-02-07 12:44:34.133902: I tensorflow/compiler/jit/xla_compilation_cache.cc:477] Compiled cluster using XLA!  This line is logged at most once for the lifetime of the process.
2025-02-07 12:44:39.625235: I tensorflow/compiler/xla/service/service.cc:173] XLA service 0x14b28edbab40 initialized for platform CUDA (this does not guarantee that XLA will be used). Devices:
2025-02-07 12:44:39.625319: I tensorflow/compiler/xla/service/service.cc:181]   StreamExecutor device (0): NVIDIA A100-SXM4-40GB, Compute Capability 8.0
2025-02-07 12:44:39.625326: I tensorflow/compiler/xla/service/service.cc:181]   StreamExecutor device (1): NVIDIA A100-SXM4-40GB, Compute Capability 8.0
2025-02-07 12:44:39.625334: I tensorflow/compiler/xla/service/service.cc:181]   StreamExecutor device (2): NVIDIA A100-SXM4-40GB, Compute Capability 8.0
2025-02-07 12:44:39.625340: I tensorflow/compiler/xla/service/service.cc:181]   StreamExecutor device (3): NVIDIA A100-SXM4-40GB, Compute Capability 8.0
2025-02-07 12:44:39.639587: I tensorflow/compiler/mlir/tensorflow/utils/dump_mlir_util.cc:268] disabling MLIR crash reproducer, set env var `MLIR_CRASH_REPRODUCER_DIRECTORY` to enable.
2025-02-07 12:44:39.865587: I tensorflow/compiler/jit/xla_compilation_cache.cc:477] Compiled cluster using XLA!  This line is logged at most once for the lifetime of the process.
2025-02-07 12:44:43.119922: I tensorflow/compiler/xla/service/service.cc:173] XLA service 0x151d20448690 initialized for platform CUDA (this does not guarantee that XLA will be used). Devices:
2025-02-07 12:44:43.119987: I tensorflow/compiler/xla/service/service.cc:181]   StreamExecutor device (0): NVIDIA A100-SXM4-40GB, Compute Capability 8.0
2025-02-07 12:44:43.119995: I tensorflow/compiler/xla/service/service.cc:181]   StreamExecutor device (1): NVIDIA A100-SXM4-40GB, Compute Capability 8.0
2025-02-07 12:44:43.120001: I tensorflow/compiler/xla/service/service.cc:181]   StreamExecutor device (2): NVIDIA A100-SXM4-40GB, Compute Capability 8.0
2025-02-07 12:44:43.120007: I tensorflow/compiler/xla/service/service.cc:181]   StreamExecutor device (3): NVIDIA A100-SXM4-40GB, Compute Capability 8.0
2025-02-07 12:44:43.139506: I tensorflow/compiler/mlir/tensorflow/utils/dump_mlir_util.cc:268] disabling MLIR crash reproducer, set env var `MLIR_CRASH_REPRODUCER_DIRECTORY` to enable.
2025-02-07 12:44:43.390197: I tensorflow/compiler/jit/xla_compilation_cache.cc:477] Compiled cluster using XLA!  This line is logged at most once for the lifetime of the process.
srun: Job 10942988 step creation temporarily disabled, retrying (Requested nodes are busy)
srun: Job 10942988 step creation temporarily disabled, retrying (Requested nodes are busy)
srun: Job 10942988 step creation still disabled, retrying (Requested nodes are busy)
srun: Job 10942988 step creation still disabled, retrying (Requested nodes are busy)
srun: Job 10942988 step creation still disabled, retrying (Requested nodes are busy)
srun: Job 10942988 step creation still disabled, retrying (Requested nodes are busy)
srun: Job 10942988 step creation still disabled, retrying (Requested nodes are busy)
srun: Job 10942988 step creation still disabled, retrying (Requested nodes are busy)
srun: Job 10942988 step creation still disabled, retrying (Requested nodes are busy)
srun: Job 10942988 step creation still disabled, retrying (Requested nodes are busy)
srun: Job 10942988 step creation still disabled, retrying (Requested nodes are busy)
srun: Job 10942988 step creation still disabled, retrying (Requested nodes are busy)
srun: Job 10942988 step creation still disabled, retrying (Requested nodes are busy)
srun: Job 10942988 step creation still disabled, retrying (Requested nodes are busy)
srun: Job 10942988 step creation still disabled, retrying (Requested nodes are busy)
srun: Job 10942988 step creation still disabled, retrying (Requested nodes are busy)
srun: Job 10942988 step creation still disabled, retrying (Requested nodes are busy)
srun: Job 10942988 step creation still disabled, retrying (Requested nodes are busy)
srun: Job 10942988 step creation still disabled, retrying (Requested nodes are busy)
srun: Job 10942988 step creation still disabled, retrying (Requested nodes are busy)
srun: Job 10942988 step creation still disabled, retrying (Requested nodes are busy)
srun: Job 10942988 step creation still disabled, retrying (Requested nodes are busy)
srun: Job 10942988 step creation still disabled, retrying (Requested nodes are busy)
srun: Job 10942988 step creation still disabled, retrying (Requested nodes are busy)
srun: Job 10942988 step creation still disabled, retrying (Requested nodes are busy)
srun: Job 10942988 step creation still disabled, retrying (Requested nodes are busy)
srun: Job 10942988 step creation still disabled, retrying (Requested nodes are busy)
srun: Job 10942988 step creation still disabled, retrying (Requested nodes are busy)
srun: Job 10942988 step creation still disabled, retrying (Requested nodes are busy)
srun: Job 10942988 step creation still disabled, retrying (Requested nodes are busy)
srun: Job 10942988 step creation still disabled, retrying (Requested nodes are busy)
srun: Job 10942988 step creation still disabled, retrying (Requested nodes are busy)
srun: Job 10942988 step creation still disabled, retrying (Requested nodes are busy)
srun: Job 10942988 step creation still disabled, retrying (Requested nodes are busy)
srun: Job 10942988 step creation still disabled, retrying (Requested nodes are busy)
srun: Job 10942988 step creation still disabled, retrying (Requested nodes are busy)
srun: Job 10942988 step creation still disabled, retrying (Requested nodes are busy)
srun: Job 10942988 step creation still disabled, retrying (Requested nodes are busy)
srun: Job 10942988 step creation still disabled, retrying (Requested nodes are busy)
srun: Job 10942988 step creation still disabled, retrying (Requested nodes are busy)
srun: Job 10942988 step creation still disabled, retrying (Requested nodes are busy)
srun: Job 10942988 step creation still disabled, retrying (Requested nodes are busy)
srun: Job 10942988 step creation still disabled, retrying (Requested nodes are busy)
srun: Job 10942988 step creation still disabled, retrying (Requested nodes are busy)
srun: Job 10942988 step creation still disabled, retrying (Requested nodes are busy)
srun: Job 10942988 step creation still disabled, retrying (Requested nodes are busy)
srun: Job 10942988 step creation still disabled, retrying (Requested nodes are busy)
srun: Job 10942988 step creation still disabled, retrying (Requested nodes are busy)
srun: Job 10942988 step creation still disabled, retrying (Requested nodes are busy)
srun: Job 10942988 step creation still disabled, retrying (Requested nodes are busy)
srun: Job 10942988 step creation still disabled, retrying (Requested nodes are busy)
srun: Job 10942988 step creation still disabled, retrying (Requested nodes are busy)
srun: Job 10942988 step creation still disabled, retrying (Requested nodes are busy)
srun: Job 10942988 step creation still disabled, retrying (Requested nodes are busy)
srun: Job 10942988 step creation still disabled, retrying (Requested nodes are busy)
srun: Job 10942988 step creation still disabled, retrying (Requested nodes are busy)
srun: Job 10942988 step creation still disabled, retrying (Requested nodes are busy)
srun: Job 10942988 step creation still disabled, retrying (Requested nodes are busy)
srun: Job 10942988 step creation still disabled, retrying (Requested nodes are busy)
srun: Job 10942988 step creation still disabled, retrying (Requested nodes are busy)
srun: Job 10942988 step creation still disabled, retrying (Requested nodes are busy)
srun: Job 10942988 step creation still disabled, retrying (Requested nodes are busy)
srun: Job 10942988 step creation still disabled, retrying (Requested nodes are busy)
srun: Job 10942988 step creation still disabled, retrying (Requested nodes are busy)
srun: Job 10942988 step creation still disabled, retrying (Requested nodes are busy)
srun: Job 10942988 step creation still disabled, retrying (Requested nodes are busy)
srun: Job 10942988 step creation still disabled, retrying (Requested nodes are busy)
srun: Job 10942988 step creation still disabled, retrying (Requested nodes are busy)
srun: Job 10942988 step creation still disabled, retrying (Requested nodes are busy)
srun: Job 10942988 step creation still disabled, retrying (Requested nodes are busy)
srun: Job 10942988 step creation still disabled, retrying (Requested nodes are busy)
srun: Job 10942988 step creation still disabled, retrying (Requested nodes are busy)
srun: Job 10942988 step creation still disabled, retrying (Requested nodes are busy)
srun: Job 10942988 step creation still disabled, retrying (Requested nodes are busy)
srun: Job 10942988 step creation still disabled, retrying (Requested nodes are busy)
srun: Job 10942988 step creation still disabled, retrying (Requested nodes are busy)
srun: Job 10942988 step creation still disabled, retrying (Requested nodes are busy)
srun: Job 10942988 step creation still disabled, retrying (Requested nodes are busy)
srun: Job 10942988 step creation still disabled, retrying (Requested nodes are busy)
srun: Job 10942988 step creation still disabled, retrying (Requested nodes are busy)
srun: Job 10942988 step creation still disabled, retrying (Requested nodes are busy)
srun: Job 10942988 step creation still disabled, retrying (Requested nodes are busy)
srun: Job 10942988 step creation still disabled, retrying (Requested nodes are busy)
srun: Job 10942988 step creation still disabled, retrying (Requested nodes are busy)
srun: Job 10942988 step creation still disabled, retrying (Requested nodes are busy)
srun: Job 10942988 step creation still disabled, retrying (Requested nodes are busy)
srun: Job 10942988 step creation still disabled, retrying (Requested nodes are busy)
srun: Job 10942988 step creation still disabled, retrying (Requested nodes are busy)
srun: Job 10942988 step creation still disabled, retrying (Requested nodes are busy)
srun: Job 10942988 step creation still disabled, retrying (Requested nodes are busy)
srun: Job 10942988 step creation still disabled, retrying (Requested nodes are busy)
srun: Job 10942988 step creation still disabled, retrying (Requested nodes are busy)
srun: Job 10942988 step creation still disabled, retrying (Requested nodes are busy)
srun: Job 10942988 step creation still disabled, retrying (Requested nodes are busy)
srun: Job 10942988 step creation still disabled, retrying (Requested nodes are busy)
srun: Job 10942988 step creation still disabled, retrying (Requested nodes are busy)
srun: Job 10942988 step creation still disabled, retrying (Requested nodes are busy)
srun: Job 10942988 step creation still disabled, retrying (Requested nodes are busy)
srun: Job 10942988 step creation still disabled, retrying (Requested nodes are busy)
srun: Job 10942988 step creation still disabled, retrying (Requested nodes are busy)
srun: Job 10942988 step creation still disabled, retrying (Requested nodes are busy)
srun: Job 10942988 step creation still disabled, retrying (Requested nodes are busy)
srun: Job 10942988 step creation still disabled, retrying (Requested nodes are busy)
srun: Job 10942988 step creation still disabled, retrying (Requested nodes are busy)
srun: Job 10942988 step creation still disabled, retrying (Requested nodes are busy)
srun: Job 10942988 step creation still disabled, retrying (Requested nodes are busy)
srun: Job 10942988 step creation still disabled, retrying (Requested nodes are busy)
srun: Job 10942988 step creation still disabled, retrying (Requested nodes are busy)
srun: Job 10942988 step creation still disabled, retrying (Requested nodes are busy)
srun: Job 10942988 step creation still disabled, retrying (Requested nodes are busy)
srun: Job 10942988 step creation still disabled, retrying (Requested nodes are busy)
srun: Job 10942988 step creation still disabled, retrying (Requested nodes are busy)
srun: Job 10942988 step creation still disabled, retrying (Requested nodes are busy)
srun: Job 10942988 step creation still disabled, retrying (Requested nodes are busy)
srun: Job 10942988 step creation still disabled, retrying (Requested nodes are busy)
srun: Job 10942988 step creation still disabled, retrying (Requested nodes are busy)
srun: Job 10942988 step creation still disabled, retrying (Requested nodes are busy)
srun: Job 10942988 step creation still disabled, retrying (Requested nodes are busy)
srun: Job 10942988 step creation still disabled, retrying (Requested nodes are busy)
srun: Job 10942988 step creation still disabled, retrying (Requested nodes are busy)
srun: Job 10942988 step creation still disabled, retrying (Requested nodes are busy)
srun: Job 10942988 step creation still disabled, retrying (Requested nodes are busy)
srun: Job 10942988 step creation still disabled, retrying (Requested nodes are busy)
srun: Job 10942988 step creation still disabled, retrying (Requested nodes are busy)
srun: Job 10942988 step creation still disabled, retrying (Requested nodes are busy)
srun: Job 10942988 step creation still disabled, retrying (Requested nodes are busy)
srun: Job 10942988 step creation still disabled, retrying (Requested nodes are busy)
srun: Job 10942988 step creation still disabled, retrying (Requested nodes are busy)
srun: Job 10942988 step creation still disabled, retrying (Requested nodes are busy)
srun: Job 10942988 step creation still disabled, retrying (Requested nodes are busy)
srun: Job 10942988 step creation still disabled, retrying (Requested nodes are busy)
srun: Job 10942988 step creation still disabled, retrying (Requested nodes are busy)
srun: Job 10942988 step creation still disabled, retrying (Requested nodes are busy)
srun: Job 10942988 step creation still disabled, retrying (Requested nodes are busy)
srun: Job 10942988 step creation still disabled, retrying (Requested nodes are busy)
srun: Job 10942988 step creation still disabled, retrying (Requested nodes are busy)
srun: Job 10942988 step creation still disabled, retrying (Requested nodes are busy)
srun: Job 10942988 step creation still disabled, retrying (Requested nodes are busy)
srun: Job 10942988 step creation still disabled, retrying (Requested nodes are busy)
srun: Job 10942988 step creation still disabled, retrying (Requested nodes are busy)
srun: Job 10942988 step creation still disabled, retrying (Requested nodes are busy)
srun: Job 10942988 step creation still disabled, retrying (Requested nodes are busy)
srun: Job 10942988 step creation still disabled, retrying (Requested nodes are busy)
srun: Job 10942988 step creation still disabled, retrying (Requested nodes are busy)
srun: Job 10942988 step creation still disabled, retrying (Requested nodes are busy)
srun: Job 10942988 step creation still disabled, retrying (Requested nodes are busy)
srun: Job 10942988 step creation still disabled, retrying (Requested nodes are busy)
srun: Job 10942988 step creation still disabled, retrying (Requested nodes are busy)
srun: Job 10942988 step creation still disabled, retrying (Requested nodes are busy)
srun: Job 10942988 step creation still disabled, retrying (Requested nodes are busy)
srun: Job 10942988 step creation still disabled, retrying (Requested nodes are busy)
srun: Job 10942988 step creation still disabled, retrying (Requested nodes are busy)
srun: Job 10942988 step creation still disabled, retrying (Requested nodes are busy)
srun: Job 10942988 step creation still disabled, retrying (Requested nodes are busy)
srun: Job 10942988 step creation still disabled, retrying (Requested nodes are busy)
srun: Job 10942988 step creation still disabled, retrying (Requested nodes are busy)
srun: Job 10942988 step creation still disabled, retrying (Requested nodes are busy)
srun: Job 10942988 step creation still disabled, retrying (Requested nodes are busy)
srun: Job 10942988 step creation still disabled, retrying (Requested nodes are busy)
srun: Job 10942988 step creation still disabled, retrying (Requested nodes are busy)
srun: Job 10942988 step creation still disabled, retrying (Requested nodes are busy)
srun: Job 10942988 step creation still disabled, retrying (Requested nodes are busy)
srun: Job 10942988 step creation still disabled, retrying (Requested nodes are busy)
srun: Job 10942988 step creation still disabled, retrying (Requested nodes are busy)
srun: Job 10942988 step creation still disabled, retrying (Requested nodes are busy)
srun: Job 10942988 step creation still disabled, retrying (Requested nodes are busy)
srun: Job 10942988 step creation still disabled, retrying (Requested nodes are busy)
srun: Job 10942988 step creation still disabled, retrying (Requested nodes are busy)
srun: Job 10942988 step creation still disabled, retrying (Requested nodes are busy)
srun: Job 10942988 step creation still disabled, retrying (Requested nodes are busy)
srun: Step created for StepId=10942988.7
2025-02-07 15:39:40.766687: I tensorflow/core/common_runtime/gpu/gpu_device.cc:1613] Created device /job:localhost/replica:0/task:0/device:GPU:0 with 38482 MB memory:  -> device: 0, name: NVIDIA A100-SXM4-40GB, pci bus id: 0000:03:00.0, compute capability: 8.0
2025-02-07 15:39:40.768233: I tensorflow/core/common_runtime/gpu/gpu_device.cc:1613] Created device /job:localhost/replica:0/task:0/device:GPU:1 with 38482 MB memory:  -> device: 1, name: NVIDIA A100-SXM4-40GB, pci bus id: 0000:44:00.0, compute capability: 8.0
2025-02-07 15:39:40.769698: I tensorflow/core/common_runtime/gpu/gpu_device.cc:1613] Created device /job:localhost/replica:0/task:0/device:GPU:2 with 38482 MB memory:  -> device: 2, name: NVIDIA A100-SXM4-40GB, pci bus id: 0000:84:00.0, compute capability: 8.0
2025-02-07 15:39:40.771038: I tensorflow/core/common_runtime/gpu/gpu_device.cc:1613] Created device /job:localhost/replica:0/task:0/device:GPU:3 with 38482 MB memory:  -> device: 3, name: NVIDIA A100-SXM4-40GB, pci bus id: 0000:c4:00.0, compute capability: 8.0
2025-02-07 15:40:03.725213: I tensorflow/compiler/xla/stream_executor/cuda/cuda_dnn.cc:428] Loaded cuDNN version 8600
2025-02-07 15:40:06.025407: I tensorflow/compiler/xla/stream_executor/cuda/cuda_dnn.cc:428] Loaded cuDNN version 8600
2025-02-07 15:40:07.236286: I tensorflow/compiler/xla/stream_executor/cuda/cuda_dnn.cc:428] Loaded cuDNN version 8600
2025-02-07 15:40:08.434816: I tensorflow/compiler/xla/stream_executor/cuda/cuda_dnn.cc:428] Loaded cuDNN version 8600
2025-02-07 15:40:20.842916: I tensorflow/compiler/xla/service/service.cc:173] XLA service 0x14c5b1aeebd0 initialized for platform CUDA (this does not guarantee that XLA will be used). Devices:
2025-02-07 15:40:20.842970: I tensorflow/compiler/xla/service/service.cc:181]   StreamExecutor device (0): NVIDIA A100-SXM4-40GB, Compute Capability 8.0
2025-02-07 15:40:20.842977: I tensorflow/compiler/xla/service/service.cc:181]   StreamExecutor device (1): NVIDIA A100-SXM4-40GB, Compute Capability 8.0
2025-02-07 15:40:20.842983: I tensorflow/compiler/xla/service/service.cc:181]   StreamExecutor device (2): NVIDIA A100-SXM4-40GB, Compute Capability 8.0
2025-02-07 15:40:20.842988: I tensorflow/compiler/xla/service/service.cc:181]   StreamExecutor device (3): NVIDIA A100-SXM4-40GB, Compute Capability 8.0
2025-02-07 15:40:20.849034: I tensorflow/compiler/mlir/tensorflow/utils/dump_mlir_util.cc:268] disabling MLIR crash reproducer, set env var `MLIR_CRASH_REPRODUCER_DIRECTORY` to enable.
2025-02-07 15:40:21.040434: I tensorflow/compiler/jit/xla_compilation_cache.cc:477] Compiled cluster using XLA!  This line is logged at most once for the lifetime of the process.
srun: Job 10942988 step creation still disabled, retrying (Requested nodes are busy)
srun: Job 10942988 step creation still disabled, retrying (Requested nodes are busy)
srun: Job 10942988 step creation still disabled, retrying (Requested nodes are busy)
srun: Job 10942988 step creation still disabled, retrying (Requested nodes are busy)
srun: Job 10942988 step creation still disabled, retrying (Requested nodes are busy)
srun: Job 10942988 step creation still disabled, retrying (Requested nodes are busy)
srun: Job 10942988 step creation still disabled, retrying (Requested nodes are busy)
srun: Job 10942988 step creation still disabled, retrying (Requested nodes are busy)
srun: Job 10942988 step creation still disabled, retrying (Requested nodes are busy)
srun: Job 10942988 step creation still disabled, retrying (Requested nodes are busy)
srun: Job 10942988 step creation still disabled, retrying (Requested nodes are busy)
srun: Job 10942988 step creation still disabled, retrying (Requested nodes are busy)
srun: Job 10942988 step creation still disabled, retrying (Requested nodes are busy)
srun: Job 10942988 step creation still disabled, retrying (Requested nodes are busy)
srun: Job 10942988 step creation still disabled, retrying (Requested nodes are busy)
srun: Job 10942988 step creation still disabled, retrying (Requested nodes are busy)
srun: Job 10942988 step creation still disabled, retrying (Requested nodes are busy)
srun: Job 10942988 step creation still disabled, retrying (Requested nodes are busy)
srun: Job 10942988 step creation still disabled, retrying (Requested nodes are busy)
srun: Job 10942988 step creation still disabled, retrying (Requested nodes are busy)
srun: Job 10942988 step creation still disabled, retrying (Requested nodes are busy)
srun: Job 10942988 step creation still disabled, retrying (Requested nodes are busy)
srun: Job 10942988 step creation still disabled, retrying (Requested nodes are busy)
srun: Job 10942988 step creation still disabled, retrying (Requested nodes are busy)
srun: Job 10942988 step creation still disabled, retrying (Requested nodes are busy)
srun: Job 10942988 step creation still disabled, retrying (Requested nodes are busy)
srun: Job 10942988 step creation still disabled, retrying (Requested nodes are busy)
srun: Job 10942988 step creation still disabled, retrying (Requested nodes are busy)
srun: Job 10942988 step creation still disabled, retrying (Requested nodes are busy)
srun: Job 10942988 step creation still disabled, retrying (Requested nodes are busy)
srun: Job 10942988 step creation still disabled, retrying (Requested nodes are busy)
srun: Job 10942988 step creation still disabled, retrying (Requested nodes are busy)
srun: Job 10942988 step creation still disabled, retrying (Requested nodes are busy)
srun: Job 10942988 step creation still disabled, retrying (Requested nodes are busy)
srun: Job 10942988 step creation still disabled, retrying (Requested nodes are busy)
srun: Job 10942988 step creation still disabled, retrying (Requested nodes are busy)
srun: Job 10942988 step creation still disabled, retrying (Requested nodes are busy)
srun: Job 10942988 step creation still disabled, retrying (Requested nodes are busy)
srun: Step created for StepId=10942988.8
2025-02-07 16:56:23.889348: I tensorflow/core/common_runtime/gpu/gpu_device.cc:1613] Created device /job:localhost/replica:0/task:0/device:GPU:0 with 38482 MB memory:  -> device: 0, name: NVIDIA A100-SXM4-40GB, pci bus id: 0000:03:00.0, compute capability: 8.0
2025-02-07 16:56:23.891028: I tensorflow/core/common_runtime/gpu/gpu_device.cc:1613] Created device /job:localhost/replica:0/task:0/device:GPU:1 with 38482 MB memory:  -> device: 1, name: NVIDIA A100-SXM4-40GB, pci bus id: 0000:44:00.0, compute capability: 8.0
2025-02-07 16:56:23.892496: I tensorflow/core/common_runtime/gpu/gpu_device.cc:1613] Created device /job:localhost/replica:0/task:0/device:GPU:2 with 38482 MB memory:  -> device: 2, name: NVIDIA A100-SXM4-40GB, pci bus id: 0000:84:00.0, compute capability: 8.0
2025-02-07 16:56:23.894010: I tensorflow/core/common_runtime/gpu/gpu_device.cc:1613] Created device /job:localhost/replica:0/task:0/device:GPU:3 with 38482 MB memory:  -> device: 3, name: NVIDIA A100-SXM4-40GB, pci bus id: 0000:c4:00.0, compute capability: 8.0
2025-02-07 16:56:46.903638: I tensorflow/compiler/xla/stream_executor/cuda/cuda_dnn.cc:428] Loaded cuDNN version 8600
2025-02-07 16:56:49.009812: I tensorflow/compiler/xla/stream_executor/cuda/cuda_dnn.cc:428] Loaded cuDNN version 8600
2025-02-07 16:56:50.172614: I tensorflow/compiler/xla/stream_executor/cuda/cuda_dnn.cc:428] Loaded cuDNN version 8600
2025-02-07 16:56:51.368197: I tensorflow/compiler/xla/stream_executor/cuda/cuda_dnn.cc:428] Loaded cuDNN version 8600
2025-02-07 16:57:03.138803: I tensorflow/compiler/xla/service/service.cc:173] XLA service 0x1524abdc5c70 initialized for platform CUDA (this does not guarantee that XLA will be used). Devices:
2025-02-07 16:57:03.138876: I tensorflow/compiler/xla/service/service.cc:181]   StreamExecutor device (0): NVIDIA A100-SXM4-40GB, Compute Capability 8.0
2025-02-07 16:57:03.138883: I tensorflow/compiler/xla/service/service.cc:181]   StreamExecutor device (1): NVIDIA A100-SXM4-40GB, Compute Capability 8.0
2025-02-07 16:57:03.138889: I tensorflow/compiler/xla/service/service.cc:181]   StreamExecutor device (2): NVIDIA A100-SXM4-40GB, Compute Capability 8.0
2025-02-07 16:57:03.138902: I tensorflow/compiler/xla/service/service.cc:181]   StreamExecutor device (3): NVIDIA A100-SXM4-40GB, Compute Capability 8.0
2025-02-07 16:57:03.144772: I tensorflow/compiler/mlir/tensorflow/utils/dump_mlir_util.cc:268] disabling MLIR crash reproducer, set env var `MLIR_CRASH_REPRODUCER_DIRECTORY` to enable.
2025-02-07 16:57:03.335778: I tensorflow/compiler/jit/xla_compilation_cache.cc:477] Compiled cluster using XLA!  This line is logged at most once for the lifetime of the process.
