mkdir: cannot create directory ‘/p/project1/deepacf’: Permission denied
mkdir: cannot create directory ‘/p/project1/deepacf’: Permission denied
2025-02-07 12:43:52.481879: I tensorflow/core/common_runtime/gpu/gpu_device.cc:1613] Created device /job:localhost/replica:0/task:0/device:GPU:0 with 38482 MB memory:  -> device: 0, name: NVIDIA A100-SXM4-40GB, pci bus id: 0000:03:00.0, compute capability: 8.0
2025-02-07 12:43:52.483593: I tensorflow/core/common_runtime/gpu/gpu_device.cc:1613] Created device /job:localhost/replica:0/task:0/device:GPU:1 with 38482 MB memory:  -> device: 1, name: NVIDIA A100-SXM4-40GB, pci bus id: 0000:44:00.0, compute capability: 8.0
2025-02-07 12:43:52.485171: I tensorflow/core/common_runtime/gpu/gpu_device.cc:1613] Created device /job:localhost/replica:0/task:0/device:GPU:2 with 38482 MB memory:  -> device: 2, name: NVIDIA A100-SXM4-40GB, pci bus id: 0000:84:00.0, compute capability: 8.0
2025-02-07 12:43:52.486647: I tensorflow/core/common_runtime/gpu/gpu_device.cc:1613] Created device /job:localhost/replica:0/task:0/device:GPU:3 with 38482 MB memory:  -> device: 3, name: NVIDIA A100-SXM4-40GB, pci bus id: 0000:c4:00.0, compute capability: 8.0
2025-02-07 12:43:53.539017: I tensorflow/core/common_runtime/gpu/gpu_device.cc:1613] Created device /job:localhost/replica:0/task:0/device:GPU:0 with 38482 MB memory:  -> device: 0, name: NVIDIA A100-SXM4-40GB, pci bus id: 0000:03:00.0, compute capability: 8.0
2025-02-07 12:43:53.574374: I tensorflow/core/common_runtime/gpu/gpu_device.cc:1613] Created device /job:localhost/replica:0/task:0/device:GPU:0 with 38482 MB memory:  -> device: 0, name: NVIDIA A100-SXM4-40GB, pci bus id: 0000:03:00.0, compute capability: 8.0
2025-02-07 12:43:53.540721: I tensorflow/core/common_runtime/gpu/gpu_device.cc:1613] Created device /job:localhost/replica:0/task:0/device:GPU:1 with 38482 MB memory:  -> device: 1, name: NVIDIA A100-SXM4-40GB, pci bus id: 0000:44:00.0, compute capability: 8.0
2025-02-07 12:43:53.542219: I tensorflow/core/common_runtime/gpu/gpu_device.cc:1613] Created device /job:localhost/replica:0/task:0/device:GPU:2 with 38482 MB memory:  -> device: 2, name: NVIDIA A100-SXM4-40GB, pci bus id: 0000:84:00.0, compute capability: 8.0
2025-02-07 12:43:53.543682: I tensorflow/core/common_runtime/gpu/gpu_device.cc:1613] Created device /job:localhost/replica:0/task:0/device:GPU:3 with 38482 MB memory:  -> device: 3, name: NVIDIA A100-SXM4-40GB, pci bus id: 0000:c4:00.0, compute capability: 8.0
2025-02-07 12:43:53.575898: I tensorflow/core/common_runtime/gpu/gpu_device.cc:1613] Created device /job:localhost/replica:0/task:0/device:GPU:1 with 38482 MB memory:  -> device: 1, name: NVIDIA A100-SXM4-40GB, pci bus id: 0000:44:00.0, compute capability: 8.0
2025-02-07 12:43:53.577379: I tensorflow/core/common_runtime/gpu/gpu_device.cc:1613] Created device /job:localhost/replica:0/task:0/device:GPU:2 with 38482 MB memory:  -> device: 2, name: NVIDIA A100-SXM4-40GB, pci bus id: 0000:84:00.0, compute capability: 8.0
2025-02-07 12:43:53.578929: I tensorflow/core/common_runtime/gpu/gpu_device.cc:1613] Created device /job:localhost/replica:0/task:0/device:GPU:3 with 38482 MB memory:  -> device: 3, name: NVIDIA A100-SXM4-40GB, pci bus id: 0000:c4:00.0, compute capability: 8.0
2025-02-07 12:43:56.019460: I tensorflow/core/common_runtime/gpu/gpu_device.cc:1613] Created device /job:localhost/replica:0/task:0/device:GPU:0 with 38482 MB memory:  -> device: 0, name: NVIDIA A100-SXM4-40GB, pci bus id: 0000:03:00.0, compute capability: 8.0
2025-02-07 12:43:56.021133: I tensorflow/core/common_runtime/gpu/gpu_device.cc:1613] Created device /job:localhost/replica:0/task:0/device:GPU:1 with 38482 MB memory:  -> device: 1, name: NVIDIA A100-SXM4-40GB, pci bus id: 0000:44:00.0, compute capability: 8.0
2025-02-07 12:43:56.022627: I tensorflow/core/common_runtime/gpu/gpu_device.cc:1613] Created device /job:localhost/replica:0/task:0/device:GPU:2 with 38482 MB memory:  -> device: 2, name: NVIDIA A100-SXM4-40GB, pci bus id: 0000:84:00.0, compute capability: 8.0
2025-02-07 12:43:56.024114: I tensorflow/core/common_runtime/gpu/gpu_device.cc:1613] Created device /job:localhost/replica:0/task:0/device:GPU:3 with 38482 MB memory:  -> device: 3, name: NVIDIA A100-SXM4-40GB, pci bus id: 0000:c4:00.0, compute capability: 8.0
2025-02-07 12:43:58.282208: I tensorflow/core/common_runtime/gpu/gpu_device.cc:1613] Created device /job:localhost/replica:0/task:0/device:GPU:0 with 38482 MB memory:  -> device: 0, name: NVIDIA A100-SXM4-40GB, pci bus id: 0000:03:00.0, compute capability: 8.0
2025-02-07 12:43:58.283806: I tensorflow/core/common_runtime/gpu/gpu_device.cc:1613] Created device /job:localhost/replica:0/task:0/device:GPU:1 with 38482 MB memory:  -> device: 1, name: NVIDIA A100-SXM4-40GB, pci bus id: 0000:44:00.0, compute capability: 8.0
2025-02-07 12:43:58.285304: I tensorflow/core/common_runtime/gpu/gpu_device.cc:1613] Created device /job:localhost/replica:0/task:0/device:GPU:2 with 38482 MB memory:  -> device: 2, name: NVIDIA A100-SXM4-40GB, pci bus id: 0000:84:00.0, compute capability: 8.0
2025-02-07 12:43:58.286884: I tensorflow/core/common_runtime/gpu/gpu_device.cc:1613] Created device /job:localhost/replica:0/task:0/device:GPU:3 with 38482 MB memory:  -> device: 3, name: NVIDIA A100-SXM4-40GB, pci bus id: 0000:c4:00.0, compute capability: 8.0
2025-02-07 12:44:09.323211: I tensorflow/compiler/xla/stream_executor/cuda/cuda_dnn.cc:428] Loaded cuDNN version 8600
2025-02-07 12:44:09.774812: I tensorflow/compiler/xla/stream_executor/cuda/cuda_dnn.cc:428] Loaded cuDNN version 8600
2025-02-07 12:44:10.112627: I tensorflow/compiler/xla/stream_executor/cuda/cuda_blas.cc:630] TensorFloat-32 will be used for the matrix multiplication. This will only be logged once.
2025-02-07 12:44:10.283530: I tensorflow/compiler/xla/stream_executor/cuda/cuda_dnn.cc:428] Loaded cuDNN version 8600
2025-02-07 12:44:10.329493: I tensorflow/compiler/xla/stream_executor/cuda/cuda_blas.cc:630] TensorFloat-32 will be used for the matrix multiplication. This will only be logged once.
2025-02-07 12:44:10.503588: I tensorflow/compiler/xla/service/service.cc:173] XLA service 0x14a018091bd0 initialized for platform CUDA (this does not guarantee that XLA will be used). Devices:
2025-02-07 12:44:10.503667: I tensorflow/compiler/xla/service/service.cc:181]   StreamExecutor device (0): NVIDIA A100-SXM4-40GB, Compute Capability 8.0
2025-02-07 12:44:10.503675: I tensorflow/compiler/xla/service/service.cc:181]   StreamExecutor device (1): NVIDIA A100-SXM4-40GB, Compute Capability 8.0
2025-02-07 12:44:10.503681: I tensorflow/compiler/xla/service/service.cc:181]   StreamExecutor device (2): NVIDIA A100-SXM4-40GB, Compute Capability 8.0
2025-02-07 12:44:10.503688: I tensorflow/compiler/xla/service/service.cc:181]   StreamExecutor device (3): NVIDIA A100-SXM4-40GB, Compute Capability 8.0
2025-02-07 12:44:10.521183: I tensorflow/compiler/mlir/tensorflow/utils/dump_mlir_util.cc:268] disabling MLIR crash reproducer, set env var `MLIR_CRASH_REPRODUCER_DIRECTORY` to enable.
2025-02-07 12:44:10.645945: I tensorflow/compiler/xla/service/service.cc:173] XLA service 0x152708442590 initialized for platform CUDA (this does not guarantee that XLA will be used). Devices:
2025-02-07 12:44:10.645994: I tensorflow/compiler/xla/service/service.cc:181]   StreamExecutor device (0): NVIDIA A100-SXM4-40GB, Compute Capability 8.0
2025-02-07 12:44:10.646001: I tensorflow/compiler/xla/service/service.cc:181]   StreamExecutor device (1): NVIDIA A100-SXM4-40GB, Compute Capability 8.0
2025-02-07 12:44:10.646007: I tensorflow/compiler/xla/service/service.cc:181]   StreamExecutor device (2): NVIDIA A100-SXM4-40GB, Compute Capability 8.0
2025-02-07 12:44:10.646013: I tensorflow/compiler/xla/service/service.cc:181]   StreamExecutor device (3): NVIDIA A100-SXM4-40GB, Compute Capability 8.0
2025-02-07 12:44:10.650813: I tensorflow/compiler/mlir/tensorflow/utils/dump_mlir_util.cc:268] disabling MLIR crash reproducer, set env var `MLIR_CRASH_REPRODUCER_DIRECTORY` to enable.
2025-02-07 12:44:10.755255: I tensorflow/compiler/jit/xla_compilation_cache.cc:477] Compiled cluster using XLA!  This line is logged at most once for the lifetime of the process.
2025-02-07 12:44:10.831638: I tensorflow/compiler/jit/xla_compilation_cache.cc:477] Compiled cluster using XLA!  This line is logged at most once for the lifetime of the process.
2025-02-07 12:44:11.081649: I tensorflow/compiler/xla/stream_executor/cuda/cuda_blas.cc:630] TensorFloat-32 will be used for the matrix multiplication. This will only be logged once.
2025-02-07 12:44:11.535532: I tensorflow/compiler/xla/service/service.cc:173] XLA service 0x1548b50ed8d0 initialized for platform CUDA (this does not guarantee that XLA will be used). Devices:
2025-02-07 12:44:11.535601: I tensorflow/compiler/xla/service/service.cc:181]   StreamExecutor device (0): NVIDIA A100-SXM4-40GB, Compute Capability 8.0
2025-02-07 12:44:11.535608: I tensorflow/compiler/xla/service/service.cc:181]   StreamExecutor device (1): NVIDIA A100-SXM4-40GB, Compute Capability 8.0
2025-02-07 12:44:11.535614: I tensorflow/compiler/xla/service/service.cc:181]   StreamExecutor device (2): NVIDIA A100-SXM4-40GB, Compute Capability 8.0
2025-02-07 12:44:11.535620: I tensorflow/compiler/xla/service/service.cc:181]   StreamExecutor device (3): NVIDIA A100-SXM4-40GB, Compute Capability 8.0
2025-02-07 12:44:11.552202: I tensorflow/compiler/mlir/tensorflow/utils/dump_mlir_util.cc:268] disabling MLIR crash reproducer, set env var `MLIR_CRASH_REPRODUCER_DIRECTORY` to enable.
2025-02-07 12:44:11.784368: I tensorflow/compiler/jit/xla_compilation_cache.cc:477] Compiled cluster using XLA!  This line is logged at most once for the lifetime of the process.
2025-02-07 12:44:13.048295: I tensorflow/compiler/xla/stream_executor/cuda/cuda_dnn.cc:428] Loaded cuDNN version 8600
2025-02-07 12:44:13.889809: I tensorflow/compiler/xla/stream_executor/cuda/cuda_blas.cc:630] TensorFloat-32 will be used for the matrix multiplication. This will only be logged once.
2025-02-07 12:44:14.422680: I tensorflow/compiler/xla/service/service.cc:173] XLA service 0x151e935c4e80 initialized for platform CUDA (this does not guarantee that XLA will be used). Devices:
2025-02-07 12:44:14.422745: I tensorflow/compiler/xla/service/service.cc:181]   StreamExecutor device (0): NVIDIA A100-SXM4-40GB, Compute Capability 8.0
2025-02-07 12:44:14.422752: I tensorflow/compiler/xla/service/service.cc:181]   StreamExecutor device (1): NVIDIA A100-SXM4-40GB, Compute Capability 8.0
2025-02-07 12:44:14.422758: I tensorflow/compiler/xla/service/service.cc:181]   StreamExecutor device (2): NVIDIA A100-SXM4-40GB, Compute Capability 8.0
2025-02-07 12:44:14.422764: I tensorflow/compiler/xla/service/service.cc:181]   StreamExecutor device (3): NVIDIA A100-SXM4-40GB, Compute Capability 8.0
2025-02-07 12:44:14.437107: I tensorflow/compiler/mlir/tensorflow/utils/dump_mlir_util.cc:268] disabling MLIR crash reproducer, set env var `MLIR_CRASH_REPRODUCER_DIRECTORY` to enable.
2025-02-07 12:44:14.678567: I tensorflow/compiler/jit/xla_compilation_cache.cc:477] Compiled cluster using XLA!  This line is logged at most once for the lifetime of the process.
2025-02-07 12:44:14.700980: I tensorflow/compiler/xla/stream_executor/cuda/cuda_dnn.cc:428] Loaded cuDNN version 8600
2025-02-07 12:44:15.480758: I tensorflow/compiler/xla/stream_executor/cuda/cuda_blas.cc:630] TensorFloat-32 will be used for the matrix multiplication. This will only be logged once.
2025-02-07 12:44:15.881679: I tensorflow/compiler/xla/service/service.cc:173] XLA service 0x14a57028ad20 initialized for platform CUDA (this does not guarantee that XLA will be used). Devices:
2025-02-07 12:44:15.881745: I tensorflow/compiler/xla/service/service.cc:181]   StreamExecutor device (0): NVIDIA A100-SXM4-40GB, Compute Capability 8.0
2025-02-07 12:44:15.881752: I tensorflow/compiler/xla/service/service.cc:181]   StreamExecutor device (1): NVIDIA A100-SXM4-40GB, Compute Capability 8.0
2025-02-07 12:44:15.881758: I tensorflow/compiler/xla/service/service.cc:181]   StreamExecutor device (2): NVIDIA A100-SXM4-40GB, Compute Capability 8.0
2025-02-07 12:44:15.881764: I tensorflow/compiler/xla/service/service.cc:181]   StreamExecutor device (3): NVIDIA A100-SXM4-40GB, Compute Capability 8.0
2025-02-07 12:44:15.898769: I tensorflow/compiler/mlir/tensorflow/utils/dump_mlir_util.cc:268] disabling MLIR crash reproducer, set env var `MLIR_CRASH_REPRODUCER_DIRECTORY` to enable.
2025-02-07 12:44:16.131925: I tensorflow/compiler/jit/xla_compilation_cache.cc:477] Compiled cluster using XLA!  This line is logged at most once for the lifetime of the process.
srun: Job 10942983 step creation temporarily disabled, retrying (Requested nodes are busy)
srun: Job 10942983 step creation temporarily disabled, retrying (Requested nodes are busy)
srun: Job 10942983 step creation temporarily disabled, retrying (Requested nodes are busy)
srun: Job 10942983 step creation temporarily disabled, retrying (Requested nodes are busy)
srun: Job 10942983 step creation still disabled, retrying (Requested nodes are busy)
srun: Job 10942983 step creation still disabled, retrying (Requested nodes are busy)
srun: Job 10942983 step creation still disabled, retrying (Requested nodes are busy)
srun: Job 10942983 step creation still disabled, retrying (Requested nodes are busy)
srun: Job 10942983 step creation still disabled, retrying (Requested nodes are busy)
srun: Job 10942983 step creation still disabled, retrying (Requested nodes are busy)
srun: Job 10942983 step creation still disabled, retrying (Requested nodes are busy)
srun: Job 10942983 step creation still disabled, retrying (Requested nodes are busy)
srun: Job 10942983 step creation still disabled, retrying (Requested nodes are busy)
srun: Job 10942983 step creation still disabled, retrying (Requested nodes are busy)
srun: Job 10942983 step creation still disabled, retrying (Requested nodes are busy)
srun: Job 10942983 step creation still disabled, retrying (Requested nodes are busy)
srun: Job 10942983 step creation still disabled, retrying (Requested nodes are busy)
srun: Job 10942983 step creation still disabled, retrying (Requested nodes are busy)
srun: Job 10942983 step creation still disabled, retrying (Requested nodes are busy)
srun: Job 10942983 step creation still disabled, retrying (Requested nodes are busy)
srun: Job 10942983 step creation still disabled, retrying (Requested nodes are busy)
srun: Job 10942983 step creation still disabled, retrying (Requested nodes are busy)
srun: Job 10942983 step creation still disabled, retrying (Requested nodes are busy)
srun: Job 10942983 step creation still disabled, retrying (Requested nodes are busy)
srun: Job 10942983 step creation still disabled, retrying (Requested nodes are busy)
srun: Job 10942983 step creation still disabled, retrying (Requested nodes are busy)
srun: Job 10942983 step creation still disabled, retrying (Requested nodes are busy)
srun: Job 10942983 step creation still disabled, retrying (Requested nodes are busy)
srun: Job 10942983 step creation still disabled, retrying (Requested nodes are busy)
srun: Job 10942983 step creation still disabled, retrying (Requested nodes are busy)
srun: Job 10942983 step creation still disabled, retrying (Requested nodes are busy)
srun: Job 10942983 step creation still disabled, retrying (Requested nodes are busy)
srun: Job 10942983 step creation still disabled, retrying (Requested nodes are busy)
srun: Job 10942983 step creation still disabled, retrying (Requested nodes are busy)
srun: Job 10942983 step creation still disabled, retrying (Requested nodes are busy)
srun: Job 10942983 step creation still disabled, retrying (Requested nodes are busy)
srun: Job 10942983 step creation still disabled, retrying (Requested nodes are busy)
srun: Job 10942983 step creation still disabled, retrying (Requested nodes are busy)
srun: Job 10942983 step creation still disabled, retrying (Requested nodes are busy)
srun: Job 10942983 step creation still disabled, retrying (Requested nodes are busy)
srun: Job 10942983 step creation still disabled, retrying (Requested nodes are busy)
srun: Job 10942983 step creation still disabled, retrying (Requested nodes are busy)
srun: Job 10942983 step creation still disabled, retrying (Requested nodes are busy)
srun: Job 10942983 step creation still disabled, retrying (Requested nodes are busy)
srun: Job 10942983 step creation still disabled, retrying (Requested nodes are busy)
srun: Job 10942983 step creation still disabled, retrying (Requested nodes are busy)
srun: Job 10942983 step creation still disabled, retrying (Requested nodes are busy)
srun: Job 10942983 step creation still disabled, retrying (Requested nodes are busy)
srun: Job 10942983 step creation still disabled, retrying (Requested nodes are busy)
srun: Job 10942983 step creation still disabled, retrying (Requested nodes are busy)
srun: Job 10942983 step creation still disabled, retrying (Requested nodes are busy)
srun: Job 10942983 step creation still disabled, retrying (Requested nodes are busy)
srun: Job 10942983 step creation still disabled, retrying (Requested nodes are busy)
srun: Job 10942983 step creation still disabled, retrying (Requested nodes are busy)
srun: Job 10942983 step creation still disabled, retrying (Requested nodes are busy)
srun: Job 10942983 step creation still disabled, retrying (Requested nodes are busy)
srun: Job 10942983 step creation still disabled, retrying (Requested nodes are busy)
srun: Job 10942983 step creation still disabled, retrying (Requested nodes are busy)
srun: Job 10942983 step creation still disabled, retrying (Requested nodes are busy)
srun: Job 10942983 step creation still disabled, retrying (Requested nodes are busy)
srun: Job 10942983 step creation still disabled, retrying (Requested nodes are busy)
srun: Job 10942983 step creation still disabled, retrying (Requested nodes are busy)
srun: Job 10942983 step creation still disabled, retrying (Requested nodes are busy)
srun: Job 10942983 step creation still disabled, retrying (Requested nodes are busy)
srun: Job 10942983 step creation still disabled, retrying (Requested nodes are busy)
srun: Job 10942983 step creation still disabled, retrying (Requested nodes are busy)
srun: Job 10942983 step creation still disabled, retrying (Requested nodes are busy)
srun: Job 10942983 step creation still disabled, retrying (Requested nodes are busy)
srun: Job 10942983 step creation still disabled, retrying (Requested nodes are busy)
srun: Job 10942983 step creation still disabled, retrying (Requested nodes are busy)
srun: Job 10942983 step creation still disabled, retrying (Requested nodes are busy)
srun: Job 10942983 step creation still disabled, retrying (Requested nodes are busy)
srun: Job 10942983 step creation still disabled, retrying (Requested nodes are busy)
srun: Step created for StepId=10942983.5
2025-02-07 13:23:39.982132: I tensorflow/core/common_runtime/gpu/gpu_device.cc:1613] Created device /job:localhost/replica:0/task:0/device:GPU:0 with 38482 MB memory:  -> device: 0, name: NVIDIA A100-SXM4-40GB, pci bus id: 0000:03:00.0, compute capability: 8.0
2025-02-07 13:23:39.983975: I tensorflow/core/common_runtime/gpu/gpu_device.cc:1613] Created device /job:localhost/replica:0/task:0/device:GPU:1 with 38482 MB memory:  -> device: 1, name: NVIDIA A100-SXM4-40GB, pci bus id: 0000:44:00.0, compute capability: 8.0
2025-02-07 13:23:39.985455: I tensorflow/core/common_runtime/gpu/gpu_device.cc:1613] Created device /job:localhost/replica:0/task:0/device:GPU:2 with 38482 MB memory:  -> device: 2, name: NVIDIA A100-SXM4-40GB, pci bus id: 0000:84:00.0, compute capability: 8.0
2025-02-07 13:23:39.986929: I tensorflow/core/common_runtime/gpu/gpu_device.cc:1613] Created device /job:localhost/replica:0/task:0/device:GPU:3 with 38482 MB memory:  -> device: 3, name: NVIDIA A100-SXM4-40GB, pci bus id: 0000:c4:00.0, compute capability: 8.0
2025-02-07 13:23:56.224070: I tensorflow/compiler/xla/stream_executor/cuda/cuda_dnn.cc:428] Loaded cuDNN version 8600
2025-02-07 13:23:56.828468: I tensorflow/compiler/xla/stream_executor/cuda/cuda_blas.cc:630] TensorFloat-32 will be used for the matrix multiplication. This will only be logged once.
2025-02-07 13:23:57.199411: I tensorflow/compiler/xla/service/service.cc:173] XLA service 0x149f5f0d0ba0 initialized for platform CUDA (this does not guarantee that XLA will be used). Devices:
2025-02-07 13:23:57.199464: I tensorflow/compiler/xla/service/service.cc:181]   StreamExecutor device (0): NVIDIA A100-SXM4-40GB, Compute Capability 8.0
2025-02-07 13:23:57.199471: I tensorflow/compiler/xla/service/service.cc:181]   StreamExecutor device (1): NVIDIA A100-SXM4-40GB, Compute Capability 8.0
2025-02-07 13:23:57.199477: I tensorflow/compiler/xla/service/service.cc:181]   StreamExecutor device (2): NVIDIA A100-SXM4-40GB, Compute Capability 8.0
2025-02-07 13:23:57.199483: I tensorflow/compiler/xla/service/service.cc:181]   StreamExecutor device (3): NVIDIA A100-SXM4-40GB, Compute Capability 8.0
2025-02-07 13:23:57.204315: I tensorflow/compiler/mlir/tensorflow/utils/dump_mlir_util.cc:268] disabling MLIR crash reproducer, set env var `MLIR_CRASH_REPRODUCER_DIRECTORY` to enable.
2025-02-07 13:23:57.384694: I tensorflow/compiler/jit/xla_compilation_cache.cc:477] Compiled cluster using XLA!  This line is logged at most once for the lifetime of the process.
srun: Job 10942983 step creation still disabled, retrying (Requested nodes are busy)
srun: Job 10942983 step creation still disabled, retrying (Requested nodes are busy)
srun: Job 10942983 step creation still disabled, retrying (Requested nodes are busy)
srun: Job 10942983 step creation still disabled, retrying (Requested nodes are busy)
srun: Job 10942983 step creation still disabled, retrying (Requested nodes are busy)
srun: Job 10942983 step creation still disabled, retrying (Requested nodes are busy)
srun: Job 10942983 step creation still disabled, retrying (Requested nodes are busy)
srun: Job 10942983 step creation still disabled, retrying (Requested nodes are busy)
srun: Job 10942983 step creation still disabled, retrying (Requested nodes are busy)
srun: Job 10942983 step creation still disabled, retrying (Requested nodes are busy)
srun: Job 10942983 step creation still disabled, retrying (Requested nodes are busy)
srun: Job 10942983 step creation still disabled, retrying (Requested nodes are busy)
srun: Job 10942983 step creation still disabled, retrying (Requested nodes are busy)
srun: Job 10942983 step creation still disabled, retrying (Requested nodes are busy)
srun: Job 10942983 step creation still disabled, retrying (Requested nodes are busy)
srun: Job 10942983 step creation still disabled, retrying (Requested nodes are busy)
srun: Job 10942983 step creation still disabled, retrying (Requested nodes are busy)
srun: Job 10942983 step creation still disabled, retrying (Requested nodes are busy)
srun: Job 10942983 step creation still disabled, retrying (Requested nodes are busy)
srun: Job 10942983 step creation still disabled, retrying (Requested nodes are busy)
srun: Job 10942983 step creation still disabled, retrying (Requested nodes are busy)
srun: Job 10942983 step creation still disabled, retrying (Requested nodes are busy)
srun: Job 10942983 step creation still disabled, retrying (Requested nodes are busy)
srun: Job 10942983 step creation still disabled, retrying (Requested nodes are busy)
srun: Job 10942983 step creation still disabled, retrying (Requested nodes are busy)
srun: Job 10942983 step creation still disabled, retrying (Requested nodes are busy)
srun: Job 10942983 step creation still disabled, retrying (Requested nodes are busy)
srun: Job 10942983 step creation still disabled, retrying (Requested nodes are busy)
srun: Job 10942983 step creation still disabled, retrying (Requested nodes are busy)
srun: Job 10942983 step creation still disabled, retrying (Requested nodes are busy)
srun: Job 10942983 step creation still disabled, retrying (Requested nodes are busy)
srun: Job 10942983 step creation still disabled, retrying (Requested nodes are busy)
srun: Job 10942983 step creation still disabled, retrying (Requested nodes are busy)
srun: Job 10942983 step creation still disabled, retrying (Requested nodes are busy)
srun: Job 10942983 step creation still disabled, retrying (Requested nodes are busy)
srun: Job 10942983 step creation still disabled, retrying (Requested nodes are busy)
srun: Job 10942983 step creation still disabled, retrying (Requested nodes are busy)
srun: Step created for StepId=10942983.6
2025-02-07 13:50:28.053909: I tensorflow/core/common_runtime/gpu/gpu_device.cc:1613] Created device /job:localhost/replica:0/task:0/device:GPU:0 with 38482 MB memory:  -> device: 0, name: NVIDIA A100-SXM4-40GB, pci bus id: 0000:03:00.0, compute capability: 8.0
2025-02-07 13:50:28.055630: I tensorflow/core/common_runtime/gpu/gpu_device.cc:1613] Created device /job:localhost/replica:0/task:0/device:GPU:1 with 38482 MB memory:  -> device: 1, name: NVIDIA A100-SXM4-40GB, pci bus id: 0000:44:00.0, compute capability: 8.0
2025-02-07 13:50:28.056954: I tensorflow/core/common_runtime/gpu/gpu_device.cc:1613] Created device /job:localhost/replica:0/task:0/device:GPU:2 with 38482 MB memory:  -> device: 2, name: NVIDIA A100-SXM4-40GB, pci bus id: 0000:84:00.0, compute capability: 8.0
2025-02-07 13:50:28.058531: I tensorflow/core/common_runtime/gpu/gpu_device.cc:1613] Created device /job:localhost/replica:0/task:0/device:GPU:3 with 38482 MB memory:  -> device: 3, name: NVIDIA A100-SXM4-40GB, pci bus id: 0000:c4:00.0, compute capability: 8.0
2025-02-07 13:50:44.342325: I tensorflow/compiler/xla/stream_executor/cuda/cuda_dnn.cc:428] Loaded cuDNN version 8600
2025-02-07 13:50:44.887846: I tensorflow/compiler/xla/stream_executor/cuda/cuda_blas.cc:630] TensorFloat-32 will be used for the matrix multiplication. This will only be logged once.
2025-02-07 13:50:45.177422: I tensorflow/compiler/xla/service/service.cc:173] XLA service 0x14e790298920 initialized for platform CUDA (this does not guarantee that XLA will be used). Devices:
2025-02-07 13:50:45.177476: I tensorflow/compiler/xla/service/service.cc:181]   StreamExecutor device (0): NVIDIA A100-SXM4-40GB, Compute Capability 8.0
2025-02-07 13:50:45.177484: I tensorflow/compiler/xla/service/service.cc:181]   StreamExecutor device (1): NVIDIA A100-SXM4-40GB, Compute Capability 8.0
2025-02-07 13:50:45.177490: I tensorflow/compiler/xla/service/service.cc:181]   StreamExecutor device (2): NVIDIA A100-SXM4-40GB, Compute Capability 8.0
2025-02-07 13:50:45.177496: I tensorflow/compiler/xla/service/service.cc:181]   StreamExecutor device (3): NVIDIA A100-SXM4-40GB, Compute Capability 8.0
2025-02-07 13:50:45.182305: I tensorflow/compiler/mlir/tensorflow/utils/dump_mlir_util.cc:268] disabling MLIR crash reproducer, set env var `MLIR_CRASH_REPRODUCER_DIRECTORY` to enable.
2025-02-07 13:50:45.362801: I tensorflow/compiler/jit/xla_compilation_cache.cc:477] Compiled cluster using XLA!  This line is logged at most once for the lifetime of the process.
srun: Job 10942983 step creation still disabled, retrying (Requested nodes are busy)
srun: Job 10942983 step creation still disabled, retrying (Requested nodes are busy)
srun: Job 10942983 step creation still disabled, retrying (Requested nodes are busy)
srun: Job 10942983 step creation still disabled, retrying (Requested nodes are busy)
srun: Job 10942983 step creation still disabled, retrying (Requested nodes are busy)
srun: Job 10942983 step creation still disabled, retrying (Requested nodes are busy)
srun: Job 10942983 step creation still disabled, retrying (Requested nodes are busy)
srun: Job 10942983 step creation still disabled, retrying (Requested nodes are busy)
srun: Job 10942983 step creation still disabled, retrying (Requested nodes are busy)
srun: Job 10942983 step creation still disabled, retrying (Requested nodes are busy)
srun: Job 10942983 step creation still disabled, retrying (Requested nodes are busy)
srun: Job 10942983 step creation still disabled, retrying (Requested nodes are busy)
srun: Job 10942983 step creation still disabled, retrying (Requested nodes are busy)
srun: Job 10942983 step creation still disabled, retrying (Requested nodes are busy)
srun: Job 10942983 step creation still disabled, retrying (Requested nodes are busy)
srun: Job 10942983 step creation still disabled, retrying (Requested nodes are busy)
srun: Job 10942983 step creation still disabled, retrying (Requested nodes are busy)
srun: Job 10942983 step creation still disabled, retrying (Requested nodes are busy)
srun: Job 10942983 step creation still disabled, retrying (Requested nodes are busy)
srun: Job 10942983 step creation still disabled, retrying (Requested nodes are busy)
srun: Job 10942983 step creation still disabled, retrying (Requested nodes are busy)
srun: Job 10942983 step creation still disabled, retrying (Requested nodes are busy)
srun: Job 10942983 step creation still disabled, retrying (Requested nodes are busy)
srun: Job 10942983 step creation still disabled, retrying (Requested nodes are busy)
srun: Job 10942983 step creation still disabled, retrying (Requested nodes are busy)
srun: Job 10942983 step creation still disabled, retrying (Requested nodes are busy)
srun: Job 10942983 step creation still disabled, retrying (Requested nodes are busy)
srun: Job 10942983 step creation still disabled, retrying (Requested nodes are busy)
srun: Job 10942983 step creation still disabled, retrying (Requested nodes are busy)
srun: Job 10942983 step creation still disabled, retrying (Requested nodes are busy)
srun: Step created for StepId=10942983.7
2025-02-07 14:22:04.357845: I tensorflow/core/common_runtime/gpu/gpu_device.cc:1613] Created device /job:localhost/replica:0/task:0/device:GPU:0 with 38482 MB memory:  -> device: 0, name: NVIDIA A100-SXM4-40GB, pci bus id: 0000:03:00.0, compute capability: 8.0
2025-02-07 14:22:04.359624: I tensorflow/core/common_runtime/gpu/gpu_device.cc:1613] Created device /job:localhost/replica:0/task:0/device:GPU:1 with 38482 MB memory:  -> device: 1, name: NVIDIA A100-SXM4-40GB, pci bus id: 0000:44:00.0, compute capability: 8.0
2025-02-07 14:22:04.361100: I tensorflow/core/common_runtime/gpu/gpu_device.cc:1613] Created device /job:localhost/replica:0/task:0/device:GPU:2 with 38482 MB memory:  -> device: 2, name: NVIDIA A100-SXM4-40GB, pci bus id: 0000:84:00.0, compute capability: 8.0
2025-02-07 14:22:04.362643: I tensorflow/core/common_runtime/gpu/gpu_device.cc:1613] Created device /job:localhost/replica:0/task:0/device:GPU:3 with 38482 MB memory:  -> device: 3, name: NVIDIA A100-SXM4-40GB, pci bus id: 0000:c4:00.0, compute capability: 8.0
2025-02-07 14:22:20.625330: I tensorflow/compiler/xla/stream_executor/cuda/cuda_dnn.cc:428] Loaded cuDNN version 8600
2025-02-07 14:22:21.241064: I tensorflow/compiler/xla/stream_executor/cuda/cuda_blas.cc:630] TensorFloat-32 will be used for the matrix multiplication. This will only be logged once.
2025-02-07 14:22:21.637889: I tensorflow/compiler/xla/service/service.cc:173] XLA service 0x144a93ca1da0 initialized for platform CUDA (this does not guarantee that XLA will be used). Devices:
2025-02-07 14:22:21.637943: I tensorflow/compiler/xla/service/service.cc:181]   StreamExecutor device (0): NVIDIA A100-SXM4-40GB, Compute Capability 8.0
2025-02-07 14:22:21.637950: I tensorflow/compiler/xla/service/service.cc:181]   StreamExecutor device (1): NVIDIA A100-SXM4-40GB, Compute Capability 8.0
2025-02-07 14:22:21.637956: I tensorflow/compiler/xla/service/service.cc:181]   StreamExecutor device (2): NVIDIA A100-SXM4-40GB, Compute Capability 8.0
2025-02-07 14:22:21.637962: I tensorflow/compiler/xla/service/service.cc:181]   StreamExecutor device (3): NVIDIA A100-SXM4-40GB, Compute Capability 8.0
2025-02-07 14:22:21.642863: I tensorflow/compiler/mlir/tensorflow/utils/dump_mlir_util.cc:268] disabling MLIR crash reproducer, set env var `MLIR_CRASH_REPRODUCER_DIRECTORY` to enable.
2025-02-07 14:22:21.823102: I tensorflow/compiler/jit/xla_compilation_cache.cc:477] Compiled cluster using XLA!  This line is logged at most once for the lifetime of the process.
srun: Job 10942983 step creation still disabled, retrying (Requested nodes are busy)
srun: Job 10942983 step creation still disabled, retrying (Requested nodes are busy)
srun: Job 10942983 step creation still disabled, retrying (Requested nodes are busy)
srun: Job 10942983 step creation still disabled, retrying (Requested nodes are busy)
srun: Job 10942983 step creation still disabled, retrying (Requested nodes are busy)
srun: Job 10942983 step creation still disabled, retrying (Requested nodes are busy)
srun: Job 10942983 step creation still disabled, retrying (Requested nodes are busy)
srun: Job 10942983 step creation still disabled, retrying (Requested nodes are busy)
srun: Job 10942983 step creation still disabled, retrying (Requested nodes are busy)
srun: Job 10942983 step creation still disabled, retrying (Requested nodes are busy)
srun: Job 10942983 step creation still disabled, retrying (Requested nodes are busy)
srun: Job 10942983 step creation still disabled, retrying (Requested nodes are busy)
srun: Job 10942983 step creation still disabled, retrying (Requested nodes are busy)
srun: Job 10942983 step creation still disabled, retrying (Requested nodes are busy)
srun: Job 10942983 step creation still disabled, retrying (Requested nodes are busy)
srun: Job 10942983 step creation still disabled, retrying (Requested nodes are busy)
srun: Job 10942983 step creation still disabled, retrying (Requested nodes are busy)
srun: Job 10942983 step creation still disabled, retrying (Requested nodes are busy)
srun: Job 10942983 step creation still disabled, retrying (Requested nodes are busy)
srun: Job 10942983 step creation still disabled, retrying (Requested nodes are busy)
srun: Job 10942983 step creation still disabled, retrying (Requested nodes are busy)
srun: Step created for StepId=10942983.8
2025-02-07 15:07:33.886695: I tensorflow/core/common_runtime/gpu/gpu_device.cc:1613] Created device /job:localhost/replica:0/task:0/device:GPU:0 with 38482 MB memory:  -> device: 0, name: NVIDIA A100-SXM4-40GB, pci bus id: 0000:03:00.0, compute capability: 8.0
2025-02-07 15:07:33.888319: I tensorflow/core/common_runtime/gpu/gpu_device.cc:1613] Created device /job:localhost/replica:0/task:0/device:GPU:1 with 38482 MB memory:  -> device: 1, name: NVIDIA A100-SXM4-40GB, pci bus id: 0000:44:00.0, compute capability: 8.0
2025-02-07 15:07:33.889761: I tensorflow/core/common_runtime/gpu/gpu_device.cc:1613] Created device /job:localhost/replica:0/task:0/device:GPU:2 with 38482 MB memory:  -> device: 2, name: NVIDIA A100-SXM4-40GB, pci bus id: 0000:84:00.0, compute capability: 8.0
2025-02-07 15:07:33.891260: I tensorflow/core/common_runtime/gpu/gpu_device.cc:1613] Created device /job:localhost/replica:0/task:0/device:GPU:3 with 38482 MB memory:  -> device: 3, name: NVIDIA A100-SXM4-40GB, pci bus id: 0000:c4:00.0, compute capability: 8.0
2025-02-07 15:07:50.264294: I tensorflow/compiler/xla/stream_executor/cuda/cuda_dnn.cc:428] Loaded cuDNN version 8600
2025-02-07 15:07:50.791493: I tensorflow/compiler/xla/stream_executor/cuda/cuda_blas.cc:630] TensorFloat-32 will be used for the matrix multiplication. This will only be logged once.
2025-02-07 15:07:51.057463: I tensorflow/compiler/xla/service/service.cc:173] XLA service 0x1516f30b2440 initialized for platform CUDA (this does not guarantee that XLA will be used). Devices:
2025-02-07 15:07:51.057510: I tensorflow/compiler/xla/service/service.cc:181]   StreamExecutor device (0): NVIDIA A100-SXM4-40GB, Compute Capability 8.0
2025-02-07 15:07:51.057518: I tensorflow/compiler/xla/service/service.cc:181]   StreamExecutor device (1): NVIDIA A100-SXM4-40GB, Compute Capability 8.0
2025-02-07 15:07:51.057524: I tensorflow/compiler/xla/service/service.cc:181]   StreamExecutor device (2): NVIDIA A100-SXM4-40GB, Compute Capability 8.0
2025-02-07 15:07:51.057529: I tensorflow/compiler/xla/service/service.cc:181]   StreamExecutor device (3): NVIDIA A100-SXM4-40GB, Compute Capability 8.0
2025-02-07 15:07:51.062469: I tensorflow/compiler/mlir/tensorflow/utils/dump_mlir_util.cc:268] disabling MLIR crash reproducer, set env var `MLIR_CRASH_REPRODUCER_DIRECTORY` to enable.
2025-02-07 15:07:51.243418: I tensorflow/compiler/jit/xla_compilation_cache.cc:477] Compiled cluster using XLA!  This line is logged at most once for the lifetime of the process.
