mkdir: cannot create directory ‘/p/project1/deepacf’: Permission denied
mkdir: cannot create directory ‘/p/project1/deepacf’: Permission denied
2025-02-07 03:59:22.321729: I tensorflow/core/common_runtime/gpu/gpu_device.cc:1613] Created device /job:localhost/replica:0/task:0/device:GPU:0 with 14782 MB memory:  -> device: 0, name: Tesla V100-SXM2-16GB, pci bus id: 0000:60:00.0, compute capability: 7.0
2025-02-07 03:59:22.322401: I tensorflow/core/common_runtime/gpu/gpu_device.cc:1613] Created device /job:localhost/replica:0/task:0/device:GPU:1 with 14782 MB memory:  -> device: 1, name: Tesla V100-SXM2-16GB, pci bus id: 0000:61:00.0, compute capability: 7.0
2025-02-07 03:59:22.322948: I tensorflow/core/common_runtime/gpu/gpu_device.cc:1613] Created device /job:localhost/replica:0/task:0/device:GPU:2 with 14782 MB memory:  -> device: 2, name: Tesla V100-SXM2-16GB, pci bus id: 0000:88:00.0, compute capability: 7.0
2025-02-07 03:59:22.323477: I tensorflow/core/common_runtime/gpu/gpu_device.cc:1613] Created device /job:localhost/replica:0/task:0/device:GPU:3 with 14782 MB memory:  -> device: 3, name: Tesla V100-SXM2-16GB, pci bus id: 0000:89:00.0, compute capability: 7.0
2025-02-07 03:59:23.758362: I tensorflow/core/common_runtime/gpu/gpu_device.cc:1613] Created device /job:localhost/replica:0/task:0/device:GPU:0 with 14782 MB memory:  -> device: 0, name: Tesla V100-SXM2-16GB, pci bus id: 0000:60:00.0, compute capability: 7.0
2025-02-07 03:59:23.759124: I tensorflow/core/common_runtime/gpu/gpu_device.cc:1613] Created device /job:localhost/replica:0/task:0/device:GPU:1 with 14782 MB memory:  -> device: 1, name: Tesla V100-SXM2-16GB, pci bus id: 0000:61:00.0, compute capability: 7.0
2025-02-07 03:59:23.759691: I tensorflow/core/common_runtime/gpu/gpu_device.cc:1613] Created device /job:localhost/replica:0/task:0/device:GPU:2 with 14782 MB memory:  -> device: 2, name: Tesla V100-SXM2-16GB, pci bus id: 0000:88:00.0, compute capability: 7.0
2025-02-07 03:59:23.760245: I tensorflow/core/common_runtime/gpu/gpu_device.cc:1613] Created device /job:localhost/replica:0/task:0/device:GPU:3 with 14782 MB memory:  -> device: 3, name: Tesla V100-SXM2-16GB, pci bus id: 0000:89:00.0, compute capability: 7.0
2025-02-07 03:59:25.802665: I tensorflow/core/common_runtime/gpu/gpu_device.cc:1613] Created device /job:localhost/replica:0/task:0/device:GPU:0 with 14782 MB memory:  -> device: 0, name: Tesla V100-SXM2-16GB, pci bus id: 0000:60:00.0, compute capability: 7.0
2025-02-07 03:59:25.803381: I tensorflow/core/common_runtime/gpu/gpu_device.cc:1613] Created device /job:localhost/replica:0/task:0/device:GPU:1 with 14782 MB memory:  -> device: 1, name: Tesla V100-SXM2-16GB, pci bus id: 0000:61:00.0, compute capability: 7.0
2025-02-07 03:59:25.803937: I tensorflow/core/common_runtime/gpu/gpu_device.cc:1613] Created device /job:localhost/replica:0/task:0/device:GPU:2 with 14782 MB memory:  -> device: 2, name: Tesla V100-SXM2-16GB, pci bus id: 0000:88:00.0, compute capability: 7.0
2025-02-07 03:59:25.804500: I tensorflow/core/common_runtime/gpu/gpu_device.cc:1613] Created device /job:localhost/replica:0/task:0/device:GPU:3 with 14782 MB memory:  -> device: 3, name: Tesla V100-SXM2-16GB, pci bus id: 0000:89:00.0, compute capability: 7.0
2025-02-07 03:59:27.791813: I tensorflow/core/common_runtime/gpu/gpu_device.cc:1613] Created device /job:localhost/replica:0/task:0/device:GPU:0 with 14782 MB memory:  -> device: 0, name: Tesla V100-SXM2-16GB, pci bus id: 0000:60:00.0, compute capability: 7.0
2025-02-07 03:59:27.792491: I tensorflow/core/common_runtime/gpu/gpu_device.cc:1613] Created device /job:localhost/replica:0/task:0/device:GPU:1 with 14782 MB memory:  -> device: 1, name: Tesla V100-SXM2-16GB, pci bus id: 0000:61:00.0, compute capability: 7.0
2025-02-07 03:59:27.793044: I tensorflow/core/common_runtime/gpu/gpu_device.cc:1613] Created device /job:localhost/replica:0/task:0/device:GPU:2 with 14782 MB memory:  -> device: 2, name: Tesla V100-SXM2-16GB, pci bus id: 0000:88:00.0, compute capability: 7.0
2025-02-07 03:59:27.793583: I tensorflow/core/common_runtime/gpu/gpu_device.cc:1613] Created device /job:localhost/replica:0/task:0/device:GPU:3 with 14782 MB memory:  -> device: 3, name: Tesla V100-SXM2-16GB, pci bus id: 0000:89:00.0, compute capability: 7.0
2025-02-07 03:59:30.382094: I tensorflow/core/common_runtime/gpu/gpu_device.cc:1613] Created device /job:localhost/replica:0/task:0/device:GPU:0 with 14782 MB memory:  -> device: 0, name: Tesla V100-SXM2-16GB, pci bus id: 0000:60:00.0, compute capability: 7.0
2025-02-07 03:59:30.382770: I tensorflow/core/common_runtime/gpu/gpu_device.cc:1613] Created device /job:localhost/replica:0/task:0/device:GPU:1 with 14782 MB memory:  -> device: 1, name: Tesla V100-SXM2-16GB, pci bus id: 0000:61:00.0, compute capability: 7.0
2025-02-07 03:59:30.383311: I tensorflow/core/common_runtime/gpu/gpu_device.cc:1613] Created device /job:localhost/replica:0/task:0/device:GPU:2 with 14782 MB memory:  -> device: 2, name: Tesla V100-SXM2-16GB, pci bus id: 0000:88:00.0, compute capability: 7.0
2025-02-07 03:59:30.383827: I tensorflow/core/common_runtime/gpu/gpu_device.cc:1613] Created device /job:localhost/replica:0/task:0/device:GPU:3 with 14782 MB memory:  -> device: 3, name: Tesla V100-SXM2-16GB, pci bus id: 0000:89:00.0, compute capability: 7.0
2025-02-07 03:59:38.359112: I tensorflow/compiler/xla/stream_executor/cuda/cuda_dnn.cc:428] Loaded cuDNN version 8600
2025-02-07 03:59:39.674855: I tensorflow/compiler/xla/stream_executor/cuda/cuda_dnn.cc:428] Loaded cuDNN version 8600
2025-02-07 03:59:40.155745: I tensorflow/compiler/xla/stream_executor/cuda/cuda_dnn.cc:428] Loaded cuDNN version 8600
2025-02-07 03:59:41.430562: I tensorflow/compiler/xla/stream_executor/cuda/cuda_dnn.cc:428] Loaded cuDNN version 8600
2025-02-07 03:59:41.735298: I tensorflow/compiler/xla/stream_executor/cuda/cuda_dnn.cc:428] Loaded cuDNN version 8600
2025-02-07 03:59:42.455712: I tensorflow/compiler/xla/stream_executor/cuda/cuda_dnn.cc:428] Loaded cuDNN version 8600
2025-02-07 03:59:43.466320: I tensorflow/compiler/xla/stream_executor/cuda/cuda_dnn.cc:428] Loaded cuDNN version 8600
2025-02-07 03:59:43.633262: I tensorflow/compiler/xla/stream_executor/cuda/cuda_dnn.cc:428] Loaded cuDNN version 8600
2025-02-07 03:59:43.651065: I tensorflow/compiler/xla/stream_executor/cuda/cuda_dnn.cc:428] Loaded cuDNN version 8600
2025-02-07 03:59:44.711210: I tensorflow/compiler/xla/stream_executor/cuda/cuda_dnn.cc:428] Loaded cuDNN version 8600
2025-02-07 03:59:45.387202: I tensorflow/compiler/xla/stream_executor/cuda/cuda_dnn.cc:428] Loaded cuDNN version 8600
2025-02-07 03:59:45.794752: I tensorflow/compiler/xla/stream_executor/cuda/cuda_dnn.cc:428] Loaded cuDNN version 8600
2025-02-07 03:59:46.182685: I tensorflow/compiler/xla/stream_executor/cuda/cuda_dnn.cc:428] Loaded cuDNN version 8600
2025-02-07 03:59:46.782700: I tensorflow/compiler/xla/service/service.cc:173] XLA service 0x149c7c77f3d0 initialized for platform CUDA (this does not guarantee that XLA will be used). Devices:
2025-02-07 03:59:46.782734: I tensorflow/compiler/xla/service/service.cc:181]   StreamExecutor device (0): Tesla V100-SXM2-16GB, Compute Capability 7.0
2025-02-07 03:59:46.782741: I tensorflow/compiler/xla/service/service.cc:181]   StreamExecutor device (1): Tesla V100-SXM2-16GB, Compute Capability 7.0
2025-02-07 03:59:46.782746: I tensorflow/compiler/xla/service/service.cc:181]   StreamExecutor device (2): Tesla V100-SXM2-16GB, Compute Capability 7.0
2025-02-07 03:59:46.782751: I tensorflow/compiler/xla/service/service.cc:181]   StreamExecutor device (3): Tesla V100-SXM2-16GB, Compute Capability 7.0
2025-02-07 03:59:46.788576: I tensorflow/compiler/mlir/tensorflow/utils/dump_mlir_util.cc:268] disabling MLIR crash reproducer, set env var `MLIR_CRASH_REPRODUCER_DIRECTORY` to enable.
2025-02-07 03:59:46.964208: I tensorflow/compiler/jit/xla_compilation_cache.cc:477] Compiled cluster using XLA!  This line is logged at most once for the lifetime of the process.
2025-02-07 03:59:47.928149: I tensorflow/compiler/xla/stream_executor/cuda/cuda_dnn.cc:428] Loaded cuDNN version 8600
2025-02-07 03:59:48.944019: I tensorflow/compiler/xla/stream_executor/cuda/cuda_dnn.cc:428] Loaded cuDNN version 8600
2025-02-07 03:59:49.940638: I tensorflow/compiler/xla/stream_executor/cuda/cuda_dnn.cc:428] Loaded cuDNN version 8600
2025-02-07 03:59:50.962007: I tensorflow/compiler/xla/service/service.cc:173] XLA service 0x6cae8df0 initialized for platform CUDA (this does not guarantee that XLA will be used). Devices:
2025-02-07 03:59:50.962044: I tensorflow/compiler/xla/service/service.cc:181]   StreamExecutor device (0): Tesla V100-SXM2-16GB, Compute Capability 7.0
2025-02-07 03:59:50.962051: I tensorflow/compiler/xla/service/service.cc:181]   StreamExecutor device (1): Tesla V100-SXM2-16GB, Compute Capability 7.0
2025-02-07 03:59:50.962057: I tensorflow/compiler/xla/service/service.cc:181]   StreamExecutor device (2): Tesla V100-SXM2-16GB, Compute Capability 7.0
2025-02-07 03:59:50.962064: I tensorflow/compiler/xla/service/service.cc:181]   StreamExecutor device (3): Tesla V100-SXM2-16GB, Compute Capability 7.0
2025-02-07 03:59:50.967997: I tensorflow/compiler/mlir/tensorflow/utils/dump_mlir_util.cc:268] disabling MLIR crash reproducer, set env var `MLIR_CRASH_REPRODUCER_DIRECTORY` to enable.
2025-02-07 03:59:51.144628: I tensorflow/compiler/jit/xla_compilation_cache.cc:477] Compiled cluster using XLA!  This line is logged at most once for the lifetime of the process.
2025-02-07 03:59:51.881153: I tensorflow/compiler/xla/service/service.cc:173] XLA service 0x150833e57d20 initialized for platform CUDA (this does not guarantee that XLA will be used). Devices:
2025-02-07 03:59:51.881189: I tensorflow/compiler/xla/service/service.cc:181]   StreamExecutor device (0): Tesla V100-SXM2-16GB, Compute Capability 7.0
2025-02-07 03:59:51.881195: I tensorflow/compiler/xla/service/service.cc:181]   StreamExecutor device (1): Tesla V100-SXM2-16GB, Compute Capability 7.0
2025-02-07 03:59:51.881201: I tensorflow/compiler/xla/service/service.cc:181]   StreamExecutor device (2): Tesla V100-SXM2-16GB, Compute Capability 7.0
2025-02-07 03:59:51.881222: I tensorflow/compiler/xla/service/service.cc:181]   StreamExecutor device (3): Tesla V100-SXM2-16GB, Compute Capability 7.0
2025-02-07 03:59:51.887149: I tensorflow/compiler/mlir/tensorflow/utils/dump_mlir_util.cc:268] disabling MLIR crash reproducer, set env var `MLIR_CRASH_REPRODUCER_DIRECTORY` to enable.
2025-02-07 03:59:52.062959: I tensorflow/compiler/jit/xla_compilation_cache.cc:477] Compiled cluster using XLA!  This line is logged at most once for the lifetime of the process.
2025-02-07 03:59:53.538159: I tensorflow/compiler/xla/service/service.cc:173] XLA service 0x14def017ac70 initialized for platform CUDA (this does not guarantee that XLA will be used). Devices:
2025-02-07 03:59:53.538196: I tensorflow/compiler/xla/service/service.cc:181]   StreamExecutor device (0): Tesla V100-SXM2-16GB, Compute Capability 7.0
2025-02-07 03:59:53.538202: I tensorflow/compiler/xla/service/service.cc:181]   StreamExecutor device (1): Tesla V100-SXM2-16GB, Compute Capability 7.0
2025-02-07 03:59:53.538208: I tensorflow/compiler/xla/service/service.cc:181]   StreamExecutor device (2): Tesla V100-SXM2-16GB, Compute Capability 7.0
2025-02-07 03:59:53.538213: I tensorflow/compiler/xla/service/service.cc:181]   StreamExecutor device (3): Tesla V100-SXM2-16GB, Compute Capability 7.0
2025-02-07 03:59:53.544076: I tensorflow/compiler/mlir/tensorflow/utils/dump_mlir_util.cc:268] disabling MLIR crash reproducer, set env var `MLIR_CRASH_REPRODUCER_DIRECTORY` to enable.
2025-02-07 03:59:53.721269: I tensorflow/compiler/jit/xla_compilation_cache.cc:477] Compiled cluster using XLA!  This line is logged at most once for the lifetime of the process.
2025-02-07 03:59:57.558358: I tensorflow/compiler/xla/service/service.cc:173] XLA service 0x14e68b578500 initialized for platform CUDA (this does not guarantee that XLA will be used). Devices:
2025-02-07 03:59:57.558394: I tensorflow/compiler/xla/service/service.cc:181]   StreamExecutor device (0): Tesla V100-SXM2-16GB, Compute Capability 7.0
2025-02-07 03:59:57.558401: I tensorflow/compiler/xla/service/service.cc:181]   StreamExecutor device (1): Tesla V100-SXM2-16GB, Compute Capability 7.0
2025-02-07 03:59:57.558406: I tensorflow/compiler/xla/service/service.cc:181]   StreamExecutor device (2): Tesla V100-SXM2-16GB, Compute Capability 7.0
2025-02-07 03:59:57.558428: I tensorflow/compiler/xla/service/service.cc:181]   StreamExecutor device (3): Tesla V100-SXM2-16GB, Compute Capability 7.0
2025-02-07 03:59:57.564632: I tensorflow/compiler/mlir/tensorflow/utils/dump_mlir_util.cc:268] disabling MLIR crash reproducer, set env var `MLIR_CRASH_REPRODUCER_DIRECTORY` to enable.
2025-02-07 03:59:57.742580: I tensorflow/compiler/jit/xla_compilation_cache.cc:477] Compiled cluster using XLA!  This line is logged at most once for the lifetime of the process.
srun: Job 10934552 step creation temporarily disabled, retrying (Requested nodes are busy)
srun: Job 10934552 step creation temporarily disabled, retrying (Requested nodes are busy)
srun: Job 10934552 step creation temporarily disabled, retrying (Requested nodes are busy)
srun: Job 10934552 step creation temporarily disabled, retrying (Requested nodes are busy)
srun: Job 10934552 step creation still disabled, retrying (Requested nodes are busy)
srun: Job 10934552 step creation still disabled, retrying (Requested nodes are busy)
srun: Job 10934552 step creation still disabled, retrying (Requested nodes are busy)
srun: Job 10934552 step creation still disabled, retrying (Requested nodes are busy)
srun: Job 10934552 step creation still disabled, retrying (Requested nodes are busy)
srun: Job 10934552 step creation still disabled, retrying (Requested nodes are busy)
srun: Job 10934552 step creation still disabled, retrying (Requested nodes are busy)
srun: Job 10934552 step creation still disabled, retrying (Requested nodes are busy)
srun: Job 10934552 step creation still disabled, retrying (Requested nodes are busy)
srun: Job 10934552 step creation still disabled, retrying (Requested nodes are busy)
srun: Job 10934552 step creation still disabled, retrying (Requested nodes are busy)
srun: Job 10934552 step creation still disabled, retrying (Requested nodes are busy)
srun: Job 10934552 step creation still disabled, retrying (Requested nodes are busy)
srun: Job 10934552 step creation still disabled, retrying (Requested nodes are busy)
srun: Job 10934552 step creation still disabled, retrying (Requested nodes are busy)
srun: Job 10934552 step creation still disabled, retrying (Requested nodes are busy)
srun: Job 10934552 step creation still disabled, retrying (Requested nodes are busy)
srun: Job 10934552 step creation still disabled, retrying (Requested nodes are busy)
srun: Job 10934552 step creation still disabled, retrying (Requested nodes are busy)
srun: Job 10934552 step creation still disabled, retrying (Requested nodes are busy)
srun: Job 10934552 step creation still disabled, retrying (Requested nodes are busy)
srun: Job 10934552 step creation still disabled, retrying (Requested nodes are busy)
srun: Job 10934552 step creation still disabled, retrying (Requested nodes are busy)
srun: Job 10934552 step creation still disabled, retrying (Requested nodes are busy)
srun: Job 10934552 step creation still disabled, retrying (Requested nodes are busy)
srun: Job 10934552 step creation still disabled, retrying (Requested nodes are busy)
srun: Job 10934552 step creation still disabled, retrying (Requested nodes are busy)
srun: Job 10934552 step creation still disabled, retrying (Requested nodes are busy)
srun: Job 10934552 step creation still disabled, retrying (Requested nodes are busy)
srun: Job 10934552 step creation still disabled, retrying (Requested nodes are busy)
srun: Job 10934552 step creation still disabled, retrying (Requested nodes are busy)
srun: Job 10934552 step creation still disabled, retrying (Requested nodes are busy)
srun: Job 10934552 step creation still disabled, retrying (Requested nodes are busy)
srun: Job 10934552 step creation still disabled, retrying (Requested nodes are busy)
srun: Job 10934552 step creation still disabled, retrying (Requested nodes are busy)
srun: Job 10934552 step creation still disabled, retrying (Requested nodes are busy)
srun: Job 10934552 step creation still disabled, retrying (Requested nodes are busy)
srun: Job 10934552 step creation still disabled, retrying (Requested nodes are busy)
srun: Job 10934552 step creation still disabled, retrying (Requested nodes are busy)
srun: Job 10934552 step creation still disabled, retrying (Requested nodes are busy)
srun: Job 10934552 step creation still disabled, retrying (Requested nodes are busy)
srun: Job 10934552 step creation still disabled, retrying (Requested nodes are busy)
srun: Job 10934552 step creation still disabled, retrying (Requested nodes are busy)
srun: Job 10934552 step creation still disabled, retrying (Requested nodes are busy)
srun: Job 10934552 step creation still disabled, retrying (Requested nodes are busy)
srun: Job 10934552 step creation still disabled, retrying (Requested nodes are busy)
srun: Job 10934552 step creation still disabled, retrying (Requested nodes are busy)
srun: Job 10934552 step creation still disabled, retrying (Requested nodes are busy)
srun: Job 10934552 step creation still disabled, retrying (Requested nodes are busy)
srun: Job 10934552 step creation still disabled, retrying (Requested nodes are busy)
srun: Job 10934552 step creation still disabled, retrying (Requested nodes are busy)
srun: Job 10934552 step creation still disabled, retrying (Requested nodes are busy)
srun: Job 10934552 step creation still disabled, retrying (Requested nodes are busy)
srun: Job 10934552 step creation still disabled, retrying (Requested nodes are busy)
srun: Job 10934552 step creation still disabled, retrying (Requested nodes are busy)
srun: Job 10934552 step creation still disabled, retrying (Requested nodes are busy)
srun: Job 10934552 step creation still disabled, retrying (Requested nodes are busy)
srun: Job 10934552 step creation still disabled, retrying (Requested nodes are busy)
srun: Job 10934552 step creation still disabled, retrying (Requested nodes are busy)
srun: Job 10934552 step creation still disabled, retrying (Requested nodes are busy)
srun: Job 10934552 step creation still disabled, retrying (Requested nodes are busy)
srun: Job 10934552 step creation still disabled, retrying (Requested nodes are busy)
srun: Step created for StepId=10934552.5
2025-02-07 04:34:18.987158: I tensorflow/core/common_runtime/gpu/gpu_device.cc:1613] Created device /job:localhost/replica:0/task:0/device:GPU:0 with 14782 MB memory:  -> device: 0, name: Tesla V100-SXM2-16GB, pci bus id: 0000:60:00.0, compute capability: 7.0
2025-02-07 04:34:18.987898: I tensorflow/core/common_runtime/gpu/gpu_device.cc:1613] Created device /job:localhost/replica:0/task:0/device:GPU:1 with 14782 MB memory:  -> device: 1, name: Tesla V100-SXM2-16GB, pci bus id: 0000:61:00.0, compute capability: 7.0
2025-02-07 04:34:18.988464: I tensorflow/core/common_runtime/gpu/gpu_device.cc:1613] Created device /job:localhost/replica:0/task:0/device:GPU:2 with 14782 MB memory:  -> device: 2, name: Tesla V100-SXM2-16GB, pci bus id: 0000:88:00.0, compute capability: 7.0
2025-02-07 04:34:18.989019: I tensorflow/core/common_runtime/gpu/gpu_device.cc:1613] Created device /job:localhost/replica:0/task:0/device:GPU:3 with 14782 MB memory:  -> device: 3, name: Tesla V100-SXM2-16GB, pci bus id: 0000:89:00.0, compute capability: 7.0
2025-02-07 04:34:34.951577: I tensorflow/compiler/xla/stream_executor/cuda/cuda_dnn.cc:428] Loaded cuDNN version 8600
2025-02-07 04:34:36.849951: I tensorflow/compiler/xla/stream_executor/cuda/cuda_dnn.cc:428] Loaded cuDNN version 8600
2025-02-07 04:34:37.963960: I tensorflow/compiler/xla/stream_executor/cuda/cuda_dnn.cc:428] Loaded cuDNN version 8600
2025-02-07 04:34:39.077526: I tensorflow/compiler/xla/stream_executor/cuda/cuda_dnn.cc:428] Loaded cuDNN version 8600
2025-02-07 04:34:46.833395: I tensorflow/compiler/xla/service/service.cc:173] XLA service 0x14da24654cf0 initialized for platform CUDA (this does not guarantee that XLA will be used). Devices:
2025-02-07 04:34:46.833430: I tensorflow/compiler/xla/service/service.cc:181]   StreamExecutor device (0): Tesla V100-SXM2-16GB, Compute Capability 7.0
2025-02-07 04:34:46.833436: I tensorflow/compiler/xla/service/service.cc:181]   StreamExecutor device (1): Tesla V100-SXM2-16GB, Compute Capability 7.0
2025-02-07 04:34:46.833441: I tensorflow/compiler/xla/service/service.cc:181]   StreamExecutor device (2): Tesla V100-SXM2-16GB, Compute Capability 7.0
2025-02-07 04:34:46.833462: I tensorflow/compiler/xla/service/service.cc:181]   StreamExecutor device (3): Tesla V100-SXM2-16GB, Compute Capability 7.0
2025-02-07 04:34:46.839554: I tensorflow/compiler/mlir/tensorflow/utils/dump_mlir_util.cc:268] disabling MLIR crash reproducer, set env var `MLIR_CRASH_REPRODUCER_DIRECTORY` to enable.
2025-02-07 04:34:47.017945: I tensorflow/compiler/jit/xla_compilation_cache.cc:477] Compiled cluster using XLA!  This line is logged at most once for the lifetime of the process.
srun: Job 10934552 step creation still disabled, retrying (Requested nodes are busy)
srun: Job 10934552 step creation still disabled, retrying (Requested nodes are busy)
srun: Job 10934552 step creation still disabled, retrying (Requested nodes are busy)
srun: Step created for StepId=10934552.6
2025-02-07 04:36:58.020097: I tensorflow/core/common_runtime/gpu/gpu_device.cc:1613] Created device /job:localhost/replica:0/task:0/device:GPU:0 with 14782 MB memory:  -> device: 0, name: Tesla V100-SXM2-16GB, pci bus id: 0000:60:00.0, compute capability: 7.0
2025-02-07 04:36:58.020800: I tensorflow/core/common_runtime/gpu/gpu_device.cc:1613] Created device /job:localhost/replica:0/task:0/device:GPU:1 with 14782 MB memory:  -> device: 1, name: Tesla V100-SXM2-16GB, pci bus id: 0000:61:00.0, compute capability: 7.0
2025-02-07 04:36:58.021342: I tensorflow/core/common_runtime/gpu/gpu_device.cc:1613] Created device /job:localhost/replica:0/task:0/device:GPU:2 with 14782 MB memory:  -> device: 2, name: Tesla V100-SXM2-16GB, pci bus id: 0000:88:00.0, compute capability: 7.0
2025-02-07 04:36:58.021878: I tensorflow/core/common_runtime/gpu/gpu_device.cc:1613] Created device /job:localhost/replica:0/task:0/device:GPU:3 with 14782 MB memory:  -> device: 3, name: Tesla V100-SXM2-16GB, pci bus id: 0000:89:00.0, compute capability: 7.0
2025-02-07 04:37:14.074104: I tensorflow/compiler/xla/stream_executor/cuda/cuda_dnn.cc:428] Loaded cuDNN version 8600
2025-02-07 04:37:15.997833: I tensorflow/compiler/xla/stream_executor/cuda/cuda_dnn.cc:428] Loaded cuDNN version 8600
2025-02-07 04:37:17.104437: I tensorflow/compiler/xla/stream_executor/cuda/cuda_dnn.cc:428] Loaded cuDNN version 8600
2025-02-07 04:37:18.182061: I tensorflow/compiler/xla/stream_executor/cuda/cuda_dnn.cc:428] Loaded cuDNN version 8600
2025-02-07 04:37:26.004913: I tensorflow/compiler/xla/service/service.cc:173] XLA service 0x6ea4cd70 initialized for platform CUDA (this does not guarantee that XLA will be used). Devices:
2025-02-07 04:37:26.004948: I tensorflow/compiler/xla/service/service.cc:181]   StreamExecutor device (0): Tesla V100-SXM2-16GB, Compute Capability 7.0
2025-02-07 04:37:26.004954: I tensorflow/compiler/xla/service/service.cc:181]   StreamExecutor device (1): Tesla V100-SXM2-16GB, Compute Capability 7.0
2025-02-07 04:37:26.004959: I tensorflow/compiler/xla/service/service.cc:181]   StreamExecutor device (2): Tesla V100-SXM2-16GB, Compute Capability 7.0
2025-02-07 04:37:26.004965: I tensorflow/compiler/xla/service/service.cc:181]   StreamExecutor device (3): Tesla V100-SXM2-16GB, Compute Capability 7.0
2025-02-07 04:37:26.011332: I tensorflow/compiler/mlir/tensorflow/utils/dump_mlir_util.cc:268] disabling MLIR crash reproducer, set env var `MLIR_CRASH_REPRODUCER_DIRECTORY` to enable.
2025-02-07 04:37:26.188538: I tensorflow/compiler/jit/xla_compilation_cache.cc:477] Compiled cluster using XLA!  This line is logged at most once for the lifetime of the process.
srun: Step created for StepId=10934552.7
2025-02-07 04:38:03.936496: I tensorflow/core/common_runtime/gpu/gpu_device.cc:1613] Created device /job:localhost/replica:0/task:0/device:GPU:0 with 14782 MB memory:  -> device: 0, name: Tesla V100-SXM2-16GB, pci bus id: 0000:60:00.0, compute capability: 7.0
2025-02-07 04:38:03.937260: I tensorflow/core/common_runtime/gpu/gpu_device.cc:1613] Created device /job:localhost/replica:0/task:0/device:GPU:1 with 14782 MB memory:  -> device: 1, name: Tesla V100-SXM2-16GB, pci bus id: 0000:61:00.0, compute capability: 7.0
2025-02-07 04:38:03.938191: I tensorflow/core/common_runtime/gpu/gpu_device.cc:1613] Created device /job:localhost/replica:0/task:0/device:GPU:2 with 14782 MB memory:  -> device: 2, name: Tesla V100-SXM2-16GB, pci bus id: 0000:88:00.0, compute capability: 7.0
2025-02-07 04:38:03.938753: I tensorflow/core/common_runtime/gpu/gpu_device.cc:1613] Created device /job:localhost/replica:0/task:0/device:GPU:3 with 14782 MB memory:  -> device: 3, name: Tesla V100-SXM2-16GB, pci bus id: 0000:89:00.0, compute capability: 7.0
2025-02-07 04:38:19.815742: I tensorflow/compiler/xla/stream_executor/cuda/cuda_dnn.cc:428] Loaded cuDNN version 8600
2025-02-07 04:38:21.542674: I tensorflow/compiler/xla/stream_executor/cuda/cuda_dnn.cc:428] Loaded cuDNN version 8600
2025-02-07 04:38:27.987951: I tensorflow/compiler/xla/service/service.cc:173] XLA service 0x14eeefc04f90 initialized for platform CUDA (this does not guarantee that XLA will be used). Devices:
2025-02-07 04:38:27.987988: I tensorflow/compiler/xla/service/service.cc:181]   StreamExecutor device (0): Tesla V100-SXM2-16GB, Compute Capability 7.0
2025-02-07 04:38:27.987996: I tensorflow/compiler/xla/service/service.cc:181]   StreamExecutor device (1): Tesla V100-SXM2-16GB, Compute Capability 7.0
2025-02-07 04:38:27.988001: I tensorflow/compiler/xla/service/service.cc:181]   StreamExecutor device (2): Tesla V100-SXM2-16GB, Compute Capability 7.0
2025-02-07 04:38:27.988023: I tensorflow/compiler/xla/service/service.cc:181]   StreamExecutor device (3): Tesla V100-SXM2-16GB, Compute Capability 7.0
2025-02-07 04:38:27.994322: I tensorflow/compiler/mlir/tensorflow/utils/dump_mlir_util.cc:268] disabling MLIR crash reproducer, set env var `MLIR_CRASH_REPRODUCER_DIRECTORY` to enable.
2025-02-07 04:38:28.172921: I tensorflow/compiler/jit/xla_compilation_cache.cc:477] Compiled cluster using XLA!  This line is logged at most once for the lifetime of the process.
srun: Job 10934552 step creation still disabled, retrying (Requested nodes are busy)
srun: Step created for StepId=10934552.8
2025-02-07 04:41:44.520172: I tensorflow/core/common_runtime/gpu/gpu_device.cc:1613] Created device /job:localhost/replica:0/task:0/device:GPU:0 with 14782 MB memory:  -> device: 0, name: Tesla V100-SXM2-16GB, pci bus id: 0000:60:00.0, compute capability: 7.0
2025-02-07 04:41:44.520886: I tensorflow/core/common_runtime/gpu/gpu_device.cc:1613] Created device /job:localhost/replica:0/task:0/device:GPU:1 with 14782 MB memory:  -> device: 1, name: Tesla V100-SXM2-16GB, pci bus id: 0000:61:00.0, compute capability: 7.0
2025-02-07 04:41:44.521452: I tensorflow/core/common_runtime/gpu/gpu_device.cc:1613] Created device /job:localhost/replica:0/task:0/device:GPU:2 with 14782 MB memory:  -> device: 2, name: Tesla V100-SXM2-16GB, pci bus id: 0000:88:00.0, compute capability: 7.0
2025-02-07 04:41:44.522012: I tensorflow/core/common_runtime/gpu/gpu_device.cc:1613] Created device /job:localhost/replica:0/task:0/device:GPU:3 with 14782 MB memory:  -> device: 3, name: Tesla V100-SXM2-16GB, pci bus id: 0000:89:00.0, compute capability: 7.0
2025-02-07 04:42:00.373352: I tensorflow/compiler/xla/stream_executor/cuda/cuda_dnn.cc:428] Loaded cuDNN version 8600
2025-02-07 04:42:02.095047: I tensorflow/compiler/xla/stream_executor/cuda/cuda_dnn.cc:428] Loaded cuDNN version 8600
2025-02-07 04:42:03.119430: I tensorflow/compiler/xla/stream_executor/cuda/cuda_dnn.cc:428] Loaded cuDNN version 8600
2025-02-07 04:42:04.136431: I tensorflow/compiler/xla/stream_executor/cuda/cuda_dnn.cc:428] Loaded cuDNN version 8600
2025-02-07 04:42:11.580343: I tensorflow/compiler/xla/service/service.cc:173] XLA service 0x6e383c70 initialized for platform CUDA (this does not guarantee that XLA will be used). Devices:
2025-02-07 04:42:11.580378: I tensorflow/compiler/xla/service/service.cc:181]   StreamExecutor device (0): Tesla V100-SXM2-16GB, Compute Capability 7.0
2025-02-07 04:42:11.580384: I tensorflow/compiler/xla/service/service.cc:181]   StreamExecutor device (1): Tesla V100-SXM2-16GB, Compute Capability 7.0
2025-02-07 04:42:11.580389: I tensorflow/compiler/xla/service/service.cc:181]   StreamExecutor device (2): Tesla V100-SXM2-16GB, Compute Capability 7.0
2025-02-07 04:42:11.580410: I tensorflow/compiler/xla/service/service.cc:181]   StreamExecutor device (3): Tesla V100-SXM2-16GB, Compute Capability 7.0
2025-02-07 04:42:11.586338: I tensorflow/compiler/mlir/tensorflow/utils/dump_mlir_util.cc:268] disabling MLIR crash reproducer, set env var `MLIR_CRASH_REPRODUCER_DIRECTORY` to enable.
2025-02-07 04:42:11.764497: I tensorflow/compiler/jit/xla_compilation_cache.cc:477] Compiled cluster using XLA!  This line is logged at most once for the lifetime of the process.
