mkdir: cannot create directory ‘/p/project1/deepacf’: Permission denied
mkdir: cannot create directory ‘/p/project1/deepacf’: Permission denied
2025-02-06 20:31:03.486459: I tensorflow/core/common_runtime/gpu/gpu_device.cc:1613] Created device /job:localhost/replica:0/task:0/device:GPU:0 with 38482 MB memory:  -> device: 0, name: NVIDIA A100-SXM4-40GB, pci bus id: 0000:03:00.0, compute capability: 8.0
2025-02-06 20:31:03.488054: I tensorflow/core/common_runtime/gpu/gpu_device.cc:1613] Created device /job:localhost/replica:0/task:0/device:GPU:1 with 38482 MB memory:  -> device: 1, name: NVIDIA A100-SXM4-40GB, pci bus id: 0000:44:00.0, compute capability: 8.0
2025-02-06 20:31:03.491156: I tensorflow/core/common_runtime/gpu/gpu_device.cc:1613] Created device /job:localhost/replica:0/task:0/device:GPU:2 with 38482 MB memory:  -> device: 2, name: NVIDIA A100-SXM4-40GB, pci bus id: 0000:84:00.0, compute capability: 8.0
2025-02-06 20:31:03.493530: I tensorflow/core/common_runtime/gpu/gpu_device.cc:1613] Created device /job:localhost/replica:0/task:0/device:GPU:3 with 38482 MB memory:  -> device: 3, name: NVIDIA A100-SXM4-40GB, pci bus id: 0000:c4:00.0, compute capability: 8.0
2025-02-06 20:31:06.809352: I tensorflow/core/common_runtime/gpu/gpu_device.cc:1613] Created device /job:localhost/replica:0/task:0/device:GPU:0 with 38482 MB memory:  -> device: 0, name: NVIDIA A100-SXM4-40GB, pci bus id: 0000:03:00.0, compute capability: 8.0
2025-02-06 20:31:06.810955: I tensorflow/core/common_runtime/gpu/gpu_device.cc:1613] Created device /job:localhost/replica:0/task:0/device:GPU:1 with 38482 MB memory:  -> device: 1, name: NVIDIA A100-SXM4-40GB, pci bus id: 0000:44:00.0, compute capability: 8.0
2025-02-06 20:31:06.812573: I tensorflow/core/common_runtime/gpu/gpu_device.cc:1613] Created device /job:localhost/replica:0/task:0/device:GPU:2 with 38482 MB memory:  -> device: 2, name: NVIDIA A100-SXM4-40GB, pci bus id: 0000:84:00.0, compute capability: 8.0
2025-02-06 20:31:06.814036: I tensorflow/core/common_runtime/gpu/gpu_device.cc:1613] Created device /job:localhost/replica:0/task:0/device:GPU:3 with 38482 MB memory:  -> device: 3, name: NVIDIA A100-SXM4-40GB, pci bus id: 0000:c4:00.0, compute capability: 8.0
2025-02-06 20:31:08.848473: I tensorflow/core/common_runtime/gpu/gpu_device.cc:1613] Created device /job:localhost/replica:0/task:0/device:GPU:0 with 38482 MB memory:  -> device: 0, name: NVIDIA A100-SXM4-40GB, pci bus id: 0000:03:00.0, compute capability: 8.0
2025-02-06 20:31:08.850265: I tensorflow/core/common_runtime/gpu/gpu_device.cc:1613] Created device /job:localhost/replica:0/task:0/device:GPU:1 with 38482 MB memory:  -> device: 1, name: NVIDIA A100-SXM4-40GB, pci bus id: 0000:44:00.0, compute capability: 8.0
2025-02-06 20:31:08.851657: I tensorflow/core/common_runtime/gpu/gpu_device.cc:1613] Created device /job:localhost/replica:0/task:0/device:GPU:2 with 38482 MB memory:  -> device: 2, name: NVIDIA A100-SXM4-40GB, pci bus id: 0000:84:00.0, compute capability: 8.0
2025-02-06 20:31:08.853211: I tensorflow/core/common_runtime/gpu/gpu_device.cc:1613] Created device /job:localhost/replica:0/task:0/device:GPU:3 with 38482 MB memory:  -> device: 3, name: NVIDIA A100-SXM4-40GB, pci bus id: 0000:c4:00.0, compute capability: 8.0
2025-02-06 20:31:09.927003: I tensorflow/core/common_runtime/gpu/gpu_device.cc:1613] Created device /job:localhost/replica:0/task:0/device:GPU:0 with 38482 MB memory:  -> device: 0, name: NVIDIA A100-SXM4-40GB, pci bus id: 0000:03:00.0, compute capability: 8.0
2025-02-06 20:31:09.928659: I tensorflow/core/common_runtime/gpu/gpu_device.cc:1613] Created device /job:localhost/replica:0/task:0/device:GPU:1 with 38482 MB memory:  -> device: 1, name: NVIDIA A100-SXM4-40GB, pci bus id: 0000:44:00.0, compute capability: 8.0
2025-02-06 20:31:09.930106: I tensorflow/core/common_runtime/gpu/gpu_device.cc:1613] Created device /job:localhost/replica:0/task:0/device:GPU:2 with 38482 MB memory:  -> device: 2, name: NVIDIA A100-SXM4-40GB, pci bus id: 0000:84:00.0, compute capability: 8.0
2025-02-06 20:31:09.931706: I tensorflow/core/common_runtime/gpu/gpu_device.cc:1613] Created device /job:localhost/replica:0/task:0/device:GPU:3 with 38482 MB memory:  -> device: 3, name: NVIDIA A100-SXM4-40GB, pci bus id: 0000:c4:00.0, compute capability: 8.0
2025-02-06 20:31:11.441672: I tensorflow/core/common_runtime/gpu/gpu_device.cc:1613] Created device /job:localhost/replica:0/task:0/device:GPU:0 with 38482 MB memory:  -> device: 0, name: NVIDIA A100-SXM4-40GB, pci bus id: 0000:03:00.0, compute capability: 8.0
2025-02-06 20:31:11.443350: I tensorflow/core/common_runtime/gpu/gpu_device.cc:1613] Created device /job:localhost/replica:0/task:0/device:GPU:1 with 38482 MB memory:  -> device: 1, name: NVIDIA A100-SXM4-40GB, pci bus id: 0000:44:00.0, compute capability: 8.0
2025-02-06 20:31:11.444835: I tensorflow/core/common_runtime/gpu/gpu_device.cc:1613] Created device /job:localhost/replica:0/task:0/device:GPU:2 with 38482 MB memory:  -> device: 2, name: NVIDIA A100-SXM4-40GB, pci bus id: 0000:84:00.0, compute capability: 8.0
2025-02-06 20:31:11.446313: I tensorflow/core/common_runtime/gpu/gpu_device.cc:1613] Created device /job:localhost/replica:0/task:0/device:GPU:3 with 38482 MB memory:  -> device: 3, name: NVIDIA A100-SXM4-40GB, pci bus id: 0000:c4:00.0, compute capability: 8.0
2025-02-06 20:31:20.300957: I tensorflow/compiler/xla/stream_executor/cuda/cuda_dnn.cc:428] Loaded cuDNN version 8600
2025-02-06 20:31:21.089668: I tensorflow/compiler/xla/stream_executor/cuda/cuda_blas.cc:630] TensorFloat-32 will be used for the matrix multiplication. This will only be logged once.
2025-02-06 20:31:21.631614: I tensorflow/compiler/xla/service/service.cc:173] XLA service 0x1449646fdb30 initialized for platform CUDA (this does not guarantee that XLA will be used). Devices:
2025-02-06 20:31:21.631689: I tensorflow/compiler/xla/service/service.cc:181]   StreamExecutor device (0): NVIDIA A100-SXM4-40GB, Compute Capability 8.0
2025-02-06 20:31:21.631696: I tensorflow/compiler/xla/service/service.cc:181]   StreamExecutor device (1): NVIDIA A100-SXM4-40GB, Compute Capability 8.0
2025-02-06 20:31:21.631702: I tensorflow/compiler/xla/service/service.cc:181]   StreamExecutor device (2): NVIDIA A100-SXM4-40GB, Compute Capability 8.0
2025-02-06 20:31:21.631708: I tensorflow/compiler/xla/service/service.cc:181]   StreamExecutor device (3): NVIDIA A100-SXM4-40GB, Compute Capability 8.0
2025-02-06 20:31:21.647328: I tensorflow/compiler/mlir/tensorflow/utils/dump_mlir_util.cc:268] disabling MLIR crash reproducer, set env var `MLIR_CRASH_REPRODUCER_DIRECTORY` to enable.
2025-02-06 20:31:21.889181: I tensorflow/compiler/jit/xla_compilation_cache.cc:477] Compiled cluster using XLA!  This line is logged at most once for the lifetime of the process.
2025-02-06 20:31:23.109218: I tensorflow/compiler/xla/stream_executor/cuda/cuda_dnn.cc:428] Loaded cuDNN version 8600
2025-02-06 20:31:23.921232: I tensorflow/compiler/xla/stream_executor/cuda/cuda_blas.cc:630] TensorFloat-32 will be used for the matrix multiplication. This will only be logged once.
2025-02-06 20:31:24.378588: I tensorflow/compiler/xla/service/service.cc:173] XLA service 0x148bfb34e820 initialized for platform CUDA (this does not guarantee that XLA will be used). Devices:
2025-02-06 20:31:24.378654: I tensorflow/compiler/xla/service/service.cc:181]   StreamExecutor device (0): NVIDIA A100-SXM4-40GB, Compute Capability 8.0
2025-02-06 20:31:24.378661: I tensorflow/compiler/xla/service/service.cc:181]   StreamExecutor device (1): NVIDIA A100-SXM4-40GB, Compute Capability 8.0
2025-02-06 20:31:24.378667: I tensorflow/compiler/xla/service/service.cc:181]   StreamExecutor device (2): NVIDIA A100-SXM4-40GB, Compute Capability 8.0
2025-02-06 20:31:24.378673: I tensorflow/compiler/xla/service/service.cc:181]   StreamExecutor device (3): NVIDIA A100-SXM4-40GB, Compute Capability 8.0
2025-02-06 20:31:24.393778: I tensorflow/compiler/mlir/tensorflow/utils/dump_mlir_util.cc:268] disabling MLIR crash reproducer, set env var `MLIR_CRASH_REPRODUCER_DIRECTORY` to enable.
2025-02-06 20:31:24.627925: I tensorflow/compiler/jit/xla_compilation_cache.cc:477] Compiled cluster using XLA!  This line is logged at most once for the lifetime of the process.
2025-02-06 20:31:25.167760: I tensorflow/compiler/xla/stream_executor/cuda/cuda_dnn.cc:428] Loaded cuDNN version 8600
2025-02-06 20:31:25.954883: I tensorflow/compiler/xla/stream_executor/cuda/cuda_blas.cc:630] TensorFloat-32 will be used for the matrix multiplication. This will only be logged once.
2025-02-06 20:31:26.361064: I tensorflow/compiler/xla/service/service.cc:173] XLA service 0x151e4bf9c010 initialized for platform CUDA (this does not guarantee that XLA will be used). Devices:
2025-02-06 20:31:26.361130: I tensorflow/compiler/xla/service/service.cc:181]   StreamExecutor device (0): NVIDIA A100-SXM4-40GB, Compute Capability 8.0
2025-02-06 20:31:26.361137: I tensorflow/compiler/xla/service/service.cc:181]   StreamExecutor device (1): NVIDIA A100-SXM4-40GB, Compute Capability 8.0
2025-02-06 20:31:26.361143: I tensorflow/compiler/xla/service/service.cc:181]   StreamExecutor device (2): NVIDIA A100-SXM4-40GB, Compute Capability 8.0
2025-02-06 20:31:26.361149: I tensorflow/compiler/xla/service/service.cc:181]   StreamExecutor device (3): NVIDIA A100-SXM4-40GB, Compute Capability 8.0
2025-02-06 20:31:26.376310: I tensorflow/compiler/mlir/tensorflow/utils/dump_mlir_util.cc:268] disabling MLIR crash reproducer, set env var `MLIR_CRASH_REPRODUCER_DIRECTORY` to enable.
2025-02-06 20:31:26.612659: I tensorflow/compiler/jit/xla_compilation_cache.cc:477] Compiled cluster using XLA!  This line is logged at most once for the lifetime of the process.
2025-02-06 20:31:27.073471: I tensorflow/compiler/xla/stream_executor/cuda/cuda_dnn.cc:428] Loaded cuDNN version 8600
2025-02-06 20:31:27.752889: I tensorflow/compiler/xla/stream_executor/cuda/cuda_dnn.cc:428] Loaded cuDNN version 8600
2025-02-06 20:31:27.976823: I tensorflow/compiler/xla/stream_executor/cuda/cuda_blas.cc:630] TensorFloat-32 will be used for the matrix multiplication. This will only be logged once.
2025-02-06 20:31:28.544753: I tensorflow/compiler/xla/service/service.cc:173] XLA service 0x153d2a936e00 initialized for platform CUDA (this does not guarantee that XLA will be used). Devices:
2025-02-06 20:31:28.544826: I tensorflow/compiler/xla/service/service.cc:181]   StreamExecutor device (0): NVIDIA A100-SXM4-40GB, Compute Capability 8.0
2025-02-06 20:31:28.544835: I tensorflow/compiler/xla/service/service.cc:181]   StreamExecutor device (1): NVIDIA A100-SXM4-40GB, Compute Capability 8.0
2025-02-06 20:31:28.544843: I tensorflow/compiler/xla/service/service.cc:181]   StreamExecutor device (2): NVIDIA A100-SXM4-40GB, Compute Capability 8.0
2025-02-06 20:31:28.544850: I tensorflow/compiler/xla/service/service.cc:181]   StreamExecutor device (3): NVIDIA A100-SXM4-40GB, Compute Capability 8.0
2025-02-06 20:31:28.550528: I tensorflow/compiler/xla/stream_executor/cuda/cuda_blas.cc:630] TensorFloat-32 will be used for the matrix multiplication. This will only be logged once.
2025-02-06 20:31:28.562400: I tensorflow/compiler/mlir/tensorflow/utils/dump_mlir_util.cc:268] disabling MLIR crash reproducer, set env var `MLIR_CRASH_REPRODUCER_DIRECTORY` to enable.
2025-02-06 20:31:28.809110: I tensorflow/compiler/jit/xla_compilation_cache.cc:477] Compiled cluster using XLA!  This line is logged at most once for the lifetime of the process.
2025-02-06 20:31:28.983566: I tensorflow/compiler/xla/service/service.cc:173] XLA service 0x153e53d993a0 initialized for platform CUDA (this does not guarantee that XLA will be used). Devices:
2025-02-06 20:31:28.983631: I tensorflow/compiler/xla/service/service.cc:181]   StreamExecutor device (0): NVIDIA A100-SXM4-40GB, Compute Capability 8.0
2025-02-06 20:31:28.983639: I tensorflow/compiler/xla/service/service.cc:181]   StreamExecutor device (1): NVIDIA A100-SXM4-40GB, Compute Capability 8.0
2025-02-06 20:31:28.983645: I tensorflow/compiler/xla/service/service.cc:181]   StreamExecutor device (2): NVIDIA A100-SXM4-40GB, Compute Capability 8.0
2025-02-06 20:31:28.983651: I tensorflow/compiler/xla/service/service.cc:181]   StreamExecutor device (3): NVIDIA A100-SXM4-40GB, Compute Capability 8.0
2025-02-06 20:31:28.998401: I tensorflow/compiler/mlir/tensorflow/utils/dump_mlir_util.cc:268] disabling MLIR crash reproducer, set env var `MLIR_CRASH_REPRODUCER_DIRECTORY` to enable.
2025-02-06 20:31:29.226301: I tensorflow/compiler/jit/xla_compilation_cache.cc:477] Compiled cluster using XLA!  This line is logged at most once for the lifetime of the process.
srun: Job 10934613 step creation temporarily disabled, retrying (Requested nodes are busy)
srun: Job 10934613 step creation temporarily disabled, retrying (Requested nodes are busy)
srun: Job 10934613 step creation temporarily disabled, retrying (Requested nodes are busy)
srun: Job 10934613 step creation temporarily disabled, retrying (Requested nodes are busy)
srun: Job 10934613 step creation still disabled, retrying (Requested nodes are busy)
srun: Job 10934613 step creation still disabled, retrying (Requested nodes are busy)
srun: Job 10934613 step creation still disabled, retrying (Requested nodes are busy)
srun: Job 10934613 step creation still disabled, retrying (Requested nodes are busy)
srun: Job 10934613 step creation still disabled, retrying (Requested nodes are busy)
srun: Job 10934613 step creation still disabled, retrying (Requested nodes are busy)
srun: Job 10934613 step creation still disabled, retrying (Requested nodes are busy)
srun: Job 10934613 step creation still disabled, retrying (Requested nodes are busy)
srun: Job 10934613 step creation still disabled, retrying (Requested nodes are busy)
srun: Job 10934613 step creation still disabled, retrying (Requested nodes are busy)
srun: Job 10934613 step creation still disabled, retrying (Requested nodes are busy)
srun: Job 10934613 step creation still disabled, retrying (Requested nodes are busy)
srun: Job 10934613 step creation still disabled, retrying (Requested nodes are busy)
srun: Job 10934613 step creation still disabled, retrying (Requested nodes are busy)
srun: Job 10934613 step creation still disabled, retrying (Requested nodes are busy)
srun: Job 10934613 step creation still disabled, retrying (Requested nodes are busy)
srun: Job 10934613 step creation still disabled, retrying (Requested nodes are busy)
srun: Job 10934613 step creation still disabled, retrying (Requested nodes are busy)
srun: Job 10934613 step creation still disabled, retrying (Requested nodes are busy)
srun: Job 10934613 step creation still disabled, retrying (Requested nodes are busy)
srun: Job 10934613 step creation still disabled, retrying (Requested nodes are busy)
srun: Job 10934613 step creation still disabled, retrying (Requested nodes are busy)
srun: Job 10934613 step creation still disabled, retrying (Requested nodes are busy)
srun: Job 10934613 step creation still disabled, retrying (Requested nodes are busy)
srun: Job 10934613 step creation still disabled, retrying (Requested nodes are busy)
srun: Job 10934613 step creation still disabled, retrying (Requested nodes are busy)
srun: Job 10934613 step creation still disabled, retrying (Requested nodes are busy)
srun: Job 10934613 step creation still disabled, retrying (Requested nodes are busy)
srun: Job 10934613 step creation still disabled, retrying (Requested nodes are busy)
srun: Job 10934613 step creation still disabled, retrying (Requested nodes are busy)
srun: Job 10934613 step creation still disabled, retrying (Requested nodes are busy)
srun: Job 10934613 step creation still disabled, retrying (Requested nodes are busy)
srun: Job 10934613 step creation still disabled, retrying (Requested nodes are busy)
srun: Job 10934613 step creation still disabled, retrying (Requested nodes are busy)
srun: Job 10934613 step creation still disabled, retrying (Requested nodes are busy)
srun: Job 10934613 step creation still disabled, retrying (Requested nodes are busy)
srun: Job 10934613 step creation still disabled, retrying (Requested nodes are busy)
srun: Job 10934613 step creation still disabled, retrying (Requested nodes are busy)
srun: Job 10934613 step creation still disabled, retrying (Requested nodes are busy)
srun: Job 10934613 step creation still disabled, retrying (Requested nodes are busy)
srun: Job 10934613 step creation still disabled, retrying (Requested nodes are busy)
srun: Job 10934613 step creation still disabled, retrying (Requested nodes are busy)
srun: Job 10934613 step creation still disabled, retrying (Requested nodes are busy)
srun: Job 10934613 step creation still disabled, retrying (Requested nodes are busy)
srun: Job 10934613 step creation still disabled, retrying (Requested nodes are busy)
srun: Job 10934613 step creation still disabled, retrying (Requested nodes are busy)
srun: Job 10934613 step creation still disabled, retrying (Requested nodes are busy)
srun: Job 10934613 step creation still disabled, retrying (Requested nodes are busy)
srun: Job 10934613 step creation still disabled, retrying (Requested nodes are busy)
srun: Job 10934613 step creation still disabled, retrying (Requested nodes are busy)
srun: Job 10934613 step creation still disabled, retrying (Requested nodes are busy)
srun: Job 10934613 step creation still disabled, retrying (Requested nodes are busy)
srun: Job 10934613 step creation still disabled, retrying (Requested nodes are busy)
srun: Job 10934613 step creation still disabled, retrying (Requested nodes are busy)
srun: Step created for StepId=10934613.5
2025-02-06 21:01:58.944736: I tensorflow/core/common_runtime/gpu/gpu_device.cc:1613] Created device /job:localhost/replica:0/task:0/device:GPU:0 with 38482 MB memory:  -> device: 0, name: NVIDIA A100-SXM4-40GB, pci bus id: 0000:03:00.0, compute capability: 8.0
2025-02-06 21:01:58.946262: I tensorflow/core/common_runtime/gpu/gpu_device.cc:1613] Created device /job:localhost/replica:0/task:0/device:GPU:1 with 38482 MB memory:  -> device: 1, name: NVIDIA A100-SXM4-40GB, pci bus id: 0000:44:00.0, compute capability: 8.0
2025-02-06 21:01:58.947777: I tensorflow/core/common_runtime/gpu/gpu_device.cc:1613] Created device /job:localhost/replica:0/task:0/device:GPU:2 with 38482 MB memory:  -> device: 2, name: NVIDIA A100-SXM4-40GB, pci bus id: 0000:84:00.0, compute capability: 8.0
2025-02-06 21:01:58.949240: I tensorflow/core/common_runtime/gpu/gpu_device.cc:1613] Created device /job:localhost/replica:0/task:0/device:GPU:3 with 38482 MB memory:  -> device: 3, name: NVIDIA A100-SXM4-40GB, pci bus id: 0000:c4:00.0, compute capability: 8.0
2025-02-06 21:02:15.123416: I tensorflow/compiler/xla/stream_executor/cuda/cuda_dnn.cc:428] Loaded cuDNN version 8600
2025-02-06 21:02:15.665684: I tensorflow/compiler/xla/stream_executor/cuda/cuda_blas.cc:630] TensorFloat-32 will be used for the matrix multiplication. This will only be logged once.
2025-02-06 21:02:15.950825: I tensorflow/compiler/xla/service/service.cc:173] XLA service 0x15094a49cc10 initialized for platform CUDA (this does not guarantee that XLA will be used). Devices:
2025-02-06 21:02:15.950879: I tensorflow/compiler/xla/service/service.cc:181]   StreamExecutor device (0): NVIDIA A100-SXM4-40GB, Compute Capability 8.0
2025-02-06 21:02:15.950886: I tensorflow/compiler/xla/service/service.cc:181]   StreamExecutor device (1): NVIDIA A100-SXM4-40GB, Compute Capability 8.0
2025-02-06 21:02:15.950892: I tensorflow/compiler/xla/service/service.cc:181]   StreamExecutor device (2): NVIDIA A100-SXM4-40GB, Compute Capability 8.0
2025-02-06 21:02:15.950898: I tensorflow/compiler/xla/service/service.cc:181]   StreamExecutor device (3): NVIDIA A100-SXM4-40GB, Compute Capability 8.0
2025-02-06 21:02:15.955731: I tensorflow/compiler/mlir/tensorflow/utils/dump_mlir_util.cc:268] disabling MLIR crash reproducer, set env var `MLIR_CRASH_REPRODUCER_DIRECTORY` to enable.
2025-02-06 21:02:16.136916: I tensorflow/compiler/jit/xla_compilation_cache.cc:477] Compiled cluster using XLA!  This line is logged at most once for the lifetime of the process.
srun: Job 10934613 step creation still disabled, retrying (Requested nodes are busy)
srun: Job 10934613 step creation still disabled, retrying (Requested nodes are busy)
srun: Job 10934613 step creation still disabled, retrying (Requested nodes are busy)
srun: Job 10934613 step creation still disabled, retrying (Requested nodes are busy)
srun: Job 10934613 step creation still disabled, retrying (Requested nodes are busy)
srun: Job 10934613 step creation still disabled, retrying (Requested nodes are busy)
srun: Job 10934613 step creation still disabled, retrying (Requested nodes are busy)
srun: Job 10934613 step creation still disabled, retrying (Requested nodes are busy)
srun: Job 10934613 step creation still disabled, retrying (Requested nodes are busy)
srun: Job 10934613 step creation still disabled, retrying (Requested nodes are busy)
srun: Job 10934613 step creation still disabled, retrying (Requested nodes are busy)
srun: Job 10934613 step creation still disabled, retrying (Requested nodes are busy)
srun: Job 10934613 step creation still disabled, retrying (Requested nodes are busy)
srun: Job 10934613 step creation still disabled, retrying (Requested nodes are busy)
srun: Job 10934613 step creation still disabled, retrying (Requested nodes are busy)
srun: Job 10934613 step creation still disabled, retrying (Requested nodes are busy)
srun: Job 10934613 step creation still disabled, retrying (Requested nodes are busy)
srun: Job 10934613 step creation still disabled, retrying (Requested nodes are busy)
srun: Job 10934613 step creation still disabled, retrying (Requested nodes are busy)
srun: Job 10934613 step creation still disabled, retrying (Requested nodes are busy)
srun: Job 10934613 step creation still disabled, retrying (Requested nodes are busy)
srun: Job 10934613 step creation still disabled, retrying (Requested nodes are busy)
srun: Job 10934613 step creation still disabled, retrying (Requested nodes are busy)
srun: Job 10934613 step creation still disabled, retrying (Requested nodes are busy)
srun: Job 10934613 step creation still disabled, retrying (Requested nodes are busy)
srun: Job 10934613 step creation still disabled, retrying (Requested nodes are busy)
srun: Job 10934613 step creation still disabled, retrying (Requested nodes are busy)
srun: Job 10934613 step creation still disabled, retrying (Requested nodes are busy)
srun: Job 10934613 step creation still disabled, retrying (Requested nodes are busy)
srun: Job 10934613 step creation still disabled, retrying (Requested nodes are busy)
srun: Job 10934613 step creation still disabled, retrying (Requested nodes are busy)
srun: Job 10934613 step creation still disabled, retrying (Requested nodes are busy)
srun: Job 10934613 step creation still disabled, retrying (Requested nodes are busy)
srun: Step created for StepId=10934613.6
2025-02-06 21:25:35.746813: I tensorflow/core/common_runtime/gpu/gpu_device.cc:1613] Created device /job:localhost/replica:0/task:0/device:GPU:0 with 38482 MB memory:  -> device: 0, name: NVIDIA A100-SXM4-40GB, pci bus id: 0000:03:00.0, compute capability: 8.0
2025-02-06 21:25:35.748448: I tensorflow/core/common_runtime/gpu/gpu_device.cc:1613] Created device /job:localhost/replica:0/task:0/device:GPU:1 with 38482 MB memory:  -> device: 1, name: NVIDIA A100-SXM4-40GB, pci bus id: 0000:44:00.0, compute capability: 8.0
2025-02-06 21:25:35.750067: I tensorflow/core/common_runtime/gpu/gpu_device.cc:1613] Created device /job:localhost/replica:0/task:0/device:GPU:2 with 38482 MB memory:  -> device: 2, name: NVIDIA A100-SXM4-40GB, pci bus id: 0000:84:00.0, compute capability: 8.0
2025-02-06 21:25:35.752524: I tensorflow/core/common_runtime/gpu/gpu_device.cc:1613] Created device /job:localhost/replica:0/task:0/device:GPU:3 with 38482 MB memory:  -> device: 3, name: NVIDIA A100-SXM4-40GB, pci bus id: 0000:c4:00.0, compute capability: 8.0
2025-02-06 21:25:51.959385: I tensorflow/compiler/xla/stream_executor/cuda/cuda_dnn.cc:428] Loaded cuDNN version 8600
2025-02-06 21:25:52.564456: I tensorflow/compiler/xla/stream_executor/cuda/cuda_blas.cc:630] TensorFloat-32 will be used for the matrix multiplication. This will only be logged once.
2025-02-06 21:25:52.938680: I tensorflow/compiler/xla/service/service.cc:173] XLA service 0x150f603e3e10 initialized for platform CUDA (this does not guarantee that XLA will be used). Devices:
2025-02-06 21:25:52.938734: I tensorflow/compiler/xla/service/service.cc:181]   StreamExecutor device (0): NVIDIA A100-SXM4-40GB, Compute Capability 8.0
2025-02-06 21:25:52.938741: I tensorflow/compiler/xla/service/service.cc:181]   StreamExecutor device (1): NVIDIA A100-SXM4-40GB, Compute Capability 8.0
2025-02-06 21:25:52.938747: I tensorflow/compiler/xla/service/service.cc:181]   StreamExecutor device (2): NVIDIA A100-SXM4-40GB, Compute Capability 8.0
2025-02-06 21:25:52.938753: I tensorflow/compiler/xla/service/service.cc:181]   StreamExecutor device (3): NVIDIA A100-SXM4-40GB, Compute Capability 8.0
2025-02-06 21:25:52.943648: I tensorflow/compiler/mlir/tensorflow/utils/dump_mlir_util.cc:268] disabling MLIR crash reproducer, set env var `MLIR_CRASH_REPRODUCER_DIRECTORY` to enable.
2025-02-06 21:25:53.124978: I tensorflow/compiler/jit/xla_compilation_cache.cc:477] Compiled cluster using XLA!  This line is logged at most once for the lifetime of the process.
srun: Job 10934613 step creation still disabled, retrying (Requested nodes are busy)
srun: Job 10934613 step creation still disabled, retrying (Requested nodes are busy)
srun: Job 10934613 step creation still disabled, retrying (Requested nodes are busy)
srun: Job 10934613 step creation still disabled, retrying (Requested nodes are busy)
srun: Job 10934613 step creation still disabled, retrying (Requested nodes are busy)
srun: Job 10934613 step creation still disabled, retrying (Requested nodes are busy)
srun: Step created for StepId=10934613.7
2025-02-06 21:32:10.011454: I tensorflow/core/common_runtime/gpu/gpu_device.cc:1613] Created device /job:localhost/replica:0/task:0/device:GPU:0 with 38482 MB memory:  -> device: 0, name: NVIDIA A100-SXM4-40GB, pci bus id: 0000:03:00.0, compute capability: 8.0
2025-02-06 21:32:10.013074: I tensorflow/core/common_runtime/gpu/gpu_device.cc:1613] Created device /job:localhost/replica:0/task:0/device:GPU:1 with 38482 MB memory:  -> device: 1, name: NVIDIA A100-SXM4-40GB, pci bus id: 0000:44:00.0, compute capability: 8.0
2025-02-06 21:32:10.014559: I tensorflow/core/common_runtime/gpu/gpu_device.cc:1613] Created device /job:localhost/replica:0/task:0/device:GPU:2 with 38482 MB memory:  -> device: 2, name: NVIDIA A100-SXM4-40GB, pci bus id: 0000:84:00.0, compute capability: 8.0
2025-02-06 21:32:10.016016: I tensorflow/core/common_runtime/gpu/gpu_device.cc:1613] Created device /job:localhost/replica:0/task:0/device:GPU:3 with 38482 MB memory:  -> device: 3, name: NVIDIA A100-SXM4-40GB, pci bus id: 0000:c4:00.0, compute capability: 8.0
2025-02-06 21:32:26.210310: I tensorflow/compiler/xla/stream_executor/cuda/cuda_dnn.cc:428] Loaded cuDNN version 8600
2025-02-06 21:32:26.799851: I tensorflow/compiler/xla/stream_executor/cuda/cuda_blas.cc:630] TensorFloat-32 will be used for the matrix multiplication. This will only be logged once.
2025-02-06 21:32:27.173783: I tensorflow/compiler/xla/service/service.cc:173] XLA service 0x14ce6c353880 initialized for platform CUDA (this does not guarantee that XLA will be used). Devices:
2025-02-06 21:32:27.173836: I tensorflow/compiler/xla/service/service.cc:181]   StreamExecutor device (0): NVIDIA A100-SXM4-40GB, Compute Capability 8.0
2025-02-06 21:32:27.173844: I tensorflow/compiler/xla/service/service.cc:181]   StreamExecutor device (1): NVIDIA A100-SXM4-40GB, Compute Capability 8.0
2025-02-06 21:32:27.173850: I tensorflow/compiler/xla/service/service.cc:181]   StreamExecutor device (2): NVIDIA A100-SXM4-40GB, Compute Capability 8.0
2025-02-06 21:32:27.173856: I tensorflow/compiler/xla/service/service.cc:181]   StreamExecutor device (3): NVIDIA A100-SXM4-40GB, Compute Capability 8.0
2025-02-06 21:32:27.178750: I tensorflow/compiler/mlir/tensorflow/utils/dump_mlir_util.cc:268] disabling MLIR crash reproducer, set env var `MLIR_CRASH_REPRODUCER_DIRECTORY` to enable.
2025-02-06 21:32:27.360037: I tensorflow/compiler/jit/xla_compilation_cache.cc:477] Compiled cluster using XLA!  This line is logged at most once for the lifetime of the process.
srun: Job 10934613 step creation still disabled, retrying (Requested nodes are busy)
srun: Job 10934613 step creation still disabled, retrying (Requested nodes are busy)
srun: Job 10934613 step creation still disabled, retrying (Requested nodes are busy)
srun: Job 10934613 step creation still disabled, retrying (Requested nodes are busy)
srun: Job 10934613 step creation still disabled, retrying (Requested nodes are busy)
srun: Job 10934613 step creation still disabled, retrying (Requested nodes are busy)
srun: Step created for StepId=10934613.8
2025-02-06 21:45:49.913007: I tensorflow/core/common_runtime/gpu/gpu_device.cc:1613] Created device /job:localhost/replica:0/task:0/device:GPU:0 with 38482 MB memory:  -> device: 0, name: NVIDIA A100-SXM4-40GB, pci bus id: 0000:03:00.0, compute capability: 8.0
2025-02-06 21:45:49.914584: I tensorflow/core/common_runtime/gpu/gpu_device.cc:1613] Created device /job:localhost/replica:0/task:0/device:GPU:1 with 38482 MB memory:  -> device: 1, name: NVIDIA A100-SXM4-40GB, pci bus id: 0000:44:00.0, compute capability: 8.0
2025-02-06 21:45:49.916004: I tensorflow/core/common_runtime/gpu/gpu_device.cc:1613] Created device /job:localhost/replica:0/task:0/device:GPU:2 with 38482 MB memory:  -> device: 2, name: NVIDIA A100-SXM4-40GB, pci bus id: 0000:84:00.0, compute capability: 8.0
2025-02-06 21:45:49.917391: I tensorflow/core/common_runtime/gpu/gpu_device.cc:1613] Created device /job:localhost/replica:0/task:0/device:GPU:3 with 38482 MB memory:  -> device: 3, name: NVIDIA A100-SXM4-40GB, pci bus id: 0000:c4:00.0, compute capability: 8.0
2025-02-06 21:46:06.022164: I tensorflow/compiler/xla/stream_executor/cuda/cuda_dnn.cc:428] Loaded cuDNN version 8600
2025-02-06 21:46:06.539477: I tensorflow/compiler/xla/stream_executor/cuda/cuda_blas.cc:630] TensorFloat-32 will be used for the matrix multiplication. This will only be logged once.
2025-02-06 21:46:06.789202: I tensorflow/compiler/xla/service/service.cc:173] XLA service 0x14cf16dda6d0 initialized for platform CUDA (this does not guarantee that XLA will be used). Devices:
2025-02-06 21:46:06.789254: I tensorflow/compiler/xla/service/service.cc:181]   StreamExecutor device (0): NVIDIA A100-SXM4-40GB, Compute Capability 8.0
2025-02-06 21:46:06.789261: I tensorflow/compiler/xla/service/service.cc:181]   StreamExecutor device (1): NVIDIA A100-SXM4-40GB, Compute Capability 8.0
2025-02-06 21:46:06.789267: I tensorflow/compiler/xla/service/service.cc:181]   StreamExecutor device (2): NVIDIA A100-SXM4-40GB, Compute Capability 8.0
2025-02-06 21:46:06.789273: I tensorflow/compiler/xla/service/service.cc:181]   StreamExecutor device (3): NVIDIA A100-SXM4-40GB, Compute Capability 8.0
2025-02-06 21:46:06.794235: I tensorflow/compiler/mlir/tensorflow/utils/dump_mlir_util.cc:268] disabling MLIR crash reproducer, set env var `MLIR_CRASH_REPRODUCER_DIRECTORY` to enable.
2025-02-06 21:46:06.975716: I tensorflow/compiler/jit/xla_compilation_cache.cc:477] Compiled cluster using XLA!  This line is logged at most once for the lifetime of the process.
