All necessary directories have been created or already exist.
No lead day provided. Using default hyperparameters - LR: 0.0001, BS: 32, DROPOUT: 0.0, UNET_TYPE: unet-l
Running DL_TRAIN.py for day03 with dropout=0, lr=0.00001, bs=1, unet_type=unet-trans-s ...
Running DL_TRAIN.py for day03 with dropout=0, lr=0.00001, bs=2, unet_type=unet-trans-s ...
Running DL_TRAIN.py for day03 with dropout=0, lr=0.00001, bs=4, unet_type=unet-trans-s ...
Running DL_TRAIN.py for day03 with dropout=0, lr=0.00001, bs=8, unet_type=unet-trans-s ...
Running DL_TRAIN.py for day03 with dropout=0, lr=0.0001, bs=1, unet_type=unet-trans-s ...
Running DL_TRAIN.py for day03 with dropout=0, lr=0.0001, bs=2, unet_type=unet-trans-s ...
Running DL_TRAIN.py for day03 with dropout=0, lr=0.0001, bs=4, unet_type=unet-trans-s ...
Running DL_TRAIN.py for day03 with dropout=0, lr=0.0001, bs=8, unet_type=unet-trans-s ...
Running DL_TRAIN.py for day03 with dropout=0, lr=0.001, bs=1, unet_type=unet-trans-s ...
Running DL_TRAIN.py for day03 with dropout=0, lr=0.001, bs=2, unet_type=unet-trans-s ...
Running DL_TRAIN.py for day03 with dropout=0, lr=0.001, bs=4, unet_type=unet-trans-s ...
Running DL_TRAIN.py for day03 with dropout=0, lr=0.001, bs=8, unet_type=unet-trans-s ...
Running DL_TRAIN.py for day03 with dropout=0, lr=0.01, bs=1, unet_type=unet-trans-s ...
Running DL_TRAIN.py for day03 with dropout=0, lr=0.01, bs=2, unet_type=unet-trans-s ...
Running DL_TRAIN.py for day03 with dropout=0, lr=0.01, bs=4, unet_type=unet-trans-s ...
Running DL_TRAIN.py for day03 with dropout=0, lr=0.01, bs=8, unet_type=unet-trans-s ...
train_data_hourly_pr_['ADAPTER_DE05.day03.merged.nc']_['ADAPTER_DE05.day01.merged.nc']_MM_6__spatiotemporal_128.256_2018-01-01T13_2022-12-31T23_no_na_land
Loading training data...
Data loaded!
mse_64_0.0001_1e-17_0.5_4_8_16_0.5_128_0.0_unet-trans-s_day03
Training the model...

Epoch 1: val_loss improved from inf to 0.00044, saving model to /p/project1/cesmtst/patakchiyousefi1/HPT/mse_64_0.0001_1e-17_0.5_4_8_16_0.5_128_0.0_unet-trans-s_day03.h5
train_data_hourly_pr_['ADAPTER_DE05.day03.merged.nc']_['ADAPTER_DE05.day01.merged.nc']_MM_6__spatiotemporal_128.256_2018-01-01T13_2022-12-31T23_no_na_land
Loading training data...
Data loaded!
mse_64_0.01_1e-17_0.5_4_8_16_0.5_128_0.0_unet-trans-s_day03
Training the model...

Epoch 1: val_loss improved from inf to 0.00226, saving model to /p/project1/cesmtst/patakchiyousefi1/HPT/mse_64_0.01_1e-17_0.5_4_8_16_0.5_128_0.0_unet-trans-s_day03.h5
train_data_hourly_pr_['ADAPTER_DE05.day03.merged.nc']_['ADAPTER_DE05.day01.merged.nc']_MM_6__spatiotemporal_128.256_2018-01-01T13_2022-12-31T23_no_na_land
Loading training data...
Data loaded!
mse_64_1e-05_1e-17_0.5_4_8_16_0.5_128_0.0_unet-trans-s_day03
Training the model...

Epoch 1: val_loss improved from inf to 0.01523, saving model to /p/project1/cesmtst/patakchiyousefi1/HPT/mse_64_1e-05_1e-17_0.5_4_8_16_0.5_128_0.0_unet-trans-s_day03.h5
train_data_hourly_pr_['ADAPTER_DE05.day03.merged.nc']_['ADAPTER_DE05.day01.merged.nc']_MM_6__spatiotemporal_128.256_2018-01-01T13_2022-12-31T23_no_na_land
Loading training data...
Data loaded!
mse_64_1e-05_1e-17_0.5_4_4_16_0.5_128_0.0_unet-trans-s_day03
Training the model...

Epoch 1: val_loss improved from inf to 0.01709, saving model to /p/project1/cesmtst/patakchiyousefi1/HPT/mse_64_1e-05_1e-17_0.5_4_4_16_0.5_128_0.0_unet-trans-s_day03.h5
train_data_hourly_pr_['ADAPTER_DE05.day03.merged.nc']_['ADAPTER_DE05.day01.merged.nc']_MM_6__spatiotemporal_128.256_2018-01-01T13_2022-12-31T23_no_na_land
Loading training data...
Data loaded!
mse_64_0.01_1e-17_0.5_4_4_16_0.5_128_0.0_unet-trans-s_day03
Training the model...

Epoch 1: val_loss improved from inf to 0.00022, saving model to /p/project1/cesmtst/patakchiyousefi1/HPT/mse_64_0.01_1e-17_0.5_4_4_16_0.5_128_0.0_unet-trans-s_day03.h5
train_data_hourly_pr_['ADAPTER_DE05.day03.merged.nc']_['ADAPTER_DE05.day01.merged.nc']_MM_6__spatiotemporal_128.256_2018-01-01T13_2022-12-31T23_no_na_land
Loading training data...
Data loaded!
mse_64_0.001_1e-17_0.5_4_8_16_0.5_128_0.0_unet-trans-s_day03
Training the model...

Epoch 1: val_loss improved from inf to 0.00095, saving model to /p/project1/cesmtst/patakchiyousefi1/HPT/mse_64_0.001_1e-17_0.5_4_8_16_0.5_128_0.0_unet-trans-s_day03.h5
train_data_hourly_pr_['ADAPTER_DE05.day03.merged.nc']_['ADAPTER_DE05.day01.merged.nc']_MM_6__spatiotemporal_128.256_2018-01-01T13_2022-12-31T23_no_na_land
Loading training data...
Data loaded!
mse_64_0.0001_1e-17_0.5_4_4_16_0.5_128_0.0_unet-trans-s_day03
Training the model...

Epoch 1: val_loss improved from inf to 0.00033, saving model to /p/project1/cesmtst/patakchiyousefi1/HPT/mse_64_0.0001_1e-17_0.5_4_4_16_0.5_128_0.0_unet-trans-s_day03.h5
train_data_hourly_pr_['ADAPTER_DE05.day03.merged.nc']_['ADAPTER_DE05.day01.merged.nc']_MM_6__spatiotemporal_128.256_2018-01-01T13_2022-12-31T23_no_na_land
Loading training data...
Data loaded!
mse_64_0.0001_1e-17_0.5_4_2_16_0.5_128_0.0_unet-trans-s_day03
Training the model...

Epoch 1: val_loss improved from inf to 0.00007, saving model to /p/project1/cesmtst/patakchiyousefi1/HPT/mse_64_0.0001_1e-17_0.5_4_2_16_0.5_128_0.0_unet-trans-s_day03.h5
train_data_hourly_pr_['ADAPTER_DE05.day03.merged.nc']_['ADAPTER_DE05.day01.merged.nc']_MM_6__spatiotemporal_128.256_2018-01-01T13_2022-12-31T23_no_na_land
Loading training data...
Data loaded!
mse_64_0.001_1e-17_0.5_4_4_16_0.5_128_0.0_unet-trans-s_day03
Training the model...

Epoch 1: val_loss improved from inf to 0.00228, saving model to /p/project1/cesmtst/patakchiyousefi1/HPT/mse_64_0.001_1e-17_0.5_4_4_16_0.5_128_0.0_unet-trans-s_day03.h5
train_data_hourly_pr_['ADAPTER_DE05.day03.merged.nc']_['ADAPTER_DE05.day01.merged.nc']_MM_6__spatiotemporal_128.256_2018-01-01T13_2022-12-31T23_no_na_land
Loading training data...
Data loaded!
mse_64_1e-05_1e-17_0.5_4_2_16_0.5_128_0.0_unet-trans-s_day03
Training the model...

Epoch 1: val_loss improved from inf to 0.05047, saving model to /p/project1/cesmtst/patakchiyousefi1/HPT/mse_64_1e-05_1e-17_0.5_4_2_16_0.5_128_0.0_unet-trans-s_day03.h5
train_data_hourly_pr_['ADAPTER_DE05.day03.merged.nc']_['ADAPTER_DE05.day01.merged.nc']_MM_6__spatiotemporal_128.256_2018-01-01T13_2022-12-31T23_no_na_land
Loading training data...
Data loaded!
mse_64_0.01_1e-17_0.5_4_2_16_0.5_128_0.0_unet-trans-s_day03
Training the model...

Epoch 1: val_loss improved from inf to 0.00509, saving model to /p/project1/cesmtst/patakchiyousefi1/HPT/mse_64_0.01_1e-17_0.5_4_2_16_0.5_128_0.0_unet-trans-s_day03.h5
train_data_hourly_pr_['ADAPTER_DE05.day03.merged.nc']_['ADAPTER_DE05.day01.merged.nc']_MM_6__spatiotemporal_128.256_2018-01-01T13_2022-12-31T23_no_na_land
Loading training data...
Data loaded!
mse_64_0.001_1e-17_0.5_4_2_16_0.5_128_0.0_unet-trans-s_day03
Training the model...

Epoch 1: val_loss improved from inf to 0.00193, saving model to /p/project1/cesmtst/patakchiyousefi1/HPT/mse_64_0.001_1e-17_0.5_4_2_16_0.5_128_0.0_unet-trans-s_day03.h5
train_data_hourly_pr_['ADAPTER_DE05.day03.merged.nc']_['ADAPTER_DE05.day01.merged.nc']_MM_6__spatiotemporal_128.256_2018-01-01T13_2022-12-31T23_no_na_land
Loading training data...
Data loaded!
mse_64_1e-05_1e-17_0.5_4_1_16_0.5_128_0.0_unet-trans-s_day03
Training the model...

Epoch 1: val_loss improved from inf to 0.00060, saving model to /p/project1/cesmtst/patakchiyousefi1/HPT/mse_64_1e-05_1e-17_0.5_4_1_16_0.5_128_0.0_unet-trans-s_day03.h5
train_data_hourly_pr_['ADAPTER_DE05.day03.merged.nc']_['ADAPTER_DE05.day01.merged.nc']_MM_6__spatiotemporal_128.256_2018-01-01T13_2022-12-31T23_no_na_land
Loading training data...
Data loaded!
mse_64_0.0001_1e-17_0.5_4_1_16_0.5_128_0.0_unet-trans-s_day03
Training the model...

Epoch 1: val_loss improved from inf to 0.00010, saving model to /p/project1/cesmtst/patakchiyousefi1/HPT/mse_64_0.0001_1e-17_0.5_4_1_16_0.5_128_0.0_unet-trans-s_day03.h5

Epoch 2: val_loss improved from 0.00044 to 0.00013, saving model to /p/project1/cesmtst/patakchiyousefi1/HPT/mse_64_0.0001_1e-17_0.5_4_8_16_0.5_128_0.0_unet-trans-s_day03.h5

Epoch 2: val_loss improved from 0.00226 to 0.00034, saving model to /p/project1/cesmtst/patakchiyousefi1/HPT/mse_64_0.01_1e-17_0.5_4_8_16_0.5_128_0.0_unet-trans-s_day03.h5

Epoch 2: val_loss improved from 0.01523 to 0.00726, saving model to /p/project1/cesmtst/patakchiyousefi1/HPT/mse_64_1e-05_1e-17_0.5_4_8_16_0.5_128_0.0_unet-trans-s_day03.h5
train_data_hourly_pr_['ADAPTER_DE05.day03.merged.nc']_['ADAPTER_DE05.day01.merged.nc']_MM_6__spatiotemporal_128.256_2018-01-01T13_2022-12-31T23_no_na_land
Loading training data...
Data loaded!
mse_64_0.001_1e-17_0.5_4_1_16_0.5_128_0.0_unet-trans-s_day03
Training the model...

Epoch 1: val_loss improved from inf to 0.00006, saving model to /p/project1/cesmtst/patakchiyousefi1/HPT/mse_64_0.001_1e-17_0.5_4_1_16_0.5_128_0.0_unet-trans-s_day03.h5
train_data_hourly_pr_['ADAPTER_DE05.day03.merged.nc']_['ADAPTER_DE05.day01.merged.nc']_MM_6__spatiotemporal_128.256_2018-01-01T13_2022-12-31T23_no_na_land
Loading training data...
Data loaded!
mse_64_0.01_1e-17_0.5_4_1_16_0.5_128_0.0_unet-trans-s_day03
Training the model...

Epoch 1: val_loss improved from inf to 0.00436, saving model to /p/project1/cesmtst/patakchiyousefi1/HPT/mse_64_0.01_1e-17_0.5_4_1_16_0.5_128_0.0_unet-trans-s_day03.h5

Epoch 2: val_loss improved from 0.01709 to 0.00254, saving model to /p/project1/cesmtst/patakchiyousefi1/HPT/mse_64_1e-05_1e-17_0.5_4_4_16_0.5_128_0.0_unet-trans-s_day03.h5

Epoch 2: val_loss improved from 0.00022 to 0.00012, saving model to /p/project1/cesmtst/patakchiyousefi1/HPT/mse_64_0.01_1e-17_0.5_4_4_16_0.5_128_0.0_unet-trans-s_day03.h5

Epoch 2: val_loss improved from 0.00033 to 0.00007, saving model to /p/project1/cesmtst/patakchiyousefi1/HPT/mse_64_0.0001_1e-17_0.5_4_4_16_0.5_128_0.0_unet-trans-s_day03.h5

Epoch 2: val_loss improved from 0.00095 to 0.00048, saving model to /p/project1/cesmtst/patakchiyousefi1/HPT/mse_64_0.001_1e-17_0.5_4_8_16_0.5_128_0.0_unet-trans-s_day03.h5

Epoch 2: val_loss improved from 0.00228 to 0.00086, saving model to /p/project1/cesmtst/patakchiyousefi1/HPT/mse_64_0.001_1e-17_0.5_4_4_16_0.5_128_0.0_unet-trans-s_day03.h5

Epoch 2: val_loss improved from 0.00007 to 0.00005, saving model to /p/project1/cesmtst/patakchiyousefi1/HPT/mse_64_0.0001_1e-17_0.5_4_2_16_0.5_128_0.0_unet-trans-s_day03.h5

Epoch 2: val_loss improved from 0.05047 to 0.00961, saving model to /p/project1/cesmtst/patakchiyousefi1/HPT/mse_64_1e-05_1e-17_0.5_4_2_16_0.5_128_0.0_unet-trans-s_day03.h5

Epoch 2: val_loss improved from 0.00509 to 0.00017, saving model to /p/project1/cesmtst/patakchiyousefi1/HPT/mse_64_0.01_1e-17_0.5_4_2_16_0.5_128_0.0_unet-trans-s_day03.h5

Epoch 2: val_loss improved from 0.00193 to 0.00088, saving model to /p/project1/cesmtst/patakchiyousefi1/HPT/mse_64_0.001_1e-17_0.5_4_2_16_0.5_128_0.0_unet-trans-s_day03.h5

Epoch 3: val_loss improved from 0.00013 to 0.00007, saving model to /p/project1/cesmtst/patakchiyousefi1/HPT/mse_64_0.0001_1e-17_0.5_4_8_16_0.5_128_0.0_unet-trans-s_day03.h5

Epoch 3: val_loss did not improve from 0.00034

Epoch 3: val_loss improved from 0.00726 to 0.00352, saving model to /p/project1/cesmtst/patakchiyousefi1/HPT/mse_64_1e-05_1e-17_0.5_4_8_16_0.5_128_0.0_unet-trans-s_day03.h5

Epoch 3: val_loss improved from 0.00254 to 0.00114, saving model to /p/project1/cesmtst/patakchiyousefi1/HPT/mse_64_1e-05_1e-17_0.5_4_4_16_0.5_128_0.0_unet-trans-s_day03.h5

Epoch 3: val_loss did not improve from 0.00012

Epoch 3: val_loss improved from 0.00048 to 0.00005, saving model to /p/project1/cesmtst/patakchiyousefi1/HPT/mse_64_0.001_1e-17_0.5_4_8_16_0.5_128_0.0_unet-trans-s_day03.h5

Epoch 3: val_loss improved from 0.00007 to 0.00005, saving model to /p/project1/cesmtst/patakchiyousefi1/HPT/mse_64_0.0001_1e-17_0.5_4_4_16_0.5_128_0.0_unet-trans-s_day03.h5

Epoch 3: val_loss improved from 0.00086 to 0.00016, saving model to /p/project1/cesmtst/patakchiyousefi1/HPT/mse_64_0.001_1e-17_0.5_4_4_16_0.5_128_0.0_unet-trans-s_day03.h5

Epoch 2: val_loss improved from 0.00060 to 0.00008, saving model to /p/project1/cesmtst/patakchiyousefi1/HPT/mse_64_1e-05_1e-17_0.5_4_1_16_0.5_128_0.0_unet-trans-s_day03.h5

Epoch 2: val_loss improved from 0.00010 to 0.00005, saving model to /p/project1/cesmtst/patakchiyousefi1/HPT/mse_64_0.0001_1e-17_0.5_4_1_16_0.5_128_0.0_unet-trans-s_day03.h5

Epoch 4: val_loss improved from 0.00007 to 0.00006, saving model to /p/project1/cesmtst/patakchiyousefi1/HPT/mse_64_0.0001_1e-17_0.5_4_8_16_0.5_128_0.0_unet-trans-s_day03.h5

Epoch 3: val_loss improved from 0.00005 to 0.00005, saving model to /p/project1/cesmtst/patakchiyousefi1/HPT/mse_64_0.0001_1e-17_0.5_4_2_16_0.5_128_0.0_unet-trans-s_day03.h5

Epoch 3: val_loss did not improve from 0.00961

Epoch 4: val_loss improved from 0.00034 to 0.00007, saving model to /p/project1/cesmtst/patakchiyousefi1/HPT/mse_64_0.01_1e-17_0.5_4_8_16_0.5_128_0.0_unet-trans-s_day03.h5

Epoch 4: val_loss improved from 0.00352 to 0.00202, saving model to /p/project1/cesmtst/patakchiyousefi1/HPT/mse_64_1e-05_1e-17_0.5_4_8_16_0.5_128_0.0_unet-trans-s_day03.h5

Epoch 2: val_loss did not improve from 0.00436

Epoch 2: val_loss improved from 0.00006 to 0.00005, saving model to /p/project1/cesmtst/patakchiyousefi1/HPT/mse_64_0.001_1e-17_0.5_4_1_16_0.5_128_0.0_unet-trans-s_day03.h5

Epoch 3: val_loss improved from 0.00017 to 0.00016, saving model to /p/project1/cesmtst/patakchiyousefi1/HPT/mse_64_0.01_1e-17_0.5_4_2_16_0.5_128_0.0_unet-trans-s_day03.h5

Epoch 3: val_loss improved from 0.00088 to 0.00019, saving model to /p/project1/cesmtst/patakchiyousefi1/HPT/mse_64_0.001_1e-17_0.5_4_2_16_0.5_128_0.0_unet-trans-s_day03.h5

Epoch 4: val_loss did not improve from 0.00005

Epoch 4: val_loss improved from 0.00114 to 0.00053, saving model to /p/project1/cesmtst/patakchiyousefi1/HPT/mse_64_1e-05_1e-17_0.5_4_4_16_0.5_128_0.0_unet-trans-s_day03.h5

Epoch 4: val_loss did not improve from 0.00012

Epoch 4: val_loss improved from 0.00005 to 0.00005, saving model to /p/project1/cesmtst/patakchiyousefi1/HPT/mse_64_0.0001_1e-17_0.5_4_4_16_0.5_128_0.0_unet-trans-s_day03.h5

Epoch 4: val_loss improved from 0.00016 to 0.00006, saving model to /p/project1/cesmtst/patakchiyousefi1/HPT/mse_64_0.001_1e-17_0.5_4_4_16_0.5_128_0.0_unet-trans-s_day03.h5

Epoch 5: val_loss improved from 0.00006 to 0.00005, saving model to /p/project1/cesmtst/patakchiyousefi1/HPT/mse_64_0.0001_1e-17_0.5_4_8_16_0.5_128_0.0_unet-trans-s_day03.h5

Epoch 5: val_loss improved from 0.00007 to 0.00007, saving model to /p/project1/cesmtst/patakchiyousefi1/HPT/mse_64_0.01_1e-17_0.5_4_8_16_0.5_128_0.0_unet-trans-s_day03.h5

Epoch 5: val_loss improved from 0.00202 to 0.00107, saving model to /p/project1/cesmtst/patakchiyousefi1/HPT/mse_64_1e-05_1e-17_0.5_4_8_16_0.5_128_0.0_unet-trans-s_day03.h5

Epoch 4: val_loss did not improve from 0.00005

Epoch 4: val_loss did not improve from 0.00961

Epoch 5: val_loss did not improve from 0.00005

Epoch 4: val_loss improved from 0.00016 to 0.00016, saving model to /p/project1/cesmtst/patakchiyousefi1/HPT/mse_64_0.01_1e-17_0.5_4_2_16_0.5_128_0.0_unet-trans-s_day03.h5

Epoch 3: val_loss improved from 0.00008 to 0.00006, saving model to /p/project1/cesmtst/patakchiyousefi1/HPT/mse_64_1e-05_1e-17_0.5_4_1_16_0.5_128_0.0_unet-trans-s_day03.h5

Epoch 5: val_loss improved from 0.00053 to 0.00033, saving model to /p/project1/cesmtst/patakchiyousefi1/HPT/mse_64_1e-05_1e-17_0.5_4_4_16_0.5_128_0.0_unet-trans-s_day03.h5

Epoch 5: val_loss improved from 0.00012 to 0.00007, saving model to /p/project1/cesmtst/patakchiyousefi1/HPT/mse_64_0.01_1e-17_0.5_4_4_16_0.5_128_0.0_unet-trans-s_day03.h5

Epoch 4: val_loss improved from 0.00019 to 0.00009, saving model to /p/project1/cesmtst/patakchiyousefi1/HPT/mse_64_0.001_1e-17_0.5_4_2_16_0.5_128_0.0_unet-trans-s_day03.h5

Epoch 3: val_loss did not improve from 0.00005

Epoch 5: val_loss improved from 0.00005 to 0.00005, saving model to /p/project1/cesmtst/patakchiyousefi1/HPT/mse_64_0.0001_1e-17_0.5_4_4_16_0.5_128_0.0_unet-trans-s_day03.h5

Epoch 5: val_loss did not improve from 0.00006

Epoch 3: val_loss did not improve from 0.00005

Epoch 3: val_loss improved from 0.00436 to 0.00436, saving model to /p/project1/cesmtst/patakchiyousefi1/HPT/mse_64_0.01_1e-17_0.5_4_1_16_0.5_128_0.0_unet-trans-s_day03.h5

Epoch 6: val_loss improved from 0.00005 to 0.00005, saving model to /p/project1/cesmtst/patakchiyousefi1/HPT/mse_64_0.0001_1e-17_0.5_4_8_16_0.5_128_0.0_unet-trans-s_day03.h5

Epoch 6: val_loss improved from 0.00107 to 0.00070, saving model to /p/project1/cesmtst/patakchiyousefi1/HPT/mse_64_1e-05_1e-17_0.5_4_8_16_0.5_128_0.0_unet-trans-s_day03.h5

Epoch 6: val_loss improved from 0.00007 to 0.00007, saving model to /p/project1/cesmtst/patakchiyousefi1/HPT/mse_64_0.01_1e-17_0.5_4_8_16_0.5_128_0.0_unet-trans-s_day03.h5

Epoch 6: val_loss did not improve from 0.00005

Epoch 5: val_loss did not improve from 0.00961

Epoch 5: val_loss did not improve from 0.00005

Epoch 6: val_loss improved from 0.00033 to 0.00021, saving model to /p/project1/cesmtst/patakchiyousefi1/HPT/mse_64_1e-05_1e-17_0.5_4_4_16_0.5_128_0.0_unet-trans-s_day03.h5

Epoch 6: val_loss did not improve from 0.00007

Epoch 5: val_loss improved from 0.00016 to 0.00016, saving model to /p/project1/cesmtst/patakchiyousefi1/HPT/mse_64_0.01_1e-17_0.5_4_2_16_0.5_128_0.0_unet-trans-s_day03.h5

Epoch 6: val_loss improved from 0.00005 to 0.00005, saving model to /p/project1/cesmtst/patakchiyousefi1/HPT/mse_64_0.0001_1e-17_0.5_4_4_16_0.5_128_0.0_unet-trans-s_day03.h5

Epoch 6: val_loss improved from 0.00006 to 0.00005, saving model to /p/project1/cesmtst/patakchiyousefi1/HPT/mse_64_0.001_1e-17_0.5_4_4_16_0.5_128_0.0_unet-trans-s_day03.h5

Epoch 7: val_loss improved from 0.00005 to 0.00005, saving model to /p/project1/cesmtst/patakchiyousefi1/HPT/mse_64_0.0001_1e-17_0.5_4_8_16_0.5_128_0.0_unet-trans-s_day03.h5

Epoch 5: val_loss did not improve from 0.00009

Epoch 7: val_loss improved from 0.00070 to 0.00050, saving model to /p/project1/cesmtst/patakchiyousefi1/HPT/mse_64_1e-05_1e-17_0.5_4_8_16_0.5_128_0.0_unet-trans-s_day03.h5

Epoch 7: val_loss improved from 0.00007 to 0.00007, saving model to /p/project1/cesmtst/patakchiyousefi1/HPT/mse_64_0.01_1e-17_0.5_4_8_16_0.5_128_0.0_unet-trans-s_day03.h5

Epoch 7: val_loss did not improve from 0.00005

Epoch 4: val_loss improved from 0.00006 to 0.00005, saving model to /p/project1/cesmtst/patakchiyousefi1/HPT/mse_64_1e-05_1e-17_0.5_4_1_16_0.5_128_0.0_unet-trans-s_day03.h5

Epoch 4: val_loss improved from 0.00005 to 0.00005, saving model to /p/project1/cesmtst/patakchiyousefi1/HPT/mse_64_0.0001_1e-17_0.5_4_1_16_0.5_128_0.0_unet-trans-s_day03.h5

Epoch 4: val_loss did not improve from 0.00005

Epoch 7: val_loss improved from 0.00021 to 0.00015, saving model to /p/project1/cesmtst/patakchiyousefi1/HPT/mse_64_1e-05_1e-17_0.5_4_4_16_0.5_128_0.0_unet-trans-s_day03.h5

Epoch 7: val_loss did not improve from 0.00007

Epoch 4: val_loss did not improve from 0.00436

Epoch 8: val_loss did not improve from 0.00005

Epoch 6: val_loss did not improve from 0.00961

Epoch 6: val_loss did not improve from 0.00005

Epoch 8: val_loss improved from 0.00050 to 0.00040, saving model to /p/project1/cesmtst/patakchiyousefi1/HPT/mse_64_1e-05_1e-17_0.5_4_8_16_0.5_128_0.0_unet-trans-s_day03.h5

Epoch 7: val_loss improved from 0.00005 to 0.00005, saving model to /p/project1/cesmtst/patakchiyousefi1/HPT/mse_64_0.0001_1e-17_0.5_4_4_16_0.5_128_0.0_unet-trans-s_day03.h5

Epoch 8: val_loss improved from 0.00007 to 0.00007, saving model to /p/project1/cesmtst/patakchiyousefi1/HPT/mse_64_0.01_1e-17_0.5_4_8_16_0.5_128_0.0_unet-trans-s_day03.h5

Epoch 7: val_loss improved from 0.00005 to 0.00005, saving model to /p/project1/cesmtst/patakchiyousefi1/HPT/mse_64_0.001_1e-17_0.5_4_4_16_0.5_128_0.0_unet-trans-s_day03.h5

Epoch 6: val_loss did not improve from 0.00016

Epoch 6: val_loss did not improve from 0.00009

Epoch 8: val_loss did not improve from 0.00005

Epoch 8: val_loss improved from 0.00015 to 0.00012, saving model to /p/project1/cesmtst/patakchiyousefi1/HPT/mse_64_1e-05_1e-17_0.5_4_4_16_0.5_128_0.0_unet-trans-s_day03.h5

Epoch 9: val_loss improved from 0.00005 to 0.00004, saving model to /p/project1/cesmtst/patakchiyousefi1/HPT/mse_64_0.0001_1e-17_0.5_4_8_16_0.5_128_0.0_unet-trans-s_day03.h5

Epoch 8: val_loss did not improve from 0.00007

Epoch 9: val_loss improved from 0.00040 to 0.00033, saving model to /p/project1/cesmtst/patakchiyousefi1/HPT/mse_64_1e-05_1e-17_0.5_4_8_16_0.5_128_0.0_unet-trans-s_day03.h5

Epoch 9: val_loss improved from 0.00007 to 0.00007, saving model to /p/project1/cesmtst/patakchiyousefi1/HPT/mse_64_0.01_1e-17_0.5_4_8_16_0.5_128_0.0_unet-trans-s_day03.h5

Epoch 8: val_loss improved from 0.00005 to 0.00005, saving model to /p/project1/cesmtst/patakchiyousefi1/HPT/mse_64_0.0001_1e-17_0.5_4_4_16_0.5_128_0.0_unet-trans-s_day03.h5

Epoch 8: val_loss improved from 0.00005 to 0.00004, saving model to /p/project1/cesmtst/patakchiyousefi1/HPT/mse_64_0.001_1e-17_0.5_4_4_16_0.5_128_0.0_unet-trans-s_day03.h5

Epoch 7: val_loss did not improve from 0.00961

Epoch 7: val_loss improved from 0.00005 to 0.00005, saving model to /p/project1/cesmtst/patakchiyousefi1/HPT/mse_64_0.0001_1e-17_0.5_4_2_16_0.5_128_0.0_unet-trans-s_day03.h5

Epoch 5: val_loss did not improve from 0.00005

Epoch 9: val_loss did not improve from 0.00005

Epoch 5: val_loss improved from 0.00005 to 0.00005, saving model to /p/project1/cesmtst/patakchiyousefi1/HPT/mse_64_0.0001_1e-17_0.5_4_1_16_0.5_128_0.0_unet-trans-s_day03.h5

Epoch 7: val_loss did not improve from 0.00016

Epoch 7: val_loss did not improve from 0.00009

Epoch 5: val_loss did not improve from 0.00005

Epoch 5: val_loss did not improve from 0.00436

Epoch 10: val_loss improved from 0.00004 to 0.00004, saving model to /p/project1/cesmtst/patakchiyousefi1/HPT/mse_64_0.0001_1e-17_0.5_4_8_16_0.5_128_0.0_unet-trans-s_day03.h5

Epoch 10: val_loss improved from 0.00033 to 0.00028, saving model to /p/project1/cesmtst/patakchiyousefi1/HPT/mse_64_1e-05_1e-17_0.5_4_8_16_0.5_128_0.0_unet-trans-s_day03.h5

Epoch 9: val_loss improved from 0.00012 to 0.00010, saving model to /p/project1/cesmtst/patakchiyousefi1/HPT/mse_64_1e-05_1e-17_0.5_4_4_16_0.5_128_0.0_unet-trans-s_day03.h5

Epoch 10: val_loss did not improve from 0.00007

Epoch 9: val_loss did not improve from 0.00007

Epoch 9: val_loss improved from 0.00005 to 0.00005, saving model to /p/project1/cesmtst/patakchiyousefi1/HPT/mse_64_0.0001_1e-17_0.5_4_4_16_0.5_128_0.0_unet-trans-s_day03.h5

Epoch 9: val_loss did not improve from 0.00004

Epoch 10: val_loss did not improve from 0.00005

Epoch 8: val_loss did not improve from 0.00961

Epoch 8: val_loss did not improve from 0.00005

Epoch 8: val_loss did not improve from 0.00016

Epoch 11: val_loss improved from 0.00004 to 0.00004, saving model to /p/project1/cesmtst/patakchiyousefi1/HPT/mse_64_0.0001_1e-17_0.5_4_8_16_0.5_128_0.0_unet-trans-s_day03.h5

Epoch 8: val_loss improved from 0.00009 to 0.00005, saving model to /p/project1/cesmtst/patakchiyousefi1/HPT/mse_64_0.001_1e-17_0.5_4_2_16_0.5_128_0.0_unet-trans-s_day03.h5

Epoch 11: val_loss improved from 0.00028 to 0.00024, saving model to /p/project1/cesmtst/patakchiyousefi1/HPT/mse_64_1e-05_1e-17_0.5_4_8_16_0.5_128_0.0_unet-trans-s_day03.h5

Epoch 11: val_loss did not improve from 0.00007

Epoch 10: val_loss improved from 0.00010 to 0.00009, saving model to /p/project1/cesmtst/patakchiyousefi1/HPT/mse_64_1e-05_1e-17_0.5_4_4_16_0.5_128_0.0_unet-trans-s_day03.h5

Epoch 10: val_loss improved from 0.00007 to 0.00006, saving model to /p/project1/cesmtst/patakchiyousefi1/HPT/mse_64_0.01_1e-17_0.5_4_4_16_0.5_128_0.0_unet-trans-s_day03.h5

Epoch 6: val_loss did not improve from 0.00005

Epoch 6: val_loss improved from 0.00005 to 0.00005, saving model to /p/project1/cesmtst/patakchiyousefi1/HPT/mse_64_0.0001_1e-17_0.5_4_1_16_0.5_128_0.0_unet-trans-s_day03.h5

Epoch 11: val_loss did not improve from 0.00005

Epoch 10: val_loss did not improve from 0.00004

Epoch 10: val_loss did not improve from 0.00005

Epoch 6: val_loss did not improve from 0.00005

Epoch 6: val_loss did not improve from 0.00436

Epoch 12: val_loss improved from 0.00004 to 0.00004, saving model to /p/project1/cesmtst/patakchiyousefi1/HPT/mse_64_0.0001_1e-17_0.5_4_8_16_0.5_128_0.0_unet-trans-s_day03.h5

Epoch 9: val_loss did not improve from 0.00961

Epoch 12: val_loss improved from 0.00024 to 0.00021, saving model to /p/project1/cesmtst/patakchiyousefi1/HPT/mse_64_1e-05_1e-17_0.5_4_8_16_0.5_128_0.0_unet-trans-s_day03.h5

Epoch 12: val_loss did not improve from 0.00007

Epoch 9: val_loss did not improve from 0.00005

Epoch 9: val_loss did not improve from 0.00016

Epoch 11: val_loss improved from 0.00009 to 0.00008, saving model to /p/project1/cesmtst/patakchiyousefi1/HPT/mse_64_1e-05_1e-17_0.5_4_4_16_0.5_128_0.0_unet-trans-s_day03.h5

Epoch 9: val_loss did not improve from 0.00005

Epoch 11: val_loss improved from 0.00006 to 0.00005, saving model to /p/project1/cesmtst/patakchiyousefi1/HPT/mse_64_0.01_1e-17_0.5_4_4_16_0.5_128_0.0_unet-trans-s_day03.h5

Epoch 12: val_loss did not improve from 0.00005

Epoch 11: val_loss did not improve from 0.00004

Epoch 11: val_loss improved from 0.00005 to 0.00005, saving model to /p/project1/cesmtst/patakchiyousefi1/HPT/mse_64_0.0001_1e-17_0.5_4_4_16_0.5_128_0.0_unet-trans-s_day03.h5

Epoch 13: val_loss did not improve from 0.00004

Epoch 13: val_loss improved from 0.00021 to 0.00019, saving model to /p/project1/cesmtst/patakchiyousefi1/HPT/mse_64_1e-05_1e-17_0.5_4_8_16_0.5_128_0.0_unet-trans-s_day03.h5

Epoch 13: val_loss did not improve from 0.00007

Epoch 7: val_loss did not improve from 0.00005

Epoch 7: val_loss did not improve from 0.00005

Epoch 10: val_loss did not improve from 0.00961

Epoch 12: val_loss improved from 0.00008 to 0.00007, saving model to /p/project1/cesmtst/patakchiyousefi1/HPT/mse_64_1e-05_1e-17_0.5_4_4_16_0.5_128_0.0_unet-trans-s_day03.h5

Epoch 10: val_loss improved from 0.00005 to 0.00004, saving model to /p/project1/cesmtst/patakchiyousefi1/HPT/mse_64_0.0001_1e-17_0.5_4_2_16_0.5_128_0.0_unet-trans-s_day03.h5

Epoch 12: val_loss did not improve from 0.00005

Epoch 7: val_loss did not improve from 0.00005

Epoch 13: val_loss did not improve from 0.00005

Epoch 10: val_loss did not improve from 0.00016

Epoch 7: val_loss did not improve from 0.00436

Epoch 10: val_loss did not improve from 0.00005

Epoch 12: val_loss did not improve from 0.00004

Epoch 12: val_loss improved from 0.00005 to 0.00005, saving model to /p/project1/cesmtst/patakchiyousefi1/HPT/mse_64_0.0001_1e-17_0.5_4_4_16_0.5_128_0.0_unet-trans-s_day03.h5

Epoch 14: val_loss improved from 0.00004 to 0.00004, saving model to /p/project1/cesmtst/patakchiyousefi1/HPT/mse_64_0.0001_1e-17_0.5_4_8_16_0.5_128_0.0_unet-trans-s_day03.h5

Epoch 14: val_loss improved from 0.00019 to 0.00017, saving model to /p/project1/cesmtst/patakchiyousefi1/HPT/mse_64_1e-05_1e-17_0.5_4_8_16_0.5_128_0.0_unet-trans-s_day03.h5

Epoch 14: val_loss did not improve from 0.00007

Epoch 14: val_loss improved from 0.00005 to 0.00005, saving model to /p/project1/cesmtst/patakchiyousefi1/HPT/mse_64_0.001_1e-17_0.5_4_8_16_0.5_128_0.0_unet-trans-s_day03.h5

Epoch 13: val_loss improved from 0.00007 to 0.00007, saving model to /p/project1/cesmtst/patakchiyousefi1/HPT/mse_64_1e-05_1e-17_0.5_4_4_16_0.5_128_0.0_unet-trans-s_day03.h5

Epoch 13: val_loss improved from 0.00005 to 0.00005, saving model to /p/project1/cesmtst/patakchiyousefi1/HPT/mse_64_0.01_1e-17_0.5_4_4_16_0.5_128_0.0_unet-trans-s_day03.h5

Epoch 11: val_loss did not improve from 0.00961

Epoch 11: val_loss improved from 0.00004 to 0.00004, saving model to /p/project1/cesmtst/patakchiyousefi1/HPT/mse_64_0.0001_1e-17_0.5_4_2_16_0.5_128_0.0_unet-trans-s_day03.h5

Epoch 13: val_loss did not improve from 0.00004

Epoch 13: val_loss did not improve from 0.00005

Epoch 15: val_loss improved from 0.00004 to 0.00004, saving model to /p/project1/cesmtst/patakchiyousefi1/HPT/mse_64_0.0001_1e-17_0.5_4_8_16_0.5_128_0.0_unet-trans-s_day03.h5

Epoch 11: val_loss did not improve from 0.00005

Epoch 8: val_loss improved from 0.00005 to 0.00005, saving model to /p/project1/cesmtst/patakchiyousefi1/HPT/mse_64_1e-05_1e-17_0.5_4_1_16_0.5_128_0.0_unet-trans-s_day03.h5

Epoch 15: val_loss improved from 0.00017 to 0.00016, saving model to /p/project1/cesmtst/patakchiyousefi1/HPT/mse_64_1e-05_1e-17_0.5_4_8_16_0.5_128_0.0_unet-trans-s_day03.h5

Epoch 11: val_loss did not improve from 0.00016

Epoch 15: val_loss did not improve from 0.00007

Epoch 8: val_loss improved from 0.00005 to 0.00005, saving model to /p/project1/cesmtst/patakchiyousefi1/HPT/mse_64_0.0001_1e-17_0.5_4_1_16_0.5_128_0.0_unet-trans-s_day03.h5

Epoch 8: val_loss did not improve from 0.00005

Epoch 15: val_loss improved from 0.00005 to 0.00005, saving model to /p/project1/cesmtst/patakchiyousefi1/HPT/mse_64_0.001_1e-17_0.5_4_8_16_0.5_128_0.0_unet-trans-s_day03.h5

Epoch 8: val_loss did not improve from 0.00436

Epoch 14: val_loss improved from 0.00007 to 0.00007, saving model to /p/project1/cesmtst/patakchiyousefi1/HPT/mse_64_1e-05_1e-17_0.5_4_4_16_0.5_128_0.0_unet-trans-s_day03.h5

Epoch 14: val_loss improved from 0.00005 to 0.00005, saving model to /p/project1/cesmtst/patakchiyousefi1/HPT/mse_64_0.01_1e-17_0.5_4_4_16_0.5_128_0.0_unet-trans-s_day03.h5

Epoch 14: val_loss did not improve from 0.00004

Epoch 16: val_loss improved from 0.00004 to 0.00004, saving model to /p/project1/cesmtst/patakchiyousefi1/HPT/mse_64_0.0001_1e-17_0.5_4_8_16_0.5_128_0.0_unet-trans-s_day03.h5

Epoch 16: val_loss improved from 0.00016 to 0.00015, saving model to /p/project1/cesmtst/patakchiyousefi1/HPT/mse_64_1e-05_1e-17_0.5_4_8_16_0.5_128_0.0_unet-trans-s_day03.h5

Epoch 12: val_loss did not improve from 0.00961

Epoch 14: val_loss did not improve from 0.00005

Epoch 16: val_loss did not improve from 0.00007

Epoch 12: val_loss did not improve from 0.00004

Epoch 12: val_loss did not improve from 0.00016

Epoch 12: val_loss did not improve from 0.00005

Epoch 16: val_loss did not improve from 0.00005

Epoch 15: val_loss improved from 0.00007 to 0.00007, saving model to /p/project1/cesmtst/patakchiyousefi1/HPT/mse_64_1e-05_1e-17_0.5_4_4_16_0.5_128_0.0_unet-trans-s_day03.h5

Epoch 15: val_loss did not improve from 0.00005

Epoch 9: val_loss improved from 0.00005 to 0.00005, saving model to /p/project1/cesmtst/patakchiyousefi1/HPT/mse_64_1e-05_1e-17_0.5_4_1_16_0.5_128_0.0_unet-trans-s_day03.h5

Epoch 17: val_loss improved from 0.00004 to 0.00004, saving model to /p/project1/cesmtst/patakchiyousefi1/HPT/mse_64_0.0001_1e-17_0.5_4_8_16_0.5_128_0.0_unet-trans-s_day03.h5

Epoch 17: val_loss improved from 0.00015 to 0.00014, saving model to /p/project1/cesmtst/patakchiyousefi1/HPT/mse_64_1e-05_1e-17_0.5_4_8_16_0.5_128_0.0_unet-trans-s_day03.h5

Epoch 15: val_loss did not improve from 0.00004

Epoch 17: val_loss did not improve from 0.00007

Epoch 9: val_loss improved from 0.00005 to 0.00005, saving model to /p/project1/cesmtst/patakchiyousefi1/HPT/mse_64_0.0001_1e-17_0.5_4_1_16_0.5_128_0.0_unet-trans-s_day03.h5

Epoch 15: val_loss did not improve from 0.00005

Epoch 9: val_loss did not improve from 0.00005

Epoch 13: val_loss did not improve from 0.00961

Epoch 17: val_loss improved from 0.00005 to 0.00005, saving model to /p/project1/cesmtst/patakchiyousefi1/HPT/mse_64_0.001_1e-17_0.5_4_8_16_0.5_128_0.0_unet-trans-s_day03.h5

Epoch 9: val_loss did not improve from 0.00436

Epoch 13: val_loss did not improve from 0.00004

Epoch 13: val_loss did not improve from 0.00016

Epoch 13: val_loss improved from 0.00005 to 0.00005, saving model to /p/project1/cesmtst/patakchiyousefi1/HPT/mse_64_0.001_1e-17_0.5_4_2_16_0.5_128_0.0_unet-trans-s_day03.h5

Epoch 16: val_loss did not improve from 0.00005

Epoch 16: val_loss improved from 0.00007 to 0.00006, saving model to /p/project1/cesmtst/patakchiyousefi1/HPT/mse_64_1e-05_1e-17_0.5_4_4_16_0.5_128_0.0_unet-trans-s_day03.h5

Epoch 18: val_loss improved from 0.00014 to 0.00013, saving model to /p/project1/cesmtst/patakchiyousefi1/HPT/mse_64_1e-05_1e-17_0.5_4_8_16_0.5_128_0.0_unet-trans-s_day03.h5

Epoch 18: val_loss did not improve from 0.00004

Epoch 18: val_loss did not improve from 0.00007

Epoch 16: val_loss did not improve from 0.00004

Epoch 16: val_loss did not improve from 0.00005

Epoch 18: val_loss improved from 0.00005 to 0.00004, saving model to /p/project1/cesmtst/patakchiyousefi1/HPT/mse_64_0.001_1e-17_0.5_4_8_16_0.5_128_0.0_unet-trans-s_day03.h5

Epoch 14: val_loss did not improve from 0.00961

Epoch 10: val_loss did not improve from 0.00005

Epoch 14: val_loss did not improve from 0.00004

Epoch 10: val_loss improved from 0.00005 to 0.00005, saving model to /p/project1/cesmtst/patakchiyousefi1/HPT/mse_64_0.0001_1e-17_0.5_4_1_16_0.5_128_0.0_unet-trans-s_day03.h5

Epoch 19: val_loss improved from 0.00013 to 0.00012, saving model to /p/project1/cesmtst/patakchiyousefi1/HPT/mse_64_1e-05_1e-17_0.5_4_8_16_0.5_128_0.0_unet-trans-s_day03.h5

Epoch 19: val_loss did not improve from 0.00004

Epoch 17: val_loss did not improve from 0.00005

Epoch 19: val_loss did not improve from 0.00007

Epoch 14: val_loss did not improve from 0.00016

Epoch 17: val_loss improved from 0.00006 to 0.00006, saving model to /p/project1/cesmtst/patakchiyousefi1/HPT/mse_64_1e-05_1e-17_0.5_4_4_16_0.5_128_0.0_unet-trans-s_day03.h5

Epoch 14: val_loss improved from 0.00005 to 0.00005, saving model to /p/project1/cesmtst/patakchiyousefi1/HPT/mse_64_0.001_1e-17_0.5_4_2_16_0.5_128_0.0_unet-trans-s_day03.h5

Epoch 10: val_loss did not improve from 0.00005

Epoch 17: val_loss did not improve from 0.00004

Epoch 17: val_loss improved from 0.00005 to 0.00004, saving model to /p/project1/cesmtst/patakchiyousefi1/HPT/mse_64_0.0001_1e-17_0.5_4_4_16_0.5_128_0.0_unet-trans-s_day03.h5

Epoch 10: val_loss did not improve from 0.00436

Epoch 19: val_loss did not improve from 0.00004

Epoch 20: val_loss improved from 0.00012 to 0.00012, saving model to /p/project1/cesmtst/patakchiyousefi1/HPT/mse_64_1e-05_1e-17_0.5_4_8_16_0.5_128_0.0_unet-trans-s_day03.h5

Epoch 15: val_loss did not improve from 0.00961

Epoch 20: val_loss did not improve from 0.00007

Epoch 20: val_loss did not improve from 0.00004

Epoch 18: val_loss did not improve from 0.00005

Epoch 18: val_loss improved from 0.00006 to 0.00006, saving model to /p/project1/cesmtst/patakchiyousefi1/HPT/mse_64_1e-05_1e-17_0.5_4_4_16_0.5_128_0.0_unet-trans-s_day03.h5

Epoch 15: val_loss did not improve from 0.00004

Epoch 18: val_loss did not improve from 0.00004

Epoch 15: val_loss did not improve from 0.00016

Epoch 15: val_loss did not improve from 0.00005

Epoch 18: val_loss did not improve from 0.00004

Epoch 20: val_loss did not improve from 0.00004

Epoch 11: val_loss did not improve from 0.00005

Epoch 11: val_loss did not improve from 0.00005

Epoch 11: val_loss did not improve from 0.00005

Epoch 21: val_loss did not improve from 0.00007

Epoch 21: val_loss improved from 0.00012 to 0.00011, saving model to /p/project1/cesmtst/patakchiyousefi1/HPT/mse_64_1e-05_1e-17_0.5_4_8_16_0.5_128_0.0_unet-trans-s_day03.h5

Epoch 21: val_loss did not improve from 0.00004

Epoch 19: val_loss did not improve from 0.00005

Epoch 19: val_loss did not improve from 0.00006

Epoch 11: val_loss did not improve from 0.00436

Epoch 16: val_loss did not improve from 0.00961

Epoch 19: val_loss did not improve from 0.00004

Epoch 21: val_loss did not improve from 0.00004

Epoch 16: val_loss did not improve from 0.00004

Epoch 19: val_loss did not improve from 0.00004

Epoch 16: val_loss did not improve from 0.00016

Epoch 16: val_loss did not improve from 0.00005

Epoch 22: val_loss did not improve from 0.00007

Epoch 22: val_loss improved from 0.00011 to 0.00011, saving model to /p/project1/cesmtst/patakchiyousefi1/HPT/mse_64_1e-05_1e-17_0.5_4_8_16_0.5_128_0.0_unet-trans-s_day03.h5

Epoch 22: val_loss improved from 0.00004 to 0.00004, saving model to /p/project1/cesmtst/patakchiyousefi1/HPT/mse_64_0.0001_1e-17_0.5_4_8_16_0.5_128_0.0_unet-trans-s_day03.h5

Epoch 20: val_loss did not improve from 0.00005

Epoch 20: val_loss improved from 0.00006 to 0.00006, saving model to /p/project1/cesmtst/patakchiyousefi1/HPT/mse_64_1e-05_1e-17_0.5_4_4_16_0.5_128_0.0_unet-trans-s_day03.h5

Epoch 12: val_loss improved from 0.00005 to 0.00005, saving model to /p/project1/cesmtst/patakchiyousefi1/HPT/mse_64_1e-05_1e-17_0.5_4_1_16_0.5_128_0.0_unet-trans-s_day03.h5

Epoch 22: val_loss did not improve from 0.00004

Epoch 20: val_loss did not improve from 0.00004

Epoch 17: val_loss did not improve from 0.00961

Epoch 12: val_loss did not improve from 0.00005

Epoch 20: val_loss improved from 0.00004 to 0.00004, saving model to /p/project1/cesmtst/patakchiyousefi1/HPT/mse_64_0.0001_1e-17_0.5_4_4_16_0.5_128_0.0_unet-trans-s_day03.h5

Epoch 12: val_loss did not improve from 0.00005

Epoch 23: val_loss did not improve from 0.00007

Epoch 17: val_loss did not improve from 0.00004

Epoch 23: val_loss improved from 0.00011 to 0.00010, saving model to /p/project1/cesmtst/patakchiyousefi1/HPT/mse_64_1e-05_1e-17_0.5_4_8_16_0.5_128_0.0_unet-trans-s_day03.h5

Epoch 23: val_loss did not improve from 0.00004

Epoch 17: val_loss did not improve from 0.00016

Epoch 17: val_loss did not improve from 0.00005

Epoch 12: val_loss improved from 0.00436 to 0.00435, saving model to /p/project1/cesmtst/patakchiyousefi1/HPT/mse_64_0.01_1e-17_0.5_4_1_16_0.5_128_0.0_unet-trans-s_day03.h5

Epoch 21: val_loss did not improve from 0.00005

Epoch 21: val_loss did not improve from 0.00006

Epoch 23: val_loss did not improve from 0.00004

Epoch 21: val_loss did not improve from 0.00004

Epoch 21: val_loss improved from 0.00004 to 0.00004, saving model to /p/project1/cesmtst/patakchiyousefi1/HPT/mse_64_0.0001_1e-17_0.5_4_4_16_0.5_128_0.0_unet-trans-s_day03.h5

Epoch 24: val_loss did not improve from 0.00007

Epoch 24: val_loss improved from 0.00010 to 0.00010, saving model to /p/project1/cesmtst/patakchiyousefi1/HPT/mse_64_1e-05_1e-17_0.5_4_8_16_0.5_128_0.0_unet-trans-s_day03.h5

Epoch 18: val_loss did not improve from 0.00961
Saving and plotting the results...

Epoch 24: val_loss did not improve from 0.00004

Epoch 13: val_loss did not improve from 0.00005

Epoch 18: val_loss did not improve from 0.00016

Epoch 18: val_loss did not improve from 0.00004

Epoch 18: val_loss did not improve from 0.00005

Epoch 24: val_loss did not improve from 0.00004

Epoch 13: val_loss did not improve from 0.00005

Epoch 22: val_loss did not improve from 0.00005

Epoch 22: val_loss did not improve from 0.00006

Epoch 13: val_loss did not improve from 0.00005

Epoch 22: val_loss did not improve from 0.00004

Epoch 25: val_loss did not improve from 0.00007
Saving and plotting the results...

Epoch 25: val_loss improved from 0.00010 to 0.00010, saving model to /p/project1/cesmtst/patakchiyousefi1/HPT/mse_64_1e-05_1e-17_0.5_4_8_16_0.5_128_0.0_unet-trans-s_day03.h5

Epoch 25: val_loss did not improve from 0.00004

Epoch 22: val_loss did not improve from 0.00004

Epoch 13: val_loss did not improve from 0.00435

Epoch 25: val_loss did not improve from 0.00004

Epoch 23: val_loss improved from 0.00005 to 0.00005, saving model to /p/project1/cesmtst/patakchiyousefi1/HPT/mse_64_0.01_1e-17_0.5_4_4_16_0.5_128_0.0_unet-trans-s_day03.h5

Epoch 19: val_loss did not improve from 0.00004

Epoch 23: val_loss improved from 0.00006 to 0.00006, saving model to /p/project1/cesmtst/patakchiyousefi1/HPT/mse_64_1e-05_1e-17_0.5_4_4_16_0.5_128_0.0_unet-trans-s_day03.h5

Epoch 19: val_loss did not improve from 0.00016

Epoch 19: val_loss improved from 0.00005 to 0.00005, saving model to /p/project1/cesmtst/patakchiyousefi1/HPT/mse_64_0.001_1e-17_0.5_4_2_16_0.5_128_0.0_unet-trans-s_day03.h5

Epoch 26: val_loss improved from 0.00010 to 0.00010, saving model to /p/project1/cesmtst/patakchiyousefi1/HPT/mse_64_1e-05_1e-17_0.5_4_8_16_0.5_128_0.0_unet-trans-s_day03.h5

Epoch 23: val_loss did not improve from 0.00004

Epoch 26: val_loss did not improve from 0.00004

Epoch 23: val_loss did not improve from 0.00004

Epoch 14: val_loss did not improve from 0.00005

Epoch 14: val_loss did not improve from 0.00005

Epoch 26: val_loss did not improve from 0.00004

Epoch 14: val_loss improved from 0.00005 to 0.00005, saving model to /p/project1/cesmtst/patakchiyousefi1/HPT/mse_64_0.001_1e-17_0.5_4_1_16_0.5_128_0.0_unet-trans-s_day03.h5

Epoch 24: val_loss did not improve from 0.00005

Epoch 24: val_loss did not improve from 0.00006

Epoch 27: val_loss improved from 0.00010 to 0.00009, saving model to /p/project1/cesmtst/patakchiyousefi1/HPT/mse_64_1e-05_1e-17_0.5_4_8_16_0.5_128_0.0_unet-trans-s_day03.h5

Epoch 14: val_loss did not improve from 0.00435

Epoch 27: val_loss did not improve from 0.00004

Epoch 20: val_loss did not improve from 0.00004

Epoch 24: val_loss did not improve from 0.00004
Saving and plotting the results...

Epoch 20: val_loss did not improve from 0.00005

Epoch 24: val_loss did not improve from 0.00004

Epoch 20: val_loss did not improve from 0.00016

Epoch 27: val_loss did not improve from 0.00004

Epoch 25: val_loss did not improve from 0.00005

Epoch 28: val_loss improved from 0.00009 to 0.00009, saving model to /p/project1/cesmtst/patakchiyousefi1/HPT/mse_64_1e-05_1e-17_0.5_4_8_16_0.5_128_0.0_unet-trans-s_day03.h5

Epoch 25: val_loss did not improve from 0.00006

Epoch 28: val_loss did not improve from 0.00004

Epoch 15: val_loss did not improve from 0.00005

Epoch 15: val_loss did not improve from 0.00005

Epoch 25: val_loss did not improve from 0.00004

Epoch 21: val_loss did not improve from 0.00004

Epoch 15: val_loss improved from 0.00005 to 0.00004, saving model to /p/project1/cesmtst/patakchiyousefi1/HPT/mse_64_0.001_1e-17_0.5_4_1_16_0.5_128_0.0_unet-trans-s_day03.h5

Epoch 21: val_loss improved from 0.00005 to 0.00005, saving model to /p/project1/cesmtst/patakchiyousefi1/HPT/mse_64_0.001_1e-17_0.5_4_2_16_0.5_128_0.0_unet-trans-s_day03.h5

Epoch 28: val_loss did not improve from 0.00004

Epoch 21: val_loss did not improve from 0.00016
Saving and plotting the results...

Epoch 15: val_loss did not improve from 0.00435

Epoch 29: val_loss improved from 0.00009 to 0.00009, saving model to /p/project1/cesmtst/patakchiyousefi1/HPT/mse_64_1e-05_1e-17_0.5_4_8_16_0.5_128_0.0_unet-trans-s_day03.h5

Epoch 26: val_loss did not improve from 0.00005

Epoch 26: val_loss did not improve from 0.00006

Epoch 29: val_loss did not improve from 0.00004

Epoch 26: val_loss did not improve from 0.00004

Epoch 29: val_loss did not improve from 0.00004

Epoch 22: val_loss did not improve from 0.00004

Epoch 22: val_loss did not improve from 0.00005

Epoch 30: val_loss improved from 0.00009 to 0.00009, saving model to /p/project1/cesmtst/patakchiyousefi1/HPT/mse_64_1e-05_1e-17_0.5_4_8_16_0.5_128_0.0_unet-trans-s_day03.h5

Epoch 16: val_loss did not improve from 0.00005

Epoch 27: val_loss improved from 0.00005 to 0.00005, saving model to /p/project1/cesmtst/patakchiyousefi1/HPT/mse_64_0.01_1e-17_0.5_4_4_16_0.5_128_0.0_unet-trans-s_day03.h5

Epoch 30: val_loss did not improve from 0.00004

Epoch 16: val_loss did not improve from 0.00005

Epoch 27: val_loss did not improve from 0.00006

Epoch 16: val_loss improved from 0.00004 to 0.00004, saving model to /p/project1/cesmtst/patakchiyousefi1/HPT/mse_64_0.001_1e-17_0.5_4_1_16_0.5_128_0.0_unet-trans-s_day03.h5

Epoch 30: val_loss did not improve from 0.00004

Epoch 27: val_loss did not improve from 0.00004

Epoch 16: val_loss did not improve from 0.00435

Epoch 31: val_loss improved from 0.00009 to 0.00009, saving model to /p/project1/cesmtst/patakchiyousefi1/HPT/mse_64_1e-05_1e-17_0.5_4_8_16_0.5_128_0.0_unet-trans-s_day03.h5

Epoch 23: val_loss did not improve from 0.00004

Epoch 31: val_loss did not improve from 0.00004

Epoch 23: val_loss improved from 0.00005 to 0.00005, saving model to /p/project1/cesmtst/patakchiyousefi1/HPT/mse_64_0.001_1e-17_0.5_4_2_16_0.5_128_0.0_unet-trans-s_day03.h5

Epoch 28: val_loss did not improve from 0.00005

Epoch 28: val_loss did not improve from 0.00006

Epoch 31: val_loss did not improve from 0.00004

Epoch 28: val_loss did not improve from 0.00004

Epoch 17: val_loss did not improve from 0.00005

Epoch 32: val_loss improved from 0.00009 to 0.00008, saving model to /p/project1/cesmtst/patakchiyousefi1/HPT/mse_64_1e-05_1e-17_0.5_4_8_16_0.5_128_0.0_unet-trans-s_day03.h5

Epoch 17: val_loss did not improve from 0.00005

Epoch 32: val_loss did not improve from 0.00004

Epoch 17: val_loss improved from 0.00004 to 0.00004, saving model to /p/project1/cesmtst/patakchiyousefi1/HPT/mse_64_0.001_1e-17_0.5_4_1_16_0.5_128_0.0_unet-trans-s_day03.h5

Epoch 29: val_loss did not improve from 0.00005

Epoch 24: val_loss did not improve from 0.00004

Epoch 29: val_loss did not improve from 0.00006

Epoch 32: val_loss did not improve from 0.00004

Epoch 17: val_loss did not improve from 0.00435

Epoch 24: val_loss did not improve from 0.00005

Epoch 29: val_loss did not improve from 0.00004

Epoch 33: val_loss improved from 0.00008 to 0.00008, saving model to /p/project1/cesmtst/patakchiyousefi1/HPT/mse_64_1e-05_1e-17_0.5_4_8_16_0.5_128_0.0_unet-trans-s_day03.h5

Epoch 33: val_loss did not improve from 0.00004

Epoch 30: val_loss did not improve from 0.00005

Epoch 33: val_loss did not improve from 0.00004

Epoch 30: val_loss did not improve from 0.00006

Epoch 18: val_loss did not improve from 0.00005

Epoch 25: val_loss did not improve from 0.00004

Epoch 34: val_loss did not improve from 0.00008

Epoch 30: val_loss did not improve from 0.00004

Epoch 18: val_loss did not improve from 0.00005

Epoch 25: val_loss did not improve from 0.00005

Epoch 18: val_loss did not improve from 0.00004

Epoch 34: val_loss did not improve from 0.00004

Epoch 34: val_loss did not improve from 0.00004
Saving and plotting the results...

Epoch 31: val_loss did not improve from 0.00005

Epoch 18: val_loss did not improve from 0.00435

Epoch 31: val_loss did not improve from 0.00006

Epoch 35: val_loss did not improve from 0.00008

Epoch 31: val_loss did not improve from 0.00004

Epoch 26: val_loss did not improve from 0.00004

Epoch 35: val_loss did not improve from 0.00004

Epoch 26: val_loss did not improve from 0.00005

Epoch 19: val_loss did not improve from 0.00005

Epoch 32: val_loss improved from 0.00005 to 0.00004, saving model to /p/project1/cesmtst/patakchiyousefi1/HPT/mse_64_0.01_1e-17_0.5_4_4_16_0.5_128_0.0_unet-trans-s_day03.h5

Epoch 32: val_loss did not improve from 0.00006

Epoch 19: val_loss did not improve from 0.00005

Epoch 36: val_loss did not improve from 0.00008

Epoch 19: val_loss improved from 0.00004 to 0.00004, saving model to /p/project1/cesmtst/patakchiyousefi1/HPT/mse_64_0.001_1e-17_0.5_4_1_16_0.5_128_0.0_unet-trans-s_day03.h5

Epoch 32: val_loss did not improve from 0.00004

Epoch 36: val_loss did not improve from 0.00004

Epoch 27: val_loss did not improve from 0.00004
Saving and plotting the results...

Epoch 19: val_loss did not improve from 0.00435

Epoch 27: val_loss improved from 0.00005 to 0.00005, saving model to /p/project1/cesmtst/patakchiyousefi1/HPT/mse_64_0.001_1e-17_0.5_4_2_16_0.5_128_0.0_unet-trans-s_day03.h5

Epoch 33: val_loss did not improve from 0.00004

Epoch 37: val_loss did not improve from 0.00008

Epoch 33: val_loss did not improve from 0.00006

Epoch 37: val_loss did not improve from 0.00004

Epoch 33: val_loss did not improve from 0.00004

Epoch 20: val_loss did not improve from 0.00005

Epoch 20: val_loss did not improve from 0.00005

Epoch 38: val_loss improved from 0.00008 to 0.00008, saving model to /p/project1/cesmtst/patakchiyousefi1/HPT/mse_64_1e-05_1e-17_0.5_4_8_16_0.5_128_0.0_unet-trans-s_day03.h5

Epoch 20: val_loss did not improve from 0.00004

Epoch 34: val_loss did not improve from 0.00004

Epoch 34: val_loss did not improve from 0.00006

Epoch 28: val_loss improved from 0.00005 to 0.00005, saving model to /p/project1/cesmtst/patakchiyousefi1/HPT/mse_64_0.001_1e-17_0.5_4_2_16_0.5_128_0.0_unet-trans-s_day03.h5

Epoch 38: val_loss did not improve from 0.00004
Saving and plotting the results...

Epoch 20: val_loss did not improve from 0.00435

Epoch 34: val_loss did not improve from 0.00004

Epoch 39: val_loss did not improve from 0.00008

Epoch 35: val_loss did not improve from 0.00004

Epoch 35: val_loss did not improve from 0.00006

Epoch 21: val_loss did not improve from 0.00005

Epoch 29: val_loss did not improve from 0.00005

Epoch 35: val_loss did not improve from 0.00004

Epoch 21: val_loss did not improve from 0.00005

Epoch 21: val_loss did not improve from 0.00004

Epoch 40: val_loss did not improve from 0.00008

Epoch 36: val_loss did not improve from 0.00004

Epoch 36: val_loss did not improve from 0.00006

Epoch 21: val_loss did not improve from 0.00435

Epoch 36: val_loss did not improve from 0.00004

Epoch 30: val_loss did not improve from 0.00005

Epoch 41: val_loss did not improve from 0.00008

Epoch 22: val_loss did not improve from 0.00005

Epoch 37: val_loss did not improve from 0.00004

Epoch 37: val_loss did not improve from 0.00006

Epoch 22: val_loss did not improve from 0.00005

Epoch 22: val_loss did not improve from 0.00004

Epoch 37: val_loss did not improve from 0.00004
Saving and plotting the results...

Epoch 42: val_loss did not improve from 0.00008

Epoch 31: val_loss improved from 0.00005 to 0.00005, saving model to /p/project1/cesmtst/patakchiyousefi1/HPT/mse_64_0.001_1e-17_0.5_4_2_16_0.5_128_0.0_unet-trans-s_day03.h5

Epoch 22: val_loss did not improve from 0.00435

Epoch 38: val_loss did not improve from 0.00004

Epoch 38: val_loss did not improve from 0.00006

Epoch 43: val_loss did not improve from 0.00008

Epoch 23: val_loss did not improve from 0.00005

Epoch 39: val_loss did not improve from 0.00004

Epoch 32: val_loss improved from 0.00005 to 0.00005, saving model to /p/project1/cesmtst/patakchiyousefi1/HPT/mse_64_0.001_1e-17_0.5_4_2_16_0.5_128_0.0_unet-trans-s_day03.h5

Epoch 23: val_loss did not improve from 0.00005

Epoch 23: val_loss did not improve from 0.00004

Epoch 39: val_loss did not improve from 0.00006
Saving and plotting the results...

Epoch 44: val_loss did not improve from 0.00008

Epoch 23: val_loss did not improve from 0.00435

Epoch 40: val_loss did not improve from 0.00004

Epoch 33: val_loss did not improve from 0.00005

Epoch 45: val_loss did not improve from 0.00008

Epoch 24: val_loss did not improve from 0.00005

Epoch 24: val_loss did not improve from 0.00004

Epoch 24: val_loss did not improve from 0.00005

Epoch 41: val_loss did not improve from 0.00004

Epoch 46: val_loss did not improve from 0.00008

Epoch 24: val_loss did not improve from 0.00435

Epoch 34: val_loss did not improve from 0.00005

Epoch 42: val_loss did not improve from 0.00004

Epoch 25: val_loss did not improve from 0.00005

Epoch 47: val_loss did not improve from 0.00008

Epoch 25: val_loss did not improve from 0.00004

Epoch 25: val_loss did not improve from 0.00005

Epoch 35: val_loss improved from 0.00005 to 0.00005, saving model to /p/project1/cesmtst/patakchiyousefi1/HPT/mse_64_0.001_1e-17_0.5_4_2_16_0.5_128_0.0_unet-trans-s_day03.h5

Epoch 48: val_loss did not improve from 0.00008

Epoch 43: val_loss did not improve from 0.00004

Epoch 25: val_loss did not improve from 0.00435

Epoch 26: val_loss did not improve from 0.00005

Epoch 49: val_loss did not improve from 0.00008

Epoch 36: val_loss did not improve from 0.00005

Epoch 44: val_loss did not improve from 0.00004

Epoch 26: val_loss did not improve from 0.00004

Epoch 26: val_loss did not improve from 0.00005
Saving and plotting the results...

Epoch 50: val_loss did not improve from 0.00008

Epoch 26: val_loss did not improve from 0.00435

Epoch 45: val_loss did not improve from 0.00004

Epoch 37: val_loss did not improve from 0.00005

Epoch 27: val_loss did not improve from 0.00005

Epoch 51: val_loss did not improve from 0.00008

Epoch 27: val_loss did not improve from 0.00004

Epoch 46: val_loss did not improve from 0.00004

Epoch 38: val_loss did not improve from 0.00005

Epoch 52: val_loss did not improve from 0.00008

Epoch 27: val_loss did not improve from 0.00435

Epoch 47: val_loss did not improve from 0.00004

Epoch 28: val_loss did not improve from 0.00005
Saving and plotting the results...

Epoch 53: val_loss did not improve from 0.00008

Epoch 28: val_loss did not improve from 0.00004

Epoch 39: val_loss did not improve from 0.00005

Epoch 48: val_loss did not improve from 0.00004
Saving and plotting the results...

Epoch 28: val_loss did not improve from 0.00435
Saving and plotting the results...

Epoch 54: val_loss did not improve from 0.00008
Saving and plotting the results...

Epoch 40: val_loss did not improve from 0.00005

Epoch 29: val_loss did not improve from 0.00004

Epoch 41: val_loss did not improve from 0.00005

Epoch 30: val_loss did not improve from 0.00004

Epoch 42: val_loss did not improve from 0.00005

Epoch 43: val_loss did not improve from 0.00005

Epoch 31: val_loss did not improve from 0.00004

Epoch 44: val_loss did not improve from 0.00005

Epoch 32: val_loss did not improve from 0.00004

Epoch 45: val_loss did not improve from 0.00005

Epoch 33: val_loss did not improve from 0.00004

Epoch 46: val_loss did not improve from 0.00005

Epoch 47: val_loss did not improve from 0.00005

Epoch 34: val_loss did not improve from 0.00004

Epoch 48: val_loss did not improve from 0.00005

Epoch 35: val_loss did not improve from 0.00004
Saving and plotting the results...

Epoch 49: val_loss did not improve from 0.00005

Epoch 50: val_loss did not improve from 0.00005

Epoch 51: val_loss did not improve from 0.00005
Saving and plotting the results...
Time limit for unet-trans-s, leadtime 03: 18:05:00
Run time for unet-trans-s with leadtime 03:  hours,  minutes,  seconds
