All necessary directories have been created or already exist.
No lead day provided. Using default hyperparameters - LR: 0.0001, BS: 32, DROPOUT: 0.0, UNET_TYPE: unet-l
Running DL_TRAIN.py for day07 with dropout=0, lr=0.00001, bs=1, unet_type=unet-l ...
Running DL_TRAIN.py for day07 with dropout=0, lr=0.00001, bs=2, unet_type=unet-l ...
Running DL_TRAIN.py for day07 with dropout=0, lr=0.00001, bs=4, unet_type=unet-l ...
Running DL_TRAIN.py for day07 with dropout=0, lr=0.00001, bs=8, unet_type=unet-l ...
Running DL_TRAIN.py for day07 with dropout=0, lr=0.0001, bs=1, unet_type=unet-l ...
Running DL_TRAIN.py for day07 with dropout=0, lr=0.0001, bs=2, unet_type=unet-l ...
Running DL_TRAIN.py for day07 with dropout=0, lr=0.0001, bs=4, unet_type=unet-l ...
Running DL_TRAIN.py for day07 with dropout=0, lr=0.0001, bs=8, unet_type=unet-l ...
Running DL_TRAIN.py for day07 with dropout=0, lr=0.001, bs=1, unet_type=unet-l ...
Running DL_TRAIN.py for day07 with dropout=0, lr=0.001, bs=2, unet_type=unet-l ...
Running DL_TRAIN.py for day07 with dropout=0, lr=0.001, bs=4, unet_type=unet-l ...
Running DL_TRAIN.py for day07 with dropout=0, lr=0.001, bs=8, unet_type=unet-l ...
Running DL_TRAIN.py for day07 with dropout=0, lr=0.01, bs=1, unet_type=unet-l ...
Running DL_TRAIN.py for day07 with dropout=0, lr=0.01, bs=2, unet_type=unet-l ...
Running DL_TRAIN.py for day07 with dropout=0, lr=0.01, bs=4, unet_type=unet-l ...
Running DL_TRAIN.py for day07 with dropout=0, lr=0.01, bs=8, unet_type=unet-l ...
train_data_hourly_pr_['ADAPTER_DE05.day07.merged.nc']_['ADAPTER_DE05.day01.merged.nc']_MM_6__spatiotemporal_128.256_2018-01-01T13_2022-12-31T23_no_na_land
Loading training data...
Data loaded!
mse_64_1e-05_1e-17_0.5_4_8_16_0.5_128_0.0_unet-l_day07
Training the model...

Epoch 1: val_loss improved from inf to 0.01823, saving model to /p/project1/cesmtst/patakchiyousefi1/HPT/mse_64_1e-05_1e-17_0.5_4_8_16_0.5_128_0.0_unet-l_day07.h5
train_data_hourly_pr_['ADAPTER_DE05.day07.merged.nc']_['ADAPTER_DE05.day01.merged.nc']_MM_6__spatiotemporal_128.256_2018-01-01T13_2022-12-31T23_no_na_land
Loading training data...
Data loaded!
mse_64_1e-05_1e-17_0.5_4_4_16_0.5_128_0.0_unet-l_day07
Training the model...

Epoch 1: val_loss improved from inf to 0.01511, saving model to /p/project1/cesmtst/patakchiyousefi1/HPT/mse_64_1e-05_1e-17_0.5_4_4_16_0.5_128_0.0_unet-l_day07.h5

Epoch 2: val_loss improved from 0.01823 to 0.01598, saving model to /p/project1/cesmtst/patakchiyousefi1/HPT/mse_64_1e-05_1e-17_0.5_4_8_16_0.5_128_0.0_unet-l_day07.h5
train_data_hourly_pr_['ADAPTER_DE05.day07.merged.nc']_['ADAPTER_DE05.day01.merged.nc']_MM_6__spatiotemporal_128.256_2018-01-01T13_2022-12-31T23_no_na_land
Loading training data...
Data loaded!
mse_64_0.0001_1e-17_0.5_4_8_16_0.5_128_0.0_unet-l_day07
Training the model...

Epoch 1: val_loss improved from inf to 0.00137, saving model to /p/project1/cesmtst/patakchiyousefi1/HPT/mse_64_0.0001_1e-17_0.5_4_8_16_0.5_128_0.0_unet-l_day07.h5
train_data_hourly_pr_['ADAPTER_DE05.day07.merged.nc']_['ADAPTER_DE05.day01.merged.nc']_MM_6__spatiotemporal_128.256_2018-01-01T13_2022-12-31T23_no_na_land
Loading training data...
Data loaded!
mse_64_0.0001_1e-17_0.5_4_4_16_0.5_128_0.0_unet-l_day07
Training the model...

Epoch 1: val_loss improved from inf to 0.00089, saving model to /p/project1/cesmtst/patakchiyousefi1/HPT/mse_64_0.0001_1e-17_0.5_4_4_16_0.5_128_0.0_unet-l_day07.h5
train_data_hourly_pr_['ADAPTER_DE05.day07.merged.nc']_['ADAPTER_DE05.day01.merged.nc']_MM_6__spatiotemporal_128.256_2018-01-01T13_2022-12-31T23_no_na_land
Loading training data...
Data loaded!
mse_64_1e-05_1e-17_0.5_4_2_16_0.5_128_0.0_unet-l_day07
Training the model...

Epoch 1: val_loss improved from inf to 0.01747, saving model to /p/project1/cesmtst/patakchiyousefi1/HPT/mse_64_1e-05_1e-17_0.5_4_2_16_0.5_128_0.0_unet-l_day07.h5

Epoch 3: val_loss improved from 0.01598 to 0.01046, saving model to /p/project1/cesmtst/patakchiyousefi1/HPT/mse_64_1e-05_1e-17_0.5_4_8_16_0.5_128_0.0_unet-l_day07.h5
train_data_hourly_pr_['ADAPTER_DE05.day07.merged.nc']_['ADAPTER_DE05.day01.merged.nc']_MM_6__spatiotemporal_128.256_2018-01-01T13_2022-12-31T23_no_na_land
Loading training data...
Data loaded!
mse_64_0.0001_1e-17_0.5_4_2_16_0.5_128_0.0_unet-l_day07
Training the model...

Epoch 1: val_loss improved from inf to 0.00072, saving model to /p/project1/cesmtst/patakchiyousefi1/HPT/mse_64_0.0001_1e-17_0.5_4_2_16_0.5_128_0.0_unet-l_day07.h5

Epoch 2: val_loss improved from 0.01511 to 0.00726, saving model to /p/project1/cesmtst/patakchiyousefi1/HPT/mse_64_1e-05_1e-17_0.5_4_4_16_0.5_128_0.0_unet-l_day07.h5

Epoch 2: val_loss improved from 0.00137 to 0.00065, saving model to /p/project1/cesmtst/patakchiyousefi1/HPT/mse_64_0.0001_1e-17_0.5_4_8_16_0.5_128_0.0_unet-l_day07.h5

Epoch 2: val_loss improved from 0.00089 to 0.00033, saving model to /p/project1/cesmtst/patakchiyousefi1/HPT/mse_64_0.0001_1e-17_0.5_4_4_16_0.5_128_0.0_unet-l_day07.h5

Epoch 4: val_loss improved from 0.01046 to 0.00749, saving model to /p/project1/cesmtst/patakchiyousefi1/HPT/mse_64_1e-05_1e-17_0.5_4_8_16_0.5_128_0.0_unet-l_day07.h5
train_data_hourly_pr_['ADAPTER_DE05.day07.merged.nc']_['ADAPTER_DE05.day01.merged.nc']_MM_6__spatiotemporal_128.256_2018-01-01T13_2022-12-31T23_no_na_land
Loading training data...
Data loaded!
mse_64_0.001_1e-17_0.5_4_2_16_0.5_128_0.0_unet-l_day07
Training the model...

Epoch 1: val_loss improved from inf to 0.00015, saving model to /p/project1/cesmtst/patakchiyousefi1/HPT/mse_64_0.001_1e-17_0.5_4_2_16_0.5_128_0.0_unet-l_day07.h5

Epoch 3: val_loss improved from 0.00065 to 0.00043, saving model to /p/project1/cesmtst/patakchiyousefi1/HPT/mse_64_0.0001_1e-17_0.5_4_8_16_0.5_128_0.0_unet-l_day07.h5
train_data_hourly_pr_['ADAPTER_DE05.day07.merged.nc']_['ADAPTER_DE05.day01.merged.nc']_MM_6__spatiotemporal_128.256_2018-01-01T13_2022-12-31T23_no_na_land
Loading training data...
Data loaded!
mse_64_1e-05_1e-17_0.5_4_1_16_0.5_128_0.0_unet-l_day07
Training the model...

Epoch 1: val_loss improved from inf to 0.00311, saving model to /p/project1/cesmtst/patakchiyousefi1/HPT/mse_64_1e-05_1e-17_0.5_4_1_16_0.5_128_0.0_unet-l_day07.h5

Epoch 3: val_loss improved from 0.00726 to 0.00474, saving model to /p/project1/cesmtst/patakchiyousefi1/HPT/mse_64_1e-05_1e-17_0.5_4_4_16_0.5_128_0.0_unet-l_day07.h5

Epoch 5: val_loss improved from 0.00749 to 0.00575, saving model to /p/project1/cesmtst/patakchiyousefi1/HPT/mse_64_1e-05_1e-17_0.5_4_8_16_0.5_128_0.0_unet-l_day07.h5

Epoch 2: val_loss improved from 0.01747 to 0.00694, saving model to /p/project1/cesmtst/patakchiyousefi1/HPT/mse_64_1e-05_1e-17_0.5_4_2_16_0.5_128_0.0_unet-l_day07.h5
train_data_hourly_pr_['ADAPTER_DE05.day07.merged.nc']_['ADAPTER_DE05.day01.merged.nc']_MM_6__spatiotemporal_128.256_2018-01-01T13_2022-12-31T23_no_na_land
Loading training data...
Data loaded!
mse_64_0.0001_1e-17_0.5_4_1_16_0.5_128_0.0_unet-l_day07
Training the model...

Epoch 1: val_loss improved from inf to 0.00017, saving model to /p/project1/cesmtst/patakchiyousefi1/HPT/mse_64_0.0001_1e-17_0.5_4_1_16_0.5_128_0.0_unet-l_day07.h5

Epoch 3: val_loss improved from 0.00033 to 0.00018, saving model to /p/project1/cesmtst/patakchiyousefi1/HPT/mse_64_0.0001_1e-17_0.5_4_4_16_0.5_128_0.0_unet-l_day07.h5

Epoch 4: val_loss improved from 0.00043 to 0.00031, saving model to /p/project1/cesmtst/patakchiyousefi1/HPT/mse_64_0.0001_1e-17_0.5_4_8_16_0.5_128_0.0_unet-l_day07.h5

Epoch 2: val_loss improved from 0.00072 to 0.00025, saving model to /p/project1/cesmtst/patakchiyousefi1/HPT/mse_64_0.0001_1e-17_0.5_4_2_16_0.5_128_0.0_unet-l_day07.h5

Epoch 6: val_loss improved from 0.00575 to 0.00462, saving model to /p/project1/cesmtst/patakchiyousefi1/HPT/mse_64_1e-05_1e-17_0.5_4_8_16_0.5_128_0.0_unet-l_day07.h5
train_data_hourly_pr_['ADAPTER_DE05.day07.merged.nc']_['ADAPTER_DE05.day01.merged.nc']_MM_6__spatiotemporal_128.256_2018-01-01T13_2022-12-31T23_no_na_land
Loading training data...
Data loaded!
mse_64_0.001_1e-17_0.5_4_1_16_0.5_128_0.0_unet-l_day07
Training the model...

Epoch 1: val_loss improved from inf to 0.00010, saving model to /p/project1/cesmtst/patakchiyousefi1/HPT/mse_64_0.001_1e-17_0.5_4_1_16_0.5_128_0.0_unet-l_day07.h5

Epoch 5: val_loss improved from 0.00031 to 0.00023, saving model to /p/project1/cesmtst/patakchiyousefi1/HPT/mse_64_0.0001_1e-17_0.5_4_8_16_0.5_128_0.0_unet-l_day07.h5

Epoch 4: val_loss improved from 0.00474 to 0.00343, saving model to /p/project1/cesmtst/patakchiyousefi1/HPT/mse_64_1e-05_1e-17_0.5_4_4_16_0.5_128_0.0_unet-l_day07.h5

Epoch 7: val_loss improved from 0.00462 to 0.00382, saving model to /p/project1/cesmtst/patakchiyousefi1/HPT/mse_64_1e-05_1e-17_0.5_4_8_16_0.5_128_0.0_unet-l_day07.h5

Epoch 4: val_loss improved from 0.00018 to 0.00013, saving model to /p/project1/cesmtst/patakchiyousefi1/HPT/mse_64_0.0001_1e-17_0.5_4_4_16_0.5_128_0.0_unet-l_day07.h5

Epoch 2: val_loss did not improve from 0.00015

Epoch 6: val_loss improved from 0.00023 to 0.00018, saving model to /p/project1/cesmtst/patakchiyousefi1/HPT/mse_64_0.0001_1e-17_0.5_4_8_16_0.5_128_0.0_unet-l_day07.h5

Epoch 8: val_loss improved from 0.00382 to 0.00322, saving model to /p/project1/cesmtst/patakchiyousefi1/HPT/mse_64_1e-05_1e-17_0.5_4_8_16_0.5_128_0.0_unet-l_day07.h5

Epoch 3: val_loss improved from 0.00694 to 0.00363, saving model to /p/project1/cesmtst/patakchiyousefi1/HPT/mse_64_1e-05_1e-17_0.5_4_2_16_0.5_128_0.0_unet-l_day07.h5

Epoch 5: val_loss improved from 0.00343 to 0.00254, saving model to /p/project1/cesmtst/patakchiyousefi1/HPT/mse_64_1e-05_1e-17_0.5_4_4_16_0.5_128_0.0_unet-l_day07.h5

Epoch 7: val_loss improved from 0.00018 to 0.00015, saving model to /p/project1/cesmtst/patakchiyousefi1/HPT/mse_64_0.0001_1e-17_0.5_4_8_16_0.5_128_0.0_unet-l_day07.h5

Epoch 5: val_loss improved from 0.00013 to 0.00011, saving model to /p/project1/cesmtst/patakchiyousefi1/HPT/mse_64_0.0001_1e-17_0.5_4_4_16_0.5_128_0.0_unet-l_day07.h5

Epoch 3: val_loss improved from 0.00025 to 0.00013, saving model to /p/project1/cesmtst/patakchiyousefi1/HPT/mse_64_0.0001_1e-17_0.5_4_2_16_0.5_128_0.0_unet-l_day07.h5

Epoch 9: val_loss improved from 0.00322 to 0.00276, saving model to /p/project1/cesmtst/patakchiyousefi1/HPT/mse_64_1e-05_1e-17_0.5_4_8_16_0.5_128_0.0_unet-l_day07.h5

Epoch 8: val_loss improved from 0.00015 to 0.00013, saving model to /p/project1/cesmtst/patakchiyousefi1/HPT/mse_64_0.0001_1e-17_0.5_4_8_16_0.5_128_0.0_unet-l_day07.h5

Epoch 10: val_loss improved from 0.00276 to 0.00238, saving model to /p/project1/cesmtst/patakchiyousefi1/HPT/mse_64_1e-05_1e-17_0.5_4_8_16_0.5_128_0.0_unet-l_day07.h5

Epoch 6: val_loss improved from 0.00254 to 0.00190, saving model to /p/project1/cesmtst/patakchiyousefi1/HPT/mse_64_1e-05_1e-17_0.5_4_4_16_0.5_128_0.0_unet-l_day07.h5

Epoch 3: val_loss improved from 0.00015 to 0.00008, saving model to /p/project1/cesmtst/patakchiyousefi1/HPT/mse_64_0.001_1e-17_0.5_4_2_16_0.5_128_0.0_unet-l_day07.h5

Epoch 2: val_loss improved from 0.00311 to 0.00066, saving model to /p/project1/cesmtst/patakchiyousefi1/HPT/mse_64_1e-05_1e-17_0.5_4_1_16_0.5_128_0.0_unet-l_day07.h5

Epoch 6: val_loss improved from 0.00011 to 0.00010, saving model to /p/project1/cesmtst/patakchiyousefi1/HPT/mse_64_0.0001_1e-17_0.5_4_4_16_0.5_128_0.0_unet-l_day07.h5

Epoch 9: val_loss improved from 0.00013 to 0.00011, saving model to /p/project1/cesmtst/patakchiyousefi1/HPT/mse_64_0.0001_1e-17_0.5_4_8_16_0.5_128_0.0_unet-l_day07.h5

Epoch 2: val_loss improved from 0.00017 to 0.00008, saving model to /p/project1/cesmtst/patakchiyousefi1/HPT/mse_64_0.0001_1e-17_0.5_4_1_16_0.5_128_0.0_unet-l_day07.h5

Epoch 4: val_loss improved from 0.00363 to 0.00156, saving model to /p/project1/cesmtst/patakchiyousefi1/HPT/mse_64_1e-05_1e-17_0.5_4_2_16_0.5_128_0.0_unet-l_day07.h5

Epoch 11: val_loss improved from 0.00238 to 0.00206, saving model to /p/project1/cesmtst/patakchiyousefi1/HPT/mse_64_1e-05_1e-17_0.5_4_8_16_0.5_128_0.0_unet-l_day07.h5

Epoch 2: val_loss improved from 0.00010 to 0.00009, saving model to /p/project1/cesmtst/patakchiyousefi1/HPT/mse_64_0.001_1e-17_0.5_4_1_16_0.5_128_0.0_unet-l_day07.h5

Epoch 7: val_loss improved from 0.00190 to 0.00141, saving model to /p/project1/cesmtst/patakchiyousefi1/HPT/mse_64_1e-05_1e-17_0.5_4_4_16_0.5_128_0.0_unet-l_day07.h5

Epoch 4: val_loss improved from 0.00013 to 0.00013, saving model to /p/project1/cesmtst/patakchiyousefi1/HPT/mse_64_0.0001_1e-17_0.5_4_2_16_0.5_128_0.0_unet-l_day07.h5

Epoch 10: val_loss improved from 0.00011 to 0.00010, saving model to /p/project1/cesmtst/patakchiyousefi1/HPT/mse_64_0.0001_1e-17_0.5_4_8_16_0.5_128_0.0_unet-l_day07.h5

Epoch 7: val_loss improved from 0.00010 to 0.00009, saving model to /p/project1/cesmtst/patakchiyousefi1/HPT/mse_64_0.0001_1e-17_0.5_4_4_16_0.5_128_0.0_unet-l_day07.h5

Epoch 12: val_loss improved from 0.00206 to 0.00179, saving model to /p/project1/cesmtst/patakchiyousefi1/HPT/mse_64_1e-05_1e-17_0.5_4_8_16_0.5_128_0.0_unet-l_day07.h5

Epoch 11: val_loss improved from 0.00010 to 0.00010, saving model to /p/project1/cesmtst/patakchiyousefi1/HPT/mse_64_0.0001_1e-17_0.5_4_8_16_0.5_128_0.0_unet-l_day07.h5

Epoch 13: val_loss improved from 0.00179 to 0.00156, saving model to /p/project1/cesmtst/patakchiyousefi1/HPT/mse_64_1e-05_1e-17_0.5_4_8_16_0.5_128_0.0_unet-l_day07.h5

Epoch 4: val_loss did not improve from 0.00008

Epoch 8: val_loss improved from 0.00141 to 0.00104, saving model to /p/project1/cesmtst/patakchiyousefi1/HPT/mse_64_1e-05_1e-17_0.5_4_4_16_0.5_128_0.0_unet-l_day07.h5

Epoch 8: val_loss improved from 0.00009 to 0.00009, saving model to /p/project1/cesmtst/patakchiyousefi1/HPT/mse_64_0.0001_1e-17_0.5_4_4_16_0.5_128_0.0_unet-l_day07.h5

Epoch 12: val_loss improved from 0.00010 to 0.00009, saving model to /p/project1/cesmtst/patakchiyousefi1/HPT/mse_64_0.0001_1e-17_0.5_4_8_16_0.5_128_0.0_unet-l_day07.h5

Epoch 5: val_loss improved from 0.00156 to 0.00072, saving model to /p/project1/cesmtst/patakchiyousefi1/HPT/mse_64_1e-05_1e-17_0.5_4_2_16_0.5_128_0.0_unet-l_day07.h5

Epoch 14: val_loss improved from 0.00156 to 0.00134, saving model to /p/project1/cesmtst/patakchiyousefi1/HPT/mse_64_1e-05_1e-17_0.5_4_8_16_0.5_128_0.0_unet-l_day07.h5

Epoch 5: val_loss improved from 0.00013 to 0.00011, saving model to /p/project1/cesmtst/patakchiyousefi1/HPT/mse_64_0.0001_1e-17_0.5_4_2_16_0.5_128_0.0_unet-l_day07.h5

Epoch 13: val_loss improved from 0.00009 to 0.00009, saving model to /p/project1/cesmtst/patakchiyousefi1/HPT/mse_64_0.0001_1e-17_0.5_4_8_16_0.5_128_0.0_unet-l_day07.h5

Epoch 15: val_loss improved from 0.00134 to 0.00116, saving model to /p/project1/cesmtst/patakchiyousefi1/HPT/mse_64_1e-05_1e-17_0.5_4_8_16_0.5_128_0.0_unet-l_day07.h5

Epoch 9: val_loss improved from 0.00104 to 0.00076, saving model to /p/project1/cesmtst/patakchiyousefi1/HPT/mse_64_1e-05_1e-17_0.5_4_4_16_0.5_128_0.0_unet-l_day07.h5

Epoch 9: val_loss improved from 0.00009 to 0.00008, saving model to /p/project1/cesmtst/patakchiyousefi1/HPT/mse_64_0.0001_1e-17_0.5_4_4_16_0.5_128_0.0_unet-l_day07.h5

Epoch 3: val_loss improved from 0.00066 to 0.00021, saving model to /p/project1/cesmtst/patakchiyousefi1/HPT/mse_64_1e-05_1e-17_0.5_4_1_16_0.5_128_0.0_unet-l_day07.h5

Epoch 14: val_loss improved from 0.00009 to 0.00009, saving model to /p/project1/cesmtst/patakchiyousefi1/HPT/mse_64_0.0001_1e-17_0.5_4_8_16_0.5_128_0.0_unet-l_day07.h5

Epoch 16: val_loss improved from 0.00116 to 0.00101, saving model to /p/project1/cesmtst/patakchiyousefi1/HPT/mse_64_1e-05_1e-17_0.5_4_8_16_0.5_128_0.0_unet-l_day07.h5

Epoch 5: val_loss did not improve from 0.00008

Epoch 3: val_loss did not improve from 0.00008

Epoch 10: val_loss improved from 0.00076 to 0.00055, saving model to /p/project1/cesmtst/patakchiyousefi1/HPT/mse_64_1e-05_1e-17_0.5_4_4_16_0.5_128_0.0_unet-l_day07.h5

Epoch 10: val_loss improved from 0.00008 to 0.00007, saving model to /p/project1/cesmtst/patakchiyousefi1/HPT/mse_64_0.0001_1e-17_0.5_4_4_16_0.5_128_0.0_unet-l_day07.h5

Epoch 15: val_loss improved from 0.00009 to 0.00008, saving model to /p/project1/cesmtst/patakchiyousefi1/HPT/mse_64_0.0001_1e-17_0.5_4_8_16_0.5_128_0.0_unet-l_day07.h5

Epoch 6: val_loss improved from 0.00072 to 0.00038, saving model to /p/project1/cesmtst/patakchiyousefi1/HPT/mse_64_1e-05_1e-17_0.5_4_2_16_0.5_128_0.0_unet-l_day07.h5

Epoch 17: val_loss improved from 0.00101 to 0.00088, saving model to /p/project1/cesmtst/patakchiyousefi1/HPT/mse_64_1e-05_1e-17_0.5_4_8_16_0.5_128_0.0_unet-l_day07.h5

Epoch 3: val_loss did not improve from 0.00009

Epoch 6: val_loss did not improve from 0.00011

Epoch 16: val_loss improved from 0.00008 to 0.00008, saving model to /p/project1/cesmtst/patakchiyousefi1/HPT/mse_64_0.0001_1e-17_0.5_4_8_16_0.5_128_0.0_unet-l_day07.h5

Epoch 18: val_loss improved from 0.00088 to 0.00076, saving model to /p/project1/cesmtst/patakchiyousefi1/HPT/mse_64_1e-05_1e-17_0.5_4_8_16_0.5_128_0.0_unet-l_day07.h5

Epoch 11: val_loss improved from 0.00007 to 0.00007, saving model to /p/project1/cesmtst/patakchiyousefi1/HPT/mse_64_0.0001_1e-17_0.5_4_4_16_0.5_128_0.0_unet-l_day07.h5

Epoch 11: val_loss improved from 0.00055 to 0.00040, saving model to /p/project1/cesmtst/patakchiyousefi1/HPT/mse_64_1e-05_1e-17_0.5_4_4_16_0.5_128_0.0_unet-l_day07.h5

Epoch 17: val_loss improved from 0.00008 to 0.00008, saving model to /p/project1/cesmtst/patakchiyousefi1/HPT/mse_64_0.0001_1e-17_0.5_4_8_16_0.5_128_0.0_unet-l_day07.h5

Epoch 6: val_loss did not improve from 0.00008

Epoch 19: val_loss improved from 0.00076 to 0.00066, saving model to /p/project1/cesmtst/patakchiyousefi1/HPT/mse_64_1e-05_1e-17_0.5_4_8_16_0.5_128_0.0_unet-l_day07.h5

Epoch 7: val_loss improved from 0.00038 to 0.00023, saving model to /p/project1/cesmtst/patakchiyousefi1/HPT/mse_64_1e-05_1e-17_0.5_4_2_16_0.5_128_0.0_unet-l_day07.h5

Epoch 18: val_loss did not improve from 0.00008

Epoch 20: val_loss improved from 0.00066 to 0.00058, saving model to /p/project1/cesmtst/patakchiyousefi1/HPT/mse_64_1e-05_1e-17_0.5_4_8_16_0.5_128_0.0_unet-l_day07.h5

Epoch 12: val_loss did not improve from 0.00007

Epoch 12: val_loss improved from 0.00040 to 0.00031, saving model to /p/project1/cesmtst/patakchiyousefi1/HPT/mse_64_1e-05_1e-17_0.5_4_4_16_0.5_128_0.0_unet-l_day07.h5

Epoch 7: val_loss improved from 0.00011 to 0.00011, saving model to /p/project1/cesmtst/patakchiyousefi1/HPT/mse_64_0.0001_1e-17_0.5_4_2_16_0.5_128_0.0_unet-l_day07.h5

Epoch 19: val_loss improved from 0.00008 to 0.00008, saving model to /p/project1/cesmtst/patakchiyousefi1/HPT/mse_64_0.0001_1e-17_0.5_4_8_16_0.5_128_0.0_unet-l_day07.h5

Epoch 21: val_loss improved from 0.00058 to 0.00050, saving model to /p/project1/cesmtst/patakchiyousefi1/HPT/mse_64_1e-05_1e-17_0.5_4_8_16_0.5_128_0.0_unet-l_day07.h5

Epoch 4: val_loss improved from 0.00021 to 0.00012, saving model to /p/project1/cesmtst/patakchiyousefi1/HPT/mse_64_1e-05_1e-17_0.5_4_1_16_0.5_128_0.0_unet-l_day07.h5

Epoch 13: val_loss did not improve from 0.00007

Epoch 4: val_loss did not improve from 0.00008

Epoch 7: val_loss did not improve from 0.00008

Epoch 20: val_loss improved from 0.00008 to 0.00008, saving model to /p/project1/cesmtst/patakchiyousefi1/HPT/mse_64_0.0001_1e-17_0.5_4_8_16_0.5_128_0.0_unet-l_day07.h5

Epoch 22: val_loss improved from 0.00050 to 0.00044, saving model to /p/project1/cesmtst/patakchiyousefi1/HPT/mse_64_1e-05_1e-17_0.5_4_8_16_0.5_128_0.0_unet-l_day07.h5

Epoch 13: val_loss improved from 0.00031 to 0.00024, saving model to /p/project1/cesmtst/patakchiyousefi1/HPT/mse_64_1e-05_1e-17_0.5_4_4_16_0.5_128_0.0_unet-l_day07.h5

Epoch 4: val_loss did not improve from 0.00009

Epoch 21: val_loss improved from 0.00008 to 0.00007, saving model to /p/project1/cesmtst/patakchiyousefi1/HPT/mse_64_0.0001_1e-17_0.5_4_8_16_0.5_128_0.0_unet-l_day07.h5

Epoch 8: val_loss improved from 0.00023 to 0.00015, saving model to /p/project1/cesmtst/patakchiyousefi1/HPT/mse_64_1e-05_1e-17_0.5_4_2_16_0.5_128_0.0_unet-l_day07.h5

Epoch 23: val_loss improved from 0.00044 to 0.00038, saving model to /p/project1/cesmtst/patakchiyousefi1/HPT/mse_64_1e-05_1e-17_0.5_4_8_16_0.5_128_0.0_unet-l_day07.h5

Epoch 14: val_loss did not improve from 0.00007

Epoch 8: val_loss improved from 0.00011 to 0.00009, saving model to /p/project1/cesmtst/patakchiyousefi1/HPT/mse_64_0.0001_1e-17_0.5_4_2_16_0.5_128_0.0_unet-l_day07.h5

Epoch 14: val_loss improved from 0.00024 to 0.00020, saving model to /p/project1/cesmtst/patakchiyousefi1/HPT/mse_64_1e-05_1e-17_0.5_4_4_16_0.5_128_0.0_unet-l_day07.h5

Epoch 22: val_loss improved from 0.00007 to 0.00007, saving model to /p/project1/cesmtst/patakchiyousefi1/HPT/mse_64_0.0001_1e-17_0.5_4_8_16_0.5_128_0.0_unet-l_day07.h5

Epoch 24: val_loss improved from 0.00038 to 0.00033, saving model to /p/project1/cesmtst/patakchiyousefi1/HPT/mse_64_1e-05_1e-17_0.5_4_8_16_0.5_128_0.0_unet-l_day07.h5

Epoch 8: val_loss did not improve from 0.00008

Epoch 23: val_loss did not improve from 0.00007

Epoch 15: val_loss did not improve from 0.00007

Epoch 25: val_loss improved from 0.00033 to 0.00030, saving model to /p/project1/cesmtst/patakchiyousefi1/HPT/mse_64_1e-05_1e-17_0.5_4_8_16_0.5_128_0.0_unet-l_day07.h5

Epoch 9: val_loss improved from 0.00015 to 0.00012, saving model to /p/project1/cesmtst/patakchiyousefi1/HPT/mse_64_1e-05_1e-17_0.5_4_2_16_0.5_128_0.0_unet-l_day07.h5

Epoch 24: val_loss improved from 0.00007 to 0.00007, saving model to /p/project1/cesmtst/patakchiyousefi1/HPT/mse_64_0.0001_1e-17_0.5_4_8_16_0.5_128_0.0_unet-l_day07.h5

Epoch 15: val_loss improved from 0.00020 to 0.00016, saving model to /p/project1/cesmtst/patakchiyousefi1/HPT/mse_64_1e-05_1e-17_0.5_4_4_16_0.5_128_0.0_unet-l_day07.h5

Epoch 26: val_loss improved from 0.00030 to 0.00027, saving model to /p/project1/cesmtst/patakchiyousefi1/HPT/mse_64_1e-05_1e-17_0.5_4_8_16_0.5_128_0.0_unet-l_day07.h5

Epoch 9: val_loss did not improve from 0.00009

Epoch 16: val_loss improved from 0.00007 to 0.00007, saving model to /p/project1/cesmtst/patakchiyousefi1/HPT/mse_64_0.0001_1e-17_0.5_4_4_16_0.5_128_0.0_unet-l_day07.h5

Epoch 25: val_loss improved from 0.00007 to 0.00007, saving model to /p/project1/cesmtst/patakchiyousefi1/HPT/mse_64_0.0001_1e-17_0.5_4_8_16_0.5_128_0.0_unet-l_day07.h5

Epoch 5: val_loss improved from 0.00012 to 0.00012, saving model to /p/project1/cesmtst/patakchiyousefi1/HPT/mse_64_1e-05_1e-17_0.5_4_1_16_0.5_128_0.0_unet-l_day07.h5

Epoch 27: val_loss improved from 0.00027 to 0.00024, saving model to /p/project1/cesmtst/patakchiyousefi1/HPT/mse_64_1e-05_1e-17_0.5_4_8_16_0.5_128_0.0_unet-l_day07.h5

Epoch 5: val_loss did not improve from 0.00008

Epoch 9: val_loss did not improve from 0.00008

Epoch 16: val_loss improved from 0.00016 to 0.00014, saving model to /p/project1/cesmtst/patakchiyousefi1/HPT/mse_64_1e-05_1e-17_0.5_4_4_16_0.5_128_0.0_unet-l_day07.h5

Epoch 26: val_loss did not improve from 0.00007

Epoch 28: val_loss improved from 0.00024 to 0.00022, saving model to /p/project1/cesmtst/patakchiyousefi1/HPT/mse_64_1e-05_1e-17_0.5_4_8_16_0.5_128_0.0_unet-l_day07.h5

Epoch 17: val_loss improved from 0.00007 to 0.00006, saving model to /p/project1/cesmtst/patakchiyousefi1/HPT/mse_64_0.0001_1e-17_0.5_4_4_16_0.5_128_0.0_unet-l_day07.h5

Epoch 10: val_loss improved from 0.00012 to 0.00010, saving model to /p/project1/cesmtst/patakchiyousefi1/HPT/mse_64_1e-05_1e-17_0.5_4_2_16_0.5_128_0.0_unet-l_day07.h5

Epoch 27: val_loss improved from 0.00007 to 0.00007, saving model to /p/project1/cesmtst/patakchiyousefi1/HPT/mse_64_0.0001_1e-17_0.5_4_8_16_0.5_128_0.0_unet-l_day07.h5

Epoch 29: val_loss improved from 0.00022 to 0.00019, saving model to /p/project1/cesmtst/patakchiyousefi1/HPT/mse_64_1e-05_1e-17_0.5_4_8_16_0.5_128_0.0_unet-l_day07.h5

Epoch 10: val_loss improved from 0.00009 to 0.00008, saving model to /p/project1/cesmtst/patakchiyousefi1/HPT/mse_64_0.0001_1e-17_0.5_4_2_16_0.5_128_0.0_unet-l_day07.h5

Epoch 28: val_loss improved from 0.00007 to 0.00007, saving model to /p/project1/cesmtst/patakchiyousefi1/HPT/mse_64_0.0001_1e-17_0.5_4_8_16_0.5_128_0.0_unet-l_day07.h5

Epoch 18: val_loss improved from 0.00006 to 0.00006, saving model to /p/project1/cesmtst/patakchiyousefi1/HPT/mse_64_0.0001_1e-17_0.5_4_4_16_0.5_128_0.0_unet-l_day07.h5

Epoch 30: val_loss improved from 0.00019 to 0.00017, saving model to /p/project1/cesmtst/patakchiyousefi1/HPT/mse_64_1e-05_1e-17_0.5_4_8_16_0.5_128_0.0_unet-l_day07.h5

Epoch 17: val_loss improved from 0.00014 to 0.00012, saving model to /p/project1/cesmtst/patakchiyousefi1/HPT/mse_64_1e-05_1e-17_0.5_4_4_16_0.5_128_0.0_unet-l_day07.h5

Epoch 10: val_loss did not improve from 0.00008

Epoch 5: val_loss did not improve from 0.00009

Epoch 29: val_loss improved from 0.00007 to 0.00007, saving model to /p/project1/cesmtst/patakchiyousefi1/HPT/mse_64_0.0001_1e-17_0.5_4_8_16_0.5_128_0.0_unet-l_day07.h5

Epoch 31: val_loss improved from 0.00017 to 0.00016, saving model to /p/project1/cesmtst/patakchiyousefi1/HPT/mse_64_1e-05_1e-17_0.5_4_8_16_0.5_128_0.0_unet-l_day07.h5

Epoch 19: val_loss improved from 0.00006 to 0.00006, saving model to /p/project1/cesmtst/patakchiyousefi1/HPT/mse_64_0.0001_1e-17_0.5_4_4_16_0.5_128_0.0_unet-l_day07.h5

Epoch 11: val_loss improved from 0.00010 to 0.00009, saving model to /p/project1/cesmtst/patakchiyousefi1/HPT/mse_64_1e-05_1e-17_0.5_4_2_16_0.5_128_0.0_unet-l_day07.h5

Epoch 30: val_loss improved from 0.00007 to 0.00006, saving model to /p/project1/cesmtst/patakchiyousefi1/HPT/mse_64_0.0001_1e-17_0.5_4_8_16_0.5_128_0.0_unet-l_day07.h5

Epoch 18: val_loss improved from 0.00012 to 0.00010, saving model to /p/project1/cesmtst/patakchiyousefi1/HPT/mse_64_1e-05_1e-17_0.5_4_4_16_0.5_128_0.0_unet-l_day07.h5

Epoch 32: val_loss improved from 0.00016 to 0.00015, saving model to /p/project1/cesmtst/patakchiyousefi1/HPT/mse_64_1e-05_1e-17_0.5_4_8_16_0.5_128_0.0_unet-l_day07.h5

Epoch 11: val_loss improved from 0.00008 to 0.00007, saving model to /p/project1/cesmtst/patakchiyousefi1/HPT/mse_64_0.0001_1e-17_0.5_4_2_16_0.5_128_0.0_unet-l_day07.h5

Epoch 6: val_loss did not improve from 0.00008

Epoch 31: val_loss improved from 0.00006 to 0.00006, saving model to /p/project1/cesmtst/patakchiyousefi1/HPT/mse_64_0.0001_1e-17_0.5_4_8_16_0.5_128_0.0_unet-l_day07.h5

Epoch 33: val_loss improved from 0.00015 to 0.00014, saving model to /p/project1/cesmtst/patakchiyousefi1/HPT/mse_64_1e-05_1e-17_0.5_4_8_16_0.5_128_0.0_unet-l_day07.h5

Epoch 20: val_loss improved from 0.00006 to 0.00006, saving model to /p/project1/cesmtst/patakchiyousefi1/HPT/mse_64_0.0001_1e-17_0.5_4_4_16_0.5_128_0.0_unet-l_day07.h5

Epoch 11: val_loss did not improve from 0.00008

Epoch 32: val_loss improved from 0.00006 to 0.00006, saving model to /p/project1/cesmtst/patakchiyousefi1/HPT/mse_64_0.0001_1e-17_0.5_4_8_16_0.5_128_0.0_unet-l_day07.h5

Epoch 34: val_loss improved from 0.00014 to 0.00013, saving model to /p/project1/cesmtst/patakchiyousefi1/HPT/mse_64_1e-05_1e-17_0.5_4_8_16_0.5_128_0.0_unet-l_day07.h5

Epoch 19: val_loss improved from 0.00010 to 0.00009, saving model to /p/project1/cesmtst/patakchiyousefi1/HPT/mse_64_1e-05_1e-17_0.5_4_4_16_0.5_128_0.0_unet-l_day07.h5

Epoch 12: val_loss improved from 0.00009 to 0.00008, saving model to /p/project1/cesmtst/patakchiyousefi1/HPT/mse_64_1e-05_1e-17_0.5_4_2_16_0.5_128_0.0_unet-l_day07.h5

Epoch 21: val_loss did not improve from 0.00006

Epoch 33: val_loss improved from 0.00006 to 0.00006, saving model to /p/project1/cesmtst/patakchiyousefi1/HPT/mse_64_0.0001_1e-17_0.5_4_8_16_0.5_128_0.0_unet-l_day07.h5

Epoch 6: val_loss improved from 0.00012 to 0.00011, saving model to /p/project1/cesmtst/patakchiyousefi1/HPT/mse_64_1e-05_1e-17_0.5_4_1_16_0.5_128_0.0_unet-l_day07.h5

Epoch 35: val_loss improved from 0.00013 to 0.00012, saving model to /p/project1/cesmtst/patakchiyousefi1/HPT/mse_64_1e-05_1e-17_0.5_4_8_16_0.5_128_0.0_unet-l_day07.h5

Epoch 12: val_loss improved from 0.00007 to 0.00007, saving model to /p/project1/cesmtst/patakchiyousefi1/HPT/mse_64_0.0001_1e-17_0.5_4_2_16_0.5_128_0.0_unet-l_day07.h5

Epoch 34: val_loss improved from 0.00006 to 0.00006, saving model to /p/project1/cesmtst/patakchiyousefi1/HPT/mse_64_0.0001_1e-17_0.5_4_8_16_0.5_128_0.0_unet-l_day07.h5

Epoch 36: val_loss improved from 0.00012 to 0.00012, saving model to /p/project1/cesmtst/patakchiyousefi1/HPT/mse_64_1e-05_1e-17_0.5_4_8_16_0.5_128_0.0_unet-l_day07.h5

Epoch 6: val_loss improved from 0.00009 to 0.00007, saving model to /p/project1/cesmtst/patakchiyousefi1/HPT/mse_64_0.001_1e-17_0.5_4_1_16_0.5_128_0.0_unet-l_day07.h5

Epoch 12: val_loss improved from 0.00008 to 0.00007, saving model to /p/project1/cesmtst/patakchiyousefi1/HPT/mse_64_0.001_1e-17_0.5_4_2_16_0.5_128_0.0_unet-l_day07.h5

Epoch 22: val_loss improved from 0.00006 to 0.00006, saving model to /p/project1/cesmtst/patakchiyousefi1/HPT/mse_64_0.0001_1e-17_0.5_4_4_16_0.5_128_0.0_unet-l_day07.h5

Epoch 20: val_loss improved from 0.00009 to 0.00009, saving model to /p/project1/cesmtst/patakchiyousefi1/HPT/mse_64_1e-05_1e-17_0.5_4_4_16_0.5_128_0.0_unet-l_day07.h5

Epoch 35: val_loss improved from 0.00006 to 0.00006, saving model to /p/project1/cesmtst/patakchiyousefi1/HPT/mse_64_0.0001_1e-17_0.5_4_8_16_0.5_128_0.0_unet-l_day07.h5

Epoch 37: val_loss improved from 0.00012 to 0.00012, saving model to /p/project1/cesmtst/patakchiyousefi1/HPT/mse_64_1e-05_1e-17_0.5_4_8_16_0.5_128_0.0_unet-l_day07.h5

Epoch 13: val_loss improved from 0.00008 to 0.00008, saving model to /p/project1/cesmtst/patakchiyousefi1/HPT/mse_64_1e-05_1e-17_0.5_4_2_16_0.5_128_0.0_unet-l_day07.h5

Epoch 36: val_loss did not improve from 0.00006

Epoch 23: val_loss did not improve from 0.00006

Epoch 13: val_loss improved from 0.00007 to 0.00007, saving model to /p/project1/cesmtst/patakchiyousefi1/HPT/mse_64_0.0001_1e-17_0.5_4_2_16_0.5_128_0.0_unet-l_day07.h5

Epoch 38: val_loss improved from 0.00012 to 0.00011, saving model to /p/project1/cesmtst/patakchiyousefi1/HPT/mse_64_1e-05_1e-17_0.5_4_8_16_0.5_128_0.0_unet-l_day07.h5

Epoch 21: val_loss improved from 0.00009 to 0.00009, saving model to /p/project1/cesmtst/patakchiyousefi1/HPT/mse_64_1e-05_1e-17_0.5_4_4_16_0.5_128_0.0_unet-l_day07.h5

Epoch 37: val_loss did not improve from 0.00006

Epoch 39: val_loss improved from 0.00011 to 0.00011, saving model to /p/project1/cesmtst/patakchiyousefi1/HPT/mse_64_1e-05_1e-17_0.5_4_8_16_0.5_128_0.0_unet-l_day07.h5

Epoch 13: val_loss did not improve from 0.00007

Epoch 24: val_loss did not improve from 0.00006

Epoch 38: val_loss did not improve from 0.00006

Epoch 22: val_loss improved from 0.00009 to 0.00008, saving model to /p/project1/cesmtst/patakchiyousefi1/HPT/mse_64_1e-05_1e-17_0.5_4_4_16_0.5_128_0.0_unet-l_day07.h5

Epoch 40: val_loss improved from 0.00011 to 0.00010, saving model to /p/project1/cesmtst/patakchiyousefi1/HPT/mse_64_1e-05_1e-17_0.5_4_8_16_0.5_128_0.0_unet-l_day07.h5

Epoch 14: val_loss improved from 0.00008 to 0.00007, saving model to /p/project1/cesmtst/patakchiyousefi1/HPT/mse_64_1e-05_1e-17_0.5_4_2_16_0.5_128_0.0_unet-l_day07.h5

Epoch 39: val_loss did not improve from 0.00006

Epoch 7: val_loss improved from 0.00008 to 0.00007, saving model to /p/project1/cesmtst/patakchiyousefi1/HPT/mse_64_0.0001_1e-17_0.5_4_1_16_0.5_128_0.0_unet-l_day07.h5

Epoch 14: val_loss improved from 0.00007 to 0.00007, saving model to /p/project1/cesmtst/patakchiyousefi1/HPT/mse_64_0.0001_1e-17_0.5_4_2_16_0.5_128_0.0_unet-l_day07.h5

Epoch 25: val_loss did not improve from 0.00006

Epoch 41: val_loss improved from 0.00010 to 0.00010, saving model to /p/project1/cesmtst/patakchiyousefi1/HPT/mse_64_1e-05_1e-17_0.5_4_8_16_0.5_128_0.0_unet-l_day07.h5

Epoch 7: val_loss did not improve from 0.00007

Epoch 40: val_loss did not improve from 0.00006

Epoch 23: val_loss improved from 0.00008 to 0.00008, saving model to /p/project1/cesmtst/patakchiyousefi1/HPT/mse_64_1e-05_1e-17_0.5_4_4_16_0.5_128_0.0_unet-l_day07.h5

Epoch 42: val_loss improved from 0.00010 to 0.00010, saving model to /p/project1/cesmtst/patakchiyousefi1/HPT/mse_64_1e-05_1e-17_0.5_4_8_16_0.5_128_0.0_unet-l_day07.h5

Epoch 41: val_loss did not improve from 0.00006

Epoch 26: val_loss did not improve from 0.00006

Epoch 7: val_loss improved from 0.00011 to 0.00009, saving model to /p/project1/cesmtst/patakchiyousefi1/HPT/mse_64_1e-05_1e-17_0.5_4_1_16_0.5_128_0.0_unet-l_day07.h5

Epoch 43: val_loss improved from 0.00010 to 0.00010, saving model to /p/project1/cesmtst/patakchiyousefi1/HPT/mse_64_1e-05_1e-17_0.5_4_8_16_0.5_128_0.0_unet-l_day07.h5

Epoch 15: val_loss improved from 0.00007 to 0.00007, saving model to /p/project1/cesmtst/patakchiyousefi1/HPT/mse_64_1e-05_1e-17_0.5_4_2_16_0.5_128_0.0_unet-l_day07.h5

Epoch 24: val_loss improved from 0.00008 to 0.00008, saving model to /p/project1/cesmtst/patakchiyousefi1/HPT/mse_64_1e-05_1e-17_0.5_4_4_16_0.5_128_0.0_unet-l_day07.h5

Epoch 42: val_loss did not improve from 0.00006

Epoch 15: val_loss improved from 0.00007 to 0.00006, saving model to /p/project1/cesmtst/patakchiyousefi1/HPT/mse_64_0.0001_1e-17_0.5_4_2_16_0.5_128_0.0_unet-l_day07.h5

Epoch 14: val_loss did not improve from 0.00007

Epoch 44: val_loss improved from 0.00010 to 0.00009, saving model to /p/project1/cesmtst/patakchiyousefi1/HPT/mse_64_1e-05_1e-17_0.5_4_8_16_0.5_128_0.0_unet-l_day07.h5

Epoch 27: val_loss did not improve from 0.00006

Epoch 43: val_loss improved from 0.00006 to 0.00006, saving model to /p/project1/cesmtst/patakchiyousefi1/HPT/mse_64_0.0001_1e-17_0.5_4_8_16_0.5_128_0.0_unet-l_day07.h5

Epoch 45: val_loss improved from 0.00009 to 0.00009, saving model to /p/project1/cesmtst/patakchiyousefi1/HPT/mse_64_1e-05_1e-17_0.5_4_8_16_0.5_128_0.0_unet-l_day07.h5

Epoch 44: val_loss did not improve from 0.00006

Epoch 25: val_loss improved from 0.00008 to 0.00008, saving model to /p/project1/cesmtst/patakchiyousefi1/HPT/mse_64_1e-05_1e-17_0.5_4_4_16_0.5_128_0.0_unet-l_day07.h5

Epoch 8: val_loss improved from 0.00007 to 0.00007, saving model to /p/project1/cesmtst/patakchiyousefi1/HPT/mse_64_0.0001_1e-17_0.5_4_1_16_0.5_128_0.0_unet-l_day07.h5

Epoch 16: val_loss improved from 0.00007 to 0.00007, saving model to /p/project1/cesmtst/patakchiyousefi1/HPT/mse_64_1e-05_1e-17_0.5_4_2_16_0.5_128_0.0_unet-l_day07.h5

Epoch 46: val_loss improved from 0.00009 to 0.00009, saving model to /p/project1/cesmtst/patakchiyousefi1/HPT/mse_64_1e-05_1e-17_0.5_4_8_16_0.5_128_0.0_unet-l_day07.h5

Epoch 45: val_loss did not improve from 0.00006

Epoch 15: val_loss improved from 0.00007 to 0.00007, saving model to /p/project1/cesmtst/patakchiyousefi1/HPT/mse_64_0.001_1e-17_0.5_4_2_16_0.5_128_0.0_unet-l_day07.h5

Epoch 28: val_loss did not improve from 0.00006

Epoch 8: val_loss did not improve from 0.00007

Epoch 47: val_loss improved from 0.00009 to 0.00009, saving model to /p/project1/cesmtst/patakchiyousefi1/HPT/mse_64_1e-05_1e-17_0.5_4_8_16_0.5_128_0.0_unet-l_day07.h5

Epoch 46: val_loss did not improve from 0.00006

Epoch 26: val_loss improved from 0.00008 to 0.00007, saving model to /p/project1/cesmtst/patakchiyousefi1/HPT/mse_64_1e-05_1e-17_0.5_4_4_16_0.5_128_0.0_unet-l_day07.h5

Epoch 48: val_loss improved from 0.00009 to 0.00009, saving model to /p/project1/cesmtst/patakchiyousefi1/HPT/mse_64_1e-05_1e-17_0.5_4_8_16_0.5_128_0.0_unet-l_day07.h5

Epoch 29: val_loss did not improve from 0.00006

Epoch 47: val_loss improved from 0.00006 to 0.00006, saving model to /p/project1/cesmtst/patakchiyousefi1/HPT/mse_64_0.0001_1e-17_0.5_4_8_16_0.5_128_0.0_unet-l_day07.h5

Epoch 16: val_loss did not improve from 0.00006

Epoch 8: val_loss improved from 0.00009 to 0.00009, saving model to /p/project1/cesmtst/patakchiyousefi1/HPT/mse_64_1e-05_1e-17_0.5_4_1_16_0.5_128_0.0_unet-l_day07.h5

Epoch 27: val_loss improved from 0.00007 to 0.00007, saving model to /p/project1/cesmtst/patakchiyousefi1/HPT/mse_64_1e-05_1e-17_0.5_4_4_16_0.5_128_0.0_unet-l_day07.h5

Epoch 17: val_loss improved from 0.00007 to 0.00007, saving model to /p/project1/cesmtst/patakchiyousefi1/HPT/mse_64_1e-05_1e-17_0.5_4_2_16_0.5_128_0.0_unet-l_day07.h5

Epoch 49: val_loss improved from 0.00009 to 0.00008, saving model to /p/project1/cesmtst/patakchiyousefi1/HPT/mse_64_1e-05_1e-17_0.5_4_8_16_0.5_128_0.0_unet-l_day07.h5

Epoch 48: val_loss did not improve from 0.00006

Epoch 16: val_loss improved from 0.00007 to 0.00007, saving model to /p/project1/cesmtst/patakchiyousefi1/HPT/mse_64_0.001_1e-17_0.5_4_2_16_0.5_128_0.0_unet-l_day07.h5

Epoch 30: val_loss did not improve from 0.00006

Epoch 50: val_loss improved from 0.00008 to 0.00008, saving model to /p/project1/cesmtst/patakchiyousefi1/HPT/mse_64_1e-05_1e-17_0.5_4_8_16_0.5_128_0.0_unet-l_day07.h5

Epoch 49: val_loss did not improve from 0.00006

Epoch 28: val_loss improved from 0.00007 to 0.00007, saving model to /p/project1/cesmtst/patakchiyousefi1/HPT/mse_64_1e-05_1e-17_0.5_4_4_16_0.5_128_0.0_unet-l_day07.h5

Epoch 51: val_loss improved from 0.00008 to 0.00008, saving model to /p/project1/cesmtst/patakchiyousefi1/HPT/mse_64_1e-05_1e-17_0.5_4_8_16_0.5_128_0.0_unet-l_day07.h5

Epoch 50: val_loss did not improve from 0.00006

Epoch 17: val_loss improved from 0.00006 to 0.00006, saving model to /p/project1/cesmtst/patakchiyousefi1/HPT/mse_64_0.0001_1e-17_0.5_4_2_16_0.5_128_0.0_unet-l_day07.h5

Epoch 31: val_loss did not improve from 0.00006

Epoch 9: val_loss improved from 0.00007 to 0.00007, saving model to /p/project1/cesmtst/patakchiyousefi1/HPT/mse_64_0.0001_1e-17_0.5_4_1_16_0.5_128_0.0_unet-l_day07.h5

Epoch 18: val_loss improved from 0.00007 to 0.00007, saving model to /p/project1/cesmtst/patakchiyousefi1/HPT/mse_64_1e-05_1e-17_0.5_4_2_16_0.5_128_0.0_unet-l_day07.h5

Epoch 52: val_loss improved from 0.00008 to 0.00008, saving model to /p/project1/cesmtst/patakchiyousefi1/HPT/mse_64_1e-05_1e-17_0.5_4_8_16_0.5_128_0.0_unet-l_day07.h5

Epoch 51: val_loss did not improve from 0.00006

Epoch 9: val_loss did not improve from 0.00007

Epoch 17: val_loss did not improve from 0.00007

Epoch 29: val_loss improved from 0.00007 to 0.00007, saving model to /p/project1/cesmtst/patakchiyousefi1/HPT/mse_64_1e-05_1e-17_0.5_4_4_16_0.5_128_0.0_unet-l_day07.h5

Epoch 32: val_loss did not improve from 0.00006

Epoch 53: val_loss improved from 0.00008 to 0.00008, saving model to /p/project1/cesmtst/patakchiyousefi1/HPT/mse_64_1e-05_1e-17_0.5_4_8_16_0.5_128_0.0_unet-l_day07.h5

Epoch 52: val_loss did not improve from 0.00006

Epoch 9: val_loss improved from 0.00009 to 0.00008, saving model to /p/project1/cesmtst/patakchiyousefi1/HPT/mse_64_1e-05_1e-17_0.5_4_1_16_0.5_128_0.0_unet-l_day07.h5

Epoch 54: val_loss improved from 0.00008 to 0.00008, saving model to /p/project1/cesmtst/patakchiyousefi1/HPT/mse_64_1e-05_1e-17_0.5_4_8_16_0.5_128_0.0_unet-l_day07.h5

Epoch 53: val_loss did not improve from 0.00006

Epoch 30: val_loss improved from 0.00007 to 0.00007, saving model to /p/project1/cesmtst/patakchiyousefi1/HPT/mse_64_1e-05_1e-17_0.5_4_4_16_0.5_128_0.0_unet-l_day07.h5

Epoch 18: val_loss improved from 0.00006 to 0.00006, saving model to /p/project1/cesmtst/patakchiyousefi1/HPT/mse_64_0.0001_1e-17_0.5_4_2_16_0.5_128_0.0_unet-l_day07.h5

Epoch 33: val_loss did not improve from 0.00006

Epoch 19: val_loss improved from 0.00007 to 0.00007, saving model to /p/project1/cesmtst/patakchiyousefi1/HPT/mse_64_1e-05_1e-17_0.5_4_2_16_0.5_128_0.0_unet-l_day07.h5

Epoch 54: val_loss did not improve from 0.00006

Epoch 55: val_loss improved from 0.00008 to 0.00008, saving model to /p/project1/cesmtst/patakchiyousefi1/HPT/mse_64_1e-05_1e-17_0.5_4_8_16_0.5_128_0.0_unet-l_day07.h5

Epoch 18: val_loss did not improve from 0.00007

Epoch 31: val_loss improved from 0.00007 to 0.00007, saving model to /p/project1/cesmtst/patakchiyousefi1/HPT/mse_64_1e-05_1e-17_0.5_4_4_16_0.5_128_0.0_unet-l_day07.h5

Epoch 55: val_loss did not improve from 0.00006

Epoch 56: val_loss improved from 0.00008 to 0.00008, saving model to /p/project1/cesmtst/patakchiyousefi1/HPT/mse_64_1e-05_1e-17_0.5_4_8_16_0.5_128_0.0_unet-l_day07.h5

Epoch 56: val_loss did not improve from 0.00006

Epoch 34: val_loss did not improve from 0.00006

Epoch 10: val_loss improved from 0.00007 to 0.00006, saving model to /p/project1/cesmtst/patakchiyousefi1/HPT/mse_64_0.0001_1e-17_0.5_4_1_16_0.5_128_0.0_unet-l_day07.h5

Epoch 19: val_loss did not improve from 0.00006

Epoch 32: val_loss improved from 0.00007 to 0.00007, saving model to /p/project1/cesmtst/patakchiyousefi1/HPT/mse_64_1e-05_1e-17_0.5_4_4_16_0.5_128_0.0_unet-l_day07.h5

Epoch 57: val_loss improved from 0.00008 to 0.00008, saving model to /p/project1/cesmtst/patakchiyousefi1/HPT/mse_64_1e-05_1e-17_0.5_4_8_16_0.5_128_0.0_unet-l_day07.h5

Epoch 10: val_loss did not improve from 0.00007

Epoch 20: val_loss improved from 0.00007 to 0.00007, saving model to /p/project1/cesmtst/patakchiyousefi1/HPT/mse_64_1e-05_1e-17_0.5_4_2_16_0.5_128_0.0_unet-l_day07.h5

Epoch 57: val_loss did not improve from 0.00006

Epoch 19: val_loss did not improve from 0.00007

Epoch 35: val_loss did not improve from 0.00006

Epoch 58: val_loss improved from 0.00008 to 0.00008, saving model to /p/project1/cesmtst/patakchiyousefi1/HPT/mse_64_1e-05_1e-17_0.5_4_8_16_0.5_128_0.0_unet-l_day07.h5

Epoch 58: val_loss did not improve from 0.00006

Epoch 33: val_loss improved from 0.00007 to 0.00007, saving model to /p/project1/cesmtst/patakchiyousefi1/HPT/mse_64_1e-05_1e-17_0.5_4_4_16_0.5_128_0.0_unet-l_day07.h5

Epoch 59: val_loss improved from 0.00008 to 0.00008, saving model to /p/project1/cesmtst/patakchiyousefi1/HPT/mse_64_1e-05_1e-17_0.5_4_8_16_0.5_128_0.0_unet-l_day07.h5

Epoch 59: val_loss did not improve from 0.00006

Epoch 20: val_loss did not improve from 0.00006

Epoch 36: val_loss did not improve from 0.00006

Epoch 60: val_loss improved from 0.00008 to 0.00008, saving model to /p/project1/cesmtst/patakchiyousefi1/HPT/mse_64_1e-05_1e-17_0.5_4_8_16_0.5_128_0.0_unet-l_day07.h5

Epoch 60: val_loss did not improve from 0.00006

Epoch 34: val_loss improved from 0.00007 to 0.00007, saving model to /p/project1/cesmtst/patakchiyousefi1/HPT/mse_64_1e-05_1e-17_0.5_4_4_16_0.5_128_0.0_unet-l_day07.h5

Epoch 20: val_loss did not improve from 0.00007

Epoch 61: val_loss improved from 0.00008 to 0.00008, saving model to /p/project1/cesmtst/patakchiyousefi1/HPT/mse_64_1e-05_1e-17_0.5_4_8_16_0.5_128_0.0_unet-l_day07.h5

Epoch 37: val_loss did not improve from 0.00006

Epoch 61: val_loss did not improve from 0.00006

Epoch 10: val_loss improved from 0.00008 to 0.00008, saving model to /p/project1/cesmtst/patakchiyousefi1/HPT/mse_64_1e-05_1e-17_0.5_4_1_16_0.5_128_0.0_unet-l_day07.h5

Epoch 11: val_loss did not improve from 0.00006

Epoch 21: val_loss improved from 0.00007 to 0.00007, saving model to /p/project1/cesmtst/patakchiyousefi1/HPT/mse_64_1e-05_1e-17_0.5_4_2_16_0.5_128_0.0_unet-l_day07.h5

Epoch 62: val_loss improved from 0.00008 to 0.00007, saving model to /p/project1/cesmtst/patakchiyousefi1/HPT/mse_64_1e-05_1e-17_0.5_4_8_16_0.5_128_0.0_unet-l_day07.h5

Epoch 62: val_loss did not improve from 0.00006

Epoch 11: val_loss did not improve from 0.00007

Epoch 35: val_loss improved from 0.00007 to 0.00007, saving model to /p/project1/cesmtst/patakchiyousefi1/HPT/mse_64_1e-05_1e-17_0.5_4_4_16_0.5_128_0.0_unet-l_day07.h5

Epoch 38: val_loss did not improve from 0.00006
Saving and plotting the results...

Epoch 63: val_loss improved from 0.00007 to 0.00007, saving model to /p/project1/cesmtst/patakchiyousefi1/HPT/mse_64_1e-05_1e-17_0.5_4_8_16_0.5_128_0.0_unet-l_day07.h5

Epoch 63: val_loss did not improve from 0.00006
Saving and plotting the results...

Epoch 21: val_loss did not improve from 0.00007

Epoch 21: val_loss did not improve from 0.00006

Epoch 64: val_loss improved from 0.00007 to 0.00007, saving model to /p/project1/cesmtst/patakchiyousefi1/HPT/mse_64_1e-05_1e-17_0.5_4_8_16_0.5_128_0.0_unet-l_day07.h5

Epoch 36: val_loss improved from 0.00007 to 0.00007, saving model to /p/project1/cesmtst/patakchiyousefi1/HPT/mse_64_1e-05_1e-17_0.5_4_4_16_0.5_128_0.0_unet-l_day07.h5

Epoch 22: val_loss did not improve from 0.00007

Epoch 65: val_loss improved from 0.00007 to 0.00007, saving model to /p/project1/cesmtst/patakchiyousefi1/HPT/mse_64_1e-05_1e-17_0.5_4_8_16_0.5_128_0.0_unet-l_day07.h5

Epoch 37: val_loss improved from 0.00007 to 0.00007, saving model to /p/project1/cesmtst/patakchiyousefi1/HPT/mse_64_1e-05_1e-17_0.5_4_4_16_0.5_128_0.0_unet-l_day07.h5

Epoch 66: val_loss improved from 0.00007 to 0.00007, saving model to /p/project1/cesmtst/patakchiyousefi1/HPT/mse_64_1e-05_1e-17_0.5_4_8_16_0.5_128_0.0_unet-l_day07.h5

Epoch 22: val_loss did not improve from 0.00007

Epoch 11: val_loss improved from 0.00008 to 0.00008, saving model to /p/project1/cesmtst/patakchiyousefi1/HPT/mse_64_1e-05_1e-17_0.5_4_1_16_0.5_128_0.0_unet-l_day07.h5

Epoch 22: val_loss did not improve from 0.00006
train_data_hourly_pr_['ADAPTER_DE05.day07.merged.nc']_['ADAPTER_DE05.day01.merged.nc']_MM_6__spatiotemporal_128.256_2018-01-01T13_2022-12-31T23_no_na_land
Loading training data...
Data loaded!
mse_64_0.01_1e-17_0.5_4_8_16_0.5_128_0.0_unet-l_day07
Training the model...

Epoch 1: val_loss improved from inf to 0.00288, saving model to /p/project1/cesmtst/patakchiyousefi1/HPT/mse_64_0.01_1e-17_0.5_4_8_16_0.5_128_0.0_unet-l_day07.h5

Epoch 67: val_loss improved from 0.00007 to 0.00007, saving model to /p/project1/cesmtst/patakchiyousefi1/HPT/mse_64_1e-05_1e-17_0.5_4_8_16_0.5_128_0.0_unet-l_day07.h5

Epoch 12: val_loss did not improve from 0.00006

Epoch 38: val_loss improved from 0.00007 to 0.00007, saving model to /p/project1/cesmtst/patakchiyousefi1/HPT/mse_64_1e-05_1e-17_0.5_4_4_16_0.5_128_0.0_unet-l_day07.h5

Epoch 23: val_loss improved from 0.00007 to 0.00007, saving model to /p/project1/cesmtst/patakchiyousefi1/HPT/mse_64_1e-05_1e-17_0.5_4_2_16_0.5_128_0.0_unet-l_day07.h5

Epoch 12: val_loss improved from 0.00007 to 0.00007, saving model to /p/project1/cesmtst/patakchiyousefi1/HPT/mse_64_0.001_1e-17_0.5_4_1_16_0.5_128_0.0_unet-l_day07.h5

Epoch 2: val_loss improved from 0.00288 to 0.00080, saving model to /p/project1/cesmtst/patakchiyousefi1/HPT/mse_64_0.01_1e-17_0.5_4_8_16_0.5_128_0.0_unet-l_day07.h5

Epoch 68: val_loss improved from 0.00007 to 0.00007, saving model to /p/project1/cesmtst/patakchiyousefi1/HPT/mse_64_1e-05_1e-17_0.5_4_8_16_0.5_128_0.0_unet-l_day07.h5

Epoch 3: val_loss improved from 0.00080 to 0.00048, saving model to /p/project1/cesmtst/patakchiyousefi1/HPT/mse_64_0.01_1e-17_0.5_4_8_16_0.5_128_0.0_unet-l_day07.h5

Epoch 23: val_loss did not improve from 0.00007
train_data_hourly_pr_['ADAPTER_DE05.day07.merged.nc']_['ADAPTER_DE05.day01.merged.nc']_MM_6__spatiotemporal_128.256_2018-01-01T13_2022-12-31T23_no_na_land
Loading training data...
Data loaded!
mse_64_0.01_1e-17_0.5_4_2_16_0.5_128_0.0_unet-l_day07
Training the model...

Epoch 1: val_loss improved from inf to 0.00019, saving model to /p/project1/cesmtst/patakchiyousefi1/HPT/mse_64_0.01_1e-17_0.5_4_2_16_0.5_128_0.0_unet-l_day07.h5

Epoch 69: val_loss improved from 0.00007 to 0.00007, saving model to /p/project1/cesmtst/patakchiyousefi1/HPT/mse_64_1e-05_1e-17_0.5_4_8_16_0.5_128_0.0_unet-l_day07.h5

Epoch 39: val_loss improved from 0.00007 to 0.00007, saving model to /p/project1/cesmtst/patakchiyousefi1/HPT/mse_64_1e-05_1e-17_0.5_4_4_16_0.5_128_0.0_unet-l_day07.h5

Epoch 23: val_loss improved from 0.00006 to 0.00006, saving model to /p/project1/cesmtst/patakchiyousefi1/HPT/mse_64_0.0001_1e-17_0.5_4_2_16_0.5_128_0.0_unet-l_day07.h5

Epoch 4: val_loss improved from 0.00048 to 0.00042, saving model to /p/project1/cesmtst/patakchiyousefi1/HPT/mse_64_0.01_1e-17_0.5_4_8_16_0.5_128_0.0_unet-l_day07.h5

Epoch 70: val_loss improved from 0.00007 to 0.00007, saving model to /p/project1/cesmtst/patakchiyousefi1/HPT/mse_64_1e-05_1e-17_0.5_4_8_16_0.5_128_0.0_unet-l_day07.h5

Epoch 24: val_loss improved from 0.00007 to 0.00007, saving model to /p/project1/cesmtst/patakchiyousefi1/HPT/mse_64_1e-05_1e-17_0.5_4_2_16_0.5_128_0.0_unet-l_day07.h5

Epoch 5: val_loss improved from 0.00042 to 0.00025, saving model to /p/project1/cesmtst/patakchiyousefi1/HPT/mse_64_0.01_1e-17_0.5_4_8_16_0.5_128_0.0_unet-l_day07.h5

Epoch 40: val_loss improved from 0.00007 to 0.00007, saving model to /p/project1/cesmtst/patakchiyousefi1/HPT/mse_64_1e-05_1e-17_0.5_4_4_16_0.5_128_0.0_unet-l_day07.h5

Epoch 71: val_loss improved from 0.00007 to 0.00007, saving model to /p/project1/cesmtst/patakchiyousefi1/HPT/mse_64_1e-05_1e-17_0.5_4_8_16_0.5_128_0.0_unet-l_day07.h5

Epoch 6: val_loss did not improve from 0.00025

Epoch 24: val_loss did not improve from 0.00007

Epoch 2: val_loss improved from 0.00019 to 0.00011, saving model to /p/project1/cesmtst/patakchiyousefi1/HPT/mse_64_0.01_1e-17_0.5_4_2_16_0.5_128_0.0_unet-l_day07.h5

Epoch 72: val_loss improved from 0.00007 to 0.00007, saving model to /p/project1/cesmtst/patakchiyousefi1/HPT/mse_64_1e-05_1e-17_0.5_4_8_16_0.5_128_0.0_unet-l_day07.h5

Epoch 13: val_loss did not improve from 0.00006

Epoch 24: val_loss improved from 0.00006 to 0.00006, saving model to /p/project1/cesmtst/patakchiyousefi1/HPT/mse_64_0.0001_1e-17_0.5_4_2_16_0.5_128_0.0_unet-l_day07.h5

Epoch 7: val_loss improved from 0.00025 to 0.00022, saving model to /p/project1/cesmtst/patakchiyousefi1/HPT/mse_64_0.01_1e-17_0.5_4_8_16_0.5_128_0.0_unet-l_day07.h5

Epoch 41: val_loss improved from 0.00007 to 0.00007, saving model to /p/project1/cesmtst/patakchiyousefi1/HPT/mse_64_1e-05_1e-17_0.5_4_4_16_0.5_128_0.0_unet-l_day07.h5

Epoch 13: val_loss improved from 0.00007 to 0.00007, saving model to /p/project1/cesmtst/patakchiyousefi1/HPT/mse_64_0.001_1e-17_0.5_4_1_16_0.5_128_0.0_unet-l_day07.h5

Epoch 73: val_loss improved from 0.00007 to 0.00007, saving model to /p/project1/cesmtst/patakchiyousefi1/HPT/mse_64_1e-05_1e-17_0.5_4_8_16_0.5_128_0.0_unet-l_day07.h5

Epoch 25: val_loss did not improve from 0.00007

Epoch 8: val_loss improved from 0.00022 to 0.00018, saving model to /p/project1/cesmtst/patakchiyousefi1/HPT/mse_64_0.01_1e-17_0.5_4_8_16_0.5_128_0.0_unet-l_day07.h5

Epoch 74: val_loss improved from 0.00007 to 0.00007, saving model to /p/project1/cesmtst/patakchiyousefi1/HPT/mse_64_1e-05_1e-17_0.5_4_8_16_0.5_128_0.0_unet-l_day07.h5

Epoch 42: val_loss improved from 0.00007 to 0.00007, saving model to /p/project1/cesmtst/patakchiyousefi1/HPT/mse_64_1e-05_1e-17_0.5_4_4_16_0.5_128_0.0_unet-l_day07.h5

Epoch 9: val_loss improved from 0.00018 to 0.00011, saving model to /p/project1/cesmtst/patakchiyousefi1/HPT/mse_64_0.01_1e-17_0.5_4_8_16_0.5_128_0.0_unet-l_day07.h5

Epoch 3: val_loss did not improve from 0.00011

Epoch 12: val_loss improved from 0.00008 to 0.00007, saving model to /p/project1/cesmtst/patakchiyousefi1/HPT/mse_64_1e-05_1e-17_0.5_4_1_16_0.5_128_0.0_unet-l_day07.h5

Epoch 75: val_loss improved from 0.00007 to 0.00007, saving model to /p/project1/cesmtst/patakchiyousefi1/HPT/mse_64_1e-05_1e-17_0.5_4_8_16_0.5_128_0.0_unet-l_day07.h5

Epoch 25: val_loss improved from 0.00006 to 0.00006, saving model to /p/project1/cesmtst/patakchiyousefi1/HPT/mse_64_0.0001_1e-17_0.5_4_2_16_0.5_128_0.0_unet-l_day07.h5

Epoch 10: val_loss did not improve from 0.00011

Epoch 76: val_loss improved from 0.00007 to 0.00007, saving model to /p/project1/cesmtst/patakchiyousefi1/HPT/mse_64_1e-05_1e-17_0.5_4_8_16_0.5_128_0.0_unet-l_day07.h5

Epoch 43: val_loss improved from 0.00007 to 0.00007, saving model to /p/project1/cesmtst/patakchiyousefi1/HPT/mse_64_1e-05_1e-17_0.5_4_4_16_0.5_128_0.0_unet-l_day07.h5

Epoch 26: val_loss did not improve from 0.00007

Epoch 25: val_loss improved from 0.00007 to 0.00007, saving model to /p/project1/cesmtst/patakchiyousefi1/HPT/mse_64_0.001_1e-17_0.5_4_2_16_0.5_128_0.0_unet-l_day07.h5

Epoch 11: val_loss improved from 0.00011 to 0.00010, saving model to /p/project1/cesmtst/patakchiyousefi1/HPT/mse_64_0.01_1e-17_0.5_4_8_16_0.5_128_0.0_unet-l_day07.h5

Epoch 77: val_loss improved from 0.00007 to 0.00007, saving model to /p/project1/cesmtst/patakchiyousefi1/HPT/mse_64_1e-05_1e-17_0.5_4_8_16_0.5_128_0.0_unet-l_day07.h5

Epoch 4: val_loss did not improve from 0.00011

Epoch 12: val_loss did not improve from 0.00010

Epoch 14: val_loss did not improve from 0.00006

Epoch 44: val_loss improved from 0.00007 to 0.00007, saving model to /p/project1/cesmtst/patakchiyousefi1/HPT/mse_64_1e-05_1e-17_0.5_4_4_16_0.5_128_0.0_unet-l_day07.h5

Epoch 78: val_loss did not improve from 0.00007

Epoch 26: val_loss improved from 0.00006 to 0.00006, saving model to /p/project1/cesmtst/patakchiyousefi1/HPT/mse_64_0.0001_1e-17_0.5_4_2_16_0.5_128_0.0_unet-l_day07.h5

Epoch 14: val_loss did not improve from 0.00007

Epoch 13: val_loss improved from 0.00010 to 0.00009, saving model to /p/project1/cesmtst/patakchiyousefi1/HPT/mse_64_0.01_1e-17_0.5_4_8_16_0.5_128_0.0_unet-l_day07.h5

Epoch 79: val_loss did not improve from 0.00007

Epoch 27: val_loss improved from 0.00007 to 0.00007, saving model to /p/project1/cesmtst/patakchiyousefi1/HPT/mse_64_1e-05_1e-17_0.5_4_2_16_0.5_128_0.0_unet-l_day07.h5

Epoch 26: val_loss improved from 0.00007 to 0.00007, saving model to /p/project1/cesmtst/patakchiyousefi1/HPT/mse_64_0.001_1e-17_0.5_4_2_16_0.5_128_0.0_unet-l_day07.h5

Epoch 45: val_loss improved from 0.00007 to 0.00007, saving model to /p/project1/cesmtst/patakchiyousefi1/HPT/mse_64_1e-05_1e-17_0.5_4_4_16_0.5_128_0.0_unet-l_day07.h5

Epoch 14: val_loss did not improve from 0.00009

Epoch 80: val_loss did not improve from 0.00007

Epoch 13: val_loss improved from 0.00007 to 0.00007, saving model to /p/project1/cesmtst/patakchiyousefi1/HPT/mse_64_1e-05_1e-17_0.5_4_1_16_0.5_128_0.0_unet-l_day07.h5

Epoch 5: val_loss did not improve from 0.00011

Epoch 15: val_loss did not improve from 0.00009

Epoch 81: val_loss did not improve from 0.00007

Epoch 46: val_loss did not improve from 0.00007

Epoch 27: val_loss improved from 0.00006 to 0.00006, saving model to /p/project1/cesmtst/patakchiyousefi1/HPT/mse_64_0.0001_1e-17_0.5_4_2_16_0.5_128_0.0_unet-l_day07.h5

Epoch 16: val_loss did not improve from 0.00009

Epoch 82: val_loss did not improve from 0.00007

Epoch 27: val_loss improved from 0.00007 to 0.00006, saving model to /p/project1/cesmtst/patakchiyousefi1/HPT/mse_64_0.001_1e-17_0.5_4_2_16_0.5_128_0.0_unet-l_day07.h5

Epoch 17: val_loss did not improve from 0.00009

Epoch 83: val_loss did not improve from 0.00007

Epoch 47: val_loss did not improve from 0.00007

Epoch 15: val_loss improved from 0.00006 to 0.00006, saving model to /p/project1/cesmtst/patakchiyousefi1/HPT/mse_64_0.0001_1e-17_0.5_4_1_16_0.5_128_0.0_unet-l_day07.h5

Epoch 6: val_loss improved from 0.00011 to 0.00008, saving model to /p/project1/cesmtst/patakchiyousefi1/HPT/mse_64_0.01_1e-17_0.5_4_2_16_0.5_128_0.0_unet-l_day07.h5

Epoch 18: val_loss did not improve from 0.00009

Epoch 84: val_loss did not improve from 0.00007

Epoch 15: val_loss did not improve from 0.00007

Epoch 28: val_loss did not improve from 0.00007

Epoch 28: val_loss improved from 0.00006 to 0.00006, saving model to /p/project1/cesmtst/patakchiyousefi1/HPT/mse_64_0.0001_1e-17_0.5_4_2_16_0.5_128_0.0_unet-l_day07.h5

Epoch 48: val_loss did not improve from 0.00007

Epoch 19: val_loss improved from 0.00009 to 0.00009, saving model to /p/project1/cesmtst/patakchiyousefi1/HPT/mse_64_0.01_1e-17_0.5_4_8_16_0.5_128_0.0_unet-l_day07.h5

Epoch 85: val_loss did not improve from 0.00007

Epoch 28: val_loss improved from 0.00006 to 0.00006, saving model to /p/project1/cesmtst/patakchiyousefi1/HPT/mse_64_0.001_1e-17_0.5_4_2_16_0.5_128_0.0_unet-l_day07.h5

Epoch 86: val_loss improved from 0.00007 to 0.00007, saving model to /p/project1/cesmtst/patakchiyousefi1/HPT/mse_64_1e-05_1e-17_0.5_4_8_16_0.5_128_0.0_unet-l_day07.h5

Epoch 14: val_loss improved from 0.00007 to 0.00007, saving model to /p/project1/cesmtst/patakchiyousefi1/HPT/mse_64_1e-05_1e-17_0.5_4_1_16_0.5_128_0.0_unet-l_day07.h5

Epoch 20: val_loss did not improve from 0.00009

Epoch 7: val_loss did not improve from 0.00008

Epoch 49: val_loss did not improve from 0.00007

Epoch 87: val_loss did not improve from 0.00007

Epoch 21: val_loss did not improve from 0.00009

Epoch 29: val_loss improved from 0.00007 to 0.00007, saving model to /p/project1/cesmtst/patakchiyousefi1/HPT/mse_64_1e-05_1e-17_0.5_4_2_16_0.5_128_0.0_unet-l_day07.h5

Epoch 88: val_loss did not improve from 0.00007

Epoch 22: val_loss did not improve from 0.00009

Epoch 50: val_loss did not improve from 0.00007

Epoch 29: val_loss improved from 0.00006 to 0.00006, saving model to /p/project1/cesmtst/patakchiyousefi1/HPT/mse_64_0.001_1e-17_0.5_4_2_16_0.5_128_0.0_unet-l_day07.h5

Epoch 16: val_loss did not improve from 0.00006

Epoch 23: val_loss did not improve from 0.00009

Epoch 89: val_loss did not improve from 0.00007

Epoch 29: val_loss improved from 0.00006 to 0.00006, saving model to /p/project1/cesmtst/patakchiyousefi1/HPT/mse_64_0.0001_1e-17_0.5_4_2_16_0.5_128_0.0_unet-l_day07.h5

Epoch 8: val_loss did not improve from 0.00008

Epoch 16: val_loss did not improve from 0.00007

Epoch 51: val_loss did not improve from 0.00007

Epoch 24: val_loss did not improve from 0.00009

Epoch 90: val_loss did not improve from 0.00007

Epoch 30: val_loss did not improve from 0.00007

Epoch 25: val_loss did not improve from 0.00009

Epoch 91: val_loss did not improve from 0.00007

Epoch 30: val_loss improved from 0.00006 to 0.00006, saving model to /p/project1/cesmtst/patakchiyousefi1/HPT/mse_64_0.001_1e-17_0.5_4_2_16_0.5_128_0.0_unet-l_day07.h5

Epoch 15: val_loss improved from 0.00007 to 0.00007, saving model to /p/project1/cesmtst/patakchiyousefi1/HPT/mse_64_1e-05_1e-17_0.5_4_1_16_0.5_128_0.0_unet-l_day07.h5

Epoch 52: val_loss did not improve from 0.00007

Epoch 26: val_loss did not improve from 0.00009

Epoch 30: val_loss did not improve from 0.00006

Epoch 92: val_loss did not improve from 0.00007

Epoch 9: val_loss did not improve from 0.00008

Epoch 27: val_loss did not improve from 0.00009

Epoch 93: val_loss did not improve from 0.00007

Epoch 53: val_loss did not improve from 0.00007

Epoch 28: val_loss did not improve from 0.00009

Epoch 94: val_loss did not improve from 0.00007

Epoch 31: val_loss improved from 0.00006 to 0.00006, saving model to /p/project1/cesmtst/patakchiyousefi1/HPT/mse_64_0.001_1e-17_0.5_4_2_16_0.5_128_0.0_unet-l_day07.h5

Epoch 17: val_loss did not improve from 0.00006

Epoch 31: val_loss improved from 0.00007 to 0.00007, saving model to /p/project1/cesmtst/patakchiyousefi1/HPT/mse_64_1e-05_1e-17_0.5_4_2_16_0.5_128_0.0_unet-l_day07.h5

Epoch 54: val_loss improved from 0.00007 to 0.00007, saving model to /p/project1/cesmtst/patakchiyousefi1/HPT/mse_64_1e-05_1e-17_0.5_4_4_16_0.5_128_0.0_unet-l_day07.h5

Epoch 31: val_loss did not improve from 0.00006

Epoch 29: val_loss did not improve from 0.00009

Epoch 95: val_loss did not improve from 0.00007

Epoch 17: val_loss did not improve from 0.00007

Epoch 10: val_loss did not improve from 0.00008

Epoch 96: val_loss did not improve from 0.00007

Epoch 30: val_loss improved from 0.00009 to 0.00009, saving model to /p/project1/cesmtst/patakchiyousefi1/HPT/mse_64_0.01_1e-17_0.5_4_8_16_0.5_128_0.0_unet-l_day07.h5

Epoch 55: val_loss improved from 0.00007 to 0.00007, saving model to /p/project1/cesmtst/patakchiyousefi1/HPT/mse_64_1e-05_1e-17_0.5_4_4_16_0.5_128_0.0_unet-l_day07.h5

Epoch 97: val_loss did not improve from 0.00007

Epoch 32: val_loss improved from 0.00006 to 0.00006, saving model to /p/project1/cesmtst/patakchiyousefi1/HPT/mse_64_0.001_1e-17_0.5_4_2_16_0.5_128_0.0_unet-l_day07.h5

Epoch 31: val_loss improved from 0.00009 to 0.00008, saving model to /p/project1/cesmtst/patakchiyousefi1/HPT/mse_64_0.01_1e-17_0.5_4_8_16_0.5_128_0.0_unet-l_day07.h5

Epoch 32: val_loss did not improve from 0.00007

Epoch 98: val_loss did not improve from 0.00007

Epoch 11: val_loss did not improve from 0.00008

Epoch 32: val_loss did not improve from 0.00008

Epoch 56: val_loss did not improve from 0.00007

Epoch 99: val_loss did not improve from 0.00007

Epoch 33: val_loss did not improve from 0.00008

Epoch 32: val_loss did not improve from 0.00006

Epoch 16: val_loss improved from 0.00007 to 0.00007, saving model to /p/project1/cesmtst/patakchiyousefi1/HPT/mse_64_1e-05_1e-17_0.5_4_1_16_0.5_128_0.0_unet-l_day07.h5

Epoch 18: val_loss did not improve from 0.00006

Epoch 33: val_loss improved from 0.00006 to 0.00006, saving model to /p/project1/cesmtst/patakchiyousefi1/HPT/mse_64_0.001_1e-17_0.5_4_2_16_0.5_128_0.0_unet-l_day07.h5

Epoch 57: val_loss did not improve from 0.00007

Epoch 34: val_loss did not improve from 0.00008

Epoch 100: val_loss did not improve from 0.00007

Epoch 18: val_loss improved from 0.00007 to 0.00007, saving model to /p/project1/cesmtst/patakchiyousefi1/HPT/mse_64_0.001_1e-17_0.5_4_1_16_0.5_128_0.0_unet-l_day07.h5

Epoch 33: val_loss did not improve from 0.00007

Epoch 35: val_loss did not improve from 0.00008

Epoch 101: val_loss did not improve from 0.00007

Epoch 58: val_loss did not improve from 0.00007

Epoch 102: val_loss did not improve from 0.00007
Saving and plotting the results...

Epoch 36: val_loss did not improve from 0.00008

Epoch 12: val_loss did not improve from 0.00008

Epoch 34: val_loss improved from 0.00006 to 0.00006, saving model to /p/project1/cesmtst/patakchiyousefi1/HPT/mse_64_0.001_1e-17_0.5_4_2_16_0.5_128_0.0_unet-l_day07.h5

Epoch 37: val_loss did not improve from 0.00008

Epoch 59: val_loss did not improve from 0.00007

Epoch 34: val_loss did not improve from 0.00007

Epoch 38: val_loss did not improve from 0.00008

Epoch 33: val_loss improved from 0.00006 to 0.00006, saving model to /p/project1/cesmtst/patakchiyousefi1/HPT/mse_64_0.0001_1e-17_0.5_4_2_16_0.5_128_0.0_unet-l_day07.h5

Epoch 60: val_loss did not improve from 0.00007

Epoch 39: val_loss did not improve from 0.00008

Epoch 19: val_loss did not improve from 0.00006

Epoch 13: val_loss did not improve from 0.00008

Epoch 35: val_loss did not improve from 0.00006

Epoch 19: val_loss did not improve from 0.00007

Epoch 40: val_loss improved from 0.00008 to 0.00007, saving model to /p/project1/cesmtst/patakchiyousefi1/HPT/mse_64_0.01_1e-17_0.5_4_8_16_0.5_128_0.0_unet-l_day07.h5

Epoch 35: val_loss did not improve from 0.00007
train_data_hourly_pr_['ADAPTER_DE05.day07.merged.nc']_['ADAPTER_DE05.day01.merged.nc']_MM_6__spatiotemporal_128.256_2018-01-01T13_2022-12-31T23_no_na_land
Loading training data...
Data loaded!
mse_64_0.001_1e-17_0.5_4_4_16_0.5_128_0.0_unet-l_day07
Training the model...

Epoch 1: val_loss improved from inf to 0.00029, saving model to /p/project1/cesmtst/patakchiyousefi1/HPT/mse_64_0.001_1e-17_0.5_4_4_16_0.5_128_0.0_unet-l_day07.h5

Epoch 41: val_loss did not improve from 0.00007

Epoch 61: val_loss did not improve from 0.00007

Epoch 17: val_loss improved from 0.00007 to 0.00007, saving model to /p/project1/cesmtst/patakchiyousefi1/HPT/mse_64_1e-05_1e-17_0.5_4_1_16_0.5_128_0.0_unet-l_day07.h5

Epoch 42: val_loss did not improve from 0.00007

Epoch 14: val_loss did not improve from 0.00008

Epoch 2: val_loss improved from 0.00029 to 0.00012, saving model to /p/project1/cesmtst/patakchiyousefi1/HPT/mse_64_0.001_1e-17_0.5_4_4_16_0.5_128_0.0_unet-l_day07.h5

Epoch 36: val_loss improved from 0.00006 to 0.00006, saving model to /p/project1/cesmtst/patakchiyousefi1/HPT/mse_64_0.001_1e-17_0.5_4_2_16_0.5_128_0.0_unet-l_day07.h5

Epoch 43: val_loss did not improve from 0.00007

Epoch 34: val_loss did not improve from 0.00006

Epoch 62: val_loss did not improve from 0.00007

Epoch 36: val_loss improved from 0.00007 to 0.00007, saving model to /p/project1/cesmtst/patakchiyousefi1/HPT/mse_64_1e-05_1e-17_0.5_4_2_16_0.5_128_0.0_unet-l_day07.h5

Epoch 44: val_loss did not improve from 0.00007

Epoch 3: val_loss did not improve from 0.00012

Epoch 63: val_loss did not improve from 0.00007

Epoch 45: val_loss improved from 0.00007 to 0.00007, saving model to /p/project1/cesmtst/patakchiyousefi1/HPT/mse_64_0.01_1e-17_0.5_4_8_16_0.5_128_0.0_unet-l_day07.h5

Epoch 15: val_loss did not improve from 0.00008

Epoch 20: val_loss did not improve from 0.00007

Epoch 4: val_loss improved from 0.00012 to 0.00010, saving model to /p/project1/cesmtst/patakchiyousefi1/HPT/mse_64_0.001_1e-17_0.5_4_4_16_0.5_128_0.0_unet-l_day07.h5

Epoch 35: val_loss did not improve from 0.00006

Epoch 46: val_loss did not improve from 0.00007

Epoch 37: val_loss did not improve from 0.00007

Epoch 64: val_loss did not improve from 0.00007

Epoch 47: val_loss did not improve from 0.00007

Epoch 18: val_loss did not improve from 0.00007

Epoch 5: val_loss did not improve from 0.00010

Epoch 37: val_loss improved from 0.00006 to 0.00006, saving model to /p/project1/cesmtst/patakchiyousefi1/HPT/mse_64_0.001_1e-17_0.5_4_2_16_0.5_128_0.0_unet-l_day07.h5

Epoch 20: val_loss did not improve from 0.00006

Epoch 48: val_loss did not improve from 0.00007

Epoch 16: val_loss did not improve from 0.00008

Epoch 65: val_loss did not improve from 0.00007

Epoch 36: val_loss did not improve from 0.00006

Epoch 49: val_loss did not improve from 0.00007

Epoch 6: val_loss improved from 0.00010 to 0.00010, saving model to /p/project1/cesmtst/patakchiyousefi1/HPT/mse_64_0.001_1e-17_0.5_4_4_16_0.5_128_0.0_unet-l_day07.h5

Epoch 38: val_loss did not improve from 0.00007

Epoch 50: val_loss improved from 0.00007 to 0.00007, saving model to /p/project1/cesmtst/patakchiyousefi1/HPT/mse_64_0.01_1e-17_0.5_4_8_16_0.5_128_0.0_unet-l_day07.h5

Epoch 66: val_loss did not improve from 0.00007

Epoch 38: val_loss did not improve from 0.00006

Epoch 7: val_loss improved from 0.00010 to 0.00009, saving model to /p/project1/cesmtst/patakchiyousefi1/HPT/mse_64_0.001_1e-17_0.5_4_4_16_0.5_128_0.0_unet-l_day07.h5

Epoch 21: val_loss did not improve from 0.00007

Epoch 51: val_loss did not improve from 0.00007

Epoch 17: val_loss did not improve from 0.00008

Epoch 67: val_loss did not improve from 0.00007

Epoch 37: val_loss did not improve from 0.00006

Epoch 52: val_loss did not improve from 0.00007

Epoch 39: val_loss did not improve from 0.00007

Epoch 8: val_loss did not improve from 0.00009

Epoch 19: val_loss did not improve from 0.00007

Epoch 21: val_loss did not improve from 0.00006

Epoch 53: val_loss did not improve from 0.00007

Epoch 68: val_loss did not improve from 0.00007

Epoch 39: val_loss did not improve from 0.00006

Epoch 9: val_loss did not improve from 0.00009

Epoch 18: val_loss did not improve from 0.00008

Epoch 54: val_loss did not improve from 0.00007

Epoch 38: val_loss did not improve from 0.00006

Epoch 69: val_loss did not improve from 0.00007

Epoch 55: val_loss improved from 0.00007 to 0.00007, saving model to /p/project1/cesmtst/patakchiyousefi1/HPT/mse_64_0.01_1e-17_0.5_4_8_16_0.5_128_0.0_unet-l_day07.h5

Epoch 40: val_loss did not improve from 0.00007

Epoch 56: val_loss did not improve from 0.00007

Epoch 10: val_loss did not improve from 0.00009

Epoch 40: val_loss did not improve from 0.00006

Epoch 70: val_loss did not improve from 0.00007

Epoch 57: val_loss did not improve from 0.00007

Epoch 39: val_loss did not improve from 0.00006

Epoch 41: val_loss did not improve from 0.00007

Epoch 58: val_loss did not improve from 0.00007

Epoch 71: val_loss did not improve from 0.00007
Saving and plotting the results...

Epoch 20: val_loss did not improve from 0.00007

Epoch 22: val_loss did not improve from 0.00006

Epoch 11: val_loss did not improve from 0.00009

Epoch 19: val_loss improved from 0.00008 to 0.00008, saving model to /p/project1/cesmtst/patakchiyousefi1/HPT/mse_64_0.01_1e-17_0.5_4_2_16_0.5_128_0.0_unet-l_day07.h5

Epoch 22: val_loss did not improve from 0.00007

Epoch 41: val_loss did not improve from 0.00006

Epoch 59: val_loss did not improve from 0.00007

Epoch 12: val_loss improved from 0.00009 to 0.00007, saving model to /p/project1/cesmtst/patakchiyousefi1/HPT/mse_64_0.001_1e-17_0.5_4_4_16_0.5_128_0.0_unet-l_day07.h5

Epoch 60: val_loss did not improve from 0.00007

Epoch 40: val_loss did not improve from 0.00006

Epoch 42: val_loss did not improve from 0.00007

Epoch 61: val_loss did not improve from 0.00007

Epoch 20: val_loss did not improve from 0.00008

Epoch 13: val_loss did not improve from 0.00007

Epoch 42: val_loss improved from 0.00006 to 0.00006, saving model to /p/project1/cesmtst/patakchiyousefi1/HPT/mse_64_0.001_1e-17_0.5_4_2_16_0.5_128_0.0_unet-l_day07.h5

Epoch 62: val_loss did not improve from 0.00007

Epoch 63: val_loss did not improve from 0.00007

Epoch 41: val_loss did not improve from 0.00006

Epoch 14: val_loss did not improve from 0.00007

Epoch 21: val_loss improved from 0.00007 to 0.00007, saving model to /p/project1/cesmtst/patakchiyousefi1/HPT/mse_64_1e-05_1e-17_0.5_4_1_16_0.5_128_0.0_unet-l_day07.h5

Epoch 23: val_loss did not improve from 0.00006

Epoch 43: val_loss did not improve from 0.00007

Epoch 64: val_loss did not improve from 0.00007

Epoch 21: val_loss did not improve from 0.00008

Epoch 23: val_loss improved from 0.00007 to 0.00006, saving model to /p/project1/cesmtst/patakchiyousefi1/HPT/mse_64_0.001_1e-17_0.5_4_1_16_0.5_128_0.0_unet-l_day07.h5

Epoch 43: val_loss did not improve from 0.00006

Epoch 15: val_loss did not improve from 0.00007

Epoch 65: val_loss did not improve from 0.00007

Epoch 66: val_loss did not improve from 0.00007

Epoch 42: val_loss did not improve from 0.00006

Epoch 44: val_loss did not improve from 0.00007

Epoch 67: val_loss did not improve from 0.00007

Epoch 16: val_loss did not improve from 0.00007

Epoch 22: val_loss did not improve from 0.00008

Epoch 44: val_loss did not improve from 0.00006

Epoch 68: val_loss did not improve from 0.00007

Epoch 69: val_loss did not improve from 0.00007

Epoch 43: val_loss did not improve from 0.00006

Epoch 22: val_loss did not improve from 0.00007

Epoch 24: val_loss did not improve from 0.00006

Epoch 17: val_loss did not improve from 0.00007

Epoch 45: val_loss did not improve from 0.00007

Epoch 24: val_loss improved from 0.00006 to 0.00006, saving model to /p/project1/cesmtst/patakchiyousefi1/HPT/mse_64_0.001_1e-17_0.5_4_1_16_0.5_128_0.0_unet-l_day07.h5

Epoch 70: val_loss did not improve from 0.00007

Epoch 23: val_loss did not improve from 0.00008

Epoch 45: val_loss did not improve from 0.00006
train_data_hourly_pr_['ADAPTER_DE05.day07.merged.nc']_['ADAPTER_DE05.day01.merged.nc']_MM_6__spatiotemporal_128.256_2018-01-01T13_2022-12-31T23_no_na_land
Loading training data...
Data loaded!
mse_64_0.01_1e-17_0.5_4_1_16_0.5_128_0.0_unet-l_day07
Training the model...

Epoch 1: val_loss improved from inf to 0.00038, saving model to /p/project1/cesmtst/patakchiyousefi1/HPT/mse_64_0.01_1e-17_0.5_4_1_16_0.5_128_0.0_unet-l_day07.h5

Epoch 71: val_loss did not improve from 0.00007
Saving and plotting the results...

Epoch 18: val_loss did not improve from 0.00007

Epoch 46: val_loss did not improve from 0.00007

Epoch 19: val_loss did not improve from 0.00007

Epoch 46: val_loss did not improve from 0.00006

Epoch 44: val_loss did not improve from 0.00006

Epoch 25: val_loss did not improve from 0.00006

Epoch 23: val_loss improved from 0.00007 to 0.00007, saving model to /p/project1/cesmtst/patakchiyousefi1/HPT/mse_64_1e-05_1e-17_0.5_4_1_16_0.5_128_0.0_unet-l_day07.h5

Epoch 24: val_loss did not improve from 0.00008

Epoch 20: val_loss did not improve from 0.00007

Epoch 25: val_loss improved from 0.00006 to 0.00006, saving model to /p/project1/cesmtst/patakchiyousefi1/HPT/mse_64_0.001_1e-17_0.5_4_1_16_0.5_128_0.0_unet-l_day07.h5

Epoch 47: val_loss did not improve from 0.00007
train_data_hourly_pr_['ADAPTER_DE05.day07.merged.nc']_['ADAPTER_DE05.day01.merged.nc']_MM_6__spatiotemporal_128.256_2018-01-01T13_2022-12-31T23_no_na_land
Loading training data...
Data loaded!
mse_64_0.01_1e-17_0.5_4_4_16_0.5_128_0.0_unet-l_day07
Training the model...

Epoch 1: val_loss improved from inf to 0.00014, saving model to /p/project1/cesmtst/patakchiyousefi1/HPT/mse_64_0.01_1e-17_0.5_4_4_16_0.5_128_0.0_unet-l_day07.h5

Epoch 47: val_loss did not improve from 0.00006

Epoch 45: val_loss did not improve from 0.00006

Epoch 21: val_loss did not improve from 0.00007

Epoch 2: val_loss did not improve from 0.00014

Epoch 25: val_loss did not improve from 0.00008

Epoch 22: val_loss did not improve from 0.00007

Epoch 48: val_loss did not improve from 0.00007

Epoch 2: val_loss improved from 0.00038 to 0.00019, saving model to /p/project1/cesmtst/patakchiyousefi1/HPT/mse_64_0.01_1e-17_0.5_4_1_16_0.5_128_0.0_unet-l_day07.h5

Epoch 3: val_loss improved from 0.00014 to 0.00010, saving model to /p/project1/cesmtst/patakchiyousefi1/HPT/mse_64_0.01_1e-17_0.5_4_4_16_0.5_128_0.0_unet-l_day07.h5

Epoch 48: val_loss did not improve from 0.00006

Epoch 46: val_loss did not improve from 0.00006

Epoch 23: val_loss did not improve from 0.00007

Epoch 26: val_loss did not improve from 0.00006

Epoch 24: val_loss did not improve from 0.00007

Epoch 26: val_loss did not improve from 0.00008

Epoch 4: val_loss did not improve from 0.00010

Epoch 49: val_loss did not improve from 0.00007

Epoch 24: val_loss did not improve from 0.00007

Epoch 49: val_loss did not improve from 0.00006

Epoch 47: val_loss did not improve from 0.00006

Epoch 5: val_loss did not improve from 0.00010

Epoch 25: val_loss did not improve from 0.00007

Epoch 26: val_loss improved from 0.00006 to 0.00006, saving model to /p/project1/cesmtst/patakchiyousefi1/HPT/mse_64_0.001_1e-17_0.5_4_1_16_0.5_128_0.0_unet-l_day07.h5

Epoch 27: val_loss did not improve from 0.00008

Epoch 3: val_loss improved from 0.00019 to 0.00010, saving model to /p/project1/cesmtst/patakchiyousefi1/HPT/mse_64_0.01_1e-17_0.5_4_1_16_0.5_128_0.0_unet-l_day07.h5

Epoch 6: val_loss did not improve from 0.00010

Epoch 50: val_loss did not improve from 0.00007

Epoch 26: val_loss did not improve from 0.00007

Epoch 50: val_loss did not improve from 0.00006

Epoch 48: val_loss did not improve from 0.00006

Epoch 27: val_loss did not improve from 0.00006

Epoch 7: val_loss did not improve from 0.00010

Epoch 25: val_loss did not improve from 0.00007

Epoch 28: val_loss did not improve from 0.00008

Epoch 27: val_loss did not improve from 0.00007

Epoch 51: val_loss did not improve from 0.00007

Epoch 8: val_loss improved from 0.00010 to 0.00010, saving model to /p/project1/cesmtst/patakchiyousefi1/HPT/mse_64_0.01_1e-17_0.5_4_4_16_0.5_128_0.0_unet-l_day07.h5

Epoch 51: val_loss did not improve from 0.00006

Epoch 49: val_loss did not improve from 0.00006
Saving and plotting the results...

Epoch 28: val_loss did not improve from 0.00007
Saving and plotting the results...

Epoch 27: val_loss improved from 0.00006 to 0.00006, saving model to /p/project1/cesmtst/patakchiyousefi1/HPT/mse_64_0.001_1e-17_0.5_4_1_16_0.5_128_0.0_unet-l_day07.h5

Epoch 9: val_loss did not improve from 0.00010

Epoch 4: val_loss improved from 0.00010 to 0.00010, saving model to /p/project1/cesmtst/patakchiyousefi1/HPT/mse_64_0.01_1e-17_0.5_4_1_16_0.5_128_0.0_unet-l_day07.h5

Epoch 52: val_loss did not improve from 0.00007
Saving and plotting the results...

Epoch 10: val_loss did not improve from 0.00010

Epoch 52: val_loss did not improve from 0.00006

Epoch 28: val_loss did not improve from 0.00006

Epoch 29: val_loss did not improve from 0.00008

Epoch 26: val_loss did not improve from 0.00007

Epoch 11: val_loss did not improve from 0.00010
train_data_hourly_pr_['ADAPTER_DE05.day07.merged.nc']_['ADAPTER_DE05.day01.merged.nc']_MM_6__spatiotemporal_128.256_2018-01-01T13_2022-12-31T23_no_na_land
Loading training data...
Data loaded!
mse_64_0.001_1e-17_0.5_4_8_16_0.5_128_0.0_unet-l_day07
Training the model...

Epoch 1: val_loss improved from inf to 0.00026, saving model to /p/project1/cesmtst/patakchiyousefi1/HPT/mse_64_0.001_1e-17_0.5_4_8_16_0.5_128_0.0_unet-l_day07.h5

Epoch 2: val_loss improved from 0.00026 to 0.00019, saving model to /p/project1/cesmtst/patakchiyousefi1/HPT/mse_64_0.001_1e-17_0.5_4_8_16_0.5_128_0.0_unet-l_day07.h5

Epoch 12: val_loss did not improve from 0.00010

Epoch 53: val_loss did not improve from 0.00006

Epoch 28: val_loss improved from 0.00006 to 0.00006, saving model to /p/project1/cesmtst/patakchiyousefi1/HPT/mse_64_0.001_1e-17_0.5_4_1_16_0.5_128_0.0_unet-l_day07.h5

Epoch 3: val_loss improved from 0.00019 to 0.00015, saving model to /p/project1/cesmtst/patakchiyousefi1/HPT/mse_64_0.001_1e-17_0.5_4_8_16_0.5_128_0.0_unet-l_day07.h5

Epoch 13: val_loss did not improve from 0.00010

Epoch 5: val_loss improved from 0.00010 to 0.00008, saving model to /p/project1/cesmtst/patakchiyousefi1/HPT/mse_64_0.01_1e-17_0.5_4_1_16_0.5_128_0.0_unet-l_day07.h5

Epoch 4: val_loss improved from 0.00015 to 0.00010, saving model to /p/project1/cesmtst/patakchiyousefi1/HPT/mse_64_0.001_1e-17_0.5_4_8_16_0.5_128_0.0_unet-l_day07.h5

Epoch 30: val_loss did not improve from 0.00008

Epoch 5: val_loss improved from 0.00010 to 0.00010, saving model to /p/project1/cesmtst/patakchiyousefi1/HPT/mse_64_0.001_1e-17_0.5_4_8_16_0.5_128_0.0_unet-l_day07.h5

Epoch 29: val_loss did not improve from 0.00006

Epoch 54: val_loss did not improve from 0.00006

Epoch 14: val_loss did not improve from 0.00010

Epoch 6: val_loss did not improve from 0.00010

Epoch 15: val_loss did not improve from 0.00010

Epoch 31: val_loss did not improve from 0.00008

Epoch 7: val_loss improved from 0.00010 to 0.00010, saving model to /p/project1/cesmtst/patakchiyousefi1/HPT/mse_64_0.001_1e-17_0.5_4_8_16_0.5_128_0.0_unet-l_day07.h5

Epoch 27: val_loss did not improve from 0.00007

Epoch 8: val_loss improved from 0.00010 to 0.00007, saving model to /p/project1/cesmtst/patakchiyousefi1/HPT/mse_64_0.001_1e-17_0.5_4_8_16_0.5_128_0.0_unet-l_day07.h5

Epoch 29: val_loss did not improve from 0.00006

Epoch 16: val_loss did not improve from 0.00010

Epoch 9: val_loss improved from 0.00007 to 0.00007, saving model to /p/project1/cesmtst/patakchiyousefi1/HPT/mse_64_0.001_1e-17_0.5_4_8_16_0.5_128_0.0_unet-l_day07.h5

Epoch 6: val_loss did not improve from 0.00008

Epoch 55: val_loss did not improve from 0.00006

Epoch 32: val_loss did not improve from 0.00008

Epoch 10: val_loss did not improve from 0.00007

Epoch 17: val_loss did not improve from 0.00010

Epoch 30: val_loss did not improve from 0.00006

Epoch 11: val_loss did not improve from 0.00007

Epoch 18: val_loss did not improve from 0.00010

Epoch 12: val_loss did not improve from 0.00007

Epoch 33: val_loss did not improve from 0.00008

Epoch 13: val_loss did not improve from 0.00007

Epoch 28: val_loss improved from 0.00007 to 0.00007, saving model to /p/project1/cesmtst/patakchiyousefi1/HPT/mse_64_1e-05_1e-17_0.5_4_1_16_0.5_128_0.0_unet-l_day07.h5

Epoch 19: val_loss did not improve from 0.00010

Epoch 30: val_loss did not improve from 0.00006

Epoch 14: val_loss improved from 0.00007 to 0.00007, saving model to /p/project1/cesmtst/patakchiyousefi1/HPT/mse_64_0.001_1e-17_0.5_4_8_16_0.5_128_0.0_unet-l_day07.h5

Epoch 56: val_loss did not improve from 0.00006

Epoch 15: val_loss improved from 0.00007 to 0.00007, saving model to /p/project1/cesmtst/patakchiyousefi1/HPT/mse_64_0.001_1e-17_0.5_4_8_16_0.5_128_0.0_unet-l_day07.h5

Epoch 20: val_loss did not improve from 0.00010

Epoch 7: val_loss did not improve from 0.00008

Epoch 34: val_loss did not improve from 0.00008

Epoch 31: val_loss did not improve from 0.00006
Saving and plotting the results...

Epoch 16: val_loss improved from 0.00007 to 0.00007, saving model to /p/project1/cesmtst/patakchiyousefi1/HPT/mse_64_0.001_1e-17_0.5_4_8_16_0.5_128_0.0_unet-l_day07.h5

Epoch 21: val_loss improved from 0.00010 to 0.00009, saving model to /p/project1/cesmtst/patakchiyousefi1/HPT/mse_64_0.01_1e-17_0.5_4_4_16_0.5_128_0.0_unet-l_day07.h5

Epoch 17: val_loss did not improve from 0.00007

Epoch 57: val_loss did not improve from 0.00006

Epoch 18: val_loss did not improve from 0.00007

Epoch 22: val_loss improved from 0.00009 to 0.00008, saving model to /p/project1/cesmtst/patakchiyousefi1/HPT/mse_64_0.01_1e-17_0.5_4_4_16_0.5_128_0.0_unet-l_day07.h5

Epoch 35: val_loss did not improve from 0.00008
Saving and plotting the results...

Epoch 29: val_loss did not improve from 0.00007

Epoch 19: val_loss did not improve from 0.00007

Epoch 31: val_loss did not improve from 0.00006

Epoch 23: val_loss improved from 0.00008 to 0.00008, saving model to /p/project1/cesmtst/patakchiyousefi1/HPT/mse_64_0.01_1e-17_0.5_4_4_16_0.5_128_0.0_unet-l_day07.h5

Epoch 20: val_loss did not improve from 0.00007

Epoch 58: val_loss did not improve from 0.00006
Saving and plotting the results...

Epoch 8: val_loss did not improve from 0.00008

Epoch 21: val_loss did not improve from 0.00007

Epoch 24: val_loss improved from 0.00008 to 0.00007, saving model to /p/project1/cesmtst/patakchiyousefi1/HPT/mse_64_0.01_1e-17_0.5_4_4_16_0.5_128_0.0_unet-l_day07.h5

Epoch 22: val_loss did not improve from 0.00007

Epoch 23: val_loss improved from 0.00007 to 0.00007, saving model to /p/project1/cesmtst/patakchiyousefi1/HPT/mse_64_0.001_1e-17_0.5_4_8_16_0.5_128_0.0_unet-l_day07.h5

Epoch 25: val_loss improved from 0.00007 to 0.00007, saving model to /p/project1/cesmtst/patakchiyousefi1/HPT/mse_64_0.01_1e-17_0.5_4_4_16_0.5_128_0.0_unet-l_day07.h5

Epoch 24: val_loss did not improve from 0.00007

Epoch 30: val_loss did not improve from 0.00007

Epoch 32: val_loss did not improve from 0.00006

Epoch 26: val_loss did not improve from 0.00007

Epoch 25: val_loss improved from 0.00007 to 0.00006, saving model to /p/project1/cesmtst/patakchiyousefi1/HPT/mse_64_0.001_1e-17_0.5_4_8_16_0.5_128_0.0_unet-l_day07.h5

Epoch 26: val_loss did not improve from 0.00006

Epoch 9: val_loss did not improve from 0.00008

Epoch 27: val_loss improved from 0.00007 to 0.00007, saving model to /p/project1/cesmtst/patakchiyousefi1/HPT/mse_64_0.01_1e-17_0.5_4_4_16_0.5_128_0.0_unet-l_day07.h5

Epoch 27: val_loss did not improve from 0.00006

Epoch 28: val_loss did not improve from 0.00006

Epoch 28: val_loss improved from 0.00007 to 0.00007, saving model to /p/project1/cesmtst/patakchiyousefi1/HPT/mse_64_0.01_1e-17_0.5_4_4_16_0.5_128_0.0_unet-l_day07.h5

Epoch 29: val_loss did not improve from 0.00006

Epoch 31: val_loss did not improve from 0.00007

Epoch 29: val_loss improved from 0.00007 to 0.00007, saving model to /p/project1/cesmtst/patakchiyousefi1/HPT/mse_64_0.01_1e-17_0.5_4_4_16_0.5_128_0.0_unet-l_day07.h5

Epoch 30: val_loss did not improve from 0.00006

Epoch 33: val_loss improved from 0.00006 to 0.00006, saving model to /p/project1/cesmtst/patakchiyousefi1/HPT/mse_64_0.001_1e-17_0.5_4_1_16_0.5_128_0.0_unet-l_day07.h5

Epoch 31: val_loss did not improve from 0.00006

Epoch 30: val_loss did not improve from 0.00007

Epoch 32: val_loss did not improve from 0.00006

Epoch 10: val_loss improved from 0.00008 to 0.00007, saving model to /p/project1/cesmtst/patakchiyousefi1/HPT/mse_64_0.01_1e-17_0.5_4_1_16_0.5_128_0.0_unet-l_day07.h5

Epoch 33: val_loss did not improve from 0.00006

Epoch 31: val_loss did not improve from 0.00007

Epoch 34: val_loss did not improve from 0.00006

Epoch 32: val_loss did not improve from 0.00007

Epoch 35: val_loss did not improve from 0.00006

Epoch 32: val_loss did not improve from 0.00007

Epoch 34: val_loss improved from 0.00006 to 0.00006, saving model to /p/project1/cesmtst/patakchiyousefi1/HPT/mse_64_0.001_1e-17_0.5_4_1_16_0.5_128_0.0_unet-l_day07.h5

Epoch 36: val_loss did not improve from 0.00006

Epoch 33: val_loss improved from 0.00007 to 0.00007, saving model to /p/project1/cesmtst/patakchiyousefi1/HPT/mse_64_0.01_1e-17_0.5_4_4_16_0.5_128_0.0_unet-l_day07.h5

Epoch 37: val_loss did not improve from 0.00006

Epoch 38: val_loss did not improve from 0.00006

Epoch 11: val_loss did not improve from 0.00007

Epoch 34: val_loss did not improve from 0.00007

Epoch 39: val_loss did not improve from 0.00006

Epoch 40: val_loss did not improve from 0.00006

Epoch 35: val_loss improved from 0.00007 to 0.00007, saving model to /p/project1/cesmtst/patakchiyousefi1/HPT/mse_64_0.01_1e-17_0.5_4_4_16_0.5_128_0.0_unet-l_day07.h5

Epoch 41: val_loss did not improve from 0.00006
Saving and plotting the results...

Epoch 33: val_loss improved from 0.00007 to 0.00007, saving model to /p/project1/cesmtst/patakchiyousefi1/HPT/mse_64_1e-05_1e-17_0.5_4_1_16_0.5_128_0.0_unet-l_day07.h5

Epoch 35: val_loss improved from 0.00006 to 0.00006, saving model to /p/project1/cesmtst/patakchiyousefi1/HPT/mse_64_0.001_1e-17_0.5_4_1_16_0.5_128_0.0_unet-l_day07.h5

Epoch 36: val_loss did not improve from 0.00007

Epoch 37: val_loss did not improve from 0.00007

Epoch 12: val_loss did not improve from 0.00007

Epoch 38: val_loss did not improve from 0.00007

Epoch 39: val_loss did not improve from 0.00007

Epoch 34: val_loss improved from 0.00007 to 0.00007, saving model to /p/project1/cesmtst/patakchiyousefi1/HPT/mse_64_1e-05_1e-17_0.5_4_1_16_0.5_128_0.0_unet-l_day07.h5

Epoch 36: val_loss improved from 0.00006 to 0.00006, saving model to /p/project1/cesmtst/patakchiyousefi1/HPT/mse_64_0.001_1e-17_0.5_4_1_16_0.5_128_0.0_unet-l_day07.h5

Epoch 40: val_loss did not improve from 0.00007

Epoch 13: val_loss did not improve from 0.00007

Epoch 41: val_loss did not improve from 0.00007

Epoch 42: val_loss did not improve from 0.00007

Epoch 37: val_loss improved from 0.00006 to 0.00006, saving model to /p/project1/cesmtst/patakchiyousefi1/HPT/mse_64_0.001_1e-17_0.5_4_1_16_0.5_128_0.0_unet-l_day07.h5

Epoch 43: val_loss did not improve from 0.00007

Epoch 35: val_loss did not improve from 0.00007

Epoch 44: val_loss did not improve from 0.00007

Epoch 45: val_loss did not improve from 0.00007

Epoch 14: val_loss did not improve from 0.00007

Epoch 38: val_loss improved from 0.00006 to 0.00006, saving model to /p/project1/cesmtst/patakchiyousefi1/HPT/mse_64_0.001_1e-17_0.5_4_1_16_0.5_128_0.0_unet-l_day07.h5

Epoch 46: val_loss did not improve from 0.00007

Epoch 47: val_loss did not improve from 0.00007

Epoch 48: val_loss did not improve from 0.00007

Epoch 36: val_loss did not improve from 0.00007

Epoch 39: val_loss improved from 0.00006 to 0.00006, saving model to /p/project1/cesmtst/patakchiyousefi1/HPT/mse_64_0.001_1e-17_0.5_4_1_16_0.5_128_0.0_unet-l_day07.h5

Epoch 15: val_loss did not improve from 0.00007

Epoch 49: val_loss did not improve from 0.00007

Epoch 50: val_loss did not improve from 0.00007

Epoch 51: val_loss did not improve from 0.00007
Saving and plotting the results...

Epoch 37: val_loss did not improve from 0.00007

Epoch 16: val_loss did not improve from 0.00007

Epoch 40: val_loss improved from 0.00006 to 0.00006, saving model to /p/project1/cesmtst/patakchiyousefi1/HPT/mse_64_0.001_1e-17_0.5_4_1_16_0.5_128_0.0_unet-l_day07.h5

Epoch 38: val_loss did not improve from 0.00007

Epoch 17: val_loss did not improve from 0.00007

Epoch 39: val_loss did not improve from 0.00007

Epoch 41: val_loss improved from 0.00006 to 0.00006, saving model to /p/project1/cesmtst/patakchiyousefi1/HPT/mse_64_0.001_1e-17_0.5_4_1_16_0.5_128_0.0_unet-l_day07.h5

Epoch 18: val_loss did not improve from 0.00007

Epoch 19: val_loss did not improve from 0.00007

Epoch 40: val_loss did not improve from 0.00007

Epoch 42: val_loss did not improve from 0.00006

Epoch 20: val_loss did not improve from 0.00007

Epoch 43: val_loss improved from 0.00006 to 0.00006, saving model to /p/project1/cesmtst/patakchiyousefi1/HPT/mse_64_0.001_1e-17_0.5_4_1_16_0.5_128_0.0_unet-l_day07.h5

Epoch 41: val_loss did not improve from 0.00007

Epoch 21: val_loss did not improve from 0.00007

Epoch 44: val_loss improved from 0.00006 to 0.00006, saving model to /p/project1/cesmtst/patakchiyousefi1/HPT/mse_64_0.001_1e-17_0.5_4_1_16_0.5_128_0.0_unet-l_day07.h5

Epoch 42: val_loss did not improve from 0.00007

Epoch 22: val_loss did not improve from 0.00007

Epoch 45: val_loss did not improve from 0.00006

Epoch 43: val_loss did not improve from 0.00007

Epoch 23: val_loss improved from 0.00007 to 0.00007, saving model to /p/project1/cesmtst/patakchiyousefi1/HPT/mse_64_0.01_1e-17_0.5_4_1_16_0.5_128_0.0_unet-l_day07.h5

Epoch 46: val_loss did not improve from 0.00006

Epoch 44: val_loss did not improve from 0.00007

Epoch 24: val_loss did not improve from 0.00007

Epoch 47: val_loss did not improve from 0.00006

Epoch 45: val_loss did not improve from 0.00007

Epoch 25: val_loss did not improve from 0.00007

Epoch 48: val_loss did not improve from 0.00006

Epoch 46: val_loss did not improve from 0.00007

Epoch 26: val_loss did not improve from 0.00007

Epoch 49: val_loss improved from 0.00006 to 0.00006, saving model to /p/project1/cesmtst/patakchiyousefi1/HPT/mse_64_0.001_1e-17_0.5_4_1_16_0.5_128_0.0_unet-l_day07.h5

Epoch 27: val_loss did not improve from 0.00007

Epoch 50: val_loss improved from 0.00006 to 0.00006, saving model to /p/project1/cesmtst/patakchiyousefi1/HPT/mse_64_0.001_1e-17_0.5_4_1_16_0.5_128_0.0_unet-l_day07.h5

Epoch 47: val_loss did not improve from 0.00007

Epoch 51: val_loss improved from 0.00006 to 0.00006, saving model to /p/project1/cesmtst/patakchiyousefi1/HPT/mse_64_0.001_1e-17_0.5_4_1_16_0.5_128_0.0_unet-l_day07.h5

Epoch 28: val_loss improved from 0.00007 to 0.00007, saving model to /p/project1/cesmtst/patakchiyousefi1/HPT/mse_64_0.01_1e-17_0.5_4_1_16_0.5_128_0.0_unet-l_day07.h5

Epoch 48: val_loss did not improve from 0.00007

Epoch 52: val_loss improved from 0.00006 to 0.00006, saving model to /p/project1/cesmtst/patakchiyousefi1/HPT/mse_64_0.001_1e-17_0.5_4_1_16_0.5_128_0.0_unet-l_day07.h5

Epoch 29: val_loss did not improve from 0.00007

Epoch 49: val_loss did not improve from 0.00007

Epoch 53: val_loss improved from 0.00006 to 0.00006, saving model to /p/project1/cesmtst/patakchiyousefi1/HPT/mse_64_0.001_1e-17_0.5_4_1_16_0.5_128_0.0_unet-l_day07.h5

Epoch 30: val_loss did not improve from 0.00007

Epoch 50: val_loss did not improve from 0.00007
Saving and plotting the results...

Epoch 31: val_loss did not improve from 0.00007

Epoch 54: val_loss improved from 0.00006 to 0.00006, saving model to /p/project1/cesmtst/patakchiyousefi1/HPT/mse_64_0.001_1e-17_0.5_4_1_16_0.5_128_0.0_unet-l_day07.h5

Epoch 32: val_loss did not improve from 0.00007

Epoch 55: val_loss did not improve from 0.00006

Epoch 33: val_loss did not improve from 0.00007

Epoch 56: val_loss did not improve from 0.00006

Epoch 34: val_loss did not improve from 0.00007

Epoch 57: val_loss did not improve from 0.00006

Epoch 35: val_loss did not improve from 0.00007

Epoch 58: val_loss did not improve from 0.00006

Epoch 36: val_loss did not improve from 0.00007

Epoch 59: val_loss improved from 0.00006 to 0.00006, saving model to /p/project1/cesmtst/patakchiyousefi1/HPT/mse_64_0.001_1e-17_0.5_4_1_16_0.5_128_0.0_unet-l_day07.h5

Epoch 37: val_loss did not improve from 0.00007

Epoch 60: val_loss did not improve from 0.00006

Epoch 38: val_loss did not improve from 0.00007

Epoch 61: val_loss did not improve from 0.00006

Epoch 39: val_loss did not improve from 0.00007

Epoch 62: val_loss did not improve from 0.00006

Epoch 40: val_loss did not improve from 0.00007

Epoch 63: val_loss did not improve from 0.00006

Epoch 41: val_loss did not improve from 0.00007

Epoch 64: val_loss improved from 0.00006 to 0.00006, saving model to /p/project1/cesmtst/patakchiyousefi1/HPT/mse_64_0.001_1e-17_0.5_4_1_16_0.5_128_0.0_unet-l_day07.h5

Epoch 42: val_loss did not improve from 0.00007

Epoch 43: val_loss did not improve from 0.00007

Epoch 65: val_loss did not improve from 0.00006

Epoch 66: val_loss did not improve from 0.00006

Epoch 44: val_loss did not improve from 0.00007
Saving and plotting the results...

Epoch 67: val_loss did not improve from 0.00006

Epoch 68: val_loss did not improve from 0.00006

Epoch 69: val_loss improved from 0.00006 to 0.00006, saving model to /p/project1/cesmtst/patakchiyousefi1/HPT/mse_64_0.001_1e-17_0.5_4_1_16_0.5_128_0.0_unet-l_day07.h5

Epoch 70: val_loss did not improve from 0.00006

Epoch 71: val_loss did not improve from 0.00006

Epoch 72: val_loss did not improve from 0.00006

Epoch 73: val_loss did not improve from 0.00006

Epoch 74: val_loss improved from 0.00006 to 0.00006, saving model to /p/project1/cesmtst/patakchiyousefi1/HPT/mse_64_0.001_1e-17_0.5_4_1_16_0.5_128_0.0_unet-l_day07.h5

Epoch 75: val_loss did not improve from 0.00006

Epoch 76: val_loss did not improve from 0.00006

Epoch 77: val_loss did not improve from 0.00006

Epoch 78: val_loss did not improve from 0.00006

Epoch 79: val_loss improved from 0.00006 to 0.00006, saving model to /p/project1/cesmtst/patakchiyousefi1/HPT/mse_64_0.001_1e-17_0.5_4_1_16_0.5_128_0.0_unet-l_day07.h5

Epoch 80: val_loss improved from 0.00006 to 0.00006, saving model to /p/project1/cesmtst/patakchiyousefi1/HPT/mse_64_0.001_1e-17_0.5_4_1_16_0.5_128_0.0_unet-l_day07.h5

Epoch 81: val_loss did not improve from 0.00006

Epoch 82: val_loss did not improve from 0.00006

Epoch 83: val_loss did not improve from 0.00006

Epoch 84: val_loss did not improve from 0.00006

Epoch 85: val_loss improved from 0.00006 to 0.00006, saving model to /p/project1/cesmtst/patakchiyousefi1/HPT/mse_64_0.001_1e-17_0.5_4_1_16_0.5_128_0.0_unet-l_day07.h5

Epoch 86: val_loss improved from 0.00006 to 0.00006, saving model to /p/project1/cesmtst/patakchiyousefi1/HPT/mse_64_0.001_1e-17_0.5_4_1_16_0.5_128_0.0_unet-l_day07.h5

Epoch 87: val_loss improved from 0.00006 to 0.00006, saving model to /p/project1/cesmtst/patakchiyousefi1/HPT/mse_64_0.001_1e-17_0.5_4_1_16_0.5_128_0.0_unet-l_day07.h5

Epoch 88: val_loss did not improve from 0.00006

Epoch 89: val_loss did not improve from 0.00006

Epoch 90: val_loss did not improve from 0.00006

Epoch 91: val_loss did not improve from 0.00006

Epoch 92: val_loss did not improve from 0.00006

Epoch 93: val_loss did not improve from 0.00006

Epoch 94: val_loss did not improve from 0.00006

Epoch 95: val_loss did not improve from 0.00006

Epoch 96: val_loss did not improve from 0.00006

Epoch 97: val_loss did not improve from 0.00006

Epoch 98: val_loss did not improve from 0.00006

Epoch 99: val_loss improved from 0.00006 to 0.00006, saving model to /p/project1/cesmtst/patakchiyousefi1/HPT/mse_64_0.001_1e-17_0.5_4_1_16_0.5_128_0.0_unet-l_day07.h5

Epoch 100: val_loss did not improve from 0.00006

Epoch 101: val_loss did not improve from 0.00006

Epoch 102: val_loss did not improve from 0.00006

Epoch 103: val_loss did not improve from 0.00006

Epoch 104: val_loss improved from 0.00006 to 0.00006, saving model to /p/project1/cesmtst/patakchiyousefi1/HPT/mse_64_0.001_1e-17_0.5_4_1_16_0.5_128_0.0_unet-l_day07.h5

Epoch 105: val_loss improved from 0.00006 to 0.00006, saving model to /p/project1/cesmtst/patakchiyousefi1/HPT/mse_64_0.001_1e-17_0.5_4_1_16_0.5_128_0.0_unet-l_day07.h5

Epoch 106: val_loss improved from 0.00006 to 0.00006, saving model to /p/project1/cesmtst/patakchiyousefi1/HPT/mse_64_0.001_1e-17_0.5_4_1_16_0.5_128_0.0_unet-l_day07.h5

Epoch 107: val_loss improved from 0.00006 to 0.00006, saving model to /p/project1/cesmtst/patakchiyousefi1/HPT/mse_64_0.001_1e-17_0.5_4_1_16_0.5_128_0.0_unet-l_day07.h5

Epoch 108: val_loss improved from 0.00006 to 0.00006, saving model to /p/project1/cesmtst/patakchiyousefi1/HPT/mse_64_0.001_1e-17_0.5_4_1_16_0.5_128_0.0_unet-l_day07.h5

Epoch 109: val_loss improved from 0.00006 to 0.00006, saving model to /p/project1/cesmtst/patakchiyousefi1/HPT/mse_64_0.001_1e-17_0.5_4_1_16_0.5_128_0.0_unet-l_day07.h5

Epoch 110: val_loss improved from 0.00006 to 0.00006, saving model to /p/project1/cesmtst/patakchiyousefi1/HPT/mse_64_0.001_1e-17_0.5_4_1_16_0.5_128_0.0_unet-l_day07.h5

Epoch 111: val_loss improved from 0.00006 to 0.00006, saving model to /p/project1/cesmtst/patakchiyousefi1/HPT/mse_64_0.001_1e-17_0.5_4_1_16_0.5_128_0.0_unet-l_day07.h5

Epoch 112: val_loss improved from 0.00006 to 0.00006, saving model to /p/project1/cesmtst/patakchiyousefi1/HPT/mse_64_0.001_1e-17_0.5_4_1_16_0.5_128_0.0_unet-l_day07.h5

Epoch 113: val_loss improved from 0.00006 to 0.00006, saving model to /p/project1/cesmtst/patakchiyousefi1/HPT/mse_64_0.001_1e-17_0.5_4_1_16_0.5_128_0.0_unet-l_day07.h5

Epoch 114: val_loss improved from 0.00006 to 0.00006, saving model to /p/project1/cesmtst/patakchiyousefi1/HPT/mse_64_0.001_1e-17_0.5_4_1_16_0.5_128_0.0_unet-l_day07.h5

Epoch 115: val_loss improved from 0.00006 to 0.00006, saving model to /p/project1/cesmtst/patakchiyousefi1/HPT/mse_64_0.001_1e-17_0.5_4_1_16_0.5_128_0.0_unet-l_day07.h5

Epoch 116: val_loss improved from 0.00006 to 0.00006, saving model to /p/project1/cesmtst/patakchiyousefi1/HPT/mse_64_0.001_1e-17_0.5_4_1_16_0.5_128_0.0_unet-l_day07.h5

Epoch 117: val_loss improved from 0.00006 to 0.00006, saving model to /p/project1/cesmtst/patakchiyousefi1/HPT/mse_64_0.001_1e-17_0.5_4_1_16_0.5_128_0.0_unet-l_day07.h5

Epoch 118: val_loss improved from 0.00006 to 0.00006, saving model to /p/project1/cesmtst/patakchiyousefi1/HPT/mse_64_0.001_1e-17_0.5_4_1_16_0.5_128_0.0_unet-l_day07.h5

Epoch 119: val_loss did not improve from 0.00006

Epoch 120: val_loss did not improve from 0.00006

Epoch 121: val_loss improved from 0.00006 to 0.00006, saving model to /p/project1/cesmtst/patakchiyousefi1/HPT/mse_64_0.001_1e-17_0.5_4_1_16_0.5_128_0.0_unet-l_day07.h5

Epoch 122: val_loss improved from 0.00006 to 0.00006, saving model to /p/project1/cesmtst/patakchiyousefi1/HPT/mse_64_0.001_1e-17_0.5_4_1_16_0.5_128_0.0_unet-l_day07.h5

Epoch 123: val_loss improved from 0.00006 to 0.00006, saving model to /p/project1/cesmtst/patakchiyousefi1/HPT/mse_64_0.001_1e-17_0.5_4_1_16_0.5_128_0.0_unet-l_day07.h5

Epoch 124: val_loss improved from 0.00006 to 0.00006, saving model to /p/project1/cesmtst/patakchiyousefi1/HPT/mse_64_0.001_1e-17_0.5_4_1_16_0.5_128_0.0_unet-l_day07.h5

Epoch 125: val_loss improved from 0.00006 to 0.00006, saving model to /p/project1/cesmtst/patakchiyousefi1/HPT/mse_64_0.001_1e-17_0.5_4_1_16_0.5_128_0.0_unet-l_day07.h5

Epoch 126: val_loss improved from 0.00006 to 0.00006, saving model to /p/project1/cesmtst/patakchiyousefi1/HPT/mse_64_0.001_1e-17_0.5_4_1_16_0.5_128_0.0_unet-l_day07.h5

Epoch 127: val_loss improved from 0.00006 to 0.00006, saving model to /p/project1/cesmtst/patakchiyousefi1/HPT/mse_64_0.001_1e-17_0.5_4_1_16_0.5_128_0.0_unet-l_day07.h5

Epoch 128: val_loss improved from 0.00006 to 0.00006, saving model to /p/project1/cesmtst/patakchiyousefi1/HPT/mse_64_0.001_1e-17_0.5_4_1_16_0.5_128_0.0_unet-l_day07.h5
Saving and plotting the results...
Time limit for unet-l, leadtime 07: 10:20:00
Run time for unet-l with leadtime 07:  hours,  minutes,  seconds
