All necessary directories have been created or already exist.
No lead day provided. Using default hyperparameters - LR: 0.0001, BS: 32, DROPOUT: 0.1, UNET_TYPE: unet-l
Running DL_TRAIN.py for day02 with dropout=0, lr=0.00001, bs=1, unet_type=trans-unet ...
Running DL_TRAIN.py for day02 with dropout=0, lr=0.00001, bs=2, unet_type=trans-unet ...
Running DL_TRAIN.py for day02 with dropout=0, lr=0.00001, bs=4, unet_type=trans-unet ...
Running DL_TRAIN.py for day02 with dropout=0, lr=0.00001, bs=8, unet_type=trans-unet ...
Running DL_TRAIN.py for day02 with dropout=0, lr=0.0001, bs=1, unet_type=trans-unet ...
Running DL_TRAIN.py for day02 with dropout=0, lr=0.0001, bs=2, unet_type=trans-unet ...
Running DL_TRAIN.py for day02 with dropout=0, lr=0.0001, bs=4, unet_type=trans-unet ...
Running DL_TRAIN.py for day02 with dropout=0, lr=0.0001, bs=8, unet_type=trans-unet ...
Running DL_TRAIN.py for day02 with dropout=0, lr=0.001, bs=1, unet_type=trans-unet ...
Running DL_TRAIN.py for day02 with dropout=0, lr=0.001, bs=2, unet_type=trans-unet ...
Running DL_TRAIN.py for day02 with dropout=0, lr=0.001, bs=4, unet_type=trans-unet ...
Running DL_TRAIN.py for day02 with dropout=0, lr=0.001, bs=8, unet_type=trans-unet ...
Running DL_TRAIN.py for day02 with dropout=0, lr=0.01, bs=1, unet_type=trans-unet ...
Running DL_TRAIN.py for day02 with dropout=0, lr=0.01, bs=2, unet_type=trans-unet ...
Running DL_TRAIN.py for day02 with dropout=0, lr=0.01, bs=4, unet_type=trans-unet ...
Running DL_TRAIN.py for day02 with dropout=0, lr=0.01, bs=8, unet_type=trans-unet ...
train_data_hourly_pr_['ADAPTER_DE05.day02.merged.nc']_['ADAPTER_DE05.day01.merged.nc']_MM_6__spatiotemporal_128.256_2018-01-01T13_2022-12-31T23_no_na_land
Loading training data...
Data loaded!
mse_64_1e-05_1e-17_0.5_4_8_16_0.5_128_0.0_trans-unet_day02
Training the model...

Epoch 1: val_loss improved from inf to 0.15782, saving model to /p/project1/cesmtst/patakchiyousefi1/HPT/mse_64_1e-05_1e-17_0.5_4_8_16_0.5_128_0.0_trans-unet_day02.h5
train_data_hourly_pr_['ADAPTER_DE05.day02.merged.nc']_['ADAPTER_DE05.day01.merged.nc']_MM_6__spatiotemporal_128.256_2018-01-01T13_2022-12-31T23_no_na_land
Loading training data...
Data loaded!
mse_64_0.0001_1e-17_0.5_4_8_16_0.5_128_0.0_trans-unet_day02
Training the model...

Epoch 1: val_loss improved from inf to 0.10384, saving model to /p/project1/cesmtst/patakchiyousefi1/HPT/mse_64_0.0001_1e-17_0.5_4_8_16_0.5_128_0.0_trans-unet_day02.h5
train_data_hourly_pr_['ADAPTER_DE05.day02.merged.nc']_['ADAPTER_DE05.day01.merged.nc']_MM_6__spatiotemporal_128.256_2018-01-01T13_2022-12-31T23_no_na_land
Loading training data...
Data loaded!
mse_64_0.001_1e-17_0.5_4_8_16_0.5_128_0.0_trans-unet_day02
Training the model...

Epoch 1: val_loss improved from inf to 0.06689, saving model to /p/project1/cesmtst/patakchiyousefi1/HPT/mse_64_0.001_1e-17_0.5_4_8_16_0.5_128_0.0_trans-unet_day02.h5
train_data_hourly_pr_['ADAPTER_DE05.day02.merged.nc']_['ADAPTER_DE05.day01.merged.nc']_MM_6__spatiotemporal_128.256_2018-01-01T13_2022-12-31T23_no_na_land
Loading training data...
Data loaded!
mse_64_0.01_1e-17_0.5_4_8_16_0.5_128_0.0_trans-unet_day02
Training the model...

Epoch 1: val_loss improved from inf to 0.07197, saving model to /p/project1/cesmtst/patakchiyousefi1/HPT/mse_64_0.01_1e-17_0.5_4_8_16_0.5_128_0.0_trans-unet_day02.h5
train_data_hourly_pr_['ADAPTER_DE05.day02.merged.nc']_['ADAPTER_DE05.day01.merged.nc']_MM_6__spatiotemporal_128.256_2018-01-01T13_2022-12-31T23_no_na_land
Loading training data...
Data loaded!
mse_64_1e-05_1e-17_0.5_4_4_16_0.5_128_0.0_trans-unet_day02
Training the model...

Epoch 1: val_loss improved from inf to 0.05165, saving model to /p/project1/cesmtst/patakchiyousefi1/HPT/mse_64_1e-05_1e-17_0.5_4_4_16_0.5_128_0.0_trans-unet_day02.h5
train_data_hourly_pr_['ADAPTER_DE05.day02.merged.nc']_['ADAPTER_DE05.day01.merged.nc']_MM_6__spatiotemporal_128.256_2018-01-01T13_2022-12-31T23_no_na_land
Loading training data...
Data loaded!
mse_64_0.0001_1e-17_0.5_4_4_16_0.5_128_0.0_trans-unet_day02
Training the model...

Epoch 1: val_loss improved from inf to 0.24581, saving model to /p/project1/cesmtst/patakchiyousefi1/HPT/mse_64_0.0001_1e-17_0.5_4_4_16_0.5_128_0.0_trans-unet_day02.h5
train_data_hourly_pr_['ADAPTER_DE05.day02.merged.nc']_['ADAPTER_DE05.day01.merged.nc']_MM_6__spatiotemporal_128.256_2018-01-01T13_2022-12-31T23_no_na_land
Loading training data...
Data loaded!
mse_64_0.001_1e-17_0.5_4_4_16_0.5_128_0.0_trans-unet_day02
Training the model...

Epoch 1: val_loss improved from inf to 2.46149, saving model to /p/project1/cesmtst/patakchiyousefi1/HPT/mse_64_0.001_1e-17_0.5_4_4_16_0.5_128_0.0_trans-unet_day02.h5
train_data_hourly_pr_['ADAPTER_DE05.day02.merged.nc']_['ADAPTER_DE05.day01.merged.nc']_MM_6__spatiotemporal_128.256_2018-01-01T13_2022-12-31T23_no_na_land
Loading training data...
Data loaded!
mse_64_0.01_1e-17_0.5_4_4_16_0.5_128_0.0_trans-unet_day02
Training the model...

Epoch 1: val_loss improved from inf to 0.00034, saving model to /p/project1/cesmtst/patakchiyousefi1/HPT/mse_64_0.01_1e-17_0.5_4_4_16_0.5_128_0.0_trans-unet_day02.h5
train_data_hourly_pr_['ADAPTER_DE05.day02.merged.nc']_['ADAPTER_DE05.day01.merged.nc']_MM_6__spatiotemporal_128.256_2018-01-01T13_2022-12-31T23_no_na_land
Loading training data...
Data loaded!
mse_64_1e-05_1e-17_0.5_4_2_16_0.5_128_0.0_trans-unet_day02
Training the model...

Epoch 1: val_loss improved from inf to 0.33972, saving model to /p/project1/cesmtst/patakchiyousefi1/HPT/mse_64_1e-05_1e-17_0.5_4_2_16_0.5_128_0.0_trans-unet_day02.h5
train_data_hourly_pr_['ADAPTER_DE05.day02.merged.nc']_['ADAPTER_DE05.day01.merged.nc']_MM_6__spatiotemporal_128.256_2018-01-01T13_2022-12-31T23_no_na_land
Loading training data...
Data loaded!
mse_64_0.0001_1e-17_0.5_4_2_16_0.5_128_0.0_trans-unet_day02
Training the model...

Epoch 1: val_loss improved from inf to 0.02143, saving model to /p/project1/cesmtst/patakchiyousefi1/HPT/mse_64_0.0001_1e-17_0.5_4_2_16_0.5_128_0.0_trans-unet_day02.h5
train_data_hourly_pr_['ADAPTER_DE05.day02.merged.nc']_['ADAPTER_DE05.day01.merged.nc']_MM_6__spatiotemporal_128.256_2018-01-01T13_2022-12-31T23_no_na_land
Loading training data...
Data loaded!
mse_64_0.001_1e-17_0.5_4_2_16_0.5_128_0.0_trans-unet_day02
Training the model...

Epoch 1: val_loss improved from inf to 1.51757, saving model to /p/project1/cesmtst/patakchiyousefi1/HPT/mse_64_0.001_1e-17_0.5_4_2_16_0.5_128_0.0_trans-unet_day02.h5
train_data_hourly_pr_['ADAPTER_DE05.day02.merged.nc']_['ADAPTER_DE05.day01.merged.nc']_MM_6__spatiotemporal_128.256_2018-01-01T13_2022-12-31T23_no_na_land
Loading training data...
Data loaded!
mse_64_0.01_1e-17_0.5_4_2_16_0.5_128_0.0_trans-unet_day02
Training the model...

Epoch 1: val_loss improved from inf to 0.70426, saving model to /p/project1/cesmtst/patakchiyousefi1/HPT/mse_64_0.01_1e-17_0.5_4_2_16_0.5_128_0.0_trans-unet_day02.h5
train_data_hourly_pr_['ADAPTER_DE05.day02.merged.nc']_['ADAPTER_DE05.day01.merged.nc']_MM_6__spatiotemporal_128.256_2018-01-01T13_2022-12-31T23_no_na_land
Loading training data...
Data loaded!
mse_64_1e-05_1e-17_0.5_4_1_16_0.5_128_0.0_trans-unet_day02
Training the model...

Epoch 1: val_loss improved from inf to 0.20393, saving model to /p/project1/cesmtst/patakchiyousefi1/HPT/mse_64_1e-05_1e-17_0.5_4_1_16_0.5_128_0.0_trans-unet_day02.h5
train_data_hourly_pr_['ADAPTER_DE05.day02.merged.nc']_['ADAPTER_DE05.day01.merged.nc']_MM_6__spatiotemporal_128.256_2018-01-01T13_2022-12-31T23_no_na_land
Loading training data...
Data loaded!
mse_64_0.0001_1e-17_0.5_4_1_16_0.5_128_0.0_trans-unet_day02
Training the model...

Epoch 1: val_loss improved from inf to 0.01027, saving model to /p/project1/cesmtst/patakchiyousefi1/HPT/mse_64_0.0001_1e-17_0.5_4_1_16_0.5_128_0.0_trans-unet_day02.h5
train_data_hourly_pr_['ADAPTER_DE05.day02.merged.nc']_['ADAPTER_DE05.day01.merged.nc']_MM_6__spatiotemporal_128.256_2018-01-01T13_2022-12-31T23_no_na_land
Loading training data...
Data loaded!
mse_64_0.001_1e-17_0.5_4_1_16_0.5_128_0.0_trans-unet_day02
Training the model...

Epoch 1: val_loss improved from inf to 0.00103, saving model to /p/project1/cesmtst/patakchiyousefi1/HPT/mse_64_0.001_1e-17_0.5_4_1_16_0.5_128_0.0_trans-unet_day02.h5
train_data_hourly_pr_['ADAPTER_DE05.day02.merged.nc']_['ADAPTER_DE05.day01.merged.nc']_MM_6__spatiotemporal_128.256_2018-01-01T13_2022-12-31T23_no_na_land
Loading training data...
Data loaded!
mse_64_0.01_1e-17_0.5_4_1_16_0.5_128_0.0_trans-unet_day02
Training the model...

Epoch 1: val_loss improved from inf to 0.00001, saving model to /p/project1/cesmtst/patakchiyousefi1/HPT/mse_64_0.01_1e-17_0.5_4_1_16_0.5_128_0.0_trans-unet_day02.h5

Epoch 2: val_loss improved from 0.10384 to 0.07609, saving model to /p/project1/cesmtst/patakchiyousefi1/HPT/mse_64_0.0001_1e-17_0.5_4_8_16_0.5_128_0.0_trans-unet_day02.h5

Epoch 2: val_loss improved from 0.06689 to 0.00172, saving model to /p/project1/cesmtst/patakchiyousefi1/HPT/mse_64_0.001_1e-17_0.5_4_8_16_0.5_128_0.0_trans-unet_day02.h5

Epoch 2: val_loss did not improve from 0.07197

Epoch 2: val_loss improved from 0.15782 to 0.10940, saving model to /p/project1/cesmtst/patakchiyousefi1/HPT/mse_64_1e-05_1e-17_0.5_4_8_16_0.5_128_0.0_trans-unet_day02.h5

Epoch 2: val_loss improved from 0.05165 to 0.04404, saving model to /p/project1/cesmtst/patakchiyousefi1/HPT/mse_64_1e-05_1e-17_0.5_4_4_16_0.5_128_0.0_trans-unet_day02.h5

Epoch 2: val_loss improved from 0.24581 to 0.11297, saving model to /p/project1/cesmtst/patakchiyousefi1/HPT/mse_64_0.0001_1e-17_0.5_4_4_16_0.5_128_0.0_trans-unet_day02.h5

Epoch 2: val_loss improved from 2.46149 to 0.01201, saving model to /p/project1/cesmtst/patakchiyousefi1/HPT/mse_64_0.001_1e-17_0.5_4_4_16_0.5_128_0.0_trans-unet_day02.h5

Epoch 2: val_loss improved from 0.00034 to 0.00008, saving model to /p/project1/cesmtst/patakchiyousefi1/HPT/mse_64_0.01_1e-17_0.5_4_4_16_0.5_128_0.0_trans-unet_day02.h5

Epoch 2: val_loss improved from 0.02143 to 0.00241, saving model to /p/project1/cesmtst/patakchiyousefi1/HPT/mse_64_0.0001_1e-17_0.5_4_2_16_0.5_128_0.0_trans-unet_day02.h5

Epoch 2: val_loss improved from 0.33972 to 0.11718, saving model to /p/project1/cesmtst/patakchiyousefi1/HPT/mse_64_1e-05_1e-17_0.5_4_2_16_0.5_128_0.0_trans-unet_day02.h5

Epoch 2: val_loss improved from 1.51757 to 0.24730, saving model to /p/project1/cesmtst/patakchiyousefi1/HPT/mse_64_0.001_1e-17_0.5_4_2_16_0.5_128_0.0_trans-unet_day02.h5

Epoch 2: val_loss improved from 0.70426 to 0.05602, saving model to /p/project1/cesmtst/patakchiyousefi1/HPT/mse_64_0.01_1e-17_0.5_4_2_16_0.5_128_0.0_trans-unet_day02.h5

Epoch 3: val_loss improved from 0.07609 to 0.01799, saving model to /p/project1/cesmtst/patakchiyousefi1/HPT/mse_64_0.0001_1e-17_0.5_4_8_16_0.5_128_0.0_trans-unet_day02.h5

Epoch 3: val_loss improved from 0.00172 to 0.00015, saving model to /p/project1/cesmtst/patakchiyousefi1/HPT/mse_64_0.001_1e-17_0.5_4_8_16_0.5_128_0.0_trans-unet_day02.h5

Epoch 3: val_loss improved from 0.07197 to 0.00683, saving model to /p/project1/cesmtst/patakchiyousefi1/HPT/mse_64_0.01_1e-17_0.5_4_8_16_0.5_128_0.0_trans-unet_day02.h5

Epoch 3: val_loss improved from 0.10940 to 0.07439, saving model to /p/project1/cesmtst/patakchiyousefi1/HPT/mse_64_1e-05_1e-17_0.5_4_8_16_0.5_128_0.0_trans-unet_day02.h5

Epoch 3: val_loss improved from 0.11297 to 0.05120, saving model to /p/project1/cesmtst/patakchiyousefi1/HPT/mse_64_0.0001_1e-17_0.5_4_4_16_0.5_128_0.0_trans-unet_day02.h5

Epoch 3: val_loss improved from 0.04404 to 0.03117, saving model to /p/project1/cesmtst/patakchiyousefi1/HPT/mse_64_1e-05_1e-17_0.5_4_4_16_0.5_128_0.0_trans-unet_day02.h5

Epoch 3: val_loss improved from 0.01201 to 0.00029, saving model to /p/project1/cesmtst/patakchiyousefi1/HPT/mse_64_0.001_1e-17_0.5_4_4_16_0.5_128_0.0_trans-unet_day02.h5

Epoch 3: val_loss improved from 0.00008 to 0.00003, saving model to /p/project1/cesmtst/patakchiyousefi1/HPT/mse_64_0.01_1e-17_0.5_4_4_16_0.5_128_0.0_trans-unet_day02.h5

Epoch 2: val_loss improved from 0.01027 to 0.00031, saving model to /p/project1/cesmtst/patakchiyousefi1/HPT/mse_64_0.0001_1e-17_0.5_4_1_16_0.5_128_0.0_trans-unet_day02.h5

Epoch 2: val_loss improved from 0.00103 to 0.00103, saving model to /p/project1/cesmtst/patakchiyousefi1/HPT/mse_64_0.001_1e-17_0.5_4_1_16_0.5_128_0.0_trans-unet_day02.h5

Epoch 2: val_loss improved from 0.20393 to 0.12710, saving model to /p/project1/cesmtst/patakchiyousefi1/HPT/mse_64_1e-05_1e-17_0.5_4_1_16_0.5_128_0.0_trans-unet_day02.h5

Epoch 2: val_loss improved from 0.00001 to 0.00001, saving model to /p/project1/cesmtst/patakchiyousefi1/HPT/mse_64_0.01_1e-17_0.5_4_1_16_0.5_128_0.0_trans-unet_day02.h5

Epoch 3: val_loss improved from 0.00241 to 0.00013, saving model to /p/project1/cesmtst/patakchiyousefi1/HPT/mse_64_0.0001_1e-17_0.5_4_2_16_0.5_128_0.0_trans-unet_day02.h5

Epoch 4: val_loss improved from 0.00015 to 0.00013, saving model to /p/project1/cesmtst/patakchiyousefi1/HPT/mse_64_0.001_1e-17_0.5_4_8_16_0.5_128_0.0_trans-unet_day02.h5

Epoch 3: val_loss improved from 0.11718 to 0.06400, saving model to /p/project1/cesmtst/patakchiyousefi1/HPT/mse_64_1e-05_1e-17_0.5_4_2_16_0.5_128_0.0_trans-unet_day02.h5

Epoch 4: val_loss improved from 0.01799 to 0.00577, saving model to /p/project1/cesmtst/patakchiyousefi1/HPT/mse_64_0.0001_1e-17_0.5_4_8_16_0.5_128_0.0_trans-unet_day02.h5

Epoch 4: val_loss improved from 0.00683 to 0.00450, saving model to /p/project1/cesmtst/patakchiyousefi1/HPT/mse_64_0.01_1e-17_0.5_4_8_16_0.5_128_0.0_trans-unet_day02.h5

Epoch 4: val_loss improved from 0.07439 to 0.06629, saving model to /p/project1/cesmtst/patakchiyousefi1/HPT/mse_64_1e-05_1e-17_0.5_4_8_16_0.5_128_0.0_trans-unet_day02.h5

Epoch 3: val_loss improved from 0.05602 to 0.05273, saving model to /p/project1/cesmtst/patakchiyousefi1/HPT/mse_64_0.01_1e-17_0.5_4_2_16_0.5_128_0.0_trans-unet_day02.h5

Epoch 3: val_loss improved from 0.24730 to 0.00001, saving model to /p/project1/cesmtst/patakchiyousefi1/HPT/mse_64_0.001_1e-17_0.5_4_2_16_0.5_128_0.0_trans-unet_day02.h5

Epoch 4: val_loss improved from 0.05120 to 0.00271, saving model to /p/project1/cesmtst/patakchiyousefi1/HPT/mse_64_0.0001_1e-17_0.5_4_4_16_0.5_128_0.0_trans-unet_day02.h5

Epoch 4: val_loss improved from 0.03117 to 0.01936, saving model to /p/project1/cesmtst/patakchiyousefi1/HPT/mse_64_1e-05_1e-17_0.5_4_4_16_0.5_128_0.0_trans-unet_day02.h5

Epoch 4: val_loss improved from 0.00029 to 0.00014, saving model to /p/project1/cesmtst/patakchiyousefi1/HPT/mse_64_0.001_1e-17_0.5_4_4_16_0.5_128_0.0_trans-unet_day02.h5

Epoch 4: val_loss did not improve from 0.00003

Epoch 5: val_loss improved from 0.00577 to 0.00103, saving model to /p/project1/cesmtst/patakchiyousefi1/HPT/mse_64_0.0001_1e-17_0.5_4_8_16_0.5_128_0.0_trans-unet_day02.h5

Epoch 5: val_loss improved from 0.00450 to 0.00413, saving model to /p/project1/cesmtst/patakchiyousefi1/HPT/mse_64_0.01_1e-17_0.5_4_8_16_0.5_128_0.0_trans-unet_day02.h5

Epoch 5: val_loss improved from 0.00013 to 0.00001, saving model to /p/project1/cesmtst/patakchiyousefi1/HPT/mse_64_0.001_1e-17_0.5_4_8_16_0.5_128_0.0_trans-unet_day02.h5

Epoch 5: val_loss improved from 0.06629 to 0.01205, saving model to /p/project1/cesmtst/patakchiyousefi1/HPT/mse_64_1e-05_1e-17_0.5_4_8_16_0.5_128_0.0_trans-unet_day02.h5

Epoch 4: val_loss improved from 0.00013 to 0.00004, saving model to /p/project1/cesmtst/patakchiyousefi1/HPT/mse_64_0.0001_1e-17_0.5_4_2_16_0.5_128_0.0_trans-unet_day02.h5

Epoch 4: val_loss improved from 0.06400 to 0.04491, saving model to /p/project1/cesmtst/patakchiyousefi1/HPT/mse_64_1e-05_1e-17_0.5_4_2_16_0.5_128_0.0_trans-unet_day02.h5

Epoch 4: val_loss improved from 0.05273 to 0.05240, saving model to /p/project1/cesmtst/patakchiyousefi1/HPT/mse_64_0.01_1e-17_0.5_4_2_16_0.5_128_0.0_trans-unet_day02.h5

Epoch 4: val_loss improved from 0.00001 to 0.00001, saving model to /p/project1/cesmtst/patakchiyousefi1/HPT/mse_64_0.001_1e-17_0.5_4_2_16_0.5_128_0.0_trans-unet_day02.h5

Epoch 5: val_loss improved from 0.00271 to 0.00033, saving model to /p/project1/cesmtst/patakchiyousefi1/HPT/mse_64_0.0001_1e-17_0.5_4_4_16_0.5_128_0.0_trans-unet_day02.h5

Epoch 5: val_loss improved from 0.01936 to 0.01838, saving model to /p/project1/cesmtst/patakchiyousefi1/HPT/mse_64_1e-05_1e-17_0.5_4_4_16_0.5_128_0.0_trans-unet_day02.h5

Epoch 5: val_loss did not improve from 0.00014

Epoch 3: val_loss improved from 0.00103 to 0.00001, saving model to /p/project1/cesmtst/patakchiyousefi1/HPT/mse_64_0.001_1e-17_0.5_4_1_16_0.5_128_0.0_trans-unet_day02.h5

Epoch 3: val_loss improved from 0.00031 to 0.00021, saving model to /p/project1/cesmtst/patakchiyousefi1/HPT/mse_64_0.0001_1e-17_0.5_4_1_16_0.5_128_0.0_trans-unet_day02.h5

Epoch 3: val_loss improved from 0.12710 to 0.05515, saving model to /p/project1/cesmtst/patakchiyousefi1/HPT/mse_64_1e-05_1e-17_0.5_4_1_16_0.5_128_0.0_trans-unet_day02.h5

Epoch 5: val_loss did not improve from 0.00003

Epoch 3: val_loss improved from 0.00001 to 0.00001, saving model to /p/project1/cesmtst/patakchiyousefi1/HPT/mse_64_0.01_1e-17_0.5_4_1_16_0.5_128_0.0_trans-unet_day02.h5

Epoch 6: val_loss improved from 0.00413 to 0.00179, saving model to /p/project1/cesmtst/patakchiyousefi1/HPT/mse_64_0.01_1e-17_0.5_4_8_16_0.5_128_0.0_trans-unet_day02.h5

Epoch 6: val_loss improved from 0.00001 to 0.00001, saving model to /p/project1/cesmtst/patakchiyousefi1/HPT/mse_64_0.001_1e-17_0.5_4_8_16_0.5_128_0.0_trans-unet_day02.h5

Epoch 6: val_loss improved from 0.00103 to 0.00058, saving model to /p/project1/cesmtst/patakchiyousefi1/HPT/mse_64_0.0001_1e-17_0.5_4_8_16_0.5_128_0.0_trans-unet_day02.h5

Epoch 6: val_loss did not improve from 0.01205

Epoch 6: val_loss improved from 0.00033 to 0.00025, saving model to /p/project1/cesmtst/patakchiyousefi1/HPT/mse_64_0.0001_1e-17_0.5_4_4_16_0.5_128_0.0_trans-unet_day02.h5

Epoch 6: val_loss did not improve from 0.00014

Epoch 5: val_loss improved from 0.00004 to 0.00003, saving model to /p/project1/cesmtst/patakchiyousefi1/HPT/mse_64_0.0001_1e-17_0.5_4_2_16_0.5_128_0.0_trans-unet_day02.h5

Epoch 6: val_loss improved from 0.01838 to 0.01540, saving model to /p/project1/cesmtst/patakchiyousefi1/HPT/mse_64_1e-05_1e-17_0.5_4_4_16_0.5_128_0.0_trans-unet_day02.h5

Epoch 6: val_loss improved from 0.00003 to 0.00001, saving model to /p/project1/cesmtst/patakchiyousefi1/HPT/mse_64_0.01_1e-17_0.5_4_4_16_0.5_128_0.0_trans-unet_day02.h5

Epoch 5: val_loss improved from 0.00001 to 0.00001, saving model to /p/project1/cesmtst/patakchiyousefi1/HPT/mse_64_0.001_1e-17_0.5_4_2_16_0.5_128_0.0_trans-unet_day02.h5

Epoch 5: val_loss did not improve from 0.05240

Epoch 5: val_loss improved from 0.04491 to 0.03824, saving model to /p/project1/cesmtst/patakchiyousefi1/HPT/mse_64_1e-05_1e-17_0.5_4_2_16_0.5_128_0.0_trans-unet_day02.h5

Epoch 7: val_loss improved from 0.00179 to 0.00002, saving model to /p/project1/cesmtst/patakchiyousefi1/HPT/mse_64_0.01_1e-17_0.5_4_8_16_0.5_128_0.0_trans-unet_day02.h5

Epoch 7: val_loss did not improve from 0.01205

Epoch 7: val_loss improved from 0.00058 to 0.00026, saving model to /p/project1/cesmtst/patakchiyousefi1/HPT/mse_64_0.0001_1e-17_0.5_4_8_16_0.5_128_0.0_trans-unet_day02.h5

Epoch 7: val_loss did not improve from 0.00001

Epoch 4: val_loss did not improve from 0.00001

Epoch 4: val_loss improved from 0.05515 to 0.03900, saving model to /p/project1/cesmtst/patakchiyousefi1/HPT/mse_64_1e-05_1e-17_0.5_4_1_16_0.5_128_0.0_trans-unet_day02.h5

Epoch 4: val_loss did not improve from 0.00021

Epoch 7: val_loss improved from 0.00025 to 0.00016, saving model to /p/project1/cesmtst/patakchiyousefi1/HPT/mse_64_0.0001_1e-17_0.5_4_4_16_0.5_128_0.0_trans-unet_day02.h5

Epoch 4: val_loss improved from 0.00001 to 0.00001, saving model to /p/project1/cesmtst/patakchiyousefi1/HPT/mse_64_0.01_1e-17_0.5_4_1_16_0.5_128_0.0_trans-unet_day02.h5

Epoch 7: val_loss did not improve from 0.00014

Epoch 7: val_loss improved from 0.01540 to 0.01479, saving model to /p/project1/cesmtst/patakchiyousefi1/HPT/mse_64_1e-05_1e-17_0.5_4_4_16_0.5_128_0.0_trans-unet_day02.h5

Epoch 7: val_loss improved from 0.00001 to 0.00001, saving model to /p/project1/cesmtst/patakchiyousefi1/HPT/mse_64_0.01_1e-17_0.5_4_4_16_0.5_128_0.0_trans-unet_day02.h5

Epoch 8: val_loss improved from 0.00002 to 0.00001, saving model to /p/project1/cesmtst/patakchiyousefi1/HPT/mse_64_0.01_1e-17_0.5_4_8_16_0.5_128_0.0_trans-unet_day02.h5

Epoch 8: val_loss did not improve from 0.01205

Epoch 6: val_loss improved from 0.00003 to 0.00001, saving model to /p/project1/cesmtst/patakchiyousefi1/HPT/mse_64_0.0001_1e-17_0.5_4_2_16_0.5_128_0.0_trans-unet_day02.h5

Epoch 8: val_loss improved from 0.00026 to 0.00016, saving model to /p/project1/cesmtst/patakchiyousefi1/HPT/mse_64_0.0001_1e-17_0.5_4_8_16_0.5_128_0.0_trans-unet_day02.h5

Epoch 8: val_loss did not improve from 0.00001

Epoch 6: val_loss improved from 0.00001 to 0.00001, saving model to /p/project1/cesmtst/patakchiyousefi1/HPT/mse_64_0.001_1e-17_0.5_4_2_16_0.5_128_0.0_trans-unet_day02.h5

Epoch 6: val_loss did not improve from 0.05240

Epoch 6: val_loss improved from 0.03824 to 0.03360, saving model to /p/project1/cesmtst/patakchiyousefi1/HPT/mse_64_1e-05_1e-17_0.5_4_2_16_0.5_128_0.0_trans-unet_day02.h5

Epoch 8: val_loss improved from 0.00016 to 0.00008, saving model to /p/project1/cesmtst/patakchiyousefi1/HPT/mse_64_0.0001_1e-17_0.5_4_4_16_0.5_128_0.0_trans-unet_day02.h5

Epoch 8: val_loss did not improve from 0.00014

Epoch 8: val_loss improved from 0.01479 to 0.01267, saving model to /p/project1/cesmtst/patakchiyousefi1/HPT/mse_64_1e-05_1e-17_0.5_4_4_16_0.5_128_0.0_trans-unet_day02.h5

Epoch 8: val_loss improved from 0.00001 to 0.00001, saving model to /p/project1/cesmtst/patakchiyousefi1/HPT/mse_64_0.01_1e-17_0.5_4_4_16_0.5_128_0.0_trans-unet_day02.h5

Epoch 9: val_loss did not improve from 0.00001

Epoch 9: val_loss improved from 0.01205 to 0.00807, saving model to /p/project1/cesmtst/patakchiyousefi1/HPT/mse_64_1e-05_1e-17_0.5_4_8_16_0.5_128_0.0_trans-unet_day02.h5

Epoch 9: val_loss did not improve from 0.00001

Epoch 9: val_loss improved from 0.00016 to 0.00010, saving model to /p/project1/cesmtst/patakchiyousefi1/HPT/mse_64_0.0001_1e-17_0.5_4_8_16_0.5_128_0.0_trans-unet_day02.h5

Epoch 5: val_loss improved from 0.00001 to 0.00001, saving model to /p/project1/cesmtst/patakchiyousefi1/HPT/mse_64_0.001_1e-17_0.5_4_1_16_0.5_128_0.0_trans-unet_day02.h5

Epoch 5: val_loss improved from 0.03900 to 0.02524, saving model to /p/project1/cesmtst/patakchiyousefi1/HPT/mse_64_1e-05_1e-17_0.5_4_1_16_0.5_128_0.0_trans-unet_day02.h5

Epoch 7: val_loss improved from 0.00001 to 0.00001, saving model to /p/project1/cesmtst/patakchiyousefi1/HPT/mse_64_0.0001_1e-17_0.5_4_2_16_0.5_128_0.0_trans-unet_day02.h5

Epoch 5: val_loss improved from 0.00021 to 0.00007, saving model to /p/project1/cesmtst/patakchiyousefi1/HPT/mse_64_0.0001_1e-17_0.5_4_1_16_0.5_128_0.0_trans-unet_day02.h5

Epoch 7: val_loss improved from 0.03360 to 0.03088, saving model to /p/project1/cesmtst/patakchiyousefi1/HPT/mse_64_1e-05_1e-17_0.5_4_2_16_0.5_128_0.0_trans-unet_day02.h5

Epoch 7: val_loss did not improve from 0.00001

Epoch 7: val_loss did not improve from 0.05240

Epoch 5: val_loss improved from 0.00001 to 0.00001, saving model to /p/project1/cesmtst/patakchiyousefi1/HPT/mse_64_0.01_1e-17_0.5_4_1_16_0.5_128_0.0_trans-unet_day02.h5

Epoch 10: val_loss improved from 0.00001 to 0.00001, saving model to /p/project1/cesmtst/patakchiyousefi1/HPT/mse_64_0.01_1e-17_0.5_4_8_16_0.5_128_0.0_trans-unet_day02.h5

Epoch 10: val_loss did not improve from 0.00807

Epoch 9: val_loss improved from 0.00008 to 0.00005, saving model to /p/project1/cesmtst/patakchiyousefi1/HPT/mse_64_0.0001_1e-17_0.5_4_4_16_0.5_128_0.0_trans-unet_day02.h5

Epoch 9: val_loss did not improve from 0.00014

Epoch 10: val_loss improved from 0.00010 to 0.00007, saving model to /p/project1/cesmtst/patakchiyousefi1/HPT/mse_64_0.0001_1e-17_0.5_4_8_16_0.5_128_0.0_trans-unet_day02.h5

Epoch 10: val_loss did not improve from 0.00001

Epoch 9: val_loss improved from 0.01267 to 0.01198, saving model to /p/project1/cesmtst/patakchiyousefi1/HPT/mse_64_1e-05_1e-17_0.5_4_4_16_0.5_128_0.0_trans-unet_day02.h5

Epoch 9: val_loss improved from 0.00001 to 0.00001, saving model to /p/project1/cesmtst/patakchiyousefi1/HPT/mse_64_0.01_1e-17_0.5_4_4_16_0.5_128_0.0_trans-unet_day02.h5

Epoch 8: val_loss improved from 0.00001 to 0.00001, saving model to /p/project1/cesmtst/patakchiyousefi1/HPT/mse_64_0.0001_1e-17_0.5_4_2_16_0.5_128_0.0_trans-unet_day02.h5

Epoch 8: val_loss improved from 0.03088 to 0.02656, saving model to /p/project1/cesmtst/patakchiyousefi1/HPT/mse_64_1e-05_1e-17_0.5_4_2_16_0.5_128_0.0_trans-unet_day02.h5

Epoch 8: val_loss improved from 0.00001 to 0.00001, saving model to /p/project1/cesmtst/patakchiyousefi1/HPT/mse_64_0.001_1e-17_0.5_4_2_16_0.5_128_0.0_trans-unet_day02.h5

Epoch 11: val_loss improved from 0.00001 to 0.00001, saving model to /p/project1/cesmtst/patakchiyousefi1/HPT/mse_64_0.01_1e-17_0.5_4_8_16_0.5_128_0.0_trans-unet_day02.h5

Epoch 11: val_loss improved from 0.00807 to 0.00768, saving model to /p/project1/cesmtst/patakchiyousefi1/HPT/mse_64_1e-05_1e-17_0.5_4_8_16_0.5_128_0.0_trans-unet_day02.h5

Epoch 8: val_loss did not improve from 0.05240

Epoch 11: val_loss improved from 0.00007 to 0.00006, saving model to /p/project1/cesmtst/patakchiyousefi1/HPT/mse_64_0.0001_1e-17_0.5_4_8_16_0.5_128_0.0_trans-unet_day02.h5

Epoch 10: val_loss improved from 0.00005 to 0.00005, saving model to /p/project1/cesmtst/patakchiyousefi1/HPT/mse_64_0.0001_1e-17_0.5_4_4_16_0.5_128_0.0_trans-unet_day02.h5

Epoch 10: val_loss did not improve from 0.00014

Epoch 11: val_loss did not improve from 0.00001

Epoch 10: val_loss did not improve from 0.00001

Epoch 10: val_loss improved from 0.01198 to 0.01088, saving model to /p/project1/cesmtst/patakchiyousefi1/HPT/mse_64_1e-05_1e-17_0.5_4_4_16_0.5_128_0.0_trans-unet_day02.h5

Epoch 6: val_loss improved from 0.02524 to 0.02086, saving model to /p/project1/cesmtst/patakchiyousefi1/HPT/mse_64_1e-05_1e-17_0.5_4_1_16_0.5_128_0.0_trans-unet_day02.h5

Epoch 6: val_loss did not improve from 0.00001

Epoch 6: val_loss improved from 0.00007 to 0.00004, saving model to /p/project1/cesmtst/patakchiyousefi1/HPT/mse_64_0.0001_1e-17_0.5_4_1_16_0.5_128_0.0_trans-unet_day02.h5

Epoch 6: val_loss improved from 0.00001 to 0.00001, saving model to /p/project1/cesmtst/patakchiyousefi1/HPT/mse_64_0.01_1e-17_0.5_4_1_16_0.5_128_0.0_trans-unet_day02.h5

Epoch 12: val_loss improved from 0.00001 to 0.00001, saving model to /p/project1/cesmtst/patakchiyousefi1/HPT/mse_64_0.01_1e-17_0.5_4_8_16_0.5_128_0.0_trans-unet_day02.h5

Epoch 12: val_loss did not improve from 0.00768

Epoch 9: val_loss improved from 0.00001 to 0.00001, saving model to /p/project1/cesmtst/patakchiyousefi1/HPT/mse_64_0.0001_1e-17_0.5_4_2_16_0.5_128_0.0_trans-unet_day02.h5

Epoch 12: val_loss improved from 0.00006 to 0.00006, saving model to /p/project1/cesmtst/patakchiyousefi1/HPT/mse_64_0.0001_1e-17_0.5_4_8_16_0.5_128_0.0_trans-unet_day02.h5

Epoch 9: val_loss improved from 0.02656 to 0.02395, saving model to /p/project1/cesmtst/patakchiyousefi1/HPT/mse_64_1e-05_1e-17_0.5_4_2_16_0.5_128_0.0_trans-unet_day02.h5

Epoch 12: val_loss did not improve from 0.00001

Epoch 9: val_loss improved from 0.00001 to 0.00001, saving model to /p/project1/cesmtst/patakchiyousefi1/HPT/mse_64_0.001_1e-17_0.5_4_2_16_0.5_128_0.0_trans-unet_day02.h5

Epoch 11: val_loss improved from 0.00005 to 0.00004, saving model to /p/project1/cesmtst/patakchiyousefi1/HPT/mse_64_0.0001_1e-17_0.5_4_4_16_0.5_128_0.0_trans-unet_day02.h5

Epoch 11: val_loss did not improve from 0.00014

Epoch 9: val_loss did not improve from 0.05240

Epoch 11: val_loss did not improve from 0.00001

Epoch 11: val_loss improved from 0.01088 to 0.01031, saving model to /p/project1/cesmtst/patakchiyousefi1/HPT/mse_64_1e-05_1e-17_0.5_4_4_16_0.5_128_0.0_trans-unet_day02.h5

Epoch 13: val_loss improved from 0.00001 to 0.00001, saving model to /p/project1/cesmtst/patakchiyousefi1/HPT/mse_64_0.01_1e-17_0.5_4_8_16_0.5_128_0.0_trans-unet_day02.h5

Epoch 13: val_loss improved from 0.00768 to 0.00726, saving model to /p/project1/cesmtst/patakchiyousefi1/HPT/mse_64_1e-05_1e-17_0.5_4_8_16_0.5_128_0.0_trans-unet_day02.h5

Epoch 13: val_loss improved from 0.00006 to 0.00006, saving model to /p/project1/cesmtst/patakchiyousefi1/HPT/mse_64_0.0001_1e-17_0.5_4_8_16_0.5_128_0.0_trans-unet_day02.h5

Epoch 7: val_loss improved from 0.02086 to 0.01589, saving model to /p/project1/cesmtst/patakchiyousefi1/HPT/mse_64_1e-05_1e-17_0.5_4_1_16_0.5_128_0.0_trans-unet_day02.h5

Epoch 7: val_loss improved from 0.00004 to 0.00001, saving model to /p/project1/cesmtst/patakchiyousefi1/HPT/mse_64_0.0001_1e-17_0.5_4_1_16_0.5_128_0.0_trans-unet_day02.h5

Epoch 13: val_loss did not improve from 0.00001

Epoch 7: val_loss improved from 0.00001 to 0.00001, saving model to /p/project1/cesmtst/patakchiyousefi1/HPT/mse_64_0.001_1e-17_0.5_4_1_16_0.5_128_0.0_trans-unet_day02.h5

Epoch 12: val_loss did not improve from 0.00004

Epoch 12: val_loss did not improve from 0.00014

Epoch 12: val_loss did not improve from 0.00001

Epoch 10: val_loss improved from 0.00001 to 0.00001, saving model to /p/project1/cesmtst/patakchiyousefi1/HPT/mse_64_0.0001_1e-17_0.5_4_2_16_0.5_128_0.0_trans-unet_day02.h5

Epoch 12: val_loss improved from 0.01031 to 0.00963, saving model to /p/project1/cesmtst/patakchiyousefi1/HPT/mse_64_1e-05_1e-17_0.5_4_4_16_0.5_128_0.0_trans-unet_day02.h5

Epoch 10: val_loss improved from 0.02395 to 0.02160, saving model to /p/project1/cesmtst/patakchiyousefi1/HPT/mse_64_1e-05_1e-17_0.5_4_2_16_0.5_128_0.0_trans-unet_day02.h5

Epoch 7: val_loss improved from 0.00001 to 0.00001, saving model to /p/project1/cesmtst/patakchiyousefi1/HPT/mse_64_0.01_1e-17_0.5_4_1_16_0.5_128_0.0_trans-unet_day02.h5

Epoch 10: val_loss did not improve from 0.00001

Epoch 10: val_loss did not improve from 0.05240

Epoch 14: val_loss improved from 0.00001 to 0.00001, saving model to /p/project1/cesmtst/patakchiyousefi1/HPT/mse_64_0.01_1e-17_0.5_4_8_16_0.5_128_0.0_trans-unet_day02.h5

Epoch 14: val_loss did not improve from 0.00726

Epoch 14: val_loss improved from 0.00006 to 0.00004, saving model to /p/project1/cesmtst/patakchiyousefi1/HPT/mse_64_0.0001_1e-17_0.5_4_8_16_0.5_128_0.0_trans-unet_day02.h5

Epoch 14: val_loss did not improve from 0.00001

Epoch 13: val_loss did not improve from 0.00004

Epoch 13: val_loss did not improve from 0.00014

Epoch 13: val_loss did not improve from 0.00001

Epoch 13: val_loss improved from 0.00963 to 0.00920, saving model to /p/project1/cesmtst/patakchiyousefi1/HPT/mse_64_1e-05_1e-17_0.5_4_4_16_0.5_128_0.0_trans-unet_day02.h5

Epoch 11: val_loss improved from 0.00001 to 0.00001, saving model to /p/project1/cesmtst/patakchiyousefi1/HPT/mse_64_0.0001_1e-17_0.5_4_2_16_0.5_128_0.0_trans-unet_day02.h5

Epoch 11: val_loss improved from 0.02160 to 0.02056, saving model to /p/project1/cesmtst/patakchiyousefi1/HPT/mse_64_1e-05_1e-17_0.5_4_2_16_0.5_128_0.0_trans-unet_day02.h5

Epoch 15: val_loss did not improve from 0.00001

Epoch 15: val_loss improved from 0.00726 to 0.00648, saving model to /p/project1/cesmtst/patakchiyousefi1/HPT/mse_64_1e-05_1e-17_0.5_4_8_16_0.5_128_0.0_trans-unet_day02.h5

Epoch 11: val_loss did not improve from 0.00001

Epoch 11: val_loss did not improve from 0.05240

Epoch 8: val_loss improved from 0.01589 to 0.01116, saving model to /p/project1/cesmtst/patakchiyousefi1/HPT/mse_64_1e-05_1e-17_0.5_4_1_16_0.5_128_0.0_trans-unet_day02.h5

Epoch 8: val_loss improved from 0.00001 to 0.00001, saving model to /p/project1/cesmtst/patakchiyousefi1/HPT/mse_64_0.0001_1e-17_0.5_4_1_16_0.5_128_0.0_trans-unet_day02.h5

Epoch 8: val_loss did not improve from 0.00001

Epoch 15: val_loss improved from 0.00004 to 0.00004, saving model to /p/project1/cesmtst/patakchiyousefi1/HPT/mse_64_0.0001_1e-17_0.5_4_8_16_0.5_128_0.0_trans-unet_day02.h5

Epoch 15: val_loss did not improve from 0.00001

Epoch 14: val_loss did not improve from 0.00004

Epoch 14: val_loss did not improve from 0.00014

Epoch 8: val_loss improved from 0.00001 to 0.00001, saving model to /p/project1/cesmtst/patakchiyousefi1/HPT/mse_64_0.01_1e-17_0.5_4_1_16_0.5_128_0.0_trans-unet_day02.h5

Epoch 14: val_loss did not improve from 0.00001

Epoch 14: val_loss improved from 0.00920 to 0.00870, saving model to /p/project1/cesmtst/patakchiyousefi1/HPT/mse_64_1e-05_1e-17_0.5_4_4_16_0.5_128_0.0_trans-unet_day02.h5

Epoch 16: val_loss did not improve from 0.00001

Epoch 16: val_loss did not improve from 0.00648

Epoch 16: val_loss improved from 0.00004 to 0.00003, saving model to /p/project1/cesmtst/patakchiyousefi1/HPT/mse_64_0.0001_1e-17_0.5_4_8_16_0.5_128_0.0_trans-unet_day02.h5

Epoch 16: val_loss did not improve from 0.00001

Epoch 12: val_loss improved from 0.00001 to 0.00001, saving model to /p/project1/cesmtst/patakchiyousefi1/HPT/mse_64_0.0001_1e-17_0.5_4_2_16_0.5_128_0.0_trans-unet_day02.h5

Epoch 12: val_loss improved from 0.02056 to 0.01850, saving model to /p/project1/cesmtst/patakchiyousefi1/HPT/mse_64_1e-05_1e-17_0.5_4_2_16_0.5_128_0.0_trans-unet_day02.h5

Epoch 12: val_loss improved from 0.00001 to 0.00001, saving model to /p/project1/cesmtst/patakchiyousefi1/HPT/mse_64_0.001_1e-17_0.5_4_2_16_0.5_128_0.0_trans-unet_day02.h5

Epoch 12: val_loss did not improve from 0.05240

Epoch 15: val_loss did not improve from 0.00004

Epoch 15: val_loss did not improve from 0.00014

Epoch 15: val_loss did not improve from 0.00001

Epoch 15: val_loss improved from 0.00870 to 0.00836, saving model to /p/project1/cesmtst/patakchiyousefi1/HPT/mse_64_1e-05_1e-17_0.5_4_4_16_0.5_128_0.0_trans-unet_day02.h5

Epoch 9: val_loss did not improve from 0.01116

Epoch 9: val_loss improved from 0.00001 to 0.00001, saving model to /p/project1/cesmtst/patakchiyousefi1/HPT/mse_64_0.001_1e-17_0.5_4_1_16_0.5_128_0.0_trans-unet_day02.h5

Epoch 17: val_loss did not improve from 0.00001

Epoch 17: val_loss improved from 0.00648 to 0.00644, saving model to /p/project1/cesmtst/patakchiyousefi1/HPT/mse_64_1e-05_1e-17_0.5_4_8_16_0.5_128_0.0_trans-unet_day02.h5

Epoch 9: val_loss improved from 0.00001 to 0.00001, saving model to /p/project1/cesmtst/patakchiyousefi1/HPT/mse_64_0.0001_1e-17_0.5_4_1_16_0.5_128_0.0_trans-unet_day02.h5

Epoch 17: val_loss improved from 0.00003 to 0.00003, saving model to /p/project1/cesmtst/patakchiyousefi1/HPT/mse_64_0.0001_1e-17_0.5_4_8_16_0.5_128_0.0_trans-unet_day02.h5

Epoch 17: val_loss did not improve from 0.00001

Epoch 9: val_loss improved from 0.00001 to 0.00001, saving model to /p/project1/cesmtst/patakchiyousefi1/HPT/mse_64_0.01_1e-17_0.5_4_1_16_0.5_128_0.0_trans-unet_day02.h5

Epoch 13: val_loss improved from 0.00001 to 0.00001, saving model to /p/project1/cesmtst/patakchiyousefi1/HPT/mse_64_0.0001_1e-17_0.5_4_2_16_0.5_128_0.0_trans-unet_day02.h5

Epoch 13: val_loss improved from 0.01850 to 0.01722, saving model to /p/project1/cesmtst/patakchiyousefi1/HPT/mse_64_1e-05_1e-17_0.5_4_2_16_0.5_128_0.0_trans-unet_day02.h5

Epoch 13: val_loss did not improve from 0.00001

Epoch 13: val_loss did not improve from 0.05240

Epoch 16: val_loss improved from 0.00004 to 0.00004, saving model to /p/project1/cesmtst/patakchiyousefi1/HPT/mse_64_0.0001_1e-17_0.5_4_4_16_0.5_128_0.0_trans-unet_day02.h5

Epoch 16: val_loss did not improve from 0.00014

Epoch 16: val_loss did not improve from 0.00001

Epoch 18: val_loss did not improve from 0.00001

Epoch 18: val_loss did not improve from 0.00644

Epoch 16: val_loss improved from 0.00836 to 0.00794, saving model to /p/project1/cesmtst/patakchiyousefi1/HPT/mse_64_1e-05_1e-17_0.5_4_4_16_0.5_128_0.0_trans-unet_day02.h5

Epoch 18: val_loss improved from 0.00003 to 0.00003, saving model to /p/project1/cesmtst/patakchiyousefi1/HPT/mse_64_0.0001_1e-17_0.5_4_8_16_0.5_128_0.0_trans-unet_day02.h5

Epoch 18: val_loss did not improve from 0.00001

Epoch 10: val_loss improved from 0.01116 to 0.01007, saving model to /p/project1/cesmtst/patakchiyousefi1/HPT/mse_64_1e-05_1e-17_0.5_4_1_16_0.5_128_0.0_trans-unet_day02.h5

Epoch 10: val_loss improved from 0.00001 to 0.00001, saving model to /p/project1/cesmtst/patakchiyousefi1/HPT/mse_64_0.0001_1e-17_0.5_4_1_16_0.5_128_0.0_trans-unet_day02.h5

Epoch 10: val_loss did not improve from 0.00001

Epoch 14: val_loss improved from 0.00001 to 0.00001, saving model to /p/project1/cesmtst/patakchiyousefi1/HPT/mse_64_0.0001_1e-17_0.5_4_2_16_0.5_128_0.0_trans-unet_day02.h5

Epoch 19: val_loss improved from 0.00001 to 0.00001, saving model to /p/project1/cesmtst/patakchiyousefi1/HPT/mse_64_0.01_1e-17_0.5_4_8_16_0.5_128_0.0_trans-unet_day02.h5

Epoch 19: val_loss improved from 0.00644 to 0.00596, saving model to /p/project1/cesmtst/patakchiyousefi1/HPT/mse_64_1e-05_1e-17_0.5_4_8_16_0.5_128_0.0_trans-unet_day02.h5

Epoch 17: val_loss improved from 0.00004 to 0.00004, saving model to /p/project1/cesmtst/patakchiyousefi1/HPT/mse_64_0.0001_1e-17_0.5_4_4_16_0.5_128_0.0_trans-unet_day02.h5

Epoch 17: val_loss did not improve from 0.00014

Epoch 14: val_loss did not improve from 0.00001

Epoch 14: val_loss did not improve from 0.05240

Epoch 14: val_loss improved from 0.01722 to 0.01640, saving model to /p/project1/cesmtst/patakchiyousefi1/HPT/mse_64_1e-05_1e-17_0.5_4_2_16_0.5_128_0.0_trans-unet_day02.h5

Epoch 17: val_loss did not improve from 0.00001

Epoch 17: val_loss improved from 0.00794 to 0.00768, saving model to /p/project1/cesmtst/patakchiyousefi1/HPT/mse_64_1e-05_1e-17_0.5_4_4_16_0.5_128_0.0_trans-unet_day02.h5

Epoch 19: val_loss improved from 0.00003 to 0.00003, saving model to /p/project1/cesmtst/patakchiyousefi1/HPT/mse_64_0.0001_1e-17_0.5_4_8_16_0.5_128_0.0_trans-unet_day02.h5

Epoch 19: val_loss did not improve from 0.00001

Epoch 10: val_loss did not improve from 0.00001

Epoch 20: val_loss improved from 0.00001 to 0.00001, saving model to /p/project1/cesmtst/patakchiyousefi1/HPT/mse_64_0.01_1e-17_0.5_4_8_16_0.5_128_0.0_trans-unet_day02.h5

Epoch 20: val_loss did not improve from 0.00596

Epoch 18: val_loss did not improve from 0.00014

Epoch 18: val_loss improved from 0.00004 to 0.00004, saving model to /p/project1/cesmtst/patakchiyousefi1/HPT/mse_64_0.0001_1e-17_0.5_4_4_16_0.5_128_0.0_trans-unet_day02.h5

Epoch 18: val_loss did not improve from 0.00001

Epoch 20: val_loss improved from 0.00003 to 0.00002, saving model to /p/project1/cesmtst/patakchiyousefi1/HPT/mse_64_0.0001_1e-17_0.5_4_8_16_0.5_128_0.0_trans-unet_day02.h5

Epoch 20: val_loss did not improve from 0.00001

Epoch 18: val_loss improved from 0.00768 to 0.00729, saving model to /p/project1/cesmtst/patakchiyousefi1/HPT/mse_64_1e-05_1e-17_0.5_4_4_16_0.5_128_0.0_trans-unet_day02.h5

Epoch 15: val_loss improved from 0.00001 to 0.00001, saving model to /p/project1/cesmtst/patakchiyousefi1/HPT/mse_64_0.0001_1e-17_0.5_4_2_16_0.5_128_0.0_trans-unet_day02.h5

Epoch 15: val_loss did not improve from 0.00001

Epoch 15: val_loss did not improve from 0.05240

Epoch 15: val_loss improved from 0.01640 to 0.01557, saving model to /p/project1/cesmtst/patakchiyousefi1/HPT/mse_64_1e-05_1e-17_0.5_4_2_16_0.5_128_0.0_trans-unet_day02.h5

Epoch 11: val_loss improved from 0.01007 to 0.00625, saving model to /p/project1/cesmtst/patakchiyousefi1/HPT/mse_64_1e-05_1e-17_0.5_4_1_16_0.5_128_0.0_trans-unet_day02.h5

Epoch 11: val_loss improved from 0.00001 to 0.00001, saving model to /p/project1/cesmtst/patakchiyousefi1/HPT/mse_64_0.0001_1e-17_0.5_4_1_16_0.5_128_0.0_trans-unet_day02.h5

Epoch 11: val_loss did not improve from 0.00001

Epoch 21: val_loss improved from 0.00001 to 0.00001, saving model to /p/project1/cesmtst/patakchiyousefi1/HPT/mse_64_0.01_1e-17_0.5_4_8_16_0.5_128_0.0_trans-unet_day02.h5

Epoch 21: val_loss improved from 0.00596 to 0.00562, saving model to /p/project1/cesmtst/patakchiyousefi1/HPT/mse_64_1e-05_1e-17_0.5_4_8_16_0.5_128_0.0_trans-unet_day02.h5

Epoch 19: val_loss did not improve from 0.00014

Epoch 19: val_loss improved from 0.00004 to 0.00003, saving model to /p/project1/cesmtst/patakchiyousefi1/HPT/mse_64_0.0001_1e-17_0.5_4_4_16_0.5_128_0.0_trans-unet_day02.h5

Epoch 21: val_loss improved from 0.00002 to 0.00002, saving model to /p/project1/cesmtst/patakchiyousefi1/HPT/mse_64_0.0001_1e-17_0.5_4_8_16_0.5_128_0.0_trans-unet_day02.h5

Epoch 19: val_loss did not improve from 0.00001

Epoch 21: val_loss did not improve from 0.00001

Epoch 11: val_loss improved from 0.00001 to 0.00001, saving model to /p/project1/cesmtst/patakchiyousefi1/HPT/mse_64_0.01_1e-17_0.5_4_1_16_0.5_128_0.0_trans-unet_day02.h5

Epoch 19: val_loss improved from 0.00729 to 0.00704, saving model to /p/project1/cesmtst/patakchiyousefi1/HPT/mse_64_1e-05_1e-17_0.5_4_4_16_0.5_128_0.0_trans-unet_day02.h5

Epoch 16: val_loss improved from 0.00001 to 0.00001, saving model to /p/project1/cesmtst/patakchiyousefi1/HPT/mse_64_0.0001_1e-17_0.5_4_2_16_0.5_128_0.0_trans-unet_day02.h5

Epoch 16: val_loss did not improve from 0.05240

Epoch 16: val_loss did not improve from 0.00001

Epoch 16: val_loss improved from 0.01557 to 0.01474, saving model to /p/project1/cesmtst/patakchiyousefi1/HPT/mse_64_1e-05_1e-17_0.5_4_2_16_0.5_128_0.0_trans-unet_day02.h5

Epoch 22: val_loss improved from 0.00001 to 0.00001, saving model to /p/project1/cesmtst/patakchiyousefi1/HPT/mse_64_0.01_1e-17_0.5_4_8_16_0.5_128_0.0_trans-unet_day02.h5

Epoch 22: val_loss did not improve from 0.00562

Epoch 22: val_loss improved from 0.00002 to 0.00002, saving model to /p/project1/cesmtst/patakchiyousefi1/HPT/mse_64_0.0001_1e-17_0.5_4_8_16_0.5_128_0.0_trans-unet_day02.h5

Epoch 20: val_loss did not improve from 0.00014
Saving and plotting the results...

Epoch 20: val_loss improved from 0.00003 to 0.00003, saving model to /p/project1/cesmtst/patakchiyousefi1/HPT/mse_64_0.0001_1e-17_0.5_4_4_16_0.5_128_0.0_trans-unet_day02.h5

Epoch 22: val_loss did not improve from 0.00001
Saving and plotting the results...

Epoch 20: val_loss did not improve from 0.00001

Epoch 12: val_loss improved from 0.00625 to 0.00500, saving model to /p/project1/cesmtst/patakchiyousefi1/HPT/mse_64_1e-05_1e-17_0.5_4_1_16_0.5_128_0.0_trans-unet_day02.h5

Epoch 20: val_loss improved from 0.00704 to 0.00667, saving model to /p/project1/cesmtst/patakchiyousefi1/HPT/mse_64_1e-05_1e-17_0.5_4_4_16_0.5_128_0.0_trans-unet_day02.h5

Epoch 12: val_loss improved from 0.00001 to 0.00001, saving model to /p/project1/cesmtst/patakchiyousefi1/HPT/mse_64_0.001_1e-17_0.5_4_1_16_0.5_128_0.0_trans-unet_day02.h5

Epoch 12: val_loss improved from 0.00001 to 0.00001, saving model to /p/project1/cesmtst/patakchiyousefi1/HPT/mse_64_0.0001_1e-17_0.5_4_1_16_0.5_128_0.0_trans-unet_day02.h5

Epoch 23: val_loss improved from 0.00001 to 0.00001, saving model to /p/project1/cesmtst/patakchiyousefi1/HPT/mse_64_0.01_1e-17_0.5_4_8_16_0.5_128_0.0_trans-unet_day02.h5

Epoch 23: val_loss did not improve from 0.00562

Epoch 17: val_loss improved from 0.00001 to 0.00001, saving model to /p/project1/cesmtst/patakchiyousefi1/HPT/mse_64_0.0001_1e-17_0.5_4_2_16_0.5_128_0.0_trans-unet_day02.h5

Epoch 17: val_loss did not improve from 0.05240

Epoch 17: val_loss improved from 0.01474 to 0.01403, saving model to /p/project1/cesmtst/patakchiyousefi1/HPT/mse_64_1e-05_1e-17_0.5_4_2_16_0.5_128_0.0_trans-unet_day02.h5

Epoch 17: val_loss did not improve from 0.00001

Epoch 23: val_loss improved from 0.00002 to 0.00002, saving model to /p/project1/cesmtst/patakchiyousefi1/HPT/mse_64_0.0001_1e-17_0.5_4_8_16_0.5_128_0.0_trans-unet_day02.h5

Epoch 12: val_loss improved from 0.00001 to 0.00001, saving model to /p/project1/cesmtst/patakchiyousefi1/HPT/mse_64_0.01_1e-17_0.5_4_1_16_0.5_128_0.0_trans-unet_day02.h5

Epoch 21: val_loss improved from 0.00003 to 0.00003, saving model to /p/project1/cesmtst/patakchiyousefi1/HPT/mse_64_0.0001_1e-17_0.5_4_4_16_0.5_128_0.0_trans-unet_day02.h5

Epoch 21: val_loss did not improve from 0.00001

Epoch 21: val_loss improved from 0.00667 to 0.00643, saving model to /p/project1/cesmtst/patakchiyousefi1/HPT/mse_64_1e-05_1e-17_0.5_4_4_16_0.5_128_0.0_trans-unet_day02.h5

Epoch 24: val_loss improved from 0.00001 to 0.00001, saving model to /p/project1/cesmtst/patakchiyousefi1/HPT/mse_64_0.01_1e-17_0.5_4_8_16_0.5_128_0.0_trans-unet_day02.h5

Epoch 24: val_loss did not improve from 0.00562

Epoch 24: val_loss did not improve from 0.00002

Epoch 18: val_loss improved from 0.00001 to 0.00001, saving model to /p/project1/cesmtst/patakchiyousefi1/HPT/mse_64_0.0001_1e-17_0.5_4_2_16_0.5_128_0.0_trans-unet_day02.h5

Epoch 13: val_loss did not improve from 0.00500

Epoch 18: val_loss improved from 0.01403 to 0.01398, saving model to /p/project1/cesmtst/patakchiyousefi1/HPT/mse_64_1e-05_1e-17_0.5_4_2_16_0.5_128_0.0_trans-unet_day02.h5

Epoch 18: val_loss did not improve from 0.00001

Epoch 18: val_loss did not improve from 0.05240

Epoch 22: val_loss improved from 0.00003 to 0.00003, saving model to /p/project1/cesmtst/patakchiyousefi1/HPT/mse_64_0.0001_1e-17_0.5_4_4_16_0.5_128_0.0_trans-unet_day02.h5

Epoch 13: val_loss did not improve from 0.00001

Epoch 22: val_loss did not improve from 0.00001

Epoch 13: val_loss improved from 0.00001 to 0.00001, saving model to /p/project1/cesmtst/patakchiyousefi1/HPT/mse_64_0.0001_1e-17_0.5_4_1_16_0.5_128_0.0_trans-unet_day02.h5

Epoch 22: val_loss improved from 0.00643 to 0.00608, saving model to /p/project1/cesmtst/patakchiyousefi1/HPT/mse_64_1e-05_1e-17_0.5_4_4_16_0.5_128_0.0_trans-unet_day02.h5

Epoch 25: val_loss improved from 0.00001 to 0.00001, saving model to /p/project1/cesmtst/patakchiyousefi1/HPT/mse_64_0.01_1e-17_0.5_4_8_16_0.5_128_0.0_trans-unet_day02.h5

Epoch 25: val_loss did not improve from 0.00562

Epoch 13: val_loss did not improve from 0.00001

Epoch 25: val_loss did not improve from 0.00002

Epoch 23: val_loss did not improve from 0.00003

Epoch 19: val_loss improved from 0.00001 to 0.00001, saving model to /p/project1/cesmtst/patakchiyousefi1/HPT/mse_64_0.0001_1e-17_0.5_4_2_16_0.5_128_0.0_trans-unet_day02.h5

Epoch 23: val_loss did not improve from 0.00001

Epoch 19: val_loss improved from 0.01398 to 0.01378, saving model to /p/project1/cesmtst/patakchiyousefi1/HPT/mse_64_1e-05_1e-17_0.5_4_2_16_0.5_128_0.0_trans-unet_day02.h5

Epoch 19: val_loss did not improve from 0.05240

Epoch 26: val_loss improved from 0.00001 to 0.00001, saving model to /p/project1/cesmtst/patakchiyousefi1/HPT/mse_64_0.01_1e-17_0.5_4_8_16_0.5_128_0.0_trans-unet_day02.h5

Epoch 19: val_loss did not improve from 0.00001

Epoch 23: val_loss improved from 0.00608 to 0.00588, saving model to /p/project1/cesmtst/patakchiyousefi1/HPT/mse_64_1e-05_1e-17_0.5_4_4_16_0.5_128_0.0_trans-unet_day02.h5

Epoch 26: val_loss did not improve from 0.00562

Epoch 14: val_loss did not improve from 0.00500

Epoch 26: val_loss improved from 0.00002 to 0.00002, saving model to /p/project1/cesmtst/patakchiyousefi1/HPT/mse_64_0.0001_1e-17_0.5_4_8_16_0.5_128_0.0_trans-unet_day02.h5

Epoch 14: val_loss did not improve from 0.00001

Epoch 14: val_loss improved from 0.00001 to 0.00001, saving model to /p/project1/cesmtst/patakchiyousefi1/HPT/mse_64_0.0001_1e-17_0.5_4_1_16_0.5_128_0.0_trans-unet_day02.h5

Epoch 24: val_loss did not improve from 0.00003

Epoch 24: val_loss did not improve from 0.00001

Epoch 27: val_loss improved from 0.00001 to 0.00001, saving model to /p/project1/cesmtst/patakchiyousefi1/HPT/mse_64_0.01_1e-17_0.5_4_8_16_0.5_128_0.0_trans-unet_day02.h5

Epoch 27: val_loss did not improve from 0.00562

Epoch 20: val_loss improved from 0.00001 to 0.00001, saving model to /p/project1/cesmtst/patakchiyousefi1/HPT/mse_64_0.0001_1e-17_0.5_4_2_16_0.5_128_0.0_trans-unet_day02.h5

Epoch 24: val_loss improved from 0.00588 to 0.00557, saving model to /p/project1/cesmtst/patakchiyousefi1/HPT/mse_64_1e-05_1e-17_0.5_4_4_16_0.5_128_0.0_trans-unet_day02.h5

Epoch 14: val_loss improved from 0.00001 to 0.00001, saving model to /p/project1/cesmtst/patakchiyousefi1/HPT/mse_64_0.01_1e-17_0.5_4_1_16_0.5_128_0.0_trans-unet_day02.h5

Epoch 20: val_loss improved from 0.01378 to 0.01367, saving model to /p/project1/cesmtst/patakchiyousefi1/HPT/mse_64_1e-05_1e-17_0.5_4_2_16_0.5_128_0.0_trans-unet_day02.h5

Epoch 20: val_loss did not improve from 0.05240
Saving and plotting the results...

Epoch 27: val_loss did not improve from 0.00002

Epoch 20: val_loss did not improve from 0.00001

Epoch 25: val_loss did not improve from 0.00003

Epoch 28: val_loss improved from 0.00001 to 0.00001, saving model to /p/project1/cesmtst/patakchiyousefi1/HPT/mse_64_0.01_1e-17_0.5_4_8_16_0.5_128_0.0_trans-unet_day02.h5

Epoch 28: val_loss did not improve from 0.00562

Epoch 25: val_loss did not improve from 0.00001
Saving and plotting the results...

Epoch 15: val_loss did not improve from 0.00500

Epoch 25: val_loss improved from 0.00557 to 0.00541, saving model to /p/project1/cesmtst/patakchiyousefi1/HPT/mse_64_1e-05_1e-17_0.5_4_4_16_0.5_128_0.0_trans-unet_day02.h5

Epoch 21: val_loss did not improve from 0.00001

Epoch 15: val_loss did not improve from 0.00001

Epoch 28: val_loss improved from 0.00002 to 0.00001, saving model to /p/project1/cesmtst/patakchiyousefi1/HPT/mse_64_0.0001_1e-17_0.5_4_8_16_0.5_128_0.0_trans-unet_day02.h5

Epoch 15: val_loss improved from 0.00001 to 0.00001, saving model to /p/project1/cesmtst/patakchiyousefi1/HPT/mse_64_0.0001_1e-17_0.5_4_1_16_0.5_128_0.0_trans-unet_day02.h5

Epoch 21: val_loss improved from 0.01367 to 0.01351, saving model to /p/project1/cesmtst/patakchiyousefi1/HPT/mse_64_1e-05_1e-17_0.5_4_2_16_0.5_128_0.0_trans-unet_day02.h5

Epoch 21: val_loss improved from 0.00001 to 0.00001, saving model to /p/project1/cesmtst/patakchiyousefi1/HPT/mse_64_0.001_1e-17_0.5_4_2_16_0.5_128_0.0_trans-unet_day02.h5

Epoch 29: val_loss improved from 0.00001 to 0.00001, saving model to /p/project1/cesmtst/patakchiyousefi1/HPT/mse_64_0.01_1e-17_0.5_4_8_16_0.5_128_0.0_trans-unet_day02.h5

Epoch 29: val_loss did not improve from 0.00562

Epoch 26: val_loss did not improve from 0.00003

Epoch 15: val_loss did not improve from 0.00001

Epoch 26: val_loss improved from 0.00541 to 0.00513, saving model to /p/project1/cesmtst/patakchiyousefi1/HPT/mse_64_1e-05_1e-17_0.5_4_4_16_0.5_128_0.0_trans-unet_day02.h5

Epoch 29: val_loss improved from 0.00001 to 0.00001, saving model to /p/project1/cesmtst/patakchiyousefi1/HPT/mse_64_0.0001_1e-17_0.5_4_8_16_0.5_128_0.0_trans-unet_day02.h5

Epoch 22: val_loss did not improve from 0.00001

Epoch 30: val_loss improved from 0.00001 to 0.00001, saving model to /p/project1/cesmtst/patakchiyousefi1/HPT/mse_64_0.01_1e-17_0.5_4_8_16_0.5_128_0.0_trans-unet_day02.h5

Epoch 30: val_loss did not improve from 0.00562

Epoch 22: val_loss did not improve from 0.01351

Epoch 16: val_loss did not improve from 0.00500

Epoch 27: val_loss improved from 0.00003 to 0.00003, saving model to /p/project1/cesmtst/patakchiyousefi1/HPT/mse_64_0.0001_1e-17_0.5_4_4_16_0.5_128_0.0_trans-unet_day02.h5

Epoch 16: val_loss did not improve from 0.00001

Epoch 22: val_loss did not improve from 0.00001

Epoch 27: val_loss improved from 0.00513 to 0.00501, saving model to /p/project1/cesmtst/patakchiyousefi1/HPT/mse_64_1e-05_1e-17_0.5_4_4_16_0.5_128_0.0_trans-unet_day02.h5

Epoch 16: val_loss did not improve from 0.00001

Epoch 30: val_loss improved from 0.00001 to 0.00001, saving model to /p/project1/cesmtst/patakchiyousefi1/HPT/mse_64_0.0001_1e-17_0.5_4_8_16_0.5_128_0.0_trans-unet_day02.h5

Epoch 31: val_loss did not improve from 0.00562

Epoch 31: val_loss did not improve from 0.00001

Epoch 23: val_loss improved from 0.00001 to 0.00001, saving model to /p/project1/cesmtst/patakchiyousefi1/HPT/mse_64_0.0001_1e-17_0.5_4_2_16_0.5_128_0.0_trans-unet_day02.h5

Epoch 16: val_loss did not improve from 0.00001

Epoch 23: val_loss improved from 0.01351 to 0.01336, saving model to /p/project1/cesmtst/patakchiyousefi1/HPT/mse_64_1e-05_1e-17_0.5_4_2_16_0.5_128_0.0_trans-unet_day02.h5

Epoch 28: val_loss did not improve from 0.00003

Epoch 28: val_loss improved from 0.00501 to 0.00477, saving model to /p/project1/cesmtst/patakchiyousefi1/HPT/mse_64_1e-05_1e-17_0.5_4_4_16_0.5_128_0.0_trans-unet_day02.h5

Epoch 31: val_loss did not improve from 0.00001

Epoch 23: val_loss did not improve from 0.00001

Epoch 32: val_loss did not improve from 0.00562

Epoch 32: val_loss improved from 0.00001 to 0.00001, saving model to /p/project1/cesmtst/patakchiyousefi1/HPT/mse_64_0.01_1e-17_0.5_4_8_16_0.5_128_0.0_trans-unet_day02.h5

Epoch 17: val_loss did not improve from 0.00500

Epoch 17: val_loss did not improve from 0.00001

Epoch 17: val_loss did not improve from 0.00001

Epoch 29: val_loss did not improve from 0.00003

Epoch 24: val_loss did not improve from 0.00001

Epoch 24: val_loss improved from 0.01336 to 0.01328, saving model to /p/project1/cesmtst/patakchiyousefi1/HPT/mse_64_1e-05_1e-17_0.5_4_2_16_0.5_128_0.0_trans-unet_day02.h5

Epoch 32: val_loss did not improve from 0.00001

Epoch 29: val_loss improved from 0.00477 to 0.00467, saving model to /p/project1/cesmtst/patakchiyousefi1/HPT/mse_64_1e-05_1e-17_0.5_4_4_16_0.5_128_0.0_trans-unet_day02.h5

Epoch 33: val_loss did not improve from 0.00562

Epoch 33: val_loss did not improve from 0.00001

Epoch 17: val_loss improved from 0.00001 to 0.00001, saving model to /p/project1/cesmtst/patakchiyousefi1/HPT/mse_64_0.01_1e-17_0.5_4_1_16_0.5_128_0.0_trans-unet_day02.h5

Epoch 24: val_loss did not improve from 0.00001

Epoch 30: val_loss did not improve from 0.00003

Epoch 33: val_loss did not improve from 0.00001

Epoch 18: val_loss did not improve from 0.00500

Epoch 30: val_loss improved from 0.00467 to 0.00445, saving model to /p/project1/cesmtst/patakchiyousefi1/HPT/mse_64_1e-05_1e-17_0.5_4_4_16_0.5_128_0.0_trans-unet_day02.h5

Epoch 25: val_loss did not improve from 0.00001

Epoch 34: val_loss did not improve from 0.00562

Epoch 34: val_loss improved from 0.00001 to 0.00001, saving model to /p/project1/cesmtst/patakchiyousefi1/HPT/mse_64_0.01_1e-17_0.5_4_8_16_0.5_128_0.0_trans-unet_day02.h5

Epoch 25: val_loss improved from 0.01328 to 0.01237, saving model to /p/project1/cesmtst/patakchiyousefi1/HPT/mse_64_1e-05_1e-17_0.5_4_2_16_0.5_128_0.0_trans-unet_day02.h5

Epoch 18: val_loss did not improve from 0.00001

Epoch 18: val_loss did not improve from 0.00001

Epoch 25: val_loss did not improve from 0.00001

Epoch 34: val_loss did not improve from 0.00001

Epoch 31: val_loss did not improve from 0.00003

Epoch 35: val_loss did not improve from 0.00562

Epoch 35: val_loss improved from 0.00001 to 0.00001, saving model to /p/project1/cesmtst/patakchiyousefi1/HPT/mse_64_0.01_1e-17_0.5_4_8_16_0.5_128_0.0_trans-unet_day02.h5

Epoch 18: val_loss did not improve from 0.00001

Epoch 31: val_loss improved from 0.00445 to 0.00438, saving model to /p/project1/cesmtst/patakchiyousefi1/HPT/mse_64_1e-05_1e-17_0.5_4_4_16_0.5_128_0.0_trans-unet_day02.h5

Epoch 26: val_loss did not improve from 0.00001

Epoch 26: val_loss improved from 0.01237 to 0.01167, saving model to /p/project1/cesmtst/patakchiyousefi1/HPT/mse_64_1e-05_1e-17_0.5_4_2_16_0.5_128_0.0_trans-unet_day02.h5

Epoch 35: val_loss improved from 0.00001 to 0.00001, saving model to /p/project1/cesmtst/patakchiyousefi1/HPT/mse_64_0.0001_1e-17_0.5_4_8_16_0.5_128_0.0_trans-unet_day02.h5

Epoch 19: val_loss did not improve from 0.00500

Epoch 32: val_loss did not improve from 0.00003

Epoch 36: val_loss did not improve from 0.00562

Epoch 26: val_loss did not improve from 0.00001

Epoch 36: val_loss did not improve from 0.00001

Epoch 19: val_loss did not improve from 0.00001

Epoch 32: val_loss improved from 0.00438 to 0.00419, saving model to /p/project1/cesmtst/patakchiyousefi1/HPT/mse_64_1e-05_1e-17_0.5_4_4_16_0.5_128_0.0_trans-unet_day02.h5

Epoch 19: val_loss did not improve from 0.00001

Epoch 27: val_loss improved from 0.01167 to 0.01133, saving model to /p/project1/cesmtst/patakchiyousefi1/HPT/mse_64_1e-05_1e-17_0.5_4_2_16_0.5_128_0.0_trans-unet_day02.h5

Epoch 27: val_loss did not improve from 0.00001

Epoch 36: val_loss improved from 0.00001 to 0.00001, saving model to /p/project1/cesmtst/patakchiyousefi1/HPT/mse_64_0.0001_1e-17_0.5_4_8_16_0.5_128_0.0_trans-unet_day02.h5

Epoch 37: val_loss did not improve from 0.00562
Saving and plotting the results...

Epoch 19: val_loss did not improve from 0.00001

Epoch 37: val_loss did not improve from 0.00001

Epoch 33: val_loss did not improve from 0.00003

Epoch 27: val_loss did not improve from 0.00001

Epoch 33: val_loss improved from 0.00419 to 0.00413, saving model to /p/project1/cesmtst/patakchiyousefi1/HPT/mse_64_1e-05_1e-17_0.5_4_4_16_0.5_128_0.0_trans-unet_day02.h5

Epoch 20: val_loss did not improve from 0.00500

Epoch 37: val_loss improved from 0.00001 to 0.00001, saving model to /p/project1/cesmtst/patakchiyousefi1/HPT/mse_64_0.0001_1e-17_0.5_4_8_16_0.5_128_0.0_trans-unet_day02.h5

Epoch 20: val_loss did not improve from 0.00001

Epoch 38: val_loss did not improve from 0.00001

Epoch 28: val_loss did not improve from 0.01133

Epoch 34: val_loss did not improve from 0.00003

Epoch 28: val_loss did not improve from 0.00001

Epoch 20: val_loss improved from 0.00001 to 0.00001, saving model to /p/project1/cesmtst/patakchiyousefi1/HPT/mse_64_0.0001_1e-17_0.5_4_1_16_0.5_128_0.0_trans-unet_day02.h5

Epoch 34: val_loss improved from 0.00413 to 0.00394, saving model to /p/project1/cesmtst/patakchiyousefi1/HPT/mse_64_1e-05_1e-17_0.5_4_4_16_0.5_128_0.0_trans-unet_day02.h5

Epoch 28: val_loss did not improve from 0.00001

Epoch 38: val_loss did not improve from 0.00001

Epoch 20: val_loss improved from 0.00001 to 0.00001, saving model to /p/project1/cesmtst/patakchiyousefi1/HPT/mse_64_0.01_1e-17_0.5_4_1_16_0.5_128_0.0_trans-unet_day02.h5

Epoch 39: val_loss did not improve from 0.00001

Epoch 35: val_loss did not improve from 0.00003

Epoch 29: val_loss improved from 0.01133 to 0.01027, saving model to /p/project1/cesmtst/patakchiyousefi1/HPT/mse_64_1e-05_1e-17_0.5_4_2_16_0.5_128_0.0_trans-unet_day02.h5

Epoch 21: val_loss did not improve from 0.00500

Epoch 29: val_loss did not improve from 0.00001

Epoch 35: val_loss improved from 0.00394 to 0.00392, saving model to /p/project1/cesmtst/patakchiyousefi1/HPT/mse_64_1e-05_1e-17_0.5_4_4_16_0.5_128_0.0_trans-unet_day02.h5

Epoch 39: val_loss did not improve from 0.00001

Epoch 21: val_loss did not improve from 0.00001

Epoch 40: val_loss did not improve from 0.00001

Epoch 29: val_loss did not improve from 0.00001

Epoch 21: val_loss improved from 0.00001 to 0.00001, saving model to /p/project1/cesmtst/patakchiyousefi1/HPT/mse_64_0.0001_1e-17_0.5_4_1_16_0.5_128_0.0_trans-unet_day02.h5

Epoch 36: val_loss did not improve from 0.00003

Epoch 36: val_loss improved from 0.00392 to 0.00374, saving model to /p/project1/cesmtst/patakchiyousefi1/HPT/mse_64_1e-05_1e-17_0.5_4_4_16_0.5_128_0.0_trans-unet_day02.h5

Epoch 40: val_loss improved from 0.00001 to 0.00001, saving model to /p/project1/cesmtst/patakchiyousefi1/HPT/mse_64_0.0001_1e-17_0.5_4_8_16_0.5_128_0.0_trans-unet_day02.h5

Epoch 21: val_loss improved from 0.00001 to 0.00001, saving model to /p/project1/cesmtst/patakchiyousefi1/HPT/mse_64_0.01_1e-17_0.5_4_1_16_0.5_128_0.0_trans-unet_day02.h5

Epoch 30: val_loss improved from 0.01027 to 0.00909, saving model to /p/project1/cesmtst/patakchiyousefi1/HPT/mse_64_1e-05_1e-17_0.5_4_2_16_0.5_128_0.0_trans-unet_day02.h5

Epoch 30: val_loss did not improve from 0.00001

Epoch 41: val_loss did not improve from 0.00001

Epoch 22: val_loss did not improve from 0.00500

Epoch 37: val_loss did not improve from 0.00003

Epoch 30: val_loss did not improve from 0.00001

Epoch 22: val_loss did not improve from 0.00001

Epoch 41: val_loss did not improve from 0.00001

Epoch 37: val_loss improved from 0.00374 to 0.00373, saving model to /p/project1/cesmtst/patakchiyousefi1/HPT/mse_64_1e-05_1e-17_0.5_4_4_16_0.5_128_0.0_trans-unet_day02.h5

Epoch 42: val_loss did not improve from 0.00001

Epoch 22: val_loss improved from 0.00001 to 0.00001, saving model to /p/project1/cesmtst/patakchiyousefi1/HPT/mse_64_0.0001_1e-17_0.5_4_1_16_0.5_128_0.0_trans-unet_day02.h5

Epoch 31: val_loss did not improve from 0.00909

Epoch 31: val_loss did not improve from 0.00001

Epoch 38: val_loss did not improve from 0.00003

Epoch 42: val_loss did not improve from 0.00001

Epoch 22: val_loss did not improve from 0.00001

Epoch 31: val_loss did not improve from 0.00001

Epoch 43: val_loss did not improve from 0.00001

Epoch 38: val_loss improved from 0.00373 to 0.00358, saving model to /p/project1/cesmtst/patakchiyousefi1/HPT/mse_64_1e-05_1e-17_0.5_4_4_16_0.5_128_0.0_trans-unet_day02.h5

Epoch 23: val_loss did not improve from 0.00500

Epoch 23: val_loss did not improve from 0.00001

Epoch 32: val_loss did not improve from 0.00001

Epoch 32: val_loss improved from 0.00909 to 0.00822, saving model to /p/project1/cesmtst/patakchiyousefi1/HPT/mse_64_1e-05_1e-17_0.5_4_2_16_0.5_128_0.0_trans-unet_day02.h5

Epoch 39: val_loss did not improve from 0.00003

Epoch 43: val_loss did not improve from 0.00001

Epoch 23: val_loss did not improve from 0.00001

Epoch 44: val_loss did not improve from 0.00001

Epoch 39: val_loss improved from 0.00358 to 0.00355, saving model to /p/project1/cesmtst/patakchiyousefi1/HPT/mse_64_1e-05_1e-17_0.5_4_4_16_0.5_128_0.0_trans-unet_day02.h5

Epoch 32: val_loss improved from 0.00001 to 0.00001, saving model to /p/project1/cesmtst/patakchiyousefi1/HPT/mse_64_0.001_1e-17_0.5_4_2_16_0.5_128_0.0_trans-unet_day02.h5

Epoch 23: val_loss improved from 0.00001 to 0.00001, saving model to /p/project1/cesmtst/patakchiyousefi1/HPT/mse_64_0.01_1e-17_0.5_4_1_16_0.5_128_0.0_trans-unet_day02.h5

Epoch 40: val_loss did not improve from 0.00003

Epoch 44: val_loss did not improve from 0.00001

Epoch 33: val_loss did not improve from 0.00001

Epoch 33: val_loss improved from 0.00822 to 0.00670, saving model to /p/project1/cesmtst/patakchiyousefi1/HPT/mse_64_1e-05_1e-17_0.5_4_2_16_0.5_128_0.0_trans-unet_day02.h5

Epoch 45: val_loss did not improve from 0.00001

Epoch 24: val_loss did not improve from 0.00500

Epoch 40: val_loss improved from 0.00355 to 0.00341, saving model to /p/project1/cesmtst/patakchiyousefi1/HPT/mse_64_1e-05_1e-17_0.5_4_4_16_0.5_128_0.0_trans-unet_day02.h5

Epoch 24: val_loss did not improve from 0.00001

Epoch 33: val_loss improved from 0.00001 to 0.00001, saving model to /p/project1/cesmtst/patakchiyousefi1/HPT/mse_64_0.001_1e-17_0.5_4_2_16_0.5_128_0.0_trans-unet_day02.h5

Epoch 24: val_loss did not improve from 0.00001

Epoch 45: val_loss did not improve from 0.00001

Epoch 41: val_loss did not improve from 0.00003

Epoch 46: val_loss did not improve from 0.00001

Epoch 34: val_loss did not improve from 0.00670

Epoch 34: val_loss did not improve from 0.00001

Epoch 41: val_loss improved from 0.00341 to 0.00341, saving model to /p/project1/cesmtst/patakchiyousefi1/HPT/mse_64_1e-05_1e-17_0.5_4_4_16_0.5_128_0.0_trans-unet_day02.h5

Epoch 24: val_loss improved from 0.00001 to 0.00001, saving model to /p/project1/cesmtst/patakchiyousefi1/HPT/mse_64_0.01_1e-17_0.5_4_1_16_0.5_128_0.0_trans-unet_day02.h5

Epoch 46: val_loss did not improve from 0.00001

Epoch 25: val_loss did not improve from 0.00500

Epoch 34: val_loss improved from 0.00001 to 0.00001, saving model to /p/project1/cesmtst/patakchiyousefi1/HPT/mse_64_0.001_1e-17_0.5_4_2_16_0.5_128_0.0_trans-unet_day02.h5

Epoch 42: val_loss did not improve from 0.00003

Epoch 47: val_loss did not improve from 0.00001

Epoch 25: val_loss did not improve from 0.00001

Epoch 42: val_loss improved from 0.00341 to 0.00330, saving model to /p/project1/cesmtst/patakchiyousefi1/HPT/mse_64_1e-05_1e-17_0.5_4_4_16_0.5_128_0.0_trans-unet_day02.h5

Epoch 35: val_loss did not improve from 0.00670

Epoch 25: val_loss did not improve from 0.00001

Epoch 35: val_loss did not improve from 0.00001

Epoch 47: val_loss did not improve from 0.00001

Epoch 48: val_loss did not improve from 0.00001

Epoch 43: val_loss did not improve from 0.00003
Saving and plotting the results...

Epoch 35: val_loss improved from 0.00001 to 0.00001, saving model to /p/project1/cesmtst/patakchiyousefi1/HPT/mse_64_0.001_1e-17_0.5_4_2_16_0.5_128_0.0_trans-unet_day02.h5

Epoch 25: val_loss improved from 0.00001 to 0.00001, saving model to /p/project1/cesmtst/patakchiyousefi1/HPT/mse_64_0.01_1e-17_0.5_4_1_16_0.5_128_0.0_trans-unet_day02.h5

Epoch 43: val_loss improved from 0.00330 to 0.00328, saving model to /p/project1/cesmtst/patakchiyousefi1/HPT/mse_64_1e-05_1e-17_0.5_4_4_16_0.5_128_0.0_trans-unet_day02.h5

Epoch 48: val_loss did not improve from 0.00001

Epoch 26: val_loss did not improve from 0.00500

Epoch 49: val_loss did not improve from 0.00001

Epoch 36: val_loss did not improve from 0.00670

Epoch 36: val_loss did not improve from 0.00001

Epoch 26: val_loss did not improve from 0.00001

Epoch 26: val_loss did not improve from 0.00001

Epoch 44: val_loss improved from 0.00328 to 0.00318, saving model to /p/project1/cesmtst/patakchiyousefi1/HPT/mse_64_1e-05_1e-17_0.5_4_4_16_0.5_128_0.0_trans-unet_day02.h5

Epoch 49: val_loss did not improve from 0.00001

Epoch 36: val_loss improved from 0.00001 to 0.00001, saving model to /p/project1/cesmtst/patakchiyousefi1/HPT/mse_64_0.001_1e-17_0.5_4_2_16_0.5_128_0.0_trans-unet_day02.h5

Epoch 50: val_loss did not improve from 0.00001

Epoch 37: val_loss did not improve from 0.00001

Epoch 26: val_loss improved from 0.00001 to 0.00001, saving model to /p/project1/cesmtst/patakchiyousefi1/HPT/mse_64_0.01_1e-17_0.5_4_1_16_0.5_128_0.0_trans-unet_day02.h5

Epoch 37: val_loss improved from 0.00670 to 0.00602, saving model to /p/project1/cesmtst/patakchiyousefi1/HPT/mse_64_1e-05_1e-17_0.5_4_2_16_0.5_128_0.0_trans-unet_day02.h5

Epoch 27: val_loss did not improve from 0.00500

Epoch 50: val_loss did not improve from 0.00001

Epoch 45: val_loss improved from 0.00318 to 0.00318, saving model to /p/project1/cesmtst/patakchiyousefi1/HPT/mse_64_1e-05_1e-17_0.5_4_4_16_0.5_128_0.0_trans-unet_day02.h5

Epoch 51: val_loss did not improve from 0.00001
Saving and plotting the results...

Epoch 27: val_loss did not improve from 0.00001

Epoch 37: val_loss improved from 0.00001 to 0.00001, saving model to /p/project1/cesmtst/patakchiyousefi1/HPT/mse_64_0.001_1e-17_0.5_4_2_16_0.5_128_0.0_trans-unet_day02.h5

Epoch 27: val_loss did not improve from 0.00001

Epoch 38: val_loss did not improve from 0.00602

Epoch 51: val_loss did not improve from 0.00001

Epoch 38: val_loss did not improve from 0.00001

Epoch 46: val_loss improved from 0.00318 to 0.00309, saving model to /p/project1/cesmtst/patakchiyousefi1/HPT/mse_64_1e-05_1e-17_0.5_4_4_16_0.5_128_0.0_trans-unet_day02.h5

Epoch 27: val_loss improved from 0.00001 to 0.00001, saving model to /p/project1/cesmtst/patakchiyousefi1/HPT/mse_64_0.01_1e-17_0.5_4_1_16_0.5_128_0.0_trans-unet_day02.h5

Epoch 28: val_loss did not improve from 0.00500
Saving and plotting the results...

Epoch 38: val_loss improved from 0.00001 to 0.00001, saving model to /p/project1/cesmtst/patakchiyousefi1/HPT/mse_64_0.001_1e-17_0.5_4_2_16_0.5_128_0.0_trans-unet_day02.h5

Epoch 52: val_loss did not improve from 0.00001

Epoch 28: val_loss improved from 0.00001 to 0.00001, saving model to /p/project1/cesmtst/patakchiyousefi1/HPT/mse_64_0.001_1e-17_0.5_4_1_16_0.5_128_0.0_trans-unet_day02.h5

Epoch 47: val_loss improved from 0.00309 to 0.00307, saving model to /p/project1/cesmtst/patakchiyousefi1/HPT/mse_64_1e-05_1e-17_0.5_4_4_16_0.5_128_0.0_trans-unet_day02.h5

Epoch 39: val_loss did not improve from 0.00001
Saving and plotting the results...

Epoch 39: val_loss improved from 0.00602 to 0.00593, saving model to /p/project1/cesmtst/patakchiyousefi1/HPT/mse_64_1e-05_1e-17_0.5_4_2_16_0.5_128_0.0_trans-unet_day02.h5

Epoch 28: val_loss did not improve from 0.00001

Epoch 53: val_loss did not improve from 0.00001

Epoch 39: val_loss improved from 0.00001 to 0.00001, saving model to /p/project1/cesmtst/patakchiyousefi1/HPT/mse_64_0.001_1e-17_0.5_4_2_16_0.5_128_0.0_trans-unet_day02.h5

Epoch 28: val_loss did not improve from 0.00001

Epoch 48: val_loss improved from 0.00307 to 0.00298, saving model to /p/project1/cesmtst/patakchiyousefi1/HPT/mse_64_1e-05_1e-17_0.5_4_4_16_0.5_128_0.0_trans-unet_day02.h5

Epoch 40: val_loss improved from 0.00593 to 0.00557, saving model to /p/project1/cesmtst/patakchiyousefi1/HPT/mse_64_1e-05_1e-17_0.5_4_2_16_0.5_128_0.0_trans-unet_day02.h5

Epoch 54: val_loss did not improve from 0.00001

Epoch 29: val_loss improved from 0.00001 to 0.00001, saving model to /p/project1/cesmtst/patakchiyousefi1/HPT/mse_64_0.001_1e-17_0.5_4_1_16_0.5_128_0.0_trans-unet_day02.h5

Epoch 29: val_loss did not improve from 0.00001

Epoch 40: val_loss improved from 0.00001 to 0.00001, saving model to /p/project1/cesmtst/patakchiyousefi1/HPT/mse_64_0.001_1e-17_0.5_4_2_16_0.5_128_0.0_trans-unet_day02.h5

Epoch 49: val_loss did not improve from 0.00298

Epoch 55: val_loss did not improve from 0.00001

Epoch 41: val_loss did not improve from 0.00557

Epoch 29: val_loss improved from 0.00001 to 0.00001, saving model to /p/project1/cesmtst/patakchiyousefi1/HPT/mse_64_0.01_1e-17_0.5_4_1_16_0.5_128_0.0_trans-unet_day02.h5

Epoch 50: val_loss improved from 0.00298 to 0.00288, saving model to /p/project1/cesmtst/patakchiyousefi1/HPT/mse_64_1e-05_1e-17_0.5_4_4_16_0.5_128_0.0_trans-unet_day02.h5

Epoch 41: val_loss improved from 0.00001 to 0.00001, saving model to /p/project1/cesmtst/patakchiyousefi1/HPT/mse_64_0.001_1e-17_0.5_4_2_16_0.5_128_0.0_trans-unet_day02.h5

Epoch 30: val_loss improved from 0.00001 to 0.00001, saving model to /p/project1/cesmtst/patakchiyousefi1/HPT/mse_64_0.001_1e-17_0.5_4_1_16_0.5_128_0.0_trans-unet_day02.h5

Epoch 56: val_loss did not improve from 0.00001
Saving and plotting the results...

Epoch 30: val_loss did not improve from 0.00001

Epoch 42: val_loss did not improve from 0.00557

Epoch 51: val_loss improved from 0.00288 to 0.00288, saving model to /p/project1/cesmtst/patakchiyousefi1/HPT/mse_64_1e-05_1e-17_0.5_4_4_16_0.5_128_0.0_trans-unet_day02.h5

Epoch 30: val_loss improved from 0.00001 to 0.00001, saving model to /p/project1/cesmtst/patakchiyousefi1/HPT/mse_64_0.01_1e-17_0.5_4_1_16_0.5_128_0.0_trans-unet_day02.h5

Epoch 42: val_loss improved from 0.00001 to 0.00001, saving model to /p/project1/cesmtst/patakchiyousefi1/HPT/mse_64_0.001_1e-17_0.5_4_2_16_0.5_128_0.0_trans-unet_day02.h5

Epoch 31: val_loss improved from 0.00001 to 0.00001, saving model to /p/project1/cesmtst/patakchiyousefi1/HPT/mse_64_0.001_1e-17_0.5_4_1_16_0.5_128_0.0_trans-unet_day02.h5

Epoch 52: val_loss improved from 0.00288 to 0.00282, saving model to /p/project1/cesmtst/patakchiyousefi1/HPT/mse_64_1e-05_1e-17_0.5_4_4_16_0.5_128_0.0_trans-unet_day02.h5

Epoch 43: val_loss did not improve from 0.00557

Epoch 31: val_loss did not improve from 0.00001

Epoch 43: val_loss did not improve from 0.00001

Epoch 53: val_loss improved from 0.00282 to 0.00279, saving model to /p/project1/cesmtst/patakchiyousefi1/HPT/mse_64_1e-05_1e-17_0.5_4_4_16_0.5_128_0.0_trans-unet_day02.h5

Epoch 31: val_loss improved from 0.00001 to 0.00001, saving model to /p/project1/cesmtst/patakchiyousefi1/HPT/mse_64_0.01_1e-17_0.5_4_1_16_0.5_128_0.0_trans-unet_day02.h5

Epoch 44: val_loss did not improve from 0.00557

Epoch 32: val_loss improved from 0.00001 to 0.00001, saving model to /p/project1/cesmtst/patakchiyousefi1/HPT/mse_64_0.001_1e-17_0.5_4_1_16_0.5_128_0.0_trans-unet_day02.h5

Epoch 44: val_loss did not improve from 0.00001

Epoch 32: val_loss did not improve from 0.00001

Epoch 54: val_loss improved from 0.00279 to 0.00268, saving model to /p/project1/cesmtst/patakchiyousefi1/HPT/mse_64_1e-05_1e-17_0.5_4_4_16_0.5_128_0.0_trans-unet_day02.h5

Epoch 45: val_loss did not improve from 0.00557

Epoch 32: val_loss improved from 0.00001 to 0.00001, saving model to /p/project1/cesmtst/patakchiyousefi1/HPT/mse_64_0.01_1e-17_0.5_4_1_16_0.5_128_0.0_trans-unet_day02.h5

Epoch 55: val_loss did not improve from 0.00268

Epoch 45: val_loss did not improve from 0.00001

Epoch 33: val_loss did not improve from 0.00001

Epoch 33: val_loss did not improve from 0.00001

Epoch 46: val_loss did not improve from 0.00557

Epoch 56: val_loss improved from 0.00268 to 0.00258, saving model to /p/project1/cesmtst/patakchiyousefi1/HPT/mse_64_1e-05_1e-17_0.5_4_4_16_0.5_128_0.0_trans-unet_day02.h5

Epoch 46: val_loss improved from 0.00001 to 0.00001, saving model to /p/project1/cesmtst/patakchiyousefi1/HPT/mse_64_0.001_1e-17_0.5_4_2_16_0.5_128_0.0_trans-unet_day02.h5

Epoch 33: val_loss did not improve from 0.00001

Epoch 34: val_loss improved from 0.00001 to 0.00001, saving model to /p/project1/cesmtst/patakchiyousefi1/HPT/mse_64_0.001_1e-17_0.5_4_1_16_0.5_128_0.0_trans-unet_day02.h5

Epoch 57: val_loss did not improve from 0.00258

Epoch 47: val_loss did not improve from 0.00557

Epoch 34: val_loss did not improve from 0.00001

Epoch 47: val_loss did not improve from 0.00001

Epoch 58: val_loss improved from 0.00258 to 0.00252, saving model to /p/project1/cesmtst/patakchiyousefi1/HPT/mse_64_1e-05_1e-17_0.5_4_4_16_0.5_128_0.0_trans-unet_day02.h5

Epoch 34: val_loss did not improve from 0.00001

Epoch 48: val_loss did not improve from 0.00557

Epoch 35: val_loss did not improve from 0.00001

Epoch 48: val_loss improved from 0.00001 to 0.00001, saving model to /p/project1/cesmtst/patakchiyousefi1/HPT/mse_64_0.001_1e-17_0.5_4_2_16_0.5_128_0.0_trans-unet_day02.h5

Epoch 59: val_loss did not improve from 0.00252

Epoch 35: val_loss did not improve from 0.00001

Epoch 49: val_loss did not improve from 0.00557

Epoch 35: val_loss did not improve from 0.00001

Epoch 60: val_loss improved from 0.00252 to 0.00246, saving model to /p/project1/cesmtst/patakchiyousefi1/HPT/mse_64_1e-05_1e-17_0.5_4_4_16_0.5_128_0.0_trans-unet_day02.h5

Epoch 49: val_loss improved from 0.00001 to 0.00001, saving model to /p/project1/cesmtst/patakchiyousefi1/HPT/mse_64_0.001_1e-17_0.5_4_2_16_0.5_128_0.0_trans-unet_day02.h5

Epoch 36: val_loss did not improve from 0.00001

Epoch 36: val_loss did not improve from 0.00001

Epoch 50: val_loss did not improve from 0.00557

Epoch 61: val_loss did not improve from 0.00246

Epoch 50: val_loss improved from 0.00001 to 0.00001, saving model to /p/project1/cesmtst/patakchiyousefi1/HPT/mse_64_0.001_1e-17_0.5_4_2_16_0.5_128_0.0_trans-unet_day02.h5

Epoch 36: val_loss did not improve from 0.00001

Epoch 37: val_loss did not improve from 0.00001

Epoch 62: val_loss improved from 0.00246 to 0.00241, saving model to /p/project1/cesmtst/patakchiyousefi1/HPT/mse_64_1e-05_1e-17_0.5_4_4_16_0.5_128_0.0_trans-unet_day02.h5

Epoch 51: val_loss did not improve from 0.00557

Epoch 37: val_loss did not improve from 0.00001

Epoch 51: val_loss improved from 0.00001 to 0.00001, saving model to /p/project1/cesmtst/patakchiyousefi1/HPT/mse_64_0.001_1e-17_0.5_4_2_16_0.5_128_0.0_trans-unet_day02.h5

Epoch 63: val_loss did not improve from 0.00241

Epoch 37: val_loss did not improve from 0.00001

Epoch 52: val_loss did not improve from 0.00557

Epoch 38: val_loss did not improve from 0.00001

Epoch 52: val_loss did not improve from 0.00001

Epoch 64: val_loss improved from 0.00241 to 0.00236, saving model to /p/project1/cesmtst/patakchiyousefi1/HPT/mse_64_1e-05_1e-17_0.5_4_4_16_0.5_128_0.0_trans-unet_day02.h5

Epoch 38: val_loss did not improve from 0.00001
Saving and plotting the results...

Epoch 53: val_loss did not improve from 0.00557

Epoch 38: val_loss did not improve from 0.00001

Epoch 53: val_loss improved from 0.00001 to 0.00001, saving model to /p/project1/cesmtst/patakchiyousefi1/HPT/mse_64_0.001_1e-17_0.5_4_2_16_0.5_128_0.0_trans-unet_day02.h5

Epoch 65: val_loss did not improve from 0.00236

Epoch 39: val_loss did not improve from 0.00001

Epoch 54: val_loss did not improve from 0.00557

Epoch 66: val_loss improved from 0.00236 to 0.00230, saving model to /p/project1/cesmtst/patakchiyousefi1/HPT/mse_64_1e-05_1e-17_0.5_4_4_16_0.5_128_0.0_trans-unet_day02.h5

Epoch 54: val_loss improved from 0.00001 to 0.00001, saving model to /p/project1/cesmtst/patakchiyousefi1/HPT/mse_64_0.001_1e-17_0.5_4_2_16_0.5_128_0.0_trans-unet_day02.h5

Epoch 39: val_loss did not improve from 0.00001

Epoch 55: val_loss did not improve from 0.00557

Epoch 40: val_loss did not improve from 0.00001

Epoch 67: val_loss did not improve from 0.00230

Epoch 55: val_loss improved from 0.00001 to 0.00001, saving model to /p/project1/cesmtst/patakchiyousefi1/HPT/mse_64_0.001_1e-17_0.5_4_2_16_0.5_128_0.0_trans-unet_day02.h5

Epoch 68: val_loss improved from 0.00230 to 0.00225, saving model to /p/project1/cesmtst/patakchiyousefi1/HPT/mse_64_1e-05_1e-17_0.5_4_4_16_0.5_128_0.0_trans-unet_day02.h5

Epoch 56: val_loss did not improve from 0.00557
Saving and plotting the results...

Epoch 40: val_loss did not improve from 0.00001

Epoch 41: val_loss did not improve from 0.00001

Epoch 56: val_loss did not improve from 0.00001

Epoch 69: val_loss did not improve from 0.00225

Epoch 41: val_loss did not improve from 0.00001

Epoch 57: val_loss did not improve from 0.00001

Epoch 70: val_loss improved from 0.00225 to 0.00224, saving model to /p/project1/cesmtst/patakchiyousefi1/HPT/mse_64_1e-05_1e-17_0.5_4_4_16_0.5_128_0.0_trans-unet_day02.h5

Epoch 42: val_loss did not improve from 0.00001

Epoch 71: val_loss improved from 0.00224 to 0.00223, saving model to /p/project1/cesmtst/patakchiyousefi1/HPT/mse_64_1e-05_1e-17_0.5_4_4_16_0.5_128_0.0_trans-unet_day02.h5

Epoch 58: val_loss improved from 0.00001 to 0.00001, saving model to /p/project1/cesmtst/patakchiyousefi1/HPT/mse_64_0.001_1e-17_0.5_4_2_16_0.5_128_0.0_trans-unet_day02.h5

Epoch 42: val_loss did not improve from 0.00001

Epoch 43: val_loss improved from 0.00001 to 0.00001, saving model to /p/project1/cesmtst/patakchiyousefi1/HPT/mse_64_0.001_1e-17_0.5_4_1_16_0.5_128_0.0_trans-unet_day02.h5

Epoch 72: val_loss improved from 0.00223 to 0.00217, saving model to /p/project1/cesmtst/patakchiyousefi1/HPT/mse_64_1e-05_1e-17_0.5_4_4_16_0.5_128_0.0_trans-unet_day02.h5

Epoch 59: val_loss did not improve from 0.00001

Epoch 73: val_loss did not improve from 0.00217

Epoch 43: val_loss did not improve from 0.00001

Epoch 60: val_loss did not improve from 0.00001

Epoch 44: val_loss did not improve from 0.00001

Epoch 74: val_loss improved from 0.00217 to 0.00216, saving model to /p/project1/cesmtst/patakchiyousefi1/HPT/mse_64_1e-05_1e-17_0.5_4_4_16_0.5_128_0.0_trans-unet_day02.h5

Epoch 61: val_loss did not improve from 0.00001

Epoch 44: val_loss did not improve from 0.00001

Epoch 75: val_loss did not improve from 0.00216

Epoch 45: val_loss did not improve from 0.00001

Epoch 62: val_loss did not improve from 0.00001

Epoch 76: val_loss improved from 0.00216 to 0.00216, saving model to /p/project1/cesmtst/patakchiyousefi1/HPT/mse_64_1e-05_1e-17_0.5_4_4_16_0.5_128_0.0_trans-unet_day02.h5

Epoch 45: val_loss did not improve from 0.00001

Epoch 46: val_loss did not improve from 0.00001

Epoch 77: val_loss did not improve from 0.00216

Epoch 63: val_loss did not improve from 0.00001

Epoch 78: val_loss did not improve from 0.00216

Epoch 46: val_loss did not improve from 0.00001

Epoch 64: val_loss did not improve from 0.00001

Epoch 47: val_loss did not improve from 0.00001

Epoch 79: val_loss improved from 0.00216 to 0.00215, saving model to /p/project1/cesmtst/patakchiyousefi1/HPT/mse_64_1e-05_1e-17_0.5_4_4_16_0.5_128_0.0_trans-unet_day02.h5

Epoch 65: val_loss improved from 0.00001 to 0.00001, saving model to /p/project1/cesmtst/patakchiyousefi1/HPT/mse_64_0.001_1e-17_0.5_4_2_16_0.5_128_0.0_trans-unet_day02.h5

Epoch 47: val_loss did not improve from 0.00001

Epoch 80: val_loss improved from 0.00215 to 0.00209, saving model to /p/project1/cesmtst/patakchiyousefi1/HPT/mse_64_1e-05_1e-17_0.5_4_4_16_0.5_128_0.0_trans-unet_day02.h5

Epoch 48: val_loss improved from 0.00001 to 0.00001, saving model to /p/project1/cesmtst/patakchiyousefi1/HPT/mse_64_0.001_1e-17_0.5_4_1_16_0.5_128_0.0_trans-unet_day02.h5
