2024-09-10 02:53:50.824363: I tensorflow/core/common_runtime/gpu/gpu_device.cc:1613] Created device /job:localhost/replica:0/task:0/device:GPU:0 with 38364 MB memory:  -> device: 0, name: NVIDIA A100-SXM4-40GB, pci bus id: 0000:03:00.0, compute capability: 8.0
2024-09-10 02:53:50.826311: I tensorflow/core/common_runtime/gpu/gpu_device.cc:1613] Created device /job:localhost/replica:0/task:0/device:GPU:1 with 38364 MB memory:  -> device: 1, name: NVIDIA A100-SXM4-40GB, pci bus id: 0000:44:00.0, compute capability: 8.0
2024-09-10 02:53:50.828623: I tensorflow/core/common_runtime/gpu/gpu_device.cc:1613] Created device /job:localhost/replica:0/task:0/device:GPU:2 with 38364 MB memory:  -> device: 2, name: NVIDIA A100-SXM4-40GB, pci bus id: 0000:84:00.0, compute capability: 8.0
2024-09-10 02:53:50.830301: I tensorflow/core/common_runtime/gpu/gpu_device.cc:1613] Created device /job:localhost/replica:0/task:0/device:GPU:3 with 38364 MB memory:  -> device: 3, name: NVIDIA A100-SXM4-40GB, pci bus id: 0000:c4:00.0, compute capability: 8.0
2024-09-10 02:53:53.188617: I tensorflow/core/common_runtime/gpu/gpu_device.cc:1613] Created device /job:localhost/replica:0/task:0/device:GPU:0 with 38364 MB memory:  -> device: 0, name: NVIDIA A100-SXM4-40GB, pci bus id: 0000:03:00.0, compute capability: 8.0
2024-09-10 02:53:53.190571: I tensorflow/core/common_runtime/gpu/gpu_device.cc:1613] Created device /job:localhost/replica:0/task:0/device:GPU:1 with 38364 MB memory:  -> device: 1, name: NVIDIA A100-SXM4-40GB, pci bus id: 0000:44:00.0, compute capability: 8.0
2024-09-10 02:53:53.193495: I tensorflow/core/common_runtime/gpu/gpu_device.cc:1613] Created device /job:localhost/replica:0/task:0/device:GPU:2 with 38364 MB memory:  -> device: 2, name: NVIDIA A100-SXM4-40GB, pci bus id: 0000:84:00.0, compute capability: 8.0
2024-09-10 02:53:53.194976: I tensorflow/core/common_runtime/gpu/gpu_device.cc:1613] Created device /job:localhost/replica:0/task:0/device:GPU:3 with 38364 MB memory:  -> device: 3, name: NVIDIA A100-SXM4-40GB, pci bus id: 0000:c4:00.0, compute capability: 8.0
2024-09-10 02:53:57.770880: I tensorflow/core/common_runtime/gpu/gpu_device.cc:1613] Created device /job:localhost/replica:0/task:0/device:GPU:0 with 38364 MB memory:  -> device: 0, name: NVIDIA A100-SXM4-40GB, pci bus id: 0000:03:00.0, compute capability: 8.0
2024-09-10 02:53:57.773538: I tensorflow/core/common_runtime/gpu/gpu_device.cc:1613] Created device /job:localhost/replica:0/task:0/device:GPU:1 with 38364 MB memory:  -> device: 1, name: NVIDIA A100-SXM4-40GB, pci bus id: 0000:44:00.0, compute capability: 8.0
2024-09-10 02:53:57.775941: I tensorflow/core/common_runtime/gpu/gpu_device.cc:1613] Created device /job:localhost/replica:0/task:0/device:GPU:2 with 38364 MB memory:  -> device: 2, name: NVIDIA A100-SXM4-40GB, pci bus id: 0000:84:00.0, compute capability: 8.0
2024-09-10 02:53:57.777646: I tensorflow/core/common_runtime/gpu/gpu_device.cc:1613] Created device /job:localhost/replica:0/task:0/device:GPU:3 with 38364 MB memory:  -> device: 3, name: NVIDIA A100-SXM4-40GB, pci bus id: 0000:c4:00.0, compute capability: 8.0
2024-09-10 02:54:02.986286: I tensorflow/core/common_runtime/gpu/gpu_device.cc:1613] Created device /job:localhost/replica:0/task:0/device:GPU:0 with 38364 MB memory:  -> device: 0, name: NVIDIA A100-SXM4-40GB, pci bus id: 0000:03:00.0, compute capability: 8.0
2024-09-10 02:54:02.989208: I tensorflow/core/common_runtime/gpu/gpu_device.cc:1613] Created device /job:localhost/replica:0/task:0/device:GPU:1 with 38364 MB memory:  -> device: 1, name: NVIDIA A100-SXM4-40GB, pci bus id: 0000:44:00.0, compute capability: 8.0
2024-09-10 02:54:02.990915: I tensorflow/core/common_runtime/gpu/gpu_device.cc:1613] Created device /job:localhost/replica:0/task:0/device:GPU:2 with 38364 MB memory:  -> device: 2, name: NVIDIA A100-SXM4-40GB, pci bus id: 0000:84:00.0, compute capability: 8.0
2024-09-10 02:54:02.992445: I tensorflow/core/common_runtime/gpu/gpu_device.cc:1613] Created device /job:localhost/replica:0/task:0/device:GPU:3 with 38364 MB memory:  -> device: 3, name: NVIDIA A100-SXM4-40GB, pci bus id: 0000:c4:00.0, compute capability: 8.0
2024-09-10 02:54:04.827859: I tensorflow/core/common_runtime/gpu/gpu_device.cc:1613] Created device /job:localhost/replica:0/task:0/device:GPU:0 with 38364 MB memory:  -> device: 0, name: NVIDIA A100-SXM4-40GB, pci bus id: 0000:03:00.0, compute capability: 8.0
2024-09-10 02:54:04.829766: I tensorflow/core/common_runtime/gpu/gpu_device.cc:1613] Created device /job:localhost/replica:0/task:0/device:GPU:1 with 38364 MB memory:  -> device: 1, name: NVIDIA A100-SXM4-40GB, pci bus id: 0000:44:00.0, compute capability: 8.0
2024-09-10 02:54:04.831361: I tensorflow/core/common_runtime/gpu/gpu_device.cc:1613] Created device /job:localhost/replica:0/task:0/device:GPU:2 with 38364 MB memory:  -> device: 2, name: NVIDIA A100-SXM4-40GB, pci bus id: 0000:84:00.0, compute capability: 8.0
2024-09-10 02:54:04.833074: I tensorflow/core/common_runtime/gpu/gpu_device.cc:1613] Created device /job:localhost/replica:0/task:0/device:GPU:3 with 38364 MB memory:  -> device: 3, name: NVIDIA A100-SXM4-40GB, pci bus id: 0000:c4:00.0, compute capability: 8.0
2024-09-10 02:54:05.761590: I tensorflow/core/common_runtime/gpu/gpu_device.cc:1613] Created device /job:localhost/replica:0/task:0/device:GPU:0 with 38364 MB memory:  -> device: 0, name: NVIDIA A100-SXM4-40GB, pci bus id: 0000:03:00.0, compute capability: 8.0
2024-09-10 02:54:05.763570: I tensorflow/core/common_runtime/gpu/gpu_device.cc:1613] Created device /job:localhost/replica:0/task:0/device:GPU:1 with 38364 MB memory:  -> device: 1, name: NVIDIA A100-SXM4-40GB, pci bus id: 0000:44:00.0, compute capability: 8.0
2024-09-10 02:54:05.765229: I tensorflow/core/common_runtime/gpu/gpu_device.cc:1613] Created device /job:localhost/replica:0/task:0/device:GPU:2 with 38364 MB memory:  -> device: 2, name: NVIDIA A100-SXM4-40GB, pci bus id: 0000:84:00.0, compute capability: 8.0
2024-09-10 02:54:05.766816: I tensorflow/core/common_runtime/gpu/gpu_device.cc:1613] Created device /job:localhost/replica:0/task:0/device:GPU:3 with 38364 MB memory:  -> device: 3, name: NVIDIA A100-SXM4-40GB, pci bus id: 0000:c4:00.0, compute capability: 8.0
2024-09-10 02:54:15.092792: I tensorflow/core/common_runtime/gpu/gpu_device.cc:1613] Created device /job:localhost/replica:0/task:0/device:GPU:0 with 38364 MB memory:  -> device: 0, name: NVIDIA A100-SXM4-40GB, pci bus id: 0000:03:00.0, compute capability: 8.0
2024-09-10 02:54:15.094955: I tensorflow/core/common_runtime/gpu/gpu_device.cc:1613] Created device /job:localhost/replica:0/task:0/device:GPU:1 with 38364 MB memory:  -> device: 1, name: NVIDIA A100-SXM4-40GB, pci bus id: 0000:44:00.0, compute capability: 8.0
2024-09-10 02:54:15.096600: I tensorflow/core/common_runtime/gpu/gpu_device.cc:1613] Created device /job:localhost/replica:0/task:0/device:GPU:2 with 38364 MB memory:  -> device: 2, name: NVIDIA A100-SXM4-40GB, pci bus id: 0000:84:00.0, compute capability: 8.0
2024-09-10 02:54:15.098120: I tensorflow/core/common_runtime/gpu/gpu_device.cc:1613] Created device /job:localhost/replica:0/task:0/device:GPU:3 with 38364 MB memory:  -> device: 3, name: NVIDIA A100-SXM4-40GB, pci bus id: 0000:c4:00.0, compute capability: 8.0
2024-09-10 02:54:18.836856: I tensorflow/core/common_runtime/gpu/gpu_device.cc:1613] Created device /job:localhost/replica:0/task:0/device:GPU:0 with 38364 MB memory:  -> device: 0, name: NVIDIA A100-SXM4-40GB, pci bus id: 0000:03:00.0, compute capability: 8.0
2024-09-10 02:54:18.839590: I tensorflow/core/common_runtime/gpu/gpu_device.cc:1613] Created device /job:localhost/replica:0/task:0/device:GPU:1 with 38364 MB memory:  -> device: 1, name: NVIDIA A100-SXM4-40GB, pci bus id: 0000:44:00.0, compute capability: 8.0
2024-09-10 02:54:18.841125: I tensorflow/core/common_runtime/gpu/gpu_device.cc:1613] Created device /job:localhost/replica:0/task:0/device:GPU:2 with 38364 MB memory:  -> device: 2, name: NVIDIA A100-SXM4-40GB, pci bus id: 0000:84:00.0, compute capability: 8.0
2024-09-10 02:54:18.842625: I tensorflow/core/common_runtime/gpu/gpu_device.cc:1613] Created device /job:localhost/replica:0/task:0/device:GPU:3 with 38364 MB memory:  -> device: 3, name: NVIDIA A100-SXM4-40GB, pci bus id: 0000:c4:00.0, compute capability: 8.0
2024-09-10 02:54:22.884541: I tensorflow/core/common_runtime/gpu/gpu_device.cc:1613] Created device /job:localhost/replica:0/task:0/device:GPU:0 with 38364 MB memory:  -> device: 0, name: NVIDIA A100-SXM4-40GB, pci bus id: 0000:03:00.0, compute capability: 8.0
2024-09-10 02:54:22.886454: I tensorflow/core/common_runtime/gpu/gpu_device.cc:1613] Created device /job:localhost/replica:0/task:0/device:GPU:1 with 38364 MB memory:  -> device: 1, name: NVIDIA A100-SXM4-40GB, pci bus id: 0000:44:00.0, compute capability: 8.0
2024-09-10 02:54:22.889004: I tensorflow/core/common_runtime/gpu/gpu_device.cc:1613] Created device /job:localhost/replica:0/task:0/device:GPU:2 with 38364 MB memory:  -> device: 2, name: NVIDIA A100-SXM4-40GB, pci bus id: 0000:84:00.0, compute capability: 8.0
2024-09-10 02:54:22.892354: I tensorflow/core/common_runtime/gpu/gpu_device.cc:1613] Created device /job:localhost/replica:0/task:0/device:GPU:3 with 38364 MB memory:  -> device: 3, name: NVIDIA A100-SXM4-40GB, pci bus id: 0000:c4:00.0, compute capability: 8.0
2024-09-10 02:54:26.832869: I tensorflow/core/common_runtime/gpu/gpu_device.cc:1613] Created device /job:localhost/replica:0/task:0/device:GPU:0 with 38364 MB memory:  -> device: 0, name: NVIDIA A100-SXM4-40GB, pci bus id: 0000:03:00.0, compute capability: 8.0
2024-09-10 02:54:26.834696: I tensorflow/core/common_runtime/gpu/gpu_device.cc:1613] Created device /job:localhost/replica:0/task:0/device:GPU:1 with 38364 MB memory:  -> device: 1, name: NVIDIA A100-SXM4-40GB, pci bus id: 0000:44:00.0, compute capability: 8.0
2024-09-10 02:54:26.836229: I tensorflow/core/common_runtime/gpu/gpu_device.cc:1613] Created device /job:localhost/replica:0/task:0/device:GPU:2 with 38364 MB memory:  -> device: 2, name: NVIDIA A100-SXM4-40GB, pci bus id: 0000:84:00.0, compute capability: 8.0
2024-09-10 02:54:26.841577: I tensorflow/core/common_runtime/gpu/gpu_device.cc:1613] Created device /job:localhost/replica:0/task:0/device:GPU:3 with 38364 MB memory:  -> device: 3, name: NVIDIA A100-SXM4-40GB, pci bus id: 0000:c4:00.0, compute capability: 8.0
2024-09-10 02:54:35.162171: I tensorflow/compiler/xla/stream_executor/cuda/cuda_dnn.cc:428] Loaded cuDNN version 8600
2024-09-10 02:54:37.772011: I tensorflow/compiler/xla/stream_executor/cuda/cuda_dnn.cc:428] Loaded cuDNN version 8600
2024-09-10 02:54:38.118979: I tensorflow/compiler/xla/stream_executor/cuda/cuda_dnn.cc:428] Loaded cuDNN version 8600
2024-09-10 02:54:40.911242: I tensorflow/compiler/xla/service/service.cc:173] XLA service 0x145b58001850 initialized for platform CUDA (this does not guarantee that XLA will be used). Devices:
2024-09-10 02:54:40.911310: I tensorflow/compiler/xla/service/service.cc:181]   StreamExecutor device (0): NVIDIA A100-SXM4-40GB, Compute Capability 8.0
2024-09-10 02:54:40.911318: I tensorflow/compiler/xla/service/service.cc:181]   StreamExecutor device (1): NVIDIA A100-SXM4-40GB, Compute Capability 8.0
2024-09-10 02:54:40.911324: I tensorflow/compiler/xla/service/service.cc:181]   StreamExecutor device (2): NVIDIA A100-SXM4-40GB, Compute Capability 8.0
2024-09-10 02:54:40.911330: I tensorflow/compiler/xla/service/service.cc:181]   StreamExecutor device (3): NVIDIA A100-SXM4-40GB, Compute Capability 8.0
2024-09-10 02:54:40.939689: I tensorflow/compiler/mlir/tensorflow/utils/dump_mlir_util.cc:268] disabling MLIR crash reproducer, set env var `MLIR_CRASH_REPRODUCER_DIRECTORY` to enable.
2024-09-10 02:54:41.253091: I tensorflow/compiler/jit/xla_compilation_cache.cc:477] Compiled cluster using XLA!  This line is logged at most once for the lifetime of the process.
2024-09-10 02:54:42.079081: I tensorflow/compiler/xla/stream_executor/cuda/cuda_dnn.cc:428] Loaded cuDNN version 8600
2024-09-10 02:54:42.537078: I tensorflow/compiler/xla/stream_executor/cuda/cuda_dnn.cc:428] Loaded cuDNN version 8600
2024-09-10 02:54:43.112953: I tensorflow/compiler/xla/stream_executor/cuda/cuda_dnn.cc:428] Loaded cuDNN version 8600
2024-09-10 02:54:43.537006: I tensorflow/compiler/xla/stream_executor/cuda/cuda_dnn.cc:428] Loaded cuDNN version 8600
2024-09-10 02:54:43.954462: I tensorflow/compiler/xla/service/service.cc:173] XLA service 0x66d8cba0 initialized for platform CUDA (this does not guarantee that XLA will be used). Devices:
2024-09-10 02:54:43.954533: I tensorflow/compiler/xla/service/service.cc:181]   StreamExecutor device (0): NVIDIA A100-SXM4-40GB, Compute Capability 8.0
2024-09-10 02:54:43.954541: I tensorflow/compiler/xla/service/service.cc:181]   StreamExecutor device (1): NVIDIA A100-SXM4-40GB, Compute Capability 8.0
2024-09-10 02:54:43.954547: I tensorflow/compiler/xla/service/service.cc:181]   StreamExecutor device (2): NVIDIA A100-SXM4-40GB, Compute Capability 8.0
2024-09-10 02:54:43.954553: I tensorflow/compiler/xla/service/service.cc:181]   StreamExecutor device (3): NVIDIA A100-SXM4-40GB, Compute Capability 8.0
2024-09-10 02:54:43.977613: I tensorflow/compiler/mlir/tensorflow/utils/dump_mlir_util.cc:268] disabling MLIR crash reproducer, set env var `MLIR_CRASH_REPRODUCER_DIRECTORY` to enable.
2024-09-10 02:54:44.252464: I tensorflow/compiler/jit/xla_compilation_cache.cc:477] Compiled cluster using XLA!  This line is logged at most once for the lifetime of the process.
2024-09-10 02:54:47.524202: I tensorflow/compiler/xla/stream_executor/cuda/cuda_dnn.cc:428] Loaded cuDNN version 8600
2024-09-10 02:54:47.973569: I tensorflow/compiler/xla/stream_executor/cuda/cuda_dnn.cc:428] Loaded cuDNN version 8600
2024-09-10 02:54:48.537987: I tensorflow/compiler/xla/stream_executor/cuda/cuda_dnn.cc:428] Loaded cuDNN version 8600
2024-09-10 02:54:49.039753: I tensorflow/compiler/xla/stream_executor/cuda/cuda_dnn.cc:428] Loaded cuDNN version 8600
2024-09-10 02:54:49.273795: I tensorflow/compiler/xla/stream_executor/cuda/cuda_dnn.cc:428] Loaded cuDNN version 8600
2024-09-10 02:54:49.673866: I tensorflow/compiler/xla/stream_executor/cuda/cuda_dnn.cc:428] Loaded cuDNN version 8600
2024-09-10 02:54:49.724304: I tensorflow/compiler/xla/service/service.cc:173] XLA service 0x7876c8c0 initialized for platform CUDA (this does not guarantee that XLA will be used). Devices:
2024-09-10 02:54:49.724387: I tensorflow/compiler/xla/service/service.cc:181]   StreamExecutor device (0): NVIDIA A100-SXM4-40GB, Compute Capability 8.0
2024-09-10 02:54:49.724395: I tensorflow/compiler/xla/service/service.cc:181]   StreamExecutor device (1): NVIDIA A100-SXM4-40GB, Compute Capability 8.0
2024-09-10 02:54:49.724401: I tensorflow/compiler/xla/service/service.cc:181]   StreamExecutor device (2): NVIDIA A100-SXM4-40GB, Compute Capability 8.0
2024-09-10 02:54:49.724408: I tensorflow/compiler/xla/service/service.cc:181]   StreamExecutor device (3): NVIDIA A100-SXM4-40GB, Compute Capability 8.0
2024-09-10 02:54:49.724478: I tensorflow/compiler/xla/stream_executor/cuda/cuda_dnn.cc:428] Loaded cuDNN version 8600
2024-09-10 02:54:49.748747: I tensorflow/compiler/mlir/tensorflow/utils/dump_mlir_util.cc:268] disabling MLIR crash reproducer, set env var `MLIR_CRASH_REPRODUCER_DIRECTORY` to enable.
2024-09-10 02:54:50.028952: I tensorflow/compiler/jit/xla_compilation_cache.cc:477] Compiled cluster using XLA!  This line is logged at most once for the lifetime of the process.
2024-09-10 02:54:55.401063: I tensorflow/compiler/xla/service/service.cc:173] XLA service 0x149df1612160 initialized for platform CUDA (this does not guarantee that XLA will be used). Devices:
2024-09-10 02:54:55.401123: I tensorflow/compiler/xla/service/service.cc:181]   StreamExecutor device (0): NVIDIA A100-SXM4-40GB, Compute Capability 8.0
2024-09-10 02:54:55.401133: I tensorflow/compiler/xla/service/service.cc:181]   StreamExecutor device (1): NVIDIA A100-SXM4-40GB, Compute Capability 8.0
2024-09-10 02:54:55.401141: I tensorflow/compiler/xla/service/service.cc:181]   StreamExecutor device (2): NVIDIA A100-SXM4-40GB, Compute Capability 8.0
2024-09-10 02:54:55.401148: I tensorflow/compiler/xla/service/service.cc:181]   StreamExecutor device (3): NVIDIA A100-SXM4-40GB, Compute Capability 8.0
2024-09-10 02:54:55.412752: I tensorflow/compiler/mlir/tensorflow/utils/dump_mlir_util.cc:268] disabling MLIR crash reproducer, set env var `MLIR_CRASH_REPRODUCER_DIRECTORY` to enable.
2024-09-10 02:54:55.555313: I tensorflow/compiler/xla/service/service.cc:173] XLA service 0x667cf270 initialized for platform CUDA (this does not guarantee that XLA will be used). Devices:
2024-09-10 02:54:55.555369: I tensorflow/compiler/xla/service/service.cc:181]   StreamExecutor device (0): NVIDIA A100-SXM4-40GB, Compute Capability 8.0
2024-09-10 02:54:55.555378: I tensorflow/compiler/xla/service/service.cc:181]   StreamExecutor device (1): NVIDIA A100-SXM4-40GB, Compute Capability 8.0
2024-09-10 02:54:55.555384: I tensorflow/compiler/xla/service/service.cc:181]   StreamExecutor device (2): NVIDIA A100-SXM4-40GB, Compute Capability 8.0
2024-09-10 02:54:55.555390: I tensorflow/compiler/xla/service/service.cc:181]   StreamExecutor device (3): NVIDIA A100-SXM4-40GB, Compute Capability 8.0
2024-09-10 02:54:55.561399: I tensorflow/compiler/xla/service/service.cc:173] XLA service 0x1518e4008e70 initialized for platform CUDA (this does not guarantee that XLA will be used). Devices:
2024-09-10 02:54:55.561475: I tensorflow/compiler/xla/service/service.cc:181]   StreamExecutor device (0): NVIDIA A100-SXM4-40GB, Compute Capability 8.0
2024-09-10 02:54:55.561484: I tensorflow/compiler/xla/service/service.cc:181]   StreamExecutor device (1): NVIDIA A100-SXM4-40GB, Compute Capability 8.0
2024-09-10 02:54:55.561490: I tensorflow/compiler/xla/service/service.cc:181]   StreamExecutor device (2): NVIDIA A100-SXM4-40GB, Compute Capability 8.0
2024-09-10 02:54:55.561496: I tensorflow/compiler/xla/service/service.cc:181]   StreamExecutor device (3): NVIDIA A100-SXM4-40GB, Compute Capability 8.0
2024-09-10 02:54:55.580446: I tensorflow/compiler/mlir/tensorflow/utils/dump_mlir_util.cc:268] disabling MLIR crash reproducer, set env var `MLIR_CRASH_REPRODUCER_DIRECTORY` to enable.
2024-09-10 02:54:55.582895: I tensorflow/compiler/mlir/tensorflow/utils/dump_mlir_util.cc:268] disabling MLIR crash reproducer, set env var `MLIR_CRASH_REPRODUCER_DIRECTORY` to enable.
2024-09-10 02:54:55.622382: I tensorflow/compiler/jit/xla_compilation_cache.cc:477] Compiled cluster using XLA!  This line is logged at most once for the lifetime of the process.
2024-09-10 02:54:55.882463: I tensorflow/compiler/jit/xla_compilation_cache.cc:477] Compiled cluster using XLA!  This line is logged at most once for the lifetime of the process.
2024-09-10 02:54:55.901489: I tensorflow/compiler/jit/xla_compilation_cache.cc:477] Compiled cluster using XLA!  This line is logged at most once for the lifetime of the process.
2024-09-10 02:55:00.063040: I tensorflow/compiler/xla/stream_executor/cuda/cuda_dnn.cc:428] Loaded cuDNN version 8600
2024-09-10 02:55:00.556998: I tensorflow/compiler/xla/stream_executor/cuda/cuda_dnn.cc:428] Loaded cuDNN version 8600
2024-09-10 02:55:01.122456: I tensorflow/compiler/xla/stream_executor/cuda/cuda_dnn.cc:428] Loaded cuDNN version 8600
2024-09-10 02:55:01.570813: I tensorflow/compiler/xla/stream_executor/cuda/cuda_dnn.cc:428] Loaded cuDNN version 8600
2024-09-10 02:55:03.454197: I tensorflow/compiler/xla/stream_executor/cuda/cuda_dnn.cc:428] Loaded cuDNN version 8600
2024-09-10 02:55:03.889024: I tensorflow/compiler/xla/stream_executor/cuda/cuda_dnn.cc:428] Loaded cuDNN version 8600
2024-09-10 02:55:04.492372: I tensorflow/compiler/xla/stream_executor/cuda/cuda_dnn.cc:428] Loaded cuDNN version 8600
2024-09-10 02:55:04.971185: I tensorflow/compiler/xla/stream_executor/cuda/cuda_dnn.cc:428] Loaded cuDNN version 8600
2024-09-10 02:55:07.381276: I tensorflow/compiler/xla/stream_executor/cuda/cuda_dnn.cc:428] Loaded cuDNN version 8600
2024-09-10 02:55:07.542724: I tensorflow/compiler/xla/service/service.cc:173] XLA service 0x14ad4523d440 initialized for platform CUDA (this does not guarantee that XLA will be used). Devices:
2024-09-10 02:55:07.542808: I tensorflow/compiler/xla/service/service.cc:181]   StreamExecutor device (0): NVIDIA A100-SXM4-40GB, Compute Capability 8.0
2024-09-10 02:55:07.542817: I tensorflow/compiler/xla/service/service.cc:181]   StreamExecutor device (1): NVIDIA A100-SXM4-40GB, Compute Capability 8.0
2024-09-10 02:55:07.542823: I tensorflow/compiler/xla/service/service.cc:181]   StreamExecutor device (2): NVIDIA A100-SXM4-40GB, Compute Capability 8.0
2024-09-10 02:55:07.542829: I tensorflow/compiler/xla/service/service.cc:181]   StreamExecutor device (3): NVIDIA A100-SXM4-40GB, Compute Capability 8.0
2024-09-10 02:55:07.565489: I tensorflow/compiler/mlir/tensorflow/utils/dump_mlir_util.cc:268] disabling MLIR crash reproducer, set env var `MLIR_CRASH_REPRODUCER_DIRECTORY` to enable.
2024-09-10 02:55:07.837978: I tensorflow/compiler/jit/xla_compilation_cache.cc:477] Compiled cluster using XLA!  This line is logged at most once for the lifetime of the process.
2024-09-10 02:55:10.811687: I tensorflow/compiler/xla/service/service.cc:173] XLA service 0x142a3cca7e90 initialized for platform CUDA (this does not guarantee that XLA will be used). Devices:
2024-09-10 02:55:10.811768: I tensorflow/compiler/xla/service/service.cc:181]   StreamExecutor device (0): NVIDIA A100-SXM4-40GB, Compute Capability 8.0
2024-09-10 02:55:10.811775: I tensorflow/compiler/xla/service/service.cc:181]   StreamExecutor device (1): NVIDIA A100-SXM4-40GB, Compute Capability 8.0
2024-09-10 02:55:10.811781: I tensorflow/compiler/xla/service/service.cc:181]   StreamExecutor device (2): NVIDIA A100-SXM4-40GB, Compute Capability 8.0
2024-09-10 02:55:10.811787: I tensorflow/compiler/xla/service/service.cc:181]   StreamExecutor device (3): NVIDIA A100-SXM4-40GB, Compute Capability 8.0
2024-09-10 02:55:10.832743: I tensorflow/compiler/mlir/tensorflow/utils/dump_mlir_util.cc:268] disabling MLIR crash reproducer, set env var `MLIR_CRASH_REPRODUCER_DIRECTORY` to enable.
2024-09-10 02:55:11.111432: I tensorflow/compiler/jit/xla_compilation_cache.cc:477] Compiled cluster using XLA!  This line is logged at most once for the lifetime of the process.
2024-09-10 02:55:11.428367: I tensorflow/compiler/xla/stream_executor/cuda/cuda_dnn.cc:428] Loaded cuDNN version 8600
2024-09-10 02:55:11.970577: I tensorflow/compiler/xla/stream_executor/cuda/cuda_dnn.cc:428] Loaded cuDNN version 8600
2024-09-10 02:55:13.003106: I tensorflow/compiler/xla/service/service.cc:173] XLA service 0x153a88001850 initialized for platform CUDA (this does not guarantee that XLA will be used). Devices:
2024-09-10 02:55:13.003185: I tensorflow/compiler/xla/service/service.cc:181]   StreamExecutor device (0): NVIDIA A100-SXM4-40GB, Compute Capability 8.0
2024-09-10 02:55:13.003193: I tensorflow/compiler/xla/service/service.cc:181]   StreamExecutor device (1): NVIDIA A100-SXM4-40GB, Compute Capability 8.0
2024-09-10 02:55:13.003199: I tensorflow/compiler/xla/service/service.cc:181]   StreamExecutor device (2): NVIDIA A100-SXM4-40GB, Compute Capability 8.0
2024-09-10 02:55:13.003206: I tensorflow/compiler/xla/service/service.cc:181]   StreamExecutor device (3): NVIDIA A100-SXM4-40GB, Compute Capability 8.0
2024-09-10 02:55:13.029101: I tensorflow/compiler/mlir/tensorflow/utils/dump_mlir_util.cc:268] disabling MLIR crash reproducer, set env var `MLIR_CRASH_REPRODUCER_DIRECTORY` to enable.
2024-09-10 02:55:13.318805: I tensorflow/compiler/jit/xla_compilation_cache.cc:477] Compiled cluster using XLA!  This line is logged at most once for the lifetime of the process.
2024-09-10 02:55:17.894580: I tensorflow/compiler/xla/service/service.cc:173] XLA service 0x15146402e9f0 initialized for platform CUDA (this does not guarantee that XLA will be used). Devices:
2024-09-10 02:55:17.894655: I tensorflow/compiler/xla/service/service.cc:181]   StreamExecutor device (0): NVIDIA A100-SXM4-40GB, Compute Capability 8.0
2024-09-10 02:55:17.894663: I tensorflow/compiler/xla/service/service.cc:181]   StreamExecutor device (1): NVIDIA A100-SXM4-40GB, Compute Capability 8.0
2024-09-10 02:55:17.894669: I tensorflow/compiler/xla/service/service.cc:181]   StreamExecutor device (2): NVIDIA A100-SXM4-40GB, Compute Capability 8.0
2024-09-10 02:55:17.894675: I tensorflow/compiler/xla/service/service.cc:181]   StreamExecutor device (3): NVIDIA A100-SXM4-40GB, Compute Capability 8.0
2024-09-10 02:55:17.922881: I tensorflow/compiler/mlir/tensorflow/utils/dump_mlir_util.cc:268] disabling MLIR crash reproducer, set env var `MLIR_CRASH_REPRODUCER_DIRECTORY` to enable.
2024-09-10 02:55:18.208553: I tensorflow/compiler/jit/xla_compilation_cache.cc:477] Compiled cluster using XLA!  This line is logged at most once for the lifetime of the process.
srun: Job 10299610 step creation temporarily disabled, retrying (Requested nodes are busy)
srun: Job 10299610 step creation temporarily disabled, retrying (Requested nodes are busy)
srun: Job 10299610 step creation temporarily disabled, retrying (Requested nodes are busy)
srun: Job 10299610 step creation temporarily disabled, retrying (Requested nodes are busy)
srun: Job 10299610 step creation temporarily disabled, retrying (Requested nodes are busy)
srun: Job 10299610 step creation temporarily disabled, retrying (Requested nodes are busy)
srun: Job 10299610 step creation still disabled, retrying (Requested nodes are busy)
srun: Job 10299610 step creation still disabled, retrying (Requested nodes are busy)
srun: Job 10299610 step creation still disabled, retrying (Requested nodes are busy)
srun: Job 10299610 step creation still disabled, retrying (Requested nodes are busy)
srun: Job 10299610 step creation still disabled, retrying (Requested nodes are busy)
srun: Job 10299610 step creation still disabled, retrying (Requested nodes are busy)
srun: Job 10299610 step creation still disabled, retrying (Requested nodes are busy)
srun: Job 10299610 step creation still disabled, retrying (Requested nodes are busy)
srun: Job 10299610 step creation still disabled, retrying (Requested nodes are busy)
srun: Job 10299610 step creation still disabled, retrying (Requested nodes are busy)
srun: Job 10299610 step creation still disabled, retrying (Requested nodes are busy)
srun: Job 10299610 step creation still disabled, retrying (Requested nodes are busy)
srun: Job 10299610 step creation still disabled, retrying (Requested nodes are busy)
srun: Job 10299610 step creation still disabled, retrying (Requested nodes are busy)
srun: Job 10299610 step creation still disabled, retrying (Requested nodes are busy)
srun: Job 10299610 step creation still disabled, retrying (Requested nodes are busy)
srun: Job 10299610 step creation still disabled, retrying (Requested nodes are busy)
srun: Job 10299610 step creation still disabled, retrying (Requested nodes are busy)
srun: Job 10299610 step creation still disabled, retrying (Requested nodes are busy)
srun: Job 10299610 step creation still disabled, retrying (Requested nodes are busy)
srun: Job 10299610 step creation still disabled, retrying (Requested nodes are busy)
srun: Job 10299610 step creation still disabled, retrying (Requested nodes are busy)
srun: Job 10299610 step creation still disabled, retrying (Requested nodes are busy)
srun: Job 10299610 step creation still disabled, retrying (Requested nodes are busy)
srun: Job 10299610 step creation still disabled, retrying (Requested nodes are busy)
srun: Job 10299610 step creation still disabled, retrying (Requested nodes are busy)
srun: Job 10299610 step creation still disabled, retrying (Requested nodes are busy)
srun: Job 10299610 step creation still disabled, retrying (Requested nodes are busy)
srun: Job 10299610 step creation still disabled, retrying (Requested nodes are busy)
srun: Job 10299610 step creation still disabled, retrying (Requested nodes are busy)
srun: Job 10299610 step creation still disabled, retrying (Requested nodes are busy)
srun: Job 10299610 step creation still disabled, retrying (Requested nodes are busy)
srun: Job 10299610 step creation still disabled, retrying (Requested nodes are busy)
srun: Job 10299610 step creation still disabled, retrying (Requested nodes are busy)
srun: Job 10299610 step creation still disabled, retrying (Requested nodes are busy)
srun: Job 10299610 step creation still disabled, retrying (Requested nodes are busy)
srun: Job 10299610 step creation still disabled, retrying (Requested nodes are busy)
srun: Job 10299610 step creation still disabled, retrying (Requested nodes are busy)
srun: Job 10299610 step creation still disabled, retrying (Requested nodes are busy)
srun: Job 10299610 step creation still disabled, retrying (Requested nodes are busy)
srun: Job 10299610 step creation still disabled, retrying (Requested nodes are busy)
srun: Job 10299610 step creation still disabled, retrying (Requested nodes are busy)
srun: Job 10299610 step creation still disabled, retrying (Requested nodes are busy)
srun: Job 10299610 step creation still disabled, retrying (Requested nodes are busy)
srun: Job 10299610 step creation still disabled, retrying (Requested nodes are busy)
srun: Job 10299610 step creation still disabled, retrying (Requested nodes are busy)
srun: Job 10299610 step creation still disabled, retrying (Requested nodes are busy)
srun: Job 10299610 step creation still disabled, retrying (Requested nodes are busy)
srun: Job 10299610 step creation still disabled, retrying (Requested nodes are busy)
srun: Job 10299610 step creation still disabled, retrying (Requested nodes are busy)
srun: Job 10299610 step creation still disabled, retrying (Requested nodes are busy)
srun: Job 10299610 step creation still disabled, retrying (Requested nodes are busy)
srun: Job 10299610 step creation still disabled, retrying (Requested nodes are busy)
srun: Job 10299610 step creation still disabled, retrying (Requested nodes are busy)
srun: Job 10299610 step creation still disabled, retrying (Requested nodes are busy)
srun: Job 10299610 step creation still disabled, retrying (Requested nodes are busy)
srun: Job 10299610 step creation still disabled, retrying (Requested nodes are busy)
srun: Job 10299610 step creation still disabled, retrying (Requested nodes are busy)
srun: Job 10299610 step creation still disabled, retrying (Requested nodes are busy)
srun: Job 10299610 step creation still disabled, retrying (Requested nodes are busy)
srun: Job 10299610 step creation still disabled, retrying (Requested nodes are busy)
srun: Job 10299610 step creation still disabled, retrying (Requested nodes are busy)
srun: Job 10299610 step creation still disabled, retrying (Requested nodes are busy)
srun: Job 10299610 step creation still disabled, retrying (Requested nodes are busy)
srun: Job 10299610 step creation still disabled, retrying (Requested nodes are busy)
srun: Job 10299610 step creation still disabled, retrying (Requested nodes are busy)
srun: Job 10299610 step creation still disabled, retrying (Requested nodes are busy)
srun: Job 10299610 step creation still disabled, retrying (Requested nodes are busy)
srun: Job 10299610 step creation still disabled, retrying (Requested nodes are busy)
srun: Job 10299610 step creation still disabled, retrying (Requested nodes are busy)
srun: Job 10299610 step creation still disabled, retrying (Requested nodes are busy)
srun: Job 10299610 step creation still disabled, retrying (Requested nodes are busy)
srun: Job 10299610 step creation still disabled, retrying (Requested nodes are busy)
srun: Job 10299610 step creation still disabled, retrying (Requested nodes are busy)
srun: Job 10299610 step creation still disabled, retrying (Requested nodes are busy)
srun: Job 10299610 step creation still disabled, retrying (Requested nodes are busy)
srun: Job 10299610 step creation still disabled, retrying (Requested nodes are busy)
srun: Job 10299610 step creation still disabled, retrying (Requested nodes are busy)
srun: Step created for StepId=10299610.10
2024-09-10 03:23:07.074155: I tensorflow/core/common_runtime/gpu/gpu_device.cc:1613] Created device /job:localhost/replica:0/task:0/device:GPU:0 with 38364 MB memory:  -> device: 0, name: NVIDIA A100-SXM4-40GB, pci bus id: 0000:03:00.0, compute capability: 8.0
2024-09-10 03:23:07.075868: I tensorflow/core/common_runtime/gpu/gpu_device.cc:1613] Created device /job:localhost/replica:0/task:0/device:GPU:1 with 38364 MB memory:  -> device: 1, name: NVIDIA A100-SXM4-40GB, pci bus id: 0000:44:00.0, compute capability: 8.0
2024-09-10 03:23:07.078101: I tensorflow/core/common_runtime/gpu/gpu_device.cc:1613] Created device /job:localhost/replica:0/task:0/device:GPU:2 with 38364 MB memory:  -> device: 2, name: NVIDIA A100-SXM4-40GB, pci bus id: 0000:84:00.0, compute capability: 8.0
2024-09-10 03:23:07.079755: I tensorflow/core/common_runtime/gpu/gpu_device.cc:1613] Created device /job:localhost/replica:0/task:0/device:GPU:3 with 38364 MB memory:  -> device: 3, name: NVIDIA A100-SXM4-40GB, pci bus id: 0000:c4:00.0, compute capability: 8.0
2024-09-10 03:23:50.803668: I tensorflow/compiler/xla/stream_executor/cuda/cuda_dnn.cc:428] Loaded cuDNN version 8600
2024-09-10 03:23:55.828095: I tensorflow/compiler/xla/service/service.cc:173] XLA service 0x676547b0 initialized for platform CUDA (this does not guarantee that XLA will be used). Devices:
2024-09-10 03:23:55.828152: I tensorflow/compiler/xla/service/service.cc:181]   StreamExecutor device (0): NVIDIA A100-SXM4-40GB, Compute Capability 8.0
2024-09-10 03:23:55.828160: I tensorflow/compiler/xla/service/service.cc:181]   StreamExecutor device (1): NVIDIA A100-SXM4-40GB, Compute Capability 8.0
2024-09-10 03:23:55.828172: I tensorflow/compiler/xla/service/service.cc:181]   StreamExecutor device (2): NVIDIA A100-SXM4-40GB, Compute Capability 8.0
2024-09-10 03:23:55.828178: I tensorflow/compiler/xla/service/service.cc:181]   StreamExecutor device (3): NVIDIA A100-SXM4-40GB, Compute Capability 8.0
2024-09-10 03:23:55.839820: I tensorflow/compiler/mlir/tensorflow/utils/dump_mlir_util.cc:268] disabling MLIR crash reproducer, set env var `MLIR_CRASH_REPRODUCER_DIRECTORY` to enable.
2024-09-10 03:23:56.025053: I tensorflow/compiler/jit/xla_compilation_cache.cc:477] Compiled cluster using XLA!  This line is logged at most once for the lifetime of the process.
srun: Job 10299610 step creation still disabled, retrying (Requested nodes are busy)
srun: Job 10299610 step creation still disabled, retrying (Requested nodes are busy)
srun: Job 10299610 step creation still disabled, retrying (Requested nodes are busy)
srun: Job 10299610 step creation still disabled, retrying (Requested nodes are busy)
srun: Job 10299610 step creation still disabled, retrying (Requested nodes are busy)
srun: Job 10299610 step creation still disabled, retrying (Requested nodes are busy)
srun: Job 10299610 step creation still disabled, retrying (Requested nodes are busy)
srun: Job 10299610 step creation still disabled, retrying (Requested nodes are busy)
srun: Job 10299610 step creation still disabled, retrying (Requested nodes are busy)
srun: Job 10299610 step creation still disabled, retrying (Requested nodes are busy)
srun: Job 10299610 step creation still disabled, retrying (Requested nodes are busy)
srun: Job 10299610 step creation still disabled, retrying (Requested nodes are busy)
srun: Job 10299610 step creation still disabled, retrying (Requested nodes are busy)
srun: Job 10299610 step creation still disabled, retrying (Requested nodes are busy)
srun: Job 10299610 step creation still disabled, retrying (Requested nodes are busy)
srun: Job 10299610 step creation still disabled, retrying (Requested nodes are busy)
srun: Job 10299610 step creation still disabled, retrying (Requested nodes are busy)
srun: Job 10299610 step creation still disabled, retrying (Requested nodes are busy)
srun: Job 10299610 step creation still disabled, retrying (Requested nodes are busy)
srun: Job 10299610 step creation still disabled, retrying (Requested nodes are busy)
srun: Job 10299610 step creation still disabled, retrying (Requested nodes are busy)
srun: Job 10299610 step creation still disabled, retrying (Requested nodes are busy)
srun: Job 10299610 step creation still disabled, retrying (Requested nodes are busy)
srun: Job 10299610 step creation still disabled, retrying (Requested nodes are busy)
srun: Job 10299610 step creation still disabled, retrying (Requested nodes are busy)
srun: Job 10299610 step creation still disabled, retrying (Requested nodes are busy)
srun: Job 10299610 step creation still disabled, retrying (Requested nodes are busy)
srun: Job 10299610 step creation still disabled, retrying (Requested nodes are busy)
srun: Job 10299610 step creation still disabled, retrying (Requested nodes are busy)
srun: Job 10299610 step creation still disabled, retrying (Requested nodes are busy)
srun: Job 10299610 step creation still disabled, retrying (Requested nodes are busy)
srun: Job 10299610 step creation still disabled, retrying (Requested nodes are busy)
srun: Job 10299610 step creation still disabled, retrying (Requested nodes are busy)
srun: Job 10299610 step creation still disabled, retrying (Requested nodes are busy)
srun: Job 10299610 step creation still disabled, retrying (Requested nodes are busy)
srun: Job 10299610 step creation still disabled, retrying (Requested nodes are busy)
srun: Job 10299610 step creation still disabled, retrying (Requested nodes are busy)
srun: Job 10299610 step creation still disabled, retrying (Requested nodes are busy)
srun: Job 10299610 step creation still disabled, retrying (Requested nodes are busy)
srun: Job 10299610 step creation still disabled, retrying (Requested nodes are busy)
srun: Job 10299610 step creation still disabled, retrying (Requested nodes are busy)
srun: Job 10299610 step creation still disabled, retrying (Requested nodes are busy)
srun: Job 10299610 step creation still disabled, retrying (Requested nodes are busy)
srun: Job 10299610 step creation still disabled, retrying (Requested nodes are busy)
srun: Job 10299610 step creation still disabled, retrying (Requested nodes are busy)
srun: Job 10299610 step creation still disabled, retrying (Requested nodes are busy)
srun: Job 10299610 step creation still disabled, retrying (Requested nodes are busy)
srun: Job 10299610 step creation still disabled, retrying (Requested nodes are busy)
srun: Job 10299610 step creation still disabled, retrying (Requested nodes are busy)
srun: Job 10299610 step creation still disabled, retrying (Requested nodes are busy)
srun: Job 10299610 step creation still disabled, retrying (Requested nodes are busy)
srun: Job 10299610 step creation still disabled, retrying (Requested nodes are busy)
srun: Job 10299610 step creation still disabled, retrying (Requested nodes are busy)
srun: Job 10299610 step creation still disabled, retrying (Requested nodes are busy)
srun: Job 10299610 step creation still disabled, retrying (Requested nodes are busy)
srun: Job 10299610 step creation still disabled, retrying (Requested nodes are busy)
srun: Job 10299610 step creation still disabled, retrying (Requested nodes are busy)
srun: Job 10299610 step creation still disabled, retrying (Requested nodes are busy)
srun: Job 10299610 step creation still disabled, retrying (Requested nodes are busy)
srun: Job 10299610 step creation still disabled, retrying (Requested nodes are busy)
srun: Job 10299610 step creation still disabled, retrying (Requested nodes are busy)
srun: Step created for StepId=10299610.11
2024-09-10 03:48:27.231220: I tensorflow/core/common_runtime/gpu/gpu_device.cc:1613] Created device /job:localhost/replica:0/task:0/device:GPU:0 with 38364 MB memory:  -> device: 0, name: NVIDIA A100-SXM4-40GB, pci bus id: 0000:03:00.0, compute capability: 8.0
2024-09-10 03:48:27.232990: I tensorflow/core/common_runtime/gpu/gpu_device.cc:1613] Created device /job:localhost/replica:0/task:0/device:GPU:1 with 38364 MB memory:  -> device: 1, name: NVIDIA A100-SXM4-40GB, pci bus id: 0000:44:00.0, compute capability: 8.0
2024-09-10 03:48:27.234514: I tensorflow/core/common_runtime/gpu/gpu_device.cc:1613] Created device /job:localhost/replica:0/task:0/device:GPU:2 with 38364 MB memory:  -> device: 2, name: NVIDIA A100-SXM4-40GB, pci bus id: 0000:84:00.0, compute capability: 8.0
2024-09-10 03:48:27.236167: I tensorflow/core/common_runtime/gpu/gpu_device.cc:1613] Created device /job:localhost/replica:0/task:0/device:GPU:3 with 38364 MB memory:  -> device: 3, name: NVIDIA A100-SXM4-40GB, pci bus id: 0000:c4:00.0, compute capability: 8.0
2024-09-10 03:49:11.377078: I tensorflow/compiler/xla/stream_executor/cuda/cuda_dnn.cc:428] Loaded cuDNN version 8600
2024-09-10 03:49:11.875265: I tensorflow/compiler/xla/stream_executor/cuda/cuda_dnn.cc:428] Loaded cuDNN version 8600
2024-09-10 03:49:12.418450: I tensorflow/compiler/xla/stream_executor/cuda/cuda_dnn.cc:428] Loaded cuDNN version 8600
2024-09-10 03:49:12.892508: I tensorflow/compiler/xla/stream_executor/cuda/cuda_dnn.cc:428] Loaded cuDNN version 8600
srun: Job 10299610 step creation still disabled, retrying (Requested nodes are busy)
2024-09-10 03:49:18.858773: I tensorflow/compiler/xla/service/service.cc:173] XLA service 0x1447ebc02c90 initialized for platform CUDA (this does not guarantee that XLA will be used). Devices:
2024-09-10 03:49:18.858818: I tensorflow/compiler/xla/service/service.cc:181]   StreamExecutor device (0): NVIDIA A100-SXM4-40GB, Compute Capability 8.0
2024-09-10 03:49:18.858825: I tensorflow/compiler/xla/service/service.cc:181]   StreamExecutor device (1): NVIDIA A100-SXM4-40GB, Compute Capability 8.0
2024-09-10 03:49:18.858832: I tensorflow/compiler/xla/service/service.cc:181]   StreamExecutor device (2): NVIDIA A100-SXM4-40GB, Compute Capability 8.0
2024-09-10 03:49:18.858838: I tensorflow/compiler/xla/service/service.cc:181]   StreamExecutor device (3): NVIDIA A100-SXM4-40GB, Compute Capability 8.0
2024-09-10 03:49:18.867327: I tensorflow/compiler/mlir/tensorflow/utils/dump_mlir_util.cc:268] disabling MLIR crash reproducer, set env var `MLIR_CRASH_REPRODUCER_DIRECTORY` to enable.
2024-09-10 03:49:19.080162: I tensorflow/compiler/jit/xla_compilation_cache.cc:477] Compiled cluster using XLA!  This line is logged at most once for the lifetime of the process.
srun: Job 10299610 step creation still disabled, retrying (Requested nodes are busy)
srun: Job 10299610 step creation still disabled, retrying (Requested nodes are busy)
srun: Job 10299610 step creation still disabled, retrying (Requested nodes are busy)
srun: Job 10299610 step creation still disabled, retrying (Requested nodes are busy)
srun: Job 10299610 step creation still disabled, retrying (Requested nodes are busy)
srun: Job 10299610 step creation still disabled, retrying (Requested nodes are busy)
srun: Job 10299610 step creation still disabled, retrying (Requested nodes are busy)
srun: Job 10299610 step creation still disabled, retrying (Requested nodes are busy)
srun: Job 10299610 step creation still disabled, retrying (Requested nodes are busy)
srun: Job 10299610 step creation still disabled, retrying (Requested nodes are busy)
srun: Job 10299610 step creation still disabled, retrying (Requested nodes are busy)
srun: Job 10299610 step creation still disabled, retrying (Requested nodes are busy)
srun: Job 10299610 step creation still disabled, retrying (Requested nodes are busy)
srun: Job 10299610 step creation still disabled, retrying (Requested nodes are busy)
srun: Job 10299610 step creation still disabled, retrying (Requested nodes are busy)
srun: Job 10299610 step creation still disabled, retrying (Requested nodes are busy)
srun: Job 10299610 step creation still disabled, retrying (Requested nodes are busy)
srun: Step created for StepId=10299610.12
2024-09-10 03:57:12.556646: I tensorflow/core/common_runtime/gpu/gpu_device.cc:1613] Created device /job:localhost/replica:0/task:0/device:GPU:0 with 38364 MB memory:  -> device: 0, name: NVIDIA A100-SXM4-40GB, pci bus id: 0000:03:00.0, compute capability: 8.0
2024-09-10 03:57:12.559196: I tensorflow/core/common_runtime/gpu/gpu_device.cc:1613] Created device /job:localhost/replica:0/task:0/device:GPU:1 with 38364 MB memory:  -> device: 1, name: NVIDIA A100-SXM4-40GB, pci bus id: 0000:44:00.0, compute capability: 8.0
2024-09-10 03:57:12.560684: I tensorflow/core/common_runtime/gpu/gpu_device.cc:1613] Created device /job:localhost/replica:0/task:0/device:GPU:2 with 38364 MB memory:  -> device: 2, name: NVIDIA A100-SXM4-40GB, pci bus id: 0000:84:00.0, compute capability: 8.0
2024-09-10 03:57:12.563223: I tensorflow/core/common_runtime/gpu/gpu_device.cc:1613] Created device /job:localhost/replica:0/task:0/device:GPU:3 with 38364 MB memory:  -> device: 3, name: NVIDIA A100-SXM4-40GB, pci bus id: 0000:c4:00.0, compute capability: 8.0
2024-09-10 03:57:56.514236: I tensorflow/compiler/xla/stream_executor/cuda/cuda_dnn.cc:428] Loaded cuDNN version 8600
2024-09-10 03:57:56.872112: I tensorflow/compiler/xla/stream_executor/cuda/cuda_dnn.cc:428] Loaded cuDNN version 8600
2024-09-10 03:58:02.693909: I tensorflow/compiler/xla/service/service.cc:173] XLA service 0x66ce8fd0 initialized for platform CUDA (this does not guarantee that XLA will be used). Devices:
2024-09-10 03:58:02.693969: I tensorflow/compiler/xla/service/service.cc:181]   StreamExecutor device (0): NVIDIA A100-SXM4-40GB, Compute Capability 8.0
2024-09-10 03:58:02.693978: I tensorflow/compiler/xla/service/service.cc:181]   StreamExecutor device (1): NVIDIA A100-SXM4-40GB, Compute Capability 8.0
2024-09-10 03:58:02.693984: I tensorflow/compiler/xla/service/service.cc:181]   StreamExecutor device (2): NVIDIA A100-SXM4-40GB, Compute Capability 8.0
2024-09-10 03:58:02.693990: I tensorflow/compiler/xla/service/service.cc:181]   StreamExecutor device (3): NVIDIA A100-SXM4-40GB, Compute Capability 8.0
2024-09-10 03:58:02.704509: I tensorflow/compiler/mlir/tensorflow/utils/dump_mlir_util.cc:268] disabling MLIR crash reproducer, set env var `MLIR_CRASH_REPRODUCER_DIRECTORY` to enable.
2024-09-10 03:58:02.893767: I tensorflow/compiler/jit/xla_compilation_cache.cc:477] Compiled cluster using XLA!  This line is logged at most once for the lifetime of the process.
srun: Job 10299610 step creation still disabled, retrying (Requested nodes are busy)
srun: Job 10299610 step creation still disabled, retrying (Requested nodes are busy)
srun: Job 10299610 step creation still disabled, retrying (Requested nodes are busy)
srun: Job 10299610 step creation still disabled, retrying (Requested nodes are busy)
srun: Job 10299610 step creation still disabled, retrying (Requested nodes are busy)
srun: Step created for StepId=10299610.13
2024-09-10 03:59:13.339923: I tensorflow/core/common_runtime/gpu/gpu_device.cc:1613] Created device /job:localhost/replica:0/task:0/device:GPU:0 with 38364 MB memory:  -> device: 0, name: NVIDIA A100-SXM4-40GB, pci bus id: 0000:03:00.0, compute capability: 8.0
2024-09-10 03:59:13.341802: I tensorflow/core/common_runtime/gpu/gpu_device.cc:1613] Created device /job:localhost/replica:0/task:0/device:GPU:1 with 38364 MB memory:  -> device: 1, name: NVIDIA A100-SXM4-40GB, pci bus id: 0000:44:00.0, compute capability: 8.0
2024-09-10 03:59:13.343331: I tensorflow/core/common_runtime/gpu/gpu_device.cc:1613] Created device /job:localhost/replica:0/task:0/device:GPU:2 with 38364 MB memory:  -> device: 2, name: NVIDIA A100-SXM4-40GB, pci bus id: 0000:84:00.0, compute capability: 8.0
2024-09-10 03:59:13.345006: I tensorflow/core/common_runtime/gpu/gpu_device.cc:1613] Created device /job:localhost/replica:0/task:0/device:GPU:3 with 38364 MB memory:  -> device: 3, name: NVIDIA A100-SXM4-40GB, pci bus id: 0000:c4:00.0, compute capability: 8.0
2024-09-10 03:59:57.147719: I tensorflow/compiler/xla/stream_executor/cuda/cuda_dnn.cc:428] Loaded cuDNN version 8600
2024-09-10 03:59:57.661991: I tensorflow/compiler/xla/stream_executor/cuda/cuda_dnn.cc:428] Loaded cuDNN version 8600
2024-09-10 03:59:58.166243: I tensorflow/compiler/xla/stream_executor/cuda/cuda_dnn.cc:428] Loaded cuDNN version 8600
2024-09-10 03:59:58.664867: I tensorflow/compiler/xla/stream_executor/cuda/cuda_dnn.cc:428] Loaded cuDNN version 8600
2024-09-10 04:00:04.630852: I tensorflow/compiler/xla/service/service.cc:173] XLA service 0x14838b10d3a0 initialized for platform CUDA (this does not guarantee that XLA will be used). Devices:
2024-09-10 04:00:04.630914: I tensorflow/compiler/xla/service/service.cc:181]   StreamExecutor device (0): NVIDIA A100-SXM4-40GB, Compute Capability 8.0
2024-09-10 04:00:04.630922: I tensorflow/compiler/xla/service/service.cc:181]   StreamExecutor device (1): NVIDIA A100-SXM4-40GB, Compute Capability 8.0
2024-09-10 04:00:04.630928: I tensorflow/compiler/xla/service/service.cc:181]   StreamExecutor device (2): NVIDIA A100-SXM4-40GB, Compute Capability 8.0
2024-09-10 04:00:04.630934: I tensorflow/compiler/xla/service/service.cc:181]   StreamExecutor device (3): NVIDIA A100-SXM4-40GB, Compute Capability 8.0
2024-09-10 04:00:04.638881: I tensorflow/compiler/mlir/tensorflow/utils/dump_mlir_util.cc:268] disabling MLIR crash reproducer, set env var `MLIR_CRASH_REPRODUCER_DIRECTORY` to enable.
2024-09-10 04:00:04.846173: I tensorflow/compiler/jit/xla_compilation_cache.cc:477] Compiled cluster using XLA!  This line is logged at most once for the lifetime of the process.
srun: Job 10299610 step creation still disabled, retrying (Requested nodes are busy)
srun: Job 10299610 step creation still disabled, retrying (Requested nodes are busy)
srun: Job 10299610 step creation still disabled, retrying (Requested nodes are busy)
srun: Job 10299610 step creation still disabled, retrying (Requested nodes are busy)
srun: Step created for StepId=10299610.14
2024-09-10 04:03:10.191494: I tensorflow/core/common_runtime/gpu/gpu_device.cc:1613] Created device /job:localhost/replica:0/task:0/device:GPU:0 with 38364 MB memory:  -> device: 0, name: NVIDIA A100-SXM4-40GB, pci bus id: 0000:03:00.0, compute capability: 8.0
2024-09-10 04:03:10.194088: I tensorflow/core/common_runtime/gpu/gpu_device.cc:1613] Created device /job:localhost/replica:0/task:0/device:GPU:1 with 38364 MB memory:  -> device: 1, name: NVIDIA A100-SXM4-40GB, pci bus id: 0000:44:00.0, compute capability: 8.0
2024-09-10 04:03:10.197536: I tensorflow/core/common_runtime/gpu/gpu_device.cc:1613] Created device /job:localhost/replica:0/task:0/device:GPU:2 with 38364 MB memory:  -> device: 2, name: NVIDIA A100-SXM4-40GB, pci bus id: 0000:84:00.0, compute capability: 8.0
2024-09-10 04:03:10.199253: I tensorflow/core/common_runtime/gpu/gpu_device.cc:1613] Created device /job:localhost/replica:0/task:0/device:GPU:3 with 38364 MB memory:  -> device: 3, name: NVIDIA A100-SXM4-40GB, pci bus id: 0000:c4:00.0, compute capability: 8.0
2024-09-10 04:03:54.564105: I tensorflow/compiler/xla/stream_executor/cuda/cuda_dnn.cc:428] Loaded cuDNN version 8600
2024-09-10 04:03:55.128203: I tensorflow/compiler/xla/stream_executor/cuda/cuda_dnn.cc:428] Loaded cuDNN version 8600
2024-09-10 04:03:55.689181: I tensorflow/compiler/xla/stream_executor/cuda/cuda_dnn.cc:428] Loaded cuDNN version 8600
2024-09-10 04:03:56.049913: I tensorflow/compiler/xla/stream_executor/cuda/cuda_dnn.cc:428] Loaded cuDNN version 8600
2024-09-10 04:04:02.098563: I tensorflow/compiler/xla/service/service.cc:173] XLA service 0x149427602970 initialized for platform CUDA (this does not guarantee that XLA will be used). Devices:
2024-09-10 04:04:02.098634: I tensorflow/compiler/xla/service/service.cc:181]   StreamExecutor device (0): NVIDIA A100-SXM4-40GB, Compute Capability 8.0
2024-09-10 04:04:02.098647: I tensorflow/compiler/xla/service/service.cc:181]   StreamExecutor device (1): NVIDIA A100-SXM4-40GB, Compute Capability 8.0
2024-09-10 04:04:02.098658: I tensorflow/compiler/xla/service/service.cc:181]   StreamExecutor device (2): NVIDIA A100-SXM4-40GB, Compute Capability 8.0
2024-09-10 04:04:02.098669: I tensorflow/compiler/xla/service/service.cc:181]   StreamExecutor device (3): NVIDIA A100-SXM4-40GB, Compute Capability 8.0
2024-09-10 04:04:02.110258: I tensorflow/compiler/mlir/tensorflow/utils/dump_mlir_util.cc:268] disabling MLIR crash reproducer, set env var `MLIR_CRASH_REPRODUCER_DIRECTORY` to enable.
2024-09-10 04:04:02.315519: I tensorflow/compiler/jit/xla_compilation_cache.cc:477] Compiled cluster using XLA!  This line is logged at most once for the lifetime of the process.
srun: Job 10299610 step creation still disabled, retrying (Requested nodes are busy)
srun: Job 10299610 step creation still disabled, retrying (Requested nodes are busy)
srun: Job 10299610 step creation still disabled, retrying (Requested nodes are busy)
srun: Job 10299610 step creation still disabled, retrying (Requested nodes are busy)
srun: Job 10299610 step creation still disabled, retrying (Requested nodes are busy)
srun: Job 10299610 step creation still disabled, retrying (Requested nodes are busy)
srun: Job 10299610 step creation still disabled, retrying (Requested nodes are busy)
srun: Job 10299610 step creation still disabled, retrying (Requested nodes are busy)
srun: Step created for StepId=10299610.15
2024-09-10 04:19:29.196510: I tensorflow/core/common_runtime/gpu/gpu_device.cc:1613] Created device /job:localhost/replica:0/task:0/device:GPU:0 with 38364 MB memory:  -> device: 0, name: NVIDIA A100-SXM4-40GB, pci bus id: 0000:03:00.0, compute capability: 8.0
2024-09-10 04:19:29.198363: I tensorflow/core/common_runtime/gpu/gpu_device.cc:1613] Created device /job:localhost/replica:0/task:0/device:GPU:1 with 38364 MB memory:  -> device: 1, name: NVIDIA A100-SXM4-40GB, pci bus id: 0000:44:00.0, compute capability: 8.0
2024-09-10 04:19:29.201079: I tensorflow/core/common_runtime/gpu/gpu_device.cc:1613] Created device /job:localhost/replica:0/task:0/device:GPU:2 with 38364 MB memory:  -> device: 2, name: NVIDIA A100-SXM4-40GB, pci bus id: 0000:84:00.0, compute capability: 8.0
2024-09-10 04:19:29.204221: I tensorflow/core/common_runtime/gpu/gpu_device.cc:1613] Created device /job:localhost/replica:0/task:0/device:GPU:3 with 38364 MB memory:  -> device: 3, name: NVIDIA A100-SXM4-40GB, pci bus id: 0000:c4:00.0, compute capability: 8.0
2024-09-10 04:20:13.405418: I tensorflow/compiler/xla/stream_executor/cuda/cuda_dnn.cc:428] Loaded cuDNN version 8600
2024-09-10 04:20:13.939628: I tensorflow/compiler/xla/stream_executor/cuda/cuda_dnn.cc:428] Loaded cuDNN version 8600
2024-09-10 04:20:14.496185: I tensorflow/compiler/xla/stream_executor/cuda/cuda_dnn.cc:428] Loaded cuDNN version 8600
2024-09-10 04:20:14.935389: I tensorflow/compiler/xla/stream_executor/cuda/cuda_dnn.cc:428] Loaded cuDNN version 8600
2024-09-10 04:20:21.585106: I tensorflow/compiler/xla/service/service.cc:173] XLA service 0x14f2f379c7b0 initialized for platform CUDA (this does not guarantee that XLA will be used). Devices:
2024-09-10 04:20:21.585172: I tensorflow/compiler/xla/service/service.cc:181]   StreamExecutor device (0): NVIDIA A100-SXM4-40GB, Compute Capability 8.0
2024-09-10 04:20:21.585180: I tensorflow/compiler/xla/service/service.cc:181]   StreamExecutor device (1): NVIDIA A100-SXM4-40GB, Compute Capability 8.0
2024-09-10 04:20:21.585188: I tensorflow/compiler/xla/service/service.cc:181]   StreamExecutor device (2): NVIDIA A100-SXM4-40GB, Compute Capability 8.0
2024-09-10 04:20:21.585195: I tensorflow/compiler/xla/service/service.cc:181]   StreamExecutor device (3): NVIDIA A100-SXM4-40GB, Compute Capability 8.0
2024-09-10 04:20:21.592482: I tensorflow/compiler/mlir/tensorflow/utils/dump_mlir_util.cc:268] disabling MLIR crash reproducer, set env var `MLIR_CRASH_REPRODUCER_DIRECTORY` to enable.
2024-09-10 04:20:21.804831: I tensorflow/compiler/jit/xla_compilation_cache.cc:477] Compiled cluster using XLA!  This line is logged at most once for the lifetime of the process.
