All necessary directories have been created or already exist.
No lead day provided. Using default hyperparameters - LR: 0.0001, BS: 32, DROPOUT: 0.0, UNET_TYPE: unet-l
Running DL_TRAIN.py for day10 with dropout=0, lr=0.00001, bs=1, unet_type=unet-m ...
Running DL_TRAIN.py for day10 with dropout=0, lr=0.00001, bs=2, unet_type=unet-m ...
Running DL_TRAIN.py for day10 with dropout=0, lr=0.00001, bs=4, unet_type=unet-m ...
Running DL_TRAIN.py for day10 with dropout=0, lr=0.00001, bs=8, unet_type=unet-m ...
Running DL_TRAIN.py for day10 with dropout=0, lr=0.0001, bs=1, unet_type=unet-m ...
Running DL_TRAIN.py for day10 with dropout=0, lr=0.0001, bs=2, unet_type=unet-m ...
Running DL_TRAIN.py for day10 with dropout=0, lr=0.0001, bs=4, unet_type=unet-m ...
Running DL_TRAIN.py for day10 with dropout=0, lr=0.0001, bs=8, unet_type=unet-m ...
Running DL_TRAIN.py for day10 with dropout=0, lr=0.001, bs=1, unet_type=unet-m ...
Running DL_TRAIN.py for day10 with dropout=0, lr=0.001, bs=2, unet_type=unet-m ...
Running DL_TRAIN.py for day10 with dropout=0, lr=0.001, bs=4, unet_type=unet-m ...
Running DL_TRAIN.py for day10 with dropout=0, lr=0.001, bs=8, unet_type=unet-m ...
Running DL_TRAIN.py for day10 with dropout=0, lr=0.01, bs=1, unet_type=unet-m ...
Running DL_TRAIN.py for day10 with dropout=0, lr=0.01, bs=2, unet_type=unet-m ...
Running DL_TRAIN.py for day10 with dropout=0, lr=0.01, bs=4, unet_type=unet-m ...
Running DL_TRAIN.py for day10 with dropout=0, lr=0.01, bs=8, unet_type=unet-m ...
train_data_hourly_pr_['ADAPTER_DE05.day10.merged.nc']_['ADAPTER_DE05.day01.merged.nc']_MM_1__model_only_128.256_2018-01-01T13_2022-12-31T23_no_na_land
Loading training data...
Data loaded!
mse_64_1e-05_1e-17_0.5_4_8_16_0.5_128_0.0_unet-m_day10
Training the model...

Epoch 1: val_loss improved from inf to 0.00204, saving model to /p/project1/cesmtst/patakchiyousefi1/HPT/mse_64_1e-05_1e-17_0.5_4_8_16_0.5_128_0.0_unet-m_day10.h5
train_data_hourly_pr_['ADAPTER_DE05.day10.merged.nc']_['ADAPTER_DE05.day01.merged.nc']_MM_1__model_only_128.256_2018-01-01T13_2022-12-31T23_no_na_land
Loading training data...
Data loaded!
mse_64_1e-05_1e-17_0.5_4_4_16_0.5_128_0.0_unet-m_day10
Training the model...

Epoch 1: val_loss improved from inf to 0.00295, saving model to /p/project1/cesmtst/patakchiyousefi1/HPT/mse_64_1e-05_1e-17_0.5_4_4_16_0.5_128_0.0_unet-m_day10.h5
train_data_hourly_pr_['ADAPTER_DE05.day10.merged.nc']_['ADAPTER_DE05.day01.merged.nc']_MM_1__model_only_128.256_2018-01-01T13_2022-12-31T23_no_na_land
Loading training data...
Data loaded!
mse_64_1e-05_1e-17_0.5_4_2_16_0.5_128_0.0_unet-m_day10
Training the model...

Epoch 1: val_loss improved from inf to 0.00200, saving model to /p/project1/cesmtst/patakchiyousefi1/HPT/mse_64_1e-05_1e-17_0.5_4_2_16_0.5_128_0.0_unet-m_day10.h5
train_data_hourly_pr_['ADAPTER_DE05.day10.merged.nc']_['ADAPTER_DE05.day01.merged.nc']_MM_1__model_only_128.256_2018-01-01T13_2022-12-31T23_no_na_land
Loading training data...
Data loaded!
mse_64_0.0001_1e-17_0.5_4_8_16_0.5_128_0.0_unet-m_day10
Training the model...

Epoch 1: val_loss improved from inf to 0.00033, saving model to /p/project1/cesmtst/patakchiyousefi1/HPT/mse_64_0.0001_1e-17_0.5_4_8_16_0.5_128_0.0_unet-m_day10.h5
train_data_hourly_pr_['ADAPTER_DE05.day10.merged.nc']_['ADAPTER_DE05.day01.merged.nc']_MM_1__model_only_128.256_2018-01-01T13_2022-12-31T23_no_na_land
Loading training data...
Data loaded!
mse_64_0.0001_1e-17_0.5_4_4_16_0.5_128_0.0_unet-m_day10
Training the model...

Epoch 1: val_loss improved from inf to 0.00145, saving model to /p/project1/cesmtst/patakchiyousefi1/HPT/mse_64_0.0001_1e-17_0.5_4_4_16_0.5_128_0.0_unet-m_day10.h5

Epoch 2: val_loss improved from 0.00295 to 0.00139, saving model to /p/project1/cesmtst/patakchiyousefi1/HPT/mse_64_1e-05_1e-17_0.5_4_4_16_0.5_128_0.0_unet-m_day10.h5

Epoch 2: val_loss did not improve from 0.00204

Epoch 2: val_loss did not improve from 0.00033
train_data_hourly_pr_['ADAPTER_DE05.day10.merged.nc']_['ADAPTER_DE05.day01.merged.nc']_MM_1__model_only_128.256_2018-01-01T13_2022-12-31T23_no_na_land
Loading training data...
Data loaded!
mse_64_0.0001_1e-17_0.5_4_2_16_0.5_128_0.0_unet-m_day10
Training the model...

Epoch 1: val_loss improved from inf to 0.00223, saving model to /p/project1/cesmtst/patakchiyousefi1/HPT/mse_64_0.0001_1e-17_0.5_4_2_16_0.5_128_0.0_unet-m_day10.h5

Epoch 3: val_loss improved from 0.00204 to 0.00135, saving model to /p/project1/cesmtst/patakchiyousefi1/HPT/mse_64_1e-05_1e-17_0.5_4_8_16_0.5_128_0.0_unet-m_day10.h5

Epoch 2: val_loss did not improve from 0.00145
train_data_hourly_pr_['ADAPTER_DE05.day10.merged.nc']_['ADAPTER_DE05.day01.merged.nc']_MM_1__model_only_128.256_2018-01-01T13_2022-12-31T23_no_na_land
Loading training data...
Data loaded!
mse_64_1e-05_1e-17_0.5_4_1_16_0.5_128_0.0_unet-m_day10
Training the model...

Epoch 1: val_loss improved from inf to 0.00104, saving model to /p/project1/cesmtst/patakchiyousefi1/HPT/mse_64_1e-05_1e-17_0.5_4_1_16_0.5_128_0.0_unet-m_day10.h5

Epoch 3: val_loss did not improve from 0.00033

Epoch 3: val_loss improved from 0.00139 to 0.00084, saving model to /p/project1/cesmtst/patakchiyousefi1/HPT/mse_64_1e-05_1e-17_0.5_4_4_16_0.5_128_0.0_unet-m_day10.h5

Epoch 4: val_loss improved from 0.00135 to 0.00093, saving model to /p/project1/cesmtst/patakchiyousefi1/HPT/mse_64_1e-05_1e-17_0.5_4_8_16_0.5_128_0.0_unet-m_day10.h5

Epoch 2: val_loss improved from 0.00200 to 0.00092, saving model to /p/project1/cesmtst/patakchiyousefi1/HPT/mse_64_1e-05_1e-17_0.5_4_2_16_0.5_128_0.0_unet-m_day10.h5

Epoch 4: val_loss did not improve from 0.00033
train_data_hourly_pr_['ADAPTER_DE05.day10.merged.nc']_['ADAPTER_DE05.day01.merged.nc']_MM_1__model_only_128.256_2018-01-01T13_2022-12-31T23_no_na_land
Loading training data...
Data loaded!
mse_64_0.0001_1e-17_0.5_4_1_16_0.5_128_0.0_unet-m_day10
Training the model...

Epoch 1: val_loss improved from inf to 0.00302, saving model to /p/project1/cesmtst/patakchiyousefi1/HPT/mse_64_0.0001_1e-17_0.5_4_1_16_0.5_128_0.0_unet-m_day10.h5

Epoch 3: val_loss did not improve from 0.00145

Epoch 5: val_loss improved from 0.00093 to 0.00071, saving model to /p/project1/cesmtst/patakchiyousefi1/HPT/mse_64_1e-05_1e-17_0.5_4_8_16_0.5_128_0.0_unet-m_day10.h5

Epoch 5: val_loss did not improve from 0.00033

Epoch 4: val_loss improved from 0.00084 to 0.00060, saving model to /p/project1/cesmtst/patakchiyousefi1/HPT/mse_64_1e-05_1e-17_0.5_4_4_16_0.5_128_0.0_unet-m_day10.h5

Epoch 2: val_loss improved from 0.00223 to 0.00153, saving model to /p/project1/cesmtst/patakchiyousefi1/HPT/mse_64_0.0001_1e-17_0.5_4_2_16_0.5_128_0.0_unet-m_day10.h5

Epoch 6: val_loss improved from 0.00071 to 0.00057, saving model to /p/project1/cesmtst/patakchiyousefi1/HPT/mse_64_1e-05_1e-17_0.5_4_8_16_0.5_128_0.0_unet-m_day10.h5

Epoch 6: val_loss improved from 0.00033 to 0.00029, saving model to /p/project1/cesmtst/patakchiyousefi1/HPT/mse_64_0.0001_1e-17_0.5_4_8_16_0.5_128_0.0_unet-m_day10.h5

Epoch 4: val_loss improved from 0.00145 to 0.00140, saving model to /p/project1/cesmtst/patakchiyousefi1/HPT/mse_64_0.0001_1e-17_0.5_4_4_16_0.5_128_0.0_unet-m_day10.h5

Epoch 7: val_loss improved from 0.00057 to 0.00048, saving model to /p/project1/cesmtst/patakchiyousefi1/HPT/mse_64_1e-05_1e-17_0.5_4_8_16_0.5_128_0.0_unet-m_day10.h5

Epoch 3: val_loss improved from 0.00092 to 0.00053, saving model to /p/project1/cesmtst/patakchiyousefi1/HPT/mse_64_1e-05_1e-17_0.5_4_2_16_0.5_128_0.0_unet-m_day10.h5

Epoch 5: val_loss improved from 0.00060 to 0.00052, saving model to /p/project1/cesmtst/patakchiyousefi1/HPT/mse_64_1e-05_1e-17_0.5_4_4_16_0.5_128_0.0_unet-m_day10.h5

Epoch 7: val_loss did not improve from 0.00029

Epoch 8: val_loss improved from 0.00048 to 0.00042, saving model to /p/project1/cesmtst/patakchiyousefi1/HPT/mse_64_1e-05_1e-17_0.5_4_8_16_0.5_128_0.0_unet-m_day10.h5

Epoch 5: val_loss improved from 0.00140 to 0.00017, saving model to /p/project1/cesmtst/patakchiyousefi1/HPT/mse_64_0.0001_1e-17_0.5_4_4_16_0.5_128_0.0_unet-m_day10.h5

Epoch 8: val_loss did not improve from 0.00029

Epoch 3: val_loss improved from 0.00153 to 0.00017, saving model to /p/project1/cesmtst/patakchiyousefi1/HPT/mse_64_0.0001_1e-17_0.5_4_2_16_0.5_128_0.0_unet-m_day10.h5

Epoch 6: val_loss improved from 0.00052 to 0.00049, saving model to /p/project1/cesmtst/patakchiyousefi1/HPT/mse_64_1e-05_1e-17_0.5_4_4_16_0.5_128_0.0_unet-m_day10.h5

Epoch 2: val_loss improved from 0.00104 to 0.00077, saving model to /p/project1/cesmtst/patakchiyousefi1/HPT/mse_64_1e-05_1e-17_0.5_4_1_16_0.5_128_0.0_unet-m_day10.h5

Epoch 9: val_loss improved from 0.00042 to 0.00037, saving model to /p/project1/cesmtst/patakchiyousefi1/HPT/mse_64_1e-05_1e-17_0.5_4_8_16_0.5_128_0.0_unet-m_day10.h5

Epoch 9: val_loss did not improve from 0.00029

Epoch 6: val_loss did not improve from 0.00017

Epoch 10: val_loss improved from 0.00037 to 0.00035, saving model to /p/project1/cesmtst/patakchiyousefi1/HPT/mse_64_1e-05_1e-17_0.5_4_8_16_0.5_128_0.0_unet-m_day10.h5

Epoch 4: val_loss improved from 0.00053 to 0.00043, saving model to /p/project1/cesmtst/patakchiyousefi1/HPT/mse_64_1e-05_1e-17_0.5_4_2_16_0.5_128_0.0_unet-m_day10.h5

Epoch 2: val_loss improved from 0.00302 to 0.00024, saving model to /p/project1/cesmtst/patakchiyousefi1/HPT/mse_64_0.0001_1e-17_0.5_4_1_16_0.5_128_0.0_unet-m_day10.h5

Epoch 10: val_loss did not improve from 0.00029

Epoch 7: val_loss improved from 0.00049 to 0.00042, saving model to /p/project1/cesmtst/patakchiyousefi1/HPT/mse_64_1e-05_1e-17_0.5_4_4_16_0.5_128_0.0_unet-m_day10.h5

Epoch 11: val_loss improved from 0.00035 to 0.00034, saving model to /p/project1/cesmtst/patakchiyousefi1/HPT/mse_64_1e-05_1e-17_0.5_4_8_16_0.5_128_0.0_unet-m_day10.h5

Epoch 11: val_loss improved from 0.00029 to 0.00023, saving model to /p/project1/cesmtst/patakchiyousefi1/HPT/mse_64_0.0001_1e-17_0.5_4_8_16_0.5_128_0.0_unet-m_day10.h5

Epoch 7: val_loss improved from 0.00017 to 0.00017, saving model to /p/project1/cesmtst/patakchiyousefi1/HPT/mse_64_0.0001_1e-17_0.5_4_4_16_0.5_128_0.0_unet-m_day10.h5

Epoch 4: val_loss did not improve from 0.00017

Epoch 12: val_loss improved from 0.00034 to 0.00034, saving model to /p/project1/cesmtst/patakchiyousefi1/HPT/mse_64_1e-05_1e-17_0.5_4_8_16_0.5_128_0.0_unet-m_day10.h5

Epoch 8: val_loss improved from 0.00042 to 0.00042, saving model to /p/project1/cesmtst/patakchiyousefi1/HPT/mse_64_1e-05_1e-17_0.5_4_4_16_0.5_128_0.0_unet-m_day10.h5

Epoch 12: val_loss did not improve from 0.00023

Epoch 13: val_loss improved from 0.00034 to 0.00032, saving model to /p/project1/cesmtst/patakchiyousefi1/HPT/mse_64_1e-05_1e-17_0.5_4_8_16_0.5_128_0.0_unet-m_day10.h5

Epoch 5: val_loss did not improve from 0.00043

Epoch 8: val_loss improved from 0.00017 to 0.00016, saving model to /p/project1/cesmtst/patakchiyousefi1/HPT/mse_64_0.0001_1e-17_0.5_4_4_16_0.5_128_0.0_unet-m_day10.h5

Epoch 13: val_loss did not improve from 0.00023

Epoch 9: val_loss improved from 0.00042 to 0.00041, saving model to /p/project1/cesmtst/patakchiyousefi1/HPT/mse_64_1e-05_1e-17_0.5_4_4_16_0.5_128_0.0_unet-m_day10.h5

Epoch 14: val_loss improved from 0.00032 to 0.00030, saving model to /p/project1/cesmtst/patakchiyousefi1/HPT/mse_64_1e-05_1e-17_0.5_4_8_16_0.5_128_0.0_unet-m_day10.h5

Epoch 14: val_loss did not improve from 0.00023

Epoch 3: val_loss did not improve from 0.00077

Epoch 5: val_loss did not improve from 0.00017

Epoch 9: val_loss did not improve from 0.00016

Epoch 15: val_loss improved from 0.00030 to 0.00029, saving model to /p/project1/cesmtst/patakchiyousefi1/HPT/mse_64_1e-05_1e-17_0.5_4_8_16_0.5_128_0.0_unet-m_day10.h5

Epoch 15: val_loss did not improve from 0.00023

Epoch 10: val_loss did not improve from 0.00041

Epoch 3: val_loss improved from 0.00024 to 0.00017, saving model to /p/project1/cesmtst/patakchiyousefi1/HPT/mse_64_0.0001_1e-17_0.5_4_1_16_0.5_128_0.0_unet-m_day10.h5

Epoch 16: val_loss improved from 0.00029 to 0.00028, saving model to /p/project1/cesmtst/patakchiyousefi1/HPT/mse_64_1e-05_1e-17_0.5_4_8_16_0.5_128_0.0_unet-m_day10.h5

Epoch 6: val_loss did not improve from 0.00043

Epoch 16: val_loss improved from 0.00023 to 0.00019, saving model to /p/project1/cesmtst/patakchiyousefi1/HPT/mse_64_0.0001_1e-17_0.5_4_8_16_0.5_128_0.0_unet-m_day10.h5

Epoch 10: val_loss did not improve from 0.00016

Epoch 17: val_loss improved from 0.00028 to 0.00027, saving model to /p/project1/cesmtst/patakchiyousefi1/HPT/mse_64_1e-05_1e-17_0.5_4_8_16_0.5_128_0.0_unet-m_day10.h5

Epoch 11: val_loss improved from 0.00041 to 0.00040, saving model to /p/project1/cesmtst/patakchiyousefi1/HPT/mse_64_1e-05_1e-17_0.5_4_4_16_0.5_128_0.0_unet-m_day10.h5

Epoch 17: val_loss did not improve from 0.00019

Epoch 6: val_loss did not improve from 0.00017

Epoch 18: val_loss improved from 0.00027 to 0.00026, saving model to /p/project1/cesmtst/patakchiyousefi1/HPT/mse_64_1e-05_1e-17_0.5_4_8_16_0.5_128_0.0_unet-m_day10.h5

Epoch 11: val_loss did not improve from 0.00016

Epoch 18: val_loss did not improve from 0.00019

Epoch 12: val_loss did not improve from 0.00040

Epoch 7: val_loss did not improve from 0.00043

Epoch 19: val_loss improved from 0.00026 to 0.00025, saving model to /p/project1/cesmtst/patakchiyousefi1/HPT/mse_64_1e-05_1e-17_0.5_4_8_16_0.5_128_0.0_unet-m_day10.h5

Epoch 19: val_loss did not improve from 0.00019

Epoch 12: val_loss did not improve from 0.00016

Epoch 20: val_loss improved from 0.00025 to 0.00025, saving model to /p/project1/cesmtst/patakchiyousefi1/HPT/mse_64_1e-05_1e-17_0.5_4_8_16_0.5_128_0.0_unet-m_day10.h5

Epoch 4: val_loss did not improve from 0.00077

Epoch 20: val_loss did not improve from 0.00019

Epoch 13: val_loss did not improve from 0.00040

Epoch 7: val_loss did not improve from 0.00017

Epoch 21: val_loss improved from 0.00025 to 0.00024, saving model to /p/project1/cesmtst/patakchiyousefi1/HPT/mse_64_1e-05_1e-17_0.5_4_8_16_0.5_128_0.0_unet-m_day10.h5

Epoch 21: val_loss did not improve from 0.00019

Epoch 4: val_loss improved from 0.00017 to 0.00016, saving model to /p/project1/cesmtst/patakchiyousefi1/HPT/mse_64_0.0001_1e-17_0.5_4_1_16_0.5_128_0.0_unet-m_day10.h5

Epoch 13: val_loss improved from 0.00016 to 0.00016, saving model to /p/project1/cesmtst/patakchiyousefi1/HPT/mse_64_0.0001_1e-17_0.5_4_4_16_0.5_128_0.0_unet-m_day10.h5

Epoch 8: val_loss did not improve from 0.00043

Epoch 14: val_loss did not improve from 0.00040

Epoch 22: val_loss did not improve from 0.00019

Epoch 22: val_loss improved from 0.00024 to 0.00024, saving model to /p/project1/cesmtst/patakchiyousefi1/HPT/mse_64_1e-05_1e-17_0.5_4_8_16_0.5_128_0.0_unet-m_day10.h5

Epoch 14: val_loss did not improve from 0.00016

Epoch 23: val_loss did not improve from 0.00019

Epoch 8: val_loss did not improve from 0.00017

Epoch 23: val_loss did not improve from 0.00024

Epoch 15: val_loss did not improve from 0.00040

Epoch 24: val_loss did not improve from 0.00019

Epoch 24: val_loss did not improve from 0.00024

Epoch 15: val_loss improved from 0.00016 to 0.00016, saving model to /p/project1/cesmtst/patakchiyousefi1/HPT/mse_64_0.0001_1e-17_0.5_4_4_16_0.5_128_0.0_unet-m_day10.h5

Epoch 9: val_loss improved from 0.00043 to 0.00041, saving model to /p/project1/cesmtst/patakchiyousefi1/HPT/mse_64_1e-05_1e-17_0.5_4_2_16_0.5_128_0.0_unet-m_day10.h5

Epoch 25: val_loss improved from 0.00019 to 0.00018, saving model to /p/project1/cesmtst/patakchiyousefi1/HPT/mse_64_0.0001_1e-17_0.5_4_8_16_0.5_128_0.0_unet-m_day10.h5

Epoch 16: val_loss improved from 0.00040 to 0.00023, saving model to /p/project1/cesmtst/patakchiyousefi1/HPT/mse_64_1e-05_1e-17_0.5_4_4_16_0.5_128_0.0_unet-m_day10.h5

Epoch 5: val_loss did not improve from 0.00077

Epoch 25: val_loss did not improve from 0.00024

Epoch 26: val_loss improved from 0.00018 to 0.00018, saving model to /p/project1/cesmtst/patakchiyousefi1/HPT/mse_64_0.0001_1e-17_0.5_4_8_16_0.5_128_0.0_unet-m_day10.h5

Epoch 16: val_loss did not improve from 0.00016

Epoch 9: val_loss did not improve from 0.00017

Epoch 26: val_loss did not improve from 0.00024

Epoch 5: val_loss improved from 0.00016 to 0.00016, saving model to /p/project1/cesmtst/patakchiyousefi1/HPT/mse_64_0.0001_1e-17_0.5_4_1_16_0.5_128_0.0_unet-m_day10.h5

Epoch 17: val_loss did not improve from 0.00023

Epoch 27: val_loss improved from 0.00024 to 0.00020, saving model to /p/project1/cesmtst/patakchiyousefi1/HPT/mse_64_1e-05_1e-17_0.5_4_8_16_0.5_128_0.0_unet-m_day10.h5

Epoch 27: val_loss improved from 0.00018 to 0.00018, saving model to /p/project1/cesmtst/patakchiyousefi1/HPT/mse_64_0.0001_1e-17_0.5_4_8_16_0.5_128_0.0_unet-m_day10.h5

Epoch 10: val_loss improved from 0.00041 to 0.00040, saving model to /p/project1/cesmtst/patakchiyousefi1/HPT/mse_64_1e-05_1e-17_0.5_4_2_16_0.5_128_0.0_unet-m_day10.h5

Epoch 17: val_loss did not improve from 0.00016

Epoch 28: val_loss did not improve from 0.00020

Epoch 28: val_loss did not improve from 0.00018

Epoch 18: val_loss did not improve from 0.00023

Epoch 29: val_loss did not improve from 0.00020

Epoch 10: val_loss did not improve from 0.00017

Epoch 29: val_loss did not improve from 0.00018

Epoch 18: val_loss did not improve from 0.00016

Epoch 30: val_loss did not improve from 0.00020

Epoch 19: val_loss did not improve from 0.00023

Epoch 30: val_loss did not improve from 0.00018

Epoch 11: val_loss improved from 0.00040 to 0.00039, saving model to /p/project1/cesmtst/patakchiyousefi1/HPT/mse_64_1e-05_1e-17_0.5_4_2_16_0.5_128_0.0_unet-m_day10.h5

Epoch 6: val_loss improved from 0.00077 to 0.00017, saving model to /p/project1/cesmtst/patakchiyousefi1/HPT/mse_64_1e-05_1e-17_0.5_4_1_16_0.5_128_0.0_unet-m_day10.h5

Epoch 31: val_loss did not improve from 0.00020

Epoch 19: val_loss did not improve from 0.00016

Epoch 31: val_loss did not improve from 0.00018

Epoch 32: val_loss improved from 0.00020 to 0.00019, saving model to /p/project1/cesmtst/patakchiyousefi1/HPT/mse_64_1e-05_1e-17_0.5_4_8_16_0.5_128_0.0_unet-m_day10.h5

Epoch 11: val_loss did not improve from 0.00017

Epoch 6: val_loss did not improve from 0.00016

Epoch 20: val_loss improved from 0.00016 to 0.00016, saving model to /p/project1/cesmtst/patakchiyousefi1/HPT/mse_64_0.0001_1e-17_0.5_4_4_16_0.5_128_0.0_unet-m_day10.h5

Epoch 32: val_loss did not improve from 0.00018

Epoch 33: val_loss did not improve from 0.00019

Epoch 20: val_loss did not improve from 0.00023

Epoch 12: val_loss did not improve from 0.00039

Epoch 33: val_loss did not improve from 0.00018

Epoch 34: val_loss did not improve from 0.00019

Epoch 21: val_loss improved from 0.00016 to 0.00016, saving model to /p/project1/cesmtst/patakchiyousefi1/HPT/mse_64_0.0001_1e-17_0.5_4_4_16_0.5_128_0.0_unet-m_day10.h5

Epoch 34: val_loss did not improve from 0.00018

Epoch 12: val_loss improved from 0.00017 to 0.00016, saving model to /p/project1/cesmtst/patakchiyousefi1/HPT/mse_64_0.0001_1e-17_0.5_4_2_16_0.5_128_0.0_unet-m_day10.h5

Epoch 21: val_loss did not improve from 0.00023

Epoch 35: val_loss improved from 0.00019 to 0.00019, saving model to /p/project1/cesmtst/patakchiyousefi1/HPT/mse_64_1e-05_1e-17_0.5_4_8_16_0.5_128_0.0_unet-m_day10.h5

Epoch 35: val_loss did not improve from 0.00018

Epoch 36: val_loss did not improve from 0.00019

Epoch 22: val_loss improved from 0.00016 to 0.00016, saving model to /p/project1/cesmtst/patakchiyousefi1/HPT/mse_64_0.0001_1e-17_0.5_4_4_16_0.5_128_0.0_unet-m_day10.h5

Epoch 7: val_loss improved from 0.00017 to 0.00016, saving model to /p/project1/cesmtst/patakchiyousefi1/HPT/mse_64_1e-05_1e-17_0.5_4_1_16_0.5_128_0.0_unet-m_day10.h5

Epoch 13: val_loss did not improve from 0.00039

Epoch 22: val_loss did not improve from 0.00023

Epoch 36: val_loss did not improve from 0.00018

Epoch 37: val_loss did not improve from 0.00019

Epoch 37: val_loss did not improve from 0.00018

Epoch 7: val_loss did not improve from 0.00016

Epoch 23: val_loss did not improve from 0.00016

Epoch 13: val_loss improved from 0.00016 to 0.00016, saving model to /p/project1/cesmtst/patakchiyousefi1/HPT/mse_64_0.0001_1e-17_0.5_4_2_16_0.5_128_0.0_unet-m_day10.h5

Epoch 38: val_loss did not improve from 0.00019

Epoch 23: val_loss did not improve from 0.00023

Epoch 38: val_loss did not improve from 0.00018

Epoch 39: val_loss did not improve from 0.00019

Epoch 24: val_loss did not improve from 0.00016

Epoch 14: val_loss did not improve from 0.00039

Epoch 39: val_loss did not improve from 0.00018

Epoch 24: val_loss did not improve from 0.00023

Epoch 40: val_loss did not improve from 0.00019

Epoch 40: val_loss improved from 0.00018 to 0.00017, saving model to /p/project1/cesmtst/patakchiyousefi1/HPT/mse_64_0.0001_1e-17_0.5_4_8_16_0.5_128_0.0_unet-m_day10.h5

Epoch 41: val_loss did not improve from 0.00019

Epoch 14: val_loss did not improve from 0.00016

Epoch 25: val_loss did not improve from 0.00016

Epoch 25: val_loss improved from 0.00023 to 0.00022, saving model to /p/project1/cesmtst/patakchiyousefi1/HPT/mse_64_1e-05_1e-17_0.5_4_4_16_0.5_128_0.0_unet-m_day10.h5

Epoch 41: val_loss did not improve from 0.00017

Epoch 8: val_loss did not improve from 0.00016

Epoch 42: val_loss did not improve from 0.00019

Epoch 15: val_loss improved from 0.00039 to 0.00039, saving model to /p/project1/cesmtst/patakchiyousefi1/HPT/mse_64_1e-05_1e-17_0.5_4_2_16_0.5_128_0.0_unet-m_day10.h5

Epoch 42: val_loss did not improve from 0.00017

Epoch 26: val_loss did not improve from 0.00016

Epoch 43: val_loss did not improve from 0.00019

Epoch 8: val_loss did not improve from 0.00016

Epoch 26: val_loss did not improve from 0.00022

Epoch 43: val_loss did not improve from 0.00017

Epoch 44: val_loss did not improve from 0.00019

Epoch 15: val_loss improved from 0.00016 to 0.00016, saving model to /p/project1/cesmtst/patakchiyousefi1/HPT/mse_64_0.0001_1e-17_0.5_4_2_16_0.5_128_0.0_unet-m_day10.h5

Epoch 27: val_loss did not improve from 0.00016

Epoch 44: val_loss improved from 0.00017 to 0.00017, saving model to /p/project1/cesmtst/patakchiyousefi1/HPT/mse_64_0.0001_1e-17_0.5_4_8_16_0.5_128_0.0_unet-m_day10.h5

Epoch 45: val_loss did not improve from 0.00019

Epoch 27: val_loss improved from 0.00022 to 0.00021, saving model to /p/project1/cesmtst/patakchiyousefi1/HPT/mse_64_1e-05_1e-17_0.5_4_4_16_0.5_128_0.0_unet-m_day10.h5

Epoch 16: val_loss did not improve from 0.00039

Epoch 45: val_loss improved from 0.00017 to 0.00017, saving model to /p/project1/cesmtst/patakchiyousefi1/HPT/mse_64_0.0001_1e-17_0.5_4_8_16_0.5_128_0.0_unet-m_day10.h5

Epoch 46: val_loss did not improve from 0.00019

Epoch 28: val_loss did not improve from 0.00016

Epoch 46: val_loss did not improve from 0.00017

Epoch 28: val_loss improved from 0.00021 to 0.00021, saving model to /p/project1/cesmtst/patakchiyousefi1/HPT/mse_64_1e-05_1e-17_0.5_4_4_16_0.5_128_0.0_unet-m_day10.h5

Epoch 47: val_loss did not improve from 0.00019

Epoch 16: val_loss did not improve from 0.00016

Epoch 29: val_loss did not improve from 0.00016

Epoch 48: val_loss improved from 0.00019 to 0.00018, saving model to /p/project1/cesmtst/patakchiyousefi1/HPT/mse_64_1e-05_1e-17_0.5_4_8_16_0.5_128_0.0_unet-m_day10.h5

Epoch 9: val_loss did not improve from 0.00016

Epoch 47: val_loss improved from 0.00017 to 0.00017, saving model to /p/project1/cesmtst/patakchiyousefi1/HPT/mse_64_0.0001_1e-17_0.5_4_8_16_0.5_128_0.0_unet-m_day10.h5

Epoch 29: val_loss improved from 0.00021 to 0.00021, saving model to /p/project1/cesmtst/patakchiyousefi1/HPT/mse_64_1e-05_1e-17_0.5_4_4_16_0.5_128_0.0_unet-m_day10.h5

Epoch 17: val_loss improved from 0.00039 to 0.00038, saving model to /p/project1/cesmtst/patakchiyousefi1/HPT/mse_64_1e-05_1e-17_0.5_4_2_16_0.5_128_0.0_unet-m_day10.h5

Epoch 49: val_loss did not improve from 0.00018

Epoch 9: val_loss did not improve from 0.00016

Epoch 48: val_loss improved from 0.00017 to 0.00017, saving model to /p/project1/cesmtst/patakchiyousefi1/HPT/mse_64_0.0001_1e-17_0.5_4_8_16_0.5_128_0.0_unet-m_day10.h5

Epoch 30: val_loss did not improve from 0.00016

Epoch 50: val_loss did not improve from 0.00018

Epoch 17: val_loss did not improve from 0.00016

Epoch 30: val_loss did not improve from 0.00021

Epoch 49: val_loss did not improve from 0.00017

Epoch 51: val_loss did not improve from 0.00018

Epoch 31: val_loss did not improve from 0.00016

Epoch 50: val_loss did not improve from 0.00017

Epoch 18: val_loss did not improve from 0.00038

Epoch 31: val_loss did not improve from 0.00021

Epoch 52: val_loss did not improve from 0.00018

Epoch 51: val_loss did not improve from 0.00017

Epoch 32: val_loss did not improve from 0.00016

Epoch 53: val_loss improved from 0.00018 to 0.00018, saving model to /p/project1/cesmtst/patakchiyousefi1/HPT/mse_64_1e-05_1e-17_0.5_4_8_16_0.5_128_0.0_unet-m_day10.h5

Epoch 18: val_loss improved from 0.00016 to 0.00016, saving model to /p/project1/cesmtst/patakchiyousefi1/HPT/mse_64_0.0001_1e-17_0.5_4_2_16_0.5_128_0.0_unet-m_day10.h5

Epoch 52: val_loss improved from 0.00017 to 0.00017, saving model to /p/project1/cesmtst/patakchiyousefi1/HPT/mse_64_0.0001_1e-17_0.5_4_8_16_0.5_128_0.0_unet-m_day10.h5

Epoch 32: val_loss did not improve from 0.00021

Epoch 10: val_loss did not improve from 0.00016

Epoch 54: val_loss improved from 0.00018 to 0.00018, saving model to /p/project1/cesmtst/patakchiyousefi1/HPT/mse_64_1e-05_1e-17_0.5_4_8_16_0.5_128_0.0_unet-m_day10.h5

Epoch 33: val_loss did not improve from 0.00016

Epoch 53: val_loss improved from 0.00017 to 0.00017, saving model to /p/project1/cesmtst/patakchiyousefi1/HPT/mse_64_0.0001_1e-17_0.5_4_8_16_0.5_128_0.0_unet-m_day10.h5

Epoch 10: val_loss did not improve from 0.00016

Epoch 19: val_loss did not improve from 0.00038

Epoch 55: val_loss did not improve from 0.00018

Epoch 54: val_loss improved from 0.00017 to 0.00017, saving model to /p/project1/cesmtst/patakchiyousefi1/HPT/mse_64_0.0001_1e-17_0.5_4_8_16_0.5_128_0.0_unet-m_day10.h5

Epoch 56: val_loss did not improve from 0.00018

Epoch 34: val_loss did not improve from 0.00016

Epoch 19: val_loss did not improve from 0.00016

Epoch 55: val_loss improved from 0.00017 to 0.00017, saving model to /p/project1/cesmtst/patakchiyousefi1/HPT/mse_64_0.0001_1e-17_0.5_4_8_16_0.5_128_0.0_unet-m_day10.h5

Epoch 33: val_loss did not improve from 0.00021

Epoch 57: val_loss did not improve from 0.00018

Epoch 56: val_loss improved from 0.00017 to 0.00017, saving model to /p/project1/cesmtst/patakchiyousefi1/HPT/mse_64_0.0001_1e-17_0.5_4_8_16_0.5_128_0.0_unet-m_day10.h5

Epoch 20: val_loss improved from 0.00038 to 0.00038, saving model to /p/project1/cesmtst/patakchiyousefi1/HPT/mse_64_1e-05_1e-17_0.5_4_2_16_0.5_128_0.0_unet-m_day10.h5

Epoch 35: val_loss did not improve from 0.00016

Epoch 58: val_loss improved from 0.00018 to 0.00018, saving model to /p/project1/cesmtst/patakchiyousefi1/HPT/mse_64_1e-05_1e-17_0.5_4_8_16_0.5_128_0.0_unet-m_day10.h5

Epoch 34: val_loss improved from 0.00021 to 0.00020, saving model to /p/project1/cesmtst/patakchiyousefi1/HPT/mse_64_1e-05_1e-17_0.5_4_4_16_0.5_128_0.0_unet-m_day10.h5

Epoch 57: val_loss did not improve from 0.00017

Epoch 59: val_loss improved from 0.00018 to 0.00018, saving model to /p/project1/cesmtst/patakchiyousefi1/HPT/mse_64_1e-05_1e-17_0.5_4_8_16_0.5_128_0.0_unet-m_day10.h5

Epoch 20: val_loss did not improve from 0.00016

Epoch 11: val_loss did not improve from 0.00016

Epoch 58: val_loss did not improve from 0.00017

Epoch 36: val_loss did not improve from 0.00016

Epoch 35: val_loss improved from 0.00020 to 0.00020, saving model to /p/project1/cesmtst/patakchiyousefi1/HPT/mse_64_1e-05_1e-17_0.5_4_4_16_0.5_128_0.0_unet-m_day10.h5

Epoch 11: val_loss did not improve from 0.00016

Epoch 59: val_loss did not improve from 0.00017

Epoch 60: val_loss improved from 0.00018 to 0.00018, saving model to /p/project1/cesmtst/patakchiyousefi1/HPT/mse_64_1e-05_1e-17_0.5_4_8_16_0.5_128_0.0_unet-m_day10.h5

Epoch 21: val_loss improved from 0.00038 to 0.00037, saving model to /p/project1/cesmtst/patakchiyousefi1/HPT/mse_64_1e-05_1e-17_0.5_4_2_16_0.5_128_0.0_unet-m_day10.h5

Epoch 37: val_loss did not improve from 0.00016

Epoch 60: val_loss improved from 0.00017 to 0.00017, saving model to /p/project1/cesmtst/patakchiyousefi1/HPT/mse_64_0.0001_1e-17_0.5_4_8_16_0.5_128_0.0_unet-m_day10.h5

Epoch 61: val_loss did not improve from 0.00018

Epoch 36: val_loss improved from 0.00020 to 0.00020, saving model to /p/project1/cesmtst/patakchiyousefi1/HPT/mse_64_1e-05_1e-17_0.5_4_4_16_0.5_128_0.0_unet-m_day10.h5

Epoch 21: val_loss did not improve from 0.00016

Epoch 61: val_loss did not improve from 0.00017

Epoch 62: val_loss did not improve from 0.00018

Epoch 38: val_loss did not improve from 0.00016
Saving and plotting the results...

Epoch 62: val_loss did not improve from 0.00017

Epoch 63: val_loss improved from 0.00018 to 0.00018, saving model to /p/project1/cesmtst/patakchiyousefi1/HPT/mse_64_1e-05_1e-17_0.5_4_8_16_0.5_128_0.0_unet-m_day10.h5

Epoch 37: val_loss did not improve from 0.00020

Epoch 22: val_loss did not improve from 0.00037

Epoch 63: val_loss improved from 0.00017 to 0.00017, saving model to /p/project1/cesmtst/patakchiyousefi1/HPT/mse_64_0.0001_1e-17_0.5_4_8_16_0.5_128_0.0_unet-m_day10.h5

Epoch 64: val_loss improved from 0.00018 to 0.00018, saving model to /p/project1/cesmtst/patakchiyousefi1/HPT/mse_64_1e-05_1e-17_0.5_4_8_16_0.5_128_0.0_unet-m_day10.h5

Epoch 12: val_loss improved from 0.00016 to 0.00016, saving model to /p/project1/cesmtst/patakchiyousefi1/HPT/mse_64_1e-05_1e-17_0.5_4_1_16_0.5_128_0.0_unet-m_day10.h5

Epoch 22: val_loss did not improve from 0.00016

Epoch 64: val_loss did not improve from 0.00017

Epoch 65: val_loss improved from 0.00018 to 0.00018, saving model to /p/project1/cesmtst/patakchiyousefi1/HPT/mse_64_1e-05_1e-17_0.5_4_8_16_0.5_128_0.0_unet-m_day10.h5

Epoch 12: val_loss did not improve from 0.00016

Epoch 65: val_loss did not improve from 0.00017

Epoch 66: val_loss did not improve from 0.00018

Epoch 23: val_loss improved from 0.00037 to 0.00034, saving model to /p/project1/cesmtst/patakchiyousefi1/HPT/mse_64_1e-05_1e-17_0.5_4_2_16_0.5_128_0.0_unet-m_day10.h5

Epoch 38: val_loss improved from 0.00020 to 0.00020, saving model to /p/project1/cesmtst/patakchiyousefi1/HPT/mse_64_1e-05_1e-17_0.5_4_4_16_0.5_128_0.0_unet-m_day10.h5

Epoch 66: val_loss did not improve from 0.00017

Epoch 67: val_loss did not improve from 0.00018
train_data_hourly_pr_['ADAPTER_DE05.day10.merged.nc']_['ADAPTER_DE05.day01.merged.nc']_MM_1__model_only_128.256_2018-01-01T13_2022-12-31T23_no_na_land
Loading training data...
Data loaded!
mse_64_0.01_1e-17_0.5_4_8_16_0.5_128_0.0_unet-m_day10
Training the model...

Epoch 1: val_loss improved from inf to 0.00028, saving model to /p/project1/cesmtst/patakchiyousefi1/HPT/mse_64_0.01_1e-17_0.5_4_8_16_0.5_128_0.0_unet-m_day10.h5

Epoch 23: val_loss did not improve from 0.00016

Epoch 67: val_loss did not improve from 0.00017

Epoch 39: val_loss did not improve from 0.00020

Epoch 68: val_loss did not improve from 0.00018

Epoch 2: val_loss improved from 0.00028 to 0.00028, saving model to /p/project1/cesmtst/patakchiyousefi1/HPT/mse_64_0.01_1e-17_0.5_4_8_16_0.5_128_0.0_unet-m_day10.h5

Epoch 68: val_loss improved from 0.00017 to 0.00017, saving model to /p/project1/cesmtst/patakchiyousefi1/HPT/mse_64_0.0001_1e-17_0.5_4_8_16_0.5_128_0.0_unet-m_day10.h5

Epoch 69: val_loss improved from 0.00018 to 0.00018, saving model to /p/project1/cesmtst/patakchiyousefi1/HPT/mse_64_1e-05_1e-17_0.5_4_8_16_0.5_128_0.0_unet-m_day10.h5

Epoch 3: val_loss did not improve from 0.00028

Epoch 24: val_loss did not improve from 0.00034

Epoch 40: val_loss improved from 0.00020 to 0.00020, saving model to /p/project1/cesmtst/patakchiyousefi1/HPT/mse_64_1e-05_1e-17_0.5_4_4_16_0.5_128_0.0_unet-m_day10.h5

Epoch 69: val_loss improved from 0.00017 to 0.00017, saving model to /p/project1/cesmtst/patakchiyousefi1/HPT/mse_64_0.0001_1e-17_0.5_4_8_16_0.5_128_0.0_unet-m_day10.h5

Epoch 13: val_loss improved from 0.00016 to 0.00016, saving model to /p/project1/cesmtst/patakchiyousefi1/HPT/mse_64_1e-05_1e-17_0.5_4_1_16_0.5_128_0.0_unet-m_day10.h5

Epoch 4: val_loss did not improve from 0.00028

Epoch 70: val_loss did not improve from 0.00018

Epoch 24: val_loss did not improve from 0.00016

Epoch 70: val_loss did not improve from 0.00017

Epoch 13: val_loss did not improve from 0.00016

Epoch 5: val_loss did not improve from 0.00028

Epoch 71: val_loss did not improve from 0.00018

Epoch 41: val_loss did not improve from 0.00020

Epoch 71: val_loss improved from 0.00017 to 0.00017, saving model to /p/project1/cesmtst/patakchiyousefi1/HPT/mse_64_0.0001_1e-17_0.5_4_8_16_0.5_128_0.0_unet-m_day10.h5

Epoch 6: val_loss improved from 0.00028 to 0.00023, saving model to /p/project1/cesmtst/patakchiyousefi1/HPT/mse_64_0.01_1e-17_0.5_4_8_16_0.5_128_0.0_unet-m_day10.h5

Epoch 72: val_loss did not improve from 0.00018

Epoch 25: val_loss improved from 0.00034 to 0.00032, saving model to /p/project1/cesmtst/patakchiyousefi1/HPT/mse_64_1e-05_1e-17_0.5_4_2_16_0.5_128_0.0_unet-m_day10.h5

Epoch 72: val_loss improved from 0.00017 to 0.00017, saving model to /p/project1/cesmtst/patakchiyousefi1/HPT/mse_64_0.0001_1e-17_0.5_4_8_16_0.5_128_0.0_unet-m_day10.h5

Epoch 7: val_loss improved from 0.00023 to 0.00018, saving model to /p/project1/cesmtst/patakchiyousefi1/HPT/mse_64_0.01_1e-17_0.5_4_8_16_0.5_128_0.0_unet-m_day10.h5

Epoch 42: val_loss did not improve from 0.00020

Epoch 73: val_loss did not improve from 0.00018

Epoch 73: val_loss did not improve from 0.00017

Epoch 25: val_loss did not improve from 0.00016

Epoch 74: val_loss improved from 0.00018 to 0.00018, saving model to /p/project1/cesmtst/patakchiyousefi1/HPT/mse_64_1e-05_1e-17_0.5_4_8_16_0.5_128_0.0_unet-m_day10.h5

Epoch 8: val_loss improved from 0.00018 to 0.00018, saving model to /p/project1/cesmtst/patakchiyousefi1/HPT/mse_64_0.01_1e-17_0.5_4_8_16_0.5_128_0.0_unet-m_day10.h5

Epoch 74: val_loss improved from 0.00017 to 0.00017, saving model to /p/project1/cesmtst/patakchiyousefi1/HPT/mse_64_0.0001_1e-17_0.5_4_8_16_0.5_128_0.0_unet-m_day10.h5

Epoch 43: val_loss did not improve from 0.00020

Epoch 75: val_loss did not improve from 0.00018

Epoch 26: val_loss improved from 0.00032 to 0.00032, saving model to /p/project1/cesmtst/patakchiyousefi1/HPT/mse_64_1e-05_1e-17_0.5_4_2_16_0.5_128_0.0_unet-m_day10.h5

Epoch 14: val_loss did not improve from 0.00016

Epoch 9: val_loss did not improve from 0.00018

Epoch 75: val_loss improved from 0.00017 to 0.00017, saving model to /p/project1/cesmtst/patakchiyousefi1/HPT/mse_64_0.0001_1e-17_0.5_4_8_16_0.5_128_0.0_unet-m_day10.h5

Epoch 76: val_loss did not improve from 0.00018

Epoch 14: val_loss did not improve from 0.00016

Epoch 44: val_loss did not improve from 0.00020

Epoch 10: val_loss did not improve from 0.00018

Epoch 76: val_loss did not improve from 0.00017

Epoch 26: val_loss did not improve from 0.00016

Epoch 77: val_loss did not improve from 0.00018

Epoch 11: val_loss did not improve from 0.00018

Epoch 77: val_loss did not improve from 0.00017

Epoch 78: val_loss improved from 0.00018 to 0.00018, saving model to /p/project1/cesmtst/patakchiyousefi1/HPT/mse_64_1e-05_1e-17_0.5_4_8_16_0.5_128_0.0_unet-m_day10.h5

Epoch 45: val_loss did not improve from 0.00020

Epoch 12: val_loss did not improve from 0.00018

Epoch 27: val_loss improved from 0.00032 to 0.00031, saving model to /p/project1/cesmtst/patakchiyousefi1/HPT/mse_64_1e-05_1e-17_0.5_4_2_16_0.5_128_0.0_unet-m_day10.h5

Epoch 78: val_loss improved from 0.00017 to 0.00017, saving model to /p/project1/cesmtst/patakchiyousefi1/HPT/mse_64_0.0001_1e-17_0.5_4_8_16_0.5_128_0.0_unet-m_day10.h5

Epoch 79: val_loss improved from 0.00018 to 0.00018, saving model to /p/project1/cesmtst/patakchiyousefi1/HPT/mse_64_1e-05_1e-17_0.5_4_8_16_0.5_128_0.0_unet-m_day10.h5

Epoch 13: val_loss did not improve from 0.00018

Epoch 79: val_loss did not improve from 0.00017

Epoch 46: val_loss did not improve from 0.00020

Epoch 27: val_loss did not improve from 0.00016

Epoch 80: val_loss did not improve from 0.00018

Epoch 14: val_loss did not improve from 0.00018

Epoch 80: val_loss improved from 0.00017 to 0.00017, saving model to /p/project1/cesmtst/patakchiyousefi1/HPT/mse_64_0.0001_1e-17_0.5_4_8_16_0.5_128_0.0_unet-m_day10.h5

Epoch 81: val_loss improved from 0.00018 to 0.00018, saving model to /p/project1/cesmtst/patakchiyousefi1/HPT/mse_64_1e-05_1e-17_0.5_4_8_16_0.5_128_0.0_unet-m_day10.h5

Epoch 15: val_loss did not improve from 0.00016

Epoch 15: val_loss did not improve from 0.00018

Epoch 47: val_loss did not improve from 0.00020

Epoch 28: val_loss improved from 0.00031 to 0.00029, saving model to /p/project1/cesmtst/patakchiyousefi1/HPT/mse_64_1e-05_1e-17_0.5_4_2_16_0.5_128_0.0_unet-m_day10.h5

Epoch 81: val_loss improved from 0.00017 to 0.00017, saving model to /p/project1/cesmtst/patakchiyousefi1/HPT/mse_64_0.0001_1e-17_0.5_4_8_16_0.5_128_0.0_unet-m_day10.h5

Epoch 82: val_loss did not improve from 0.00018

Epoch 15: val_loss did not improve from 0.00016

Epoch 16: val_loss did not improve from 0.00018

Epoch 82: val_loss improved from 0.00017 to 0.00017, saving model to /p/project1/cesmtst/patakchiyousefi1/HPT/mse_64_0.0001_1e-17_0.5_4_8_16_0.5_128_0.0_unet-m_day10.h5

Epoch 28: val_loss did not improve from 0.00016

Epoch 83: val_loss did not improve from 0.00018

Epoch 48: val_loss did not improve from 0.00020

Epoch 17: val_loss did not improve from 0.00018

Epoch 83: val_loss did not improve from 0.00017

Epoch 84: val_loss improved from 0.00018 to 0.00018, saving model to /p/project1/cesmtst/patakchiyousefi1/HPT/mse_64_1e-05_1e-17_0.5_4_8_16_0.5_128_0.0_unet-m_day10.h5

Epoch 18: val_loss did not improve from 0.00018

Epoch 29: val_loss improved from 0.00029 to 0.00028, saving model to /p/project1/cesmtst/patakchiyousefi1/HPT/mse_64_1e-05_1e-17_0.5_4_2_16_0.5_128_0.0_unet-m_day10.h5

Epoch 84: val_loss did not improve from 0.00017

Epoch 49: val_loss did not improve from 0.00020

Epoch 85: val_loss did not improve from 0.00018

Epoch 19: val_loss did not improve from 0.00018

Epoch 85: val_loss did not improve from 0.00017

Epoch 29: val_loss did not improve from 0.00016

Epoch 86: val_loss improved from 0.00018 to 0.00018, saving model to /p/project1/cesmtst/patakchiyousefi1/HPT/mse_64_1e-05_1e-17_0.5_4_8_16_0.5_128_0.0_unet-m_day10.h5

Epoch 20: val_loss did not improve from 0.00018

Epoch 50: val_loss did not improve from 0.00020

Epoch 16: val_loss did not improve from 0.00016

Epoch 87: val_loss did not improve from 0.00018

Epoch 86: val_loss did not improve from 0.00017

Epoch 21: val_loss did not improve from 0.00018

Epoch 30: val_loss improved from 0.00028 to 0.00019, saving model to /p/project1/cesmtst/patakchiyousefi1/HPT/mse_64_1e-05_1e-17_0.5_4_2_16_0.5_128_0.0_unet-m_day10.h5

Epoch 16: val_loss did not improve from 0.00016

Epoch 88: val_loss did not improve from 0.00018

Epoch 51: val_loss did not improve from 0.00020

Epoch 87: val_loss improved from 0.00017 to 0.00017, saving model to /p/project1/cesmtst/patakchiyousefi1/HPT/mse_64_0.0001_1e-17_0.5_4_8_16_0.5_128_0.0_unet-m_day10.h5

Epoch 22: val_loss did not improve from 0.00018

Epoch 30: val_loss did not improve from 0.00016

Epoch 89: val_loss did not improve from 0.00018

Epoch 88: val_loss did not improve from 0.00017

Epoch 23: val_loss did not improve from 0.00018

Epoch 52: val_loss did not improve from 0.00020

Epoch 90: val_loss improved from 0.00018 to 0.00018, saving model to /p/project1/cesmtst/patakchiyousefi1/HPT/mse_64_1e-05_1e-17_0.5_4_8_16_0.5_128_0.0_unet-m_day10.h5

Epoch 89: val_loss did not improve from 0.00017

Epoch 24: val_loss did not improve from 0.00018
Saving and plotting the results...

Epoch 31: val_loss improved from 0.00019 to 0.00018, saving model to /p/project1/cesmtst/patakchiyousefi1/HPT/mse_64_1e-05_1e-17_0.5_4_2_16_0.5_128_0.0_unet-m_day10.h5

Epoch 91: val_loss improved from 0.00018 to 0.00017, saving model to /p/project1/cesmtst/patakchiyousefi1/HPT/mse_64_1e-05_1e-17_0.5_4_8_16_0.5_128_0.0_unet-m_day10.h5

Epoch 90: val_loss did not improve from 0.00017

Epoch 53: val_loss improved from 0.00020 to 0.00020, saving model to /p/project1/cesmtst/patakchiyousefi1/HPT/mse_64_1e-05_1e-17_0.5_4_4_16_0.5_128_0.0_unet-m_day10.h5

Epoch 31: val_loss did not improve from 0.00016

Epoch 92: val_loss did not improve from 0.00017

Epoch 91: val_loss improved from 0.00017 to 0.00017, saving model to /p/project1/cesmtst/patakchiyousefi1/HPT/mse_64_0.0001_1e-17_0.5_4_8_16_0.5_128_0.0_unet-m_day10.h5

Epoch 17: val_loss did not improve from 0.00016

Epoch 93: val_loss improved from 0.00017 to 0.00017, saving model to /p/project1/cesmtst/patakchiyousefi1/HPT/mse_64_1e-05_1e-17_0.5_4_8_16_0.5_128_0.0_unet-m_day10.h5

Epoch 92: val_loss did not improve from 0.00017

Epoch 17: val_loss did not improve from 0.00016

Epoch 54: val_loss did not improve from 0.00020

Epoch 32: val_loss did not improve from 0.00018

Epoch 94: val_loss improved from 0.00017 to 0.00017, saving model to /p/project1/cesmtst/patakchiyousefi1/HPT/mse_64_1e-05_1e-17_0.5_4_8_16_0.5_128_0.0_unet-m_day10.h5

Epoch 93: val_loss did not improve from 0.00017

Epoch 32: val_loss did not improve from 0.00016

Epoch 55: val_loss improved from 0.00020 to 0.00020, saving model to /p/project1/cesmtst/patakchiyousefi1/HPT/mse_64_1e-05_1e-17_0.5_4_4_16_0.5_128_0.0_unet-m_day10.h5
train_data_hourly_pr_['ADAPTER_DE05.day10.merged.nc']_['ADAPTER_DE05.day01.merged.nc']_MM_1__model_only_128.256_2018-01-01T13_2022-12-31T23_no_na_land
Loading training data...
Data loaded!
mse_64_0.001_1e-17_0.5_4_8_16_0.5_128_0.0_unet-m_day10
Training the model...

Epoch 1: val_loss improved from inf to 0.00022, saving model to /p/project1/cesmtst/patakchiyousefi1/HPT/mse_64_0.001_1e-17_0.5_4_8_16_0.5_128_0.0_unet-m_day10.h5

Epoch 95: val_loss improved from 0.00017 to 0.00017, saving model to /p/project1/cesmtst/patakchiyousefi1/HPT/mse_64_1e-05_1e-17_0.5_4_8_16_0.5_128_0.0_unet-m_day10.h5

Epoch 94: val_loss did not improve from 0.00017

Epoch 2: val_loss did not improve from 0.00022

Epoch 96: val_loss improved from 0.00017 to 0.00017, saving model to /p/project1/cesmtst/patakchiyousefi1/HPT/mse_64_1e-05_1e-17_0.5_4_8_16_0.5_128_0.0_unet-m_day10.h5

Epoch 95: val_loss did not improve from 0.00017

Epoch 33: val_loss improved from 0.00018 to 0.00017, saving model to /p/project1/cesmtst/patakchiyousefi1/HPT/mse_64_1e-05_1e-17_0.5_4_2_16_0.5_128_0.0_unet-m_day10.h5

Epoch 56: val_loss improved from 0.00020 to 0.00020, saving model to /p/project1/cesmtst/patakchiyousefi1/HPT/mse_64_1e-05_1e-17_0.5_4_4_16_0.5_128_0.0_unet-m_day10.h5

Epoch 3: val_loss did not improve from 0.00022

Epoch 97: val_loss did not improve from 0.00017

Epoch 96: val_loss did not improve from 0.00017

Epoch 33: val_loss did not improve from 0.00016

Epoch 4: val_loss did not improve from 0.00022

Epoch 18: val_loss did not improve from 0.00016

Epoch 98: val_loss did not improve from 0.00017

Epoch 97: val_loss did not improve from 0.00017

Epoch 57: val_loss did not improve from 0.00020

Epoch 5: val_loss did not improve from 0.00022

Epoch 18: val_loss did not improve from 0.00016

Epoch 99: val_loss did not improve from 0.00017

Epoch 98: val_loss did not improve from 0.00017

Epoch 34: val_loss improved from 0.00017 to 0.00016, saving model to /p/project1/cesmtst/patakchiyousefi1/HPT/mse_64_1e-05_1e-17_0.5_4_2_16_0.5_128_0.0_unet-m_day10.h5

Epoch 6: val_loss improved from 0.00022 to 0.00017, saving model to /p/project1/cesmtst/patakchiyousefi1/HPT/mse_64_0.001_1e-17_0.5_4_8_16_0.5_128_0.0_unet-m_day10.h5

Epoch 58: val_loss did not improve from 0.00020

Epoch 100: val_loss improved from 0.00017 to 0.00017, saving model to /p/project1/cesmtst/patakchiyousefi1/HPT/mse_64_1e-05_1e-17_0.5_4_8_16_0.5_128_0.0_unet-m_day10.h5

Epoch 99: val_loss did not improve from 0.00017

Epoch 7: val_loss did not improve from 0.00017

Epoch 34: val_loss did not improve from 0.00016
Saving and plotting the results...

Epoch 101: val_loss did not improve from 0.00017

Epoch 100: val_loss did not improve from 0.00017

Epoch 59: val_loss did not improve from 0.00020

Epoch 8: val_loss did not improve from 0.00017

Epoch 102: val_loss did not improve from 0.00017

Epoch 101: val_loss did not improve from 0.00017

Epoch 35: val_loss improved from 0.00016 to 0.00016, saving model to /p/project1/cesmtst/patakchiyousefi1/HPT/mse_64_1e-05_1e-17_0.5_4_2_16_0.5_128_0.0_unet-m_day10.h5

Epoch 9: val_loss did not improve from 0.00017

Epoch 103: val_loss did not improve from 0.00017

Epoch 102: val_loss did not improve from 0.00017

Epoch 60: val_loss did not improve from 0.00020

Epoch 19: val_loss did not improve from 0.00016

Epoch 10: val_loss did not improve from 0.00017

Epoch 104: val_loss did not improve from 0.00017

Epoch 103: val_loss did not improve from 0.00017

Epoch 19: val_loss did not improve from 0.00016

Epoch 11: val_loss improved from 0.00017 to 0.00016, saving model to /p/project1/cesmtst/patakchiyousefi1/HPT/mse_64_0.001_1e-17_0.5_4_8_16_0.5_128_0.0_unet-m_day10.h5

Epoch 105: val_loss did not improve from 0.00017

Epoch 104: val_loss did not improve from 0.00017

Epoch 61: val_loss did not improve from 0.00020

Epoch 36: val_loss did not improve from 0.00016

Epoch 12: val_loss improved from 0.00016 to 0.00016, saving model to /p/project1/cesmtst/patakchiyousefi1/HPT/mse_64_0.001_1e-17_0.5_4_8_16_0.5_128_0.0_unet-m_day10.h5

Epoch 106: val_loss did not improve from 0.00017

Epoch 105: val_loss did not improve from 0.00017
train_data_hourly_pr_['ADAPTER_DE05.day10.merged.nc']_['ADAPTER_DE05.day01.merged.nc']_MM_1__model_only_128.256_2018-01-01T13_2022-12-31T23_no_na_land
Loading training data...
Data loaded!
mse_64_0.001_1e-17_0.5_4_4_16_0.5_128_0.0_unet-m_day10
Training the model...

Epoch 1: val_loss improved from inf to 0.08415, saving model to /p/project1/cesmtst/patakchiyousefi1/HPT/mse_64_0.001_1e-17_0.5_4_4_16_0.5_128_0.0_unet-m_day10.h5

Epoch 13: val_loss did not improve from 0.00016

Epoch 62: val_loss did not improve from 0.00020

Epoch 107: val_loss improved from 0.00017 to 0.00017, saving model to /p/project1/cesmtst/patakchiyousefi1/HPT/mse_64_1e-05_1e-17_0.5_4_8_16_0.5_128_0.0_unet-m_day10.h5

Epoch 106: val_loss did not improve from 0.00017

Epoch 14: val_loss did not improve from 0.00016

Epoch 2: val_loss improved from 0.08415 to 0.00396, saving model to /p/project1/cesmtst/patakchiyousefi1/HPT/mse_64_0.001_1e-17_0.5_4_4_16_0.5_128_0.0_unet-m_day10.h5

Epoch 108: val_loss did not improve from 0.00017

Epoch 107: val_loss did not improve from 0.00017
Saving and plotting the results...

Epoch 63: val_loss did not improve from 0.00020

Epoch 15: val_loss did not improve from 0.00016

Epoch 37: val_loss did not improve from 0.00016

Epoch 109: val_loss did not improve from 0.00017

Epoch 20: val_loss did not improve from 0.00016

Epoch 3: val_loss did not improve from 0.00396

Epoch 16: val_loss did not improve from 0.00016

Epoch 110: val_loss did not improve from 0.00017

Epoch 64: val_loss did not improve from 0.00020

Epoch 20: val_loss did not improve from 0.00016

Epoch 17: val_loss did not improve from 0.00016

Epoch 111: val_loss did not improve from 0.00017

Epoch 4: val_loss improved from 0.00396 to 0.00020, saving model to /p/project1/cesmtst/patakchiyousefi1/HPT/mse_64_0.001_1e-17_0.5_4_4_16_0.5_128_0.0_unet-m_day10.h5

Epoch 38: val_loss did not improve from 0.00016

Epoch 112: val_loss did not improve from 0.00017

Epoch 65: val_loss did not improve from 0.00020

Epoch 18: val_loss did not improve from 0.00016

Epoch 113: val_loss did not improve from 0.00017

Epoch 5: val_loss improved from 0.00020 to 0.00017, saving model to /p/project1/cesmtst/patakchiyousefi1/HPT/mse_64_0.001_1e-17_0.5_4_4_16_0.5_128_0.0_unet-m_day10.h5

Epoch 19: val_loss improved from 0.00016 to 0.00016, saving model to /p/project1/cesmtst/patakchiyousefi1/HPT/mse_64_0.001_1e-17_0.5_4_8_16_0.5_128_0.0_unet-m_day10.h5

Epoch 66: val_loss did not improve from 0.00020

Epoch 114: val_loss did not improve from 0.00017

Epoch 20: val_loss did not improve from 0.00016

Epoch 39: val_loss did not improve from 0.00016

Epoch 115: val_loss did not improve from 0.00017

Epoch 21: val_loss did not improve from 0.00016

Epoch 21: val_loss did not improve from 0.00016

Epoch 67: val_loss did not improve from 0.00020

Epoch 116: val_loss did not improve from 0.00017

Epoch 21: val_loss did not improve from 0.00016
Saving and plotting the results...

Epoch 6: val_loss did not improve from 0.00017

Epoch 22: val_loss did not improve from 0.00016

Epoch 117: val_loss did not improve from 0.00017

Epoch 68: val_loss did not improve from 0.00020
train_data_hourly_pr_['ADAPTER_DE05.day10.merged.nc']_['ADAPTER_DE05.day01.merged.nc']_MM_1__model_only_128.256_2018-01-01T13_2022-12-31T23_no_na_land
Loading training data...
Data loaded!
mse_64_0.001_1e-17_0.5_4_1_16_0.5_128_0.0_unet-m_day10
Training the model...

Epoch 1: val_loss improved from inf to 0.00017, saving model to /p/project1/cesmtst/patakchiyousefi1/HPT/mse_64_0.001_1e-17_0.5_4_1_16_0.5_128_0.0_unet-m_day10.h5

Epoch 23: val_loss did not improve from 0.00016

Epoch 40: val_loss improved from 0.00016 to 0.00016, saving model to /p/project1/cesmtst/patakchiyousefi1/HPT/mse_64_1e-05_1e-17_0.5_4_2_16_0.5_128_0.0_unet-m_day10.h5

Epoch 7: val_loss did not improve from 0.00017

Epoch 24: val_loss did not improve from 0.00016

Epoch 118: val_loss did not improve from 0.00017

Epoch 69: val_loss did not improve from 0.00020

Epoch 25: val_loss did not improve from 0.00016

Epoch 8: val_loss did not improve from 0.00017

Epoch 119: val_loss did not improve from 0.00017

Epoch 26: val_loss did not improve from 0.00016

Epoch 22: val_loss did not improve from 0.00016

Epoch 120: val_loss did not improve from 0.00017

Epoch 70: val_loss did not improve from 0.00020

Epoch 41: val_loss improved from 0.00016 to 0.00016, saving model to /p/project1/cesmtst/patakchiyousefi1/HPT/mse_64_1e-05_1e-17_0.5_4_2_16_0.5_128_0.0_unet-m_day10.h5

Epoch 9: val_loss did not improve from 0.00017

Epoch 27: val_loss did not improve from 0.00016

Epoch 121: val_loss did not improve from 0.00017

Epoch 28: val_loss did not improve from 0.00016

Epoch 71: val_loss did not improve from 0.00020

Epoch 122: val_loss did not improve from 0.00017
train_data_hourly_pr_['ADAPTER_DE05.day10.merged.nc']_['ADAPTER_DE05.day01.merged.nc']_MM_1__model_only_128.256_2018-01-01T13_2022-12-31T23_no_na_land
Loading training data...
Data loaded!
mse_64_0.001_1e-17_0.5_4_2_16_0.5_128_0.0_unet-m_day10
Training the model...

Epoch 1: val_loss improved from inf to 0.00028, saving model to /p/project1/cesmtst/patakchiyousefi1/HPT/mse_64_0.001_1e-17_0.5_4_2_16_0.5_128_0.0_unet-m_day10.h5

Epoch 2: val_loss did not improve from 0.00017

Epoch 10: val_loss improved from 0.00017 to 0.00017, saving model to /p/project1/cesmtst/patakchiyousefi1/HPT/mse_64_0.001_1e-17_0.5_4_4_16_0.5_128_0.0_unet-m_day10.h5

Epoch 29: val_loss did not improve from 0.00016

Epoch 123: val_loss did not improve from 0.00017
Saving and plotting the results...

Epoch 42: val_loss did not improve from 0.00016

Epoch 72: val_loss did not improve from 0.00020
Saving and plotting the results...

Epoch 30: val_loss did not improve from 0.00016

Epoch 11: val_loss did not improve from 0.00017

Epoch 31: val_loss did not improve from 0.00016

Epoch 2: val_loss improved from 0.00028 to 0.00020, saving model to /p/project1/cesmtst/patakchiyousefi1/HPT/mse_64_0.001_1e-17_0.5_4_2_16_0.5_128_0.0_unet-m_day10.h5

Epoch 23: val_loss did not improve from 0.00016

Epoch 32: val_loss did not improve from 0.00016

Epoch 12: val_loss improved from 0.00017 to 0.00017, saving model to /p/project1/cesmtst/patakchiyousefi1/HPT/mse_64_0.001_1e-17_0.5_4_4_16_0.5_128_0.0_unet-m_day10.h5

Epoch 43: val_loss improved from 0.00016 to 0.00016, saving model to /p/project1/cesmtst/patakchiyousefi1/HPT/mse_64_1e-05_1e-17_0.5_4_2_16_0.5_128_0.0_unet-m_day10.h5

Epoch 33: val_loss did not improve from 0.00016

Epoch 13: val_loss did not improve from 0.00017

Epoch 34: val_loss did not improve from 0.00016

Epoch 3: val_loss did not improve from 0.00017

Epoch 3: val_loss did not improve from 0.00020
train_data_hourly_pr_['ADAPTER_DE05.day10.merged.nc']_['ADAPTER_DE05.day01.merged.nc']_MM_1__model_only_128.256_2018-01-01T13_2022-12-31T23_no_na_land
Loading training data...
Data loaded!
mse_64_0.01_1e-17_0.5_4_4_16_0.5_128_0.0_unet-m_day10
Training the model...

Epoch 1: val_loss improved from inf to 0.00031, saving model to /p/project1/cesmtst/patakchiyousefi1/HPT/mse_64_0.01_1e-17_0.5_4_4_16_0.5_128_0.0_unet-m_day10.h5

Epoch 35: val_loss did not improve from 0.00016
Saving and plotting the results...

Epoch 14: val_loss did not improve from 0.00017

Epoch 44: val_loss improved from 0.00016 to 0.00016, saving model to /p/project1/cesmtst/patakchiyousefi1/HPT/mse_64_1e-05_1e-17_0.5_4_2_16_0.5_128_0.0_unet-m_day10.h5

Epoch 2: val_loss improved from 0.00031 to 0.00026, saving model to /p/project1/cesmtst/patakchiyousefi1/HPT/mse_64_0.01_1e-17_0.5_4_4_16_0.5_128_0.0_unet-m_day10.h5

Epoch 15: val_loss did not improve from 0.00017

Epoch 4: val_loss improved from 0.00020 to 0.00017, saving model to /p/project1/cesmtst/patakchiyousefi1/HPT/mse_64_0.001_1e-17_0.5_4_2_16_0.5_128_0.0_unet-m_day10.h5

Epoch 24: val_loss did not improve from 0.00016

Epoch 3: val_loss did not improve from 0.00026

Epoch 16: val_loss did not improve from 0.00017

Epoch 45: val_loss improved from 0.00016 to 0.00016, saving model to /p/project1/cesmtst/patakchiyousefi1/HPT/mse_64_1e-05_1e-17_0.5_4_2_16_0.5_128_0.0_unet-m_day10.h5
train_data_hourly_pr_['ADAPTER_DE05.day10.merged.nc']_['ADAPTER_DE05.day01.merged.nc']_MM_1__model_only_128.256_2018-01-01T13_2022-12-31T23_no_na_land
Loading training data...
Data loaded!
mse_64_0.01_1e-17_0.5_4_1_16_0.5_128_0.0_unet-m_day10
Training the model...

Epoch 1: val_loss improved from inf to 0.00080, saving model to /p/project1/cesmtst/patakchiyousefi1/HPT/mse_64_0.01_1e-17_0.5_4_1_16_0.5_128_0.0_unet-m_day10.h5

Epoch 4: val_loss did not improve from 0.00017

Epoch 4: val_loss did not improve from 0.00026

Epoch 5: val_loss improved from 0.00017 to 0.00017, saving model to /p/project1/cesmtst/patakchiyousefi1/HPT/mse_64_0.001_1e-17_0.5_4_2_16_0.5_128_0.0_unet-m_day10.h5

Epoch 17: val_loss did not improve from 0.00017
train_data_hourly_pr_['ADAPTER_DE05.day10.merged.nc']_['ADAPTER_DE05.day01.merged.nc']_MM_1__model_only_128.256_2018-01-01T13_2022-12-31T23_no_na_land
Loading training data...
Data loaded!
mse_64_0.01_1e-17_0.5_4_2_16_0.5_128_0.0_unet-m_day10
Training the model...

Epoch 1: val_loss improved from inf to 0.00046, saving model to /p/project1/cesmtst/patakchiyousefi1/HPT/mse_64_0.01_1e-17_0.5_4_2_16_0.5_128_0.0_unet-m_day10.h5

Epoch 5: val_loss did not improve from 0.00026

Epoch 46: val_loss did not improve from 0.00016

Epoch 18: val_loss did not improve from 0.00017

Epoch 25: val_loss did not improve from 0.00016

Epoch 6: val_loss did not improve from 0.00026

Epoch 6: val_loss did not improve from 0.00017

Epoch 19: val_loss did not improve from 0.00017

Epoch 2: val_loss improved from 0.00046 to 0.00028, saving model to /p/project1/cesmtst/patakchiyousefi1/HPT/mse_64_0.01_1e-17_0.5_4_2_16_0.5_128_0.0_unet-m_day10.h5

Epoch 2: val_loss did not improve from 0.00080

Epoch 47: val_loss did not improve from 0.00016

Epoch 7: val_loss did not improve from 0.00026

Epoch 20: val_loss did not improve from 0.00017

Epoch 5: val_loss did not improve from 0.00017

Epoch 7: val_loss did not improve from 0.00017

Epoch 8: val_loss did not improve from 0.00026

Epoch 21: val_loss did not improve from 0.00017

Epoch 3: val_loss improved from 0.00028 to 0.00019, saving model to /p/project1/cesmtst/patakchiyousefi1/HPT/mse_64_0.01_1e-17_0.5_4_2_16_0.5_128_0.0_unet-m_day10.h5

Epoch 48: val_loss did not improve from 0.00016

Epoch 9: val_loss did not improve from 0.00026

Epoch 26: val_loss improved from 0.00016 to 0.00016, saving model to /p/project1/cesmtst/patakchiyousefi1/HPT/mse_64_1e-05_1e-17_0.5_4_1_16_0.5_128_0.0_unet-m_day10.h5

Epoch 22: val_loss did not improve from 0.00017

Epoch 8: val_loss improved from 0.00017 to 0.00016, saving model to /p/project1/cesmtst/patakchiyousefi1/HPT/mse_64_0.001_1e-17_0.5_4_2_16_0.5_128_0.0_unet-m_day10.h5

Epoch 10: val_loss did not improve from 0.00026

Epoch 3: val_loss improved from 0.00080 to 0.00023, saving model to /p/project1/cesmtst/patakchiyousefi1/HPT/mse_64_0.01_1e-17_0.5_4_1_16_0.5_128_0.0_unet-m_day10.h5

Epoch 4: val_loss did not improve from 0.00019

Epoch 23: val_loss did not improve from 0.00017

Epoch 49: val_loss did not improve from 0.00016

Epoch 11: val_loss improved from 0.00026 to 0.00017, saving model to /p/project1/cesmtst/patakchiyousefi1/HPT/mse_64_0.01_1e-17_0.5_4_4_16_0.5_128_0.0_unet-m_day10.h5

Epoch 6: val_loss did not improve from 0.00017

Epoch 9: val_loss did not improve from 0.00016

Epoch 24: val_loss did not improve from 0.00017

Epoch 12: val_loss did not improve from 0.00017

Epoch 5: val_loss did not improve from 0.00019

Epoch 50: val_loss improved from 0.00016 to 0.00016, saving model to /p/project1/cesmtst/patakchiyousefi1/HPT/mse_64_1e-05_1e-17_0.5_4_2_16_0.5_128_0.0_unet-m_day10.h5

Epoch 25: val_loss did not improve from 0.00017

Epoch 27: val_loss did not improve from 0.00016

Epoch 13: val_loss did not improve from 0.00017

Epoch 10: val_loss did not improve from 0.00016

Epoch 26: val_loss did not improve from 0.00017

Epoch 4: val_loss did not improve from 0.00023

Epoch 6: val_loss did not improve from 0.00019

Epoch 14: val_loss did not improve from 0.00017

Epoch 51: val_loss improved from 0.00016 to 0.00016, saving model to /p/project1/cesmtst/patakchiyousefi1/HPT/mse_64_1e-05_1e-17_0.5_4_2_16_0.5_128_0.0_unet-m_day10.h5

Epoch 7: val_loss improved from 0.00017 to 0.00016, saving model to /p/project1/cesmtst/patakchiyousefi1/HPT/mse_64_0.001_1e-17_0.5_4_1_16_0.5_128_0.0_unet-m_day10.h5

Epoch 27: val_loss did not improve from 0.00017

Epoch 11: val_loss did not improve from 0.00016

Epoch 15: val_loss did not improve from 0.00017

Epoch 28: val_loss did not improve from 0.00017
Saving and plotting the results...

Epoch 7: val_loss improved from 0.00019 to 0.00017, saving model to /p/project1/cesmtst/patakchiyousefi1/HPT/mse_64_0.01_1e-17_0.5_4_2_16_0.5_128_0.0_unet-m_day10.h5

Epoch 28: val_loss improved from 0.00016 to 0.00016, saving model to /p/project1/cesmtst/patakchiyousefi1/HPT/mse_64_1e-05_1e-17_0.5_4_1_16_0.5_128_0.0_unet-m_day10.h5

Epoch 52: val_loss did not improve from 0.00016

Epoch 16: val_loss did not improve from 0.00017

Epoch 12: val_loss did not improve from 0.00016

Epoch 5: val_loss did not improve from 0.00023

Epoch 17: val_loss did not improve from 0.00017

Epoch 8: val_loss improved from 0.00017 to 0.00017, saving model to /p/project1/cesmtst/patakchiyousefi1/HPT/mse_64_0.01_1e-17_0.5_4_2_16_0.5_128_0.0_unet-m_day10.h5

Epoch 8: val_loss did not improve from 0.00016

Epoch 53: val_loss improved from 0.00016 to 0.00016, saving model to /p/project1/cesmtst/patakchiyousefi1/HPT/mse_64_1e-05_1e-17_0.5_4_2_16_0.5_128_0.0_unet-m_day10.h5

Epoch 13: val_loss did not improve from 0.00016

Epoch 9: val_loss did not improve from 0.00017

Epoch 18: val_loss did not improve from 0.00017

Epoch 29: val_loss improved from 0.00016 to 0.00016, saving model to /p/project1/cesmtst/patakchiyousefi1/HPT/mse_64_1e-05_1e-17_0.5_4_1_16_0.5_128_0.0_unet-m_day10.h5

Epoch 54: val_loss did not improve from 0.00016

Epoch 6: val_loss did not improve from 0.00023

Epoch 19: val_loss did not improve from 0.00017

Epoch 14: val_loss did not improve from 0.00016

Epoch 10: val_loss did not improve from 0.00017

Epoch 9: val_loss improved from 0.00016 to 0.00016, saving model to /p/project1/cesmtst/patakchiyousefi1/HPT/mse_64_0.001_1e-17_0.5_4_1_16_0.5_128_0.0_unet-m_day10.h5

Epoch 20: val_loss improved from 0.00017 to 0.00016, saving model to /p/project1/cesmtst/patakchiyousefi1/HPT/mse_64_0.01_1e-17_0.5_4_4_16_0.5_128_0.0_unet-m_day10.h5

Epoch 55: val_loss did not improve from 0.00016

Epoch 15: val_loss improved from 0.00016 to 0.00016, saving model to /p/project1/cesmtst/patakchiyousefi1/HPT/mse_64_0.001_1e-17_0.5_4_2_16_0.5_128_0.0_unet-m_day10.h5

Epoch 21: val_loss did not improve from 0.00016

Epoch 11: val_loss did not improve from 0.00017

Epoch 30: val_loss improved from 0.00016 to 0.00016, saving model to /p/project1/cesmtst/patakchiyousefi1/HPT/mse_64_1e-05_1e-17_0.5_4_1_16_0.5_128_0.0_unet-m_day10.h5

Epoch 22: val_loss did not improve from 0.00016

Epoch 56: val_loss did not improve from 0.00016

Epoch 7: val_loss improved from 0.00023 to 0.00022, saving model to /p/project1/cesmtst/patakchiyousefi1/HPT/mse_64_0.01_1e-17_0.5_4_1_16_0.5_128_0.0_unet-m_day10.h5

Epoch 16: val_loss did not improve from 0.00016

Epoch 23: val_loss did not improve from 0.00016

Epoch 12: val_loss did not improve from 0.00017

Epoch 10: val_loss did not improve from 0.00016

Epoch 57: val_loss did not improve from 0.00016

Epoch 24: val_loss did not improve from 0.00016

Epoch 17: val_loss improved from 0.00016 to 0.00016, saving model to /p/project1/cesmtst/patakchiyousefi1/HPT/mse_64_0.001_1e-17_0.5_4_2_16_0.5_128_0.0_unet-m_day10.h5

Epoch 31: val_loss did not improve from 0.00016

Epoch 13: val_loss did not improve from 0.00017

Epoch 58: val_loss improved from 0.00016 to 0.00016, saving model to /p/project1/cesmtst/patakchiyousefi1/HPT/mse_64_1e-05_1e-17_0.5_4_2_16_0.5_128_0.0_unet-m_day10.h5

Epoch 8: val_loss improved from 0.00022 to 0.00017, saving model to /p/project1/cesmtst/patakchiyousefi1/HPT/mse_64_0.01_1e-17_0.5_4_1_16_0.5_128_0.0_unet-m_day10.h5

Epoch 25: val_loss improved from 0.00016 to 0.00016, saving model to /p/project1/cesmtst/patakchiyousefi1/HPT/mse_64_0.01_1e-17_0.5_4_4_16_0.5_128_0.0_unet-m_day10.h5

Epoch 18: val_loss did not improve from 0.00016

Epoch 11: val_loss did not improve from 0.00016

Epoch 14: val_loss did not improve from 0.00017

Epoch 26: val_loss did not improve from 0.00016

Epoch 59: val_loss did not improve from 0.00016

Epoch 27: val_loss did not improve from 0.00016

Epoch 32: val_loss improved from 0.00016 to 0.00016, saving model to /p/project1/cesmtst/patakchiyousefi1/HPT/mse_64_1e-05_1e-17_0.5_4_1_16_0.5_128_0.0_unet-m_day10.h5

Epoch 19: val_loss did not improve from 0.00016

Epoch 15: val_loss did not improve from 0.00017

Epoch 28: val_loss did not improve from 0.00016

Epoch 9: val_loss did not improve from 0.00017

Epoch 60: val_loss did not improve from 0.00016

Epoch 12: val_loss improved from 0.00016 to 0.00016, saving model to /p/project1/cesmtst/patakchiyousefi1/HPT/mse_64_0.001_1e-17_0.5_4_1_16_0.5_128_0.0_unet-m_day10.h5

Epoch 29: val_loss did not improve from 0.00016

Epoch 20: val_loss did not improve from 0.00016

Epoch 16: val_loss improved from 0.00017 to 0.00016, saving model to /p/project1/cesmtst/patakchiyousefi1/HPT/mse_64_0.01_1e-17_0.5_4_2_16_0.5_128_0.0_unet-m_day10.h5

Epoch 30: val_loss did not improve from 0.00016

Epoch 61: val_loss did not improve from 0.00016

Epoch 33: val_loss improved from 0.00016 to 0.00016, saving model to /p/project1/cesmtst/patakchiyousefi1/HPT/mse_64_1e-05_1e-17_0.5_4_1_16_0.5_128_0.0_unet-m_day10.h5

Epoch 21: val_loss did not improve from 0.00016

Epoch 31: val_loss did not improve from 0.00016

Epoch 17: val_loss did not improve from 0.00016

Epoch 10: val_loss did not improve from 0.00017

Epoch 62: val_loss did not improve from 0.00016

Epoch 32: val_loss did not improve from 0.00016

Epoch 13: val_loss did not improve from 0.00016

Epoch 22: val_loss did not improve from 0.00016

Epoch 18: val_loss did not improve from 0.00016

Epoch 33: val_loss did not improve from 0.00016

Epoch 63: val_loss improved from 0.00016 to 0.00016, saving model to /p/project1/cesmtst/patakchiyousefi1/HPT/mse_64_1e-05_1e-17_0.5_4_2_16_0.5_128_0.0_unet-m_day10.h5

Epoch 34: val_loss improved from 0.00016 to 0.00016, saving model to /p/project1/cesmtst/patakchiyousefi1/HPT/mse_64_1e-05_1e-17_0.5_4_1_16_0.5_128_0.0_unet-m_day10.h5

Epoch 34: val_loss did not improve from 0.00016

Epoch 23: val_loss did not improve from 0.00016

Epoch 19: val_loss did not improve from 0.00016

Epoch 11: val_loss did not improve from 0.00017

Epoch 35: val_loss did not improve from 0.00016

Epoch 64: val_loss did not improve from 0.00016

Epoch 14: val_loss did not improve from 0.00016

Epoch 24: val_loss did not improve from 0.00016

Epoch 36: val_loss did not improve from 0.00016

Epoch 20: val_loss did not improve from 0.00016

Epoch 65: val_loss did not improve from 0.00016

Epoch 37: val_loss did not improve from 0.00016

Epoch 35: val_loss did not improve from 0.00016

Epoch 25: val_loss did not improve from 0.00016

Epoch 12: val_loss did not improve from 0.00017

Epoch 21: val_loss improved from 0.00016 to 0.00016, saving model to /p/project1/cesmtst/patakchiyousefi1/HPT/mse_64_0.01_1e-17_0.5_4_2_16_0.5_128_0.0_unet-m_day10.h5

Epoch 38: val_loss improved from 0.00016 to 0.00016, saving model to /p/project1/cesmtst/patakchiyousefi1/HPT/mse_64_0.01_1e-17_0.5_4_4_16_0.5_128_0.0_unet-m_day10.h5

Epoch 15: val_loss did not improve from 0.00016

Epoch 66: val_loss did not improve from 0.00016

Epoch 39: val_loss improved from 0.00016 to 0.00016, saving model to /p/project1/cesmtst/patakchiyousefi1/HPT/mse_64_0.01_1e-17_0.5_4_4_16_0.5_128_0.0_unet-m_day10.h5

Epoch 26: val_loss did not improve from 0.00016

Epoch 22: val_loss did not improve from 0.00016

Epoch 40: val_loss improved from 0.00016 to 0.00016, saving model to /p/project1/cesmtst/patakchiyousefi1/HPT/mse_64_0.01_1e-17_0.5_4_4_16_0.5_128_0.0_unet-m_day10.h5

Epoch 67: val_loss did not improve from 0.00016

Epoch 36: val_loss did not improve from 0.00016

Epoch 41: val_loss improved from 0.00016 to 0.00016, saving model to /p/project1/cesmtst/patakchiyousefi1/HPT/mse_64_0.01_1e-17_0.5_4_4_16_0.5_128_0.0_unet-m_day10.h5

Epoch 13: val_loss did not improve from 0.00017

Epoch 27: val_loss did not improve from 0.00016

Epoch 23: val_loss did not improve from 0.00016

Epoch 42: val_loss improved from 0.00016 to 0.00016, saving model to /p/project1/cesmtst/patakchiyousefi1/HPT/mse_64_0.01_1e-17_0.5_4_4_16_0.5_128_0.0_unet-m_day10.h5

Epoch 16: val_loss did not improve from 0.00016

Epoch 68: val_loss did not improve from 0.00016

Epoch 28: val_loss did not improve from 0.00016

Epoch 43: val_loss improved from 0.00016 to 0.00016, saving model to /p/project1/cesmtst/patakchiyousefi1/HPT/mse_64_0.01_1e-17_0.5_4_4_16_0.5_128_0.0_unet-m_day10.h5

Epoch 24: val_loss did not improve from 0.00016

Epoch 44: val_loss improved from 0.00016 to 0.00016, saving model to /p/project1/cesmtst/patakchiyousefi1/HPT/mse_64_0.01_1e-17_0.5_4_4_16_0.5_128_0.0_unet-m_day10.h5

Epoch 37: val_loss did not improve from 0.00016

Epoch 69: val_loss did not improve from 0.00016

Epoch 14: val_loss improved from 0.00017 to 0.00016, saving model to /p/project1/cesmtst/patakchiyousefi1/HPT/mse_64_0.01_1e-17_0.5_4_1_16_0.5_128_0.0_unet-m_day10.h5

Epoch 29: val_loss did not improve from 0.00016

Epoch 25: val_loss did not improve from 0.00016

Epoch 45: val_loss improved from 0.00016 to 0.00016, saving model to /p/project1/cesmtst/patakchiyousefi1/HPT/mse_64_0.01_1e-17_0.5_4_4_16_0.5_128_0.0_unet-m_day10.h5

Epoch 17: val_loss did not improve from 0.00016

Epoch 70: val_loss did not improve from 0.00016

Epoch 46: val_loss improved from 0.00016 to 0.00016, saving model to /p/project1/cesmtst/patakchiyousefi1/HPT/mse_64_0.01_1e-17_0.5_4_4_16_0.5_128_0.0_unet-m_day10.h5

Epoch 30: val_loss improved from 0.00016 to 0.00016, saving model to /p/project1/cesmtst/patakchiyousefi1/HPT/mse_64_0.001_1e-17_0.5_4_2_16_0.5_128_0.0_unet-m_day10.h5

Epoch 26: val_loss did not improve from 0.00016

Epoch 47: val_loss improved from 0.00016 to 0.00016, saving model to /p/project1/cesmtst/patakchiyousefi1/HPT/mse_64_0.01_1e-17_0.5_4_4_16_0.5_128_0.0_unet-m_day10.h5

Epoch 38: val_loss did not improve from 0.00016

Epoch 15: val_loss did not improve from 0.00016

Epoch 71: val_loss did not improve from 0.00016

Epoch 48: val_loss improved from 0.00016 to 0.00016, saving model to /p/project1/cesmtst/patakchiyousefi1/HPT/mse_64_0.01_1e-17_0.5_4_4_16_0.5_128_0.0_unet-m_day10.h5

Epoch 31: val_loss improved from 0.00016 to 0.00016, saving model to /p/project1/cesmtst/patakchiyousefi1/HPT/mse_64_0.001_1e-17_0.5_4_2_16_0.5_128_0.0_unet-m_day10.h5

Epoch 27: val_loss did not improve from 0.00016

Epoch 18: val_loss did not improve from 0.00016

Epoch 49: val_loss improved from 0.00016 to 0.00016, saving model to /p/project1/cesmtst/patakchiyousefi1/HPT/mse_64_0.01_1e-17_0.5_4_4_16_0.5_128_0.0_unet-m_day10.h5

Epoch 72: val_loss did not improve from 0.00016

Epoch 32: val_loss improved from 0.00016 to 0.00016, saving model to /p/project1/cesmtst/patakchiyousefi1/HPT/mse_64_0.001_1e-17_0.5_4_2_16_0.5_128_0.0_unet-m_day10.h5

Epoch 28: val_loss did not improve from 0.00016

Epoch 50: val_loss improved from 0.00016 to 0.00016, saving model to /p/project1/cesmtst/patakchiyousefi1/HPT/mse_64_0.01_1e-17_0.5_4_4_16_0.5_128_0.0_unet-m_day10.h5

Epoch 39: val_loss improved from 0.00016 to 0.00016, saving model to /p/project1/cesmtst/patakchiyousefi1/HPT/mse_64_1e-05_1e-17_0.5_4_1_16_0.5_128_0.0_unet-m_day10.h5

Epoch 16: val_loss did not improve from 0.00016

Epoch 73: val_loss did not improve from 0.00016

Epoch 33: val_loss improved from 0.00016 to 0.00016, saving model to /p/project1/cesmtst/patakchiyousefi1/HPT/mse_64_0.001_1e-17_0.5_4_2_16_0.5_128_0.0_unet-m_day10.h5

Epoch 29: val_loss did not improve from 0.00016

Epoch 19: val_loss did not improve from 0.00016

Epoch 51: val_loss improved from 0.00016 to 0.00016, saving model to /p/project1/cesmtst/patakchiyousefi1/HPT/mse_64_0.01_1e-17_0.5_4_4_16_0.5_128_0.0_unet-m_day10.h5

Epoch 74: val_loss did not improve from 0.00016

Epoch 52: val_loss improved from 0.00016 to 0.00016, saving model to /p/project1/cesmtst/patakchiyousefi1/HPT/mse_64_0.01_1e-17_0.5_4_4_16_0.5_128_0.0_unet-m_day10.h5

Epoch 34: val_loss did not improve from 0.00016

Epoch 30: val_loss did not improve from 0.00016

Epoch 40: val_loss did not improve from 0.00016

Epoch 53: val_loss improved from 0.00016 to 0.00016, saving model to /p/project1/cesmtst/patakchiyousefi1/HPT/mse_64_0.01_1e-17_0.5_4_4_16_0.5_128_0.0_unet-m_day10.h5

Epoch 17: val_loss did not improve from 0.00016

Epoch 75: val_loss did not improve from 0.00016

Epoch 54: val_loss did not improve from 0.00016

Epoch 20: val_loss did not improve from 0.00016

Epoch 31: val_loss did not improve from 0.00016

Epoch 35: val_loss did not improve from 0.00016

Epoch 55: val_loss improved from 0.00016 to 0.00016, saving model to /p/project1/cesmtst/patakchiyousefi1/HPT/mse_64_0.01_1e-17_0.5_4_4_16_0.5_128_0.0_unet-m_day10.h5

Epoch 76: val_loss did not improve from 0.00016

Epoch 56: val_loss did not improve from 0.00016

Epoch 32: val_loss did not improve from 0.00016

Epoch 36: val_loss did not improve from 0.00016

Epoch 41: val_loss did not improve from 0.00016

Epoch 18: val_loss did not improve from 0.00016

Epoch 57: val_loss improved from 0.00016 to 0.00016, saving model to /p/project1/cesmtst/patakchiyousefi1/HPT/mse_64_0.01_1e-17_0.5_4_4_16_0.5_128_0.0_unet-m_day10.h5

Epoch 77: val_loss did not improve from 0.00016

Epoch 21: val_loss did not improve from 0.00016

Epoch 33: val_loss did not improve from 0.00016

Epoch 37: val_loss did not improve from 0.00016

Epoch 58: val_loss improved from 0.00016 to 0.00016, saving model to /p/project1/cesmtst/patakchiyousefi1/HPT/mse_64_0.01_1e-17_0.5_4_4_16_0.5_128_0.0_unet-m_day10.h5

Epoch 59: val_loss improved from 0.00016 to 0.00016, saving model to /p/project1/cesmtst/patakchiyousefi1/HPT/mse_64_0.01_1e-17_0.5_4_4_16_0.5_128_0.0_unet-m_day10.h5

Epoch 78: val_loss did not improve from 0.00016

Epoch 42: val_loss did not improve from 0.00016

Epoch 34: val_loss did not improve from 0.00016

Epoch 38: val_loss improved from 0.00016 to 0.00016, saving model to /p/project1/cesmtst/patakchiyousefi1/HPT/mse_64_0.001_1e-17_0.5_4_2_16_0.5_128_0.0_unet-m_day10.h5

Epoch 19: val_loss did not improve from 0.00016

Epoch 60: val_loss improved from 0.00016 to 0.00016, saving model to /p/project1/cesmtst/patakchiyousefi1/HPT/mse_64_0.01_1e-17_0.5_4_4_16_0.5_128_0.0_unet-m_day10.h5

Epoch 22: val_loss did not improve from 0.00016

Epoch 79: val_loss did not improve from 0.00016
Saving and plotting the results...

Epoch 61: val_loss improved from 0.00016 to 0.00016, saving model to /p/project1/cesmtst/patakchiyousefi1/HPT/mse_64_0.01_1e-17_0.5_4_4_16_0.5_128_0.0_unet-m_day10.h5

Epoch 35: val_loss did not improve from 0.00016

Epoch 39: val_loss did not improve from 0.00016

Epoch 62: val_loss improved from 0.00016 to 0.00016, saving model to /p/project1/cesmtst/patakchiyousefi1/HPT/mse_64_0.01_1e-17_0.5_4_4_16_0.5_128_0.0_unet-m_day10.h5

Epoch 43: val_loss did not improve from 0.00016

Epoch 63: val_loss improved from 0.00016 to 0.00016, saving model to /p/project1/cesmtst/patakchiyousefi1/HPT/mse_64_0.01_1e-17_0.5_4_4_16_0.5_128_0.0_unet-m_day10.h5

Epoch 36: val_loss did not improve from 0.00016

Epoch 20: val_loss did not improve from 0.00016

Epoch 40: val_loss did not improve from 0.00016

Epoch 64: val_loss improved from 0.00016 to 0.00016, saving model to /p/project1/cesmtst/patakchiyousefi1/HPT/mse_64_0.01_1e-17_0.5_4_4_16_0.5_128_0.0_unet-m_day10.h5

Epoch 23: val_loss did not improve from 0.00016

Epoch 41: val_loss did not improve from 0.00016

Epoch 65: val_loss did not improve from 0.00016

Epoch 37: val_loss did not improve from 0.00016
Saving and plotting the results...

Epoch 66: val_loss improved from 0.00016 to 0.00016, saving model to /p/project1/cesmtst/patakchiyousefi1/HPT/mse_64_0.01_1e-17_0.5_4_4_16_0.5_128_0.0_unet-m_day10.h5

Epoch 44: val_loss did not improve from 0.00016

Epoch 21: val_loss did not improve from 0.00016

Epoch 42: val_loss did not improve from 0.00016

Epoch 67: val_loss improved from 0.00016 to 0.00016, saving model to /p/project1/cesmtst/patakchiyousefi1/HPT/mse_64_0.01_1e-17_0.5_4_4_16_0.5_128_0.0_unet-m_day10.h5

Epoch 24: val_loss did not improve from 0.00016

Epoch 68: val_loss did not improve from 0.00016

Epoch 43: val_loss improved from 0.00016 to 0.00016, saving model to /p/project1/cesmtst/patakchiyousefi1/HPT/mse_64_0.001_1e-17_0.5_4_2_16_0.5_128_0.0_unet-m_day10.h5

Epoch 69: val_loss improved from 0.00016 to 0.00016, saving model to /p/project1/cesmtst/patakchiyousefi1/HPT/mse_64_0.01_1e-17_0.5_4_4_16_0.5_128_0.0_unet-m_day10.h5

Epoch 45: val_loss did not improve from 0.00016

Epoch 22: val_loss did not improve from 0.00016

Epoch 70: val_loss improved from 0.00016 to 0.00016, saving model to /p/project1/cesmtst/patakchiyousefi1/HPT/mse_64_0.01_1e-17_0.5_4_4_16_0.5_128_0.0_unet-m_day10.h5

Epoch 44: val_loss did not improve from 0.00016

Epoch 25: val_loss did not improve from 0.00016

Epoch 71: val_loss improved from 0.00016 to 0.00016, saving model to /p/project1/cesmtst/patakchiyousefi1/HPT/mse_64_0.01_1e-17_0.5_4_4_16_0.5_128_0.0_unet-m_day10.h5

Epoch 72: val_loss did not improve from 0.00016

Epoch 45: val_loss did not improve from 0.00016

Epoch 46: val_loss did not improve from 0.00016

Epoch 73: val_loss did not improve from 0.00016

Epoch 23: val_loss did not improve from 0.00016

Epoch 46: val_loss did not improve from 0.00016

Epoch 74: val_loss improved from 0.00016 to 0.00016, saving model to /p/project1/cesmtst/patakchiyousefi1/HPT/mse_64_0.01_1e-17_0.5_4_4_16_0.5_128_0.0_unet-m_day10.h5

Epoch 26: val_loss did not improve from 0.00016

Epoch 75: val_loss improved from 0.00016 to 0.00016, saving model to /p/project1/cesmtst/patakchiyousefi1/HPT/mse_64_0.01_1e-17_0.5_4_4_16_0.5_128_0.0_unet-m_day10.h5

Epoch 76: val_loss improved from 0.00016 to 0.00016, saving model to /p/project1/cesmtst/patakchiyousefi1/HPT/mse_64_0.01_1e-17_0.5_4_4_16_0.5_128_0.0_unet-m_day10.h5

Epoch 47: val_loss did not improve from 0.00016

Epoch 47: val_loss did not improve from 0.00016

Epoch 24: val_loss did not improve from 0.00016

Epoch 77: val_loss improved from 0.00016 to 0.00016, saving model to /p/project1/cesmtst/patakchiyousefi1/HPT/mse_64_0.01_1e-17_0.5_4_4_16_0.5_128_0.0_unet-m_day10.h5

Epoch 27: val_loss did not improve from 0.00016

Epoch 48: val_loss improved from 0.00016 to 0.00016, saving model to /p/project1/cesmtst/patakchiyousefi1/HPT/mse_64_0.001_1e-17_0.5_4_2_16_0.5_128_0.0_unet-m_day10.h5

Epoch 78: val_loss did not improve from 0.00016

Epoch 79: val_loss improved from 0.00016 to 0.00016, saving model to /p/project1/cesmtst/patakchiyousefi1/HPT/mse_64_0.01_1e-17_0.5_4_4_16_0.5_128_0.0_unet-m_day10.h5

Epoch 48: val_loss did not improve from 0.00016

Epoch 49: val_loss did not improve from 0.00016

Epoch 25: val_loss did not improve from 0.00016

Epoch 80: val_loss improved from 0.00016 to 0.00016, saving model to /p/project1/cesmtst/patakchiyousefi1/HPT/mse_64_0.01_1e-17_0.5_4_4_16_0.5_128_0.0_unet-m_day10.h5

Epoch 28: val_loss did not improve from 0.00016
Saving and plotting the results...

Epoch 81: val_loss improved from 0.00016 to 0.00016, saving model to /p/project1/cesmtst/patakchiyousefi1/HPT/mse_64_0.01_1e-17_0.5_4_4_16_0.5_128_0.0_unet-m_day10.h5

Epoch 50: val_loss did not improve from 0.00016

Epoch 82: val_loss improved from 0.00016 to 0.00016, saving model to /p/project1/cesmtst/patakchiyousefi1/HPT/mse_64_0.01_1e-17_0.5_4_4_16_0.5_128_0.0_unet-m_day10.h5

Epoch 49: val_loss did not improve from 0.00016

Epoch 83: val_loss improved from 0.00016 to 0.00016, saving model to /p/project1/cesmtst/patakchiyousefi1/HPT/mse_64_0.01_1e-17_0.5_4_4_16_0.5_128_0.0_unet-m_day10.h5

Epoch 26: val_loss did not improve from 0.00016

Epoch 51: val_loss did not improve from 0.00016

Epoch 84: val_loss improved from 0.00016 to 0.00016, saving model to /p/project1/cesmtst/patakchiyousefi1/HPT/mse_64_0.01_1e-17_0.5_4_4_16_0.5_128_0.0_unet-m_day10.h5

Epoch 85: val_loss improved from 0.00016 to 0.00016, saving model to /p/project1/cesmtst/patakchiyousefi1/HPT/mse_64_0.01_1e-17_0.5_4_4_16_0.5_128_0.0_unet-m_day10.h5

Epoch 52: val_loss improved from 0.00016 to 0.00016, saving model to /p/project1/cesmtst/patakchiyousefi1/HPT/mse_64_0.001_1e-17_0.5_4_2_16_0.5_128_0.0_unet-m_day10.h5

Epoch 86: val_loss did not improve from 0.00016

Epoch 50: val_loss did not improve from 0.00016

Epoch 27: val_loss did not improve from 0.00016

Epoch 53: val_loss did not improve from 0.00016

Epoch 87: val_loss improved from 0.00016 to 0.00016, saving model to /p/project1/cesmtst/patakchiyousefi1/HPT/mse_64_0.01_1e-17_0.5_4_4_16_0.5_128_0.0_unet-m_day10.h5

Epoch 88: val_loss improved from 0.00016 to 0.00016, saving model to /p/project1/cesmtst/patakchiyousefi1/HPT/mse_64_0.01_1e-17_0.5_4_4_16_0.5_128_0.0_unet-m_day10.h5

Epoch 54: val_loss did not improve from 0.00016

Epoch 89: val_loss did not improve from 0.00016

Epoch 51: val_loss did not improve from 0.00016

Epoch 90: val_loss improved from 0.00016 to 0.00016, saving model to /p/project1/cesmtst/patakchiyousefi1/HPT/mse_64_0.01_1e-17_0.5_4_4_16_0.5_128_0.0_unet-m_day10.h5

Epoch 28: val_loss did not improve from 0.00016

Epoch 55: val_loss did not improve from 0.00016

Epoch 91: val_loss improved from 0.00016 to 0.00016, saving model to /p/project1/cesmtst/patakchiyousefi1/HPT/mse_64_0.01_1e-17_0.5_4_4_16_0.5_128_0.0_unet-m_day10.h5

Epoch 92: val_loss improved from 0.00016 to 0.00016, saving model to /p/project1/cesmtst/patakchiyousefi1/HPT/mse_64_0.01_1e-17_0.5_4_4_16_0.5_128_0.0_unet-m_day10.h5

Epoch 56: val_loss did not improve from 0.00016

Epoch 52: val_loss improved from 0.00016 to 0.00016, saving model to /p/project1/cesmtst/patakchiyousefi1/HPT/mse_64_1e-05_1e-17_0.5_4_1_16_0.5_128_0.0_unet-m_day10.h5

Epoch 93: val_loss did not improve from 0.00016

Epoch 29: val_loss did not improve from 0.00016

Epoch 94: val_loss did not improve from 0.00016

Epoch 57: val_loss improved from 0.00016 to 0.00016, saving model to /p/project1/cesmtst/patakchiyousefi1/HPT/mse_64_0.001_1e-17_0.5_4_2_16_0.5_128_0.0_unet-m_day10.h5

Epoch 95: val_loss did not improve from 0.00016

Epoch 58: val_loss improved from 0.00016 to 0.00016, saving model to /p/project1/cesmtst/patakchiyousefi1/HPT/mse_64_0.001_1e-17_0.5_4_2_16_0.5_128_0.0_unet-m_day10.h5

Epoch 96: val_loss improved from 0.00016 to 0.00016, saving model to /p/project1/cesmtst/patakchiyousefi1/HPT/mse_64_0.01_1e-17_0.5_4_4_16_0.5_128_0.0_unet-m_day10.h5

Epoch 53: val_loss did not improve from 0.00016

Epoch 30: val_loss did not improve from 0.00016
Saving and plotting the results...

Epoch 97: val_loss improved from 0.00016 to 0.00016, saving model to /p/project1/cesmtst/patakchiyousefi1/HPT/mse_64_0.01_1e-17_0.5_4_4_16_0.5_128_0.0_unet-m_day10.h5

Epoch 59: val_loss improved from 0.00016 to 0.00016, saving model to /p/project1/cesmtst/patakchiyousefi1/HPT/mse_64_0.001_1e-17_0.5_4_2_16_0.5_128_0.0_unet-m_day10.h5

Epoch 98: val_loss improved from 0.00016 to 0.00016, saving model to /p/project1/cesmtst/patakchiyousefi1/HPT/mse_64_0.01_1e-17_0.5_4_4_16_0.5_128_0.0_unet-m_day10.h5

Epoch 99: val_loss improved from 0.00016 to 0.00016, saving model to /p/project1/cesmtst/patakchiyousefi1/HPT/mse_64_0.01_1e-17_0.5_4_4_16_0.5_128_0.0_unet-m_day10.h5

Epoch 60: val_loss improved from 0.00016 to 0.00016, saving model to /p/project1/cesmtst/patakchiyousefi1/HPT/mse_64_0.001_1e-17_0.5_4_2_16_0.5_128_0.0_unet-m_day10.h5

Epoch 54: val_loss did not improve from 0.00016

Epoch 100: val_loss improved from 0.00016 to 0.00016, saving model to /p/project1/cesmtst/patakchiyousefi1/HPT/mse_64_0.01_1e-17_0.5_4_4_16_0.5_128_0.0_unet-m_day10.h5

Epoch 101: val_loss improved from 0.00016 to 0.00016, saving model to /p/project1/cesmtst/patakchiyousefi1/HPT/mse_64_0.01_1e-17_0.5_4_4_16_0.5_128_0.0_unet-m_day10.h5

Epoch 61: val_loss did not improve from 0.00016

Epoch 102: val_loss improved from 0.00016 to 0.00016, saving model to /p/project1/cesmtst/patakchiyousefi1/HPT/mse_64_0.01_1e-17_0.5_4_4_16_0.5_128_0.0_unet-m_day10.h5

Epoch 103: val_loss did not improve from 0.00016

Epoch 62: val_loss improved from 0.00016 to 0.00016, saving model to /p/project1/cesmtst/patakchiyousefi1/HPT/mse_64_0.001_1e-17_0.5_4_2_16_0.5_128_0.0_unet-m_day10.h5

Epoch 55: val_loss did not improve from 0.00016

Epoch 104: val_loss did not improve from 0.00016

Epoch 63: val_loss did not improve from 0.00016

Epoch 105: val_loss improved from 0.00016 to 0.00016, saving model to /p/project1/cesmtst/patakchiyousefi1/HPT/mse_64_0.01_1e-17_0.5_4_4_16_0.5_128_0.0_unet-m_day10.h5

Epoch 106: val_loss improved from 0.00016 to 0.00016, saving model to /p/project1/cesmtst/patakchiyousefi1/HPT/mse_64_0.01_1e-17_0.5_4_4_16_0.5_128_0.0_unet-m_day10.h5

Epoch 64: val_loss did not improve from 0.00016

Epoch 56: val_loss did not improve from 0.00016

Epoch 107: val_loss improved from 0.00016 to 0.00016, saving model to /p/project1/cesmtst/patakchiyousefi1/HPT/mse_64_0.01_1e-17_0.5_4_4_16_0.5_128_0.0_unet-m_day10.h5

Epoch 108: val_loss did not improve from 0.00016

Epoch 65: val_loss did not improve from 0.00016

Epoch 109: val_loss improved from 0.00016 to 0.00016, saving model to /p/project1/cesmtst/patakchiyousefi1/HPT/mse_64_0.01_1e-17_0.5_4_4_16_0.5_128_0.0_unet-m_day10.h5

Epoch 110: val_loss did not improve from 0.00016

Epoch 57: val_loss did not improve from 0.00016

Epoch 66: val_loss did not improve from 0.00016

Epoch 111: val_loss improved from 0.00016 to 0.00016, saving model to /p/project1/cesmtst/patakchiyousefi1/HPT/mse_64_0.01_1e-17_0.5_4_4_16_0.5_128_0.0_unet-m_day10.h5

Epoch 67: val_loss improved from 0.00016 to 0.00016, saving model to /p/project1/cesmtst/patakchiyousefi1/HPT/mse_64_0.001_1e-17_0.5_4_2_16_0.5_128_0.0_unet-m_day10.h5

Epoch 112: val_loss did not improve from 0.00016

Epoch 113: val_loss improved from 0.00016 to 0.00016, saving model to /p/project1/cesmtst/patakchiyousefi1/HPT/mse_64_0.01_1e-17_0.5_4_4_16_0.5_128_0.0_unet-m_day10.h5

Epoch 58: val_loss did not improve from 0.00016

Epoch 68: val_loss improved from 0.00016 to 0.00016, saving model to /p/project1/cesmtst/patakchiyousefi1/HPT/mse_64_0.001_1e-17_0.5_4_2_16_0.5_128_0.0_unet-m_day10.h5

Epoch 114: val_loss improved from 0.00016 to 0.00016, saving model to /p/project1/cesmtst/patakchiyousefi1/HPT/mse_64_0.01_1e-17_0.5_4_4_16_0.5_128_0.0_unet-m_day10.h5

Epoch 115: val_loss did not improve from 0.00016

Epoch 69: val_loss improved from 0.00016 to 0.00016, saving model to /p/project1/cesmtst/patakchiyousefi1/HPT/mse_64_0.001_1e-17_0.5_4_2_16_0.5_128_0.0_unet-m_day10.h5

Epoch 116: val_loss improved from 0.00016 to 0.00016, saving model to /p/project1/cesmtst/patakchiyousefi1/HPT/mse_64_0.01_1e-17_0.5_4_4_16_0.5_128_0.0_unet-m_day10.h5

Epoch 59: val_loss did not improve from 0.00016

Epoch 117: val_loss improved from 0.00016 to 0.00016, saving model to /p/project1/cesmtst/patakchiyousefi1/HPT/mse_64_0.01_1e-17_0.5_4_4_16_0.5_128_0.0_unet-m_day10.h5

Epoch 70: val_loss improved from 0.00016 to 0.00016, saving model to /p/project1/cesmtst/patakchiyousefi1/HPT/mse_64_0.001_1e-17_0.5_4_2_16_0.5_128_0.0_unet-m_day10.h5

Epoch 118: val_loss improved from 0.00016 to 0.00016, saving model to /p/project1/cesmtst/patakchiyousefi1/HPT/mse_64_0.01_1e-17_0.5_4_4_16_0.5_128_0.0_unet-m_day10.h5

Epoch 119: val_loss did not improve from 0.00016

Epoch 71: val_loss did not improve from 0.00016

Epoch 120: val_loss did not improve from 0.00016

Epoch 60: val_loss did not improve from 0.00016

Epoch 121: val_loss improved from 0.00016 to 0.00016, saving model to /p/project1/cesmtst/patakchiyousefi1/HPT/mse_64_0.01_1e-17_0.5_4_4_16_0.5_128_0.0_unet-m_day10.h5

Epoch 72: val_loss did not improve from 0.00016

Epoch 122: val_loss improved from 0.00016 to 0.00016, saving model to /p/project1/cesmtst/patakchiyousefi1/HPT/mse_64_0.01_1e-17_0.5_4_4_16_0.5_128_0.0_unet-m_day10.h5

Epoch 73: val_loss did not improve from 0.00016

Epoch 123: val_loss improved from 0.00016 to 0.00016, saving model to /p/project1/cesmtst/patakchiyousefi1/HPT/mse_64_0.01_1e-17_0.5_4_4_16_0.5_128_0.0_unet-m_day10.h5

Epoch 61: val_loss did not improve from 0.00016

Epoch 124: val_loss did not improve from 0.00016

Epoch 74: val_loss did not improve from 0.00016

Epoch 125: val_loss improved from 0.00016 to 0.00016, saving model to /p/project1/cesmtst/patakchiyousefi1/HPT/mse_64_0.01_1e-17_0.5_4_4_16_0.5_128_0.0_unet-m_day10.h5

Epoch 126: val_loss did not improve from 0.00016

Epoch 75: val_loss improved from 0.00016 to 0.00016, saving model to /p/project1/cesmtst/patakchiyousefi1/HPT/mse_64_0.001_1e-17_0.5_4_2_16_0.5_128_0.0_unet-m_day10.h5

Epoch 62: val_loss did not improve from 0.00016

Epoch 127: val_loss did not improve from 0.00016

Epoch 128: val_loss improved from 0.00016 to 0.00016, saving model to /p/project1/cesmtst/patakchiyousefi1/HPT/mse_64_0.01_1e-17_0.5_4_4_16_0.5_128_0.0_unet-m_day10.h5
Saving and plotting the results...

Epoch 76: val_loss improved from 0.00016 to 0.00016, saving model to /p/project1/cesmtst/patakchiyousefi1/HPT/mse_64_0.001_1e-17_0.5_4_2_16_0.5_128_0.0_unet-m_day10.h5

Epoch 77: val_loss improved from 0.00016 to 0.00016, saving model to /p/project1/cesmtst/patakchiyousefi1/HPT/mse_64_0.001_1e-17_0.5_4_2_16_0.5_128_0.0_unet-m_day10.h5

Epoch 63: val_loss did not improve from 0.00016

Epoch 78: val_loss did not improve from 0.00016

Epoch 64: val_loss did not improve from 0.00016

Epoch 79: val_loss did not improve from 0.00016

Epoch 80: val_loss improved from 0.00016 to 0.00016, saving model to /p/project1/cesmtst/patakchiyousefi1/HPT/mse_64_0.001_1e-17_0.5_4_2_16_0.5_128_0.0_unet-m_day10.h5

Epoch 65: val_loss did not improve from 0.00016

Epoch 81: val_loss did not improve from 0.00016

Epoch 82: val_loss did not improve from 0.00016

Epoch 66: val_loss did not improve from 0.00016

Epoch 83: val_loss did not improve from 0.00016

Epoch 84: val_loss did not improve from 0.00016

Epoch 67: val_loss did not improve from 0.00016

Epoch 85: val_loss did not improve from 0.00016

Epoch 86: val_loss improved from 0.00016 to 0.00016, saving model to /p/project1/cesmtst/patakchiyousefi1/HPT/mse_64_0.001_1e-17_0.5_4_2_16_0.5_128_0.0_unet-m_day10.h5

Epoch 68: val_loss did not improve from 0.00016
Saving and plotting the results...

Epoch 87: val_loss improved from 0.00016 to 0.00016, saving model to /p/project1/cesmtst/patakchiyousefi1/HPT/mse_64_0.001_1e-17_0.5_4_2_16_0.5_128_0.0_unet-m_day10.h5

Epoch 88: val_loss improved from 0.00016 to 0.00016, saving model to /p/project1/cesmtst/patakchiyousefi1/HPT/mse_64_0.001_1e-17_0.5_4_2_16_0.5_128_0.0_unet-m_day10.h5

Epoch 89: val_loss improved from 0.00016 to 0.00016, saving model to /p/project1/cesmtst/patakchiyousefi1/HPT/mse_64_0.001_1e-17_0.5_4_2_16_0.5_128_0.0_unet-m_day10.h5

Epoch 90: val_loss did not improve from 0.00016

Epoch 91: val_loss did not improve from 0.00016

Epoch 92: val_loss did not improve from 0.00016

Epoch 93: val_loss did not improve from 0.00016

Epoch 94: val_loss did not improve from 0.00016

Epoch 95: val_loss did not improve from 0.00016

Epoch 96: val_loss improved from 0.00016 to 0.00016, saving model to /p/project1/cesmtst/patakchiyousefi1/HPT/mse_64_0.001_1e-17_0.5_4_2_16_0.5_128_0.0_unet-m_day10.h5

Epoch 97: val_loss did not improve from 0.00016

Epoch 98: val_loss did not improve from 0.00016

Epoch 99: val_loss did not improve from 0.00016

Epoch 100: val_loss did not improve from 0.00016

Epoch 101: val_loss did not improve from 0.00016

Epoch 102: val_loss did not improve from 0.00016

Epoch 103: val_loss did not improve from 0.00016

Epoch 104: val_loss did not improve from 0.00016

Epoch 105: val_loss did not improve from 0.00016

Epoch 106: val_loss did not improve from 0.00016

Epoch 107: val_loss did not improve from 0.00016

Epoch 108: val_loss did not improve from 0.00016

Epoch 109: val_loss improved from 0.00016 to 0.00016, saving model to /p/project1/cesmtst/patakchiyousefi1/HPT/mse_64_0.001_1e-17_0.5_4_2_16_0.5_128_0.0_unet-m_day10.h5

Epoch 110: val_loss improved from 0.00016 to 0.00016, saving model to /p/project1/cesmtst/patakchiyousefi1/HPT/mse_64_0.001_1e-17_0.5_4_2_16_0.5_128_0.0_unet-m_day10.h5

Epoch 111: val_loss improved from 0.00016 to 0.00016, saving model to /p/project1/cesmtst/patakchiyousefi1/HPT/mse_64_0.001_1e-17_0.5_4_2_16_0.5_128_0.0_unet-m_day10.h5

Epoch 112: val_loss improved from 0.00016 to 0.00016, saving model to /p/project1/cesmtst/patakchiyousefi1/HPT/mse_64_0.001_1e-17_0.5_4_2_16_0.5_128_0.0_unet-m_day10.h5

Epoch 113: val_loss improved from 0.00016 to 0.00016, saving model to /p/project1/cesmtst/patakchiyousefi1/HPT/mse_64_0.001_1e-17_0.5_4_2_16_0.5_128_0.0_unet-m_day10.h5

Epoch 114: val_loss improved from 0.00016 to 0.00016, saving model to /p/project1/cesmtst/patakchiyousefi1/HPT/mse_64_0.001_1e-17_0.5_4_2_16_0.5_128_0.0_unet-m_day10.h5

Epoch 115: val_loss improved from 0.00016 to 0.00016, saving model to /p/project1/cesmtst/patakchiyousefi1/HPT/mse_64_0.001_1e-17_0.5_4_2_16_0.5_128_0.0_unet-m_day10.h5

Epoch 116: val_loss improved from 0.00016 to 0.00016, saving model to /p/project1/cesmtst/patakchiyousefi1/HPT/mse_64_0.001_1e-17_0.5_4_2_16_0.5_128_0.0_unet-m_day10.h5

Epoch 117: val_loss improved from 0.00016 to 0.00016, saving model to /p/project1/cesmtst/patakchiyousefi1/HPT/mse_64_0.001_1e-17_0.5_4_2_16_0.5_128_0.0_unet-m_day10.h5

Epoch 118: val_loss improved from 0.00016 to 0.00016, saving model to /p/project1/cesmtst/patakchiyousefi1/HPT/mse_64_0.001_1e-17_0.5_4_2_16_0.5_128_0.0_unet-m_day10.h5

Epoch 119: val_loss improved from 0.00016 to 0.00016, saving model to /p/project1/cesmtst/patakchiyousefi1/HPT/mse_64_0.001_1e-17_0.5_4_2_16_0.5_128_0.0_unet-m_day10.h5

Epoch 120: val_loss improved from 0.00016 to 0.00016, saving model to /p/project1/cesmtst/patakchiyousefi1/HPT/mse_64_0.001_1e-17_0.5_4_2_16_0.5_128_0.0_unet-m_day10.h5

Epoch 121: val_loss improved from 0.00016 to 0.00016, saving model to /p/project1/cesmtst/patakchiyousefi1/HPT/mse_64_0.001_1e-17_0.5_4_2_16_0.5_128_0.0_unet-m_day10.h5

Epoch 122: val_loss improved from 0.00016 to 0.00016, saving model to /p/project1/cesmtst/patakchiyousefi1/HPT/mse_64_0.001_1e-17_0.5_4_2_16_0.5_128_0.0_unet-m_day10.h5

Epoch 123: val_loss improved from 0.00016 to 0.00016, saving model to /p/project1/cesmtst/patakchiyousefi1/HPT/mse_64_0.001_1e-17_0.5_4_2_16_0.5_128_0.0_unet-m_day10.h5

Epoch 124: val_loss improved from 0.00016 to 0.00016, saving model to /p/project1/cesmtst/patakchiyousefi1/HPT/mse_64_0.001_1e-17_0.5_4_2_16_0.5_128_0.0_unet-m_day10.h5

Epoch 125: val_loss improved from 0.00016 to 0.00016, saving model to /p/project1/cesmtst/patakchiyousefi1/HPT/mse_64_0.001_1e-17_0.5_4_2_16_0.5_128_0.0_unet-m_day10.h5

Epoch 126: val_loss improved from 0.00016 to 0.00016, saving model to /p/project1/cesmtst/patakchiyousefi1/HPT/mse_64_0.001_1e-17_0.5_4_2_16_0.5_128_0.0_unet-m_day10.h5

Epoch 127: val_loss did not improve from 0.00016

Epoch 128: val_loss improved from 0.00016 to 0.00016, saving model to /p/project1/cesmtst/patakchiyousefi1/HPT/mse_64_0.001_1e-17_0.5_4_2_16_0.5_128_0.0_unet-m_day10.h5
Saving and plotting the results...
Time limit for unet-m, leadtime 10: 04:00:00
Run time for unet-m with leadtime 10:  hours,  minutes,  seconds
