All necessary directories have been created or already exist.
No lead day provided. Using default hyperparameters - LR: 0.0001, BS: 32, DROPOUT: 0.0, UNET_TYPE: unet-l
Running DL_TRAIN.py for day09 with dropout=0, lr=0.00001, bs=1, unet_type=unet-att-l ...
Running DL_TRAIN.py for day09 with dropout=0, lr=0.00001, bs=2, unet_type=unet-att-l ...
Running DL_TRAIN.py for day09 with dropout=0, lr=0.00001, bs=4, unet_type=unet-att-l ...
Running DL_TRAIN.py for day09 with dropout=0, lr=0.00001, bs=8, unet_type=unet-att-l ...
Running DL_TRAIN.py for day09 with dropout=0, lr=0.0001, bs=1, unet_type=unet-att-l ...
Running DL_TRAIN.py for day09 with dropout=0, lr=0.0001, bs=2, unet_type=unet-att-l ...
Running DL_TRAIN.py for day09 with dropout=0, lr=0.0001, bs=4, unet_type=unet-att-l ...
Running DL_TRAIN.py for day09 with dropout=0, lr=0.0001, bs=8, unet_type=unet-att-l ...
Running DL_TRAIN.py for day09 with dropout=0, lr=0.001, bs=1, unet_type=unet-att-l ...
Running DL_TRAIN.py for day09 with dropout=0, lr=0.001, bs=2, unet_type=unet-att-l ...
Running DL_TRAIN.py for day09 with dropout=0, lr=0.001, bs=4, unet_type=unet-att-l ...
Running DL_TRAIN.py for day09 with dropout=0, lr=0.001, bs=8, unet_type=unet-att-l ...
Running DL_TRAIN.py for day09 with dropout=0, lr=0.01, bs=1, unet_type=unet-att-l ...
Running DL_TRAIN.py for day09 with dropout=0, lr=0.01, bs=2, unet_type=unet-att-l ...
Running DL_TRAIN.py for day09 with dropout=0, lr=0.01, bs=4, unet_type=unet-att-l ...
Running DL_TRAIN.py for day09 with dropout=0, lr=0.01, bs=8, unet_type=unet-att-l ...
train_data_hourly_pr_['ADAPTER_DE05.day09.merged.nc']_['ADAPTER_DE05.day01.merged.nc']_MM_6__spatiotemporal_128.256_2018-01-01T13_2022-12-31T23_no_na_land
Loading training data...
Data loaded!
mse_64_1e-05_1e-17_0.5_4_8_16_0.5_128_0.0_unet-att-l_day09
Training the model...

Epoch 1: val_loss improved from inf to 0.00212, saving model to /p/project1/cesmtst/patakchiyousefi1/HPT/mse_64_1e-05_1e-17_0.5_4_8_16_0.5_128_0.0_unet-att-l_day09.h5
train_data_hourly_pr_['ADAPTER_DE05.day09.merged.nc']_['ADAPTER_DE05.day01.merged.nc']_MM_6__spatiotemporal_128.256_2018-01-01T13_2022-12-31T23_no_na_land
Loading training data...
Data loaded!
mse_64_1e-05_1e-17_0.5_4_4_16_0.5_128_0.0_unet-att-l_day09
Training the model...

Epoch 1: val_loss improved from inf to 0.00948, saving model to /p/project1/cesmtst/patakchiyousefi1/HPT/mse_64_1e-05_1e-17_0.5_4_4_16_0.5_128_0.0_unet-att-l_day09.h5
train_data_hourly_pr_['ADAPTER_DE05.day09.merged.nc']_['ADAPTER_DE05.day01.merged.nc']_MM_6__spatiotemporal_128.256_2018-01-01T13_2022-12-31T23_no_na_land
Loading training data...
Data loaded!
mse_64_0.0001_1e-17_0.5_4_8_16_0.5_128_0.0_unet-att-l_day09
Training the model...

Epoch 1: val_loss improved from inf to 0.00040, saving model to /p/project1/cesmtst/patakchiyousefi1/HPT/mse_64_0.0001_1e-17_0.5_4_8_16_0.5_128_0.0_unet-att-l_day09.h5
train_data_hourly_pr_['ADAPTER_DE05.day09.merged.nc']_['ADAPTER_DE05.day01.merged.nc']_MM_6__spatiotemporal_128.256_2018-01-01T13_2022-12-31T23_no_na_land
Loading training data...
Data loaded!
mse_64_0.0001_1e-17_0.5_4_4_16_0.5_128_0.0_unet-att-l_day09
Training the model...

Epoch 1: val_loss improved from inf to 0.00137, saving model to /p/project1/cesmtst/patakchiyousefi1/HPT/mse_64_0.0001_1e-17_0.5_4_4_16_0.5_128_0.0_unet-att-l_day09.h5
train_data_hourly_pr_['ADAPTER_DE05.day09.merged.nc']_['ADAPTER_DE05.day01.merged.nc']_MM_6__spatiotemporal_128.256_2018-01-01T13_2022-12-31T23_no_na_land
Loading training data...
Data loaded!
mse_64_1e-05_1e-17_0.5_4_2_16_0.5_128_0.0_unet-att-l_day09
Training the model...

Epoch 1: val_loss improved from inf to 0.01903, saving model to /p/project1/cesmtst/patakchiyousefi1/HPT/mse_64_1e-05_1e-17_0.5_4_2_16_0.5_128_0.0_unet-att-l_day09.h5

Epoch 2: val_loss did not improve from 0.00040

Epoch 2: val_loss improved from 0.00948 to 0.00534, saving model to /p/project1/cesmtst/patakchiyousefi1/HPT/mse_64_1e-05_1e-17_0.5_4_4_16_0.5_128_0.0_unet-att-l_day09.h5
train_data_hourly_pr_['ADAPTER_DE05.day09.merged.nc']_['ADAPTER_DE05.day01.merged.nc']_MM_6__spatiotemporal_128.256_2018-01-01T13_2022-12-31T23_no_na_land
Loading training data...
Data loaded!
mse_64_0.0001_1e-17_0.5_4_2_16_0.5_128_0.0_unet-att-l_day09
Training the model...

Epoch 1: val_loss improved from inf to 0.00645, saving model to /p/project1/cesmtst/patakchiyousefi1/HPT/mse_64_0.0001_1e-17_0.5_4_2_16_0.5_128_0.0_unet-att-l_day09.h5

Epoch 3: val_loss did not improve from 0.00040

Epoch 2: val_loss did not improve from 0.00212

Epoch 2: val_loss improved from 0.00137 to 0.00103, saving model to /p/project1/cesmtst/patakchiyousefi1/HPT/mse_64_0.0001_1e-17_0.5_4_4_16_0.5_128_0.0_unet-att-l_day09.h5

Epoch 4: val_loss did not improve from 0.00040

Epoch 3: val_loss did not improve from 0.00212
train_data_hourly_pr_['ADAPTER_DE05.day09.merged.nc']_['ADAPTER_DE05.day01.merged.nc']_MM_6__spatiotemporal_128.256_2018-01-01T13_2022-12-31T23_no_na_land
Loading training data...
Data loaded!
mse_64_1e-05_1e-17_0.5_4_1_16_0.5_128_0.0_unet-att-l_day09
Training the model...

Epoch 1: val_loss improved from inf to 0.00800, saving model to /p/project1/cesmtst/patakchiyousefi1/HPT/mse_64_1e-05_1e-17_0.5_4_1_16_0.5_128_0.0_unet-att-l_day09.h5

Epoch 3: val_loss improved from 0.00534 to 0.00351, saving model to /p/project1/cesmtst/patakchiyousefi1/HPT/mse_64_1e-05_1e-17_0.5_4_4_16_0.5_128_0.0_unet-att-l_day09.h5

Epoch 2: val_loss improved from 0.01903 to 0.01106, saving model to /p/project1/cesmtst/patakchiyousefi1/HPT/mse_64_1e-05_1e-17_0.5_4_2_16_0.5_128_0.0_unet-att-l_day09.h5
train_data_hourly_pr_['ADAPTER_DE05.day09.merged.nc']_['ADAPTER_DE05.day01.merged.nc']_MM_6__spatiotemporal_128.256_2018-01-01T13_2022-12-31T23_no_na_land
Loading training data...
Data loaded!
mse_64_0.0001_1e-17_0.5_4_1_16_0.5_128_0.0_unet-att-l_day09
Training the model...

Epoch 1: val_loss improved from inf to 0.00671, saving model to /p/project1/cesmtst/patakchiyousefi1/HPT/mse_64_0.0001_1e-17_0.5_4_1_16_0.5_128_0.0_unet-att-l_day09.h5

Epoch 3: val_loss did not improve from 0.00103

Epoch 4: val_loss improved from 0.00212 to 0.00210, saving model to /p/project1/cesmtst/patakchiyousefi1/HPT/mse_64_1e-05_1e-17_0.5_4_8_16_0.5_128_0.0_unet-att-l_day09.h5

Epoch 4: val_loss improved from 0.00351 to 0.00251, saving model to /p/project1/cesmtst/patakchiyousefi1/HPT/mse_64_1e-05_1e-17_0.5_4_4_16_0.5_128_0.0_unet-att-l_day09.h5

Epoch 5: val_loss did not improve from 0.00040

Epoch 4: val_loss did not improve from 0.00103

Epoch 6: val_loss did not improve from 0.00040

Epoch 5: val_loss improved from 0.00210 to 0.00181, saving model to /p/project1/cesmtst/patakchiyousefi1/HPT/mse_64_1e-05_1e-17_0.5_4_8_16_0.5_128_0.0_unet-att-l_day09.h5

Epoch 5: val_loss improved from 0.00251 to 0.00192, saving model to /p/project1/cesmtst/patakchiyousefi1/HPT/mse_64_1e-05_1e-17_0.5_4_4_16_0.5_128_0.0_unet-att-l_day09.h5

Epoch 3: val_loss improved from 0.01106 to 0.00842, saving model to /p/project1/cesmtst/patakchiyousefi1/HPT/mse_64_1e-05_1e-17_0.5_4_2_16_0.5_128_0.0_unet-att-l_day09.h5

Epoch 7: val_loss did not improve from 0.00040

Epoch 6: val_loss improved from 0.00181 to 0.00169, saving model to /p/project1/cesmtst/patakchiyousefi1/HPT/mse_64_1e-05_1e-17_0.5_4_8_16_0.5_128_0.0_unet-att-l_day09.h5

Epoch 2: val_loss improved from 0.00645 to 0.00111, saving model to /p/project1/cesmtst/patakchiyousefi1/HPT/mse_64_0.0001_1e-17_0.5_4_2_16_0.5_128_0.0_unet-att-l_day09.h5

Epoch 5: val_loss improved from 0.00103 to 0.00078, saving model to /p/project1/cesmtst/patakchiyousefi1/HPT/mse_64_0.0001_1e-17_0.5_4_4_16_0.5_128_0.0_unet-att-l_day09.h5

Epoch 8: val_loss did not improve from 0.00040

Epoch 7: val_loss improved from 0.00169 to 0.00149, saving model to /p/project1/cesmtst/patakchiyousefi1/HPT/mse_64_1e-05_1e-17_0.5_4_8_16_0.5_128_0.0_unet-att-l_day09.h5

Epoch 6: val_loss improved from 0.00192 to 0.00158, saving model to /p/project1/cesmtst/patakchiyousefi1/HPT/mse_64_1e-05_1e-17_0.5_4_4_16_0.5_128_0.0_unet-att-l_day09.h5

Epoch 2: val_loss improved from 0.00800 to 0.00346, saving model to /p/project1/cesmtst/patakchiyousefi1/HPT/mse_64_1e-05_1e-17_0.5_4_1_16_0.5_128_0.0_unet-att-l_day09.h5

Epoch 8: val_loss improved from 0.00149 to 0.00149, saving model to /p/project1/cesmtst/patakchiyousefi1/HPT/mse_64_1e-05_1e-17_0.5_4_8_16_0.5_128_0.0_unet-att-l_day09.h5

Epoch 6: val_loss improved from 0.00078 to 0.00046, saving model to /p/project1/cesmtst/patakchiyousefi1/HPT/mse_64_0.0001_1e-17_0.5_4_4_16_0.5_128_0.0_unet-att-l_day09.h5

Epoch 2: val_loss improved from 0.00671 to 0.00062, saving model to /p/project1/cesmtst/patakchiyousefi1/HPT/mse_64_0.0001_1e-17_0.5_4_1_16_0.5_128_0.0_unet-att-l_day09.h5

Epoch 4: val_loss improved from 0.00842 to 0.00690, saving model to /p/project1/cesmtst/patakchiyousefi1/HPT/mse_64_1e-05_1e-17_0.5_4_2_16_0.5_128_0.0_unet-att-l_day09.h5

Epoch 9: val_loss did not improve from 0.00040

Epoch 7: val_loss improved from 0.00158 to 0.00144, saving model to /p/project1/cesmtst/patakchiyousefi1/HPT/mse_64_1e-05_1e-17_0.5_4_4_16_0.5_128_0.0_unet-att-l_day09.h5

Epoch 9: val_loss improved from 0.00149 to 0.00147, saving model to /p/project1/cesmtst/patakchiyousefi1/HPT/mse_64_1e-05_1e-17_0.5_4_8_16_0.5_128_0.0_unet-att-l_day09.h5

Epoch 3: val_loss improved from 0.00111 to 0.00074, saving model to /p/project1/cesmtst/patakchiyousefi1/HPT/mse_64_0.0001_1e-17_0.5_4_2_16_0.5_128_0.0_unet-att-l_day09.h5

Epoch 7: val_loss improved from 0.00046 to 0.00030, saving model to /p/project1/cesmtst/patakchiyousefi1/HPT/mse_64_0.0001_1e-17_0.5_4_4_16_0.5_128_0.0_unet-att-l_day09.h5

Epoch 10: val_loss did not improve from 0.00040

Epoch 8: val_loss did not improve from 0.00144

Epoch 11: val_loss did not improve from 0.00040

Epoch 10: val_loss did not improve from 0.00147

Epoch 8: val_loss improved from 0.00030 to 0.00023, saving model to /p/project1/cesmtst/patakchiyousefi1/HPT/mse_64_0.0001_1e-17_0.5_4_4_16_0.5_128_0.0_unet-att-l_day09.h5

Epoch 12: val_loss did not improve from 0.00040

Epoch 11: val_loss did not improve from 0.00147

Epoch 4: val_loss improved from 0.00074 to 0.00037, saving model to /p/project1/cesmtst/patakchiyousefi1/HPT/mse_64_0.0001_1e-17_0.5_4_2_16_0.5_128_0.0_unet-att-l_day09.h5

Epoch 5: val_loss did not improve from 0.00690

Epoch 9: val_loss did not improve from 0.00144

Epoch 13: val_loss did not improve from 0.00040

Epoch 12: val_loss did not improve from 0.00147

Epoch 9: val_loss improved from 0.00023 to 0.00018, saving model to /p/project1/cesmtst/patakchiyousefi1/HPT/mse_64_0.0001_1e-17_0.5_4_4_16_0.5_128_0.0_unet-att-l_day09.h5

Epoch 3: val_loss improved from 0.00346 to 0.00287, saving model to /p/project1/cesmtst/patakchiyousefi1/HPT/mse_64_1e-05_1e-17_0.5_4_1_16_0.5_128_0.0_unet-att-l_day09.h5

Epoch 14: val_loss did not improve from 0.00040

Epoch 13: val_loss improved from 0.00147 to 0.00143, saving model to /p/project1/cesmtst/patakchiyousefi1/HPT/mse_64_1e-05_1e-17_0.5_4_8_16_0.5_128_0.0_unet-att-l_day09.h5

Epoch 10: val_loss did not improve from 0.00144

Epoch 3: val_loss improved from 0.00062 to 0.00020, saving model to /p/project1/cesmtst/patakchiyousefi1/HPT/mse_64_0.0001_1e-17_0.5_4_1_16_0.5_128_0.0_unet-att-l_day09.h5

Epoch 10: val_loss improved from 0.00018 to 0.00015, saving model to /p/project1/cesmtst/patakchiyousefi1/HPT/mse_64_0.0001_1e-17_0.5_4_4_16_0.5_128_0.0_unet-att-l_day09.h5

Epoch 15: val_loss did not improve from 0.00040

Epoch 14: val_loss improved from 0.00143 to 0.00140, saving model to /p/project1/cesmtst/patakchiyousefi1/HPT/mse_64_1e-05_1e-17_0.5_4_8_16_0.5_128_0.0_unet-att-l_day09.h5

Epoch 5: val_loss improved from 0.00037 to 0.00013, saving model to /p/project1/cesmtst/patakchiyousefi1/HPT/mse_64_0.0001_1e-17_0.5_4_2_16_0.5_128_0.0_unet-att-l_day09.h5

Epoch 11: val_loss did not improve from 0.00144

Epoch 6: val_loss improved from 0.00690 to 0.00348, saving model to /p/project1/cesmtst/patakchiyousefi1/HPT/mse_64_1e-05_1e-17_0.5_4_2_16_0.5_128_0.0_unet-att-l_day09.h5

Epoch 11: val_loss improved from 0.00015 to 0.00012, saving model to /p/project1/cesmtst/patakchiyousefi1/HPT/mse_64_0.0001_1e-17_0.5_4_4_16_0.5_128_0.0_unet-att-l_day09.h5

Epoch 16: val_loss did not improve from 0.00040

Epoch 15: val_loss improved from 0.00140 to 0.00127, saving model to /p/project1/cesmtst/patakchiyousefi1/HPT/mse_64_1e-05_1e-17_0.5_4_8_16_0.5_128_0.0_unet-att-l_day09.h5

Epoch 12: val_loss did not improve from 0.00144

Epoch 17: val_loss did not improve from 0.00040
Saving and plotting the results...

Epoch 6: val_loss improved from 0.00013 to 0.00011, saving model to /p/project1/cesmtst/patakchiyousefi1/HPT/mse_64_0.0001_1e-17_0.5_4_2_16_0.5_128_0.0_unet-att-l_day09.h5

Epoch 12: val_loss improved from 0.00012 to 0.00012, saving model to /p/project1/cesmtst/patakchiyousefi1/HPT/mse_64_0.0001_1e-17_0.5_4_4_16_0.5_128_0.0_unet-att-l_day09.h5

Epoch 16: val_loss did not improve from 0.00127

Epoch 4: val_loss improved from 0.00287 to 0.00099, saving model to /p/project1/cesmtst/patakchiyousefi1/HPT/mse_64_1e-05_1e-17_0.5_4_1_16_0.5_128_0.0_unet-att-l_day09.h5

Epoch 7: val_loss improved from 0.00348 to 0.00228, saving model to /p/project1/cesmtst/patakchiyousefi1/HPT/mse_64_1e-05_1e-17_0.5_4_2_16_0.5_128_0.0_unet-att-l_day09.h5

Epoch 13: val_loss did not improve from 0.00144

Epoch 4: val_loss did not improve from 0.00020

Epoch 13: val_loss improved from 0.00012 to 0.00011, saving model to /p/project1/cesmtst/patakchiyousefi1/HPT/mse_64_0.0001_1e-17_0.5_4_4_16_0.5_128_0.0_unet-att-l_day09.h5

Epoch 17: val_loss did not improve from 0.00127

Epoch 14: val_loss did not improve from 0.00144

Epoch 7: val_loss improved from 0.00011 to 0.00010, saving model to /p/project1/cesmtst/patakchiyousefi1/HPT/mse_64_0.0001_1e-17_0.5_4_2_16_0.5_128_0.0_unet-att-l_day09.h5

Epoch 18: val_loss did not improve from 0.00127

Epoch 14: val_loss improved from 0.00011 to 0.00010, saving model to /p/project1/cesmtst/patakchiyousefi1/HPT/mse_64_0.0001_1e-17_0.5_4_4_16_0.5_128_0.0_unet-att-l_day09.h5

Epoch 19: val_loss did not improve from 0.00127

Epoch 15: val_loss did not improve from 0.00144

Epoch 8: val_loss improved from 0.00228 to 0.00215, saving model to /p/project1/cesmtst/patakchiyousefi1/HPT/mse_64_1e-05_1e-17_0.5_4_2_16_0.5_128_0.0_unet-att-l_day09.h5
train_data_hourly_pr_['ADAPTER_DE05.day09.merged.nc']_['ADAPTER_DE05.day01.merged.nc']_MM_6__spatiotemporal_128.256_2018-01-01T13_2022-12-31T23_no_na_land
Loading training data...
Data loaded!
mse_64_0.001_1e-17_0.5_4_4_16_0.5_128_0.0_unet-att-l_day09
Training the model...

Epoch 1: val_loss improved from inf to 0.00017, saving model to /p/project1/cesmtst/patakchiyousefi1/HPT/mse_64_0.001_1e-17_0.5_4_4_16_0.5_128_0.0_unet-att-l_day09.h5

Epoch 15: val_loss improved from 0.00010 to 0.00010, saving model to /p/project1/cesmtst/patakchiyousefi1/HPT/mse_64_0.0001_1e-17_0.5_4_4_16_0.5_128_0.0_unet-att-l_day09.h5

Epoch 8: val_loss did not improve from 0.00010

Epoch 16: val_loss did not improve from 0.00144

Epoch 5: val_loss improved from 0.00099 to 0.00037, saving model to /p/project1/cesmtst/patakchiyousefi1/HPT/mse_64_1e-05_1e-17_0.5_4_1_16_0.5_128_0.0_unet-att-l_day09.h5

Epoch 20: val_loss did not improve from 0.00127

Epoch 2: val_loss improved from 0.00017 to 0.00014, saving model to /p/project1/cesmtst/patakchiyousefi1/HPT/mse_64_0.001_1e-17_0.5_4_4_16_0.5_128_0.0_unet-att-l_day09.h5

Epoch 16: val_loss improved from 0.00010 to 0.00010, saving model to /p/project1/cesmtst/patakchiyousefi1/HPT/mse_64_0.0001_1e-17_0.5_4_4_16_0.5_128_0.0_unet-att-l_day09.h5

Epoch 9: val_loss improved from 0.00215 to 0.00160, saving model to /p/project1/cesmtst/patakchiyousefi1/HPT/mse_64_1e-05_1e-17_0.5_4_2_16_0.5_128_0.0_unet-att-l_day09.h5

Epoch 17: val_loss did not improve from 0.00144

Epoch 5: val_loss did not improve from 0.00020

Epoch 21: val_loss did not improve from 0.00127

Epoch 3: val_loss did not improve from 0.00014

Epoch 17: val_loss improved from 0.00010 to 0.00009, saving model to /p/project1/cesmtst/patakchiyousefi1/HPT/mse_64_0.0001_1e-17_0.5_4_4_16_0.5_128_0.0_unet-att-l_day09.h5

Epoch 9: val_loss did not improve from 0.00010

Epoch 22: val_loss did not improve from 0.00127

Epoch 18: val_loss did not improve from 0.00144

Epoch 23: val_loss did not improve from 0.00127

Epoch 4: val_loss improved from 0.00014 to 0.00012, saving model to /p/project1/cesmtst/patakchiyousefi1/HPT/mse_64_0.001_1e-17_0.5_4_4_16_0.5_128_0.0_unet-att-l_day09.h5

Epoch 18: val_loss improved from 0.00009 to 0.00009, saving model to /p/project1/cesmtst/patakchiyousefi1/HPT/mse_64_0.0001_1e-17_0.5_4_4_16_0.5_128_0.0_unet-att-l_day09.h5

Epoch 10: val_loss improved from 0.00160 to 0.00100, saving model to /p/project1/cesmtst/patakchiyousefi1/HPT/mse_64_1e-05_1e-17_0.5_4_2_16_0.5_128_0.0_unet-att-l_day09.h5

Epoch 24: val_loss did not improve from 0.00127

Epoch 19: val_loss did not improve from 0.00144

Epoch 6: val_loss improved from 0.00037 to 0.00029, saving model to /p/project1/cesmtst/patakchiyousefi1/HPT/mse_64_1e-05_1e-17_0.5_4_1_16_0.5_128_0.0_unet-att-l_day09.h5

Epoch 5: val_loss improved from 0.00012 to 0.00011, saving model to /p/project1/cesmtst/patakchiyousefi1/HPT/mse_64_0.001_1e-17_0.5_4_4_16_0.5_128_0.0_unet-att-l_day09.h5

Epoch 19: val_loss improved from 0.00009 to 0.00009, saving model to /p/project1/cesmtst/patakchiyousefi1/HPT/mse_64_0.0001_1e-17_0.5_4_4_16_0.5_128_0.0_unet-att-l_day09.h5

Epoch 25: val_loss did not improve from 0.00127

Epoch 10: val_loss improved from 0.00010 to 0.00010, saving model to /p/project1/cesmtst/patakchiyousefi1/HPT/mse_64_0.0001_1e-17_0.5_4_2_16_0.5_128_0.0_unet-att-l_day09.h5

Epoch 20: val_loss did not improve from 0.00144

Epoch 26: val_loss did not improve from 0.00127

Epoch 6: val_loss improved from 0.00011 to 0.00010, saving model to /p/project1/cesmtst/patakchiyousefi1/HPT/mse_64_0.001_1e-17_0.5_4_4_16_0.5_128_0.0_unet-att-l_day09.h5

Epoch 11: val_loss improved from 0.00100 to 0.00085, saving model to /p/project1/cesmtst/patakchiyousefi1/HPT/mse_64_1e-05_1e-17_0.5_4_2_16_0.5_128_0.0_unet-att-l_day09.h5

Epoch 20: val_loss improved from 0.00009 to 0.00009, saving model to /p/project1/cesmtst/patakchiyousefi1/HPT/mse_64_0.0001_1e-17_0.5_4_4_16_0.5_128_0.0_unet-att-l_day09.h5

Epoch 6: val_loss did not improve from 0.00020

Epoch 27: val_loss did not improve from 0.00127

Epoch 21: val_loss did not improve from 0.00144

Epoch 28: val_loss did not improve from 0.00127

Epoch 7: val_loss improved from 0.00010 to 0.00010, saving model to /p/project1/cesmtst/patakchiyousefi1/HPT/mse_64_0.001_1e-17_0.5_4_4_16_0.5_128_0.0_unet-att-l_day09.h5

Epoch 21: val_loss did not improve from 0.00009

Epoch 11: val_loss improved from 0.00010 to 0.00010, saving model to /p/project1/cesmtst/patakchiyousefi1/HPT/mse_64_0.0001_1e-17_0.5_4_2_16_0.5_128_0.0_unet-att-l_day09.h5

Epoch 29: val_loss did not improve from 0.00127

Epoch 22: val_loss did not improve from 0.00144

Epoch 12: val_loss improved from 0.00085 to 0.00073, saving model to /p/project1/cesmtst/patakchiyousefi1/HPT/mse_64_1e-05_1e-17_0.5_4_2_16_0.5_128_0.0_unet-att-l_day09.h5

Epoch 22: val_loss did not improve from 0.00009

Epoch 8: val_loss did not improve from 0.00010

Epoch 30: val_loss did not improve from 0.00127

Epoch 7: val_loss improved from 0.00029 to 0.00024, saving model to /p/project1/cesmtst/patakchiyousefi1/HPT/mse_64_1e-05_1e-17_0.5_4_1_16_0.5_128_0.0_unet-att-l_day09.h5

Epoch 23: val_loss did not improve from 0.00144
Saving and plotting the results...

Epoch 12: val_loss did not improve from 0.00010

Epoch 31: val_loss did not improve from 0.00127
Saving and plotting the results...

Epoch 23: val_loss improved from 0.00009 to 0.00009, saving model to /p/project1/cesmtst/patakchiyousefi1/HPT/mse_64_0.0001_1e-17_0.5_4_4_16_0.5_128_0.0_unet-att-l_day09.h5

Epoch 9: val_loss improved from 0.00010 to 0.00009, saving model to /p/project1/cesmtst/patakchiyousefi1/HPT/mse_64_0.001_1e-17_0.5_4_4_16_0.5_128_0.0_unet-att-l_day09.h5

Epoch 7: val_loss did not improve from 0.00020

Epoch 13: val_loss improved from 0.00073 to 0.00069, saving model to /p/project1/cesmtst/patakchiyousefi1/HPT/mse_64_1e-05_1e-17_0.5_4_2_16_0.5_128_0.0_unet-att-l_day09.h5

Epoch 24: val_loss did not improve from 0.00009

Epoch 10: val_loss did not improve from 0.00009

Epoch 13: val_loss did not improve from 0.00010

Epoch 25: val_loss did not improve from 0.00009

Epoch 11: val_loss did not improve from 0.00009

Epoch 14: val_loss improved from 0.00069 to 0.00068, saving model to /p/project1/cesmtst/patakchiyousefi1/HPT/mse_64_1e-05_1e-17_0.5_4_2_16_0.5_128_0.0_unet-att-l_day09.h5

Epoch 8: val_loss improved from 0.00024 to 0.00022, saving model to /p/project1/cesmtst/patakchiyousefi1/HPT/mse_64_1e-05_1e-17_0.5_4_1_16_0.5_128_0.0_unet-att-l_day09.h5

Epoch 26: val_loss did not improve from 0.00009

Epoch 12: val_loss did not improve from 0.00009

Epoch 14: val_loss did not improve from 0.00010

Epoch 8: val_loss did not improve from 0.00020
train_data_hourly_pr_['ADAPTER_DE05.day09.merged.nc']_['ADAPTER_DE05.day01.merged.nc']_MM_6__spatiotemporal_128.256_2018-01-01T13_2022-12-31T23_no_na_land
Loading training data...
Data loaded!
mse_64_0.001_1e-17_0.5_4_2_16_0.5_128_0.0_unet-att-l_day09
Training the model...

Epoch 1: val_loss improved from inf to 0.00061, saving model to /p/project1/cesmtst/patakchiyousefi1/HPT/mse_64_0.001_1e-17_0.5_4_2_16_0.5_128_0.0_unet-att-l_day09.h5

Epoch 15: val_loss did not improve from 0.00068

Epoch 27: val_loss did not improve from 0.00009

Epoch 13: val_loss did not improve from 0.00009

Epoch 15: val_loss did not improve from 0.00010

Epoch 28: val_loss improved from 0.00009 to 0.00009, saving model to /p/project1/cesmtst/patakchiyousefi1/HPT/mse_64_0.0001_1e-17_0.5_4_4_16_0.5_128_0.0_unet-att-l_day09.h5

Epoch 14: val_loss did not improve from 0.00009
train_data_hourly_pr_['ADAPTER_DE05.day09.merged.nc']_['ADAPTER_DE05.day01.merged.nc']_MM_6__spatiotemporal_128.256_2018-01-01T13_2022-12-31T23_no_na_land
Loading training data...
Data loaded!
mse_64_0.001_1e-17_0.5_4_1_16_0.5_128_0.0_unet-att-l_day09
Training the model...

Epoch 1: val_loss improved from inf to 0.02046, saving model to /p/project1/cesmtst/patakchiyousefi1/HPT/mse_64_0.001_1e-17_0.5_4_1_16_0.5_128_0.0_unet-att-l_day09.h5

Epoch 2: val_loss improved from 0.00061 to 0.00017, saving model to /p/project1/cesmtst/patakchiyousefi1/HPT/mse_64_0.001_1e-17_0.5_4_2_16_0.5_128_0.0_unet-att-l_day09.h5

Epoch 16: val_loss improved from 0.00068 to 0.00055, saving model to /p/project1/cesmtst/patakchiyousefi1/HPT/mse_64_1e-05_1e-17_0.5_4_2_16_0.5_128_0.0_unet-att-l_day09.h5

Epoch 9: val_loss improved from 0.00022 to 0.00021, saving model to /p/project1/cesmtst/patakchiyousefi1/HPT/mse_64_1e-05_1e-17_0.5_4_1_16_0.5_128_0.0_unet-att-l_day09.h5

Epoch 29: val_loss did not improve from 0.00009

Epoch 15: val_loss did not improve from 0.00009

Epoch 16: val_loss did not improve from 0.00010

Epoch 9: val_loss did not improve from 0.00020

Epoch 30: val_loss did not improve from 0.00009

Epoch 16: val_loss did not improve from 0.00009

Epoch 3: val_loss improved from 0.00017 to 0.00014, saving model to /p/project1/cesmtst/patakchiyousefi1/HPT/mse_64_0.001_1e-17_0.5_4_2_16_0.5_128_0.0_unet-att-l_day09.h5

Epoch 17: val_loss did not improve from 0.00055

Epoch 31: val_loss did not improve from 0.00009

Epoch 17: val_loss did not improve from 0.00009

Epoch 2: val_loss improved from 0.02046 to 0.00045, saving model to /p/project1/cesmtst/patakchiyousefi1/HPT/mse_64_0.001_1e-17_0.5_4_1_16_0.5_128_0.0_unet-att-l_day09.h5

Epoch 17: val_loss improved from 0.00010 to 0.00010, saving model to /p/project1/cesmtst/patakchiyousefi1/HPT/mse_64_0.0001_1e-17_0.5_4_2_16_0.5_128_0.0_unet-att-l_day09.h5

Epoch 4: val_loss did not improve from 0.00014

Epoch 32: val_loss did not improve from 0.00009

Epoch 18: val_loss did not improve from 0.00009

Epoch 10: val_loss improved from 0.00021 to 0.00021, saving model to /p/project1/cesmtst/patakchiyousefi1/HPT/mse_64_1e-05_1e-17_0.5_4_1_16_0.5_128_0.0_unet-att-l_day09.h5

Epoch 18: val_loss did not improve from 0.00055

Epoch 33: val_loss did not improve from 0.00009

Epoch 19: val_loss did not improve from 0.00009

Epoch 10: val_loss did not improve from 0.00020

Epoch 18: val_loss did not improve from 0.00010

Epoch 5: val_loss did not improve from 0.00014

Epoch 34: val_loss did not improve from 0.00009

Epoch 20: val_loss did not improve from 0.00009

Epoch 19: val_loss did not improve from 0.00055

Epoch 3: val_loss improved from 0.00045 to 0.00023, saving model to /p/project1/cesmtst/patakchiyousefi1/HPT/mse_64_0.001_1e-17_0.5_4_1_16_0.5_128_0.0_unet-att-l_day09.h5

Epoch 35: val_loss did not improve from 0.00009

Epoch 21: val_loss did not improve from 0.00009

Epoch 19: val_loss did not improve from 0.00010

Epoch 6: val_loss did not improve from 0.00014

Epoch 11: val_loss improved from 0.00021 to 0.00017, saving model to /p/project1/cesmtst/patakchiyousefi1/HPT/mse_64_1e-05_1e-17_0.5_4_1_16_0.5_128_0.0_unet-att-l_day09.h5

Epoch 36: val_loss improved from 0.00009 to 0.00009, saving model to /p/project1/cesmtst/patakchiyousefi1/HPT/mse_64_0.0001_1e-17_0.5_4_4_16_0.5_128_0.0_unet-att-l_day09.h5

Epoch 20: val_loss did not improve from 0.00055

Epoch 22: val_loss did not improve from 0.00009

Epoch 11: val_loss did not improve from 0.00020

Epoch 37: val_loss did not improve from 0.00009

Epoch 20: val_loss did not improve from 0.00010

Epoch 7: val_loss did not improve from 0.00014

Epoch 23: val_loss did not improve from 0.00009

Epoch 21: val_loss did not improve from 0.00055

Epoch 38: val_loss did not improve from 0.00009

Epoch 4: val_loss improved from 0.00023 to 0.00015, saving model to /p/project1/cesmtst/patakchiyousefi1/HPT/mse_64_0.001_1e-17_0.5_4_1_16_0.5_128_0.0_unet-att-l_day09.h5

Epoch 24: val_loss did not improve from 0.00009

Epoch 39: val_loss improved from 0.00009 to 0.00009, saving model to /p/project1/cesmtst/patakchiyousefi1/HPT/mse_64_0.0001_1e-17_0.5_4_4_16_0.5_128_0.0_unet-att-l_day09.h5

Epoch 8: val_loss did not improve from 0.00014

Epoch 12: val_loss did not improve from 0.00017

Epoch 21: val_loss did not improve from 0.00010

Epoch 25: val_loss did not improve from 0.00009
Saving and plotting the results...

Epoch 22: val_loss did not improve from 0.00055

Epoch 12: val_loss did not improve from 0.00020

Epoch 40: val_loss improved from 0.00009 to 0.00009, saving model to /p/project1/cesmtst/patakchiyousefi1/HPT/mse_64_0.0001_1e-17_0.5_4_4_16_0.5_128_0.0_unet-att-l_day09.h5

Epoch 41: val_loss did not improve from 0.00009

Epoch 22: val_loss did not improve from 0.00010

Epoch 9: val_loss did not improve from 0.00014

Epoch 5: val_loss improved from 0.00015 to 0.00012, saving model to /p/project1/cesmtst/patakchiyousefi1/HPT/mse_64_0.001_1e-17_0.5_4_1_16_0.5_128_0.0_unet-att-l_day09.h5

Epoch 23: val_loss did not improve from 0.00055

Epoch 42: val_loss improved from 0.00009 to 0.00009, saving model to /p/project1/cesmtst/patakchiyousefi1/HPT/mse_64_0.0001_1e-17_0.5_4_4_16_0.5_128_0.0_unet-att-l_day09.h5

Epoch 13: val_loss did not improve from 0.00017

Epoch 23: val_loss did not improve from 0.00010

Epoch 43: val_loss improved from 0.00009 to 0.00009, saving model to /p/project1/cesmtst/patakchiyousefi1/HPT/mse_64_0.0001_1e-17_0.5_4_4_16_0.5_128_0.0_unet-att-l_day09.h5

Epoch 24: val_loss did not improve from 0.00055

Epoch 13: val_loss did not improve from 0.00020

Epoch 10: val_loss did not improve from 0.00014
train_data_hourly_pr_['ADAPTER_DE05.day09.merged.nc']_['ADAPTER_DE05.day01.merged.nc']_MM_6__spatiotemporal_128.256_2018-01-01T13_2022-12-31T23_no_na_land
Loading training data...
Data loaded!
mse_64_0.01_1e-17_0.5_4_2_16_0.5_128_0.0_unet-att-l_day09
Training the model...

Epoch 1: val_loss improved from inf to 0.00253, saving model to /p/project1/cesmtst/patakchiyousefi1/HPT/mse_64_0.01_1e-17_0.5_4_2_16_0.5_128_0.0_unet-att-l_day09.h5

Epoch 44: val_loss did not improve from 0.00009

Epoch 24: val_loss did not improve from 0.00010

Epoch 6: val_loss did not improve from 0.00012

Epoch 25: val_loss did not improve from 0.00055

Epoch 45: val_loss did not improve from 0.00009

Epoch 11: val_loss did not improve from 0.00014

Epoch 2: val_loss improved from 0.00253 to 0.00191, saving model to /p/project1/cesmtst/patakchiyousefi1/HPT/mse_64_0.01_1e-17_0.5_4_2_16_0.5_128_0.0_unet-att-l_day09.h5

Epoch 46: val_loss did not improve from 0.00009

Epoch 14: val_loss did not improve from 0.00017

Epoch 14: val_loss did not improve from 0.00020

Epoch 26: val_loss did not improve from 0.00055

Epoch 25: val_loss improved from 0.00010 to 0.00010, saving model to /p/project1/cesmtst/patakchiyousefi1/HPT/mse_64_0.0001_1e-17_0.5_4_2_16_0.5_128_0.0_unet-att-l_day09.h5

Epoch 12: val_loss did not improve from 0.00014

Epoch 47: val_loss did not improve from 0.00009

Epoch 3: val_loss did not improve from 0.00191

Epoch 7: val_loss did not improve from 0.00012

Epoch 48: val_loss did not improve from 0.00009

Epoch 27: val_loss did not improve from 0.00055

Epoch 26: val_loss improved from 0.00010 to 0.00010, saving model to /p/project1/cesmtst/patakchiyousefi1/HPT/mse_64_0.0001_1e-17_0.5_4_2_16_0.5_128_0.0_unet-att-l_day09.h5

Epoch 13: val_loss did not improve from 0.00014

Epoch 4: val_loss did not improve from 0.00191

Epoch 49: val_loss did not improve from 0.00009

Epoch 15: val_loss improved from 0.00017 to 0.00017, saving model to /p/project1/cesmtst/patakchiyousefi1/HPT/mse_64_1e-05_1e-17_0.5_4_1_16_0.5_128_0.0_unet-att-l_day09.h5

Epoch 15: val_loss did not improve from 0.00020

Epoch 50: val_loss did not improve from 0.00009

Epoch 28: val_loss did not improve from 0.00055

Epoch 27: val_loss improved from 0.00010 to 0.00010, saving model to /p/project1/cesmtst/patakchiyousefi1/HPT/mse_64_0.0001_1e-17_0.5_4_2_16_0.5_128_0.0_unet-att-l_day09.h5

Epoch 14: val_loss did not improve from 0.00014

Epoch 5: val_loss did not improve from 0.00191

Epoch 51: val_loss did not improve from 0.00009

Epoch 8: val_loss improved from 0.00012 to 0.00010, saving model to /p/project1/cesmtst/patakchiyousefi1/HPT/mse_64_0.001_1e-17_0.5_4_1_16_0.5_128_0.0_unet-att-l_day09.h5

Epoch 52: val_loss did not improve from 0.00009

Epoch 29: val_loss did not improve from 0.00055

Epoch 28: val_loss improved from 0.00010 to 0.00010, saving model to /p/project1/cesmtst/patakchiyousefi1/HPT/mse_64_0.0001_1e-17_0.5_4_2_16_0.5_128_0.0_unet-att-l_day09.h5

Epoch 6: val_loss did not improve from 0.00191

Epoch 15: val_loss did not improve from 0.00014

Epoch 53: val_loss did not improve from 0.00009

Epoch 16: val_loss did not improve from 0.00017

Epoch 16: val_loss did not improve from 0.00020

Epoch 30: val_loss did not improve from 0.00055

Epoch 29: val_loss improved from 0.00010 to 0.00010, saving model to /p/project1/cesmtst/patakchiyousefi1/HPT/mse_64_0.0001_1e-17_0.5_4_2_16_0.5_128_0.0_unet-att-l_day09.h5

Epoch 54: val_loss did not improve from 0.00009

Epoch 7: val_loss did not improve from 0.00191

Epoch 16: val_loss did not improve from 0.00014

Epoch 9: val_loss did not improve from 0.00010

Epoch 55: val_loss did not improve from 0.00009

Epoch 31: val_loss did not improve from 0.00055

Epoch 8: val_loss did not improve from 0.00191

Epoch 30: val_loss improved from 0.00010 to 0.00009, saving model to /p/project1/cesmtst/patakchiyousefi1/HPT/mse_64_0.0001_1e-17_0.5_4_2_16_0.5_128_0.0_unet-att-l_day09.h5

Epoch 17: val_loss did not improve from 0.00014

Epoch 56: val_loss did not improve from 0.00009

Epoch 17: val_loss improved from 0.00017 to 0.00015, saving model to /p/project1/cesmtst/patakchiyousefi1/HPT/mse_64_1e-05_1e-17_0.5_4_1_16_0.5_128_0.0_unet-att-l_day09.h5

Epoch 17: val_loss did not improve from 0.00020

Epoch 57: val_loss did not improve from 0.00009

Epoch 32: val_loss did not improve from 0.00055
Saving and plotting the results...

Epoch 9: val_loss did not improve from 0.00191

Epoch 31: val_loss improved from 0.00009 to 0.00009, saving model to /p/project1/cesmtst/patakchiyousefi1/HPT/mse_64_0.0001_1e-17_0.5_4_2_16_0.5_128_0.0_unet-att-l_day09.h5

Epoch 18: val_loss did not improve from 0.00014

Epoch 10: val_loss did not improve from 0.00010

Epoch 58: val_loss did not improve from 0.00009

Epoch 10: val_loss did not improve from 0.00191

Epoch 59: val_loss did not improve from 0.00009
Saving and plotting the results...

Epoch 32: val_loss improved from 0.00009 to 0.00009, saving model to /p/project1/cesmtst/patakchiyousefi1/HPT/mse_64_0.0001_1e-17_0.5_4_2_16_0.5_128_0.0_unet-att-l_day09.h5

Epoch 19: val_loss did not improve from 0.00014
Saving and plotting the results...

Epoch 18: val_loss did not improve from 0.00020

Epoch 18: val_loss improved from 0.00015 to 0.00014, saving model to /p/project1/cesmtst/patakchiyousefi1/HPT/mse_64_1e-05_1e-17_0.5_4_1_16_0.5_128_0.0_unet-att-l_day09.h5
train_data_hourly_pr_['ADAPTER_DE05.day09.merged.nc']_['ADAPTER_DE05.day01.merged.nc']_MM_6__spatiotemporal_128.256_2018-01-01T13_2022-12-31T23_no_na_land
Loading training data...
Data loaded!
mse_64_0.01_1e-17_0.5_4_8_16_0.5_128_0.0_unet-att-l_day09
Training the model...

Epoch 1: val_loss improved from inf to 0.00024, saving model to /p/project1/cesmtst/patakchiyousefi1/HPT/mse_64_0.01_1e-17_0.5_4_8_16_0.5_128_0.0_unet-att-l_day09.h5

Epoch 2: val_loss improved from 0.00024 to 0.00022, saving model to /p/project1/cesmtst/patakchiyousefi1/HPT/mse_64_0.01_1e-17_0.5_4_8_16_0.5_128_0.0_unet-att-l_day09.h5

Epoch 11: val_loss did not improve from 0.00191

Epoch 33: val_loss improved from 0.00009 to 0.00009, saving model to /p/project1/cesmtst/patakchiyousefi1/HPT/mse_64_0.0001_1e-17_0.5_4_2_16_0.5_128_0.0_unet-att-l_day09.h5

Epoch 11: val_loss did not improve from 0.00010

Epoch 3: val_loss did not improve from 0.00022

Epoch 4: val_loss improved from 0.00022 to 0.00015, saving model to /p/project1/cesmtst/patakchiyousefi1/HPT/mse_64_0.01_1e-17_0.5_4_8_16_0.5_128_0.0_unet-att-l_day09.h5
train_data_hourly_pr_['ADAPTER_DE05.day09.merged.nc']_['ADAPTER_DE05.day01.merged.nc']_MM_6__spatiotemporal_128.256_2018-01-01T13_2022-12-31T23_no_na_land
Loading training data...
Data loaded!
mse_64_0.001_1e-17_0.5_4_8_16_0.5_128_0.0_unet-att-l_day09
Training the model...

Epoch 1: val_loss improved from inf to 0.00013, saving model to /p/project1/cesmtst/patakchiyousefi1/HPT/mse_64_0.001_1e-17_0.5_4_8_16_0.5_128_0.0_unet-att-l_day09.h5
train_data_hourly_pr_['ADAPTER_DE05.day09.merged.nc']_['ADAPTER_DE05.day01.merged.nc']_MM_6__spatiotemporal_128.256_2018-01-01T13_2022-12-31T23_no_na_land
Loading training data...
Data loaded!
mse_64_0.01_1e-17_0.5_4_4_16_0.5_128_0.0_unet-att-l_day09
Training the model...

Epoch 1: val_loss improved from inf to 0.00031, saving model to /p/project1/cesmtst/patakchiyousefi1/HPT/mse_64_0.01_1e-17_0.5_4_4_16_0.5_128_0.0_unet-att-l_day09.h5

Epoch 12: val_loss did not improve from 0.00191

Epoch 34: val_loss improved from 0.00009 to 0.00009, saving model to /p/project1/cesmtst/patakchiyousefi1/HPT/mse_64_0.0001_1e-17_0.5_4_2_16_0.5_128_0.0_unet-att-l_day09.h5

Epoch 2: val_loss did not improve from 0.00013

Epoch 5: val_loss improved from 0.00015 to 0.00014, saving model to /p/project1/cesmtst/patakchiyousefi1/HPT/mse_64_0.01_1e-17_0.5_4_8_16_0.5_128_0.0_unet-att-l_day09.h5

Epoch 19: val_loss did not improve from 0.00020
Saving and plotting the results...

Epoch 19: val_loss did not improve from 0.00014

Epoch 2: val_loss improved from 0.00031 to 0.00024, saving model to /p/project1/cesmtst/patakchiyousefi1/HPT/mse_64_0.01_1e-17_0.5_4_4_16_0.5_128_0.0_unet-att-l_day09.h5

Epoch 3: val_loss did not improve from 0.00013

Epoch 6: val_loss did not improve from 0.00014

Epoch 4: val_loss did not improve from 0.00013

Epoch 13: val_loss did not improve from 0.00191

Epoch 12: val_loss did not improve from 0.00010

Epoch 35: val_loss improved from 0.00009 to 0.00009, saving model to /p/project1/cesmtst/patakchiyousefi1/HPT/mse_64_0.0001_1e-17_0.5_4_2_16_0.5_128_0.0_unet-att-l_day09.h5

Epoch 3: val_loss did not improve from 0.00024

Epoch 5: val_loss did not improve from 0.00013

Epoch 7: val_loss did not improve from 0.00014

Epoch 6: val_loss did not improve from 0.00013

Epoch 4: val_loss did not improve from 0.00024

Epoch 8: val_loss improved from 0.00014 to 0.00014, saving model to /p/project1/cesmtst/patakchiyousefi1/HPT/mse_64_0.01_1e-17_0.5_4_8_16_0.5_128_0.0_unet-att-l_day09.h5

Epoch 7: val_loss did not improve from 0.00013

Epoch 14: val_loss did not improve from 0.00191

Epoch 36: val_loss did not improve from 0.00009

Epoch 9: val_loss improved from 0.00014 to 0.00014, saving model to /p/project1/cesmtst/patakchiyousefi1/HPT/mse_64_0.01_1e-17_0.5_4_8_16_0.5_128_0.0_unet-att-l_day09.h5

Epoch 8: val_loss did not improve from 0.00013

Epoch 20: val_loss did not improve from 0.00014

Epoch 5: val_loss did not improve from 0.00024

Epoch 10: val_loss improved from 0.00014 to 0.00012, saving model to /p/project1/cesmtst/patakchiyousefi1/HPT/mse_64_0.01_1e-17_0.5_4_8_16_0.5_128_0.0_unet-att-l_day09.h5

Epoch 9: val_loss did not improve from 0.00013

Epoch 11: val_loss did not improve from 0.00012

Epoch 10: val_loss did not improve from 0.00013

Epoch 13: val_loss did not improve from 0.00010

Epoch 6: val_loss did not improve from 0.00024

Epoch 15: val_loss did not improve from 0.00191

Epoch 37: val_loss did not improve from 0.00009

Epoch 12: val_loss did not improve from 0.00012

Epoch 11: val_loss did not improve from 0.00013
train_data_hourly_pr_['ADAPTER_DE05.day09.merged.nc']_['ADAPTER_DE05.day01.merged.nc']_MM_6__spatiotemporal_128.256_2018-01-01T13_2022-12-31T23_no_na_land
Loading training data...
Data loaded!
mse_64_0.01_1e-17_0.5_4_1_16_0.5_128_0.0_unet-att-l_day09
Training the model...

Epoch 1: val_loss improved from inf to 0.00017, saving model to /p/project1/cesmtst/patakchiyousefi1/HPT/mse_64_0.01_1e-17_0.5_4_1_16_0.5_128_0.0_unet-att-l_day09.h5

Epoch 7: val_loss did not improve from 0.00024

Epoch 13: val_loss did not improve from 0.00012

Epoch 16: val_loss did not improve from 0.00191

Epoch 8: val_loss did not improve from 0.00024

Epoch 38: val_loss did not improve from 0.00009

Epoch 21: val_loss improved from 0.00014 to 0.00014, saving model to /p/project1/cesmtst/patakchiyousefi1/HPT/mse_64_1e-05_1e-17_0.5_4_1_16_0.5_128_0.0_unet-att-l_day09.h5

Epoch 12: val_loss did not improve from 0.00013

Epoch 14: val_loss did not improve from 0.00012

Epoch 13: val_loss did not improve from 0.00013

Epoch 15: val_loss did not improve from 0.00012

Epoch 9: val_loss did not improve from 0.00024

Epoch 14: val_loss did not improve from 0.00013

Epoch 14: val_loss did not improve from 0.00010

Epoch 16: val_loss did not improve from 0.00012

Epoch 17: val_loss did not improve from 0.00191

Epoch 39: val_loss improved from 0.00009 to 0.00009, saving model to /p/project1/cesmtst/patakchiyousefi1/HPT/mse_64_0.0001_1e-17_0.5_4_2_16_0.5_128_0.0_unet-att-l_day09.h5

Epoch 15: val_loss did not improve from 0.00013

Epoch 17: val_loss did not improve from 0.00012

Epoch 10: val_loss did not improve from 0.00024

Epoch 2: val_loss improved from 0.00017 to 0.00013, saving model to /p/project1/cesmtst/patakchiyousefi1/HPT/mse_64_0.01_1e-17_0.5_4_1_16_0.5_128_0.0_unet-att-l_day09.h5

Epoch 16: val_loss did not improve from 0.00013

Epoch 18: val_loss did not improve from 0.00012

Epoch 11: val_loss did not improve from 0.00024

Epoch 17: val_loss did not improve from 0.00013
Saving and plotting the results...

Epoch 19: val_loss did not improve from 0.00012

Epoch 22: val_loss did not improve from 0.00014

Epoch 40: val_loss did not improve from 0.00009

Epoch 18: val_loss did not improve from 0.00191
Saving and plotting the results...

Epoch 12: val_loss did not improve from 0.00024

Epoch 20: val_loss did not improve from 0.00012

Epoch 21: val_loss did not improve from 0.00012

Epoch 13: val_loss did not improve from 0.00024

Epoch 15: val_loss did not improve from 0.00010

Epoch 41: val_loss did not improve from 0.00009

Epoch 22: val_loss did not improve from 0.00012

Epoch 3: val_loss improved from 0.00013 to 0.00013, saving model to /p/project1/cesmtst/patakchiyousefi1/HPT/mse_64_0.01_1e-17_0.5_4_1_16_0.5_128_0.0_unet-att-l_day09.h5

Epoch 23: val_loss did not improve from 0.00012

Epoch 14: val_loss did not improve from 0.00024

Epoch 24: val_loss did not improve from 0.00012

Epoch 23: val_loss did not improve from 0.00014

Epoch 42: val_loss did not improve from 0.00009

Epoch 25: val_loss did not improve from 0.00012

Epoch 15: val_loss did not improve from 0.00024

Epoch 26: val_loss did not improve from 0.00012
Saving and plotting the results...

Epoch 16: val_loss did not improve from 0.00024

Epoch 16: val_loss did not improve from 0.00010

Epoch 43: val_loss did not improve from 0.00009

Epoch 4: val_loss did not improve from 0.00013

Epoch 17: val_loss did not improve from 0.00024

Epoch 24: val_loss improved from 0.00014 to 0.00013, saving model to /p/project1/cesmtst/patakchiyousefi1/HPT/mse_64_1e-05_1e-17_0.5_4_1_16_0.5_128_0.0_unet-att-l_day09.h5

Epoch 18: val_loss did not improve from 0.00024
Saving and plotting the results...

Epoch 44: val_loss did not improve from 0.00009

Epoch 17: val_loss did not improve from 0.00010

Epoch 45: val_loss did not improve from 0.00009

Epoch 5: val_loss did not improve from 0.00013

Epoch 25: val_loss did not improve from 0.00013

Epoch 46: val_loss did not improve from 0.00009

Epoch 18: val_loss did not improve from 0.00010

Epoch 47: val_loss did not improve from 0.00009

Epoch 6: val_loss did not improve from 0.00013

Epoch 26: val_loss improved from 0.00013 to 0.00012, saving model to /p/project1/cesmtst/patakchiyousefi1/HPT/mse_64_1e-05_1e-17_0.5_4_1_16_0.5_128_0.0_unet-att-l_day09.h5

Epoch 48: val_loss did not improve from 0.00009

Epoch 19: val_loss did not improve from 0.00010

Epoch 7: val_loss improved from 0.00013 to 0.00013, saving model to /p/project1/cesmtst/patakchiyousefi1/HPT/mse_64_0.01_1e-17_0.5_4_1_16_0.5_128_0.0_unet-att-l_day09.h5

Epoch 49: val_loss did not improve from 0.00009

Epoch 27: val_loss improved from 0.00012 to 0.00012, saving model to /p/project1/cesmtst/patakchiyousefi1/HPT/mse_64_1e-05_1e-17_0.5_4_1_16_0.5_128_0.0_unet-att-l_day09.h5

Epoch 50: val_loss did not improve from 0.00009

Epoch 20: val_loss did not improve from 0.00010

Epoch 8: val_loss did not improve from 0.00013

Epoch 51: val_loss did not improve from 0.00009

Epoch 28: val_loss improved from 0.00012 to 0.00012, saving model to /p/project1/cesmtst/patakchiyousefi1/HPT/mse_64_1e-05_1e-17_0.5_4_1_16_0.5_128_0.0_unet-att-l_day09.h5

Epoch 21: val_loss did not improve from 0.00010

Epoch 52: val_loss did not improve from 0.00009

Epoch 9: val_loss did not improve from 0.00013

Epoch 29: val_loss improved from 0.00012 to 0.00011, saving model to /p/project1/cesmtst/patakchiyousefi1/HPT/mse_64_1e-05_1e-17_0.5_4_1_16_0.5_128_0.0_unet-att-l_day09.h5

Epoch 53: val_loss did not improve from 0.00009

Epoch 22: val_loss did not improve from 0.00010

Epoch 54: val_loss did not improve from 0.00009

Epoch 10: val_loss did not improve from 0.00013

Epoch 30: val_loss did not improve from 0.00011

Epoch 55: val_loss did not improve from 0.00009
Saving and plotting the results...

Epoch 23: val_loss did not improve from 0.00010

Epoch 11: val_loss did not improve from 0.00013

Epoch 31: val_loss did not improve from 0.00011

Epoch 24: val_loss did not improve from 0.00010
Saving and plotting the results...

Epoch 12: val_loss did not improve from 0.00013

Epoch 32: val_loss did not improve from 0.00011

Epoch 13: val_loss did not improve from 0.00013

Epoch 33: val_loss did not improve from 0.00011

Epoch 14: val_loss did not improve from 0.00013

Epoch 34: val_loss did not improve from 0.00011

Epoch 15: val_loss did not improve from 0.00013

Epoch 35: val_loss did not improve from 0.00011

Epoch 16: val_loss did not improve from 0.00013

Epoch 36: val_loss did not improve from 0.00011

Epoch 17: val_loss did not improve from 0.00013

Epoch 37: val_loss did not improve from 0.00011

Epoch 18: val_loss did not improve from 0.00013

Epoch 38: val_loss did not improve from 0.00011

Epoch 19: val_loss did not improve from 0.00013

Epoch 39: val_loss did not improve from 0.00011

Epoch 20: val_loss did not improve from 0.00013

Epoch 40: val_loss did not improve from 0.00011

Epoch 21: val_loss did not improve from 0.00013

Epoch 41: val_loss did not improve from 0.00011

Epoch 22: val_loss did not improve from 0.00013

Epoch 42: val_loss did not improve from 0.00011

Epoch 23: val_loss did not improve from 0.00013
Saving and plotting the results...

Epoch 43: val_loss did not improve from 0.00011

Epoch 44: val_loss did not improve from 0.00011

Epoch 45: val_loss did not improve from 0.00011
Saving and plotting the results...
Time limit for unet-att-l, leadtime 09: 07:45:00
Run time for unet-att-l with leadtime 09:  hours,  minutes,  seconds
