All necessary directories have been created or already exist.
No lead day provided. Using default hyperparameters - LR: 0.0001, BS: 32, DROPOUT: 0.0, UNET_TYPE: unet-l
Running DL_TRAIN.py for day02 with dropout=0, lr=0.00001, bs=1, unet_type=unet-m ...
Running DL_TRAIN.py for day02 with dropout=0, lr=0.00001, bs=2, unet_type=unet-m ...
Running DL_TRAIN.py for day02 with dropout=0, lr=0.00001, bs=4, unet_type=unet-m ...
Running DL_TRAIN.py for day02 with dropout=0, lr=0.00001, bs=8, unet_type=unet-m ...
Running DL_TRAIN.py for day02 with dropout=0, lr=0.0001, bs=1, unet_type=unet-m ...
Running DL_TRAIN.py for day02 with dropout=0, lr=0.0001, bs=2, unet_type=unet-m ...
Running DL_TRAIN.py for day02 with dropout=0, lr=0.0001, bs=4, unet_type=unet-m ...
Running DL_TRAIN.py for day02 with dropout=0, lr=0.0001, bs=8, unet_type=unet-m ...
Running DL_TRAIN.py for day02 with dropout=0, lr=0.001, bs=1, unet_type=unet-m ...
Running DL_TRAIN.py for day02 with dropout=0, lr=0.001, bs=2, unet_type=unet-m ...
Running DL_TRAIN.py for day02 with dropout=0, lr=0.001, bs=4, unet_type=unet-m ...
Running DL_TRAIN.py for day02 with dropout=0, lr=0.001, bs=8, unet_type=unet-m ...
Running DL_TRAIN.py for day02 with dropout=0, lr=0.01, bs=1, unet_type=unet-m ...
Running DL_TRAIN.py for day02 with dropout=0, lr=0.01, bs=2, unet_type=unet-m ...
Running DL_TRAIN.py for day02 with dropout=0, lr=0.01, bs=4, unet_type=unet-m ...
Running DL_TRAIN.py for day02 with dropout=0, lr=0.01, bs=8, unet_type=unet-m ...
train_data_hourly_pr_['ADAPTER_DE05.day02.merged.nc']_['ADAPTER_DE05.day01.merged.nc']_MM_6__spatiotemporal_128.256_2018-01-01T13_2022-12-31T23_no_na_land
Loading training data...
Data loaded!
mse_64_1e-05_1e-17_0.5_4_8_16_0.5_128_0.0_unet-m_day02
Training the model...

Epoch 1: val_loss improved from inf to 0.00372, saving model to /p/project1/cesmtst/patakchiyousefi1/HPT/mse_64_1e-05_1e-17_0.5_4_8_16_0.5_128_0.0_unet-m_day02.h5
train_data_hourly_pr_['ADAPTER_DE05.day02.merged.nc']_['ADAPTER_DE05.day01.merged.nc']_MM_6__spatiotemporal_128.256_2018-01-01T13_2022-12-31T23_no_na_land
Loading training data...
Data loaded!
mse_64_0.001_1e-17_0.5_4_8_16_0.5_128_0.0_unet-m_day02
Training the model...

Epoch 1: val_loss improved from inf to 0.00042, saving model to /p/project1/cesmtst/patakchiyousefi1/HPT/mse_64_0.001_1e-17_0.5_4_8_16_0.5_128_0.0_unet-m_day02.h5
train_data_hourly_pr_['ADAPTER_DE05.day02.merged.nc']_['ADAPTER_DE05.day01.merged.nc']_MM_6__spatiotemporal_128.256_2018-01-01T13_2022-12-31T23_no_na_land
Loading training data...
Data loaded!
mse_64_0.0001_1e-17_0.5_4_8_16_0.5_128_0.0_unet-m_day02
Training the model...

Epoch 1: val_loss improved from inf to 0.00025, saving model to /p/project1/cesmtst/patakchiyousefi1/HPT/mse_64_0.0001_1e-17_0.5_4_8_16_0.5_128_0.0_unet-m_day02.h5
train_data_hourly_pr_['ADAPTER_DE05.day02.merged.nc']_['ADAPTER_DE05.day01.merged.nc']_MM_6__spatiotemporal_128.256_2018-01-01T13_2022-12-31T23_no_na_land
Loading training data...
Data loaded!
mse_64_0.01_1e-17_0.5_4_8_16_0.5_128_0.0_unet-m_day02
Training the model...

Epoch 1: val_loss improved from inf to 0.00015, saving model to /p/project1/cesmtst/patakchiyousefi1/HPT/mse_64_0.01_1e-17_0.5_4_8_16_0.5_128_0.0_unet-m_day02.h5
train_data_hourly_pr_['ADAPTER_DE05.day02.merged.nc']_['ADAPTER_DE05.day01.merged.nc']_MM_6__spatiotemporal_128.256_2018-01-01T13_2022-12-31T23_no_na_land
Loading training data...
Data loaded!
mse_64_0.0001_1e-17_0.5_4_4_16_0.5_128_0.0_unet-m_day02
Training the model...

Epoch 1: val_loss improved from inf to 0.00018, saving model to /p/project1/cesmtst/patakchiyousefi1/HPT/mse_64_0.0001_1e-17_0.5_4_4_16_0.5_128_0.0_unet-m_day02.h5
train_data_hourly_pr_['ADAPTER_DE05.day02.merged.nc']_['ADAPTER_DE05.day01.merged.nc']_MM_6__spatiotemporal_128.256_2018-01-01T13_2022-12-31T23_no_na_land
Loading training data...
Data loaded!
mse_64_1e-05_1e-17_0.5_4_4_16_0.5_128_0.0_unet-m_day02
Training the model...

Epoch 1: val_loss improved from inf to 0.00166, saving model to /p/project1/cesmtst/patakchiyousefi1/HPT/mse_64_1e-05_1e-17_0.5_4_4_16_0.5_128_0.0_unet-m_day02.h5
train_data_hourly_pr_['ADAPTER_DE05.day02.merged.nc']_['ADAPTER_DE05.day01.merged.nc']_MM_6__spatiotemporal_128.256_2018-01-01T13_2022-12-31T23_no_na_land
Loading training data...
Data loaded!
mse_64_0.001_1e-17_0.5_4_4_16_0.5_128_0.0_unet-m_day02
Training the model...

Epoch 1: val_loss improved from inf to 0.00006, saving model to /p/project1/cesmtst/patakchiyousefi1/HPT/mse_64_0.001_1e-17_0.5_4_4_16_0.5_128_0.0_unet-m_day02.h5

Epoch 2: val_loss improved from 0.00372 to 0.00111, saving model to /p/project1/cesmtst/patakchiyousefi1/HPT/mse_64_1e-05_1e-17_0.5_4_8_16_0.5_128_0.0_unet-m_day02.h5
train_data_hourly_pr_['ADAPTER_DE05.day02.merged.nc']_['ADAPTER_DE05.day01.merged.nc']_MM_6__spatiotemporal_128.256_2018-01-01T13_2022-12-31T23_no_na_land
Loading training data...
Data loaded!
mse_64_0.01_1e-17_0.5_4_4_16_0.5_128_0.0_unet-m_day02
Training the model...

Epoch 1: val_loss improved from inf to 0.00004, saving model to /p/project1/cesmtst/patakchiyousefi1/HPT/mse_64_0.01_1e-17_0.5_4_4_16_0.5_128_0.0_unet-m_day02.h5

Epoch 2: val_loss did not improve from 0.00042
train_data_hourly_pr_['ADAPTER_DE05.day02.merged.nc']_['ADAPTER_DE05.day01.merged.nc']_MM_6__spatiotemporal_128.256_2018-01-01T13_2022-12-31T23_no_na_land
Loading training data...
Data loaded!
mse_64_1e-05_1e-17_0.5_4_2_16_0.5_128_0.0_unet-m_day02
Training the model...

Epoch 1: val_loss improved from inf to 0.00055, saving model to /p/project1/cesmtst/patakchiyousefi1/HPT/mse_64_1e-05_1e-17_0.5_4_2_16_0.5_128_0.0_unet-m_day02.h5

Epoch 2: val_loss improved from 0.00025 to 0.00008, saving model to /p/project1/cesmtst/patakchiyousefi1/HPT/mse_64_0.0001_1e-17_0.5_4_8_16_0.5_128_0.0_unet-m_day02.h5

Epoch 3: val_loss improved from 0.00111 to 0.00046, saving model to /p/project1/cesmtst/patakchiyousefi1/HPT/mse_64_1e-05_1e-17_0.5_4_8_16_0.5_128_0.0_unet-m_day02.h5
train_data_hourly_pr_['ADAPTER_DE05.day02.merged.nc']_['ADAPTER_DE05.day01.merged.nc']_MM_6__spatiotemporal_128.256_2018-01-01T13_2022-12-31T23_no_na_land
Loading training data...
Data loaded!
mse_64_0.0001_1e-17_0.5_4_2_16_0.5_128_0.0_unet-m_day02
Training the model...

Epoch 1: val_loss improved from inf to 0.00004, saving model to /p/project1/cesmtst/patakchiyousefi1/HPT/mse_64_0.0001_1e-17_0.5_4_2_16_0.5_128_0.0_unet-m_day02.h5

Epoch 2: val_loss improved from 0.00015 to 0.00013, saving model to /p/project1/cesmtst/patakchiyousefi1/HPT/mse_64_0.01_1e-17_0.5_4_8_16_0.5_128_0.0_unet-m_day02.h5

Epoch 3: val_loss improved from 0.00042 to 0.00004, saving model to /p/project1/cesmtst/patakchiyousefi1/HPT/mse_64_0.001_1e-17_0.5_4_8_16_0.5_128_0.0_unet-m_day02.h5
train_data_hourly_pr_['ADAPTER_DE05.day02.merged.nc']_['ADAPTER_DE05.day01.merged.nc']_MM_6__spatiotemporal_128.256_2018-01-01T13_2022-12-31T23_no_na_land
Loading training data...
Data loaded!
mse_64_0.001_1e-17_0.5_4_2_16_0.5_128_0.0_unet-m_day02
Training the model...

Epoch 1: val_loss improved from inf to 0.02669, saving model to /p/project1/cesmtst/patakchiyousefi1/HPT/mse_64_0.001_1e-17_0.5_4_2_16_0.5_128_0.0_unet-m_day02.h5
train_data_hourly_pr_['ADAPTER_DE05.day02.merged.nc']_['ADAPTER_DE05.day01.merged.nc']_MM_6__spatiotemporal_128.256_2018-01-01T13_2022-12-31T23_no_na_land
Loading training data...
Data loaded!
mse_64_0.01_1e-17_0.5_4_2_16_0.5_128_0.0_unet-m_day02
Training the model...

Epoch 1: val_loss improved from inf to 0.00104, saving model to /p/project1/cesmtst/patakchiyousefi1/HPT/mse_64_0.01_1e-17_0.5_4_2_16_0.5_128_0.0_unet-m_day02.h5

Epoch 2: val_loss improved from 0.00166 to 0.00030, saving model to /p/project1/cesmtst/patakchiyousefi1/HPT/mse_64_1e-05_1e-17_0.5_4_4_16_0.5_128_0.0_unet-m_day02.h5

Epoch 2: val_loss improved from 0.00018 to 0.00003, saving model to /p/project1/cesmtst/patakchiyousefi1/HPT/mse_64_0.0001_1e-17_0.5_4_4_16_0.5_128_0.0_unet-m_day02.h5

Epoch 2: val_loss did not improve from 0.00004

Epoch 3: val_loss improved from 0.00008 to 0.00004, saving model to /p/project1/cesmtst/patakchiyousefi1/HPT/mse_64_0.0001_1e-17_0.5_4_8_16_0.5_128_0.0_unet-m_day02.h5

Epoch 4: val_loss improved from 0.00046 to 0.00021, saving model to /p/project1/cesmtst/patakchiyousefi1/HPT/mse_64_1e-05_1e-17_0.5_4_8_16_0.5_128_0.0_unet-m_day02.h5

Epoch 3: val_loss improved from 0.00013 to 0.00005, saving model to /p/project1/cesmtst/patakchiyousefi1/HPT/mse_64_0.01_1e-17_0.5_4_8_16_0.5_128_0.0_unet-m_day02.h5

Epoch 4: val_loss improved from 0.00004 to 0.00003, saving model to /p/project1/cesmtst/patakchiyousefi1/HPT/mse_64_0.001_1e-17_0.5_4_8_16_0.5_128_0.0_unet-m_day02.h5

Epoch 2: val_loss did not improve from 0.00006

Epoch 4: val_loss improved from 0.00004 to 0.00003, saving model to /p/project1/cesmtst/patakchiyousefi1/HPT/mse_64_0.0001_1e-17_0.5_4_8_16_0.5_128_0.0_unet-m_day02.h5

Epoch 5: val_loss improved from 0.00021 to 0.00011, saving model to /p/project1/cesmtst/patakchiyousefi1/HPT/mse_64_1e-05_1e-17_0.5_4_8_16_0.5_128_0.0_unet-m_day02.h5

Epoch 3: val_loss improved from 0.00030 to 0.00011, saving model to /p/project1/cesmtst/patakchiyousefi1/HPT/mse_64_1e-05_1e-17_0.5_4_4_16_0.5_128_0.0_unet-m_day02.h5

Epoch 3: val_loss improved from 0.00003 to 0.00002, saving model to /p/project1/cesmtst/patakchiyousefi1/HPT/mse_64_0.0001_1e-17_0.5_4_4_16_0.5_128_0.0_unet-m_day02.h5

Epoch 4: val_loss did not improve from 0.00005
train_data_hourly_pr_['ADAPTER_DE05.day02.merged.nc']_['ADAPTER_DE05.day01.merged.nc']_MM_6__spatiotemporal_128.256_2018-01-01T13_2022-12-31T23_no_na_land
Loading training data...
Data loaded!
mse_64_1e-05_1e-17_0.5_4_1_16_0.5_128_0.0_unet-m_day02
Training the model...

Epoch 1: val_loss improved from inf to 0.00015, saving model to /p/project1/cesmtst/patakchiyousefi1/HPT/mse_64_1e-05_1e-17_0.5_4_1_16_0.5_128_0.0_unet-m_day02.h5

Epoch 5: val_loss did not improve from 0.00003

Epoch 3: val_loss did not improve from 0.00004
train_data_hourly_pr_['ADAPTER_DE05.day02.merged.nc']_['ADAPTER_DE05.day01.merged.nc']_MM_6__spatiotemporal_128.256_2018-01-01T13_2022-12-31T23_no_na_land
Loading training data...
Data loaded!
mse_64_0.0001_1e-17_0.5_4_1_16_0.5_128_0.0_unet-m_day02
Training the model...

Epoch 1: val_loss improved from inf to 0.00002, saving model to /p/project1/cesmtst/patakchiyousefi1/HPT/mse_64_0.0001_1e-17_0.5_4_1_16_0.5_128_0.0_unet-m_day02.h5
train_data_hourly_pr_['ADAPTER_DE05.day02.merged.nc']_['ADAPTER_DE05.day01.merged.nc']_MM_6__spatiotemporal_128.256_2018-01-01T13_2022-12-31T23_no_na_land
Loading training data...
Data loaded!
mse_64_0.001_1e-17_0.5_4_1_16_0.5_128_0.0_unet-m_day02
Training the model...

Epoch 1: val_loss improved from inf to 0.00125, saving model to /p/project1/cesmtst/patakchiyousefi1/HPT/mse_64_0.001_1e-17_0.5_4_1_16_0.5_128_0.0_unet-m_day02.h5

Epoch 5: val_loss improved from 0.00003 to 0.00002, saving model to /p/project1/cesmtst/patakchiyousefi1/HPT/mse_64_0.0001_1e-17_0.5_4_8_16_0.5_128_0.0_unet-m_day02.h5

Epoch 2: val_loss improved from 0.00055 to 0.00006, saving model to /p/project1/cesmtst/patakchiyousefi1/HPT/mse_64_1e-05_1e-17_0.5_4_2_16_0.5_128_0.0_unet-m_day02.h5
train_data_hourly_pr_['ADAPTER_DE05.day02.merged.nc']_['ADAPTER_DE05.day01.merged.nc']_MM_6__spatiotemporal_128.256_2018-01-01T13_2022-12-31T23_no_na_land
Loading training data...
Data loaded!
mse_64_0.01_1e-17_0.5_4_1_16_0.5_128_0.0_unet-m_day02
Training the model...

Epoch 1: val_loss improved from inf to 0.00028, saving model to /p/project1/cesmtst/patakchiyousefi1/HPT/mse_64_0.01_1e-17_0.5_4_1_16_0.5_128_0.0_unet-m_day02.h5

Epoch 6: val_loss improved from 0.00011 to 0.00007, saving model to /p/project1/cesmtst/patakchiyousefi1/HPT/mse_64_1e-05_1e-17_0.5_4_8_16_0.5_128_0.0_unet-m_day02.h5

Epoch 5: val_loss improved from 0.00005 to 0.00003, saving model to /p/project1/cesmtst/patakchiyousefi1/HPT/mse_64_0.01_1e-17_0.5_4_8_16_0.5_128_0.0_unet-m_day02.h5

Epoch 3: val_loss did not improve from 0.00006

Epoch 2: val_loss improved from 0.00004 to 0.00002, saving model to /p/project1/cesmtst/patakchiyousefi1/HPT/mse_64_0.0001_1e-17_0.5_4_2_16_0.5_128_0.0_unet-m_day02.h5

Epoch 6: val_loss did not improve from 0.00003

Epoch 2: val_loss improved from 0.02669 to 0.00948, saving model to /p/project1/cesmtst/patakchiyousefi1/HPT/mse_64_0.001_1e-17_0.5_4_2_16_0.5_128_0.0_unet-m_day02.h5

Epoch 2: val_loss improved from 0.00104 to 0.00005, saving model to /p/project1/cesmtst/patakchiyousefi1/HPT/mse_64_0.01_1e-17_0.5_4_2_16_0.5_128_0.0_unet-m_day02.h5

Epoch 4: val_loss improved from 0.00011 to 0.00005, saving model to /p/project1/cesmtst/patakchiyousefi1/HPT/mse_64_1e-05_1e-17_0.5_4_4_16_0.5_128_0.0_unet-m_day02.h5

Epoch 4: val_loss did not improve from 0.00002

Epoch 6: val_loss improved from 0.00002 to 0.00002, saving model to /p/project1/cesmtst/patakchiyousefi1/HPT/mse_64_0.0001_1e-17_0.5_4_8_16_0.5_128_0.0_unet-m_day02.h5

Epoch 7: val_loss improved from 0.00007 to 0.00005, saving model to /p/project1/cesmtst/patakchiyousefi1/HPT/mse_64_1e-05_1e-17_0.5_4_8_16_0.5_128_0.0_unet-m_day02.h5

Epoch 6: val_loss did not improve from 0.00003

Epoch 4: val_loss did not improve from 0.00004

Epoch 7: val_loss did not improve from 0.00003

Epoch 4: val_loss did not improve from 0.00006

Epoch 7: val_loss improved from 0.00002 to 0.00002, saving model to /p/project1/cesmtst/patakchiyousefi1/HPT/mse_64_0.0001_1e-17_0.5_4_8_16_0.5_128_0.0_unet-m_day02.h5

Epoch 8: val_loss improved from 0.00005 to 0.00004, saving model to /p/project1/cesmtst/patakchiyousefi1/HPT/mse_64_1e-05_1e-17_0.5_4_8_16_0.5_128_0.0_unet-m_day02.h5

Epoch 7: val_loss did not improve from 0.00003

Epoch 8: val_loss did not improve from 0.00003

Epoch 5: val_loss did not improve from 0.00002

Epoch 5: val_loss improved from 0.00005 to 0.00004, saving model to /p/project1/cesmtst/patakchiyousefi1/HPT/mse_64_1e-05_1e-17_0.5_4_4_16_0.5_128_0.0_unet-m_day02.h5

Epoch 8: val_loss improved from 0.00002 to 0.00002, saving model to /p/project1/cesmtst/patakchiyousefi1/HPT/mse_64_0.0001_1e-17_0.5_4_8_16_0.5_128_0.0_unet-m_day02.h5

Epoch 5: val_loss did not improve from 0.00004

Epoch 3: val_loss improved from 0.00006 to 0.00004, saving model to /p/project1/cesmtst/patakchiyousefi1/HPT/mse_64_1e-05_1e-17_0.5_4_2_16_0.5_128_0.0_unet-m_day02.h5

Epoch 9: val_loss improved from 0.00004 to 0.00003, saving model to /p/project1/cesmtst/patakchiyousefi1/HPT/mse_64_1e-05_1e-17_0.5_4_8_16_0.5_128_0.0_unet-m_day02.h5

Epoch 8: val_loss did not improve from 0.00003

Epoch 3: val_loss improved from 0.00002 to 0.00002, saving model to /p/project1/cesmtst/patakchiyousefi1/HPT/mse_64_0.0001_1e-17_0.5_4_2_16_0.5_128_0.0_unet-m_day02.h5

Epoch 9: val_loss did not improve from 0.00003

Epoch 3: val_loss improved from 0.00948 to 0.00003, saving model to /p/project1/cesmtst/patakchiyousefi1/HPT/mse_64_0.001_1e-17_0.5_4_2_16_0.5_128_0.0_unet-m_day02.h5

Epoch 3: val_loss did not improve from 0.00005

Epoch 5: val_loss improved from 0.00006 to 0.00005, saving model to /p/project1/cesmtst/patakchiyousefi1/HPT/mse_64_0.001_1e-17_0.5_4_4_16_0.5_128_0.0_unet-m_day02.h5

Epoch 9: val_loss improved from 0.00002 to 0.00002, saving model to /p/project1/cesmtst/patakchiyousefi1/HPT/mse_64_0.0001_1e-17_0.5_4_8_16_0.5_128_0.0_unet-m_day02.h5

Epoch 10: val_loss improved from 0.00003 to 0.00003, saving model to /p/project1/cesmtst/patakchiyousefi1/HPT/mse_64_1e-05_1e-17_0.5_4_8_16_0.5_128_0.0_unet-m_day02.h5

Epoch 9: val_loss did not improve from 0.00003

Epoch 6: val_loss did not improve from 0.00002

Epoch 6: val_loss improved from 0.00004 to 0.00003, saving model to /p/project1/cesmtst/patakchiyousefi1/HPT/mse_64_1e-05_1e-17_0.5_4_4_16_0.5_128_0.0_unet-m_day02.h5

Epoch 10: val_loss did not improve from 0.00003

Epoch 6: val_loss did not improve from 0.00004

Epoch 2: val_loss improved from 0.00015 to 0.00004, saving model to /p/project1/cesmtst/patakchiyousefi1/HPT/mse_64_1e-05_1e-17_0.5_4_1_16_0.5_128_0.0_unet-m_day02.h5

Epoch 10: val_loss did not improve from 0.00002

Epoch 11: val_loss improved from 0.00003 to 0.00003, saving model to /p/project1/cesmtst/patakchiyousefi1/HPT/mse_64_1e-05_1e-17_0.5_4_8_16_0.5_128_0.0_unet-m_day02.h5

Epoch 10: val_loss did not improve from 0.00003

Epoch 2: val_loss did not improve from 0.00002

Epoch 6: val_loss improved from 0.00005 to 0.00002, saving model to /p/project1/cesmtst/patakchiyousefi1/HPT/mse_64_0.001_1e-17_0.5_4_4_16_0.5_128_0.0_unet-m_day02.h5

Epoch 11: val_loss did not improve from 0.00003

Epoch 2: val_loss improved from 0.00125 to 0.00003, saving model to /p/project1/cesmtst/patakchiyousefi1/HPT/mse_64_0.001_1e-17_0.5_4_1_16_0.5_128_0.0_unet-m_day02.h5

Epoch 2: val_loss improved from 0.00028 to 0.00002, saving model to /p/project1/cesmtst/patakchiyousefi1/HPT/mse_64_0.01_1e-17_0.5_4_1_16_0.5_128_0.0_unet-m_day02.h5

Epoch 11: val_loss did not improve from 0.00002

Epoch 7: val_loss did not improve from 0.00002

Epoch 7: val_loss improved from 0.00003 to 0.00003, saving model to /p/project1/cesmtst/patakchiyousefi1/HPT/mse_64_1e-05_1e-17_0.5_4_4_16_0.5_128_0.0_unet-m_day02.h5

Epoch 4: val_loss improved from 0.00004 to 0.00003, saving model to /p/project1/cesmtst/patakchiyousefi1/HPT/mse_64_1e-05_1e-17_0.5_4_2_16_0.5_128_0.0_unet-m_day02.h5

Epoch 12: val_loss improved from 0.00003 to 0.00003, saving model to /p/project1/cesmtst/patakchiyousefi1/HPT/mse_64_1e-05_1e-17_0.5_4_8_16_0.5_128_0.0_unet-m_day02.h5

Epoch 11: val_loss did not improve from 0.00003

Epoch 12: val_loss did not improve from 0.00003

Epoch 4: val_loss did not improve from 0.00002

Epoch 7: val_loss did not improve from 0.00004

Epoch 4: val_loss did not improve from 0.00003

Epoch 4: val_loss improved from 0.00005 to 0.00004, saving model to /p/project1/cesmtst/patakchiyousefi1/HPT/mse_64_0.01_1e-17_0.5_4_2_16_0.5_128_0.0_unet-m_day02.h5

Epoch 7: val_loss improved from 0.00002 to 0.00002, saving model to /p/project1/cesmtst/patakchiyousefi1/HPT/mse_64_0.001_1e-17_0.5_4_4_16_0.5_128_0.0_unet-m_day02.h5

Epoch 12: val_loss did not improve from 0.00002

Epoch 13: val_loss improved from 0.00003 to 0.00003, saving model to /p/project1/cesmtst/patakchiyousefi1/HPT/mse_64_1e-05_1e-17_0.5_4_8_16_0.5_128_0.0_unet-m_day02.h5

Epoch 12: val_loss did not improve from 0.00003

Epoch 13: val_loss did not improve from 0.00003

Epoch 8: val_loss improved from 0.00002 to 0.00002, saving model to /p/project1/cesmtst/patakchiyousefi1/HPT/mse_64_0.0001_1e-17_0.5_4_4_16_0.5_128_0.0_unet-m_day02.h5

Epoch 8: val_loss improved from 0.00003 to 0.00002, saving model to /p/project1/cesmtst/patakchiyousefi1/HPT/mse_64_1e-05_1e-17_0.5_4_4_16_0.5_128_0.0_unet-m_day02.h5

Epoch 13: val_loss did not improve from 0.00002

Epoch 8: val_loss did not improve from 0.00004

Epoch 13: val_loss did not improve from 0.00003

Epoch 14: val_loss improved from 0.00003 to 0.00003, saving model to /p/project1/cesmtst/patakchiyousefi1/HPT/mse_64_1e-05_1e-17_0.5_4_8_16_0.5_128_0.0_unet-m_day02.h5

Epoch 14: val_loss did not improve from 0.00003

Epoch 8: val_loss did not improve from 0.00002

Epoch 14: val_loss did not improve from 0.00002

Epoch 5: val_loss improved from 0.00003 to 0.00002, saving model to /p/project1/cesmtst/patakchiyousefi1/HPT/mse_64_1e-05_1e-17_0.5_4_2_16_0.5_128_0.0_unet-m_day02.h5

Epoch 14: val_loss did not improve from 0.00003

Epoch 15: val_loss improved from 0.00003 to 0.00002, saving model to /p/project1/cesmtst/patakchiyousefi1/HPT/mse_64_1e-05_1e-17_0.5_4_8_16_0.5_128_0.0_unet-m_day02.h5

Epoch 15: val_loss improved from 0.00003 to 0.00003, saving model to /p/project1/cesmtst/patakchiyousefi1/HPT/mse_64_0.001_1e-17_0.5_4_8_16_0.5_128_0.0_unet-m_day02.h5

Epoch 5: val_loss improved from 0.00002 to 0.00002, saving model to /p/project1/cesmtst/patakchiyousefi1/HPT/mse_64_0.0001_1e-17_0.5_4_2_16_0.5_128_0.0_unet-m_day02.h5

Epoch 9: val_loss improved from 0.00002 to 0.00002, saving model to /p/project1/cesmtst/patakchiyousefi1/HPT/mse_64_0.0001_1e-17_0.5_4_4_16_0.5_128_0.0_unet-m_day02.h5

Epoch 5: val_loss improved from 0.00004 to 0.00003, saving model to /p/project1/cesmtst/patakchiyousefi1/HPT/mse_64_0.01_1e-17_0.5_4_2_16_0.5_128_0.0_unet-m_day02.h5

Epoch 9: val_loss improved from 0.00002 to 0.00002, saving model to /p/project1/cesmtst/patakchiyousefi1/HPT/mse_64_1e-05_1e-17_0.5_4_4_16_0.5_128_0.0_unet-m_day02.h5

Epoch 9: val_loss did not improve from 0.00004

Epoch 5: val_loss did not improve from 0.00003

Epoch 15: val_loss improved from 0.00002 to 0.00002, saving model to /p/project1/cesmtst/patakchiyousefi1/HPT/mse_64_0.0001_1e-17_0.5_4_8_16_0.5_128_0.0_unet-m_day02.h5

Epoch 15: val_loss did not improve from 0.00003

Epoch 16: val_loss improved from 0.00002 to 0.00002, saving model to /p/project1/cesmtst/patakchiyousefi1/HPT/mse_64_1e-05_1e-17_0.5_4_8_16_0.5_128_0.0_unet-m_day02.h5

Epoch 9: val_loss did not improve from 0.00002

Epoch 16: val_loss did not improve from 0.00003

Epoch 3: val_loss improved from 0.00004 to 0.00003, saving model to /p/project1/cesmtst/patakchiyousefi1/HPT/mse_64_1e-05_1e-17_0.5_4_1_16_0.5_128_0.0_unet-m_day02.h5

Epoch 3: val_loss did not improve from 0.00002

Epoch 3: val_loss improved from 0.00003 to 0.00003, saving model to /p/project1/cesmtst/patakchiyousefi1/HPT/mse_64_0.001_1e-17_0.5_4_1_16_0.5_128_0.0_unet-m_day02.h5

Epoch 16: val_loss did not improve from 0.00002

Epoch 10: val_loss improved from 0.00002 to 0.00002, saving model to /p/project1/cesmtst/patakchiyousefi1/HPT/mse_64_0.0001_1e-17_0.5_4_4_16_0.5_128_0.0_unet-m_day02.h5

Epoch 16: val_loss did not improve from 0.00003

Epoch 17: val_loss improved from 0.00002 to 0.00002, saving model to /p/project1/cesmtst/patakchiyousefi1/HPT/mse_64_1e-05_1e-17_0.5_4_8_16_0.5_128_0.0_unet-m_day02.h5

Epoch 3: val_loss did not improve from 0.00002

Epoch 17: val_loss improved from 0.00003 to 0.00002, saving model to /p/project1/cesmtst/patakchiyousefi1/HPT/mse_64_0.001_1e-17_0.5_4_8_16_0.5_128_0.0_unet-m_day02.h5

Epoch 10: val_loss improved from 0.00002 to 0.00002, saving model to /p/project1/cesmtst/patakchiyousefi1/HPT/mse_64_1e-05_1e-17_0.5_4_4_16_0.5_128_0.0_unet-m_day02.h5

Epoch 10: val_loss improved from 0.00004 to 0.00003, saving model to /p/project1/cesmtst/patakchiyousefi1/HPT/mse_64_0.01_1e-17_0.5_4_4_16_0.5_128_0.0_unet-m_day02.h5

Epoch 17: val_loss did not improve from 0.00002

Epoch 6: val_loss improved from 0.00002 to 0.00002, saving model to /p/project1/cesmtst/patakchiyousefi1/HPT/mse_64_1e-05_1e-17_0.5_4_2_16_0.5_128_0.0_unet-m_day02.h5

Epoch 10: val_loss did not improve from 0.00002

Epoch 17: val_loss did not improve from 0.00003

Epoch 18: val_loss improved from 0.00002 to 0.00002, saving model to /p/project1/cesmtst/patakchiyousefi1/HPT/mse_64_1e-05_1e-17_0.5_4_8_16_0.5_128_0.0_unet-m_day02.h5

Epoch 18: val_loss improved from 0.00002 to 0.00002, saving model to /p/project1/cesmtst/patakchiyousefi1/HPT/mse_64_0.001_1e-17_0.5_4_8_16_0.5_128_0.0_unet-m_day02.h5

Epoch 6: val_loss improved from 0.00002 to 0.00002, saving model to /p/project1/cesmtst/patakchiyousefi1/HPT/mse_64_0.0001_1e-17_0.5_4_2_16_0.5_128_0.0_unet-m_day02.h5

Epoch 6: val_loss improved from 0.00003 to 0.00003, saving model to /p/project1/cesmtst/patakchiyousefi1/HPT/mse_64_0.01_1e-17_0.5_4_2_16_0.5_128_0.0_unet-m_day02.h5

Epoch 6: val_loss did not improve from 0.00003

Epoch 11: val_loss did not improve from 0.00002

Epoch 18: val_loss did not improve from 0.00002

Epoch 11: val_loss improved from 0.00002 to 0.00002, saving model to /p/project1/cesmtst/patakchiyousefi1/HPT/mse_64_1e-05_1e-17_0.5_4_4_16_0.5_128_0.0_unet-m_day02.h5

Epoch 18: val_loss did not improve from 0.00003

Epoch 11: val_loss improved from 0.00003 to 0.00003, saving model to /p/project1/cesmtst/patakchiyousefi1/HPT/mse_64_0.01_1e-17_0.5_4_4_16_0.5_128_0.0_unet-m_day02.h5

Epoch 19: val_loss did not improve from 0.00002

Epoch 19: val_loss improved from 0.00002 to 0.00002, saving model to /p/project1/cesmtst/patakchiyousefi1/HPT/mse_64_1e-05_1e-17_0.5_4_8_16_0.5_128_0.0_unet-m_day02.h5

Epoch 11: val_loss improved from 0.00002 to 0.00002, saving model to /p/project1/cesmtst/patakchiyousefi1/HPT/mse_64_0.001_1e-17_0.5_4_4_16_0.5_128_0.0_unet-m_day02.h5

Epoch 19: val_loss did not improve from 0.00002

Epoch 19: val_loss did not improve from 0.00003

Epoch 20: val_loss did not improve from 0.00002

Epoch 12: val_loss did not improve from 0.00002

Epoch 12: val_loss improved from 0.00002 to 0.00002, saving model to /p/project1/cesmtst/patakchiyousefi1/HPT/mse_64_1e-05_1e-17_0.5_4_4_16_0.5_128_0.0_unet-m_day02.h5

Epoch 12: val_loss improved from 0.00003 to 0.00003, saving model to /p/project1/cesmtst/patakchiyousefi1/HPT/mse_64_0.01_1e-17_0.5_4_4_16_0.5_128_0.0_unet-m_day02.h5

Epoch 20: val_loss did not improve from 0.00002

Epoch 20: val_loss improved from 0.00002 to 0.00002, saving model to /p/project1/cesmtst/patakchiyousefi1/HPT/mse_64_1e-05_1e-17_0.5_4_8_16_0.5_128_0.0_unet-m_day02.h5

Epoch 20: val_loss did not improve from 0.00003

Epoch 7: val_loss did not improve from 0.00002

Epoch 7: val_loss improved from 0.00002 to 0.00002, saving model to /p/project1/cesmtst/patakchiyousefi1/HPT/mse_64_1e-05_1e-17_0.5_4_2_16_0.5_128_0.0_unet-m_day02.h5

Epoch 21: val_loss did not improve from 0.00002

Epoch 12: val_loss improved from 0.00002 to 0.00002, saving model to /p/project1/cesmtst/patakchiyousefi1/HPT/mse_64_0.001_1e-17_0.5_4_4_16_0.5_128_0.0_unet-m_day02.h5

Epoch 7: val_loss improved from 0.00003 to 0.00003, saving model to /p/project1/cesmtst/patakchiyousefi1/HPT/mse_64_0.01_1e-17_0.5_4_2_16_0.5_128_0.0_unet-m_day02.h5

Epoch 7: val_loss did not improve from 0.00003

Epoch 21: val_loss did not improve from 0.00002

Epoch 4: val_loss improved from 0.00003 to 0.00002, saving model to /p/project1/cesmtst/patakchiyousefi1/HPT/mse_64_1e-05_1e-17_0.5_4_1_16_0.5_128_0.0_unet-m_day02.h5

Epoch 21: val_loss improved from 0.00002 to 0.00002, saving model to /p/project1/cesmtst/patakchiyousefi1/HPT/mse_64_1e-05_1e-17_0.5_4_8_16_0.5_128_0.0_unet-m_day02.h5

Epoch 13: val_loss did not improve from 0.00002

Epoch 21: val_loss did not improve from 0.00003
Saving and plotting the results...

Epoch 22: val_loss did not improve from 0.00002

Epoch 4: val_loss did not improve from 0.00002

Epoch 4: val_loss did not improve from 0.00003

Epoch 13: val_loss improved from 0.00002 to 0.00002, saving model to /p/project1/cesmtst/patakchiyousefi1/HPT/mse_64_1e-05_1e-17_0.5_4_4_16_0.5_128_0.0_unet-m_day02.h5

Epoch 13: val_loss did not improve from 0.00003

Epoch 4: val_loss improved from 0.00002 to 0.00002, saving model to /p/project1/cesmtst/patakchiyousefi1/HPT/mse_64_0.01_1e-17_0.5_4_1_16_0.5_128_0.0_unet-m_day02.h5

Epoch 22: val_loss did not improve from 0.00002

Epoch 22: val_loss improved from 0.00002 to 0.00002, saving model to /p/project1/cesmtst/patakchiyousefi1/HPT/mse_64_1e-05_1e-17_0.5_4_8_16_0.5_128_0.0_unet-m_day02.h5

Epoch 13: val_loss did not improve from 0.00002

Epoch 23: val_loss did not improve from 0.00002

Epoch 14: val_loss did not improve from 0.00002

Epoch 23: val_loss did not improve from 0.00002

Epoch 23: val_loss improved from 0.00002 to 0.00002, saving model to /p/project1/cesmtst/patakchiyousefi1/HPT/mse_64_1e-05_1e-17_0.5_4_8_16_0.5_128_0.0_unet-m_day02.h5

Epoch 14: val_loss improved from 0.00002 to 0.00002, saving model to /p/project1/cesmtst/patakchiyousefi1/HPT/mse_64_1e-05_1e-17_0.5_4_4_16_0.5_128_0.0_unet-m_day02.h5

Epoch 14: val_loss did not improve from 0.00003

Epoch 24: val_loss did not improve from 0.00002

Epoch 8: val_loss improved from 0.00002 to 0.00002, saving model to /p/project1/cesmtst/patakchiyousefi1/HPT/mse_64_1e-05_1e-17_0.5_4_2_16_0.5_128_0.0_unet-m_day02.h5

Epoch 8: val_loss did not improve from 0.00003

Epoch 8: val_loss improved from 0.00002 to 0.00002, saving model to /p/project1/cesmtst/patakchiyousefi1/HPT/mse_64_0.0001_1e-17_0.5_4_2_16_0.5_128_0.0_unet-m_day02.h5

Epoch 8: val_loss improved from 0.00003 to 0.00002, saving model to /p/project1/cesmtst/patakchiyousefi1/HPT/mse_64_0.001_1e-17_0.5_4_2_16_0.5_128_0.0_unet-m_day02.h5

Epoch 14: val_loss improved from 0.00002 to 0.00002, saving model to /p/project1/cesmtst/patakchiyousefi1/HPT/mse_64_0.001_1e-17_0.5_4_4_16_0.5_128_0.0_unet-m_day02.h5

Epoch 24: val_loss did not improve from 0.00002

Epoch 24: val_loss improved from 0.00002 to 0.00002, saving model to /p/project1/cesmtst/patakchiyousefi1/HPT/mse_64_1e-05_1e-17_0.5_4_8_16_0.5_128_0.0_unet-m_day02.h5

Epoch 25: val_loss did not improve from 0.00002

Epoch 15: val_loss did not improve from 0.00002

Epoch 15: val_loss improved from 0.00002 to 0.00002, saving model to /p/project1/cesmtst/patakchiyousefi1/HPT/mse_64_1e-05_1e-17_0.5_4_4_16_0.5_128_0.0_unet-m_day02.h5

Epoch 25: val_loss did not improve from 0.00002

Epoch 15: val_loss did not improve from 0.00003

Epoch 25: val_loss improved from 0.00002 to 0.00002, saving model to /p/project1/cesmtst/patakchiyousefi1/HPT/mse_64_1e-05_1e-17_0.5_4_8_16_0.5_128_0.0_unet-m_day02.h5

Epoch 26: val_loss did not improve from 0.00002

Epoch 15: val_loss did not improve from 0.00002

Epoch 26: val_loss did not improve from 0.00002

Epoch 26: val_loss improved from 0.00002 to 0.00002, saving model to /p/project1/cesmtst/patakchiyousefi1/HPT/mse_64_1e-05_1e-17_0.5_4_8_16_0.5_128_0.0_unet-m_day02.h5

Epoch 16: val_loss did not improve from 0.00002

Epoch 9: val_loss improved from 0.00002 to 0.00002, saving model to /p/project1/cesmtst/patakchiyousefi1/HPT/mse_64_1e-05_1e-17_0.5_4_2_16_0.5_128_0.0_unet-m_day02.h5

Epoch 27: val_loss did not improve from 0.00002

Epoch 9: val_loss did not improve from 0.00003

Epoch 9: val_loss did not improve from 0.00002

Epoch 5: val_loss improved from 0.00002 to 0.00002, saving model to /p/project1/cesmtst/patakchiyousefi1/HPT/mse_64_1e-05_1e-17_0.5_4_1_16_0.5_128_0.0_unet-m_day02.h5

Epoch 16: val_loss improved from 0.00002 to 0.00002, saving model to /p/project1/cesmtst/patakchiyousefi1/HPT/mse_64_1e-05_1e-17_0.5_4_4_16_0.5_128_0.0_unet-m_day02.h5

Epoch 16: val_loss did not improve from 0.00003

Epoch 9: val_loss did not improve from 0.00002

Epoch 5: val_loss did not improve from 0.00002

Epoch 27: val_loss did not improve from 0.00002

Epoch 5: val_loss did not improve from 0.00003

Epoch 27: val_loss improved from 0.00002 to 0.00002, saving model to /p/project1/cesmtst/patakchiyousefi1/HPT/mse_64_1e-05_1e-17_0.5_4_8_16_0.5_128_0.0_unet-m_day02.h5

Epoch 16: val_loss did not improve from 0.00002

Epoch 28: val_loss did not improve from 0.00002

Epoch 5: val_loss did not improve from 0.00002

Epoch 17: val_loss did not improve from 0.00002

Epoch 28: val_loss did not improve from 0.00002

Epoch 28: val_loss improved from 0.00002 to 0.00002, saving model to /p/project1/cesmtst/patakchiyousefi1/HPT/mse_64_1e-05_1e-17_0.5_4_8_16_0.5_128_0.0_unet-m_day02.h5

Epoch 17: val_loss improved from 0.00002 to 0.00002, saving model to /p/project1/cesmtst/patakchiyousefi1/HPT/mse_64_1e-05_1e-17_0.5_4_4_16_0.5_128_0.0_unet-m_day02.h5

Epoch 29: val_loss did not improve from 0.00002

Epoch 17: val_loss did not improve from 0.00003

Epoch 17: val_loss did not improve from 0.00002

Epoch 29: val_loss did not improve from 0.00002

Epoch 29: val_loss improved from 0.00002 to 0.00002, saving model to /p/project1/cesmtst/patakchiyousefi1/HPT/mse_64_1e-05_1e-17_0.5_4_8_16_0.5_128_0.0_unet-m_day02.h5

Epoch 30: val_loss did not improve from 0.00002

Epoch 10: val_loss improved from 0.00002 to 0.00002, saving model to /p/project1/cesmtst/patakchiyousefi1/HPT/mse_64_1e-05_1e-17_0.5_4_2_16_0.5_128_0.0_unet-m_day02.h5

Epoch 10: val_loss did not improve from 0.00003

Epoch 10: val_loss did not improve from 0.00002

Epoch 18: val_loss did not improve from 0.00002

Epoch 10: val_loss did not improve from 0.00002

Epoch 30: val_loss did not improve from 0.00002

Epoch 18: val_loss improved from 0.00002 to 0.00002, saving model to /p/project1/cesmtst/patakchiyousefi1/HPT/mse_64_1e-05_1e-17_0.5_4_4_16_0.5_128_0.0_unet-m_day02.h5

Epoch 18: val_loss did not improve from 0.00003

Epoch 30: val_loss improved from 0.00002 to 0.00002, saving model to /p/project1/cesmtst/patakchiyousefi1/HPT/mse_64_1e-05_1e-17_0.5_4_8_16_0.5_128_0.0_unet-m_day02.h5

Epoch 31: val_loss did not improve from 0.00002

Epoch 18: val_loss did not improve from 0.00002

Epoch 31: val_loss did not improve from 0.00002
Saving and plotting the results...

Epoch 31: val_loss improved from 0.00002 to 0.00002, saving model to /p/project1/cesmtst/patakchiyousefi1/HPT/mse_64_1e-05_1e-17_0.5_4_8_16_0.5_128_0.0_unet-m_day02.h5

Epoch 32: val_loss did not improve from 0.00002

Epoch 19: val_loss did not improve from 0.00002

Epoch 19: val_loss improved from 0.00002 to 0.00002, saving model to /p/project1/cesmtst/patakchiyousefi1/HPT/mse_64_1e-05_1e-17_0.5_4_4_16_0.5_128_0.0_unet-m_day02.h5

Epoch 19: val_loss did not improve from 0.00003

Epoch 6: val_loss improved from 0.00002 to 0.00002, saving model to /p/project1/cesmtst/patakchiyousefi1/HPT/mse_64_1e-05_1e-17_0.5_4_1_16_0.5_128_0.0_unet-m_day02.h5

Epoch 32: val_loss improved from 0.00002 to 0.00002, saving model to /p/project1/cesmtst/patakchiyousefi1/HPT/mse_64_1e-05_1e-17_0.5_4_8_16_0.5_128_0.0_unet-m_day02.h5

Epoch 33: val_loss did not improve from 0.00002

Epoch 19: val_loss did not improve from 0.00002

Epoch 11: val_loss improved from 0.00002 to 0.00002, saving model to /p/project1/cesmtst/patakchiyousefi1/HPT/mse_64_1e-05_1e-17_0.5_4_2_16_0.5_128_0.0_unet-m_day02.h5

Epoch 11: val_loss improved from 0.00003 to 0.00003, saving model to /p/project1/cesmtst/patakchiyousefi1/HPT/mse_64_0.01_1e-17_0.5_4_2_16_0.5_128_0.0_unet-m_day02.h5

Epoch 11: val_loss did not improve from 0.00002

Epoch 6: val_loss did not improve from 0.00002

Epoch 11: val_loss did not improve from 0.00002

Epoch 6: val_loss improved from 0.00003 to 0.00002, saving model to /p/project1/cesmtst/patakchiyousefi1/HPT/mse_64_0.001_1e-17_0.5_4_1_16_0.5_128_0.0_unet-m_day02.h5

Epoch 20: val_loss did not improve from 0.00002

Epoch 6: val_loss did not improve from 0.00002

Epoch 33: val_loss improved from 0.00002 to 0.00002, saving model to /p/project1/cesmtst/patakchiyousefi1/HPT/mse_64_1e-05_1e-17_0.5_4_8_16_0.5_128_0.0_unet-m_day02.h5

Epoch 34: val_loss did not improve from 0.00002
Saving and plotting the results...

Epoch 20: val_loss improved from 0.00002 to 0.00002, saving model to /p/project1/cesmtst/patakchiyousefi1/HPT/mse_64_1e-05_1e-17_0.5_4_4_16_0.5_128_0.0_unet-m_day02.h5

Epoch 20: val_loss did not improve from 0.00003

Epoch 20: val_loss did not improve from 0.00002

Epoch 34: val_loss improved from 0.00002 to 0.00002, saving model to /p/project1/cesmtst/patakchiyousefi1/HPT/mse_64_1e-05_1e-17_0.5_4_8_16_0.5_128_0.0_unet-m_day02.h5

Epoch 21: val_loss did not improve from 0.00002

Epoch 21: val_loss improved from 0.00002 to 0.00002, saving model to /p/project1/cesmtst/patakchiyousefi1/HPT/mse_64_1e-05_1e-17_0.5_4_4_16_0.5_128_0.0_unet-m_day02.h5

Epoch 35: val_loss improved from 0.00002 to 0.00002, saving model to /p/project1/cesmtst/patakchiyousefi1/HPT/mse_64_1e-05_1e-17_0.5_4_8_16_0.5_128_0.0_unet-m_day02.h5

Epoch 21: val_loss did not improve from 0.00003

Epoch 12: val_loss improved from 0.00002 to 0.00002, saving model to /p/project1/cesmtst/patakchiyousefi1/HPT/mse_64_1e-05_1e-17_0.5_4_2_16_0.5_128_0.0_unet-m_day02.h5

Epoch 12: val_loss did not improve from 0.00003

Epoch 12: val_loss did not improve from 0.00002

Epoch 12: val_loss did not improve from 0.00002

Epoch 21: val_loss did not improve from 0.00002

Epoch 36: val_loss improved from 0.00002 to 0.00002, saving model to /p/project1/cesmtst/patakchiyousefi1/HPT/mse_64_1e-05_1e-17_0.5_4_8_16_0.5_128_0.0_unet-m_day02.h5

Epoch 22: val_loss did not improve from 0.00002

Epoch 22: val_loss improved from 0.00002 to 0.00002, saving model to /p/project1/cesmtst/patakchiyousefi1/HPT/mse_64_1e-05_1e-17_0.5_4_4_16_0.5_128_0.0_unet-m_day02.h5

Epoch 22: val_loss did not improve from 0.00003

Epoch 37: val_loss improved from 0.00002 to 0.00002, saving model to /p/project1/cesmtst/patakchiyousefi1/HPT/mse_64_1e-05_1e-17_0.5_4_8_16_0.5_128_0.0_unet-m_day02.h5

Epoch 22: val_loss did not improve from 0.00002

Epoch 7: val_loss improved from 0.00002 to 0.00002, saving model to /p/project1/cesmtst/patakchiyousefi1/HPT/mse_64_1e-05_1e-17_0.5_4_1_16_0.5_128_0.0_unet-m_day02.h5

Epoch 7: val_loss did not improve from 0.00002

Epoch 23: val_loss did not improve from 0.00002

Epoch 38: val_loss improved from 0.00002 to 0.00002, saving model to /p/project1/cesmtst/patakchiyousefi1/HPT/mse_64_1e-05_1e-17_0.5_4_8_16_0.5_128_0.0_unet-m_day02.h5

Epoch 7: val_loss improved from 0.00002 to 0.00002, saving model to /p/project1/cesmtst/patakchiyousefi1/HPT/mse_64_0.001_1e-17_0.5_4_1_16_0.5_128_0.0_unet-m_day02.h5

Epoch 13: val_loss improved from 0.00002 to 0.00002, saving model to /p/project1/cesmtst/patakchiyousefi1/HPT/mse_64_1e-05_1e-17_0.5_4_2_16_0.5_128_0.0_unet-m_day02.h5

Epoch 13: val_loss improved from 0.00003 to 0.00003, saving model to /p/project1/cesmtst/patakchiyousefi1/HPT/mse_64_0.01_1e-17_0.5_4_2_16_0.5_128_0.0_unet-m_day02.h5

Epoch 23: val_loss improved from 0.00002 to 0.00002, saving model to /p/project1/cesmtst/patakchiyousefi1/HPT/mse_64_1e-05_1e-17_0.5_4_4_16_0.5_128_0.0_unet-m_day02.h5

Epoch 13: val_loss did not improve from 0.00002

Epoch 23: val_loss did not improve from 0.00003

Epoch 7: val_loss improved from 0.00002 to 0.00002, saving model to /p/project1/cesmtst/patakchiyousefi1/HPT/mse_64_0.01_1e-17_0.5_4_1_16_0.5_128_0.0_unet-m_day02.h5

Epoch 13: val_loss did not improve from 0.00002

Epoch 23: val_loss improved from 0.00002 to 0.00002, saving model to /p/project1/cesmtst/patakchiyousefi1/HPT/mse_64_0.001_1e-17_0.5_4_4_16_0.5_128_0.0_unet-m_day02.h5

Epoch 39: val_loss improved from 0.00002 to 0.00002, saving model to /p/project1/cesmtst/patakchiyousefi1/HPT/mse_64_1e-05_1e-17_0.5_4_8_16_0.5_128_0.0_unet-m_day02.h5

Epoch 24: val_loss did not improve from 0.00002

Epoch 24: val_loss improved from 0.00002 to 0.00002, saving model to /p/project1/cesmtst/patakchiyousefi1/HPT/mse_64_1e-05_1e-17_0.5_4_4_16_0.5_128_0.0_unet-m_day02.h5

Epoch 40: val_loss improved from 0.00002 to 0.00002, saving model to /p/project1/cesmtst/patakchiyousefi1/HPT/mse_64_1e-05_1e-17_0.5_4_8_16_0.5_128_0.0_unet-m_day02.h5

Epoch 24: val_loss did not improve from 0.00003

Epoch 24: val_loss did not improve from 0.00002

Epoch 41: val_loss improved from 0.00002 to 0.00002, saving model to /p/project1/cesmtst/patakchiyousefi1/HPT/mse_64_1e-05_1e-17_0.5_4_8_16_0.5_128_0.0_unet-m_day02.h5

Epoch 14: val_loss improved from 0.00002 to 0.00002, saving model to /p/project1/cesmtst/patakchiyousefi1/HPT/mse_64_1e-05_1e-17_0.5_4_2_16_0.5_128_0.0_unet-m_day02.h5

Epoch 14: val_loss did not improve from 0.00003

Epoch 14: val_loss did not improve from 0.00002

Epoch 25: val_loss did not improve from 0.00002

Epoch 14: val_loss did not improve from 0.00002

Epoch 25: val_loss improved from 0.00002 to 0.00002, saving model to /p/project1/cesmtst/patakchiyousefi1/HPT/mse_64_1e-05_1e-17_0.5_4_4_16_0.5_128_0.0_unet-m_day02.h5

Epoch 25: val_loss did not improve from 0.00003

Epoch 42: val_loss improved from 0.00002 to 0.00002, saving model to /p/project1/cesmtst/patakchiyousefi1/HPT/mse_64_1e-05_1e-17_0.5_4_8_16_0.5_128_0.0_unet-m_day02.h5

Epoch 25: val_loss did not improve from 0.00002

Epoch 8: val_loss improved from 0.00002 to 0.00002, saving model to /p/project1/cesmtst/patakchiyousefi1/HPT/mse_64_1e-05_1e-17_0.5_4_1_16_0.5_128_0.0_unet-m_day02.h5

Epoch 43: val_loss improved from 0.00002 to 0.00002, saving model to /p/project1/cesmtst/patakchiyousefi1/HPT/mse_64_1e-05_1e-17_0.5_4_8_16_0.5_128_0.0_unet-m_day02.h5

Epoch 26: val_loss did not improve from 0.00002
Saving and plotting the results...

Epoch 26: val_loss improved from 0.00002 to 0.00002, saving model to /p/project1/cesmtst/patakchiyousefi1/HPT/mse_64_1e-05_1e-17_0.5_4_4_16_0.5_128_0.0_unet-m_day02.h5

Epoch 8: val_loss improved from 0.00002 to 0.00002, saving model to /p/project1/cesmtst/patakchiyousefi1/HPT/mse_64_0.0001_1e-17_0.5_4_1_16_0.5_128_0.0_unet-m_day02.h5

Epoch 26: val_loss did not improve from 0.00003

Epoch 8: val_loss improved from 0.00002 to 0.00002, saving model to /p/project1/cesmtst/patakchiyousefi1/HPT/mse_64_0.001_1e-17_0.5_4_1_16_0.5_128_0.0_unet-m_day02.h5

Epoch 26: val_loss did not improve from 0.00002

Epoch 8: val_loss improved from 0.00002 to 0.00002, saving model to /p/project1/cesmtst/patakchiyousefi1/HPT/mse_64_0.01_1e-17_0.5_4_1_16_0.5_128_0.0_unet-m_day02.h5

Epoch 44: val_loss improved from 0.00002 to 0.00002, saving model to /p/project1/cesmtst/patakchiyousefi1/HPT/mse_64_1e-05_1e-17_0.5_4_8_16_0.5_128_0.0_unet-m_day02.h5

Epoch 15: val_loss improved from 0.00002 to 0.00002, saving model to /p/project1/cesmtst/patakchiyousefi1/HPT/mse_64_1e-05_1e-17_0.5_4_2_16_0.5_128_0.0_unet-m_day02.h5

Epoch 15: val_loss did not improve from 0.00002

Epoch 15: val_loss did not improve from 0.00003

Epoch 15: val_loss did not improve from 0.00002

Epoch 27: val_loss did not improve from 0.00002

Epoch 45: val_loss improved from 0.00002 to 0.00002, saving model to /p/project1/cesmtst/patakchiyousefi1/HPT/mse_64_1e-05_1e-17_0.5_4_8_16_0.5_128_0.0_unet-m_day02.h5

Epoch 27: val_loss did not improve from 0.00003

Epoch 27: val_loss did not improve from 0.00002

Epoch 46: val_loss improved from 0.00002 to 0.00002, saving model to /p/project1/cesmtst/patakchiyousefi1/HPT/mse_64_1e-05_1e-17_0.5_4_8_16_0.5_128_0.0_unet-m_day02.h5

Epoch 28: val_loss did not improve from 0.00002

Epoch 28: val_loss did not improve from 0.00003
Saving and plotting the results...

Epoch 47: val_loss did not improve from 0.00002

Epoch 28: val_loss did not improve from 0.00002

Epoch 16: val_loss did not improve from 0.00003

Epoch 16: val_loss improved from 0.00002 to 0.00002, saving model to /p/project1/cesmtst/patakchiyousefi1/HPT/mse_64_1e-05_1e-17_0.5_4_2_16_0.5_128_0.0_unet-m_day02.h5

Epoch 16: val_loss did not improve from 0.00002

Epoch 16: val_loss did not improve from 0.00002

Epoch 48: val_loss did not improve from 0.00002

Epoch 29: val_loss did not improve from 0.00002

Epoch 9: val_loss improved from 0.00002 to 0.00002, saving model to /p/project1/cesmtst/patakchiyousefi1/HPT/mse_64_1e-05_1e-17_0.5_4_1_16_0.5_128_0.0_unet-m_day02.h5

Epoch 29: val_loss did not improve from 0.00002

Epoch 9: val_loss improved from 0.00002 to 0.00002, saving model to /p/project1/cesmtst/patakchiyousefi1/HPT/mse_64_0.0001_1e-17_0.5_4_1_16_0.5_128_0.0_unet-m_day02.h5

Epoch 49: val_loss did not improve from 0.00002

Epoch 9: val_loss did not improve from 0.00002

Epoch 9: val_loss improved from 0.00002 to 0.00002, saving model to /p/project1/cesmtst/patakchiyousefi1/HPT/mse_64_0.01_1e-17_0.5_4_1_16_0.5_128_0.0_unet-m_day02.h5

Epoch 50: val_loss did not improve from 0.00002

Epoch 30: val_loss did not improve from 0.00002

Epoch 17: val_loss did not improve from 0.00003

Epoch 17: val_loss improved from 0.00002 to 0.00002, saving model to /p/project1/cesmtst/patakchiyousefi1/HPT/mse_64_1e-05_1e-17_0.5_4_2_16_0.5_128_0.0_unet-m_day02.h5

Epoch 17: val_loss did not improve from 0.00002

Epoch 30: val_loss did not improve from 0.00002

Epoch 17: val_loss did not improve from 0.00002

Epoch 51: val_loss improved from 0.00002 to 0.00002, saving model to /p/project1/cesmtst/patakchiyousefi1/HPT/mse_64_1e-05_1e-17_0.5_4_8_16_0.5_128_0.0_unet-m_day02.h5

Epoch 31: val_loss did not improve from 0.00002

Epoch 52: val_loss did not improve from 0.00002

Epoch 31: val_loss did not improve from 0.00002

Epoch 53: val_loss did not improve from 0.00002

Epoch 18: val_loss did not improve from 0.00003

Epoch 18: val_loss improved from 0.00002 to 0.00002, saving model to /p/project1/cesmtst/patakchiyousefi1/HPT/mse_64_1e-05_1e-17_0.5_4_2_16_0.5_128_0.0_unet-m_day02.h5

Epoch 18: val_loss did not improve from 0.00002

Epoch 32: val_loss did not improve from 0.00002

Epoch 32: val_loss improved from 0.00002 to 0.00002, saving model to /p/project1/cesmtst/patakchiyousefi1/HPT/mse_64_0.001_1e-17_0.5_4_4_16_0.5_128_0.0_unet-m_day02.h5

Epoch 18: val_loss did not improve from 0.00002

Epoch 54: val_loss did not improve from 0.00002

Epoch 10: val_loss improved from 0.00002 to 0.00002, saving model to /p/project1/cesmtst/patakchiyousefi1/HPT/mse_64_1e-05_1e-17_0.5_4_1_16_0.5_128_0.0_unet-m_day02.h5

Epoch 10: val_loss improved from 0.00002 to 0.00002, saving model to /p/project1/cesmtst/patakchiyousefi1/HPT/mse_64_0.0001_1e-17_0.5_4_1_16_0.5_128_0.0_unet-m_day02.h5

Epoch 10: val_loss improved from 0.00002 to 0.00002, saving model to /p/project1/cesmtst/patakchiyousefi1/HPT/mse_64_0.001_1e-17_0.5_4_1_16_0.5_128_0.0_unet-m_day02.h5

Epoch 55: val_loss did not improve from 0.00002

Epoch 33: val_loss did not improve from 0.00002

Epoch 33: val_loss improved from 0.00002 to 0.00002, saving model to /p/project1/cesmtst/patakchiyousefi1/HPT/mse_64_0.001_1e-17_0.5_4_4_16_0.5_128_0.0_unet-m_day02.h5

Epoch 10: val_loss improved from 0.00002 to 0.00002, saving model to /p/project1/cesmtst/patakchiyousefi1/HPT/mse_64_0.01_1e-17_0.5_4_1_16_0.5_128_0.0_unet-m_day02.h5

Epoch 56: val_loss did not improve from 0.00002

Epoch 19: val_loss did not improve from 0.00003

Epoch 19: val_loss did not improve from 0.00002

Epoch 19: val_loss did not improve from 0.00002

Epoch 19: val_loss did not improve from 0.00002

Epoch 57: val_loss did not improve from 0.00002

Epoch 34: val_loss did not improve from 0.00002

Epoch 34: val_loss improved from 0.00002 to 0.00002, saving model to /p/project1/cesmtst/patakchiyousefi1/HPT/mse_64_0.001_1e-17_0.5_4_4_16_0.5_128_0.0_unet-m_day02.h5

Epoch 58: val_loss did not improve from 0.00002

Epoch 35: val_loss did not improve from 0.00002

Epoch 35: val_loss improved from 0.00002 to 0.00002, saving model to /p/project1/cesmtst/patakchiyousefi1/HPT/mse_64_0.001_1e-17_0.5_4_4_16_0.5_128_0.0_unet-m_day02.h5

Epoch 59: val_loss did not improve from 0.00002

Epoch 20: val_loss did not improve from 0.00002

Epoch 20: val_loss did not improve from 0.00003

Epoch 11: val_loss improved from 0.00002 to 0.00002, saving model to /p/project1/cesmtst/patakchiyousefi1/HPT/mse_64_1e-05_1e-17_0.5_4_1_16_0.5_128_0.0_unet-m_day02.h5

Epoch 20: val_loss improved from 0.00002 to 0.00002, saving model to /p/project1/cesmtst/patakchiyousefi1/HPT/mse_64_1e-05_1e-17_0.5_4_2_16_0.5_128_0.0_unet-m_day02.h5

Epoch 20: val_loss improved from 0.00002 to 0.00002, saving model to /p/project1/cesmtst/patakchiyousefi1/HPT/mse_64_0.001_1e-17_0.5_4_2_16_0.5_128_0.0_unet-m_day02.h5

Epoch 11: val_loss improved from 0.00002 to 0.00002, saving model to /p/project1/cesmtst/patakchiyousefi1/HPT/mse_64_0.0001_1e-17_0.5_4_1_16_0.5_128_0.0_unet-m_day02.h5

Epoch 60: val_loss did not improve from 0.00002

Epoch 36: val_loss did not improve from 0.00002

Epoch 36: val_loss improved from 0.00002 to 0.00002, saving model to /p/project1/cesmtst/patakchiyousefi1/HPT/mse_64_0.001_1e-17_0.5_4_4_16_0.5_128_0.0_unet-m_day02.h5

Epoch 11: val_loss improved from 0.00002 to 0.00002, saving model to /p/project1/cesmtst/patakchiyousefi1/HPT/mse_64_0.001_1e-17_0.5_4_1_16_0.5_128_0.0_unet-m_day02.h5

Epoch 61: val_loss did not improve from 0.00002

Epoch 11: val_loss did not improve from 0.00002

Epoch 62: val_loss did not improve from 0.00002

Epoch 37: val_loss did not improve from 0.00002

Epoch 37: val_loss improved from 0.00002 to 0.00002, saving model to /p/project1/cesmtst/patakchiyousefi1/HPT/mse_64_0.001_1e-17_0.5_4_4_16_0.5_128_0.0_unet-m_day02.h5

Epoch 21: val_loss did not improve from 0.00002

Epoch 21: val_loss did not improve from 0.00003

Epoch 21: val_loss did not improve from 0.00002

Epoch 21: val_loss improved from 0.00002 to 0.00002, saving model to /p/project1/cesmtst/patakchiyousefi1/HPT/mse_64_0.001_1e-17_0.5_4_2_16_0.5_128_0.0_unet-m_day02.h5

Epoch 63: val_loss did not improve from 0.00002

Epoch 38: val_loss did not improve from 0.00002

Epoch 64: val_loss did not improve from 0.00002

Epoch 38: val_loss improved from 0.00002 to 0.00002, saving model to /p/project1/cesmtst/patakchiyousefi1/HPT/mse_64_0.001_1e-17_0.5_4_4_16_0.5_128_0.0_unet-m_day02.h5

Epoch 65: val_loss did not improve from 0.00002

Epoch 12: val_loss improved from 0.00002 to 0.00002, saving model to /p/project1/cesmtst/patakchiyousefi1/HPT/mse_64_1e-05_1e-17_0.5_4_1_16_0.5_128_0.0_unet-m_day02.h5

Epoch 22: val_loss did not improve from 0.00002

Epoch 39: val_loss did not improve from 0.00002

Epoch 22: val_loss improved from 0.00003 to 0.00003, saving model to /p/project1/cesmtst/patakchiyousefi1/HPT/mse_64_0.01_1e-17_0.5_4_2_16_0.5_128_0.0_unet-m_day02.h5

Epoch 12: val_loss did not improve from 0.00002

Epoch 22: val_loss did not improve from 0.00002

Epoch 39: val_loss improved from 0.00002 to 0.00002, saving model to /p/project1/cesmtst/patakchiyousefi1/HPT/mse_64_0.001_1e-17_0.5_4_4_16_0.5_128_0.0_unet-m_day02.h5

Epoch 66: val_loss did not improve from 0.00002

Epoch 22: val_loss improved from 0.00002 to 0.00002, saving model to /p/project1/cesmtst/patakchiyousefi1/HPT/mse_64_0.001_1e-17_0.5_4_2_16_0.5_128_0.0_unet-m_day02.h5

Epoch 12: val_loss improved from 0.00002 to 0.00002, saving model to /p/project1/cesmtst/patakchiyousefi1/HPT/mse_64_0.001_1e-17_0.5_4_1_16_0.5_128_0.0_unet-m_day02.h5

Epoch 12: val_loss improved from 0.00002 to 0.00002, saving model to /p/project1/cesmtst/patakchiyousefi1/HPT/mse_64_0.01_1e-17_0.5_4_1_16_0.5_128_0.0_unet-m_day02.h5

Epoch 67: val_loss did not improve from 0.00002
Saving and plotting the results...

Epoch 40: val_loss did not improve from 0.00002

Epoch 40: val_loss improved from 0.00002 to 0.00002, saving model to /p/project1/cesmtst/patakchiyousefi1/HPT/mse_64_0.001_1e-17_0.5_4_4_16_0.5_128_0.0_unet-m_day02.h5

Epoch 23: val_loss did not improve from 0.00002

Epoch 23: val_loss improved from 0.00003 to 0.00003, saving model to /p/project1/cesmtst/patakchiyousefi1/HPT/mse_64_0.01_1e-17_0.5_4_2_16_0.5_128_0.0_unet-m_day02.h5

Epoch 23: val_loss did not improve from 0.00002

Epoch 41: val_loss did not improve from 0.00002

Epoch 41: val_loss improved from 0.00002 to 0.00002, saving model to /p/project1/cesmtst/patakchiyousefi1/HPT/mse_64_0.001_1e-17_0.5_4_4_16_0.5_128_0.0_unet-m_day02.h5

Epoch 23: val_loss did not improve from 0.00002

Epoch 42: val_loss did not improve from 0.00002
Saving and plotting the results...

Epoch 13: val_loss did not improve from 0.00002

Epoch 42: val_loss improved from 0.00002 to 0.00002, saving model to /p/project1/cesmtst/patakchiyousefi1/HPT/mse_64_0.001_1e-17_0.5_4_4_16_0.5_128_0.0_unet-m_day02.h5

Epoch 13: val_loss did not improve from 0.00002

Epoch 24: val_loss did not improve from 0.00002
Saving and plotting the results...

Epoch 24: val_loss improved from 0.00003 to 0.00003, saving model to /p/project1/cesmtst/patakchiyousefi1/HPT/mse_64_0.01_1e-17_0.5_4_2_16_0.5_128_0.0_unet-m_day02.h5

Epoch 24: val_loss did not improve from 0.00002

Epoch 24: val_loss did not improve from 0.00002

Epoch 43: val_loss improved from 0.00002 to 0.00002, saving model to /p/project1/cesmtst/patakchiyousefi1/HPT/mse_64_0.001_1e-17_0.5_4_4_16_0.5_128_0.0_unet-m_day02.h5

Epoch 13: val_loss improved from 0.00002 to 0.00002, saving model to /p/project1/cesmtst/patakchiyousefi1/HPT/mse_64_0.001_1e-17_0.5_4_1_16_0.5_128_0.0_unet-m_day02.h5

Epoch 13: val_loss did not improve from 0.00002

Epoch 44: val_loss improved from 0.00002 to 0.00002, saving model to /p/project1/cesmtst/patakchiyousefi1/HPT/mse_64_0.001_1e-17_0.5_4_4_16_0.5_128_0.0_unet-m_day02.h5

Epoch 25: val_loss did not improve from 0.00003

Epoch 25: val_loss did not improve from 0.00002

Epoch 25: val_loss improved from 0.00002 to 0.00002, saving model to /p/project1/cesmtst/patakchiyousefi1/HPT/mse_64_0.001_1e-17_0.5_4_2_16_0.5_128_0.0_unet-m_day02.h5

Epoch 45: val_loss improved from 0.00002 to 0.00002, saving model to /p/project1/cesmtst/patakchiyousefi1/HPT/mse_64_0.001_1e-17_0.5_4_4_16_0.5_128_0.0_unet-m_day02.h5

Epoch 14: val_loss did not improve from 0.00002

Epoch 14: val_loss did not improve from 0.00002

Epoch 26: val_loss improved from 0.00003 to 0.00003, saving model to /p/project1/cesmtst/patakchiyousefi1/HPT/mse_64_0.01_1e-17_0.5_4_2_16_0.5_128_0.0_unet-m_day02.h5

Epoch 46: val_loss did not improve from 0.00002

Epoch 26: val_loss did not improve from 0.00002

Epoch 26: val_loss improved from 0.00002 to 0.00002, saving model to /p/project1/cesmtst/patakchiyousefi1/HPT/mse_64_0.001_1e-17_0.5_4_2_16_0.5_128_0.0_unet-m_day02.h5

Epoch 14: val_loss did not improve from 0.00002

Epoch 47: val_loss did not improve from 0.00002

Epoch 14: val_loss did not improve from 0.00002

Epoch 27: val_loss did not improve from 0.00003

Epoch 27: val_loss did not improve from 0.00002

Epoch 48: val_loss did not improve from 0.00002

Epoch 27: val_loss improved from 0.00002 to 0.00002, saving model to /p/project1/cesmtst/patakchiyousefi1/HPT/mse_64_0.001_1e-17_0.5_4_2_16_0.5_128_0.0_unet-m_day02.h5

Epoch 15: val_loss did not improve from 0.00002

Epoch 15: val_loss did not improve from 0.00002

Epoch 49: val_loss did not improve from 0.00002

Epoch 28: val_loss improved from 0.00003 to 0.00003, saving model to /p/project1/cesmtst/patakchiyousefi1/HPT/mse_64_0.01_1e-17_0.5_4_2_16_0.5_128_0.0_unet-m_day02.h5

Epoch 28: val_loss did not improve from 0.00002

Epoch 15: val_loss improved from 0.00002 to 0.00002, saving model to /p/project1/cesmtst/patakchiyousefi1/HPT/mse_64_0.001_1e-17_0.5_4_1_16_0.5_128_0.0_unet-m_day02.h5

Epoch 28: val_loss improved from 0.00002 to 0.00002, saving model to /p/project1/cesmtst/patakchiyousefi1/HPT/mse_64_0.001_1e-17_0.5_4_2_16_0.5_128_0.0_unet-m_day02.h5

Epoch 50: val_loss did not improve from 0.00002

Epoch 15: val_loss did not improve from 0.00002

Epoch 51: val_loss did not improve from 0.00002

Epoch 29: val_loss improved from 0.00003 to 0.00003, saving model to /p/project1/cesmtst/patakchiyousefi1/HPT/mse_64_0.01_1e-17_0.5_4_2_16_0.5_128_0.0_unet-m_day02.h5

Epoch 29: val_loss did not improve from 0.00002

Epoch 29: val_loss did not improve from 0.00002

Epoch 16: val_loss did not improve from 0.00002

Epoch 52: val_loss did not improve from 0.00002

Epoch 16: val_loss did not improve from 0.00002

Epoch 53: val_loss did not improve from 0.00002

Epoch 30: val_loss did not improve from 0.00003

Epoch 16: val_loss improved from 0.00002 to 0.00002, saving model to /p/project1/cesmtst/patakchiyousefi1/HPT/mse_64_0.001_1e-17_0.5_4_1_16_0.5_128_0.0_unet-m_day02.h5

Epoch 30: val_loss did not improve from 0.00002

Epoch 30: val_loss did not improve from 0.00002

Epoch 16: val_loss improved from 0.00002 to 0.00002, saving model to /p/project1/cesmtst/patakchiyousefi1/HPT/mse_64_0.01_1e-17_0.5_4_1_16_0.5_128_0.0_unet-m_day02.h5

Epoch 54: val_loss did not improve from 0.00002

Epoch 31: val_loss improved from 0.00003 to 0.00003, saving model to /p/project1/cesmtst/patakchiyousefi1/HPT/mse_64_0.01_1e-17_0.5_4_2_16_0.5_128_0.0_unet-m_day02.h5

Epoch 55: val_loss did not improve from 0.00002

Epoch 17: val_loss did not improve from 0.00002

Epoch 31: val_loss did not improve from 0.00002

Epoch 31: val_loss did not improve from 0.00002

Epoch 17: val_loss did not improve from 0.00002

Epoch 56: val_loss did not improve from 0.00002

Epoch 17: val_loss did not improve from 0.00002

Epoch 32: val_loss did not improve from 0.00003

Epoch 57: val_loss did not improve from 0.00002

Epoch 32: val_loss did not improve from 0.00002

Epoch 32: val_loss did not improve from 0.00002

Epoch 17: val_loss did not improve from 0.00002

Epoch 58: val_loss did not improve from 0.00002

Epoch 33: val_loss improved from 0.00003 to 0.00002, saving model to /p/project1/cesmtst/patakchiyousefi1/HPT/mse_64_0.01_1e-17_0.5_4_2_16_0.5_128_0.0_unet-m_day02.h5

Epoch 18: val_loss did not improve from 0.00002

Epoch 18: val_loss did not improve from 0.00002

Epoch 33: val_loss did not improve from 0.00002

Epoch 33: val_loss improved from 0.00002 to 0.00002, saving model to /p/project1/cesmtst/patakchiyousefi1/HPT/mse_64_0.001_1e-17_0.5_4_2_16_0.5_128_0.0_unet-m_day02.h5

Epoch 59: val_loss did not improve from 0.00002

Epoch 18: val_loss improved from 0.00002 to 0.00002, saving model to /p/project1/cesmtst/patakchiyousefi1/HPT/mse_64_0.001_1e-17_0.5_4_1_16_0.5_128_0.0_unet-m_day02.h5

Epoch 60: val_loss did not improve from 0.00002

Epoch 34: val_loss improved from 0.00002 to 0.00002, saving model to /p/project1/cesmtst/patakchiyousefi1/HPT/mse_64_0.01_1e-17_0.5_4_2_16_0.5_128_0.0_unet-m_day02.h5

Epoch 34: val_loss did not improve from 0.00002

Epoch 18: val_loss did not improve from 0.00002

Epoch 34: val_loss did not improve from 0.00002

Epoch 61: val_loss did not improve from 0.00002
Saving and plotting the results...

Epoch 19: val_loss did not improve from 0.00002

Epoch 19: val_loss did not improve from 0.00002

Epoch 35: val_loss improved from 0.00002 to 0.00002, saving model to /p/project1/cesmtst/patakchiyousefi1/HPT/mse_64_0.01_1e-17_0.5_4_2_16_0.5_128_0.0_unet-m_day02.h5

Epoch 35: val_loss did not improve from 0.00002

Epoch 35: val_loss did not improve from 0.00002

Epoch 19: val_loss did not improve from 0.00002

Epoch 19: val_loss did not improve from 0.00002

Epoch 36: val_loss did not improve from 0.00002

Epoch 36: val_loss did not improve from 0.00002
Saving and plotting the results...

Epoch 36: val_loss did not improve from 0.00002

Epoch 20: val_loss did not improve from 0.00002

Epoch 20: val_loss did not improve from 0.00002

Epoch 37: val_loss improved from 0.00002 to 0.00002, saving model to /p/project1/cesmtst/patakchiyousefi1/HPT/mse_64_0.01_1e-17_0.5_4_2_16_0.5_128_0.0_unet-m_day02.h5

Epoch 37: val_loss did not improve from 0.00002

Epoch 20: val_loss did not improve from 0.00002

Epoch 20: val_loss did not improve from 0.00002

Epoch 38: val_loss improved from 0.00002 to 0.00002, saving model to /p/project1/cesmtst/patakchiyousefi1/HPT/mse_64_0.01_1e-17_0.5_4_2_16_0.5_128_0.0_unet-m_day02.h5

Epoch 38: val_loss did not improve from 0.00002

Epoch 21: val_loss did not improve from 0.00002

Epoch 21: val_loss did not improve from 0.00002

Epoch 39: val_loss did not improve from 0.00002

Epoch 39: val_loss did not improve from 0.00002

Epoch 21: val_loss did not improve from 0.00002

Epoch 21: val_loss did not improve from 0.00002

Epoch 40: val_loss improved from 0.00002 to 0.00002, saving model to /p/project1/cesmtst/patakchiyousefi1/HPT/mse_64_0.01_1e-17_0.5_4_2_16_0.5_128_0.0_unet-m_day02.h5

Epoch 40: val_loss did not improve from 0.00002

Epoch 22: val_loss did not improve from 0.00002

Epoch 22: val_loss did not improve from 0.00002

Epoch 41: val_loss improved from 0.00002 to 0.00002, saving model to /p/project1/cesmtst/patakchiyousefi1/HPT/mse_64_0.01_1e-17_0.5_4_2_16_0.5_128_0.0_unet-m_day02.h5

Epoch 22: val_loss did not improve from 0.00002

Epoch 41: val_loss did not improve from 0.00002

Epoch 22: val_loss improved from 0.00002 to 0.00002, saving model to /p/project1/cesmtst/patakchiyousefi1/HPT/mse_64_0.01_1e-17_0.5_4_1_16_0.5_128_0.0_unet-m_day02.h5

Epoch 42: val_loss improved from 0.00002 to 0.00002, saving model to /p/project1/cesmtst/patakchiyousefi1/HPT/mse_64_0.01_1e-17_0.5_4_2_16_0.5_128_0.0_unet-m_day02.h5

Epoch 23: val_loss did not improve from 0.00002

Epoch 42: val_loss did not improve from 0.00002

Epoch 23: val_loss did not improve from 0.00002

Epoch 43: val_loss improved from 0.00002 to 0.00002, saving model to /p/project1/cesmtst/patakchiyousefi1/HPT/mse_64_0.01_1e-17_0.5_4_2_16_0.5_128_0.0_unet-m_day02.h5

Epoch 23: val_loss did not improve from 0.00002

Epoch 43: val_loss did not improve from 0.00002

Epoch 23: val_loss did not improve from 0.00002

Epoch 24: val_loss did not improve from 0.00002

Epoch 44: val_loss improved from 0.00002 to 0.00002, saving model to /p/project1/cesmtst/patakchiyousefi1/HPT/mse_64_0.01_1e-17_0.5_4_2_16_0.5_128_0.0_unet-m_day02.h5

Epoch 24: val_loss did not improve from 0.00002

Epoch 44: val_loss did not improve from 0.00002

Epoch 45: val_loss improved from 0.00002 to 0.00002, saving model to /p/project1/cesmtst/patakchiyousefi1/HPT/mse_64_0.01_1e-17_0.5_4_2_16_0.5_128_0.0_unet-m_day02.h5

Epoch 24: val_loss did not improve from 0.00002

Epoch 45: val_loss did not improve from 0.00002

Epoch 24: val_loss did not improve from 0.00002

Epoch 25: val_loss did not improve from 0.00002

Epoch 25: val_loss did not improve from 0.00002

Epoch 46: val_loss did not improve from 0.00002

Epoch 46: val_loss did not improve from 0.00002

Epoch 25: val_loss did not improve from 0.00002

Epoch 47: val_loss did not improve from 0.00002

Epoch 47: val_loss did not improve from 0.00002

Epoch 25: val_loss did not improve from 0.00002

Epoch 26: val_loss did not improve from 0.00002

Epoch 26: val_loss did not improve from 0.00002

Epoch 48: val_loss improved from 0.00002 to 0.00002, saving model to /p/project1/cesmtst/patakchiyousefi1/HPT/mse_64_0.01_1e-17_0.5_4_2_16_0.5_128_0.0_unet-m_day02.h5

Epoch 48: val_loss did not improve from 0.00002

Epoch 26: val_loss did not improve from 0.00002

Epoch 49: val_loss improved from 0.00002 to 0.00002, saving model to /p/project1/cesmtst/patakchiyousefi1/HPT/mse_64_0.01_1e-17_0.5_4_2_16_0.5_128_0.0_unet-m_day02.h5

Epoch 26: val_loss improved from 0.00002 to 0.00002, saving model to /p/project1/cesmtst/patakchiyousefi1/HPT/mse_64_0.01_1e-17_0.5_4_1_16_0.5_128_0.0_unet-m_day02.h5

Epoch 27: val_loss did not improve from 0.00002

Epoch 49: val_loss did not improve from 0.00002
Saving and plotting the results...

Epoch 27: val_loss did not improve from 0.00002
Saving and plotting the results...

Epoch 50: val_loss improved from 0.00002 to 0.00002, saving model to /p/project1/cesmtst/patakchiyousefi1/HPT/mse_64_0.01_1e-17_0.5_4_2_16_0.5_128_0.0_unet-m_day02.h5

Epoch 27: val_loss did not improve from 0.00002

Epoch 51: val_loss improved from 0.00002 to 0.00002, saving model to /p/project1/cesmtst/patakchiyousefi1/HPT/mse_64_0.01_1e-17_0.5_4_2_16_0.5_128_0.0_unet-m_day02.h5

Epoch 27: val_loss improved from 0.00002 to 0.00002, saving model to /p/project1/cesmtst/patakchiyousefi1/HPT/mse_64_0.01_1e-17_0.5_4_1_16_0.5_128_0.0_unet-m_day02.h5

Epoch 28: val_loss did not improve from 0.00002
Saving and plotting the results...

Epoch 52: val_loss did not improve from 0.00002

Epoch 28: val_loss did not improve from 0.00002

Epoch 53: val_loss improved from 0.00002 to 0.00002, saving model to /p/project1/cesmtst/patakchiyousefi1/HPT/mse_64_0.01_1e-17_0.5_4_2_16_0.5_128_0.0_unet-m_day02.h5

Epoch 28: val_loss did not improve from 0.00002

Epoch 54: val_loss improved from 0.00002 to 0.00002, saving model to /p/project1/cesmtst/patakchiyousefi1/HPT/mse_64_0.01_1e-17_0.5_4_2_16_0.5_128_0.0_unet-m_day02.h5

Epoch 29: val_loss did not improve from 0.00002

Epoch 29: val_loss did not improve from 0.00002

Epoch 55: val_loss improved from 0.00002 to 0.00002, saving model to /p/project1/cesmtst/patakchiyousefi1/HPT/mse_64_0.01_1e-17_0.5_4_2_16_0.5_128_0.0_unet-m_day02.h5

Epoch 56: val_loss improved from 0.00002 to 0.00002, saving model to /p/project1/cesmtst/patakchiyousefi1/HPT/mse_64_0.01_1e-17_0.5_4_2_16_0.5_128_0.0_unet-m_day02.h5

Epoch 30: val_loss did not improve from 0.00002

Epoch 30: val_loss did not improve from 0.00002

Epoch 57: val_loss improved from 0.00002 to 0.00002, saving model to /p/project1/cesmtst/patakchiyousefi1/HPT/mse_64_0.01_1e-17_0.5_4_2_16_0.5_128_0.0_unet-m_day02.h5

Epoch 58: val_loss did not improve from 0.00002

Epoch 31: val_loss did not improve from 0.00002

Epoch 31: val_loss did not improve from 0.00002

Epoch 59: val_loss improved from 0.00002 to 0.00002, saving model to /p/project1/cesmtst/patakchiyousefi1/HPT/mse_64_0.01_1e-17_0.5_4_2_16_0.5_128_0.0_unet-m_day02.h5

Epoch 60: val_loss improved from 0.00002 to 0.00002, saving model to /p/project1/cesmtst/patakchiyousefi1/HPT/mse_64_0.01_1e-17_0.5_4_2_16_0.5_128_0.0_unet-m_day02.h5

Epoch 32: val_loss did not improve from 0.00002

Epoch 32: val_loss improved from 0.00002 to 0.00002, saving model to /p/project1/cesmtst/patakchiyousefi1/HPT/mse_64_0.01_1e-17_0.5_4_1_16_0.5_128_0.0_unet-m_day02.h5

Epoch 61: val_loss improved from 0.00002 to 0.00002, saving model to /p/project1/cesmtst/patakchiyousefi1/HPT/mse_64_0.01_1e-17_0.5_4_2_16_0.5_128_0.0_unet-m_day02.h5

Epoch 62: val_loss improved from 0.00002 to 0.00002, saving model to /p/project1/cesmtst/patakchiyousefi1/HPT/mse_64_0.01_1e-17_0.5_4_2_16_0.5_128_0.0_unet-m_day02.h5

Epoch 33: val_loss did not improve from 0.00002

Epoch 33: val_loss did not improve from 0.00002

Epoch 63: val_loss improved from 0.00002 to 0.00002, saving model to /p/project1/cesmtst/patakchiyousefi1/HPT/mse_64_0.01_1e-17_0.5_4_2_16_0.5_128_0.0_unet-m_day02.h5

Epoch 64: val_loss did not improve from 0.00002

Epoch 34: val_loss did not improve from 0.00002
Saving and plotting the results...

Epoch 34: val_loss did not improve from 0.00002

Epoch 65: val_loss did not improve from 0.00002

Epoch 35: val_loss did not improve from 0.00002

Epoch 66: val_loss improved from 0.00002 to 0.00002, saving model to /p/project1/cesmtst/patakchiyousefi1/HPT/mse_64_0.01_1e-17_0.5_4_2_16_0.5_128_0.0_unet-m_day02.h5

Epoch 67: val_loss did not improve from 0.00002

Epoch 36: val_loss did not improve from 0.00002

Epoch 68: val_loss did not improve from 0.00002

Epoch 69: val_loss did not improve from 0.00002

Epoch 37: val_loss did not improve from 0.00002

Epoch 70: val_loss did not improve from 0.00002

Epoch 71: val_loss improved from 0.00002 to 0.00002, saving model to /p/project1/cesmtst/patakchiyousefi1/HPT/mse_64_0.01_1e-17_0.5_4_2_16_0.5_128_0.0_unet-m_day02.h5

Epoch 38: val_loss did not improve from 0.00002

Epoch 72: val_loss did not improve from 0.00002

Epoch 73: val_loss did not improve from 0.00002

Epoch 39: val_loss did not improve from 0.00002

Epoch 74: val_loss improved from 0.00002 to 0.00002, saving model to /p/project1/cesmtst/patakchiyousefi1/HPT/mse_64_0.01_1e-17_0.5_4_2_16_0.5_128_0.0_unet-m_day02.h5

Epoch 75: val_loss did not improve from 0.00002

Epoch 40: val_loss did not improve from 0.00002

Epoch 76: val_loss did not improve from 0.00002

Epoch 77: val_loss improved from 0.00002 to 0.00002, saving model to /p/project1/cesmtst/patakchiyousefi1/HPT/mse_64_0.01_1e-17_0.5_4_2_16_0.5_128_0.0_unet-m_day02.h5

Epoch 41: val_loss improved from 0.00002 to 0.00002, saving model to /p/project1/cesmtst/patakchiyousefi1/HPT/mse_64_0.01_1e-17_0.5_4_1_16_0.5_128_0.0_unet-m_day02.h5

Epoch 78: val_loss did not improve from 0.00002

Epoch 42: val_loss did not improve from 0.00002

Epoch 79: val_loss did not improve from 0.00002

Epoch 80: val_loss did not improve from 0.00002

Epoch 43: val_loss did not improve from 0.00002

Epoch 81: val_loss did not improve from 0.00002

Epoch 82: val_loss did not improve from 0.00002

Epoch 44: val_loss did not improve from 0.00002

Epoch 83: val_loss did not improve from 0.00002

Epoch 84: val_loss did not improve from 0.00002

Epoch 45: val_loss did not improve from 0.00002

Epoch 85: val_loss did not improve from 0.00002

Epoch 86: val_loss did not improve from 0.00002

Epoch 46: val_loss did not improve from 0.00002

Epoch 87: val_loss did not improve from 0.00002

Epoch 88: val_loss did not improve from 0.00002

Epoch 47: val_loss did not improve from 0.00002

Epoch 89: val_loss did not improve from 0.00002

Epoch 48: val_loss did not improve from 0.00002

Epoch 90: val_loss did not improve from 0.00002

Epoch 91: val_loss did not improve from 0.00002

Epoch 49: val_loss did not improve from 0.00002

Epoch 92: val_loss did not improve from 0.00002

Epoch 93: val_loss did not improve from 0.00002
Saving and plotting the results...

Epoch 50: val_loss did not improve from 0.00002

Epoch 51: val_loss did not improve from 0.00002

Epoch 52: val_loss did not improve from 0.00002

Epoch 53: val_loss did not improve from 0.00002

Epoch 54: val_loss did not improve from 0.00002

Epoch 55: val_loss did not improve from 0.00002

Epoch 56: val_loss did not improve from 0.00002

Epoch 57: val_loss did not improve from 0.00002
Saving and plotting the results...
Time limit for unet-m, leadtime 02: 14:28:00
Run time for unet-m with leadtime 02:  hours,  minutes,  seconds
