2024-09-19 17:26:00.914821: I tensorflow/core/common_runtime/gpu/gpu_device.cc:1613] Created device /job:localhost/replica:0/task:0/device:GPU:0 with 38364 MB memory:  -> device: 0, name: NVIDIA A100-SXM4-40GB, pci bus id: 0000:03:00.0, compute capability: 8.0
2024-09-19 17:26:00.916778: I tensorflow/core/common_runtime/gpu/gpu_device.cc:1613] Created device /job:localhost/replica:0/task:0/device:GPU:1 with 38364 MB memory:  -> device: 1, name: NVIDIA A100-SXM4-40GB, pci bus id: 0000:44:00.0, compute capability: 8.0
2024-09-19 17:26:00.918418: I tensorflow/core/common_runtime/gpu/gpu_device.cc:1613] Created device /job:localhost/replica:0/task:0/device:GPU:2 with 38364 MB memory:  -> device: 2, name: NVIDIA A100-SXM4-40GB, pci bus id: 0000:84:00.0, compute capability: 8.0
2024-09-19 17:26:00.921803: I tensorflow/core/common_runtime/gpu/gpu_device.cc:1613] Created device /job:localhost/replica:0/task:0/device:GPU:3 with 38364 MB memory:  -> device: 3, name: NVIDIA A100-SXM4-40GB, pci bus id: 0000:c4:00.0, compute capability: 8.0
2024-09-19 17:26:05.611063: I tensorflow/core/common_runtime/gpu/gpu_device.cc:1613] Created device /job:localhost/replica:0/task:0/device:GPU:0 with 38364 MB memory:  -> device: 0, name: NVIDIA A100-SXM4-40GB, pci bus id: 0000:03:00.0, compute capability: 8.0
2024-09-19 17:26:05.614344: I tensorflow/core/common_runtime/gpu/gpu_device.cc:1613] Created device /job:localhost/replica:0/task:0/device:GPU:1 with 38364 MB memory:  -> device: 1, name: NVIDIA A100-SXM4-40GB, pci bus id: 0000:44:00.0, compute capability: 8.0
2024-09-19 17:26:05.616027: I tensorflow/core/common_runtime/gpu/gpu_device.cc:1613] Created device /job:localhost/replica:0/task:0/device:GPU:2 with 38364 MB memory:  -> device: 2, name: NVIDIA A100-SXM4-40GB, pci bus id: 0000:84:00.0, compute capability: 8.0
2024-09-19 17:26:05.618836: I tensorflow/core/common_runtime/gpu/gpu_device.cc:1613] Created device /job:localhost/replica:0/task:0/device:GPU:3 with 38364 MB memory:  -> device: 3, name: NVIDIA A100-SXM4-40GB, pci bus id: 0000:c4:00.0, compute capability: 8.0
2024-09-19 17:26:08.289560: I tensorflow/core/common_runtime/gpu/gpu_device.cc:1613] Created device /job:localhost/replica:0/task:0/device:GPU:0 with 38364 MB memory:  -> device: 0, name: NVIDIA A100-SXM4-40GB, pci bus id: 0000:03:00.0, compute capability: 8.0
2024-09-19 17:26:08.293265: I tensorflow/core/common_runtime/gpu/gpu_device.cc:1613] Created device /job:localhost/replica:0/task:0/device:GPU:1 with 38364 MB memory:  -> device: 1, name: NVIDIA A100-SXM4-40GB, pci bus id: 0000:44:00.0, compute capability: 8.0
2024-09-19 17:26:08.294954: I tensorflow/core/common_runtime/gpu/gpu_device.cc:1613] Created device /job:localhost/replica:0/task:0/device:GPU:2 with 38364 MB memory:  -> device: 2, name: NVIDIA A100-SXM4-40GB, pci bus id: 0000:84:00.0, compute capability: 8.0
2024-09-19 17:26:08.298108: I tensorflow/core/common_runtime/gpu/gpu_device.cc:1613] Created device /job:localhost/replica:0/task:0/device:GPU:3 with 38364 MB memory:  -> device: 3, name: NVIDIA A100-SXM4-40GB, pci bus id: 0000:c4:00.0, compute capability: 8.0
2024-09-19 17:26:09.429320: I tensorflow/core/common_runtime/gpu/gpu_device.cc:1613] Created device /job:localhost/replica:0/task:0/device:GPU:0 with 38364 MB memory:  -> device: 0, name: NVIDIA A100-SXM4-40GB, pci bus id: 0000:03:00.0, compute capability: 8.0
2024-09-19 17:26:09.431330: I tensorflow/core/common_runtime/gpu/gpu_device.cc:1613] Created device /job:localhost/replica:0/task:0/device:GPU:1 with 38364 MB memory:  -> device: 1, name: NVIDIA A100-SXM4-40GB, pci bus id: 0000:44:00.0, compute capability: 8.0
2024-09-19 17:26:09.432880: I tensorflow/core/common_runtime/gpu/gpu_device.cc:1613] Created device /job:localhost/replica:0/task:0/device:GPU:2 with 38364 MB memory:  -> device: 2, name: NVIDIA A100-SXM4-40GB, pci bus id: 0000:84:00.0, compute capability: 8.0
2024-09-19 17:26:09.435290: I tensorflow/core/common_runtime/gpu/gpu_device.cc:1613] Created device /job:localhost/replica:0/task:0/device:GPU:3 with 38364 MB memory:  -> device: 3, name: NVIDIA A100-SXM4-40GB, pci bus id: 0000:c4:00.0, compute capability: 8.0
2024-09-19 17:26:13.792170: I tensorflow/compiler/xla/stream_executor/cuda/cuda_dnn.cc:428] Loaded cuDNN version 8600
2024-09-19 17:26:15.982539: I tensorflow/core/common_runtime/gpu/gpu_device.cc:1613] Created device /job:localhost/replica:0/task:0/device:GPU:0 with 38364 MB memory:  -> device: 0, name: NVIDIA A100-SXM4-40GB, pci bus id: 0000:03:00.0, compute capability: 8.0
2024-09-19 17:26:15.984543: I tensorflow/core/common_runtime/gpu/gpu_device.cc:1613] Created device /job:localhost/replica:0/task:0/device:GPU:1 with 38364 MB memory:  -> device: 1, name: NVIDIA A100-SXM4-40GB, pci bus id: 0000:44:00.0, compute capability: 8.0
2024-09-19 17:26:15.987054: I tensorflow/core/common_runtime/gpu/gpu_device.cc:1613] Created device /job:localhost/replica:0/task:0/device:GPU:2 with 38364 MB memory:  -> device: 2, name: NVIDIA A100-SXM4-40GB, pci bus id: 0000:84:00.0, compute capability: 8.0
2024-09-19 17:26:15.988604: I tensorflow/core/common_runtime/gpu/gpu_device.cc:1613] Created device /job:localhost/replica:0/task:0/device:GPU:3 with 38364 MB memory:  -> device: 3, name: NVIDIA A100-SXM4-40GB, pci bus id: 0000:c4:00.0, compute capability: 8.0
2024-09-19 17:26:18.801803: I tensorflow/compiler/xla/stream_executor/cuda/cuda_dnn.cc:428] Loaded cuDNN version 8600
2024-09-19 17:26:19.154596: I tensorflow/compiler/xla/stream_executor/cuda/cuda_dnn.cc:428] Loaded cuDNN version 8600
2024-09-19 17:26:19.266097: I tensorflow/compiler/xla/service/service.cc:173] XLA service 0x6657b3b0 initialized for platform CUDA (this does not guarantee that XLA will be used). Devices:
2024-09-19 17:26:19.266163: I tensorflow/compiler/xla/service/service.cc:181]   StreamExecutor device (0): NVIDIA A100-SXM4-40GB, Compute Capability 8.0
2024-09-19 17:26:19.266172: I tensorflow/compiler/xla/service/service.cc:181]   StreamExecutor device (1): NVIDIA A100-SXM4-40GB, Compute Capability 8.0
2024-09-19 17:26:19.266178: I tensorflow/compiler/xla/service/service.cc:181]   StreamExecutor device (2): NVIDIA A100-SXM4-40GB, Compute Capability 8.0
2024-09-19 17:26:19.266184: I tensorflow/compiler/xla/service/service.cc:181]   StreamExecutor device (3): NVIDIA A100-SXM4-40GB, Compute Capability 8.0
2024-09-19 17:26:19.293855: I tensorflow/compiler/mlir/tensorflow/utils/dump_mlir_util.cc:268] disabling MLIR crash reproducer, set env var `MLIR_CRASH_REPRODUCER_DIRECTORY` to enable.
2024-09-19 17:26:19.586641: I tensorflow/compiler/jit/xla_compilation_cache.cc:477] Compiled cluster using XLA!  This line is logged at most once for the lifetime of the process.
2024-09-19 17:26:21.261528: I tensorflow/core/common_runtime/gpu/gpu_device.cc:1613] Created device /job:localhost/replica:0/task:0/device:GPU:0 with 38364 MB memory:  -> device: 0, name: NVIDIA A100-SXM4-40GB, pci bus id: 0000:03:00.0, compute capability: 8.0
2024-09-19 17:26:21.265042: I tensorflow/core/common_runtime/gpu/gpu_device.cc:1613] Created device /job:localhost/replica:0/task:0/device:GPU:1 with 38364 MB memory:  -> device: 1, name: NVIDIA A100-SXM4-40GB, pci bus id: 0000:44:00.0, compute capability: 8.0
2024-09-19 17:26:21.266867: I tensorflow/core/common_runtime/gpu/gpu_device.cc:1613] Created device /job:localhost/replica:0/task:0/device:GPU:2 with 38364 MB memory:  -> device: 2, name: NVIDIA A100-SXM4-40GB, pci bus id: 0000:84:00.0, compute capability: 8.0
2024-09-19 17:26:21.270058: I tensorflow/core/common_runtime/gpu/gpu_device.cc:1613] Created device /job:localhost/replica:0/task:0/device:GPU:3 with 38364 MB memory:  -> device: 3, name: NVIDIA A100-SXM4-40GB, pci bus id: 0000:c4:00.0, compute capability: 8.0
2024-09-19 17:26:21.408989: I tensorflow/compiler/xla/stream_executor/cuda/cuda_dnn.cc:428] Loaded cuDNN version 8600
2024-09-19 17:26:22.132978: I tensorflow/compiler/xla/stream_executor/cuda/cuda_dnn.cc:428] Loaded cuDNN version 8600
2024-09-19 17:26:22.665925: I tensorflow/compiler/xla/stream_executor/cuda/cuda_dnn.cc:428] Loaded cuDNN version 8600
2024-09-19 17:26:22.669316: I tensorflow/compiler/xla/stream_executor/cuda/cuda_dnn.cc:428] Loaded cuDNN version 8600
2024-09-19 17:26:23.042574: I tensorflow/core/common_runtime/gpu/gpu_device.cc:1613] Created device /job:localhost/replica:0/task:0/device:GPU:0 with 38364 MB memory:  -> device: 0, name: NVIDIA A100-SXM4-40GB, pci bus id: 0000:03:00.0, compute capability: 8.0
2024-09-19 17:26:23.045277: I tensorflow/core/common_runtime/gpu/gpu_device.cc:1613] Created device /job:localhost/replica:0/task:0/device:GPU:1 with 38364 MB memory:  -> device: 1, name: NVIDIA A100-SXM4-40GB, pci bus id: 0000:44:00.0, compute capability: 8.0
2024-09-19 17:26:23.046859: I tensorflow/core/common_runtime/gpu/gpu_device.cc:1613] Created device /job:localhost/replica:0/task:0/device:GPU:2 with 38364 MB memory:  -> device: 2, name: NVIDIA A100-SXM4-40GB, pci bus id: 0000:84:00.0, compute capability: 8.0
2024-09-19 17:26:23.051354: I tensorflow/core/common_runtime/gpu/gpu_device.cc:1613] Created device /job:localhost/replica:0/task:0/device:GPU:3 with 38364 MB memory:  -> device: 3, name: NVIDIA A100-SXM4-40GB, pci bus id: 0000:c4:00.0, compute capability: 8.0
2024-09-19 17:26:23.156254: I tensorflow/compiler/xla/stream_executor/cuda/cuda_dnn.cc:428] Loaded cuDNN version 8600
2024-09-19 17:26:23.182983: I tensorflow/compiler/xla/stream_executor/cuda/cuda_dnn.cc:428] Loaded cuDNN version 8600
2024-09-19 17:26:23.246893: I tensorflow/core/common_runtime/gpu/gpu_device.cc:1613] Created device /job:localhost/replica:0/task:0/device:GPU:0 with 38364 MB memory:  -> device: 0, name: NVIDIA A100-SXM4-40GB, pci bus id: 0000:03:00.0, compute capability: 8.0
2024-09-19 17:26:23.249870: I tensorflow/core/common_runtime/gpu/gpu_device.cc:1613] Created device /job:localhost/replica:0/task:0/device:GPU:1 with 38364 MB memory:  -> device: 1, name: NVIDIA A100-SXM4-40GB, pci bus id: 0000:44:00.0, compute capability: 8.0
2024-09-19 17:26:23.251486: I tensorflow/core/common_runtime/gpu/gpu_device.cc:1613] Created device /job:localhost/replica:0/task:0/device:GPU:2 with 38364 MB memory:  -> device: 2, name: NVIDIA A100-SXM4-40GB, pci bus id: 0000:84:00.0, compute capability: 8.0
2024-09-19 17:26:23.253121: I tensorflow/core/common_runtime/gpu/gpu_device.cc:1613] Created device /job:localhost/replica:0/task:0/device:GPU:3 with 38364 MB memory:  -> device: 3, name: NVIDIA A100-SXM4-40GB, pci bus id: 0000:c4:00.0, compute capability: 8.0
2024-09-19 17:26:23.772302: I tensorflow/compiler/xla/stream_executor/cuda/cuda_dnn.cc:428] Loaded cuDNN version 8600
2024-09-19 17:26:24.190780: I tensorflow/compiler/xla/service/service.cc:173] XLA service 0x6c5059f0 initialized for platform CUDA (this does not guarantee that XLA will be used). Devices:
2024-09-19 17:26:24.190859: I tensorflow/compiler/xla/service/service.cc:181]   StreamExecutor device (0): NVIDIA A100-SXM4-40GB, Compute Capability 8.0
2024-09-19 17:26:24.190866: I tensorflow/compiler/xla/service/service.cc:181]   StreamExecutor device (1): NVIDIA A100-SXM4-40GB, Compute Capability 8.0
2024-09-19 17:26:24.190872: I tensorflow/compiler/xla/service/service.cc:181]   StreamExecutor device (2): NVIDIA A100-SXM4-40GB, Compute Capability 8.0
2024-09-19 17:26:24.190878: I tensorflow/compiler/xla/service/service.cc:181]   StreamExecutor device (3): NVIDIA A100-SXM4-40GB, Compute Capability 8.0
2024-09-19 17:26:24.218473: I tensorflow/compiler/mlir/tensorflow/utils/dump_mlir_util.cc:268] disabling MLIR crash reproducer, set env var `MLIR_CRASH_REPRODUCER_DIRECTORY` to enable.
2024-09-19 17:26:24.219587: I tensorflow/compiler/xla/stream_executor/cuda/cuda_dnn.cc:428] Loaded cuDNN version 8600
2024-09-19 17:26:24.501322: I tensorflow/compiler/jit/xla_compilation_cache.cc:477] Compiled cluster using XLA!  This line is logged at most once for the lifetime of the process.
2024-09-19 17:26:28.473999: I tensorflow/compiler/xla/service/service.cc:173] XLA service 0x14b2322d00a0 initialized for platform CUDA (this does not guarantee that XLA will be used). Devices:
2024-09-19 17:26:28.474076: I tensorflow/compiler/xla/service/service.cc:181]   StreamExecutor device (0): NVIDIA A100-SXM4-40GB, Compute Capability 8.0
2024-09-19 17:26:28.474084: I tensorflow/compiler/xla/service/service.cc:181]   StreamExecutor device (1): NVIDIA A100-SXM4-40GB, Compute Capability 8.0
2024-09-19 17:26:28.474090: I tensorflow/compiler/xla/service/service.cc:181]   StreamExecutor device (2): NVIDIA A100-SXM4-40GB, Compute Capability 8.0
2024-09-19 17:26:28.474096: I tensorflow/compiler/xla/service/service.cc:181]   StreamExecutor device (3): NVIDIA A100-SXM4-40GB, Compute Capability 8.0
2024-09-19 17:26:28.499759: I tensorflow/compiler/mlir/tensorflow/utils/dump_mlir_util.cc:268] disabling MLIR crash reproducer, set env var `MLIR_CRASH_REPRODUCER_DIRECTORY` to enable.
2024-09-19 17:26:28.620450: I tensorflow/compiler/xla/stream_executor/cuda/cuda_dnn.cc:428] Loaded cuDNN version 8600
2024-09-19 17:26:28.783804: I tensorflow/compiler/jit/xla_compilation_cache.cc:477] Compiled cluster using XLA!  This line is logged at most once for the lifetime of the process.
2024-09-19 17:26:29.280533: I tensorflow/compiler/xla/service/service.cc:173] XLA service 0x6e2b3940 initialized for platform CUDA (this does not guarantee that XLA will be used). Devices:
2024-09-19 17:26:29.280614: I tensorflow/compiler/xla/service/service.cc:181]   StreamExecutor device (0): NVIDIA A100-SXM4-40GB, Compute Capability 8.0
2024-09-19 17:26:29.280621: I tensorflow/compiler/xla/service/service.cc:181]   StreamExecutor device (1): NVIDIA A100-SXM4-40GB, Compute Capability 8.0
2024-09-19 17:26:29.280627: I tensorflow/compiler/xla/service/service.cc:181]   StreamExecutor device (2): NVIDIA A100-SXM4-40GB, Compute Capability 8.0
2024-09-19 17:26:29.280633: I tensorflow/compiler/xla/service/service.cc:181]   StreamExecutor device (3): NVIDIA A100-SXM4-40GB, Compute Capability 8.0
2024-09-19 17:26:29.306563: I tensorflow/compiler/mlir/tensorflow/utils/dump_mlir_util.cc:268] disabling MLIR crash reproducer, set env var `MLIR_CRASH_REPRODUCER_DIRECTORY` to enable.
2024-09-19 17:26:29.609015: I tensorflow/compiler/jit/xla_compilation_cache.cc:477] Compiled cluster using XLA!  This line is logged at most once for the lifetime of the process.
2024-09-19 17:26:34.094419: I tensorflow/compiler/xla/service/service.cc:173] XLA service 0x65ce21a0 initialized for platform CUDA (this does not guarantee that XLA will be used). Devices:
2024-09-19 17:26:34.094485: I tensorflow/compiler/xla/service/service.cc:181]   StreamExecutor device (0): NVIDIA A100-SXM4-40GB, Compute Capability 8.0
2024-09-19 17:26:34.094492: I tensorflow/compiler/xla/service/service.cc:181]   StreamExecutor device (1): NVIDIA A100-SXM4-40GB, Compute Capability 8.0
2024-09-19 17:26:34.094498: I tensorflow/compiler/xla/service/service.cc:181]   StreamExecutor device (2): NVIDIA A100-SXM4-40GB, Compute Capability 8.0
2024-09-19 17:26:34.094505: I tensorflow/compiler/xla/service/service.cc:181]   StreamExecutor device (3): NVIDIA A100-SXM4-40GB, Compute Capability 8.0
2024-09-19 17:26:34.120720: I tensorflow/compiler/mlir/tensorflow/utils/dump_mlir_util.cc:268] disabling MLIR crash reproducer, set env var `MLIR_CRASH_REPRODUCER_DIRECTORY` to enable.
2024-09-19 17:26:34.227276: I tensorflow/compiler/xla/stream_executor/cuda/cuda_dnn.cc:428] Loaded cuDNN version 8600
2024-09-19 17:26:34.430074: I tensorflow/compiler/jit/xla_compilation_cache.cc:477] Compiled cluster using XLA!  This line is logged at most once for the lifetime of the process.
2024-09-19 17:26:34.596379: I tensorflow/compiler/xla/stream_executor/cuda/cuda_dnn.cc:428] Loaded cuDNN version 8600
2024-09-19 17:26:35.534150: I tensorflow/compiler/xla/stream_executor/cuda/cuda_dnn.cc:428] Loaded cuDNN version 8600
2024-09-19 17:26:36.084276: I tensorflow/compiler/xla/stream_executor/cuda/cuda_dnn.cc:428] Loaded cuDNN version 8600
2024-09-19 17:26:36.089163: I tensorflow/compiler/xla/stream_executor/cuda/cuda_dnn.cc:428] Loaded cuDNN version 8600
2024-09-19 17:26:36.658023: I tensorflow/compiler/xla/stream_executor/cuda/cuda_dnn.cc:428] Loaded cuDNN version 8600
2024-09-19 17:26:36.730989: I tensorflow/compiler/xla/stream_executor/cuda/cuda_dnn.cc:428] Loaded cuDNN version 8600
2024-09-19 17:26:37.116253: I tensorflow/compiler/xla/stream_executor/cuda/cuda_dnn.cc:428] Loaded cuDNN version 8600
2024-09-19 17:26:37.340483: I tensorflow/compiler/xla/stream_executor/cuda/cuda_dnn.cc:428] Loaded cuDNN version 8600
2024-09-19 17:26:37.767494: I tensorflow/compiler/xla/stream_executor/cuda/cuda_dnn.cc:428] Loaded cuDNN version 8600
2024-09-19 17:26:39.506071: I tensorflow/compiler/xla/service/service.cc:173] XLA service 0x655ac550 initialized for platform CUDA (this does not guarantee that XLA will be used). Devices:
2024-09-19 17:26:39.506146: I tensorflow/compiler/xla/service/service.cc:181]   StreamExecutor device (0): NVIDIA A100-SXM4-40GB, Compute Capability 8.0
2024-09-19 17:26:39.506154: I tensorflow/compiler/xla/service/service.cc:181]   StreamExecutor device (1): NVIDIA A100-SXM4-40GB, Compute Capability 8.0
2024-09-19 17:26:39.506160: I tensorflow/compiler/xla/service/service.cc:181]   StreamExecutor device (2): NVIDIA A100-SXM4-40GB, Compute Capability 8.0
2024-09-19 17:26:39.506166: I tensorflow/compiler/xla/service/service.cc:181]   StreamExecutor device (3): NVIDIA A100-SXM4-40GB, Compute Capability 8.0
2024-09-19 17:26:39.531054: I tensorflow/compiler/mlir/tensorflow/utils/dump_mlir_util.cc:268] disabling MLIR crash reproducer, set env var `MLIR_CRASH_REPRODUCER_DIRECTORY` to enable.
2024-09-19 17:26:39.803744: I tensorflow/compiler/jit/xla_compilation_cache.cc:477] Compiled cluster using XLA!  This line is logged at most once for the lifetime of the process.
2024-09-19 17:26:41.908330: I tensorflow/compiler/xla/service/service.cc:173] XLA service 0x14aeecf088a0 initialized for platform CUDA (this does not guarantee that XLA will be used). Devices:
2024-09-19 17:26:41.908403: I tensorflow/compiler/xla/service/service.cc:181]   StreamExecutor device (0): NVIDIA A100-SXM4-40GB, Compute Capability 8.0
2024-09-19 17:26:41.908410: I tensorflow/compiler/xla/service/service.cc:181]   StreamExecutor device (1): NVIDIA A100-SXM4-40GB, Compute Capability 8.0
2024-09-19 17:26:41.908417: I tensorflow/compiler/xla/service/service.cc:181]   StreamExecutor device (2): NVIDIA A100-SXM4-40GB, Compute Capability 8.0
2024-09-19 17:26:41.908422: I tensorflow/compiler/xla/service/service.cc:181]   StreamExecutor device (3): NVIDIA A100-SXM4-40GB, Compute Capability 8.0
2024-09-19 17:26:41.917395: I tensorflow/compiler/mlir/tensorflow/utils/dump_mlir_util.cc:268] disabling MLIR crash reproducer, set env var `MLIR_CRASH_REPRODUCER_DIRECTORY` to enable.
2024-09-19 17:26:42.121172: I tensorflow/compiler/jit/xla_compilation_cache.cc:477] Compiled cluster using XLA!  This line is logged at most once for the lifetime of the process.
2024-09-19 17:26:42.923508: I tensorflow/compiler/xla/service/service.cc:173] XLA service 0x1446ff2b97d0 initialized for platform CUDA (this does not guarantee that XLA will be used). Devices:
2024-09-19 17:26:42.923588: I tensorflow/compiler/xla/service/service.cc:181]   StreamExecutor device (0): NVIDIA A100-SXM4-40GB, Compute Capability 8.0
2024-09-19 17:26:42.923596: I tensorflow/compiler/xla/service/service.cc:181]   StreamExecutor device (1): NVIDIA A100-SXM4-40GB, Compute Capability 8.0
2024-09-19 17:26:42.923603: I tensorflow/compiler/xla/service/service.cc:181]   StreamExecutor device (2): NVIDIA A100-SXM4-40GB, Compute Capability 8.0
2024-09-19 17:26:42.923609: I tensorflow/compiler/xla/service/service.cc:181]   StreamExecutor device (3): NVIDIA A100-SXM4-40GB, Compute Capability 8.0
2024-09-19 17:26:42.946208: I tensorflow/compiler/mlir/tensorflow/utils/dump_mlir_util.cc:268] disabling MLIR crash reproducer, set env var `MLIR_CRASH_REPRODUCER_DIRECTORY` to enable.
2024-09-19 17:26:43.225902: I tensorflow/compiler/jit/xla_compilation_cache.cc:477] Compiled cluster using XLA!  This line is logged at most once for the lifetime of the process.
srun: Job 10347303 step creation temporarily disabled, retrying (Requested nodes are busy)
srun: Job 10347303 step creation temporarily disabled, retrying (Requested nodes are busy)
srun: Job 10347303 step creation temporarily disabled, retrying (Requested nodes are busy)
srun: Job 10347303 step creation temporarily disabled, retrying (Requested nodes are busy)
srun: Job 10347303 step creation temporarily disabled, retrying (Requested nodes are busy)
srun: Job 10347303 step creation temporarily disabled, retrying (Requested nodes are busy)
srun: Job 10347303 step creation temporarily disabled, retrying (Requested nodes are busy)
srun: Job 10347303 step creation temporarily disabled, retrying (Requested nodes are busy)
srun: Job 10347303 step creation still disabled, retrying (Requested nodes are busy)
srun: Job 10347303 step creation still disabled, retrying (Requested nodes are busy)
srun: Job 10347303 step creation still disabled, retrying (Requested nodes are busy)
srun: Job 10347303 step creation still disabled, retrying (Requested nodes are busy)
srun: Job 10347303 step creation still disabled, retrying (Requested nodes are busy)
srun: Job 10347303 step creation still disabled, retrying (Requested nodes are busy)
srun: Job 10347303 step creation still disabled, retrying (Requested nodes are busy)
srun: Job 10347303 step creation still disabled, retrying (Requested nodes are busy)
srun: Job 10347303 step creation still disabled, retrying (Requested nodes are busy)
srun: Job 10347303 step creation still disabled, retrying (Requested nodes are busy)
srun: Job 10347303 step creation still disabled, retrying (Requested nodes are busy)
srun: Job 10347303 step creation still disabled, retrying (Requested nodes are busy)
srun: Job 10347303 step creation still disabled, retrying (Requested nodes are busy)
srun: Job 10347303 step creation still disabled, retrying (Requested nodes are busy)
srun: Job 10347303 step creation still disabled, retrying (Requested nodes are busy)
srun: Job 10347303 step creation still disabled, retrying (Requested nodes are busy)
srun: Job 10347303 step creation still disabled, retrying (Requested nodes are busy)
srun: Job 10347303 step creation still disabled, retrying (Requested nodes are busy)
srun: Job 10347303 step creation still disabled, retrying (Requested nodes are busy)
srun: Job 10347303 step creation still disabled, retrying (Requested nodes are busy)
srun: Job 10347303 step creation still disabled, retrying (Requested nodes are busy)
srun: Job 10347303 step creation still disabled, retrying (Requested nodes are busy)
srun: Job 10347303 step creation still disabled, retrying (Requested nodes are busy)
srun: Job 10347303 step creation still disabled, retrying (Requested nodes are busy)
srun: Job 10347303 step creation still disabled, retrying (Requested nodes are busy)
srun: Job 10347303 step creation still disabled, retrying (Requested nodes are busy)
srun: Job 10347303 step creation still disabled, retrying (Requested nodes are busy)
srun: Job 10347303 step creation still disabled, retrying (Requested nodes are busy)
srun: Job 10347303 step creation still disabled, retrying (Requested nodes are busy)
srun: Job 10347303 step creation still disabled, retrying (Requested nodes are busy)
srun: Job 10347303 step creation still disabled, retrying (Requested nodes are busy)
srun: Job 10347303 step creation still disabled, retrying (Requested nodes are busy)
srun: Job 10347303 step creation still disabled, retrying (Requested nodes are busy)
srun: Job 10347303 step creation still disabled, retrying (Requested nodes are busy)
srun: Job 10347303 step creation still disabled, retrying (Requested nodes are busy)
srun: Job 10347303 step creation still disabled, retrying (Requested nodes are busy)
srun: Job 10347303 step creation still disabled, retrying (Requested nodes are busy)
srun: Job 10347303 step creation still disabled, retrying (Requested nodes are busy)
srun: Job 10347303 step creation still disabled, retrying (Requested nodes are busy)
srun: Job 10347303 step creation still disabled, retrying (Requested nodes are busy)
srun: Job 10347303 step creation still disabled, retrying (Requested nodes are busy)
srun: Job 10347303 step creation still disabled, retrying (Requested nodes are busy)
srun: Job 10347303 step creation still disabled, retrying (Requested nodes are busy)
srun: Job 10347303 step creation still disabled, retrying (Requested nodes are busy)
srun: Job 10347303 step creation still disabled, retrying (Requested nodes are busy)
srun: Job 10347303 step creation still disabled, retrying (Requested nodes are busy)
srun: Job 10347303 step creation still disabled, retrying (Requested nodes are busy)
srun: Job 10347303 step creation still disabled, retrying (Requested nodes are busy)
srun: Job 10347303 step creation still disabled, retrying (Requested nodes are busy)
srun: Job 10347303 step creation still disabled, retrying (Requested nodes are busy)
srun: Job 10347303 step creation still disabled, retrying (Requested nodes are busy)
srun: Job 10347303 step creation still disabled, retrying (Requested nodes are busy)
srun: Job 10347303 step creation still disabled, retrying (Requested nodes are busy)
srun: Job 10347303 step creation still disabled, retrying (Requested nodes are busy)
srun: Job 10347303 step creation still disabled, retrying (Requested nodes are busy)
srun: Job 10347303 step creation still disabled, retrying (Requested nodes are busy)
srun: Job 10347303 step creation still disabled, retrying (Requested nodes are busy)
srun: Job 10347303 step creation still disabled, retrying (Requested nodes are busy)
srun: Job 10347303 step creation still disabled, retrying (Requested nodes are busy)
srun: Job 10347303 step creation still disabled, retrying (Requested nodes are busy)
srun: Job 10347303 step creation still disabled, retrying (Requested nodes are busy)
srun: Job 10347303 step creation still disabled, retrying (Requested nodes are busy)
srun: Job 10347303 step creation still disabled, retrying (Requested nodes are busy)
srun: Job 10347303 step creation still disabled, retrying (Requested nodes are busy)
srun: Job 10347303 step creation still disabled, retrying (Requested nodes are busy)
srun: Job 10347303 step creation still disabled, retrying (Requested nodes are busy)
srun: Job 10347303 step creation still disabled, retrying (Requested nodes are busy)
srun: Job 10347303 step creation still disabled, retrying (Requested nodes are busy)
srun: Job 10347303 step creation still disabled, retrying (Requested nodes are busy)
srun: Job 10347303 step creation still disabled, retrying (Requested nodes are busy)
srun: Job 10347303 step creation still disabled, retrying (Requested nodes are busy)
srun: Job 10347303 step creation still disabled, retrying (Requested nodes are busy)
srun: Job 10347303 step creation still disabled, retrying (Requested nodes are busy)
srun: Job 10347303 step creation still disabled, retrying (Requested nodes are busy)
srun: Job 10347303 step creation still disabled, retrying (Requested nodes are busy)
srun: Job 10347303 step creation still disabled, retrying (Requested nodes are busy)
srun: Job 10347303 step creation still disabled, retrying (Requested nodes are busy)
srun: Job 10347303 step creation still disabled, retrying (Requested nodes are busy)
srun: Job 10347303 step creation still disabled, retrying (Requested nodes are busy)
srun: Job 10347303 step creation still disabled, retrying (Requested nodes are busy)
srun: Job 10347303 step creation still disabled, retrying (Requested nodes are busy)
srun: Job 10347303 step creation still disabled, retrying (Requested nodes are busy)
srun: Job 10347303 step creation still disabled, retrying (Requested nodes are busy)
srun: Job 10347303 step creation still disabled, retrying (Requested nodes are busy)
srun: Job 10347303 step creation still disabled, retrying (Requested nodes are busy)
srun: Job 10347303 step creation still disabled, retrying (Requested nodes are busy)
srun: Job 10347303 step creation still disabled, retrying (Requested nodes are busy)
srun: Job 10347303 step creation still disabled, retrying (Requested nodes are busy)
srun: Job 10347303 step creation still disabled, retrying (Requested nodes are busy)
srun: Job 10347303 step creation still disabled, retrying (Requested nodes are busy)
srun: Job 10347303 step creation still disabled, retrying (Requested nodes are busy)
srun: Job 10347303 step creation still disabled, retrying (Requested nodes are busy)
srun: Job 10347303 step creation still disabled, retrying (Requested nodes are busy)
srun: Job 10347303 step creation still disabled, retrying (Requested nodes are busy)
srun: Job 10347303 step creation still disabled, retrying (Requested nodes are busy)
srun: Step created for StepId=10347303.8
srun: Job 10347303 step creation still disabled, retrying (Requested nodes are busy)
srun: Job 10347303 step creation still disabled, retrying (Requested nodes are busy)
srun: Job 10347303 step creation still disabled, retrying (Requested nodes are busy)
srun: Job 10347303 step creation still disabled, retrying (Requested nodes are busy)
srun: Job 10347303 step creation still disabled, retrying (Requested nodes are busy)
srun: Job 10347303 step creation still disabled, retrying (Requested nodes are busy)
srun: Job 10347303 step creation still disabled, retrying (Requested nodes are busy)
srun: Step created for StepId=10347303.9
2024-09-19 17:53:12.321480: I tensorflow/core/common_runtime/gpu/gpu_device.cc:1613] Created device /job:localhost/replica:0/task:0/device:GPU:0 with 38364 MB memory:  -> device: 0, name: NVIDIA A100-SXM4-40GB, pci bus id: 0000:03:00.0, compute capability: 8.0
2024-09-19 17:53:12.324089: I tensorflow/core/common_runtime/gpu/gpu_device.cc:1613] Created device /job:localhost/replica:0/task:0/device:GPU:1 with 38364 MB memory:  -> device: 1, name: NVIDIA A100-SXM4-40GB, pci bus id: 0000:44:00.0, compute capability: 8.0
2024-09-19 17:53:12.325725: I tensorflow/core/common_runtime/gpu/gpu_device.cc:1613] Created device /job:localhost/replica:0/task:0/device:GPU:2 with 38364 MB memory:  -> device: 2, name: NVIDIA A100-SXM4-40GB, pci bus id: 0000:84:00.0, compute capability: 8.0
2024-09-19 17:53:12.328532: I tensorflow/core/common_runtime/gpu/gpu_device.cc:1613] Created device /job:localhost/replica:0/task:0/device:GPU:3 with 38364 MB memory:  -> device: 3, name: NVIDIA A100-SXM4-40GB, pci bus id: 0000:c4:00.0, compute capability: 8.0
2024-09-19 17:53:16.578091: I tensorflow/core/common_runtime/gpu/gpu_device.cc:1613] Created device /job:localhost/replica:0/task:0/device:GPU:0 with 38364 MB memory:  -> device: 0, name: NVIDIA A100-SXM4-40GB, pci bus id: 0000:03:00.0, compute capability: 8.0
2024-09-19 17:53:16.579994: I tensorflow/core/common_runtime/gpu/gpu_device.cc:1613] Created device /job:localhost/replica:0/task:0/device:GPU:1 with 38364 MB memory:  -> device: 1, name: NVIDIA A100-SXM4-40GB, pci bus id: 0000:44:00.0, compute capability: 8.0
2024-09-19 17:53:16.582656: I tensorflow/core/common_runtime/gpu/gpu_device.cc:1613] Created device /job:localhost/replica:0/task:0/device:GPU:2 with 38364 MB memory:  -> device: 2, name: NVIDIA A100-SXM4-40GB, pci bus id: 0000:84:00.0, compute capability: 8.0
2024-09-19 17:53:16.584339: I tensorflow/core/common_runtime/gpu/gpu_device.cc:1613] Created device /job:localhost/replica:0/task:0/device:GPU:3 with 38364 MB memory:  -> device: 3, name: NVIDIA A100-SXM4-40GB, pci bus id: 0000:c4:00.0, compute capability: 8.0
2024-09-19 17:53:24.637972: I tensorflow/compiler/xla/stream_executor/cuda/cuda_dnn.cc:428] Loaded cuDNN version 8600
2024-09-19 17:53:25.137159: I tensorflow/compiler/xla/stream_executor/cuda/cuda_dnn.cc:428] Loaded cuDNN version 8600
2024-09-19 17:53:25.695457: I tensorflow/compiler/xla/stream_executor/cuda/cuda_dnn.cc:428] Loaded cuDNN version 8600
2024-09-19 17:53:26.146617: I tensorflow/compiler/xla/stream_executor/cuda/cuda_dnn.cc:428] Loaded cuDNN version 8600
2024-09-19 17:53:28.689305: I tensorflow/compiler/xla/stream_executor/cuda/cuda_dnn.cc:428] Loaded cuDNN version 8600
2024-09-19 17:53:31.789866: I tensorflow/compiler/xla/service/service.cc:173] XLA service 0x145cc65b6390 initialized for platform CUDA (this does not guarantee that XLA will be used). Devices:
2024-09-19 17:53:31.789938: I tensorflow/compiler/xla/service/service.cc:181]   StreamExecutor device (0): NVIDIA A100-SXM4-40GB, Compute Capability 8.0
2024-09-19 17:53:31.789946: I tensorflow/compiler/xla/service/service.cc:181]   StreamExecutor device (1): NVIDIA A100-SXM4-40GB, Compute Capability 8.0
2024-09-19 17:53:31.789953: I tensorflow/compiler/xla/service/service.cc:181]   StreamExecutor device (2): NVIDIA A100-SXM4-40GB, Compute Capability 8.0
2024-09-19 17:53:31.789959: I tensorflow/compiler/xla/service/service.cc:181]   StreamExecutor device (3): NVIDIA A100-SXM4-40GB, Compute Capability 8.0
2024-09-19 17:53:31.799440: I tensorflow/compiler/mlir/tensorflow/utils/dump_mlir_util.cc:268] disabling MLIR crash reproducer, set env var `MLIR_CRASH_REPRODUCER_DIRECTORY` to enable.
2024-09-19 17:53:32.000239: I tensorflow/compiler/jit/xla_compilation_cache.cc:477] Compiled cluster using XLA!  This line is logged at most once for the lifetime of the process.
2024-09-19 17:53:33.583999: I tensorflow/compiler/xla/service/service.cc:173] XLA service 0x14b22c612110 initialized for platform CUDA (this does not guarantee that XLA will be used). Devices:
2024-09-19 17:53:33.584057: I tensorflow/compiler/xla/service/service.cc:181]   StreamExecutor device (0): NVIDIA A100-SXM4-40GB, Compute Capability 8.0
2024-09-19 17:53:33.584065: I tensorflow/compiler/xla/service/service.cc:181]   StreamExecutor device (1): NVIDIA A100-SXM4-40GB, Compute Capability 8.0
2024-09-19 17:53:33.584072: I tensorflow/compiler/xla/service/service.cc:181]   StreamExecutor device (2): NVIDIA A100-SXM4-40GB, Compute Capability 8.0
2024-09-19 17:53:33.584078: I tensorflow/compiler/xla/service/service.cc:181]   StreamExecutor device (3): NVIDIA A100-SXM4-40GB, Compute Capability 8.0
2024-09-19 17:53:33.595748: I tensorflow/compiler/mlir/tensorflow/utils/dump_mlir_util.cc:268] disabling MLIR crash reproducer, set env var `MLIR_CRASH_REPRODUCER_DIRECTORY` to enable.
2024-09-19 17:53:33.798659: I tensorflow/compiler/jit/xla_compilation_cache.cc:477] Compiled cluster using XLA!  This line is logged at most once for the lifetime of the process.
srun: Job 10347303 step creation still disabled, retrying (Requested nodes are busy)
srun: Job 10347303 step creation still disabled, retrying (Requested nodes are busy)
srun: Job 10347303 step creation still disabled, retrying (Requested nodes are busy)
srun: Job 10347303 step creation still disabled, retrying (Requested nodes are busy)
srun: Job 10347303 step creation still disabled, retrying (Requested nodes are busy)
srun: Job 10347303 step creation still disabled, retrying (Requested nodes are busy)
srun: Job 10347303 step creation still disabled, retrying (Requested nodes are busy)
srun: Job 10347303 step creation still disabled, retrying (Requested nodes are busy)
srun: Job 10347303 step creation still disabled, retrying (Requested nodes are busy)
srun: Job 10347303 step creation still disabled, retrying (Requested nodes are busy)
srun: Job 10347303 step creation still disabled, retrying (Requested nodes are busy)
srun: Job 10347303 step creation still disabled, retrying (Requested nodes are busy)
srun: Job 10347303 step creation still disabled, retrying (Requested nodes are busy)
srun: Job 10347303 step creation still disabled, retrying (Requested nodes are busy)
srun: Job 10347303 step creation still disabled, retrying (Requested nodes are busy)
srun: Job 10347303 step creation still disabled, retrying (Requested nodes are busy)
srun: Job 10347303 step creation still disabled, retrying (Requested nodes are busy)
srun: Job 10347303 step creation still disabled, retrying (Requested nodes are busy)
srun: Step created for StepId=10347303.10
2024-09-19 17:58:40.174540: I tensorflow/core/common_runtime/gpu/gpu_device.cc:1613] Created device /job:localhost/replica:0/task:0/device:GPU:0 with 38364 MB memory:  -> device: 0, name: NVIDIA A100-SXM4-40GB, pci bus id: 0000:03:00.0, compute capability: 8.0
2024-09-19 17:58:40.178011: I tensorflow/core/common_runtime/gpu/gpu_device.cc:1613] Created device /job:localhost/replica:0/task:0/device:GPU:1 with 38364 MB memory:  -> device: 1, name: NVIDIA A100-SXM4-40GB, pci bus id: 0000:44:00.0, compute capability: 8.0
2024-09-19 17:58:40.180554: I tensorflow/core/common_runtime/gpu/gpu_device.cc:1613] Created device /job:localhost/replica:0/task:0/device:GPU:2 with 38364 MB memory:  -> device: 2, name: NVIDIA A100-SXM4-40GB, pci bus id: 0000:84:00.0, compute capability: 8.0
2024-09-19 17:58:40.183201: I tensorflow/core/common_runtime/gpu/gpu_device.cc:1613] Created device /job:localhost/replica:0/task:0/device:GPU:3 with 38364 MB memory:  -> device: 3, name: NVIDIA A100-SXM4-40GB, pci bus id: 0000:c4:00.0, compute capability: 8.0
2024-09-19 17:58:52.542915: I tensorflow/compiler/xla/stream_executor/cuda/cuda_dnn.cc:428] Loaded cuDNN version 8600
2024-09-19 17:58:52.997768: I tensorflow/compiler/xla/stream_executor/cuda/cuda_dnn.cc:428] Loaded cuDNN version 8600
2024-09-19 17:58:53.647478: I tensorflow/compiler/xla/stream_executor/cuda/cuda_dnn.cc:428] Loaded cuDNN version 8600
2024-09-19 17:58:54.038347: I tensorflow/compiler/xla/stream_executor/cuda/cuda_dnn.cc:428] Loaded cuDNN version 8600
2024-09-19 17:58:58.829016: I tensorflow/compiler/xla/service/service.cc:173] XLA service 0x14413a2c2160 initialized for platform CUDA (this does not guarantee that XLA will be used). Devices:
2024-09-19 17:58:58.829087: I tensorflow/compiler/xla/service/service.cc:181]   StreamExecutor device (0): NVIDIA A100-SXM4-40GB, Compute Capability 8.0
2024-09-19 17:58:58.829095: I tensorflow/compiler/xla/service/service.cc:181]   StreamExecutor device (1): NVIDIA A100-SXM4-40GB, Compute Capability 8.0
2024-09-19 17:58:58.829101: I tensorflow/compiler/xla/service/service.cc:181]   StreamExecutor device (2): NVIDIA A100-SXM4-40GB, Compute Capability 8.0
2024-09-19 17:58:58.829108: I tensorflow/compiler/xla/service/service.cc:181]   StreamExecutor device (3): NVIDIA A100-SXM4-40GB, Compute Capability 8.0
2024-09-19 17:58:58.837857: I tensorflow/compiler/mlir/tensorflow/utils/dump_mlir_util.cc:268] disabling MLIR crash reproducer, set env var `MLIR_CRASH_REPRODUCER_DIRECTORY` to enable.
2024-09-19 17:58:59.035683: I tensorflow/compiler/jit/xla_compilation_cache.cc:477] Compiled cluster using XLA!  This line is logged at most once for the lifetime of the process.
srun: Job 10347303 step creation still disabled, retrying (Requested nodes are busy)
srun: Job 10347303 step creation still disabled, retrying (Requested nodes are busy)
srun: Job 10347303 step creation still disabled, retrying (Requested nodes are busy)
srun: Job 10347303 step creation still disabled, retrying (Requested nodes are busy)
srun: Job 10347303 step creation still disabled, retrying (Requested nodes are busy)
srun: Job 10347303 step creation still disabled, retrying (Requested nodes are busy)
srun: Job 10347303 step creation still disabled, retrying (Requested nodes are busy)
srun: Job 10347303 step creation still disabled, retrying (Requested nodes are busy)
srun: Job 10347303 step creation still disabled, retrying (Requested nodes are busy)
srun: Job 10347303 step creation still disabled, retrying (Requested nodes are busy)
srun: Job 10347303 step creation still disabled, retrying (Requested nodes are busy)
srun: Job 10347303 step creation still disabled, retrying (Requested nodes are busy)
srun: Job 10347303 step creation still disabled, retrying (Requested nodes are busy)
srun: Job 10347303 step creation still disabled, retrying (Requested nodes are busy)
srun: Job 10347303 step creation still disabled, retrying (Requested nodes are busy)
srun: Step created for StepId=10347303.11
2024-09-19 18:04:22.610871: I tensorflow/core/common_runtime/gpu/gpu_device.cc:1613] Created device /job:localhost/replica:0/task:0/device:GPU:0 with 38364 MB memory:  -> device: 0, name: NVIDIA A100-SXM4-40GB, pci bus id: 0000:03:00.0, compute capability: 8.0
2024-09-19 18:04:22.612835: I tensorflow/core/common_runtime/gpu/gpu_device.cc:1613] Created device /job:localhost/replica:0/task:0/device:GPU:1 with 38364 MB memory:  -> device: 1, name: NVIDIA A100-SXM4-40GB, pci bus id: 0000:44:00.0, compute capability: 8.0
2024-09-19 18:04:22.615154: I tensorflow/core/common_runtime/gpu/gpu_device.cc:1613] Created device /job:localhost/replica:0/task:0/device:GPU:2 with 38364 MB memory:  -> device: 2, name: NVIDIA A100-SXM4-40GB, pci bus id: 0000:84:00.0, compute capability: 8.0
2024-09-19 18:04:22.616700: I tensorflow/core/common_runtime/gpu/gpu_device.cc:1613] Created device /job:localhost/replica:0/task:0/device:GPU:3 with 38364 MB memory:  -> device: 3, name: NVIDIA A100-SXM4-40GB, pci bus id: 0000:c4:00.0, compute capability: 8.0
2024-09-19 18:04:34.916525: I tensorflow/compiler/xla/stream_executor/cuda/cuda_dnn.cc:428] Loaded cuDNN version 8600
2024-09-19 18:04:35.380665: I tensorflow/compiler/xla/stream_executor/cuda/cuda_dnn.cc:428] Loaded cuDNN version 8600
2024-09-19 18:04:35.922703: I tensorflow/compiler/xla/stream_executor/cuda/cuda_dnn.cc:428] Loaded cuDNN version 8600
2024-09-19 18:04:36.431420: I tensorflow/compiler/xla/stream_executor/cuda/cuda_dnn.cc:428] Loaded cuDNN version 8600
2024-09-19 18:04:42.018592: I tensorflow/compiler/xla/service/service.cc:173] XLA service 0x14e376731c40 initialized for platform CUDA (this does not guarantee that XLA will be used). Devices:
2024-09-19 18:04:42.018665: I tensorflow/compiler/xla/service/service.cc:181]   StreamExecutor device (0): NVIDIA A100-SXM4-40GB, Compute Capability 8.0
2024-09-19 18:04:42.018673: I tensorflow/compiler/xla/service/service.cc:181]   StreamExecutor device (1): NVIDIA A100-SXM4-40GB, Compute Capability 8.0
2024-09-19 18:04:42.018680: I tensorflow/compiler/xla/service/service.cc:181]   StreamExecutor device (2): NVIDIA A100-SXM4-40GB, Compute Capability 8.0
2024-09-19 18:04:42.018686: I tensorflow/compiler/xla/service/service.cc:181]   StreamExecutor device (3): NVIDIA A100-SXM4-40GB, Compute Capability 8.0
2024-09-19 18:04:42.025837: I tensorflow/compiler/mlir/tensorflow/utils/dump_mlir_util.cc:268] disabling MLIR crash reproducer, set env var `MLIR_CRASH_REPRODUCER_DIRECTORY` to enable.
2024-09-19 18:04:42.239153: I tensorflow/compiler/jit/xla_compilation_cache.cc:477] Compiled cluster using XLA!  This line is logged at most once for the lifetime of the process.
srun: Job 10347303 step creation still disabled, retrying (Requested nodes are busy)
srun: Job 10347303 step creation still disabled, retrying (Requested nodes are busy)
srun: Job 10347303 step creation still disabled, retrying (Requested nodes are busy)
srun: Job 10347303 step creation still disabled, retrying (Requested nodes are busy)
srun: Step created for StepId=10347303.12
srun: Job 10347303 step creation still disabled, retrying (Requested nodes are busy)
srun: Job 10347303 step creation still disabled, retrying (Requested nodes are busy)
srun: Job 10347303 step creation still disabled, retrying (Requested nodes are busy)
srun: Step created for StepId=10347303.13
2024-09-19 18:05:58.342517: I tensorflow/core/common_runtime/gpu/gpu_device.cc:1613] Created device /job:localhost/replica:0/task:0/device:GPU:0 with 38364 MB memory:  -> device: 0, name: NVIDIA A100-SXM4-40GB, pci bus id: 0000:03:00.0, compute capability: 8.0
2024-09-19 18:05:58.344389: I tensorflow/core/common_runtime/gpu/gpu_device.cc:1613] Created device /job:localhost/replica:0/task:0/device:GPU:1 with 38364 MB memory:  -> device: 1, name: NVIDIA A100-SXM4-40GB, pci bus id: 0000:44:00.0, compute capability: 8.0
2024-09-19 18:05:58.346961: I tensorflow/core/common_runtime/gpu/gpu_device.cc:1613] Created device /job:localhost/replica:0/task:0/device:GPU:2 with 38364 MB memory:  -> device: 2, name: NVIDIA A100-SXM4-40GB, pci bus id: 0000:84:00.0, compute capability: 8.0
2024-09-19 18:05:58.348433: I tensorflow/core/common_runtime/gpu/gpu_device.cc:1613] Created device /job:localhost/replica:0/task:0/device:GPU:3 with 38364 MB memory:  -> device: 3, name: NVIDIA A100-SXM4-40GB, pci bus id: 0000:c4:00.0, compute capability: 8.0
2024-09-19 18:06:01.660450: I tensorflow/core/common_runtime/gpu/gpu_device.cc:1613] Created device /job:localhost/replica:0/task:0/device:GPU:0 with 38364 MB memory:  -> device: 0, name: NVIDIA A100-SXM4-40GB, pci bus id: 0000:03:00.0, compute capability: 8.0
2024-09-19 18:06:01.663185: I tensorflow/core/common_runtime/gpu/gpu_device.cc:1613] Created device /job:localhost/replica:0/task:0/device:GPU:1 with 38364 MB memory:  -> device: 1, name: NVIDIA A100-SXM4-40GB, pci bus id: 0000:44:00.0, compute capability: 8.0
2024-09-19 18:06:01.664762: I tensorflow/core/common_runtime/gpu/gpu_device.cc:1613] Created device /job:localhost/replica:0/task:0/device:GPU:2 with 38364 MB memory:  -> device: 2, name: NVIDIA A100-SXM4-40GB, pci bus id: 0000:84:00.0, compute capability: 8.0
2024-09-19 18:06:01.668162: I tensorflow/core/common_runtime/gpu/gpu_device.cc:1613] Created device /job:localhost/replica:0/task:0/device:GPU:3 with 38364 MB memory:  -> device: 3, name: NVIDIA A100-SXM4-40GB, pci bus id: 0000:c4:00.0, compute capability: 8.0
2024-09-19 18:06:10.575905: I tensorflow/compiler/xla/stream_executor/cuda/cuda_dnn.cc:428] Loaded cuDNN version 8600
2024-09-19 18:06:10.941588: I tensorflow/compiler/xla/stream_executor/cuda/cuda_dnn.cc:428] Loaded cuDNN version 8600
2024-09-19 18:06:13.790587: I tensorflow/compiler/xla/stream_executor/cuda/cuda_dnn.cc:428] Loaded cuDNN version 8600
2024-09-19 18:06:15.645191: I tensorflow/compiler/xla/service/service.cc:173] XLA service 0x658c3440 initialized for platform CUDA (this does not guarantee that XLA will be used). Devices:
2024-09-19 18:06:15.645249: I tensorflow/compiler/xla/service/service.cc:181]   StreamExecutor device (0): NVIDIA A100-SXM4-40GB, Compute Capability 8.0
2024-09-19 18:06:15.645258: I tensorflow/compiler/xla/service/service.cc:181]   StreamExecutor device (1): NVIDIA A100-SXM4-40GB, Compute Capability 8.0
2024-09-19 18:06:15.645264: I tensorflow/compiler/xla/service/service.cc:181]   StreamExecutor device (2): NVIDIA A100-SXM4-40GB, Compute Capability 8.0
2024-09-19 18:06:15.645270: I tensorflow/compiler/xla/service/service.cc:181]   StreamExecutor device (3): NVIDIA A100-SXM4-40GB, Compute Capability 8.0
2024-09-19 18:06:15.656150: I tensorflow/compiler/mlir/tensorflow/utils/dump_mlir_util.cc:268] disabling MLIR crash reproducer, set env var `MLIR_CRASH_REPRODUCER_DIRECTORY` to enable.
2024-09-19 18:06:15.844321: I tensorflow/compiler/jit/xla_compilation_cache.cc:477] Compiled cluster using XLA!  This line is logged at most once for the lifetime of the process.
2024-09-19 18:06:18.457132: I tensorflow/compiler/xla/service/service.cc:173] XLA service 0x14396b810100 initialized for platform CUDA (this does not guarantee that XLA will be used). Devices:
2024-09-19 18:06:18.457191: I tensorflow/compiler/xla/service/service.cc:181]   StreamExecutor device (0): NVIDIA A100-SXM4-40GB, Compute Capability 8.0
2024-09-19 18:06:18.457198: I tensorflow/compiler/xla/service/service.cc:181]   StreamExecutor device (1): NVIDIA A100-SXM4-40GB, Compute Capability 8.0
2024-09-19 18:06:18.457204: I tensorflow/compiler/xla/service/service.cc:181]   StreamExecutor device (2): NVIDIA A100-SXM4-40GB, Compute Capability 8.0
2024-09-19 18:06:18.457211: I tensorflow/compiler/xla/service/service.cc:181]   StreamExecutor device (3): NVIDIA A100-SXM4-40GB, Compute Capability 8.0
2024-09-19 18:06:18.469220: I tensorflow/compiler/mlir/tensorflow/utils/dump_mlir_util.cc:268] disabling MLIR crash reproducer, set env var `MLIR_CRASH_REPRODUCER_DIRECTORY` to enable.
2024-09-19 18:06:18.680088: I tensorflow/compiler/jit/xla_compilation_cache.cc:477] Compiled cluster using XLA!  This line is logged at most once for the lifetime of the process.
srun: Job 10347303 step creation still disabled, retrying (Requested nodes are busy)
srun: Job 10347303 step creation still disabled, retrying (Requested nodes are busy)
srun: Job 10347303 step creation still disabled, retrying (Requested nodes are busy)
srun: Job 10347303 step creation still disabled, retrying (Requested nodes are busy)
srun: Step created for StepId=10347303.14
2024-09-19 18:09:05.691533: I tensorflow/core/common_runtime/gpu/gpu_device.cc:1613] Created device /job:localhost/replica:0/task:0/device:GPU:0 with 38364 MB memory:  -> device: 0, name: NVIDIA A100-SXM4-40GB, pci bus id: 0000:03:00.0, compute capability: 8.0
2024-09-19 18:09:05.693498: I tensorflow/core/common_runtime/gpu/gpu_device.cc:1613] Created device /job:localhost/replica:0/task:0/device:GPU:1 with 38364 MB memory:  -> device: 1, name: NVIDIA A100-SXM4-40GB, pci bus id: 0000:44:00.0, compute capability: 8.0
2024-09-19 18:09:05.695067: I tensorflow/core/common_runtime/gpu/gpu_device.cc:1613] Created device /job:localhost/replica:0/task:0/device:GPU:2 with 38364 MB memory:  -> device: 2, name: NVIDIA A100-SXM4-40GB, pci bus id: 0000:84:00.0, compute capability: 8.0
2024-09-19 18:09:05.696753: I tensorflow/core/common_runtime/gpu/gpu_device.cc:1613] Created device /job:localhost/replica:0/task:0/device:GPU:3 with 38364 MB memory:  -> device: 3, name: NVIDIA A100-SXM4-40GB, pci bus id: 0000:c4:00.0, compute capability: 8.0
2024-09-19 18:09:17.955160: I tensorflow/compiler/xla/stream_executor/cuda/cuda_dnn.cc:428] Loaded cuDNN version 8600
2024-09-19 18:09:18.487708: I tensorflow/compiler/xla/stream_executor/cuda/cuda_dnn.cc:428] Loaded cuDNN version 8600
2024-09-19 18:09:19.037493: I tensorflow/compiler/xla/stream_executor/cuda/cuda_dnn.cc:428] Loaded cuDNN version 8600
2024-09-19 18:09:19.447892: I tensorflow/compiler/xla/stream_executor/cuda/cuda_dnn.cc:428] Loaded cuDNN version 8600
2024-09-19 18:09:24.786093: I tensorflow/compiler/xla/service/service.cc:173] XLA service 0x14ebc34378e0 initialized for platform CUDA (this does not guarantee that XLA will be used). Devices:
2024-09-19 18:09:24.786143: I tensorflow/compiler/xla/service/service.cc:181]   StreamExecutor device (0): NVIDIA A100-SXM4-40GB, Compute Capability 8.0
2024-09-19 18:09:24.786151: I tensorflow/compiler/xla/service/service.cc:181]   StreamExecutor device (1): NVIDIA A100-SXM4-40GB, Compute Capability 8.0
2024-09-19 18:09:24.786158: I tensorflow/compiler/xla/service/service.cc:181]   StreamExecutor device (2): NVIDIA A100-SXM4-40GB, Compute Capability 8.0
2024-09-19 18:09:24.786164: I tensorflow/compiler/xla/service/service.cc:181]   StreamExecutor device (3): NVIDIA A100-SXM4-40GB, Compute Capability 8.0
2024-09-19 18:09:24.793656: I tensorflow/compiler/mlir/tensorflow/utils/dump_mlir_util.cc:268] disabling MLIR crash reproducer, set env var `MLIR_CRASH_REPRODUCER_DIRECTORY` to enable.
2024-09-19 18:09:25.013571: I tensorflow/compiler/jit/xla_compilation_cache.cc:477] Compiled cluster using XLA!  This line is logged at most once for the lifetime of the process.
srun: Job 10347303 step creation still disabled, retrying (Requested nodes are busy)
srun: Job 10347303 step creation still disabled, retrying (Requested nodes are busy)
srun: Step created for StepId=10347303.15
2024-09-19 18:12:53.365685: I tensorflow/core/common_runtime/gpu/gpu_device.cc:1613] Created device /job:localhost/replica:0/task:0/device:GPU:0 with 38364 MB memory:  -> device: 0, name: NVIDIA A100-SXM4-40GB, pci bus id: 0000:03:00.0, compute capability: 8.0
2024-09-19 18:12:53.367524: I tensorflow/core/common_runtime/gpu/gpu_device.cc:1613] Created device /job:localhost/replica:0/task:0/device:GPU:1 with 38364 MB memory:  -> device: 1, name: NVIDIA A100-SXM4-40GB, pci bus id: 0000:44:00.0, compute capability: 8.0
2024-09-19 18:12:53.369233: I tensorflow/core/common_runtime/gpu/gpu_device.cc:1613] Created device /job:localhost/replica:0/task:0/device:GPU:2 with 38364 MB memory:  -> device: 2, name: NVIDIA A100-SXM4-40GB, pci bus id: 0000:84:00.0, compute capability: 8.0
2024-09-19 18:12:53.371902: I tensorflow/core/common_runtime/gpu/gpu_device.cc:1613] Created device /job:localhost/replica:0/task:0/device:GPU:3 with 38364 MB memory:  -> device: 3, name: NVIDIA A100-SXM4-40GB, pci bus id: 0000:c4:00.0, compute capability: 8.0
2024-09-19 18:13:05.648535: I tensorflow/compiler/xla/stream_executor/cuda/cuda_dnn.cc:428] Loaded cuDNN version 8600
2024-09-19 18:13:06.047975: I tensorflow/compiler/xla/stream_executor/cuda/cuda_dnn.cc:428] Loaded cuDNN version 8600
2024-09-19 18:13:10.733415: I tensorflow/compiler/xla/service/service.cc:173] XLA service 0x6efe68c0 initialized for platform CUDA (this does not guarantee that XLA will be used). Devices:
2024-09-19 18:13:10.733484: I tensorflow/compiler/xla/service/service.cc:181]   StreamExecutor device (0): NVIDIA A100-SXM4-40GB, Compute Capability 8.0
2024-09-19 18:13:10.733491: I tensorflow/compiler/xla/service/service.cc:181]   StreamExecutor device (1): NVIDIA A100-SXM4-40GB, Compute Capability 8.0
2024-09-19 18:13:10.733498: I tensorflow/compiler/xla/service/service.cc:181]   StreamExecutor device (2): NVIDIA A100-SXM4-40GB, Compute Capability 8.0
2024-09-19 18:13:10.733504: I tensorflow/compiler/xla/service/service.cc:181]   StreamExecutor device (3): NVIDIA A100-SXM4-40GB, Compute Capability 8.0
2024-09-19 18:13:10.743611: I tensorflow/compiler/mlir/tensorflow/utils/dump_mlir_util.cc:268] disabling MLIR crash reproducer, set env var `MLIR_CRASH_REPRODUCER_DIRECTORY` to enable.
2024-09-19 18:13:10.947999: I tensorflow/compiler/jit/xla_compilation_cache.cc:477] Compiled cluster using XLA!  This line is logged at most once for the lifetime of the process.
srun: Job step aborted: Waiting up to 6 seconds for job step to finish.
srun: forcing job termination
