2024-09-09 04:30:53.335813: I tensorflow/core/common_runtime/gpu/gpu_device.cc:1613] Created device /job:localhost/replica:0/task:0/device:GPU:0 with 38364 MB memory:  -> device: 0, name: NVIDIA A100-SXM4-40GB, pci bus id: 0000:03:00.0, compute capability: 8.0
2024-09-09 04:30:53.337726: I tensorflow/core/common_runtime/gpu/gpu_device.cc:1613] Created device /job:localhost/replica:0/task:0/device:GPU:1 with 38364 MB memory:  -> device: 1, name: NVIDIA A100-SXM4-40GB, pci bus id: 0000:44:00.0, compute capability: 8.0
2024-09-09 04:30:53.339353: I tensorflow/core/common_runtime/gpu/gpu_device.cc:1613] Created device /job:localhost/replica:0/task:0/device:GPU:2 with 38364 MB memory:  -> device: 2, name: NVIDIA A100-SXM4-40GB, pci bus id: 0000:84:00.0, compute capability: 8.0
2024-09-09 04:30:53.341018: I tensorflow/core/common_runtime/gpu/gpu_device.cc:1613] Created device /job:localhost/replica:0/task:0/device:GPU:3 with 38364 MB memory:  -> device: 3, name: NVIDIA A100-SXM4-40GB, pci bus id: 0000:c4:00.0, compute capability: 8.0
2024-09-09 04:30:56.975563: I tensorflow/core/common_runtime/gpu/gpu_device.cc:1613] Created device /job:localhost/replica:0/task:0/device:GPU:0 with 38364 MB memory:  -> device: 0, name: NVIDIA A100-SXM4-40GB, pci bus id: 0000:03:00.0, compute capability: 8.0
2024-09-09 04:30:56.977452: I tensorflow/core/common_runtime/gpu/gpu_device.cc:1613] Created device /job:localhost/replica:0/task:0/device:GPU:1 with 38364 MB memory:  -> device: 1, name: NVIDIA A100-SXM4-40GB, pci bus id: 0000:44:00.0, compute capability: 8.0
2024-09-09 04:30:56.980340: I tensorflow/core/common_runtime/gpu/gpu_device.cc:1613] Created device /job:localhost/replica:0/task:0/device:GPU:2 with 38364 MB memory:  -> device: 2, name: NVIDIA A100-SXM4-40GB, pci bus id: 0000:84:00.0, compute capability: 8.0
2024-09-09 04:30:56.982018: I tensorflow/core/common_runtime/gpu/gpu_device.cc:1613] Created device /job:localhost/replica:0/task:0/device:GPU:3 with 38364 MB memory:  -> device: 3, name: NVIDIA A100-SXM4-40GB, pci bus id: 0000:c4:00.0, compute capability: 8.0
2024-09-09 04:31:01.627588: I tensorflow/core/common_runtime/gpu/gpu_device.cc:1613] Created device /job:localhost/replica:0/task:0/device:GPU:0 with 38364 MB memory:  -> device: 0, name: NVIDIA A100-SXM4-40GB, pci bus id: 0000:03:00.0, compute capability: 8.0
2024-09-09 04:31:01.629403: I tensorflow/core/common_runtime/gpu/gpu_device.cc:1613] Created device /job:localhost/replica:0/task:0/device:GPU:1 with 38364 MB memory:  -> device: 1, name: NVIDIA A100-SXM4-40GB, pci bus id: 0000:44:00.0, compute capability: 8.0
2024-09-09 04:31:01.630934: I tensorflow/core/common_runtime/gpu/gpu_device.cc:1613] Created device /job:localhost/replica:0/task:0/device:GPU:2 with 38364 MB memory:  -> device: 2, name: NVIDIA A100-SXM4-40GB, pci bus id: 0000:84:00.0, compute capability: 8.0
2024-09-09 04:31:01.632575: I tensorflow/core/common_runtime/gpu/gpu_device.cc:1613] Created device /job:localhost/replica:0/task:0/device:GPU:3 with 38364 MB memory:  -> device: 3, name: NVIDIA A100-SXM4-40GB, pci bus id: 0000:c4:00.0, compute capability: 8.0
2024-09-09 04:31:05.360542: I tensorflow/core/common_runtime/gpu/gpu_device.cc:1613] Created device /job:localhost/replica:0/task:0/device:GPU:0 with 38364 MB memory:  -> device: 0, name: NVIDIA A100-SXM4-40GB, pci bus id: 0000:03:00.0, compute capability: 8.0
2024-09-09 04:31:05.362446: I tensorflow/core/common_runtime/gpu/gpu_device.cc:1613] Created device /job:localhost/replica:0/task:0/device:GPU:1 with 38364 MB memory:  -> device: 1, name: NVIDIA A100-SXM4-40GB, pci bus id: 0000:44:00.0, compute capability: 8.0
2024-09-09 04:31:05.363936: I tensorflow/core/common_runtime/gpu/gpu_device.cc:1613] Created device /job:localhost/replica:0/task:0/device:GPU:2 with 38364 MB memory:  -> device: 2, name: NVIDIA A100-SXM4-40GB, pci bus id: 0000:84:00.0, compute capability: 8.0
2024-09-09 04:31:05.365423: I tensorflow/core/common_runtime/gpu/gpu_device.cc:1613] Created device /job:localhost/replica:0/task:0/device:GPU:3 with 38364 MB memory:  -> device: 3, name: NVIDIA A100-SXM4-40GB, pci bus id: 0000:c4:00.0, compute capability: 8.0
2024-09-09 04:31:08.610779: I tensorflow/core/common_runtime/gpu/gpu_device.cc:1613] Created device /job:localhost/replica:0/task:0/device:GPU:0 with 38364 MB memory:  -> device: 0, name: NVIDIA A100-SXM4-40GB, pci bus id: 0000:03:00.0, compute capability: 8.0
2024-09-09 04:31:08.612654: I tensorflow/core/common_runtime/gpu/gpu_device.cc:1613] Created device /job:localhost/replica:0/task:0/device:GPU:1 with 38364 MB memory:  -> device: 1, name: NVIDIA A100-SXM4-40GB, pci bus id: 0000:44:00.0, compute capability: 8.0
2024-09-09 04:31:08.614239: I tensorflow/core/common_runtime/gpu/gpu_device.cc:1613] Created device /job:localhost/replica:0/task:0/device:GPU:2 with 38364 MB memory:  -> device: 2, name: NVIDIA A100-SXM4-40GB, pci bus id: 0000:84:00.0, compute capability: 8.0
2024-09-09 04:31:08.616940: I tensorflow/core/common_runtime/gpu/gpu_device.cc:1613] Created device /job:localhost/replica:0/task:0/device:GPU:3 with 38364 MB memory:  -> device: 3, name: NVIDIA A100-SXM4-40GB, pci bus id: 0000:c4:00.0, compute capability: 8.0
2024-09-09 04:31:12.840036: I tensorflow/core/common_runtime/gpu/gpu_device.cc:1613] Created device /job:localhost/replica:0/task:0/device:GPU:0 with 38364 MB memory:  -> device: 0, name: NVIDIA A100-SXM4-40GB, pci bus id: 0000:03:00.0, compute capability: 8.0
2024-09-09 04:31:12.842940: I tensorflow/core/common_runtime/gpu/gpu_device.cc:1613] Created device /job:localhost/replica:0/task:0/device:GPU:1 with 38364 MB memory:  -> device: 1, name: NVIDIA A100-SXM4-40GB, pci bus id: 0000:44:00.0, compute capability: 8.0
2024-09-09 04:31:12.844452: I tensorflow/core/common_runtime/gpu/gpu_device.cc:1613] Created device /job:localhost/replica:0/task:0/device:GPU:2 with 38364 MB memory:  -> device: 2, name: NVIDIA A100-SXM4-40GB, pci bus id: 0000:84:00.0, compute capability: 8.0
2024-09-09 04:31:12.847302: I tensorflow/core/common_runtime/gpu/gpu_device.cc:1613] Created device /job:localhost/replica:0/task:0/device:GPU:3 with 38364 MB memory:  -> device: 3, name: NVIDIA A100-SXM4-40GB, pci bus id: 0000:c4:00.0, compute capability: 8.0
2024-09-09 04:31:20.718282: I tensorflow/compiler/xla/stream_executor/cuda/cuda_dnn.cc:428] Loaded cuDNN version 8600
2024-09-09 04:31:24.423602: I tensorflow/compiler/xla/stream_executor/cuda/cuda_dnn.cc:428] Loaded cuDNN version 8600
2024-09-09 04:31:24.794275: I tensorflow/compiler/xla/stream_executor/cuda/cuda_dnn.cc:428] Loaded cuDNN version 8600
2024-09-09 04:31:24.844293: I tensorflow/core/common_runtime/gpu/gpu_device.cc:1613] Created device /job:localhost/replica:0/task:0/device:GPU:0 with 38364 MB memory:  -> device: 0, name: NVIDIA A100-SXM4-40GB, pci bus id: 0000:03:00.0, compute capability: 8.0
2024-09-09 04:31:24.847432: I tensorflow/core/common_runtime/gpu/gpu_device.cc:1613] Created device /job:localhost/replica:0/task:0/device:GPU:1 with 38364 MB memory:  -> device: 1, name: NVIDIA A100-SXM4-40GB, pci bus id: 0000:44:00.0, compute capability: 8.0
2024-09-09 04:31:24.848984: I tensorflow/core/common_runtime/gpu/gpu_device.cc:1613] Created device /job:localhost/replica:0/task:0/device:GPU:2 with 38364 MB memory:  -> device: 2, name: NVIDIA A100-SXM4-40GB, pci bus id: 0000:84:00.0, compute capability: 8.0
2024-09-09 04:31:24.851469: I tensorflow/core/common_runtime/gpu/gpu_device.cc:1613] Created device /job:localhost/replica:0/task:0/device:GPU:3 with 38364 MB memory:  -> device: 3, name: NVIDIA A100-SXM4-40GB, pci bus id: 0000:c4:00.0, compute capability: 8.0
2024-09-09 04:31:25.582657: I tensorflow/compiler/xla/service/service.cc:173] XLA service 0x6655a340 initialized for platform CUDA (this does not guarantee that XLA will be used). Devices:
2024-09-09 04:31:25.582710: I tensorflow/compiler/xla/service/service.cc:181]   StreamExecutor device (0): NVIDIA A100-SXM4-40GB, Compute Capability 8.0
2024-09-09 04:31:25.582717: I tensorflow/compiler/xla/service/service.cc:181]   StreamExecutor device (1): NVIDIA A100-SXM4-40GB, Compute Capability 8.0
2024-09-09 04:31:25.582723: I tensorflow/compiler/xla/service/service.cc:181]   StreamExecutor device (2): NVIDIA A100-SXM4-40GB, Compute Capability 8.0
2024-09-09 04:31:25.582729: I tensorflow/compiler/xla/service/service.cc:181]   StreamExecutor device (3): NVIDIA A100-SXM4-40GB, Compute Capability 8.0
2024-09-09 04:31:25.596164: I tensorflow/compiler/mlir/tensorflow/utils/dump_mlir_util.cc:268] disabling MLIR crash reproducer, set env var `MLIR_CRASH_REPRODUCER_DIRECTORY` to enable.
2024-09-09 04:31:25.791376: I tensorflow/compiler/jit/xla_compilation_cache.cc:477] Compiled cluster using XLA!  This line is logged at most once for the lifetime of the process.
2024-09-09 04:31:28.749827: I tensorflow/core/common_runtime/gpu/gpu_device.cc:1613] Created device /job:localhost/replica:0/task:0/device:GPU:0 with 38364 MB memory:  -> device: 0, name: NVIDIA A100-SXM4-40GB, pci bus id: 0000:03:00.0, compute capability: 8.0
2024-09-09 04:31:28.752896: I tensorflow/core/common_runtime/gpu/gpu_device.cc:1613] Created device /job:localhost/replica:0/task:0/device:GPU:1 with 38364 MB memory:  -> device: 1, name: NVIDIA A100-SXM4-40GB, pci bus id: 0000:44:00.0, compute capability: 8.0
2024-09-09 04:31:28.755139: I tensorflow/core/common_runtime/gpu/gpu_device.cc:1613] Created device /job:localhost/replica:0/task:0/device:GPU:2 with 38364 MB memory:  -> device: 2, name: NVIDIA A100-SXM4-40GB, pci bus id: 0000:84:00.0, compute capability: 8.0
2024-09-09 04:31:28.757857: I tensorflow/core/common_runtime/gpu/gpu_device.cc:1613] Created device /job:localhost/replica:0/task:0/device:GPU:3 with 38364 MB memory:  -> device: 3, name: NVIDIA A100-SXM4-40GB, pci bus id: 0000:c4:00.0, compute capability: 8.0
2024-09-09 04:31:29.192195: I tensorflow/compiler/xla/stream_executor/cuda/cuda_dnn.cc:428] Loaded cuDNN version 8600
2024-09-09 04:31:29.409806: I tensorflow/compiler/xla/service/service.cc:173] XLA service 0x665ed390 initialized for platform CUDA (this does not guarantee that XLA will be used). Devices:
2024-09-09 04:31:29.409868: I tensorflow/compiler/xla/service/service.cc:181]   StreamExecutor device (0): NVIDIA A100-SXM4-40GB, Compute Capability 8.0
2024-09-09 04:31:29.409876: I tensorflow/compiler/xla/service/service.cc:181]   StreamExecutor device (1): NVIDIA A100-SXM4-40GB, Compute Capability 8.0
2024-09-09 04:31:29.409882: I tensorflow/compiler/xla/service/service.cc:181]   StreamExecutor device (2): NVIDIA A100-SXM4-40GB, Compute Capability 8.0
2024-09-09 04:31:29.409888: I tensorflow/compiler/xla/service/service.cc:181]   StreamExecutor device (3): NVIDIA A100-SXM4-40GB, Compute Capability 8.0
2024-09-09 04:31:29.422151: I tensorflow/compiler/mlir/tensorflow/utils/dump_mlir_util.cc:268] disabling MLIR crash reproducer, set env var `MLIR_CRASH_REPRODUCER_DIRECTORY` to enable.
2024-09-09 04:31:29.629265: I tensorflow/compiler/jit/xla_compilation_cache.cc:477] Compiled cluster using XLA!  This line is logged at most once for the lifetime of the process.
2024-09-09 04:31:29.671446: I tensorflow/compiler/xla/stream_executor/cuda/cuda_dnn.cc:428] Loaded cuDNN version 8600
2024-09-09 04:31:30.294150: I tensorflow/compiler/xla/stream_executor/cuda/cuda_dnn.cc:428] Loaded cuDNN version 8600
2024-09-09 04:31:30.690575: I tensorflow/compiler/xla/stream_executor/cuda/cuda_dnn.cc:428] Loaded cuDNN version 8600
2024-09-09 04:31:32.991558: I tensorflow/compiler/xla/stream_executor/cuda/cuda_dnn.cc:428] Loaded cuDNN version 8600
2024-09-09 04:31:33.479238: I tensorflow/compiler/xla/stream_executor/cuda/cuda_dnn.cc:428] Loaded cuDNN version 8600
2024-09-09 04:31:34.033191: I tensorflow/compiler/xla/stream_executor/cuda/cuda_dnn.cc:428] Loaded cuDNN version 8600
2024-09-09 04:31:34.477586: I tensorflow/compiler/xla/stream_executor/cuda/cuda_dnn.cc:428] Loaded cuDNN version 8600
2024-09-09 04:31:35.849844: I tensorflow/compiler/xla/stream_executor/cuda/cuda_dnn.cc:428] Loaded cuDNN version 8600
2024-09-09 04:31:36.049189: I tensorflow/compiler/xla/service/service.cc:173] XLA service 0x14f21bb7fc30 initialized for platform CUDA (this does not guarantee that XLA will be used). Devices:
2024-09-09 04:31:36.049256: I tensorflow/compiler/xla/service/service.cc:181]   StreamExecutor device (0): NVIDIA A100-SXM4-40GB, Compute Capability 8.0
2024-09-09 04:31:36.049264: I tensorflow/compiler/xla/service/service.cc:181]   StreamExecutor device (1): NVIDIA A100-SXM4-40GB, Compute Capability 8.0
2024-09-09 04:31:36.049270: I tensorflow/compiler/xla/service/service.cc:181]   StreamExecutor device (2): NVIDIA A100-SXM4-40GB, Compute Capability 8.0
2024-09-09 04:31:36.049277: I tensorflow/compiler/xla/service/service.cc:181]   StreamExecutor device (3): NVIDIA A100-SXM4-40GB, Compute Capability 8.0
2024-09-09 04:31:36.056407: I tensorflow/compiler/mlir/tensorflow/utils/dump_mlir_util.cc:268] disabling MLIR crash reproducer, set env var `MLIR_CRASH_REPRODUCER_DIRECTORY` to enable.
2024-09-09 04:31:36.265711: I tensorflow/compiler/jit/xla_compilation_cache.cc:477] Compiled cluster using XLA!  This line is logged at most once for the lifetime of the process.
2024-09-09 04:31:39.942980: I tensorflow/compiler/xla/service/service.cc:173] XLA service 0x7849d970 initialized for platform CUDA (this does not guarantee that XLA will be used). Devices:
2024-09-09 04:31:39.943053: I tensorflow/compiler/xla/service/service.cc:181]   StreamExecutor device (0): NVIDIA A100-SXM4-40GB, Compute Capability 8.0
2024-09-09 04:31:39.943061: I tensorflow/compiler/xla/service/service.cc:181]   StreamExecutor device (1): NVIDIA A100-SXM4-40GB, Compute Capability 8.0
2024-09-09 04:31:39.943067: I tensorflow/compiler/xla/service/service.cc:181]   StreamExecutor device (2): NVIDIA A100-SXM4-40GB, Compute Capability 8.0
2024-09-09 04:31:39.943073: I tensorflow/compiler/xla/service/service.cc:181]   StreamExecutor device (3): NVIDIA A100-SXM4-40GB, Compute Capability 8.0
2024-09-09 04:31:39.952532: I tensorflow/compiler/mlir/tensorflow/utils/dump_mlir_util.cc:268] disabling MLIR crash reproducer, set env var `MLIR_CRASH_REPRODUCER_DIRECTORY` to enable.
2024-09-09 04:31:40.151443: I tensorflow/compiler/jit/xla_compilation_cache.cc:477] Compiled cluster using XLA!  This line is logged at most once for the lifetime of the process.
2024-09-09 04:31:40.384927: I tensorflow/compiler/xla/stream_executor/cuda/cuda_dnn.cc:428] Loaded cuDNN version 8600
2024-09-09 04:31:40.403919: I tensorflow/compiler/xla/service/service.cc:173] XLA service 0x14b21d0e13a0 initialized for platform CUDA (this does not guarantee that XLA will be used). Devices:
2024-09-09 04:31:40.403972: I tensorflow/compiler/xla/service/service.cc:181]   StreamExecutor device (0): NVIDIA A100-SXM4-40GB, Compute Capability 8.0
2024-09-09 04:31:40.403980: I tensorflow/compiler/xla/service/service.cc:181]   StreamExecutor device (1): NVIDIA A100-SXM4-40GB, Compute Capability 8.0
2024-09-09 04:31:40.403986: I tensorflow/compiler/xla/service/service.cc:181]   StreamExecutor device (2): NVIDIA A100-SXM4-40GB, Compute Capability 8.0
2024-09-09 04:31:40.403992: I tensorflow/compiler/xla/service/service.cc:181]   StreamExecutor device (3): NVIDIA A100-SXM4-40GB, Compute Capability 8.0
2024-09-09 04:31:40.416887: I tensorflow/compiler/mlir/tensorflow/utils/dump_mlir_util.cc:268] disabling MLIR crash reproducer, set env var `MLIR_CRASH_REPRODUCER_DIRECTORY` to enable.
2024-09-09 04:31:40.630008: I tensorflow/compiler/jit/xla_compilation_cache.cc:477] Compiled cluster using XLA!  This line is logged at most once for the lifetime of the process.
2024-09-09 04:31:40.761686: I tensorflow/compiler/xla/stream_executor/cuda/cuda_dnn.cc:428] Loaded cuDNN version 8600
2024-09-09 04:31:46.101530: I tensorflow/compiler/xla/service/service.cc:173] XLA service 0x146db8001850 initialized for platform CUDA (this does not guarantee that XLA will be used). Devices:
2024-09-09 04:31:46.101598: I tensorflow/compiler/xla/service/service.cc:181]   StreamExecutor device (0): NVIDIA A100-SXM4-40GB, Compute Capability 8.0
2024-09-09 04:31:46.101606: I tensorflow/compiler/xla/service/service.cc:181]   StreamExecutor device (1): NVIDIA A100-SXM4-40GB, Compute Capability 8.0
2024-09-09 04:31:46.101612: I tensorflow/compiler/xla/service/service.cc:181]   StreamExecutor device (2): NVIDIA A100-SXM4-40GB, Compute Capability 8.0
2024-09-09 04:31:46.101618: I tensorflow/compiler/xla/service/service.cc:181]   StreamExecutor device (3): NVIDIA A100-SXM4-40GB, Compute Capability 8.0
2024-09-09 04:31:46.113971: I tensorflow/compiler/mlir/tensorflow/utils/dump_mlir_util.cc:268] disabling MLIR crash reproducer, set env var `MLIR_CRASH_REPRODUCER_DIRECTORY` to enable.
2024-09-09 04:31:46.307072: I tensorflow/compiler/jit/xla_compilation_cache.cc:477] Compiled cluster using XLA!  This line is logged at most once for the lifetime of the process.
2024-09-09 04:31:53.010980: I tensorflow/compiler/xla/stream_executor/cuda/cuda_dnn.cc:428] Loaded cuDNN version 8600
2024-09-09 04:31:53.450164: I tensorflow/compiler/xla/stream_executor/cuda/cuda_dnn.cc:428] Loaded cuDNN version 8600
2024-09-09 04:31:54.021984: I tensorflow/compiler/xla/stream_executor/cuda/cuda_dnn.cc:428] Loaded cuDNN version 8600
2024-09-09 04:31:54.470120: I tensorflow/compiler/xla/stream_executor/cuda/cuda_dnn.cc:428] Loaded cuDNN version 8600
2024-09-09 04:31:56.714387: I tensorflow/compiler/xla/stream_executor/cuda/cuda_dnn.cc:428] Loaded cuDNN version 8600
2024-09-09 04:31:57.222054: I tensorflow/compiler/xla/stream_executor/cuda/cuda_dnn.cc:428] Loaded cuDNN version 8600
2024-09-09 04:31:57.794902: I tensorflow/compiler/xla/stream_executor/cuda/cuda_dnn.cc:428] Loaded cuDNN version 8600
2024-09-09 04:31:58.227439: I tensorflow/compiler/xla/stream_executor/cuda/cuda_dnn.cc:428] Loaded cuDNN version 8600
2024-09-09 04:31:59.583738: I tensorflow/compiler/xla/service/service.cc:173] XLA service 0x14ff7461b480 initialized for platform CUDA (this does not guarantee that XLA will be used). Devices:
2024-09-09 04:31:59.583816: I tensorflow/compiler/xla/service/service.cc:181]   StreamExecutor device (0): NVIDIA A100-SXM4-40GB, Compute Capability 8.0
2024-09-09 04:31:59.583824: I tensorflow/compiler/xla/service/service.cc:181]   StreamExecutor device (1): NVIDIA A100-SXM4-40GB, Compute Capability 8.0
2024-09-09 04:31:59.583830: I tensorflow/compiler/xla/service/service.cc:181]   StreamExecutor device (2): NVIDIA A100-SXM4-40GB, Compute Capability 8.0
2024-09-09 04:31:59.583836: I tensorflow/compiler/xla/service/service.cc:181]   StreamExecutor device (3): NVIDIA A100-SXM4-40GB, Compute Capability 8.0
2024-09-09 04:31:59.606924: I tensorflow/compiler/mlir/tensorflow/utils/dump_mlir_util.cc:268] disabling MLIR crash reproducer, set env var `MLIR_CRASH_REPRODUCER_DIRECTORY` to enable.
2024-09-09 04:31:59.869035: I tensorflow/compiler/jit/xla_compilation_cache.cc:477] Compiled cluster using XLA!  This line is logged at most once for the lifetime of the process.
2024-09-09 04:32:03.476347: I tensorflow/compiler/xla/service/service.cc:173] XLA service 0x770e4730 initialized for platform CUDA (this does not guarantee that XLA will be used). Devices:
2024-09-09 04:32:03.476433: I tensorflow/compiler/xla/service/service.cc:181]   StreamExecutor device (0): NVIDIA A100-SXM4-40GB, Compute Capability 8.0
2024-09-09 04:32:03.476441: I tensorflow/compiler/xla/service/service.cc:181]   StreamExecutor device (1): NVIDIA A100-SXM4-40GB, Compute Capability 8.0
2024-09-09 04:32:03.476447: I tensorflow/compiler/xla/service/service.cc:181]   StreamExecutor device (2): NVIDIA A100-SXM4-40GB, Compute Capability 8.0
2024-09-09 04:32:03.476453: I tensorflow/compiler/xla/service/service.cc:181]   StreamExecutor device (3): NVIDIA A100-SXM4-40GB, Compute Capability 8.0
2024-09-09 04:32:03.500277: I tensorflow/compiler/mlir/tensorflow/utils/dump_mlir_util.cc:268] disabling MLIR crash reproducer, set env var `MLIR_CRASH_REPRODUCER_DIRECTORY` to enable.
2024-09-09 04:32:03.759117: I tensorflow/compiler/jit/xla_compilation_cache.cc:477] Compiled cluster using XLA!  This line is logged at most once for the lifetime of the process.
srun: Job 10294680 step creation temporarily disabled, retrying (Requested nodes are busy)
srun: Job 10294680 step creation temporarily disabled, retrying (Requested nodes are busy)
srun: Job 10294680 step creation temporarily disabled, retrying (Requested nodes are busy)
srun: Job 10294680 step creation temporarily disabled, retrying (Requested nodes are busy)
srun: Job 10294680 step creation temporarily disabled, retrying (Requested nodes are busy)
srun: Job 10294680 step creation temporarily disabled, retrying (Requested nodes are busy)
srun: Job 10294680 step creation temporarily disabled, retrying (Requested nodes are busy)
srun: Job 10294680 step creation temporarily disabled, retrying (Requested nodes are busy)
srun: Job 10294680 step creation still disabled, retrying (Requested nodes are busy)
srun: Job 10294680 step creation still disabled, retrying (Requested nodes are busy)
srun: Job 10294680 step creation still disabled, retrying (Requested nodes are busy)
srun: Job 10294680 step creation still disabled, retrying (Requested nodes are busy)
srun: Job 10294680 step creation still disabled, retrying (Requested nodes are busy)
srun: Job 10294680 step creation still disabled, retrying (Requested nodes are busy)
srun: Job 10294680 step creation still disabled, retrying (Requested nodes are busy)
srun: Job 10294680 step creation still disabled, retrying (Requested nodes are busy)
srun: Job 10294680 step creation still disabled, retrying (Requested nodes are busy)
srun: Job 10294680 step creation still disabled, retrying (Requested nodes are busy)
srun: Job 10294680 step creation still disabled, retrying (Requested nodes are busy)
srun: Job 10294680 step creation still disabled, retrying (Requested nodes are busy)
srun: Job 10294680 step creation still disabled, retrying (Requested nodes are busy)
srun: Job 10294680 step creation still disabled, retrying (Requested nodes are busy)
srun: Job 10294680 step creation still disabled, retrying (Requested nodes are busy)
srun: Job 10294680 step creation still disabled, retrying (Requested nodes are busy)
srun: Job 10294680 step creation still disabled, retrying (Requested nodes are busy)
srun: Job 10294680 step creation still disabled, retrying (Requested nodes are busy)
srun: Job 10294680 step creation still disabled, retrying (Requested nodes are busy)
srun: Job 10294680 step creation still disabled, retrying (Requested nodes are busy)
srun: Job 10294680 step creation still disabled, retrying (Requested nodes are busy)
srun: Job 10294680 step creation still disabled, retrying (Requested nodes are busy)
srun: Job 10294680 step creation still disabled, retrying (Requested nodes are busy)
srun: Job 10294680 step creation still disabled, retrying (Requested nodes are busy)
srun: Job 10294680 step creation still disabled, retrying (Requested nodes are busy)
srun: Job 10294680 step creation still disabled, retrying (Requested nodes are busy)
srun: Job 10294680 step creation still disabled, retrying (Requested nodes are busy)
srun: Job 10294680 step creation still disabled, retrying (Requested nodes are busy)
srun: Job 10294680 step creation still disabled, retrying (Requested nodes are busy)
srun: Job 10294680 step creation still disabled, retrying (Requested nodes are busy)
srun: Job 10294680 step creation still disabled, retrying (Requested nodes are busy)
srun: Job 10294680 step creation still disabled, retrying (Requested nodes are busy)
srun: Job 10294680 step creation still disabled, retrying (Requested nodes are busy)
srun: Job 10294680 step creation still disabled, retrying (Requested nodes are busy)
srun: Job 10294680 step creation still disabled, retrying (Requested nodes are busy)
srun: Job 10294680 step creation still disabled, retrying (Requested nodes are busy)
srun: Job 10294680 step creation still disabled, retrying (Requested nodes are busy)
srun: Job 10294680 step creation still disabled, retrying (Requested nodes are busy)
srun: Job 10294680 step creation still disabled, retrying (Requested nodes are busy)
srun: Job 10294680 step creation still disabled, retrying (Requested nodes are busy)
srun: Step created for StepId=10294680.8
2024-09-09 04:44:30.631171: I tensorflow/core/common_runtime/gpu/gpu_device.cc:1613] Created device /job:localhost/replica:0/task:0/device:GPU:0 with 38364 MB memory:  -> device: 0, name: NVIDIA A100-SXM4-40GB, pci bus id: 0000:03:00.0, compute capability: 8.0
2024-09-09 04:44:30.633973: I tensorflow/core/common_runtime/gpu/gpu_device.cc:1613] Created device /job:localhost/replica:0/task:0/device:GPU:1 with 38364 MB memory:  -> device: 1, name: NVIDIA A100-SXM4-40GB, pci bus id: 0000:44:00.0, compute capability: 8.0
2024-09-09 04:44:30.635548: I tensorflow/core/common_runtime/gpu/gpu_device.cc:1613] Created device /job:localhost/replica:0/task:0/device:GPU:2 with 38364 MB memory:  -> device: 2, name: NVIDIA A100-SXM4-40GB, pci bus id: 0000:84:00.0, compute capability: 8.0
2024-09-09 04:44:30.638386: I tensorflow/core/common_runtime/gpu/gpu_device.cc:1613] Created device /job:localhost/replica:0/task:0/device:GPU:3 with 38364 MB memory:  -> device: 3, name: NVIDIA A100-SXM4-40GB, pci bus id: 0000:c4:00.0, compute capability: 8.0
2024-09-09 04:44:58.119979: I tensorflow/compiler/xla/stream_executor/cuda/cuda_dnn.cc:428] Loaded cuDNN version 8600
2024-09-09 04:44:58.608707: I tensorflow/compiler/xla/stream_executor/cuda/cuda_dnn.cc:428] Loaded cuDNN version 8600
2024-09-09 04:44:59.169583: I tensorflow/compiler/xla/stream_executor/cuda/cuda_dnn.cc:428] Loaded cuDNN version 8600
2024-09-09 04:44:59.585745: I tensorflow/compiler/xla/stream_executor/cuda/cuda_dnn.cc:428] Loaded cuDNN version 8600
2024-09-09 04:45:04.782103: I tensorflow/compiler/xla/service/service.cc:173] XLA service 0x1459cbd1ffe0 initialized for platform CUDA (this does not guarantee that XLA will be used). Devices:
2024-09-09 04:45:04.782166: I tensorflow/compiler/xla/service/service.cc:181]   StreamExecutor device (0): NVIDIA A100-SXM4-40GB, Compute Capability 8.0
2024-09-09 04:45:04.782173: I tensorflow/compiler/xla/service/service.cc:181]   StreamExecutor device (1): NVIDIA A100-SXM4-40GB, Compute Capability 8.0
2024-09-09 04:45:04.782179: I tensorflow/compiler/xla/service/service.cc:181]   StreamExecutor device (2): NVIDIA A100-SXM4-40GB, Compute Capability 8.0
2024-09-09 04:45:04.782186: I tensorflow/compiler/xla/service/service.cc:181]   StreamExecutor device (3): NVIDIA A100-SXM4-40GB, Compute Capability 8.0
2024-09-09 04:45:04.790386: I tensorflow/compiler/mlir/tensorflow/utils/dump_mlir_util.cc:268] disabling MLIR crash reproducer, set env var `MLIR_CRASH_REPRODUCER_DIRECTORY` to enable.
2024-09-09 04:45:05.007492: I tensorflow/compiler/jit/xla_compilation_cache.cc:477] Compiled cluster using XLA!  This line is logged at most once for the lifetime of the process.
srun: Job 10294680 step creation still disabled, retrying (Requested nodes are busy)
srun: Job 10294680 step creation still disabled, retrying (Requested nodes are busy)
srun: Job 10294680 step creation still disabled, retrying (Requested nodes are busy)
srun: Job 10294680 step creation still disabled, retrying (Requested nodes are busy)
srun: Job 10294680 step creation still disabled, retrying (Requested nodes are busy)
srun: Job 10294680 step creation still disabled, retrying (Requested nodes are busy)
srun: Job 10294680 step creation still disabled, retrying (Requested nodes are busy)
srun: Job 10294680 step creation still disabled, retrying (Requested nodes are busy)
srun: Job 10294680 step creation still disabled, retrying (Requested nodes are busy)
srun: Job 10294680 step creation still disabled, retrying (Requested nodes are busy)
srun: Job 10294680 step creation still disabled, retrying (Requested nodes are busy)
srun: Job 10294680 step creation still disabled, retrying (Requested nodes are busy)
srun: Job 10294680 step creation still disabled, retrying (Requested nodes are busy)
srun: Job 10294680 step creation still disabled, retrying (Requested nodes are busy)
srun: Job 10294680 step creation still disabled, retrying (Requested nodes are busy)
srun: Job 10294680 step creation still disabled, retrying (Requested nodes are busy)
srun: Job 10294680 step creation still disabled, retrying (Requested nodes are busy)
srun: Job 10294680 step creation still disabled, retrying (Requested nodes are busy)
srun: Job 10294680 step creation still disabled, retrying (Requested nodes are busy)
srun: Job 10294680 step creation still disabled, retrying (Requested nodes are busy)
srun: Job 10294680 step creation still disabled, retrying (Requested nodes are busy)
srun: Job 10294680 step creation still disabled, retrying (Requested nodes are busy)
srun: Job 10294680 step creation still disabled, retrying (Requested nodes are busy)
srun: Job 10294680 step creation still disabled, retrying (Requested nodes are busy)
srun: Job 10294680 step creation still disabled, retrying (Requested nodes are busy)
srun: Job 10294680 step creation still disabled, retrying (Requested nodes are busy)
srun: Job 10294680 step creation still disabled, retrying (Requested nodes are busy)
srun: Job 10294680 step creation still disabled, retrying (Requested nodes are busy)
srun: Job 10294680 step creation still disabled, retrying (Requested nodes are busy)
srun: Job 10294680 step creation still disabled, retrying (Requested nodes are busy)
srun: Job 10294680 step creation still disabled, retrying (Requested nodes are busy)
srun: Job 10294680 step creation still disabled, retrying (Requested nodes are busy)
srun: Job 10294680 step creation still disabled, retrying (Requested nodes are busy)
srun: Job 10294680 step creation still disabled, retrying (Requested nodes are busy)
srun: Job 10294680 step creation still disabled, retrying (Requested nodes are busy)
srun: Job 10294680 step creation still disabled, retrying (Requested nodes are busy)
srun: Job 10294680 step creation still disabled, retrying (Requested nodes are busy)
srun: Job 10294680 step creation still disabled, retrying (Requested nodes are busy)
srun: Job 10294680 step creation still disabled, retrying (Requested nodes are busy)
srun: Job 10294680 step creation still disabled, retrying (Requested nodes are busy)
srun: Job 10294680 step creation still disabled, retrying (Requested nodes are busy)
srun: Job 10294680 step creation still disabled, retrying (Requested nodes are busy)
srun: Job 10294680 step creation still disabled, retrying (Requested nodes are busy)
srun: Job 10294680 step creation still disabled, retrying (Requested nodes are busy)
srun: Job 10294680 step creation still disabled, retrying (Requested nodes are busy)
srun: Job 10294680 step creation still disabled, retrying (Requested nodes are busy)
srun: Job 10294680 step creation still disabled, retrying (Requested nodes are busy)
srun: Job 10294680 step creation still disabled, retrying (Requested nodes are busy)
srun: Job 10294680 step creation still disabled, retrying (Requested nodes are busy)
srun: Step created for StepId=10294680.9
2024-09-09 04:58:50.208487: I tensorflow/core/common_runtime/gpu/gpu_device.cc:1613] Created device /job:localhost/replica:0/task:0/device:GPU:0 with 38364 MB memory:  -> device: 0, name: NVIDIA A100-SXM4-40GB, pci bus id: 0000:03:00.0, compute capability: 8.0
2024-09-09 04:58:50.210286: I tensorflow/core/common_runtime/gpu/gpu_device.cc:1613] Created device /job:localhost/replica:0/task:0/device:GPU:1 with 38364 MB memory:  -> device: 1, name: NVIDIA A100-SXM4-40GB, pci bus id: 0000:44:00.0, compute capability: 8.0
2024-09-09 04:58:50.212766: I tensorflow/core/common_runtime/gpu/gpu_device.cc:1613] Created device /job:localhost/replica:0/task:0/device:GPU:2 with 38364 MB memory:  -> device: 2, name: NVIDIA A100-SXM4-40GB, pci bus id: 0000:84:00.0, compute capability: 8.0
2024-09-09 04:58:50.214396: I tensorflow/core/common_runtime/gpu/gpu_device.cc:1613] Created device /job:localhost/replica:0/task:0/device:GPU:3 with 38364 MB memory:  -> device: 3, name: NVIDIA A100-SXM4-40GB, pci bus id: 0000:c4:00.0, compute capability: 8.0
2024-09-09 04:59:17.771416: I tensorflow/compiler/xla/stream_executor/cuda/cuda_dnn.cc:428] Loaded cuDNN version 8600
2024-09-09 04:59:18.157453: I tensorflow/compiler/xla/stream_executor/cuda/cuda_dnn.cc:428] Loaded cuDNN version 8600
2024-09-09 04:59:22.769293: I tensorflow/compiler/xla/service/service.cc:173] XLA service 0x145eb4001850 initialized for platform CUDA (this does not guarantee that XLA will be used). Devices:
2024-09-09 04:59:22.769353: I tensorflow/compiler/xla/service/service.cc:181]   StreamExecutor device (0): NVIDIA A100-SXM4-40GB, Compute Capability 8.0
2024-09-09 04:59:22.769360: I tensorflow/compiler/xla/service/service.cc:181]   StreamExecutor device (1): NVIDIA A100-SXM4-40GB, Compute Capability 8.0
2024-09-09 04:59:22.769366: I tensorflow/compiler/xla/service/service.cc:181]   StreamExecutor device (2): NVIDIA A100-SXM4-40GB, Compute Capability 8.0
2024-09-09 04:59:22.769372: I tensorflow/compiler/xla/service/service.cc:181]   StreamExecutor device (3): NVIDIA A100-SXM4-40GB, Compute Capability 8.0
2024-09-09 04:59:22.780006: I tensorflow/compiler/mlir/tensorflow/utils/dump_mlir_util.cc:268] disabling MLIR crash reproducer, set env var `MLIR_CRASH_REPRODUCER_DIRECTORY` to enable.
2024-09-09 04:59:22.971616: I tensorflow/compiler/jit/xla_compilation_cache.cc:477] Compiled cluster using XLA!  This line is logged at most once for the lifetime of the process.
srun: Job 10294680 step creation still disabled, retrying (Requested nodes are busy)
srun: Job 10294680 step creation still disabled, retrying (Requested nodes are busy)
srun: Job 10294680 step creation still disabled, retrying (Requested nodes are busy)
srun: Job 10294680 step creation still disabled, retrying (Requested nodes are busy)
srun: Job 10294680 step creation still disabled, retrying (Requested nodes are busy)
srun: Job 10294680 step creation still disabled, retrying (Requested nodes are busy)
srun: Step created for StepId=10294680.10
2024-09-09 04:59:39.753627: I tensorflow/core/common_runtime/gpu/gpu_device.cc:1613] Created device /job:localhost/replica:0/task:0/device:GPU:0 with 38364 MB memory:  -> device: 0, name: NVIDIA A100-SXM4-40GB, pci bus id: 0000:03:00.0, compute capability: 8.0
2024-09-09 04:59:39.756658: I tensorflow/core/common_runtime/gpu/gpu_device.cc:1613] Created device /job:localhost/replica:0/task:0/device:GPU:1 with 38364 MB memory:  -> device: 1, name: NVIDIA A100-SXM4-40GB, pci bus id: 0000:44:00.0, compute capability: 8.0
2024-09-09 04:59:39.759737: I tensorflow/core/common_runtime/gpu/gpu_device.cc:1613] Created device /job:localhost/replica:0/task:0/device:GPU:2 with 38364 MB memory:  -> device: 2, name: NVIDIA A100-SXM4-40GB, pci bus id: 0000:84:00.0, compute capability: 8.0
2024-09-09 04:59:39.761388: I tensorflow/core/common_runtime/gpu/gpu_device.cc:1613] Created device /job:localhost/replica:0/task:0/device:GPU:3 with 38364 MB memory:  -> device: 3, name: NVIDIA A100-SXM4-40GB, pci bus id: 0000:c4:00.0, compute capability: 8.0
2024-09-09 05:00:07.083723: I tensorflow/compiler/xla/stream_executor/cuda/cuda_dnn.cc:428] Loaded cuDNN version 8600
2024-09-09 05:00:07.606423: I tensorflow/compiler/xla/stream_executor/cuda/cuda_dnn.cc:428] Loaded cuDNN version 8600
2024-09-09 05:00:08.133723: I tensorflow/compiler/xla/stream_executor/cuda/cuda_dnn.cc:428] Loaded cuDNN version 8600
2024-09-09 05:00:08.589550: I tensorflow/compiler/xla/stream_executor/cuda/cuda_dnn.cc:428] Loaded cuDNN version 8600
2024-09-09 05:00:13.532409: I tensorflow/compiler/xla/service/service.cc:173] XLA service 0x14cfcf1ca830 initialized for platform CUDA (this does not guarantee that XLA will be used). Devices:
2024-09-09 05:00:13.532473: I tensorflow/compiler/xla/service/service.cc:181]   StreamExecutor device (0): NVIDIA A100-SXM4-40GB, Compute Capability 8.0
2024-09-09 05:00:13.532480: I tensorflow/compiler/xla/service/service.cc:181]   StreamExecutor device (1): NVIDIA A100-SXM4-40GB, Compute Capability 8.0
2024-09-09 05:00:13.532487: I tensorflow/compiler/xla/service/service.cc:181]   StreamExecutor device (2): NVIDIA A100-SXM4-40GB, Compute Capability 8.0
2024-09-09 05:00:13.532493: I tensorflow/compiler/xla/service/service.cc:181]   StreamExecutor device (3): NVIDIA A100-SXM4-40GB, Compute Capability 8.0
2024-09-09 05:00:13.540722: I tensorflow/compiler/mlir/tensorflow/utils/dump_mlir_util.cc:268] disabling MLIR crash reproducer, set env var `MLIR_CRASH_REPRODUCER_DIRECTORY` to enable.
2024-09-09 05:00:13.733312: I tensorflow/compiler/jit/xla_compilation_cache.cc:477] Compiled cluster using XLA!  This line is logged at most once for the lifetime of the process.
srun: Job 10294680 step creation still disabled, retrying (Requested nodes are busy)
srun: Job 10294680 step creation still disabled, retrying (Requested nodes are busy)
srun: Job 10294680 step creation still disabled, retrying (Requested nodes are busy)
srun: Job 10294680 step creation still disabled, retrying (Requested nodes are busy)
srun: Job 10294680 step creation still disabled, retrying (Requested nodes are busy)
srun: Job 10294680 step creation still disabled, retrying (Requested nodes are busy)
srun: Job 10294680 step creation still disabled, retrying (Requested nodes are busy)
srun: Job 10294680 step creation still disabled, retrying (Requested nodes are busy)
srun: Job 10294680 step creation still disabled, retrying (Requested nodes are busy)
srun: Job 10294680 step creation still disabled, retrying (Requested nodes are busy)
srun: Job 10294680 step creation still disabled, retrying (Requested nodes are busy)
srun: Job 10294680 step creation still disabled, retrying (Requested nodes are busy)
srun: Job 10294680 step creation still disabled, retrying (Requested nodes are busy)
srun: Job 10294680 step creation still disabled, retrying (Requested nodes are busy)
srun: Job 10294680 step creation still disabled, retrying (Requested nodes are busy)
srun: Job 10294680 step creation still disabled, retrying (Requested nodes are busy)
srun: Job 10294680 step creation still disabled, retrying (Requested nodes are busy)
srun: Job 10294680 step creation still disabled, retrying (Requested nodes are busy)
srun: Job 10294680 step creation still disabled, retrying (Requested nodes are busy)
srun: Job 10294680 step creation still disabled, retrying (Requested nodes are busy)
srun: Job 10294680 step creation still disabled, retrying (Requested nodes are busy)
srun: Job 10294680 step creation still disabled, retrying (Requested nodes are busy)
srun: Job 10294680 step creation still disabled, retrying (Requested nodes are busy)
srun: Job 10294680 step creation still disabled, retrying (Requested nodes are busy)
srun: Job 10294680 step creation still disabled, retrying (Requested nodes are busy)
srun: Step created for StepId=10294680.11
2024-09-09 05:09:30.135752: I tensorflow/core/common_runtime/gpu/gpu_device.cc:1613] Created device /job:localhost/replica:0/task:0/device:GPU:0 with 38364 MB memory:  -> device: 0, name: NVIDIA A100-SXM4-40GB, pci bus id: 0000:03:00.0, compute capability: 8.0
2024-09-09 05:09:30.137537: I tensorflow/core/common_runtime/gpu/gpu_device.cc:1613] Created device /job:localhost/replica:0/task:0/device:GPU:1 with 38364 MB memory:  -> device: 1, name: NVIDIA A100-SXM4-40GB, pci bus id: 0000:44:00.0, compute capability: 8.0
2024-09-09 05:09:30.140002: I tensorflow/core/common_runtime/gpu/gpu_device.cc:1613] Created device /job:localhost/replica:0/task:0/device:GPU:2 with 38364 MB memory:  -> device: 2, name: NVIDIA A100-SXM4-40GB, pci bus id: 0000:84:00.0, compute capability: 8.0
2024-09-09 05:09:30.142772: I tensorflow/core/common_runtime/gpu/gpu_device.cc:1613] Created device /job:localhost/replica:0/task:0/device:GPU:3 with 38364 MB memory:  -> device: 3, name: NVIDIA A100-SXM4-40GB, pci bus id: 0000:c4:00.0, compute capability: 8.0
2024-09-09 05:09:57.594201: I tensorflow/compiler/xla/stream_executor/cuda/cuda_dnn.cc:428] Loaded cuDNN version 8600
2024-09-09 05:09:58.032755: I tensorflow/compiler/xla/stream_executor/cuda/cuda_dnn.cc:428] Loaded cuDNN version 8600
2024-09-09 05:09:58.655814: I tensorflow/compiler/xla/stream_executor/cuda/cuda_dnn.cc:428] Loaded cuDNN version 8600
2024-09-09 05:09:59.053293: I tensorflow/compiler/xla/stream_executor/cuda/cuda_dnn.cc:428] Loaded cuDNN version 8600
2024-09-09 05:10:04.559428: I tensorflow/compiler/xla/service/service.cc:173] XLA service 0x145aaf826ab0 initialized for platform CUDA (this does not guarantee that XLA will be used). Devices:
2024-09-09 05:10:04.559482: I tensorflow/compiler/xla/service/service.cc:181]   StreamExecutor device (0): NVIDIA A100-SXM4-40GB, Compute Capability 8.0
2024-09-09 05:10:04.559490: I tensorflow/compiler/xla/service/service.cc:181]   StreamExecutor device (1): NVIDIA A100-SXM4-40GB, Compute Capability 8.0
2024-09-09 05:10:04.559496: I tensorflow/compiler/xla/service/service.cc:181]   StreamExecutor device (2): NVIDIA A100-SXM4-40GB, Compute Capability 8.0
2024-09-09 05:10:04.559502: I tensorflow/compiler/xla/service/service.cc:181]   StreamExecutor device (3): NVIDIA A100-SXM4-40GB, Compute Capability 8.0
2024-09-09 05:10:04.568730: I tensorflow/compiler/mlir/tensorflow/utils/dump_mlir_util.cc:268] disabling MLIR crash reproducer, set env var `MLIR_CRASH_REPRODUCER_DIRECTORY` to enable.
2024-09-09 05:10:04.765613: I tensorflow/compiler/jit/xla_compilation_cache.cc:477] Compiled cluster using XLA!  This line is logged at most once for the lifetime of the process.
srun: Job 10294680 step creation still disabled, retrying (Requested nodes are busy)
srun: Job 10294680 step creation still disabled, retrying (Requested nodes are busy)
srun: Job 10294680 step creation still disabled, retrying (Requested nodes are busy)
srun: Job 10294680 step creation still disabled, retrying (Requested nodes are busy)
srun: Job 10294680 step creation still disabled, retrying (Requested nodes are busy)
srun: Job 10294680 step creation still disabled, retrying (Requested nodes are busy)
srun: Job 10294680 step creation still disabled, retrying (Requested nodes are busy)
srun: Job 10294680 step creation still disabled, retrying (Requested nodes are busy)
srun: Step created for StepId=10294680.12
2024-09-09 05:11:44.612172: I tensorflow/core/common_runtime/gpu/gpu_device.cc:1613] Created device /job:localhost/replica:0/task:0/device:GPU:0 with 38364 MB memory:  -> device: 0, name: NVIDIA A100-SXM4-40GB, pci bus id: 0000:03:00.0, compute capability: 8.0
2024-09-09 05:11:44.615145: I tensorflow/core/common_runtime/gpu/gpu_device.cc:1613] Created device /job:localhost/replica:0/task:0/device:GPU:1 with 38364 MB memory:  -> device: 1, name: NVIDIA A100-SXM4-40GB, pci bus id: 0000:44:00.0, compute capability: 8.0
2024-09-09 05:11:44.617811: I tensorflow/core/common_runtime/gpu/gpu_device.cc:1613] Created device /job:localhost/replica:0/task:0/device:GPU:2 with 38364 MB memory:  -> device: 2, name: NVIDIA A100-SXM4-40GB, pci bus id: 0000:84:00.0, compute capability: 8.0
2024-09-09 05:11:44.619385: I tensorflow/core/common_runtime/gpu/gpu_device.cc:1613] Created device /job:localhost/replica:0/task:0/device:GPU:3 with 38364 MB memory:  -> device: 3, name: NVIDIA A100-SXM4-40GB, pci bus id: 0000:c4:00.0, compute capability: 8.0
2024-09-09 05:12:11.782830: I tensorflow/compiler/xla/stream_executor/cuda/cuda_dnn.cc:428] Loaded cuDNN version 8600
2024-09-09 05:12:16.477884: I tensorflow/compiler/xla/service/service.cc:173] XLA service 0x146cc2ce62c0 initialized for platform CUDA (this does not guarantee that XLA will be used). Devices:
2024-09-09 05:12:16.477940: I tensorflow/compiler/xla/service/service.cc:181]   StreamExecutor device (0): NVIDIA A100-SXM4-40GB, Compute Capability 8.0
2024-09-09 05:12:16.477947: I tensorflow/compiler/xla/service/service.cc:181]   StreamExecutor device (1): NVIDIA A100-SXM4-40GB, Compute Capability 8.0
2024-09-09 05:12:16.477953: I tensorflow/compiler/xla/service/service.cc:181]   StreamExecutor device (2): NVIDIA A100-SXM4-40GB, Compute Capability 8.0
2024-09-09 05:12:16.477959: I tensorflow/compiler/xla/service/service.cc:181]   StreamExecutor device (3): NVIDIA A100-SXM4-40GB, Compute Capability 8.0
2024-09-09 05:12:16.490090: I tensorflow/compiler/mlir/tensorflow/utils/dump_mlir_util.cc:268] disabling MLIR crash reproducer, set env var `MLIR_CRASH_REPRODUCER_DIRECTORY` to enable.
2024-09-09 05:12:16.680061: I tensorflow/compiler/jit/xla_compilation_cache.cc:477] Compiled cluster using XLA!  This line is logged at most once for the lifetime of the process.
srun: Job 10294680 step creation still disabled, retrying (Requested nodes are busy)
srun: Job 10294680 step creation still disabled, retrying (Requested nodes are busy)
srun: Job 10294680 step creation still disabled, retrying (Requested nodes are busy)
srun: Job 10294680 step creation still disabled, retrying (Requested nodes are busy)
srun: Job 10294680 step creation still disabled, retrying (Requested nodes are busy)
srun: Step created for StepId=10294680.13
2024-09-09 05:13:53.372615: I tensorflow/core/common_runtime/gpu/gpu_device.cc:1613] Created device /job:localhost/replica:0/task:0/device:GPU:0 with 38364 MB memory:  -> device: 0, name: NVIDIA A100-SXM4-40GB, pci bus id: 0000:03:00.0, compute capability: 8.0
2024-09-09 05:13:53.375483: I tensorflow/core/common_runtime/gpu/gpu_device.cc:1613] Created device /job:localhost/replica:0/task:0/device:GPU:1 with 38364 MB memory:  -> device: 1, name: NVIDIA A100-SXM4-40GB, pci bus id: 0000:44:00.0, compute capability: 8.0
2024-09-09 05:13:53.377187: I tensorflow/core/common_runtime/gpu/gpu_device.cc:1613] Created device /job:localhost/replica:0/task:0/device:GPU:2 with 38364 MB memory:  -> device: 2, name: NVIDIA A100-SXM4-40GB, pci bus id: 0000:84:00.0, compute capability: 8.0
2024-09-09 05:13:53.378650: I tensorflow/core/common_runtime/gpu/gpu_device.cc:1613] Created device /job:localhost/replica:0/task:0/device:GPU:3 with 38364 MB memory:  -> device: 3, name: NVIDIA A100-SXM4-40GB, pci bus id: 0000:c4:00.0, compute capability: 8.0
2024-09-09 05:14:20.921488: I tensorflow/compiler/xla/stream_executor/cuda/cuda_dnn.cc:428] Loaded cuDNN version 8600
2024-09-09 05:14:21.286032: I tensorflow/compiler/xla/stream_executor/cuda/cuda_dnn.cc:428] Loaded cuDNN version 8600
2024-09-09 05:14:26.457211: I tensorflow/compiler/xla/service/service.cc:173] XLA service 0x675ef4c0 initialized for platform CUDA (this does not guarantee that XLA will be used). Devices:
2024-09-09 05:14:26.457270: I tensorflow/compiler/xla/service/service.cc:181]   StreamExecutor device (0): NVIDIA A100-SXM4-40GB, Compute Capability 8.0
2024-09-09 05:14:26.457278: I tensorflow/compiler/xla/service/service.cc:181]   StreamExecutor device (1): NVIDIA A100-SXM4-40GB, Compute Capability 8.0
2024-09-09 05:14:26.457285: I tensorflow/compiler/xla/service/service.cc:181]   StreamExecutor device (2): NVIDIA A100-SXM4-40GB, Compute Capability 8.0
2024-09-09 05:14:26.457291: I tensorflow/compiler/xla/service/service.cc:181]   StreamExecutor device (3): NVIDIA A100-SXM4-40GB, Compute Capability 8.0
2024-09-09 05:14:26.469201: I tensorflow/compiler/mlir/tensorflow/utils/dump_mlir_util.cc:268] disabling MLIR crash reproducer, set env var `MLIR_CRASH_REPRODUCER_DIRECTORY` to enable.
2024-09-09 05:14:26.664519: I tensorflow/compiler/jit/xla_compilation_cache.cc:477] Compiled cluster using XLA!  This line is logged at most once for the lifetime of the process.
srun: Job 10294680 step creation still disabled, retrying (Requested nodes are busy)
srun: Job 10294680 step creation still disabled, retrying (Requested nodes are busy)
srun: Job 10294680 step creation still disabled, retrying (Requested nodes are busy)
srun: Job 10294680 step creation still disabled, retrying (Requested nodes are busy)
srun: Job 10294680 step creation still disabled, retrying (Requested nodes are busy)
srun: Job 10294680 step creation still disabled, retrying (Requested nodes are busy)
srun: Step created for StepId=10294680.14
2024-09-09 05:19:39.652731: I tensorflow/core/common_runtime/gpu/gpu_device.cc:1613] Created device /job:localhost/replica:0/task:0/device:GPU:0 with 38364 MB memory:  -> device: 0, name: NVIDIA A100-SXM4-40GB, pci bus id: 0000:03:00.0, compute capability: 8.0
2024-09-09 05:19:39.654626: I tensorflow/core/common_runtime/gpu/gpu_device.cc:1613] Created device /job:localhost/replica:0/task:0/device:GPU:1 with 38364 MB memory:  -> device: 1, name: NVIDIA A100-SXM4-40GB, pci bus id: 0000:44:00.0, compute capability: 8.0
2024-09-09 05:19:39.657876: I tensorflow/core/common_runtime/gpu/gpu_device.cc:1613] Created device /job:localhost/replica:0/task:0/device:GPU:2 with 38364 MB memory:  -> device: 2, name: NVIDIA A100-SXM4-40GB, pci bus id: 0000:84:00.0, compute capability: 8.0
2024-09-09 05:19:39.660471: I tensorflow/core/common_runtime/gpu/gpu_device.cc:1613] Created device /job:localhost/replica:0/task:0/device:GPU:3 with 38364 MB memory:  -> device: 3, name: NVIDIA A100-SXM4-40GB, pci bus id: 0000:c4:00.0, compute capability: 8.0
2024-09-09 05:20:07.009685: I tensorflow/compiler/xla/stream_executor/cuda/cuda_dnn.cc:428] Loaded cuDNN version 8600
2024-09-09 05:20:07.536190: I tensorflow/compiler/xla/stream_executor/cuda/cuda_dnn.cc:428] Loaded cuDNN version 8600
2024-09-09 05:20:08.089243: I tensorflow/compiler/xla/stream_executor/cuda/cuda_dnn.cc:428] Loaded cuDNN version 8600
2024-09-09 05:20:08.506854: I tensorflow/compiler/xla/stream_executor/cuda/cuda_dnn.cc:428] Loaded cuDNN version 8600
2024-09-09 05:20:13.907046: I tensorflow/compiler/xla/service/service.cc:173] XLA service 0x146220c6a070 initialized for platform CUDA (this does not guarantee that XLA will be used). Devices:
2024-09-09 05:20:13.907092: I tensorflow/compiler/xla/service/service.cc:181]   StreamExecutor device (0): NVIDIA A100-SXM4-40GB, Compute Capability 8.0
2024-09-09 05:20:13.907100: I tensorflow/compiler/xla/service/service.cc:181]   StreamExecutor device (1): NVIDIA A100-SXM4-40GB, Compute Capability 8.0
2024-09-09 05:20:13.907106: I tensorflow/compiler/xla/service/service.cc:181]   StreamExecutor device (2): NVIDIA A100-SXM4-40GB, Compute Capability 8.0
2024-09-09 05:20:13.907112: I tensorflow/compiler/xla/service/service.cc:181]   StreamExecutor device (3): NVIDIA A100-SXM4-40GB, Compute Capability 8.0
2024-09-09 05:20:13.917038: I tensorflow/compiler/mlir/tensorflow/utils/dump_mlir_util.cc:268] disabling MLIR crash reproducer, set env var `MLIR_CRASH_REPRODUCER_DIRECTORY` to enable.
2024-09-09 05:20:14.140145: I tensorflow/compiler/jit/xla_compilation_cache.cc:477] Compiled cluster using XLA!  This line is logged at most once for the lifetime of the process.
srun: Job 10294680 step creation still disabled, retrying (Requested nodes are busy)
srun: Job 10294680 step creation still disabled, retrying (Requested nodes are busy)
srun: Job 10294680 step creation still disabled, retrying (Requested nodes are busy)
srun: Job 10294680 step creation still disabled, retrying (Requested nodes are busy)
srun: Job 10294680 step creation still disabled, retrying (Requested nodes are busy)
srun: Step created for StepId=10294680.15
2024-09-09 05:30:23.224539: I tensorflow/core/common_runtime/gpu/gpu_device.cc:1613] Created device /job:localhost/replica:0/task:0/device:GPU:0 with 38364 MB memory:  -> device: 0, name: NVIDIA A100-SXM4-40GB, pci bus id: 0000:03:00.0, compute capability: 8.0
2024-09-09 05:30:23.226308: I tensorflow/core/common_runtime/gpu/gpu_device.cc:1613] Created device /job:localhost/replica:0/task:0/device:GPU:1 with 38364 MB memory:  -> device: 1, name: NVIDIA A100-SXM4-40GB, pci bus id: 0000:44:00.0, compute capability: 8.0
2024-09-09 05:30:23.227994: I tensorflow/core/common_runtime/gpu/gpu_device.cc:1613] Created device /job:localhost/replica:0/task:0/device:GPU:2 with 38364 MB memory:  -> device: 2, name: NVIDIA A100-SXM4-40GB, pci bus id: 0000:84:00.0, compute capability: 8.0
2024-09-09 05:30:23.230820: I tensorflow/core/common_runtime/gpu/gpu_device.cc:1613] Created device /job:localhost/replica:0/task:0/device:GPU:3 with 38364 MB memory:  -> device: 3, name: NVIDIA A100-SXM4-40GB, pci bus id: 0000:c4:00.0, compute capability: 8.0
2024-09-09 05:30:50.584819: I tensorflow/compiler/xla/stream_executor/cuda/cuda_dnn.cc:428] Loaded cuDNN version 8600
2024-09-09 05:30:55.474072: I tensorflow/compiler/xla/service/service.cc:173] XLA service 0x65e5c840 initialized for platform CUDA (this does not guarantee that XLA will be used). Devices:
2024-09-09 05:30:55.474131: I tensorflow/compiler/xla/service/service.cc:181]   StreamExecutor device (0): NVIDIA A100-SXM4-40GB, Compute Capability 8.0
2024-09-09 05:30:55.474139: I tensorflow/compiler/xla/service/service.cc:181]   StreamExecutor device (1): NVIDIA A100-SXM4-40GB, Compute Capability 8.0
2024-09-09 05:30:55.474145: I tensorflow/compiler/xla/service/service.cc:181]   StreamExecutor device (2): NVIDIA A100-SXM4-40GB, Compute Capability 8.0
2024-09-09 05:30:55.474151: I tensorflow/compiler/xla/service/service.cc:181]   StreamExecutor device (3): NVIDIA A100-SXM4-40GB, Compute Capability 8.0
2024-09-09 05:30:55.486190: I tensorflow/compiler/mlir/tensorflow/utils/dump_mlir_util.cc:268] disabling MLIR crash reproducer, set env var `MLIR_CRASH_REPRODUCER_DIRECTORY` to enable.
2024-09-09 05:30:55.682717: I tensorflow/compiler/jit/xla_compilation_cache.cc:477] Compiled cluster using XLA!  This line is logged at most once for the lifetime of the process.
