All necessary directories have been created or already exist.
No lead day provided. Using default hyperparameters - LR: 0.0001, BS: 32, DROPOUT: 0.1, UNET_TYPE: unet-l
Running DL_TRAIN.py for day08 with dropout=0, lr=0.00001, bs=1, unet_type=unet-att ...
Running DL_TRAIN.py for day08 with dropout=0, lr=0.00001, bs=2, unet_type=unet-att ...
Running DL_TRAIN.py for day08 with dropout=0, lr=0.00001, bs=4, unet_type=unet-att ...
Running DL_TRAIN.py for day08 with dropout=0, lr=0.00001, bs=8, unet_type=unet-att ...
Running DL_TRAIN.py for day08 with dropout=0, lr=0.0001, bs=1, unet_type=unet-att ...
Running DL_TRAIN.py for day08 with dropout=0, lr=0.0001, bs=2, unet_type=unet-att ...
Running DL_TRAIN.py for day08 with dropout=0, lr=0.0001, bs=4, unet_type=unet-att ...
Running DL_TRAIN.py for day08 with dropout=0, lr=0.0001, bs=8, unet_type=unet-att ...
Running DL_TRAIN.py for day08 with dropout=0, lr=0.001, bs=1, unet_type=unet-att ...
Running DL_TRAIN.py for day08 with dropout=0, lr=0.001, bs=2, unet_type=unet-att ...
Running DL_TRAIN.py for day08 with dropout=0, lr=0.001, bs=4, unet_type=unet-att ...
Running DL_TRAIN.py for day08 with dropout=0, lr=0.001, bs=8, unet_type=unet-att ...
Running DL_TRAIN.py for day08 with dropout=0, lr=0.01, bs=1, unet_type=unet-att ...
Running DL_TRAIN.py for day08 with dropout=0, lr=0.01, bs=2, unet_type=unet-att ...
Running DL_TRAIN.py for day08 with dropout=0, lr=0.01, bs=4, unet_type=unet-att ...
Running DL_TRAIN.py for day08 with dropout=0, lr=0.01, bs=8, unet_type=unet-att ...
train_data_hourly_pr_['ADAPTER_DE05.day08.merged.nc']_['ADAPTER_DE05.day01.merged.nc']_MM_6__spatiotemporal_128.256_2018-01-01T13_2022-12-31T23_no_na_land
Loading training data...
Data loaded!
mse_64_1e-05_1e-17_0.5_4_8_16_0.5_128_0.0_unet-att_day08
Training the model...

Epoch 1: val_loss improved from inf to 0.03104, saving model to /p/project1/cesmtst/patakchiyousefi1/HPT/mse_64_1e-05_1e-17_0.5_4_8_16_0.5_128_0.0_unet-att_day08.h5
train_data_hourly_pr_['ADAPTER_DE05.day08.merged.nc']_['ADAPTER_DE05.day01.merged.nc']_MM_6__spatiotemporal_128.256_2018-01-01T13_2022-12-31T23_no_na_land
Loading training data...
Data loaded!
mse_64_1e-05_1e-17_0.5_4_4_16_0.5_128_0.0_unet-att_day08
Training the model...

Epoch 1: val_loss improved from inf to 0.21239, saving model to /p/project1/cesmtst/patakchiyousefi1/HPT/mse_64_1e-05_1e-17_0.5_4_4_16_0.5_128_0.0_unet-att_day08.h5
train_data_hourly_pr_['ADAPTER_DE05.day08.merged.nc']_['ADAPTER_DE05.day01.merged.nc']_MM_6__spatiotemporal_128.256_2018-01-01T13_2022-12-31T23_no_na_land
Loading training data...
Data loaded!
mse_64_0.0001_1e-17_0.5_4_8_16_0.5_128_0.0_unet-att_day08
Training the model...

Epoch 1: val_loss improved from inf to 0.00583, saving model to /p/project1/cesmtst/patakchiyousefi1/HPT/mse_64_0.0001_1e-17_0.5_4_8_16_0.5_128_0.0_unet-att_day08.h5
train_data_hourly_pr_['ADAPTER_DE05.day08.merged.nc']_['ADAPTER_DE05.day01.merged.nc']_MM_6__spatiotemporal_128.256_2018-01-01T13_2022-12-31T23_no_na_land
Loading training data...
Data loaded!
mse_64_0.0001_1e-17_0.5_4_4_16_0.5_128_0.0_unet-att_day08
Training the model...

Epoch 1: val_loss improved from inf to 0.06999, saving model to /p/project1/cesmtst/patakchiyousefi1/HPT/mse_64_0.0001_1e-17_0.5_4_4_16_0.5_128_0.0_unet-att_day08.h5

Epoch 2: val_loss did not improve from 0.03104
train_data_hourly_pr_['ADAPTER_DE05.day08.merged.nc']_['ADAPTER_DE05.day01.merged.nc']_MM_6__spatiotemporal_128.256_2018-01-01T13_2022-12-31T23_no_na_land
Loading training data...
Data loaded!
mse_64_1e-05_1e-17_0.5_4_2_16_0.5_128_0.0_unet-att_day08
Training the model...

Epoch 1: val_loss improved from inf to 0.95759, saving model to /p/project1/cesmtst/patakchiyousefi1/HPT/mse_64_1e-05_1e-17_0.5_4_2_16_0.5_128_0.0_unet-att_day08.h5
train_data_hourly_pr_['ADAPTER_DE05.day08.merged.nc']_['ADAPTER_DE05.day01.merged.nc']_MM_6__spatiotemporal_128.256_2018-01-01T13_2022-12-31T23_no_na_land
Loading training data...
Data loaded!
mse_64_0.001_1e-17_0.5_4_8_16_0.5_128_0.0_unet-att_day08
Training the model...

Epoch 1: val_loss improved from inf to 0.00218, saving model to /p/project1/cesmtst/patakchiyousefi1/HPT/mse_64_0.001_1e-17_0.5_4_8_16_0.5_128_0.0_unet-att_day08.h5

Epoch 2: val_loss did not improve from 0.00583
train_data_hourly_pr_['ADAPTER_DE05.day08.merged.nc']_['ADAPTER_DE05.day01.merged.nc']_MM_6__spatiotemporal_128.256_2018-01-01T13_2022-12-31T23_no_na_land
Loading training data...
Data loaded!
mse_64_0.0001_1e-17_0.5_4_2_16_0.5_128_0.0_unet-att_day08
Training the model...

Epoch 1: val_loss improved from inf to 0.05472, saving model to /p/project1/cesmtst/patakchiyousefi1/HPT/mse_64_0.0001_1e-17_0.5_4_2_16_0.5_128_0.0_unet-att_day08.h5
train_data_hourly_pr_['ADAPTER_DE05.day08.merged.nc']_['ADAPTER_DE05.day01.merged.nc']_MM_6__spatiotemporal_128.256_2018-01-01T13_2022-12-31T23_no_na_land
Loading training data...
Data loaded!
mse_64_0.001_1e-17_0.5_4_4_16_0.5_128_0.0_unet-att_day08
Training the model...

Epoch 1: val_loss improved from inf to 0.12515, saving model to /p/project1/cesmtst/patakchiyousefi1/HPT/mse_64_0.001_1e-17_0.5_4_4_16_0.5_128_0.0_unet-att_day08.h5

Epoch 3: val_loss did not improve from 0.03104

Epoch 2: val_loss improved from 0.06999 to 0.04113, saving model to /p/project1/cesmtst/patakchiyousefi1/HPT/mse_64_0.0001_1e-17_0.5_4_4_16_0.5_128_0.0_unet-att_day08.h5

Epoch 2: val_loss improved from 0.00218 to 0.00161, saving model to /p/project1/cesmtst/patakchiyousefi1/HPT/mse_64_0.001_1e-17_0.5_4_8_16_0.5_128_0.0_unet-att_day08.h5
train_data_hourly_pr_['ADAPTER_DE05.day08.merged.nc']_['ADAPTER_DE05.day01.merged.nc']_MM_6__spatiotemporal_128.256_2018-01-01T13_2022-12-31T23_no_na_land
Loading training data...
Data loaded!
mse_64_0.01_1e-17_0.5_4_8_16_0.5_128_0.0_unet-att_day08
Training the model...

Epoch 1: val_loss improved from inf to 0.00014, saving model to /p/project1/cesmtst/patakchiyousefi1/HPT/mse_64_0.01_1e-17_0.5_4_8_16_0.5_128_0.0_unet-att_day08.h5

Epoch 3: val_loss did not improve from 0.00583
train_data_hourly_pr_['ADAPTER_DE05.day08.merged.nc']_['ADAPTER_DE05.day01.merged.nc']_MM_6__spatiotemporal_128.256_2018-01-01T13_2022-12-31T23_no_na_land
Loading training data...
Data loaded!
mse_64_0.001_1e-17_0.5_4_2_16_0.5_128_0.0_unet-att_day08
Training the model...

Epoch 1: val_loss improved from inf to 0.00074, saving model to /p/project1/cesmtst/patakchiyousefi1/HPT/mse_64_0.001_1e-17_0.5_4_2_16_0.5_128_0.0_unet-att_day08.h5
train_data_hourly_pr_['ADAPTER_DE05.day08.merged.nc']_['ADAPTER_DE05.day01.merged.nc']_MM_6__spatiotemporal_128.256_2018-01-01T13_2022-12-31T23_no_na_land
Loading training data...
Data loaded!
mse_64_0.01_1e-17_0.5_4_4_16_0.5_128_0.0_unet-att_day08
Training the model...

Epoch 1: val_loss improved from inf to 0.00013, saving model to /p/project1/cesmtst/patakchiyousefi1/HPT/mse_64_0.01_1e-17_0.5_4_4_16_0.5_128_0.0_unet-att_day08.h5

Epoch 4: val_loss did not improve from 0.03104

Epoch 3: val_loss did not improve from 0.00161
train_data_hourly_pr_['ADAPTER_DE05.day08.merged.nc']_['ADAPTER_DE05.day01.merged.nc']_MM_6__spatiotemporal_128.256_2018-01-01T13_2022-12-31T23_no_na_land
Loading training data...
Data loaded!
mse_64_1e-05_1e-17_0.5_4_1_16_0.5_128_0.0_unet-att_day08
Training the model...

Epoch 1: val_loss improved from inf to 0.35522, saving model to /p/project1/cesmtst/patakchiyousefi1/HPT/mse_64_1e-05_1e-17_0.5_4_1_16_0.5_128_0.0_unet-att_day08.h5

Epoch 2: val_loss did not improve from 0.12515

Epoch 2: val_loss did not improve from 0.00014
train_data_hourly_pr_['ADAPTER_DE05.day08.merged.nc']_['ADAPTER_DE05.day01.merged.nc']_MM_6__spatiotemporal_128.256_2018-01-01T13_2022-12-31T23_no_na_land
Loading training data...
Data loaded!
mse_64_0.01_1e-17_0.5_4_2_16_0.5_128_0.0_unet-att_day08
Training the model...

Epoch 1: val_loss improved from inf to 0.00639, saving model to /p/project1/cesmtst/patakchiyousefi1/HPT/mse_64_0.01_1e-17_0.5_4_2_16_0.5_128_0.0_unet-att_day08.h5
train_data_hourly_pr_['ADAPTER_DE05.day08.merged.nc']_['ADAPTER_DE05.day01.merged.nc']_MM_6__spatiotemporal_128.256_2018-01-01T13_2022-12-31T23_no_na_land
Loading training data...
Data loaded!
mse_64_0.0001_1e-17_0.5_4_1_16_0.5_128_0.0_unet-att_day08
Training the model...

Epoch 1: val_loss improved from inf to 0.01593, saving model to /p/project1/cesmtst/patakchiyousefi1/HPT/mse_64_0.0001_1e-17_0.5_4_1_16_0.5_128_0.0_unet-att_day08.h5

Epoch 4: val_loss improved from 0.00583 to 0.00507, saving model to /p/project1/cesmtst/patakchiyousefi1/HPT/mse_64_0.0001_1e-17_0.5_4_8_16_0.5_128_0.0_unet-att_day08.h5

Epoch 5: val_loss did not improve from 0.03104

Epoch 3: val_loss improved from 0.04113 to 0.03326, saving model to /p/project1/cesmtst/patakchiyousefi1/HPT/mse_64_0.0001_1e-17_0.5_4_4_16_0.5_128_0.0_unet-att_day08.h5

Epoch 2: val_loss improved from 0.95759 to 0.56234, saving model to /p/project1/cesmtst/patakchiyousefi1/HPT/mse_64_1e-05_1e-17_0.5_4_2_16_0.5_128_0.0_unet-att_day08.h5

Epoch 4: val_loss improved from 0.00161 to 0.00109, saving model to /p/project1/cesmtst/patakchiyousefi1/HPT/mse_64_0.001_1e-17_0.5_4_8_16_0.5_128_0.0_unet-att_day08.h5

Epoch 3: val_loss improved from 0.00014 to 0.00012, saving model to /p/project1/cesmtst/patakchiyousefi1/HPT/mse_64_0.01_1e-17_0.5_4_8_16_0.5_128_0.0_unet-att_day08.h5

Epoch 2: val_loss improved from 0.21239 to 0.10726, saving model to /p/project1/cesmtst/patakchiyousefi1/HPT/mse_64_1e-05_1e-17_0.5_4_4_16_0.5_128_0.0_unet-att_day08.h5

Epoch 2: val_loss improved from 0.00013 to 0.00011, saving model to /p/project1/cesmtst/patakchiyousefi1/HPT/mse_64_0.01_1e-17_0.5_4_4_16_0.5_128_0.0_unet-att_day08.h5

Epoch 2: val_loss improved from 0.05472 to 0.03234, saving model to /p/project1/cesmtst/patakchiyousefi1/HPT/mse_64_0.0001_1e-17_0.5_4_2_16_0.5_128_0.0_unet-att_day08.h5
train_data_hourly_pr_['ADAPTER_DE05.day08.merged.nc']_['ADAPTER_DE05.day01.merged.nc']_MM_6__spatiotemporal_128.256_2018-01-01T13_2022-12-31T23_no_na_land
Loading training data...
Data loaded!
mse_64_0.001_1e-17_0.5_4_1_16_0.5_128_0.0_unet-att_day08
Training the model...

Epoch 1: val_loss improved from inf to 0.00012, saving model to /p/project1/cesmtst/patakchiyousefi1/HPT/mse_64_0.001_1e-17_0.5_4_1_16_0.5_128_0.0_unet-att_day08.h5

Epoch 5: val_loss improved from 0.00507 to 0.00452, saving model to /p/project1/cesmtst/patakchiyousefi1/HPT/mse_64_0.0001_1e-17_0.5_4_8_16_0.5_128_0.0_unet-att_day08.h5

Epoch 6: val_loss did not improve from 0.03104

Epoch 3: val_loss improved from 0.12515 to 0.08067, saving model to /p/project1/cesmtst/patakchiyousefi1/HPT/mse_64_0.001_1e-17_0.5_4_4_16_0.5_128_0.0_unet-att_day08.h5

Epoch 5: val_loss improved from 0.00109 to 0.00105, saving model to /p/project1/cesmtst/patakchiyousefi1/HPT/mse_64_0.001_1e-17_0.5_4_8_16_0.5_128_0.0_unet-att_day08.h5

Epoch 4: val_loss improved from 0.00012 to 0.00010, saving model to /p/project1/cesmtst/patakchiyousefi1/HPT/mse_64_0.01_1e-17_0.5_4_8_16_0.5_128_0.0_unet-att_day08.h5

Epoch 2: val_loss improved from 0.00074 to 0.00009, saving model to /p/project1/cesmtst/patakchiyousefi1/HPT/mse_64_0.001_1e-17_0.5_4_2_16_0.5_128_0.0_unet-att_day08.h5

Epoch 4: val_loss improved from 0.03326 to 0.02688, saving model to /p/project1/cesmtst/patakchiyousefi1/HPT/mse_64_0.0001_1e-17_0.5_4_4_16_0.5_128_0.0_unet-att_day08.h5

Epoch 6: val_loss improved from 0.00452 to 0.00389, saving model to /p/project1/cesmtst/patakchiyousefi1/HPT/mse_64_0.0001_1e-17_0.5_4_8_16_0.5_128_0.0_unet-att_day08.h5
train_data_hourly_pr_['ADAPTER_DE05.day08.merged.nc']_['ADAPTER_DE05.day01.merged.nc']_MM_6__spatiotemporal_128.256_2018-01-01T13_2022-12-31T23_no_na_land
Loading training data...
Data loaded!
mse_64_0.01_1e-17_0.5_4_1_16_0.5_128_0.0_unet-att_day08
Training the model...

Epoch 1: val_loss improved from inf to 0.21308, saving model to /p/project1/cesmtst/patakchiyousefi1/HPT/mse_64_0.01_1e-17_0.5_4_1_16_0.5_128_0.0_unet-att_day08.h5

Epoch 7: val_loss did not improve from 0.03104

Epoch 6: val_loss improved from 0.00105 to 0.00080, saving model to /p/project1/cesmtst/patakchiyousefi1/HPT/mse_64_0.001_1e-17_0.5_4_8_16_0.5_128_0.0_unet-att_day08.h5

Epoch 4: val_loss improved from 0.08067 to 0.01483, saving model to /p/project1/cesmtst/patakchiyousefi1/HPT/mse_64_0.001_1e-17_0.5_4_4_16_0.5_128_0.0_unet-att_day08.h5

Epoch 5: val_loss did not improve from 0.00010

Epoch 7: val_loss improved from 0.00389 to 0.00333, saving model to /p/project1/cesmtst/patakchiyousefi1/HPT/mse_64_0.0001_1e-17_0.5_4_8_16_0.5_128_0.0_unet-att_day08.h5

Epoch 3: val_loss did not improve from 0.00011

Epoch 3: val_loss improved from 0.10726 to 0.07899, saving model to /p/project1/cesmtst/patakchiyousefi1/HPT/mse_64_1e-05_1e-17_0.5_4_4_16_0.5_128_0.0_unet-att_day08.h5

Epoch 8: val_loss did not improve from 0.03104

Epoch 3: val_loss improved from 0.56234 to 0.26556, saving model to /p/project1/cesmtst/patakchiyousefi1/HPT/mse_64_1e-05_1e-17_0.5_4_2_16_0.5_128_0.0_unet-att_day08.h5

Epoch 5: val_loss improved from 0.02688 to 0.02150, saving model to /p/project1/cesmtst/patakchiyousefi1/HPT/mse_64_0.0001_1e-17_0.5_4_4_16_0.5_128_0.0_unet-att_day08.h5

Epoch 7: val_loss improved from 0.00080 to 0.00067, saving model to /p/project1/cesmtst/patakchiyousefi1/HPT/mse_64_0.001_1e-17_0.5_4_8_16_0.5_128_0.0_unet-att_day08.h5

Epoch 3: val_loss improved from 0.03234 to 0.01760, saving model to /p/project1/cesmtst/patakchiyousefi1/HPT/mse_64_0.0001_1e-17_0.5_4_2_16_0.5_128_0.0_unet-att_day08.h5

Epoch 8: val_loss improved from 0.00333 to 0.00288, saving model to /p/project1/cesmtst/patakchiyousefi1/HPT/mse_64_0.0001_1e-17_0.5_4_8_16_0.5_128_0.0_unet-att_day08.h5

Epoch 6: val_loss improved from 0.00010 to 0.00010, saving model to /p/project1/cesmtst/patakchiyousefi1/HPT/mse_64_0.01_1e-17_0.5_4_8_16_0.5_128_0.0_unet-att_day08.h5

Epoch 2: val_loss improved from 0.00639 to 0.00112, saving model to /p/project1/cesmtst/patakchiyousefi1/HPT/mse_64_0.01_1e-17_0.5_4_2_16_0.5_128_0.0_unet-att_day08.h5

Epoch 9: val_loss did not improve from 0.03104

Epoch 5: val_loss improved from 0.01483 to 0.00732, saving model to /p/project1/cesmtst/patakchiyousefi1/HPT/mse_64_0.001_1e-17_0.5_4_4_16_0.5_128_0.0_unet-att_day08.h5

Epoch 8: val_loss improved from 0.00067 to 0.00057, saving model to /p/project1/cesmtst/patakchiyousefi1/HPT/mse_64_0.001_1e-17_0.5_4_8_16_0.5_128_0.0_unet-att_day08.h5

Epoch 3: val_loss improved from 0.00009 to 0.00008, saving model to /p/project1/cesmtst/patakchiyousefi1/HPT/mse_64_0.001_1e-17_0.5_4_2_16_0.5_128_0.0_unet-att_day08.h5

Epoch 4: val_loss improved from 0.07899 to 0.07214, saving model to /p/project1/cesmtst/patakchiyousefi1/HPT/mse_64_1e-05_1e-17_0.5_4_4_16_0.5_128_0.0_unet-att_day08.h5

Epoch 9: val_loss improved from 0.00288 to 0.00255, saving model to /p/project1/cesmtst/patakchiyousefi1/HPT/mse_64_0.0001_1e-17_0.5_4_8_16_0.5_128_0.0_unet-att_day08.h5

Epoch 6: val_loss improved from 0.02150 to 0.01710, saving model to /p/project1/cesmtst/patakchiyousefi1/HPT/mse_64_0.0001_1e-17_0.5_4_4_16_0.5_128_0.0_unet-att_day08.h5

Epoch 7: val_loss improved from 0.00010 to 0.00009, saving model to /p/project1/cesmtst/patakchiyousefi1/HPT/mse_64_0.01_1e-17_0.5_4_8_16_0.5_128_0.0_unet-att_day08.h5

Epoch 10: val_loss did not improve from 0.03104

Epoch 9: val_loss improved from 0.00057 to 0.00051, saving model to /p/project1/cesmtst/patakchiyousefi1/HPT/mse_64_0.001_1e-17_0.5_4_8_16_0.5_128_0.0_unet-att_day08.h5

Epoch 4: val_loss did not improve from 0.00011

Epoch 10: val_loss improved from 0.00255 to 0.00227, saving model to /p/project1/cesmtst/patakchiyousefi1/HPT/mse_64_0.0001_1e-17_0.5_4_8_16_0.5_128_0.0_unet-att_day08.h5

Epoch 2: val_loss did not improve from 0.00012

Epoch 6: val_loss improved from 0.00732 to 0.00196, saving model to /p/project1/cesmtst/patakchiyousefi1/HPT/mse_64_0.001_1e-17_0.5_4_4_16_0.5_128_0.0_unet-att_day08.h5

Epoch 8: val_loss improved from 0.00009 to 0.00009, saving model to /p/project1/cesmtst/patakchiyousefi1/HPT/mse_64_0.01_1e-17_0.5_4_8_16_0.5_128_0.0_unet-att_day08.h5

Epoch 11: val_loss did not improve from 0.03104

Epoch 4: val_loss improved from 0.26556 to 0.15395, saving model to /p/project1/cesmtst/patakchiyousefi1/HPT/mse_64_1e-05_1e-17_0.5_4_2_16_0.5_128_0.0_unet-att_day08.h5

Epoch 5: val_loss improved from 0.07214 to 0.06377, saving model to /p/project1/cesmtst/patakchiyousefi1/HPT/mse_64_1e-05_1e-17_0.5_4_4_16_0.5_128_0.0_unet-att_day08.h5

Epoch 10: val_loss improved from 0.00051 to 0.00041, saving model to /p/project1/cesmtst/patakchiyousefi1/HPT/mse_64_0.001_1e-17_0.5_4_8_16_0.5_128_0.0_unet-att_day08.h5

Epoch 7: val_loss improved from 0.01710 to 0.01206, saving model to /p/project1/cesmtst/patakchiyousefi1/HPT/mse_64_0.0001_1e-17_0.5_4_4_16_0.5_128_0.0_unet-att_day08.h5

Epoch 11: val_loss improved from 0.00227 to 0.00200, saving model to /p/project1/cesmtst/patakchiyousefi1/HPT/mse_64_0.0001_1e-17_0.5_4_8_16_0.5_128_0.0_unet-att_day08.h5

Epoch 3: val_loss did not improve from 0.00112

Epoch 9: val_loss did not improve from 0.00009

Epoch 12: val_loss did not improve from 0.03104

Epoch 2: val_loss did not improve from 0.21308

Epoch 5: val_loss improved from 0.00011 to 0.00009, saving model to /p/project1/cesmtst/patakchiyousefi1/HPT/mse_64_0.01_1e-17_0.5_4_4_16_0.5_128_0.0_unet-att_day08.h5

Epoch 4: val_loss improved from 0.00008 to 0.00006, saving model to /p/project1/cesmtst/patakchiyousefi1/HPT/mse_64_0.001_1e-17_0.5_4_2_16_0.5_128_0.0_unet-att_day08.h5

Epoch 11: val_loss did not improve from 0.00041

Epoch 2: val_loss improved from 0.35522 to 0.30892, saving model to /p/project1/cesmtst/patakchiyousefi1/HPT/mse_64_1e-05_1e-17_0.5_4_1_16_0.5_128_0.0_unet-att_day08.h5

Epoch 7: val_loss improved from 0.00196 to 0.00054, saving model to /p/project1/cesmtst/patakchiyousefi1/HPT/mse_64_0.001_1e-17_0.5_4_4_16_0.5_128_0.0_unet-att_day08.h5

Epoch 12: val_loss improved from 0.00200 to 0.00173, saving model to /p/project1/cesmtst/patakchiyousefi1/HPT/mse_64_0.0001_1e-17_0.5_4_8_16_0.5_128_0.0_unet-att_day08.h5

Epoch 2: val_loss improved from 0.01593 to 0.00019, saving model to /p/project1/cesmtst/patakchiyousefi1/HPT/mse_64_0.0001_1e-17_0.5_4_1_16_0.5_128_0.0_unet-att_day08.h5

Epoch 6: val_loss improved from 0.06377 to 0.05186, saving model to /p/project1/cesmtst/patakchiyousefi1/HPT/mse_64_1e-05_1e-17_0.5_4_4_16_0.5_128_0.0_unet-att_day08.h5

Epoch 10: val_loss did not improve from 0.00009

Epoch 13: val_loss did not improve from 0.03104

Epoch 8: val_loss improved from 0.01206 to 0.00738, saving model to /p/project1/cesmtst/patakchiyousefi1/HPT/mse_64_0.0001_1e-17_0.5_4_4_16_0.5_128_0.0_unet-att_day08.h5

Epoch 12: val_loss improved from 0.00041 to 0.00035, saving model to /p/project1/cesmtst/patakchiyousefi1/HPT/mse_64_0.001_1e-17_0.5_4_8_16_0.5_128_0.0_unet-att_day08.h5

Epoch 4: val_loss did not improve from 0.01760

Epoch 13: val_loss improved from 0.00173 to 0.00147, saving model to /p/project1/cesmtst/patakchiyousefi1/HPT/mse_64_0.0001_1e-17_0.5_4_8_16_0.5_128_0.0_unet-att_day08.h5

Epoch 6: val_loss improved from 0.00009 to 0.00007, saving model to /p/project1/cesmtst/patakchiyousefi1/HPT/mse_64_0.01_1e-17_0.5_4_4_16_0.5_128_0.0_unet-att_day08.h5

Epoch 14: val_loss did not improve from 0.03104

Epoch 11: val_loss did not improve from 0.00009

Epoch 5: val_loss improved from 0.15395 to 0.09737, saving model to /p/project1/cesmtst/patakchiyousefi1/HPT/mse_64_1e-05_1e-17_0.5_4_2_16_0.5_128_0.0_unet-att_day08.h5

Epoch 8: val_loss improved from 0.00054 to 0.00027, saving model to /p/project1/cesmtst/patakchiyousefi1/HPT/mse_64_0.001_1e-17_0.5_4_4_16_0.5_128_0.0_unet-att_day08.h5

Epoch 13: val_loss improved from 0.00035 to 0.00017, saving model to /p/project1/cesmtst/patakchiyousefi1/HPT/mse_64_0.001_1e-17_0.5_4_8_16_0.5_128_0.0_unet-att_day08.h5

Epoch 7: val_loss improved from 0.05186 to 0.03944, saving model to /p/project1/cesmtst/patakchiyousefi1/HPT/mse_64_1e-05_1e-17_0.5_4_4_16_0.5_128_0.0_unet-att_day08.h5

Epoch 4: val_loss improved from 0.00112 to 0.00100, saving model to /p/project1/cesmtst/patakchiyousefi1/HPT/mse_64_0.01_1e-17_0.5_4_2_16_0.5_128_0.0_unet-att_day08.h5

Epoch 9: val_loss improved from 0.00738 to 0.00289, saving model to /p/project1/cesmtst/patakchiyousefi1/HPT/mse_64_0.0001_1e-17_0.5_4_4_16_0.5_128_0.0_unet-att_day08.h5

Epoch 15: val_loss did not improve from 0.03104

Epoch 14: val_loss improved from 0.00147 to 0.00118, saving model to /p/project1/cesmtst/patakchiyousefi1/HPT/mse_64_0.0001_1e-17_0.5_4_8_16_0.5_128_0.0_unet-att_day08.h5

Epoch 5: val_loss did not improve from 0.00006

Epoch 12: val_loss did not improve from 0.00009

Epoch 14: val_loss did not improve from 0.00017

Epoch 7: val_loss did not improve from 0.00007

Epoch 9: val_loss improved from 0.00027 to 0.00022, saving model to /p/project1/cesmtst/patakchiyousefi1/HPT/mse_64_0.001_1e-17_0.5_4_4_16_0.5_128_0.0_unet-att_day08.h5

Epoch 16: val_loss improved from 0.03104 to 0.03035, saving model to /p/project1/cesmtst/patakchiyousefi1/HPT/mse_64_1e-05_1e-17_0.5_4_8_16_0.5_128_0.0_unet-att_day08.h5

Epoch 15: val_loss improved from 0.00118 to 0.00098, saving model to /p/project1/cesmtst/patakchiyousefi1/HPT/mse_64_0.0001_1e-17_0.5_4_8_16_0.5_128_0.0_unet-att_day08.h5

Epoch 8: val_loss improved from 0.03944 to 0.02892, saving model to /p/project1/cesmtst/patakchiyousefi1/HPT/mse_64_1e-05_1e-17_0.5_4_4_16_0.5_128_0.0_unet-att_day08.h5

Epoch 3: val_loss improved from 0.00012 to 0.00010, saving model to /p/project1/cesmtst/patakchiyousefi1/HPT/mse_64_0.001_1e-17_0.5_4_1_16_0.5_128_0.0_unet-att_day08.h5

Epoch 15: val_loss did not improve from 0.00017

Epoch 5: val_loss improved from 0.01760 to 0.00588, saving model to /p/project1/cesmtst/patakchiyousefi1/HPT/mse_64_0.0001_1e-17_0.5_4_2_16_0.5_128_0.0_unet-att_day08.h5

Epoch 10: val_loss improved from 0.00289 to 0.00054, saving model to /p/project1/cesmtst/patakchiyousefi1/HPT/mse_64_0.0001_1e-17_0.5_4_4_16_0.5_128_0.0_unet-att_day08.h5

Epoch 13: val_loss did not improve from 0.00009

Epoch 17: val_loss improved from 0.03035 to 0.02935, saving model to /p/project1/cesmtst/patakchiyousefi1/HPT/mse_64_1e-05_1e-17_0.5_4_8_16_0.5_128_0.0_unet-att_day08.h5

Epoch 16: val_loss improved from 0.00098 to 0.00084, saving model to /p/project1/cesmtst/patakchiyousefi1/HPT/mse_64_0.0001_1e-17_0.5_4_8_16_0.5_128_0.0_unet-att_day08.h5

Epoch 6: val_loss improved from 0.09737 to 0.06882, saving model to /p/project1/cesmtst/patakchiyousefi1/HPT/mse_64_1e-05_1e-17_0.5_4_2_16_0.5_128_0.0_unet-att_day08.h5

Epoch 8: val_loss did not improve from 0.00007

Epoch 16: val_loss improved from 0.00017 to 0.00009, saving model to /p/project1/cesmtst/patakchiyousefi1/HPT/mse_64_0.001_1e-17_0.5_4_8_16_0.5_128_0.0_unet-att_day08.h5

Epoch 3: val_loss did not improve from 0.21308

Epoch 10: val_loss improved from 0.00022 to 0.00014, saving model to /p/project1/cesmtst/patakchiyousefi1/HPT/mse_64_0.001_1e-17_0.5_4_4_16_0.5_128_0.0_unet-att_day08.h5

Epoch 14: val_loss did not improve from 0.00009

Epoch 3: val_loss improved from 0.30892 to 0.29738, saving model to /p/project1/cesmtst/patakchiyousefi1/HPT/mse_64_1e-05_1e-17_0.5_4_1_16_0.5_128_0.0_unet-att_day08.h5

Epoch 9: val_loss improved from 0.02892 to 0.01959, saving model to /p/project1/cesmtst/patakchiyousefi1/HPT/mse_64_1e-05_1e-17_0.5_4_4_16_0.5_128_0.0_unet-att_day08.h5

Epoch 18: val_loss improved from 0.02935 to 0.02850, saving model to /p/project1/cesmtst/patakchiyousefi1/HPT/mse_64_1e-05_1e-17_0.5_4_8_16_0.5_128_0.0_unet-att_day08.h5

Epoch 17: val_loss improved from 0.00084 to 0.00075, saving model to /p/project1/cesmtst/patakchiyousefi1/HPT/mse_64_0.0001_1e-17_0.5_4_8_16_0.5_128_0.0_unet-att_day08.h5

Epoch 6: val_loss did not improve from 0.00006

Epoch 3: val_loss improved from 0.00019 to 0.00007, saving model to /p/project1/cesmtst/patakchiyousefi1/HPT/mse_64_0.0001_1e-17_0.5_4_1_16_0.5_128_0.0_unet-att_day08.h5

Epoch 11: val_loss improved from 0.00054 to 0.00019, saving model to /p/project1/cesmtst/patakchiyousefi1/HPT/mse_64_0.0001_1e-17_0.5_4_4_16_0.5_128_0.0_unet-att_day08.h5

Epoch 17: val_loss did not improve from 0.00009

Epoch 15: val_loss did not improve from 0.00009

Epoch 9: val_loss did not improve from 0.00007

Epoch 19: val_loss improved from 0.02850 to 0.02739, saving model to /p/project1/cesmtst/patakchiyousefi1/HPT/mse_64_1e-05_1e-17_0.5_4_8_16_0.5_128_0.0_unet-att_day08.h5

Epoch 18: val_loss improved from 0.00075 to 0.00064, saving model to /p/project1/cesmtst/patakchiyousefi1/HPT/mse_64_0.0001_1e-17_0.5_4_8_16_0.5_128_0.0_unet-att_day08.h5

Epoch 11: val_loss improved from 0.00014 to 0.00009, saving model to /p/project1/cesmtst/patakchiyousefi1/HPT/mse_64_0.001_1e-17_0.5_4_4_16_0.5_128_0.0_unet-att_day08.h5

Epoch 6: val_loss did not improve from 0.00588

Epoch 18: val_loss did not improve from 0.00009

Epoch 10: val_loss improved from 0.01959 to 0.01350, saving model to /p/project1/cesmtst/patakchiyousefi1/HPT/mse_64_1e-05_1e-17_0.5_4_4_16_0.5_128_0.0_unet-att_day08.h5

Epoch 16: val_loss did not improve from 0.00009

Epoch 12: val_loss improved from 0.00019 to 0.00012, saving model to /p/project1/cesmtst/patakchiyousefi1/HPT/mse_64_0.0001_1e-17_0.5_4_4_16_0.5_128_0.0_unet-att_day08.h5

Epoch 5: val_loss did not improve from 0.00100

Epoch 19: val_loss improved from 0.00064 to 0.00053, saving model to /p/project1/cesmtst/patakchiyousefi1/HPT/mse_64_0.0001_1e-17_0.5_4_8_16_0.5_128_0.0_unet-att_day08.h5

Epoch 20: val_loss improved from 0.02739 to 0.02674, saving model to /p/project1/cesmtst/patakchiyousefi1/HPT/mse_64_1e-05_1e-17_0.5_4_8_16_0.5_128_0.0_unet-att_day08.h5

Epoch 7: val_loss improved from 0.06882 to 0.04290, saving model to /p/project1/cesmtst/patakchiyousefi1/HPT/mse_64_1e-05_1e-17_0.5_4_2_16_0.5_128_0.0_unet-att_day08.h5

Epoch 19: val_loss did not improve from 0.00009

Epoch 10: val_loss did not improve from 0.00007

Epoch 17: val_loss did not improve from 0.00009

Epoch 12: val_loss improved from 0.00009 to 0.00006, saving model to /p/project1/cesmtst/patakchiyousefi1/HPT/mse_64_0.001_1e-17_0.5_4_4_16_0.5_128_0.0_unet-att_day08.h5

Epoch 7: val_loss did not improve from 0.00006

Epoch 21: val_loss improved from 0.02674 to 0.02529, saving model to /p/project1/cesmtst/patakchiyousefi1/HPT/mse_64_1e-05_1e-17_0.5_4_8_16_0.5_128_0.0_unet-att_day08.h5

Epoch 20: val_loss improved from 0.00053 to 0.00042, saving model to /p/project1/cesmtst/patakchiyousefi1/HPT/mse_64_0.0001_1e-17_0.5_4_8_16_0.5_128_0.0_unet-att_day08.h5

Epoch 11: val_loss improved from 0.01350 to 0.00711, saving model to /p/project1/cesmtst/patakchiyousefi1/HPT/mse_64_1e-05_1e-17_0.5_4_4_16_0.5_128_0.0_unet-att_day08.h5

Epoch 20: val_loss did not improve from 0.00009

Epoch 13: val_loss improved from 0.00012 to 0.00009, saving model to /p/project1/cesmtst/patakchiyousefi1/HPT/mse_64_0.0001_1e-17_0.5_4_4_16_0.5_128_0.0_unet-att_day08.h5

Epoch 4: val_loss did not improve from 0.00010

Epoch 18: val_loss did not improve from 0.00009

Epoch 22: val_loss improved from 0.02529 to 0.02520, saving model to /p/project1/cesmtst/patakchiyousefi1/HPT/mse_64_1e-05_1e-17_0.5_4_8_16_0.5_128_0.0_unet-att_day08.h5

Epoch 7: val_loss did not improve from 0.00588

Epoch 21: val_loss improved from 0.00042 to 0.00034, saving model to /p/project1/cesmtst/patakchiyousefi1/HPT/mse_64_0.0001_1e-17_0.5_4_8_16_0.5_128_0.0_unet-att_day08.h5

Epoch 11: val_loss did not improve from 0.00007

Epoch 13: val_loss improved from 0.00006 to 0.00006, saving model to /p/project1/cesmtst/patakchiyousefi1/HPT/mse_64_0.001_1e-17_0.5_4_4_16_0.5_128_0.0_unet-att_day08.h5

Epoch 21: val_loss improved from 0.00009 to 0.00009, saving model to /p/project1/cesmtst/patakchiyousefi1/HPT/mse_64_0.001_1e-17_0.5_4_8_16_0.5_128_0.0_unet-att_day08.h5

Epoch 4: val_loss did not improve from 0.21308

Epoch 12: val_loss improved from 0.00711 to 0.00512, saving model to /p/project1/cesmtst/patakchiyousefi1/HPT/mse_64_1e-05_1e-17_0.5_4_4_16_0.5_128_0.0_unet-att_day08.h5

Epoch 6: val_loss did not improve from 0.00100

Epoch 19: val_loss did not improve from 0.00009

Epoch 8: val_loss improved from 0.04290 to 0.01795, saving model to /p/project1/cesmtst/patakchiyousefi1/HPT/mse_64_1e-05_1e-17_0.5_4_2_16_0.5_128_0.0_unet-att_day08.h5

Epoch 4: val_loss improved from 0.29738 to 0.22020, saving model to /p/project1/cesmtst/patakchiyousefi1/HPT/mse_64_1e-05_1e-17_0.5_4_1_16_0.5_128_0.0_unet-att_day08.h5

Epoch 22: val_loss improved from 0.00034 to 0.00029, saving model to /p/project1/cesmtst/patakchiyousefi1/HPT/mse_64_0.0001_1e-17_0.5_4_8_16_0.5_128_0.0_unet-att_day08.h5

Epoch 14: val_loss improved from 0.00009 to 0.00008, saving model to /p/project1/cesmtst/patakchiyousefi1/HPT/mse_64_0.0001_1e-17_0.5_4_4_16_0.5_128_0.0_unet-att_day08.h5

Epoch 23: val_loss improved from 0.02520 to 0.02297, saving model to /p/project1/cesmtst/patakchiyousefi1/HPT/mse_64_1e-05_1e-17_0.5_4_8_16_0.5_128_0.0_unet-att_day08.h5

Epoch 4: val_loss did not improve from 0.00007

Epoch 22: val_loss improved from 0.00009 to 0.00008, saving model to /p/project1/cesmtst/patakchiyousefi1/HPT/mse_64_0.001_1e-17_0.5_4_8_16_0.5_128_0.0_unet-att_day08.h5

Epoch 12: val_loss did not improve from 0.00007

Epoch 20: val_loss did not improve from 0.00009

Epoch 8: val_loss did not improve from 0.00006

Epoch 23: val_loss improved from 0.00029 to 0.00023, saving model to /p/project1/cesmtst/patakchiyousefi1/HPT/mse_64_0.0001_1e-17_0.5_4_8_16_0.5_128_0.0_unet-att_day08.h5

Epoch 14: val_loss did not improve from 0.00006

Epoch 24: val_loss did not improve from 0.02297

Epoch 13: val_loss improved from 0.00512 to 0.00271, saving model to /p/project1/cesmtst/patakchiyousefi1/HPT/mse_64_1e-05_1e-17_0.5_4_4_16_0.5_128_0.0_unet-att_day08.h5

Epoch 23: val_loss improved from 0.00008 to 0.00008, saving model to /p/project1/cesmtst/patakchiyousefi1/HPT/mse_64_0.001_1e-17_0.5_4_8_16_0.5_128_0.0_unet-att_day08.h5

Epoch 21: val_loss did not improve from 0.00009

Epoch 15: val_loss improved from 0.00008 to 0.00007, saving model to /p/project1/cesmtst/patakchiyousefi1/HPT/mse_64_0.0001_1e-17_0.5_4_4_16_0.5_128_0.0_unet-att_day08.h5

Epoch 8: val_loss did not improve from 0.00588

Epoch 24: val_loss improved from 0.00023 to 0.00020, saving model to /p/project1/cesmtst/patakchiyousefi1/HPT/mse_64_0.0001_1e-17_0.5_4_8_16_0.5_128_0.0_unet-att_day08.h5

Epoch 25: val_loss improved from 0.02297 to 0.02208, saving model to /p/project1/cesmtst/patakchiyousefi1/HPT/mse_64_1e-05_1e-17_0.5_4_8_16_0.5_128_0.0_unet-att_day08.h5

Epoch 13: val_loss did not improve from 0.00007

Epoch 7: val_loss did not improve from 0.00100

Epoch 22: val_loss improved from 0.00009 to 0.00009, saving model to /p/project1/cesmtst/patakchiyousefi1/HPT/mse_64_0.01_1e-17_0.5_4_8_16_0.5_128_0.0_unet-att_day08.h5

Epoch 15: val_loss improved from 0.00006 to 0.00005, saving model to /p/project1/cesmtst/patakchiyousefi1/HPT/mse_64_0.001_1e-17_0.5_4_4_16_0.5_128_0.0_unet-att_day08.h5

Epoch 24: val_loss improved from 0.00008 to 0.00007, saving model to /p/project1/cesmtst/patakchiyousefi1/HPT/mse_64_0.001_1e-17_0.5_4_8_16_0.5_128_0.0_unet-att_day08.h5

Epoch 9: val_loss improved from 0.01795 to 0.01429, saving model to /p/project1/cesmtst/patakchiyousefi1/HPT/mse_64_1e-05_1e-17_0.5_4_2_16_0.5_128_0.0_unet-att_day08.h5

Epoch 14: val_loss improved from 0.00271 to 0.00264, saving model to /p/project1/cesmtst/patakchiyousefi1/HPT/mse_64_1e-05_1e-17_0.5_4_4_16_0.5_128_0.0_unet-att_day08.h5

Epoch 25: val_loss improved from 0.00020 to 0.00018, saving model to /p/project1/cesmtst/patakchiyousefi1/HPT/mse_64_0.0001_1e-17_0.5_4_8_16_0.5_128_0.0_unet-att_day08.h5

Epoch 16: val_loss improved from 0.00007 to 0.00006, saving model to /p/project1/cesmtst/patakchiyousefi1/HPT/mse_64_0.0001_1e-17_0.5_4_4_16_0.5_128_0.0_unet-att_day08.h5

Epoch 26: val_loss improved from 0.02208 to 0.02189, saving model to /p/project1/cesmtst/patakchiyousefi1/HPT/mse_64_1e-05_1e-17_0.5_4_8_16_0.5_128_0.0_unet-att_day08.h5

Epoch 9: val_loss improved from 0.00006 to 0.00006, saving model to /p/project1/cesmtst/patakchiyousefi1/HPT/mse_64_0.001_1e-17_0.5_4_2_16_0.5_128_0.0_unet-att_day08.h5

Epoch 5: val_loss improved from 0.00010 to 0.00008, saving model to /p/project1/cesmtst/patakchiyousefi1/HPT/mse_64_0.001_1e-17_0.5_4_1_16_0.5_128_0.0_unet-att_day08.h5

Epoch 25: val_loss did not improve from 0.00007

Epoch 14: val_loss did not improve from 0.00007

Epoch 23: val_loss improved from 0.00009 to 0.00009, saving model to /p/project1/cesmtst/patakchiyousefi1/HPT/mse_64_0.01_1e-17_0.5_4_8_16_0.5_128_0.0_unet-att_day08.h5

Epoch 26: val_loss improved from 0.00018 to 0.00015, saving model to /p/project1/cesmtst/patakchiyousefi1/HPT/mse_64_0.0001_1e-17_0.5_4_8_16_0.5_128_0.0_unet-att_day08.h5

Epoch 27: val_loss improved from 0.02189 to 0.02123, saving model to /p/project1/cesmtst/patakchiyousefi1/HPT/mse_64_1e-05_1e-17_0.5_4_8_16_0.5_128_0.0_unet-att_day08.h5

Epoch 15: val_loss improved from 0.00264 to 0.00184, saving model to /p/project1/cesmtst/patakchiyousefi1/HPT/mse_64_1e-05_1e-17_0.5_4_4_16_0.5_128_0.0_unet-att_day08.h5

Epoch 9: val_loss did not improve from 0.00588

Epoch 26: val_loss did not improve from 0.00007

Epoch 24: val_loss improved from 0.00009 to 0.00008, saving model to /p/project1/cesmtst/patakchiyousefi1/HPT/mse_64_0.01_1e-17_0.5_4_8_16_0.5_128_0.0_unet-att_day08.h5

Epoch 17: val_loss improved from 0.00006 to 0.00006, saving model to /p/project1/cesmtst/patakchiyousefi1/HPT/mse_64_0.0001_1e-17_0.5_4_4_16_0.5_128_0.0_unet-att_day08.h5

Epoch 27: val_loss improved from 0.00015 to 0.00014, saving model to /p/project1/cesmtst/patakchiyousefi1/HPT/mse_64_0.0001_1e-17_0.5_4_8_16_0.5_128_0.0_unet-att_day08.h5

Epoch 5: val_loss improved from 0.22020 to 0.17808, saving model to /p/project1/cesmtst/patakchiyousefi1/HPT/mse_64_1e-05_1e-17_0.5_4_1_16_0.5_128_0.0_unet-att_day08.h5

Epoch 16: val_loss did not improve from 0.00005

Epoch 8: val_loss did not improve from 0.00100

Epoch 28: val_loss improved from 0.02123 to 0.02088, saving model to /p/project1/cesmtst/patakchiyousefi1/HPT/mse_64_1e-05_1e-17_0.5_4_8_16_0.5_128_0.0_unet-att_day08.h5

Epoch 15: val_loss did not improve from 0.00007

Epoch 5: val_loss did not improve from 0.00007

Epoch 27: val_loss did not improve from 0.00007

Epoch 10: val_loss improved from 0.01429 to 0.01047, saving model to /p/project1/cesmtst/patakchiyousefi1/HPT/mse_64_1e-05_1e-17_0.5_4_2_16_0.5_128_0.0_unet-att_day08.h5

Epoch 25: val_loss improved from 0.00008 to 0.00008, saving model to /p/project1/cesmtst/patakchiyousefi1/HPT/mse_64_0.01_1e-17_0.5_4_8_16_0.5_128_0.0_unet-att_day08.h5

Epoch 28: val_loss improved from 0.00014 to 0.00013, saving model to /p/project1/cesmtst/patakchiyousefi1/HPT/mse_64_0.0001_1e-17_0.5_4_8_16_0.5_128_0.0_unet-att_day08.h5

Epoch 16: val_loss improved from 0.00184 to 0.00138, saving model to /p/project1/cesmtst/patakchiyousefi1/HPT/mse_64_1e-05_1e-17_0.5_4_4_16_0.5_128_0.0_unet-att_day08.h5

Epoch 10: val_loss improved from 0.00006 to 0.00006, saving model to /p/project1/cesmtst/patakchiyousefi1/HPT/mse_64_0.001_1e-17_0.5_4_2_16_0.5_128_0.0_unet-att_day08.h5

Epoch 29: val_loss improved from 0.02088 to 0.02038, saving model to /p/project1/cesmtst/patakchiyousefi1/HPT/mse_64_1e-05_1e-17_0.5_4_8_16_0.5_128_0.0_unet-att_day08.h5

Epoch 18: val_loss improved from 0.00006 to 0.00005, saving model to /p/project1/cesmtst/patakchiyousefi1/HPT/mse_64_0.0001_1e-17_0.5_4_4_16_0.5_128_0.0_unet-att_day08.h5

Epoch 28: val_loss did not improve from 0.00007

Epoch 17: val_loss did not improve from 0.00005

Epoch 26: val_loss improved from 0.00008 to 0.00007, saving model to /p/project1/cesmtst/patakchiyousefi1/HPT/mse_64_0.01_1e-17_0.5_4_8_16_0.5_128_0.0_unet-att_day08.h5

Epoch 29: val_loss improved from 0.00013 to 0.00012, saving model to /p/project1/cesmtst/patakchiyousefi1/HPT/mse_64_0.0001_1e-17_0.5_4_8_16_0.5_128_0.0_unet-att_day08.h5

Epoch 16: val_loss did not improve from 0.00007

Epoch 10: val_loss did not improve from 0.00588

Epoch 30: val_loss improved from 0.02038 to 0.02004, saving model to /p/project1/cesmtst/patakchiyousefi1/HPT/mse_64_1e-05_1e-17_0.5_4_8_16_0.5_128_0.0_unet-att_day08.h5

Epoch 29: val_loss improved from 0.00007 to 0.00007, saving model to /p/project1/cesmtst/patakchiyousefi1/HPT/mse_64_0.001_1e-17_0.5_4_8_16_0.5_128_0.0_unet-att_day08.h5

Epoch 27: val_loss improved from 0.00007 to 0.00007, saving model to /p/project1/cesmtst/patakchiyousefi1/HPT/mse_64_0.01_1e-17_0.5_4_8_16_0.5_128_0.0_unet-att_day08.h5

Epoch 30: val_loss improved from 0.00012 to 0.00011, saving model to /p/project1/cesmtst/patakchiyousefi1/HPT/mse_64_0.0001_1e-17_0.5_4_8_16_0.5_128_0.0_unet-att_day08.h5

Epoch 9: val_loss did not improve from 0.00100

Epoch 19: val_loss did not improve from 0.00005

Epoch 5: val_loss did not improve from 0.21308

Epoch 18: val_loss improved from 0.00005 to 0.00005, saving model to /p/project1/cesmtst/patakchiyousefi1/HPT/mse_64_0.001_1e-17_0.5_4_4_16_0.5_128_0.0_unet-att_day08.h5

Epoch 30: val_loss did not improve from 0.00007

Epoch 31: val_loss improved from 0.02004 to 0.01958, saving model to /p/project1/cesmtst/patakchiyousefi1/HPT/mse_64_1e-05_1e-17_0.5_4_8_16_0.5_128_0.0_unet-att_day08.h5

Epoch 17: val_loss improved from 0.00138 to 0.00116, saving model to /p/project1/cesmtst/patakchiyousefi1/HPT/mse_64_1e-05_1e-17_0.5_4_4_16_0.5_128_0.0_unet-att_day08.h5

Epoch 17: val_loss improved from 0.00007 to 0.00007, saving model to /p/project1/cesmtst/patakchiyousefi1/HPT/mse_64_0.01_1e-17_0.5_4_4_16_0.5_128_0.0_unet-att_day08.h5

Epoch 11: val_loss improved from 0.01047 to 0.00726, saving model to /p/project1/cesmtst/patakchiyousefi1/HPT/mse_64_1e-05_1e-17_0.5_4_2_16_0.5_128_0.0_unet-att_day08.h5

Epoch 6: val_loss improved from 0.00008 to 0.00006, saving model to /p/project1/cesmtst/patakchiyousefi1/HPT/mse_64_0.001_1e-17_0.5_4_1_16_0.5_128_0.0_unet-att_day08.h5

Epoch 28: val_loss improved from 0.00007 to 0.00007, saving model to /p/project1/cesmtst/patakchiyousefi1/HPT/mse_64_0.01_1e-17_0.5_4_8_16_0.5_128_0.0_unet-att_day08.h5

Epoch 31: val_loss improved from 0.00011 to 0.00011, saving model to /p/project1/cesmtst/patakchiyousefi1/HPT/mse_64_0.0001_1e-17_0.5_4_8_16_0.5_128_0.0_unet-att_day08.h5

Epoch 11: val_loss improved from 0.00006 to 0.00006, saving model to /p/project1/cesmtst/patakchiyousefi1/HPT/mse_64_0.001_1e-17_0.5_4_2_16_0.5_128_0.0_unet-att_day08.h5

Epoch 31: val_loss improved from 0.00007 to 0.00006, saving model to /p/project1/cesmtst/patakchiyousefi1/HPT/mse_64_0.001_1e-17_0.5_4_8_16_0.5_128_0.0_unet-att_day08.h5

Epoch 32: val_loss improved from 0.01958 to 0.01919, saving model to /p/project1/cesmtst/patakchiyousefi1/HPT/mse_64_1e-05_1e-17_0.5_4_8_16_0.5_128_0.0_unet-att_day08.h5

Epoch 29: val_loss improved from 0.00007 to 0.00006, saving model to /p/project1/cesmtst/patakchiyousefi1/HPT/mse_64_0.01_1e-17_0.5_4_8_16_0.5_128_0.0_unet-att_day08.h5

Epoch 20: val_loss did not improve from 0.00005

Epoch 32: val_loss improved from 0.00011 to 0.00010, saving model to /p/project1/cesmtst/patakchiyousefi1/HPT/mse_64_0.0001_1e-17_0.5_4_8_16_0.5_128_0.0_unet-att_day08.h5

Epoch 11: val_loss did not improve from 0.00588

Epoch 19: val_loss did not improve from 0.00005

Epoch 18: val_loss did not improve from 0.00007

Epoch 32: val_loss improved from 0.00006 to 0.00006, saving model to /p/project1/cesmtst/patakchiyousefi1/HPT/mse_64_0.001_1e-17_0.5_4_8_16_0.5_128_0.0_unet-att_day08.h5

Epoch 33: val_loss improved from 0.01919 to 0.01877, saving model to /p/project1/cesmtst/patakchiyousefi1/HPT/mse_64_1e-05_1e-17_0.5_4_8_16_0.5_128_0.0_unet-att_day08.h5

Epoch 10: val_loss did not improve from 0.00100

Epoch 30: val_loss improved from 0.00006 to 0.00006, saving model to /p/project1/cesmtst/patakchiyousefi1/HPT/mse_64_0.01_1e-17_0.5_4_8_16_0.5_128_0.0_unet-att_day08.h5

Epoch 33: val_loss improved from 0.00010 to 0.00010, saving model to /p/project1/cesmtst/patakchiyousefi1/HPT/mse_64_0.0001_1e-17_0.5_4_8_16_0.5_128_0.0_unet-att_day08.h5

Epoch 18: val_loss improved from 0.00116 to 0.00088, saving model to /p/project1/cesmtst/patakchiyousefi1/HPT/mse_64_1e-05_1e-17_0.5_4_4_16_0.5_128_0.0_unet-att_day08.h5

Epoch 21: val_loss improved from 0.00005 to 0.00005, saving model to /p/project1/cesmtst/patakchiyousefi1/HPT/mse_64_0.0001_1e-17_0.5_4_4_16_0.5_128_0.0_unet-att_day08.h5

Epoch 33: val_loss improved from 0.00006 to 0.00006, saving model to /p/project1/cesmtst/patakchiyousefi1/HPT/mse_64_0.001_1e-17_0.5_4_8_16_0.5_128_0.0_unet-att_day08.h5

Epoch 34: val_loss improved from 0.01877 to 0.01850, saving model to /p/project1/cesmtst/patakchiyousefi1/HPT/mse_64_1e-05_1e-17_0.5_4_8_16_0.5_128_0.0_unet-att_day08.h5

Epoch 12: val_loss improved from 0.00726 to 0.00538, saving model to /p/project1/cesmtst/patakchiyousefi1/HPT/mse_64_1e-05_1e-17_0.5_4_2_16_0.5_128_0.0_unet-att_day08.h5

Epoch 20: val_loss did not improve from 0.00005

Epoch 31: val_loss improved from 0.00006 to 0.00006, saving model to /p/project1/cesmtst/patakchiyousefi1/HPT/mse_64_0.01_1e-17_0.5_4_8_16_0.5_128_0.0_unet-att_day08.h5

Epoch 34: val_loss improved from 0.00010 to 0.00009, saving model to /p/project1/cesmtst/patakchiyousefi1/HPT/mse_64_0.0001_1e-17_0.5_4_8_16_0.5_128_0.0_unet-att_day08.h5

Epoch 12: val_loss did not improve from 0.00006

Epoch 34: val_loss improved from 0.00006 to 0.00006, saving model to /p/project1/cesmtst/patakchiyousefi1/HPT/mse_64_0.001_1e-17_0.5_4_8_16_0.5_128_0.0_unet-att_day08.h5

Epoch 32: val_loss did not improve from 0.00006

Epoch 19: val_loss improved from 0.00088 to 0.00079, saving model to /p/project1/cesmtst/patakchiyousefi1/HPT/mse_64_1e-05_1e-17_0.5_4_4_16_0.5_128_0.0_unet-att_day08.h5

Epoch 35: val_loss improved from 0.00009 to 0.00008, saving model to /p/project1/cesmtst/patakchiyousefi1/HPT/mse_64_0.0001_1e-17_0.5_4_8_16_0.5_128_0.0_unet-att_day08.h5

Epoch 19: val_loss did not improve from 0.00007

Epoch 35: val_loss improved from 0.01850 to 0.01799, saving model to /p/project1/cesmtst/patakchiyousefi1/HPT/mse_64_1e-05_1e-17_0.5_4_8_16_0.5_128_0.0_unet-att_day08.h5

Epoch 22: val_loss did not improve from 0.00005

Epoch 21: val_loss did not improve from 0.00005

Epoch 35: val_loss improved from 0.00006 to 0.00006, saving model to /p/project1/cesmtst/patakchiyousefi1/HPT/mse_64_0.001_1e-17_0.5_4_8_16_0.5_128_0.0_unet-att_day08.h5

Epoch 11: val_loss did not improve from 0.00100

Epoch 6: val_loss did not improve from 0.21308

Epoch 33: val_loss did not improve from 0.00006

Epoch 36: val_loss improved from 0.00008 to 0.00008, saving model to /p/project1/cesmtst/patakchiyousefi1/HPT/mse_64_0.0001_1e-17_0.5_4_8_16_0.5_128_0.0_unet-att_day08.h5

Epoch 36: val_loss improved from 0.01799 to 0.01785, saving model to /p/project1/cesmtst/patakchiyousefi1/HPT/mse_64_1e-05_1e-17_0.5_4_8_16_0.5_128_0.0_unet-att_day08.h5

Epoch 7: val_loss improved from 0.00006 to 0.00006, saving model to /p/project1/cesmtst/patakchiyousefi1/HPT/mse_64_0.001_1e-17_0.5_4_1_16_0.5_128_0.0_unet-att_day08.h5

Epoch 6: val_loss improved from 0.17808 to 0.16688, saving model to /p/project1/cesmtst/patakchiyousefi1/HPT/mse_64_1e-05_1e-17_0.5_4_1_16_0.5_128_0.0_unet-att_day08.h5

Epoch 6: val_loss did not improve from 0.00007

Epoch 36: val_loss did not improve from 0.00006

Epoch 20: val_loss improved from 0.00079 to 0.00075, saving model to /p/project1/cesmtst/patakchiyousefi1/HPT/mse_64_1e-05_1e-17_0.5_4_4_16_0.5_128_0.0_unet-att_day08.h5

Epoch 13: val_loss improved from 0.00538 to 0.00389, saving model to /p/project1/cesmtst/patakchiyousefi1/HPT/mse_64_1e-05_1e-17_0.5_4_2_16_0.5_128_0.0_unet-att_day08.h5

Epoch 34: val_loss did not improve from 0.00006

Epoch 23: val_loss did not improve from 0.00005

Epoch 37: val_loss improved from 0.00008 to 0.00008, saving model to /p/project1/cesmtst/patakchiyousefi1/HPT/mse_64_0.0001_1e-17_0.5_4_8_16_0.5_128_0.0_unet-att_day08.h5

Epoch 37: val_loss improved from 0.01785 to 0.01726, saving model to /p/project1/cesmtst/patakchiyousefi1/HPT/mse_64_1e-05_1e-17_0.5_4_8_16_0.5_128_0.0_unet-att_day08.h5

Epoch 13: val_loss improved from 0.00006 to 0.00005, saving model to /p/project1/cesmtst/patakchiyousefi1/HPT/mse_64_0.001_1e-17_0.5_4_2_16_0.5_128_0.0_unet-att_day08.h5

Epoch 22: val_loss improved from 0.00005 to 0.00005, saving model to /p/project1/cesmtst/patakchiyousefi1/HPT/mse_64_0.001_1e-17_0.5_4_4_16_0.5_128_0.0_unet-att_day08.h5

Epoch 12: val_loss did not improve from 0.00588

Epoch 20: val_loss improved from 0.00007 to 0.00006, saving model to /p/project1/cesmtst/patakchiyousefi1/HPT/mse_64_0.01_1e-17_0.5_4_4_16_0.5_128_0.0_unet-att_day08.h5

Epoch 37: val_loss did not improve from 0.00006

Epoch 35: val_loss did not improve from 0.00006

Epoch 38: val_loss did not improve from 0.01726

Epoch 38: val_loss improved from 0.00008 to 0.00008, saving model to /p/project1/cesmtst/patakchiyousefi1/HPT/mse_64_0.0001_1e-17_0.5_4_8_16_0.5_128_0.0_unet-att_day08.h5

Epoch 21: val_loss improved from 0.00075 to 0.00071, saving model to /p/project1/cesmtst/patakchiyousefi1/HPT/mse_64_1e-05_1e-17_0.5_4_4_16_0.5_128_0.0_unet-att_day08.h5

Epoch 24: val_loss did not improve from 0.00005

Epoch 38: val_loss did not improve from 0.00006

Epoch 12: val_loss did not improve from 0.00100

Epoch 36: val_loss did not improve from 0.00006

Epoch 23: val_loss improved from 0.00005 to 0.00005, saving model to /p/project1/cesmtst/patakchiyousefi1/HPT/mse_64_0.001_1e-17_0.5_4_4_16_0.5_128_0.0_unet-att_day08.h5

Epoch 39: val_loss improved from 0.00008 to 0.00007, saving model to /p/project1/cesmtst/patakchiyousefi1/HPT/mse_64_0.0001_1e-17_0.5_4_8_16_0.5_128_0.0_unet-att_day08.h5

Epoch 39: val_loss improved from 0.01726 to 0.01651, saving model to /p/project1/cesmtst/patakchiyousefi1/HPT/mse_64_1e-05_1e-17_0.5_4_8_16_0.5_128_0.0_unet-att_day08.h5

Epoch 39: val_loss did not improve from 0.00006

Epoch 37: val_loss did not improve from 0.00006

Epoch 14: val_loss improved from 0.00005 to 0.00005, saving model to /p/project1/cesmtst/patakchiyousefi1/HPT/mse_64_0.001_1e-17_0.5_4_2_16_0.5_128_0.0_unet-att_day08.h5

Epoch 22: val_loss did not improve from 0.00071

Epoch 40: val_loss improved from 0.00007 to 0.00007, saving model to /p/project1/cesmtst/patakchiyousefi1/HPT/mse_64_0.0001_1e-17_0.5_4_8_16_0.5_128_0.0_unet-att_day08.h5

Epoch 40: val_loss did not improve from 0.01651

Epoch 25: val_loss did not improve from 0.00005

Epoch 21: val_loss improved from 0.00006 to 0.00006, saving model to /p/project1/cesmtst/patakchiyousefi1/HPT/mse_64_0.01_1e-17_0.5_4_4_16_0.5_128_0.0_unet-att_day08.h5

Epoch 13: val_loss did not improve from 0.00588

Epoch 24: val_loss did not improve from 0.00005

Epoch 40: val_loss improved from 0.00006 to 0.00006, saving model to /p/project1/cesmtst/patakchiyousefi1/HPT/mse_64_0.001_1e-17_0.5_4_8_16_0.5_128_0.0_unet-att_day08.h5

Epoch 38: val_loss did not improve from 0.00006

Epoch 7: val_loss did not improve from 0.21308

Epoch 41: val_loss improved from 0.00007 to 0.00007, saving model to /p/project1/cesmtst/patakchiyousefi1/HPT/mse_64_0.0001_1e-17_0.5_4_8_16_0.5_128_0.0_unet-att_day08.h5

Epoch 41: val_loss improved from 0.01651 to 0.01589, saving model to /p/project1/cesmtst/patakchiyousefi1/HPT/mse_64_1e-05_1e-17_0.5_4_8_16_0.5_128_0.0_unet-att_day08.h5

Epoch 8: val_loss improved from 0.00006 to 0.00006, saving model to /p/project1/cesmtst/patakchiyousefi1/HPT/mse_64_0.001_1e-17_0.5_4_1_16_0.5_128_0.0_unet-att_day08.h5

Epoch 13: val_loss did not improve from 0.00100

Epoch 7: val_loss improved from 0.16688 to 0.15230, saving model to /p/project1/cesmtst/patakchiyousefi1/HPT/mse_64_1e-05_1e-17_0.5_4_1_16_0.5_128_0.0_unet-att_day08.h5

Epoch 23: val_loss improved from 0.00071 to 0.00070, saving model to /p/project1/cesmtst/patakchiyousefi1/HPT/mse_64_1e-05_1e-17_0.5_4_4_16_0.5_128_0.0_unet-att_day08.h5

Epoch 41: val_loss did not improve from 0.00006

Epoch 7: val_loss did not improve from 0.00007

Epoch 26: val_loss did not improve from 0.00005

Epoch 39: val_loss did not improve from 0.00006

Epoch 14: val_loss improved from 0.00389 to 0.00321, saving model to /p/project1/cesmtst/patakchiyousefi1/HPT/mse_64_1e-05_1e-17_0.5_4_2_16_0.5_128_0.0_unet-att_day08.h5

Epoch 22: val_loss improved from 0.00006 to 0.00006, saving model to /p/project1/cesmtst/patakchiyousefi1/HPT/mse_64_0.01_1e-17_0.5_4_4_16_0.5_128_0.0_unet-att_day08.h5

Epoch 42: val_loss improved from 0.00007 to 0.00006, saving model to /p/project1/cesmtst/patakchiyousefi1/HPT/mse_64_0.0001_1e-17_0.5_4_8_16_0.5_128_0.0_unet-att_day08.h5

Epoch 25: val_loss did not improve from 0.00005

Epoch 42: val_loss did not improve from 0.01589

Epoch 42: val_loss did not improve from 0.00006

Epoch 40: val_loss did not improve from 0.00006

Epoch 15: val_loss did not improve from 0.00005

Epoch 43: val_loss improved from 0.00006 to 0.00006, saving model to /p/project1/cesmtst/patakchiyousefi1/HPT/mse_64_0.0001_1e-17_0.5_4_8_16_0.5_128_0.0_unet-att_day08.h5

Epoch 24: val_loss did not improve from 0.00070

Epoch 43: val_loss improved from 0.01589 to 0.01554, saving model to /p/project1/cesmtst/patakchiyousefi1/HPT/mse_64_1e-05_1e-17_0.5_4_8_16_0.5_128_0.0_unet-att_day08.h5

Epoch 27: val_loss did not improve from 0.00005

Epoch 43: val_loss did not improve from 0.00006

Epoch 23: val_loss improved from 0.00006 to 0.00006, saving model to /p/project1/cesmtst/patakchiyousefi1/HPT/mse_64_0.01_1e-17_0.5_4_4_16_0.5_128_0.0_unet-att_day08.h5

Epoch 26: val_loss did not improve from 0.00005

Epoch 41: val_loss did not improve from 0.00006

Epoch 44: val_loss improved from 0.00006 to 0.00006, saving model to /p/project1/cesmtst/patakchiyousefi1/HPT/mse_64_0.0001_1e-17_0.5_4_8_16_0.5_128_0.0_unet-att_day08.h5

Epoch 14: val_loss did not improve from 0.00100

Epoch 44: val_loss did not improve from 0.01554

Epoch 44: val_loss did not improve from 0.00006

Epoch 42: val_loss did not improve from 0.00006

Epoch 25: val_loss did not improve from 0.00070

Epoch 45: val_loss improved from 0.00006 to 0.00006, saving model to /p/project1/cesmtst/patakchiyousefi1/HPT/mse_64_0.0001_1e-17_0.5_4_8_16_0.5_128_0.0_unet-att_day08.h5

Epoch 28: val_loss did not improve from 0.00005

Epoch 24: val_loss did not improve from 0.00006

Epoch 45: val_loss improved from 0.01554 to 0.01519, saving model to /p/project1/cesmtst/patakchiyousefi1/HPT/mse_64_1e-05_1e-17_0.5_4_8_16_0.5_128_0.0_unet-att_day08.h5

Epoch 14: val_loss did not improve from 0.00588

Epoch 27: val_loss did not improve from 0.00005

Epoch 45: val_loss did not improve from 0.00006

Epoch 16: val_loss did not improve from 0.00005

Epoch 43: val_loss did not improve from 0.00006

Epoch 46: val_loss improved from 0.00006 to 0.00006, saving model to /p/project1/cesmtst/patakchiyousefi1/HPT/mse_64_0.0001_1e-17_0.5_4_8_16_0.5_128_0.0_unet-att_day08.h5

Epoch 46: val_loss did not improve from 0.01519

Epoch 8: val_loss did not improve from 0.21308

Epoch 26: val_loss did not improve from 0.00070

Epoch 46: val_loss did not improve from 0.00006

Epoch 9: val_loss improved from 0.00006 to 0.00006, saving model to /p/project1/cesmtst/patakchiyousefi1/HPT/mse_64_0.001_1e-17_0.5_4_1_16_0.5_128_0.0_unet-att_day08.h5

Epoch 8: val_loss improved from 0.15230 to 0.12829, saving model to /p/project1/cesmtst/patakchiyousefi1/HPT/mse_64_1e-05_1e-17_0.5_4_1_16_0.5_128_0.0_unet-att_day08.h5

Epoch 29: val_loss did not improve from 0.00005

Epoch 44: val_loss did not improve from 0.00006

Epoch 25: val_loss did not improve from 0.00006

Epoch 8: val_loss improved from 0.00007 to 0.00006, saving model to /p/project1/cesmtst/patakchiyousefi1/HPT/mse_64_0.0001_1e-17_0.5_4_1_16_0.5_128_0.0_unet-att_day08.h5

Epoch 28: val_loss did not improve from 0.00005

Epoch 15: val_loss improved from 0.00321 to 0.00279, saving model to /p/project1/cesmtst/patakchiyousefi1/HPT/mse_64_1e-05_1e-17_0.5_4_2_16_0.5_128_0.0_unet-att_day08.h5

Epoch 47: val_loss improved from 0.00006 to 0.00006, saving model to /p/project1/cesmtst/patakchiyousefi1/HPT/mse_64_0.0001_1e-17_0.5_4_8_16_0.5_128_0.0_unet-att_day08.h5

Epoch 47: val_loss did not improve from 0.00006

Epoch 47: val_loss improved from 0.01519 to 0.01485, saving model to /p/project1/cesmtst/patakchiyousefi1/HPT/mse_64_1e-05_1e-17_0.5_4_8_16_0.5_128_0.0_unet-att_day08.h5

Epoch 45: val_loss did not improve from 0.00006

Epoch 27: val_loss did not improve from 0.00070

Epoch 15: val_loss did not improve from 0.00588

Epoch 30: val_loss improved from 0.00005 to 0.00005, saving model to /p/project1/cesmtst/patakchiyousefi1/HPT/mse_64_0.0001_1e-17_0.5_4_4_16_0.5_128_0.0_unet-att_day08.h5

Epoch 26: val_loss did not improve from 0.00006

Epoch 48: val_loss did not improve from 0.00006

Epoch 29: val_loss did not improve from 0.00005

Epoch 46: val_loss did not improve from 0.00006

Epoch 15: val_loss did not improve from 0.00100

Epoch 47: val_loss did not improve from 0.00006

Epoch 49: val_loss improved from 0.00006 to 0.00005, saving model to /p/project1/cesmtst/patakchiyousefi1/HPT/mse_64_0.001_1e-17_0.5_4_8_16_0.5_128_0.0_unet-att_day08.h5

Epoch 28: val_loss did not improve from 0.00070

Epoch 16: val_loss improved from 0.00279 to 0.00246, saving model to /p/project1/cesmtst/patakchiyousefi1/HPT/mse_64_1e-05_1e-17_0.5_4_2_16_0.5_128_0.0_unet-att_day08.h5

Epoch 27: val_loss improved from 0.00006 to 0.00005, saving model to /p/project1/cesmtst/patakchiyousefi1/HPT/mse_64_0.01_1e-17_0.5_4_4_16_0.5_128_0.0_unet-att_day08.h5

Epoch 30: val_loss did not improve from 0.00005

Epoch 17: val_loss improved from 0.00005 to 0.00005, saving model to /p/project1/cesmtst/patakchiyousefi1/HPT/mse_64_0.001_1e-17_0.5_4_2_16_0.5_128_0.0_unet-att_day08.h5

Epoch 16: val_loss did not improve from 0.00588
Saving and plotting the results...

Epoch 29: val_loss did not improve from 0.00070

Epoch 9: val_loss did not improve from 0.21308

Epoch 9: val_loss improved from 0.12829 to 0.08698, saving model to /p/project1/cesmtst/patakchiyousefi1/HPT/mse_64_1e-05_1e-17_0.5_4_1_16_0.5_128_0.0_unet-att_day08.h5

Epoch 10: val_loss did not improve from 0.00006

Epoch 31: val_loss did not improve from 0.00005

Epoch 9: val_loss improved from 0.00006 to 0.00006, saving model to /p/project1/cesmtst/patakchiyousefi1/HPT/mse_64_0.0001_1e-17_0.5_4_1_16_0.5_128_0.0_unet-att_day08.h5

Epoch 48: val_loss did not improve from 0.01485

Epoch 50: val_loss improved from 0.00005 to 0.00005, saving model to /p/project1/cesmtst/patakchiyousefi1/HPT/mse_64_0.001_1e-17_0.5_4_8_16_0.5_128_0.0_unet-att_day08.h5

Epoch 48: val_loss improved from 0.00006 to 0.00006, saving model to /p/project1/cesmtst/patakchiyousefi1/HPT/mse_64_0.0001_1e-17_0.5_4_8_16_0.5_128_0.0_unet-att_day08.h5

Epoch 30: val_loss did not improve from 0.00070

Epoch 28: val_loss improved from 0.00005 to 0.00005, saving model to /p/project1/cesmtst/patakchiyousefi1/HPT/mse_64_0.01_1e-17_0.5_4_4_16_0.5_128_0.0_unet-att_day08.h5

Epoch 31: val_loss improved from 0.00005 to 0.00005, saving model to /p/project1/cesmtst/patakchiyousefi1/HPT/mse_64_0.0001_1e-17_0.5_4_4_16_0.5_128_0.0_unet-att_day08.h5

Epoch 51: val_loss did not improve from 0.00005

Epoch 49: val_loss improved from 0.01485 to 0.01455, saving model to /p/project1/cesmtst/patakchiyousefi1/HPT/mse_64_1e-05_1e-17_0.5_4_8_16_0.5_128_0.0_unet-att_day08.h5

Epoch 49: val_loss did not improve from 0.00006

Epoch 32: val_loss did not improve from 0.00005

Epoch 17: val_loss did not improve from 0.00588

Epoch 17: val_loss improved from 0.00246 to 0.00225, saving model to /p/project1/cesmtst/patakchiyousefi1/HPT/mse_64_1e-05_1e-17_0.5_4_2_16_0.5_128_0.0_unet-att_day08.h5

Epoch 50: val_loss did not improve from 0.01455

Epoch 50: val_loss did not improve from 0.00006

Epoch 18: val_loss did not improve from 0.00005

Epoch 16: val_loss did not improve from 0.00100

Epoch 31: val_loss did not improve from 0.00070

Epoch 52: val_loss did not improve from 0.00005

Epoch 32: val_loss improved from 0.00005 to 0.00005, saving model to /p/project1/cesmtst/patakchiyousefi1/HPT/mse_64_0.0001_1e-17_0.5_4_4_16_0.5_128_0.0_unet-att_day08.h5

Epoch 51: val_loss improved from 0.01455 to 0.01423, saving model to /p/project1/cesmtst/patakchiyousefi1/HPT/mse_64_1e-05_1e-17_0.5_4_8_16_0.5_128_0.0_unet-att_day08.h5

Epoch 33: val_loss did not improve from 0.00005

Epoch 29: val_loss improved from 0.00005 to 0.00005, saving model to /p/project1/cesmtst/patakchiyousefi1/HPT/mse_64_0.01_1e-17_0.5_4_4_16_0.5_128_0.0_unet-att_day08.h5

Epoch 51: val_loss did not improve from 0.00006

Epoch 53: val_loss did not improve from 0.00005

Epoch 52: val_loss did not improve from 0.01423

Epoch 33: val_loss did not improve from 0.00005

Epoch 18: val_loss did not improve from 0.00588

Epoch 10: val_loss did not improve from 0.21308

Epoch 54: val_loss did not improve from 0.00005

Epoch 52: val_loss improved from 0.00006 to 0.00005, saving model to /p/project1/cesmtst/patakchiyousefi1/HPT/mse_64_0.0001_1e-17_0.5_4_8_16_0.5_128_0.0_unet-att_day08.h5

Epoch 34: val_loss did not improve from 0.00005

Epoch 11: val_loss improved from 0.00006 to 0.00005, saving model to /p/project1/cesmtst/patakchiyousefi1/HPT/mse_64_0.001_1e-17_0.5_4_1_16_0.5_128_0.0_unet-att_day08.h5

Epoch 32: val_loss did not improve from 0.00070

Epoch 30: val_loss did not improve from 0.00005

Epoch 18: val_loss improved from 0.00225 to 0.00189, saving model to /p/project1/cesmtst/patakchiyousefi1/HPT/mse_64_1e-05_1e-17_0.5_4_2_16_0.5_128_0.0_unet-att_day08.h5

Epoch 53: val_loss improved from 0.01423 to 0.01396, saving model to /p/project1/cesmtst/patakchiyousefi1/HPT/mse_64_1e-05_1e-17_0.5_4_8_16_0.5_128_0.0_unet-att_day08.h5

Epoch 19: val_loss did not improve from 0.00005

Epoch 17: val_loss did not improve from 0.00100

Epoch 10: val_loss improved from 0.00006 to 0.00006, saving model to /p/project1/cesmtst/patakchiyousefi1/HPT/mse_64_0.0001_1e-17_0.5_4_1_16_0.5_128_0.0_unet-att_day08.h5

Epoch 34: val_loss improved from 0.00005 to 0.00005, saving model to /p/project1/cesmtst/patakchiyousefi1/HPT/mse_64_0.0001_1e-17_0.5_4_4_16_0.5_128_0.0_unet-att_day08.h5

Epoch 55: val_loss did not improve from 0.00005

Epoch 54: val_loss did not improve from 0.01396

Epoch 53: val_loss did not improve from 0.00005

Epoch 35: val_loss did not improve from 0.00005

Epoch 33: val_loss did not improve from 0.00070

Epoch 31: val_loss did not improve from 0.00005

Epoch 56: val_loss did not improve from 0.00005

Epoch 55: val_loss improved from 0.01396 to 0.01370, saving model to /p/project1/cesmtst/patakchiyousefi1/HPT/mse_64_1e-05_1e-17_0.5_4_8_16_0.5_128_0.0_unet-att_day08.h5

Epoch 54: val_loss did not improve from 0.00005

Epoch 35: val_loss did not improve from 0.00005

Epoch 20: val_loss improved from 0.00005 to 0.00005, saving model to /p/project1/cesmtst/patakchiyousefi1/HPT/mse_64_0.001_1e-17_0.5_4_2_16_0.5_128_0.0_unet-att_day08.h5

Epoch 18: val_loss did not improve from 0.00100

Epoch 19: val_loss improved from 0.00189 to 0.00159, saving model to /p/project1/cesmtst/patakchiyousefi1/HPT/mse_64_1e-05_1e-17_0.5_4_2_16_0.5_128_0.0_unet-att_day08.h5

Epoch 56: val_loss did not improve from 0.01370

Epoch 55: val_loss did not improve from 0.00005

Epoch 57: val_loss did not improve from 0.00005

Epoch 36: val_loss did not improve from 0.00005

Epoch 34: val_loss did not improve from 0.00070

Epoch 32: val_loss did not improve from 0.00005

Epoch 10: val_loss improved from 0.08698 to 0.06198, saving model to /p/project1/cesmtst/patakchiyousefi1/HPT/mse_64_1e-05_1e-17_0.5_4_1_16_0.5_128_0.0_unet-att_day08.h5

Epoch 56: val_loss improved from 0.00005 to 0.00005, saving model to /p/project1/cesmtst/patakchiyousefi1/HPT/mse_64_0.0001_1e-17_0.5_4_8_16_0.5_128_0.0_unet-att_day08.h5

Epoch 58: val_loss did not improve from 0.00005

Epoch 36: val_loss did not improve from 0.00005

Epoch 57: val_loss improved from 0.01370 to 0.01348, saving model to /p/project1/cesmtst/patakchiyousefi1/HPT/mse_64_1e-05_1e-17_0.5_4_8_16_0.5_128_0.0_unet-att_day08.h5

Epoch 19: val_loss did not improve from 0.00588

Epoch 37: val_loss did not improve from 0.00005

Epoch 35: val_loss did not improve from 0.00070

Epoch 11: val_loss did not improve from 0.21308

Epoch 33: val_loss did not improve from 0.00005

Epoch 59: val_loss did not improve from 0.00005

Epoch 57: val_loss improved from 0.00005 to 0.00005, saving model to /p/project1/cesmtst/patakchiyousefi1/HPT/mse_64_0.0001_1e-17_0.5_4_8_16_0.5_128_0.0_unet-att_day08.h5

Epoch 58: val_loss improved from 0.01348 to 0.01347, saving model to /p/project1/cesmtst/patakchiyousefi1/HPT/mse_64_1e-05_1e-17_0.5_4_8_16_0.5_128_0.0_unet-att_day08.h5

Epoch 12: val_loss improved from 0.00005 to 0.00005, saving model to /p/project1/cesmtst/patakchiyousefi1/HPT/mse_64_0.001_1e-17_0.5_4_1_16_0.5_128_0.0_unet-att_day08.h5

Epoch 11: val_loss did not improve from 0.00006

Epoch 21: val_loss improved from 0.00005 to 0.00005, saving model to /p/project1/cesmtst/patakchiyousefi1/HPT/mse_64_0.001_1e-17_0.5_4_2_16_0.5_128_0.0_unet-att_day08.h5

Epoch 19: val_loss did not improve from 0.00100

Epoch 20: val_loss improved from 0.00159 to 0.00120, saving model to /p/project1/cesmtst/patakchiyousefi1/HPT/mse_64_1e-05_1e-17_0.5_4_2_16_0.5_128_0.0_unet-att_day08.h5

Epoch 60: val_loss did not improve from 0.00005

Epoch 58: val_loss improved from 0.00005 to 0.00005, saving model to /p/project1/cesmtst/patakchiyousefi1/HPT/mse_64_0.0001_1e-17_0.5_4_8_16_0.5_128_0.0_unet-att_day08.h5

Epoch 59: val_loss improved from 0.01347 to 0.01321, saving model to /p/project1/cesmtst/patakchiyousefi1/HPT/mse_64_1e-05_1e-17_0.5_4_8_16_0.5_128_0.0_unet-att_day08.h5

Epoch 38: val_loss did not improve from 0.00005

Epoch 34: val_loss did not improve from 0.00005

Epoch 37: val_loss did not improve from 0.00005

Epoch 61: val_loss did not improve from 0.00005

Epoch 59: val_loss did not improve from 0.00005

Epoch 60: val_loss improved from 0.01321 to 0.01317, saving model to /p/project1/cesmtst/patakchiyousefi1/HPT/mse_64_1e-05_1e-17_0.5_4_8_16_0.5_128_0.0_unet-att_day08.h5

Epoch 20: val_loss did not improve from 0.00588

Epoch 36: val_loss did not improve from 0.00070

Epoch 62: val_loss did not improve from 0.00005

Epoch 39: val_loss did not improve from 0.00005
Saving and plotting the results...

Epoch 61: val_loss improved from 0.01317 to 0.01296, saving model to /p/project1/cesmtst/patakchiyousefi1/HPT/mse_64_1e-05_1e-17_0.5_4_8_16_0.5_128_0.0_unet-att_day08.h5

Epoch 60: val_loss improved from 0.00005 to 0.00005, saving model to /p/project1/cesmtst/patakchiyousefi1/HPT/mse_64_0.0001_1e-17_0.5_4_8_16_0.5_128_0.0_unet-att_day08.h5

Epoch 35: val_loss improved from 0.00005 to 0.00005, saving model to /p/project1/cesmtst/patakchiyousefi1/HPT/mse_64_0.01_1e-17_0.5_4_4_16_0.5_128_0.0_unet-att_day08.h5

Epoch 38: val_loss did not improve from 0.00005

Epoch 20: val_loss did not improve from 0.00100
Saving and plotting the results...

Epoch 22: val_loss did not improve from 0.00005

Epoch 11: val_loss improved from 0.06198 to 0.04677, saving model to /p/project1/cesmtst/patakchiyousefi1/HPT/mse_64_1e-05_1e-17_0.5_4_1_16_0.5_128_0.0_unet-att_day08.h5

Epoch 63: val_loss did not improve from 0.00005

Epoch 21: val_loss improved from 0.00120 to 0.00089, saving model to /p/project1/cesmtst/patakchiyousefi1/HPT/mse_64_1e-05_1e-17_0.5_4_2_16_0.5_128_0.0_unet-att_day08.h5

Epoch 37: val_loss did not improve from 0.00070

Epoch 62: val_loss improved from 0.01296 to 0.01294, saving model to /p/project1/cesmtst/patakchiyousefi1/HPT/mse_64_1e-05_1e-17_0.5_4_8_16_0.5_128_0.0_unet-att_day08.h5

Epoch 61: val_loss did not improve from 0.00005

Epoch 36: val_loss improved from 0.00005 to 0.00005, saving model to /p/project1/cesmtst/patakchiyousefi1/HPT/mse_64_0.01_1e-17_0.5_4_4_16_0.5_128_0.0_unet-att_day08.h5

Epoch 39: val_loss did not improve from 0.00005

Epoch 62: val_loss did not improve from 0.00005

Epoch 63: val_loss improved from 0.01294 to 0.01272, saving model to /p/project1/cesmtst/patakchiyousefi1/HPT/mse_64_1e-05_1e-17_0.5_4_8_16_0.5_128_0.0_unet-att_day08.h5

Epoch 21: val_loss did not improve from 0.00588
Saving and plotting the results...

Epoch 12: val_loss did not improve from 0.21308

Epoch 64: val_loss did not improve from 0.00005

Epoch 13: val_loss did not improve from 0.00005

Epoch 38: val_loss did not improve from 0.00070

Epoch 64: val_loss did not improve from 0.01272

Epoch 63: val_loss improved from 0.00005 to 0.00005, saving model to /p/project1/cesmtst/patakchiyousefi1/HPT/mse_64_0.0001_1e-17_0.5_4_8_16_0.5_128_0.0_unet-att_day08.h5

Epoch 65: val_loss did not improve from 0.00005

Epoch 37: val_loss improved from 0.00005 to 0.00005, saving model to /p/project1/cesmtst/patakchiyousefi1/HPT/mse_64_0.01_1e-17_0.5_4_4_16_0.5_128_0.0_unet-att_day08.h5

Epoch 23: val_loss did not improve from 0.00005

Epoch 40: val_loss did not improve from 0.00005

Epoch 22: val_loss improved from 0.00089 to 0.00061, saving model to /p/project1/cesmtst/patakchiyousefi1/HPT/mse_64_1e-05_1e-17_0.5_4_2_16_0.5_128_0.0_unet-att_day08.h5

Epoch 65: val_loss improved from 0.01272 to 0.01253, saving model to /p/project1/cesmtst/patakchiyousefi1/HPT/mse_64_1e-05_1e-17_0.5_4_8_16_0.5_128_0.0_unet-att_day08.h5

Epoch 64: val_loss did not improve from 0.00005

Epoch 66: val_loss did not improve from 0.00005
Saving and plotting the results...

Epoch 39: val_loss did not improve from 0.00070
Saving and plotting the results...

Epoch 66: val_loss improved from 0.01253 to 0.01252, saving model to /p/project1/cesmtst/patakchiyousefi1/HPT/mse_64_1e-05_1e-17_0.5_4_8_16_0.5_128_0.0_unet-att_day08.h5

Epoch 65: val_loss improved from 0.00005 to 0.00005, saving model to /p/project1/cesmtst/patakchiyousefi1/HPT/mse_64_0.0001_1e-17_0.5_4_8_16_0.5_128_0.0_unet-att_day08.h5

Epoch 38: val_loss improved from 0.00005 to 0.00005, saving model to /p/project1/cesmtst/patakchiyousefi1/HPT/mse_64_0.01_1e-17_0.5_4_4_16_0.5_128_0.0_unet-att_day08.h5

Epoch 41: val_loss did not improve from 0.00005

Epoch 12: val_loss improved from 0.04677 to 0.03723, saving model to /p/project1/cesmtst/patakchiyousefi1/HPT/mse_64_1e-05_1e-17_0.5_4_1_16_0.5_128_0.0_unet-att_day08.h5

Epoch 66: val_loss improved from 0.00005 to 0.00005, saving model to /p/project1/cesmtst/patakchiyousefi1/HPT/mse_64_0.0001_1e-17_0.5_4_8_16_0.5_128_0.0_unet-att_day08.h5

Epoch 67: val_loss improved from 0.01252 to 0.01232, saving model to /p/project1/cesmtst/patakchiyousefi1/HPT/mse_64_1e-05_1e-17_0.5_4_8_16_0.5_128_0.0_unet-att_day08.h5

Epoch 24: val_loss improved from 0.00005 to 0.00005, saving model to /p/project1/cesmtst/patakchiyousefi1/HPT/mse_64_0.001_1e-17_0.5_4_2_16_0.5_128_0.0_unet-att_day08.h5

Epoch 12: val_loss did not improve from 0.00006

Epoch 39: val_loss improved from 0.00005 to 0.00005, saving model to /p/project1/cesmtst/patakchiyousefi1/HPT/mse_64_0.01_1e-17_0.5_4_4_16_0.5_128_0.0_unet-att_day08.h5

Epoch 42: val_loss did not improve from 0.00005

Epoch 23: val_loss improved from 0.00061 to 0.00054, saving model to /p/project1/cesmtst/patakchiyousefi1/HPT/mse_64_1e-05_1e-17_0.5_4_2_16_0.5_128_0.0_unet-att_day08.h5

Epoch 67: val_loss improved from 0.00005 to 0.00005, saving model to /p/project1/cesmtst/patakchiyousefi1/HPT/mse_64_0.0001_1e-17_0.5_4_8_16_0.5_128_0.0_unet-att_day08.h5

Epoch 14: val_loss improved from 0.00005 to 0.00005, saving model to /p/project1/cesmtst/patakchiyousefi1/HPT/mse_64_0.001_1e-17_0.5_4_1_16_0.5_128_0.0_unet-att_day08.h5

Epoch 68: val_loss improved from 0.01232 to 0.01231, saving model to /p/project1/cesmtst/patakchiyousefi1/HPT/mse_64_1e-05_1e-17_0.5_4_8_16_0.5_128_0.0_unet-att_day08.h5

Epoch 68: val_loss did not improve from 0.00005

Epoch 40: val_loss improved from 0.00005 to 0.00005, saving model to /p/project1/cesmtst/patakchiyousefi1/HPT/mse_64_0.01_1e-17_0.5_4_4_16_0.5_128_0.0_unet-att_day08.h5

Epoch 43: val_loss did not improve from 0.00005

Epoch 69: val_loss improved from 0.01231 to 0.01213, saving model to /p/project1/cesmtst/patakchiyousefi1/HPT/mse_64_1e-05_1e-17_0.5_4_8_16_0.5_128_0.0_unet-att_day08.h5

Epoch 69: val_loss did not improve from 0.00005

Epoch 70: val_loss did not improve from 0.01213

Epoch 70: val_loss did not improve from 0.00005

Epoch 44: val_loss did not improve from 0.00005

Epoch 71: val_loss improved from 0.01213 to 0.01198, saving model to /p/project1/cesmtst/patakchiyousefi1/HPT/mse_64_1e-05_1e-17_0.5_4_8_16_0.5_128_0.0_unet-att_day08.h5

Epoch 71: val_loss did not improve from 0.00005

Epoch 41: val_loss improved from 0.00005 to 0.00005, saving model to /p/project1/cesmtst/patakchiyousefi1/HPT/mse_64_0.01_1e-17_0.5_4_4_16_0.5_128_0.0_unet-att_day08.h5

Epoch 13: val_loss did not improve from 0.21308

Epoch 13: val_loss improved from 0.03723 to 0.03118, saving model to /p/project1/cesmtst/patakchiyousefi1/HPT/mse_64_1e-05_1e-17_0.5_4_1_16_0.5_128_0.0_unet-att_day08.h5

Epoch 72: val_loss improved from 0.01198 to 0.01196, saving model to /p/project1/cesmtst/patakchiyousefi1/HPT/mse_64_1e-05_1e-17_0.5_4_8_16_0.5_128_0.0_unet-att_day08.h5

Epoch 25: val_loss did not improve from 0.00005

Epoch 13: val_loss did not improve from 0.00006

Epoch 72: val_loss did not improve from 0.00005

Epoch 24: val_loss did not improve from 0.00054

Epoch 73: val_loss improved from 0.01196 to 0.01181, saving model to /p/project1/cesmtst/patakchiyousefi1/HPT/mse_64_1e-05_1e-17_0.5_4_8_16_0.5_128_0.0_unet-att_day08.h5

Epoch 15: val_loss improved from 0.00005 to 0.00005, saving model to /p/project1/cesmtst/patakchiyousefi1/HPT/mse_64_0.001_1e-17_0.5_4_1_16_0.5_128_0.0_unet-att_day08.h5

Epoch 45: val_loss did not improve from 0.00005

Epoch 73: val_loss did not improve from 0.00005

Epoch 74: val_loss improved from 0.01181 to 0.01177, saving model to /p/project1/cesmtst/patakchiyousefi1/HPT/mse_64_1e-05_1e-17_0.5_4_8_16_0.5_128_0.0_unet-att_day08.h5

Epoch 42: val_loss did not improve from 0.00005

Epoch 74: val_loss did not improve from 0.00005

Epoch 75: val_loss improved from 0.01177 to 0.01164, saving model to /p/project1/cesmtst/patakchiyousefi1/HPT/mse_64_1e-05_1e-17_0.5_4_8_16_0.5_128_0.0_unet-att_day08.h5

Epoch 46: val_loss did not improve from 0.00005

Epoch 75: val_loss did not improve from 0.00005

Epoch 25: val_loss improved from 0.00054 to 0.00051, saving model to /p/project1/cesmtst/patakchiyousefi1/HPT/mse_64_1e-05_1e-17_0.5_4_2_16_0.5_128_0.0_unet-att_day08.h5

Epoch 43: val_loss did not improve from 0.00005

Epoch 76: val_loss improved from 0.01164 to 0.01160, saving model to /p/project1/cesmtst/patakchiyousefi1/HPT/mse_64_1e-05_1e-17_0.5_4_8_16_0.5_128_0.0_unet-att_day08.h5

Epoch 76: val_loss did not improve from 0.00005

Epoch 47: val_loss did not improve from 0.00005

Epoch 14: val_loss improved from 0.03118 to 0.02476, saving model to /p/project1/cesmtst/patakchiyousefi1/HPT/mse_64_1e-05_1e-17_0.5_4_1_16_0.5_128_0.0_unet-att_day08.h5

Epoch 77: val_loss improved from 0.01160 to 0.01149, saving model to /p/project1/cesmtst/patakchiyousefi1/HPT/mse_64_1e-05_1e-17_0.5_4_8_16_0.5_128_0.0_unet-att_day08.h5

Epoch 26: val_loss did not improve from 0.00005

Epoch 14: val_loss did not improve from 0.00006

Epoch 77: val_loss did not improve from 0.00005

Epoch 44: val_loss improved from 0.00005 to 0.00005, saving model to /p/project1/cesmtst/patakchiyousefi1/HPT/mse_64_0.01_1e-17_0.5_4_4_16_0.5_128_0.0_unet-att_day08.h5

Epoch 78: val_loss improved from 0.01149 to 0.01143, saving model to /p/project1/cesmtst/patakchiyousefi1/HPT/mse_64_1e-05_1e-17_0.5_4_8_16_0.5_128_0.0_unet-att_day08.h5

Epoch 78: val_loss did not improve from 0.00005

Epoch 26: val_loss did not improve from 0.00051

Epoch 16: val_loss did not improve from 0.00005

Epoch 48: val_loss did not improve from 0.00005

Epoch 79: val_loss improved from 0.01143 to 0.01133, saving model to /p/project1/cesmtst/patakchiyousefi1/HPT/mse_64_1e-05_1e-17_0.5_4_8_16_0.5_128_0.0_unet-att_day08.h5

Epoch 79: val_loss did not improve from 0.00005

Epoch 45: val_loss improved from 0.00005 to 0.00005, saving model to /p/project1/cesmtst/patakchiyousefi1/HPT/mse_64_0.01_1e-17_0.5_4_4_16_0.5_128_0.0_unet-att_day08.h5

Epoch 27: val_loss did not improve from 0.00005

Epoch 80: val_loss improved from 0.01133 to 0.01129, saving model to /p/project1/cesmtst/patakchiyousefi1/HPT/mse_64_1e-05_1e-17_0.5_4_8_16_0.5_128_0.0_unet-att_day08.h5

Epoch 14: val_loss did not improve from 0.21308

Epoch 49: val_loss did not improve from 0.00005

Epoch 80: val_loss did not improve from 0.00005

Epoch 81: val_loss improved from 0.01129 to 0.01119, saving model to /p/project1/cesmtst/patakchiyousefi1/HPT/mse_64_1e-05_1e-17_0.5_4_8_16_0.5_128_0.0_unet-att_day08.h5

Epoch 27: val_loss improved from 0.00051 to 0.00049, saving model to /p/project1/cesmtst/patakchiyousefi1/HPT/mse_64_1e-05_1e-17_0.5_4_2_16_0.5_128_0.0_unet-att_day08.h5

Epoch 46: val_loss improved from 0.00005 to 0.00005, saving model to /p/project1/cesmtst/patakchiyousefi1/HPT/mse_64_0.01_1e-17_0.5_4_4_16_0.5_128_0.0_unet-att_day08.h5

Epoch 82: val_loss improved from 0.01119 to 0.01115, saving model to /p/project1/cesmtst/patakchiyousefi1/HPT/mse_64_1e-05_1e-17_0.5_4_8_16_0.5_128_0.0_unet-att_day08.h5

Epoch 81: val_loss did not improve from 0.00005

Epoch 50: val_loss did not improve from 0.00005
Saving and plotting the results...

Epoch 15: val_loss did not improve from 0.00006

Epoch 28: val_loss did not improve from 0.00005

Epoch 47: val_loss improved from 0.00005 to 0.00005, saving model to /p/project1/cesmtst/patakchiyousefi1/HPT/mse_64_0.01_1e-17_0.5_4_4_16_0.5_128_0.0_unet-att_day08.h5

Epoch 83: val_loss improved from 0.01115 to 0.01105, saving model to /p/project1/cesmtst/patakchiyousefi1/HPT/mse_64_1e-05_1e-17_0.5_4_8_16_0.5_128_0.0_unet-att_day08.h5

Epoch 82: val_loss did not improve from 0.00005

Epoch 17: val_loss did not improve from 0.00005

Epoch 84: val_loss improved from 0.01105 to 0.01101, saving model to /p/project1/cesmtst/patakchiyousefi1/HPT/mse_64_1e-05_1e-17_0.5_4_8_16_0.5_128_0.0_unet-att_day08.h5

Epoch 83: val_loss did not improve from 0.00005
Saving and plotting the results...

Epoch 28: val_loss did not improve from 0.00049

Epoch 48: val_loss did not improve from 0.00005

Epoch 85: val_loss improved from 0.01101 to 0.01089, saving model to /p/project1/cesmtst/patakchiyousefi1/HPT/mse_64_1e-05_1e-17_0.5_4_8_16_0.5_128_0.0_unet-att_day08.h5

Epoch 15: val_loss did not improve from 0.21308

Epoch 15: val_loss improved from 0.02476 to 0.01959, saving model to /p/project1/cesmtst/patakchiyousefi1/HPT/mse_64_1e-05_1e-17_0.5_4_1_16_0.5_128_0.0_unet-att_day08.h5

Epoch 29: val_loss did not improve from 0.00005

Epoch 86: val_loss improved from 0.01089 to 0.01083, saving model to /p/project1/cesmtst/patakchiyousefi1/HPT/mse_64_1e-05_1e-17_0.5_4_8_16_0.5_128_0.0_unet-att_day08.h5

Epoch 49: val_loss did not improve from 0.00005

Epoch 87: val_loss improved from 0.01083 to 0.01075, saving model to /p/project1/cesmtst/patakchiyousefi1/HPT/mse_64_1e-05_1e-17_0.5_4_8_16_0.5_128_0.0_unet-att_day08.h5

Epoch 29: val_loss improved from 0.00049 to 0.00031, saving model to /p/project1/cesmtst/patakchiyousefi1/HPT/mse_64_1e-05_1e-17_0.5_4_2_16_0.5_128_0.0_unet-att_day08.h5

Epoch 16: val_loss did not improve from 0.00006

Epoch 50: val_loss improved from 0.00005 to 0.00005, saving model to /p/project1/cesmtst/patakchiyousefi1/HPT/mse_64_0.01_1e-17_0.5_4_4_16_0.5_128_0.0_unet-att_day08.h5

Epoch 88: val_loss improved from 0.01075 to 0.01071, saving model to /p/project1/cesmtst/patakchiyousefi1/HPT/mse_64_1e-05_1e-17_0.5_4_8_16_0.5_128_0.0_unet-att_day08.h5

Epoch 30: val_loss did not improve from 0.00005

Epoch 89: val_loss improved from 0.01071 to 0.01063, saving model to /p/project1/cesmtst/patakchiyousefi1/HPT/mse_64_1e-05_1e-17_0.5_4_8_16_0.5_128_0.0_unet-att_day08.h5

Epoch 51: val_loss did not improve from 0.00005

Epoch 90: val_loss improved from 0.01063 to 0.01058, saving model to /p/project1/cesmtst/patakchiyousefi1/HPT/mse_64_1e-05_1e-17_0.5_4_8_16_0.5_128_0.0_unet-att_day08.h5

Epoch 30: val_loss did not improve from 0.00031

Epoch 16: val_loss improved from 0.01959 to 0.01415, saving model to /p/project1/cesmtst/patakchiyousefi1/HPT/mse_64_1e-05_1e-17_0.5_4_1_16_0.5_128_0.0_unet-att_day08.h5

Epoch 16: val_loss did not improve from 0.21308

Epoch 91: val_loss improved from 0.01058 to 0.01050, saving model to /p/project1/cesmtst/patakchiyousefi1/HPT/mse_64_1e-05_1e-17_0.5_4_8_16_0.5_128_0.0_unet-att_day08.h5

Epoch 52: val_loss did not improve from 0.00005

Epoch 31: val_loss did not improve from 0.00005

Epoch 92: val_loss improved from 0.01050 to 0.01047, saving model to /p/project1/cesmtst/patakchiyousefi1/HPT/mse_64_1e-05_1e-17_0.5_4_8_16_0.5_128_0.0_unet-att_day08.h5

Epoch 18: val_loss did not improve from 0.00005

Epoch 53: val_loss did not improve from 0.00005

Epoch 93: val_loss improved from 0.01047 to 0.01039, saving model to /p/project1/cesmtst/patakchiyousefi1/HPT/mse_64_1e-05_1e-17_0.5_4_8_16_0.5_128_0.0_unet-att_day08.h5

Epoch 17: val_loss did not improve from 0.00006

Epoch 31: val_loss did not improve from 0.00031

Epoch 94: val_loss improved from 0.01039 to 0.01035, saving model to /p/project1/cesmtst/patakchiyousefi1/HPT/mse_64_1e-05_1e-17_0.5_4_8_16_0.5_128_0.0_unet-att_day08.h5

Epoch 54: val_loss did not improve from 0.00005

Epoch 32: val_loss did not improve from 0.00005

Epoch 95: val_loss improved from 0.01035 to 0.01028, saving model to /p/project1/cesmtst/patakchiyousefi1/HPT/mse_64_1e-05_1e-17_0.5_4_8_16_0.5_128_0.0_unet-att_day08.h5

Epoch 55: val_loss improved from 0.00005 to 0.00005, saving model to /p/project1/cesmtst/patakchiyousefi1/HPT/mse_64_0.01_1e-17_0.5_4_4_16_0.5_128_0.0_unet-att_day08.h5

Epoch 96: val_loss improved from 0.01028 to 0.01025, saving model to /p/project1/cesmtst/patakchiyousefi1/HPT/mse_64_1e-05_1e-17_0.5_4_8_16_0.5_128_0.0_unet-att_day08.h5

Epoch 32: val_loss did not improve from 0.00031

Epoch 17: val_loss improved from 0.01415 to 0.00998, saving model to /p/project1/cesmtst/patakchiyousefi1/HPT/mse_64_1e-05_1e-17_0.5_4_1_16_0.5_128_0.0_unet-att_day08.h5

Epoch 17: val_loss did not improve from 0.21308
Saving and plotting the results...

Epoch 97: val_loss improved from 0.01025 to 0.01020, saving model to /p/project1/cesmtst/patakchiyousefi1/HPT/mse_64_1e-05_1e-17_0.5_4_8_16_0.5_128_0.0_unet-att_day08.h5

Epoch 33: val_loss did not improve from 0.00005

Epoch 98: val_loss improved from 0.01020 to 0.01016, saving model to /p/project1/cesmtst/patakchiyousefi1/HPT/mse_64_1e-05_1e-17_0.5_4_8_16_0.5_128_0.0_unet-att_day08.h5

Epoch 19: val_loss did not improve from 0.00005

Epoch 18: val_loss did not improve from 0.00006

Epoch 56: val_loss improved from 0.00005 to 0.00005, saving model to /p/project1/cesmtst/patakchiyousefi1/HPT/mse_64_0.01_1e-17_0.5_4_4_16_0.5_128_0.0_unet-att_day08.h5

Epoch 99: val_loss improved from 0.01016 to 0.01008, saving model to /p/project1/cesmtst/patakchiyousefi1/HPT/mse_64_1e-05_1e-17_0.5_4_8_16_0.5_128_0.0_unet-att_day08.h5

Epoch 33: val_loss did not improve from 0.00031

Epoch 100: val_loss improved from 0.01008 to 0.01005, saving model to /p/project1/cesmtst/patakchiyousefi1/HPT/mse_64_1e-05_1e-17_0.5_4_8_16_0.5_128_0.0_unet-att_day08.h5

Epoch 34: val_loss did not improve from 0.00005

Epoch 57: val_loss improved from 0.00005 to 0.00005, saving model to /p/project1/cesmtst/patakchiyousefi1/HPT/mse_64_0.01_1e-17_0.5_4_4_16_0.5_128_0.0_unet-att_day08.h5

Epoch 101: val_loss improved from 0.01005 to 0.00998, saving model to /p/project1/cesmtst/patakchiyousefi1/HPT/mse_64_1e-05_1e-17_0.5_4_8_16_0.5_128_0.0_unet-att_day08.h5

Epoch 18: val_loss improved from 0.00998 to 0.00805, saving model to /p/project1/cesmtst/patakchiyousefi1/HPT/mse_64_1e-05_1e-17_0.5_4_1_16_0.5_128_0.0_unet-att_day08.h5

Epoch 58: val_loss improved from 0.00005 to 0.00005, saving model to /p/project1/cesmtst/patakchiyousefi1/HPT/mse_64_0.01_1e-17_0.5_4_4_16_0.5_128_0.0_unet-att_day08.h5

Epoch 34: val_loss did not improve from 0.00031

Epoch 102: val_loss improved from 0.00998 to 0.00994, saving model to /p/project1/cesmtst/patakchiyousefi1/HPT/mse_64_1e-05_1e-17_0.5_4_8_16_0.5_128_0.0_unet-att_day08.h5

Epoch 35: val_loss did not improve from 0.00005

Epoch 103: val_loss improved from 0.00994 to 0.00988, saving model to /p/project1/cesmtst/patakchiyousefi1/HPT/mse_64_1e-05_1e-17_0.5_4_8_16_0.5_128_0.0_unet-att_day08.h5

Epoch 59: val_loss improved from 0.00005 to 0.00005, saving model to /p/project1/cesmtst/patakchiyousefi1/HPT/mse_64_0.01_1e-17_0.5_4_4_16_0.5_128_0.0_unet-att_day08.h5

Epoch 19: val_loss did not improve from 0.00006

Epoch 104: val_loss improved from 0.00988 to 0.00985, saving model to /p/project1/cesmtst/patakchiyousefi1/HPT/mse_64_1e-05_1e-17_0.5_4_8_16_0.5_128_0.0_unet-att_day08.h5

Epoch 35: val_loss did not improve from 0.00031

Epoch 60: val_loss improved from 0.00005 to 0.00005, saving model to /p/project1/cesmtst/patakchiyousefi1/HPT/mse_64_0.01_1e-17_0.5_4_4_16_0.5_128_0.0_unet-att_day08.h5

Epoch 105: val_loss improved from 0.00985 to 0.00981, saving model to /p/project1/cesmtst/patakchiyousefi1/HPT/mse_64_1e-05_1e-17_0.5_4_8_16_0.5_128_0.0_unet-att_day08.h5

Epoch 36: val_loss did not improve from 0.00005

Epoch 106: val_loss improved from 0.00981 to 0.00977, saving model to /p/project1/cesmtst/patakchiyousefi1/HPT/mse_64_1e-05_1e-17_0.5_4_8_16_0.5_128_0.0_unet-att_day08.h5

Epoch 19: val_loss improved from 0.00805 to 0.00597, saving model to /p/project1/cesmtst/patakchiyousefi1/HPT/mse_64_1e-05_1e-17_0.5_4_1_16_0.5_128_0.0_unet-att_day08.h5

Epoch 61: val_loss did not improve from 0.00005

Epoch 20: val_loss did not improve from 0.00005

Epoch 107: val_loss improved from 0.00977 to 0.00972, saving model to /p/project1/cesmtst/patakchiyousefi1/HPT/mse_64_1e-05_1e-17_0.5_4_8_16_0.5_128_0.0_unet-att_day08.h5

Epoch 36: val_loss did not improve from 0.00031

Epoch 108: val_loss improved from 0.00972 to 0.00969, saving model to /p/project1/cesmtst/patakchiyousefi1/HPT/mse_64_1e-05_1e-17_0.5_4_8_16_0.5_128_0.0_unet-att_day08.h5

Epoch 62: val_loss did not improve from 0.00005

Epoch 37: val_loss did not improve from 0.00005

Epoch 20: val_loss did not improve from 0.00006

Epoch 109: val_loss improved from 0.00969 to 0.00966, saving model to /p/project1/cesmtst/patakchiyousefi1/HPT/mse_64_1e-05_1e-17_0.5_4_8_16_0.5_128_0.0_unet-att_day08.h5

Epoch 63: val_loss did not improve from 0.00005

Epoch 110: val_loss improved from 0.00966 to 0.00963, saving model to /p/project1/cesmtst/patakchiyousefi1/HPT/mse_64_1e-05_1e-17_0.5_4_8_16_0.5_128_0.0_unet-att_day08.h5

Epoch 37: val_loss did not improve from 0.00031

Epoch 111: val_loss improved from 0.00963 to 0.00959, saving model to /p/project1/cesmtst/patakchiyousefi1/HPT/mse_64_1e-05_1e-17_0.5_4_8_16_0.5_128_0.0_unet-att_day08.h5

Epoch 38: val_loss did not improve from 0.00005

Epoch 64: val_loss did not improve from 0.00005

Epoch 20: val_loss improved from 0.00597 to 0.00430, saving model to /p/project1/cesmtst/patakchiyousefi1/HPT/mse_64_1e-05_1e-17_0.5_4_1_16_0.5_128_0.0_unet-att_day08.h5

Epoch 112: val_loss improved from 0.00959 to 0.00954, saving model to /p/project1/cesmtst/patakchiyousefi1/HPT/mse_64_1e-05_1e-17_0.5_4_8_16_0.5_128_0.0_unet-att_day08.h5

Epoch 65: val_loss improved from 0.00005 to 0.00005, saving model to /p/project1/cesmtst/patakchiyousefi1/HPT/mse_64_0.01_1e-17_0.5_4_4_16_0.5_128_0.0_unet-att_day08.h5

Epoch 113: val_loss improved from 0.00954 to 0.00950, saving model to /p/project1/cesmtst/patakchiyousefi1/HPT/mse_64_1e-05_1e-17_0.5_4_8_16_0.5_128_0.0_unet-att_day08.h5

Epoch 38: val_loss did not improve from 0.00031

Epoch 21: val_loss did not improve from 0.00006

Epoch 114: val_loss improved from 0.00950 to 0.00946, saving model to /p/project1/cesmtst/patakchiyousefi1/HPT/mse_64_1e-05_1e-17_0.5_4_8_16_0.5_128_0.0_unet-att_day08.h5

Epoch 39: val_loss did not improve from 0.00005

Epoch 66: val_loss improved from 0.00005 to 0.00005, saving model to /p/project1/cesmtst/patakchiyousefi1/HPT/mse_64_0.01_1e-17_0.5_4_4_16_0.5_128_0.0_unet-att_day08.h5

Epoch 115: val_loss improved from 0.00946 to 0.00942, saving model to /p/project1/cesmtst/patakchiyousefi1/HPT/mse_64_1e-05_1e-17_0.5_4_8_16_0.5_128_0.0_unet-att_day08.h5

Epoch 21: val_loss did not improve from 0.00005

Epoch 116: val_loss improved from 0.00942 to 0.00938, saving model to /p/project1/cesmtst/patakchiyousefi1/HPT/mse_64_1e-05_1e-17_0.5_4_8_16_0.5_128_0.0_unet-att_day08.h5

Epoch 67: val_loss did not improve from 0.00005

Epoch 21: val_loss improved from 0.00430 to 0.00381, saving model to /p/project1/cesmtst/patakchiyousefi1/HPT/mse_64_1e-05_1e-17_0.5_4_1_16_0.5_128_0.0_unet-att_day08.h5

Epoch 39: val_loss did not improve from 0.00031

Epoch 40: val_loss did not improve from 0.00005
Saving and plotting the results...

Epoch 117: val_loss improved from 0.00938 to 0.00933, saving model to /p/project1/cesmtst/patakchiyousefi1/HPT/mse_64_1e-05_1e-17_0.5_4_8_16_0.5_128_0.0_unet-att_day08.h5

Epoch 68: val_loss did not improve from 0.00005

Epoch 118: val_loss improved from 0.00933 to 0.00931, saving model to /p/project1/cesmtst/patakchiyousefi1/HPT/mse_64_1e-05_1e-17_0.5_4_8_16_0.5_128_0.0_unet-att_day08.h5

Epoch 22: val_loss did not improve from 0.00006

Epoch 119: val_loss improved from 0.00931 to 0.00926, saving model to /p/project1/cesmtst/patakchiyousefi1/HPT/mse_64_1e-05_1e-17_0.5_4_8_16_0.5_128_0.0_unet-att_day08.h5

Epoch 69: val_loss did not improve from 0.00005

Epoch 40: val_loss did not improve from 0.00031

Epoch 120: val_loss improved from 0.00926 to 0.00923, saving model to /p/project1/cesmtst/patakchiyousefi1/HPT/mse_64_1e-05_1e-17_0.5_4_8_16_0.5_128_0.0_unet-att_day08.h5

Epoch 22: val_loss did not improve from 0.00005

Epoch 121: val_loss improved from 0.00923 to 0.00919, saving model to /p/project1/cesmtst/patakchiyousefi1/HPT/mse_64_1e-05_1e-17_0.5_4_8_16_0.5_128_0.0_unet-att_day08.h5

Epoch 70: val_loss improved from 0.00005 to 0.00005, saving model to /p/project1/cesmtst/patakchiyousefi1/HPT/mse_64_0.01_1e-17_0.5_4_4_16_0.5_128_0.0_unet-att_day08.h5

Epoch 22: val_loss improved from 0.00381 to 0.00319, saving model to /p/project1/cesmtst/patakchiyousefi1/HPT/mse_64_1e-05_1e-17_0.5_4_1_16_0.5_128_0.0_unet-att_day08.h5

Epoch 122: val_loss improved from 0.00919 to 0.00916, saving model to /p/project1/cesmtst/patakchiyousefi1/HPT/mse_64_1e-05_1e-17_0.5_4_8_16_0.5_128_0.0_unet-att_day08.h5

Epoch 123: val_loss improved from 0.00916 to 0.00913, saving model to /p/project1/cesmtst/patakchiyousefi1/HPT/mse_64_1e-05_1e-17_0.5_4_8_16_0.5_128_0.0_unet-att_day08.h5

Epoch 71: val_loss did not improve from 0.00005

Epoch 124: val_loss improved from 0.00913 to 0.00910, saving model to /p/project1/cesmtst/patakchiyousefi1/HPT/mse_64_1e-05_1e-17_0.5_4_8_16_0.5_128_0.0_unet-att_day08.h5

Epoch 23: val_loss did not improve from 0.00006

Epoch 41: val_loss did not improve from 0.00031

Epoch 72: val_loss did not improve from 0.00005

Epoch 125: val_loss improved from 0.00910 to 0.00907, saving model to /p/project1/cesmtst/patakchiyousefi1/HPT/mse_64_1e-05_1e-17_0.5_4_8_16_0.5_128_0.0_unet-att_day08.h5

Epoch 23: val_loss did not improve from 0.00005

Epoch 126: val_loss improved from 0.00907 to 0.00905, saving model to /p/project1/cesmtst/patakchiyousefi1/HPT/mse_64_1e-05_1e-17_0.5_4_8_16_0.5_128_0.0_unet-att_day08.h5

Epoch 73: val_loss did not improve from 0.00005

Epoch 23: val_loss improved from 0.00319 to 0.00253, saving model to /p/project1/cesmtst/patakchiyousefi1/HPT/mse_64_1e-05_1e-17_0.5_4_1_16_0.5_128_0.0_unet-att_day08.h5

Epoch 127: val_loss improved from 0.00905 to 0.00902, saving model to /p/project1/cesmtst/patakchiyousefi1/HPT/mse_64_1e-05_1e-17_0.5_4_8_16_0.5_128_0.0_unet-att_day08.h5

Epoch 42: val_loss did not improve from 0.00031

Epoch 74: val_loss did not improve from 0.00005

Epoch 128: val_loss improved from 0.00902 to 0.00899, saving model to /p/project1/cesmtst/patakchiyousefi1/HPT/mse_64_1e-05_1e-17_0.5_4_8_16_0.5_128_0.0_unet-att_day08.h5
Saving and plotting the results...

Epoch 24: val_loss did not improve from 0.00006

Epoch 75: val_loss did not improve from 0.00005

Epoch 43: val_loss did not improve from 0.00031

Epoch 24: val_loss improved from 0.00005 to 0.00005, saving model to /p/project1/cesmtst/patakchiyousefi1/HPT/mse_64_0.001_1e-17_0.5_4_1_16_0.5_128_0.0_unet-att_day08.h5

Epoch 76: val_loss did not improve from 0.00005

Epoch 44: val_loss did not improve from 0.00031

Epoch 77: val_loss did not improve from 0.00005

Epoch 25: val_loss did not improve from 0.00006

Epoch 78: val_loss did not improve from 0.00005

Epoch 24: val_loss improved from 0.00253 to 0.00243, saving model to /p/project1/cesmtst/patakchiyousefi1/HPT/mse_64_1e-05_1e-17_0.5_4_1_16_0.5_128_0.0_unet-att_day08.h5

Epoch 25: val_loss improved from 0.00005 to 0.00005, saving model to /p/project1/cesmtst/patakchiyousefi1/HPT/mse_64_0.001_1e-17_0.5_4_1_16_0.5_128_0.0_unet-att_day08.h5

Epoch 45: val_loss did not improve from 0.00031
Saving and plotting the results...

Epoch 79: val_loss did not improve from 0.00005

Epoch 80: val_loss did not improve from 0.00005

Epoch 26: val_loss improved from 0.00006 to 0.00006, saving model to /p/project1/cesmtst/patakchiyousefi1/HPT/mse_64_0.0001_1e-17_0.5_4_1_16_0.5_128_0.0_unet-att_day08.h5

Epoch 81: val_loss did not improve from 0.00005

Epoch 26: val_loss did not improve from 0.00005

Epoch 82: val_loss did not improve from 0.00005

Epoch 83: val_loss did not improve from 0.00005

Epoch 25: val_loss improved from 0.00243 to 0.00227, saving model to /p/project1/cesmtst/patakchiyousefi1/HPT/mse_64_1e-05_1e-17_0.5_4_1_16_0.5_128_0.0_unet-att_day08.h5

Epoch 27: val_loss improved from 0.00006 to 0.00006, saving model to /p/project1/cesmtst/patakchiyousefi1/HPT/mse_64_0.0001_1e-17_0.5_4_1_16_0.5_128_0.0_unet-att_day08.h5

Epoch 84: val_loss did not improve from 0.00005

Epoch 27: val_loss did not improve from 0.00005

Epoch 85: val_loss did not improve from 0.00005

Epoch 86: val_loss did not improve from 0.00005
Saving and plotting the results...

Epoch 26: val_loss did not improve from 0.00227

Epoch 28: val_loss improved from 0.00006 to 0.00006, saving model to /p/project1/cesmtst/patakchiyousefi1/HPT/mse_64_0.0001_1e-17_0.5_4_1_16_0.5_128_0.0_unet-att_day08.h5

Epoch 28: val_loss did not improve from 0.00005

Epoch 27: val_loss improved from 0.00227 to 0.00217, saving model to /p/project1/cesmtst/patakchiyousefi1/HPT/mse_64_1e-05_1e-17_0.5_4_1_16_0.5_128_0.0_unet-att_day08.h5

Epoch 29: val_loss improved from 0.00006 to 0.00006, saving model to /p/project1/cesmtst/patakchiyousefi1/HPT/mse_64_0.0001_1e-17_0.5_4_1_16_0.5_128_0.0_unet-att_day08.h5

Epoch 29: val_loss did not improve from 0.00005

Epoch 28: val_loss improved from 0.00217 to 0.00199, saving model to /p/project1/cesmtst/patakchiyousefi1/HPT/mse_64_1e-05_1e-17_0.5_4_1_16_0.5_128_0.0_unet-att_day08.h5

Epoch 30: val_loss improved from 0.00006 to 0.00006, saving model to /p/project1/cesmtst/patakchiyousefi1/HPT/mse_64_0.0001_1e-17_0.5_4_1_16_0.5_128_0.0_unet-att_day08.h5

Epoch 30: val_loss did not improve from 0.00005

Epoch 29: val_loss did not improve from 0.00199

Epoch 31: val_loss improved from 0.00006 to 0.00006, saving model to /p/project1/cesmtst/patakchiyousefi1/HPT/mse_64_0.0001_1e-17_0.5_4_1_16_0.5_128_0.0_unet-att_day08.h5

Epoch 31: val_loss did not improve from 0.00005

Epoch 30: val_loss improved from 0.00199 to 0.00122, saving model to /p/project1/cesmtst/patakchiyousefi1/HPT/mse_64_1e-05_1e-17_0.5_4_1_16_0.5_128_0.0_unet-att_day08.h5

Epoch 32: val_loss improved from 0.00006 to 0.00006, saving model to /p/project1/cesmtst/patakchiyousefi1/HPT/mse_64_0.0001_1e-17_0.5_4_1_16_0.5_128_0.0_unet-att_day08.h5

Epoch 32: val_loss did not improve from 0.00005

Epoch 31: val_loss did not improve from 0.00122

Epoch 33: val_loss improved from 0.00006 to 0.00006, saving model to /p/project1/cesmtst/patakchiyousefi1/HPT/mse_64_0.0001_1e-17_0.5_4_1_16_0.5_128_0.0_unet-att_day08.h5

Epoch 33: val_loss did not improve from 0.00005

Epoch 32: val_loss improved from 0.00122 to 0.00109, saving model to /p/project1/cesmtst/patakchiyousefi1/HPT/mse_64_1e-05_1e-17_0.5_4_1_16_0.5_128_0.0_unet-att_day08.h5

Epoch 34: val_loss improved from 0.00006 to 0.00006, saving model to /p/project1/cesmtst/patakchiyousefi1/HPT/mse_64_0.0001_1e-17_0.5_4_1_16_0.5_128_0.0_unet-att_day08.h5

Epoch 34: val_loss did not improve from 0.00005

Epoch 33: val_loss improved from 0.00109 to 0.00065, saving model to /p/project1/cesmtst/patakchiyousefi1/HPT/mse_64_1e-05_1e-17_0.5_4_1_16_0.5_128_0.0_unet-att_day08.h5

Epoch 35: val_loss did not improve from 0.00005

Epoch 35: val_loss improved from 0.00006 to 0.00006, saving model to /p/project1/cesmtst/patakchiyousefi1/HPT/mse_64_0.0001_1e-17_0.5_4_1_16_0.5_128_0.0_unet-att_day08.h5

Epoch 34: val_loss did not improve from 0.00065

Epoch 36: val_loss improved from 0.00006 to 0.00006, saving model to /p/project1/cesmtst/patakchiyousefi1/HPT/mse_64_0.0001_1e-17_0.5_4_1_16_0.5_128_0.0_unet-att_day08.h5

Epoch 35: val_loss did not improve from 0.00065

Epoch 36: val_loss did not improve from 0.00005

Epoch 37: val_loss improved from 0.00006 to 0.00006, saving model to /p/project1/cesmtst/patakchiyousefi1/HPT/mse_64_0.0001_1e-17_0.5_4_1_16_0.5_128_0.0_unet-att_day08.h5

Epoch 37: val_loss did not improve from 0.00005

Epoch 36: val_loss did not improve from 0.00065

Epoch 38: val_loss did not improve from 0.00005

Epoch 38: val_loss improved from 0.00006 to 0.00006, saving model to /p/project1/cesmtst/patakchiyousefi1/HPT/mse_64_0.0001_1e-17_0.5_4_1_16_0.5_128_0.0_unet-att_day08.h5

Epoch 37: val_loss did not improve from 0.00065

Epoch 39: val_loss did not improve from 0.00005

Epoch 39: val_loss did not improve from 0.00006

Epoch 38: val_loss did not improve from 0.00065

Epoch 40: val_loss did not improve from 0.00005

Epoch 40: val_loss did not improve from 0.00006

Epoch 39: val_loss did not improve from 0.00065

Epoch 41: val_loss did not improve from 0.00005
Saving and plotting the results...

Epoch 41: val_loss did not improve from 0.00006

Epoch 40: val_loss did not improve from 0.00065

Epoch 42: val_loss did not improve from 0.00006

Epoch 41: val_loss did not improve from 0.00065

Epoch 43: val_loss did not improve from 0.00006

Epoch 42: val_loss did not improve from 0.00065

Epoch 44: val_loss did not improve from 0.00006

Epoch 43: val_loss did not improve from 0.00065

Epoch 45: val_loss did not improve from 0.00006

Epoch 44: val_loss did not improve from 0.00065

Epoch 46: val_loss did not improve from 0.00006

Epoch 47: val_loss did not improve from 0.00006

Epoch 45: val_loss did not improve from 0.00065

Epoch 48: val_loss did not improve from 0.00006

Epoch 46: val_loss did not improve from 0.00065

Epoch 49: val_loss did not improve from 0.00006

Epoch 47: val_loss did not improve from 0.00065

Epoch 50: val_loss did not improve from 0.00006

Epoch 48: val_loss did not improve from 0.00065

Epoch 51: val_loss did not improve from 0.00006

Epoch 49: val_loss did not improve from 0.00065
Saving and plotting the results...

Epoch 52: val_loss did not improve from 0.00006

Epoch 53: val_loss did not improve from 0.00006

Epoch 54: val_loss did not improve from 0.00006
Saving and plotting the results...
