2024-09-09 03:05:12.716812: I tensorflow/core/common_runtime/gpu/gpu_device.cc:1613] Created device /job:localhost/replica:0/task:0/device:GPU:0 with 38364 MB memory:  -> device: 0, name: NVIDIA A100-SXM4-40GB, pci bus id: 0000:03:00.0, compute capability: 8.0
2024-09-09 03:05:12.718721: I tensorflow/core/common_runtime/gpu/gpu_device.cc:1613] Created device /job:localhost/replica:0/task:0/device:GPU:1 with 38364 MB memory:  -> device: 1, name: NVIDIA A100-SXM4-40GB, pci bus id: 0000:44:00.0, compute capability: 8.0
2024-09-09 03:05:12.721545: I tensorflow/core/common_runtime/gpu/gpu_device.cc:1613] Created device /job:localhost/replica:0/task:0/device:GPU:2 with 38364 MB memory:  -> device: 2, name: NVIDIA A100-SXM4-40GB, pci bus id: 0000:84:00.0, compute capability: 8.0
2024-09-09 03:05:12.723163: I tensorflow/core/common_runtime/gpu/gpu_device.cc:1613] Created device /job:localhost/replica:0/task:0/device:GPU:3 with 38364 MB memory:  -> device: 3, name: NVIDIA A100-SXM4-40GB, pci bus id: 0000:c4:00.0, compute capability: 8.0
2024-09-09 03:05:24.742015: I tensorflow/core/common_runtime/gpu/gpu_device.cc:1613] Created device /job:localhost/replica:0/task:0/device:GPU:0 with 38364 MB memory:  -> device: 0, name: NVIDIA A100-SXM4-40GB, pci bus id: 0000:03:00.0, compute capability: 8.0
2024-09-09 03:05:24.743965: I tensorflow/core/common_runtime/gpu/gpu_device.cc:1613] Created device /job:localhost/replica:0/task:0/device:GPU:1 with 38364 MB memory:  -> device: 1, name: NVIDIA A100-SXM4-40GB, pci bus id: 0000:44:00.0, compute capability: 8.0
2024-09-09 03:05:24.746542: I tensorflow/core/common_runtime/gpu/gpu_device.cc:1613] Created device /job:localhost/replica:0/task:0/device:GPU:2 with 38364 MB memory:  -> device: 2, name: NVIDIA A100-SXM4-40GB, pci bus id: 0000:84:00.0, compute capability: 8.0
2024-09-09 03:05:24.748096: I tensorflow/core/common_runtime/gpu/gpu_device.cc:1613] Created device /job:localhost/replica:0/task:0/device:GPU:3 with 38364 MB memory:  -> device: 3, name: NVIDIA A100-SXM4-40GB, pci bus id: 0000:c4:00.0, compute capability: 8.0
2024-09-09 03:05:26.992053: I tensorflow/core/common_runtime/gpu/gpu_device.cc:1613] Created device /job:localhost/replica:0/task:0/device:GPU:0 with 38364 MB memory:  -> device: 0, name: NVIDIA A100-SXM4-40GB, pci bus id: 0000:03:00.0, compute capability: 8.0
2024-09-09 03:05:26.993916: I tensorflow/core/common_runtime/gpu/gpu_device.cc:1613] Created device /job:localhost/replica:0/task:0/device:GPU:1 with 38364 MB memory:  -> device: 1, name: NVIDIA A100-SXM4-40GB, pci bus id: 0000:44:00.0, compute capability: 8.0
2024-09-09 03:05:26.995568: I tensorflow/core/common_runtime/gpu/gpu_device.cc:1613] Created device /job:localhost/replica:0/task:0/device:GPU:2 with 38364 MB memory:  -> device: 2, name: NVIDIA A100-SXM4-40GB, pci bus id: 0000:84:00.0, compute capability: 8.0
2024-09-09 03:05:26.997199: I tensorflow/core/common_runtime/gpu/gpu_device.cc:1613] Created device /job:localhost/replica:0/task:0/device:GPU:3 with 38364 MB memory:  -> device: 3, name: NVIDIA A100-SXM4-40GB, pci bus id: 0000:c4:00.0, compute capability: 8.0
2024-09-09 03:05:30.960874: I tensorflow/core/common_runtime/gpu/gpu_device.cc:1613] Created device /job:localhost/replica:0/task:0/device:GPU:0 with 38364 MB memory:  -> device: 0, name: NVIDIA A100-SXM4-40GB, pci bus id: 0000:03:00.0, compute capability: 8.0
2024-09-09 03:05:30.962622: I tensorflow/core/common_runtime/gpu/gpu_device.cc:1613] Created device /job:localhost/replica:0/task:0/device:GPU:1 with 38364 MB memory:  -> device: 1, name: NVIDIA A100-SXM4-40GB, pci bus id: 0000:44:00.0, compute capability: 8.0
2024-09-09 03:05:30.965986: I tensorflow/core/common_runtime/gpu/gpu_device.cc:1613] Created device /job:localhost/replica:0/task:0/device:GPU:2 with 38364 MB memory:  -> device: 2, name: NVIDIA A100-SXM4-40GB, pci bus id: 0000:84:00.0, compute capability: 8.0
2024-09-09 03:05:30.967490: I tensorflow/core/common_runtime/gpu/gpu_device.cc:1613] Created device /job:localhost/replica:0/task:0/device:GPU:3 with 38364 MB memory:  -> device: 3, name: NVIDIA A100-SXM4-40GB, pci bus id: 0000:c4:00.0, compute capability: 8.0
2024-09-09 03:05:31.778478: I tensorflow/core/common_runtime/gpu/gpu_device.cc:1613] Created device /job:localhost/replica:0/task:0/device:GPU:0 with 38364 MB memory:  -> device: 0, name: NVIDIA A100-SXM4-40GB, pci bus id: 0000:03:00.0, compute capability: 8.0
2024-09-09 03:05:31.781197: I tensorflow/core/common_runtime/gpu/gpu_device.cc:1613] Created device /job:localhost/replica:0/task:0/device:GPU:1 with 38364 MB memory:  -> device: 1, name: NVIDIA A100-SXM4-40GB, pci bus id: 0000:44:00.0, compute capability: 8.0
2024-09-09 03:05:31.782713: I tensorflow/core/common_runtime/gpu/gpu_device.cc:1613] Created device /job:localhost/replica:0/task:0/device:GPU:2 with 38364 MB memory:  -> device: 2, name: NVIDIA A100-SXM4-40GB, pci bus id: 0000:84:00.0, compute capability: 8.0
2024-09-09 03:05:31.785395: I tensorflow/core/common_runtime/gpu/gpu_device.cc:1613] Created device /job:localhost/replica:0/task:0/device:GPU:3 with 38364 MB memory:  -> device: 3, name: NVIDIA A100-SXM4-40GB, pci bus id: 0000:c4:00.0, compute capability: 8.0
2024-09-09 03:05:31.824344: I tensorflow/compiler/xla/stream_executor/cuda/cuda_dnn.cc:428] Loaded cuDNN version 8600
2024-09-09 03:05:32.385377: I tensorflow/compiler/xla/stream_executor/cuda/cuda_blas.cc:630] TensorFloat-32 will be used for the matrix multiplication. This will only be logged once.
2024-09-09 03:05:32.834449: I tensorflow/compiler/xla/service/service.cc:173] XLA service 0x14ac31d8c810 initialized for platform CUDA (this does not guarantee that XLA will be used). Devices:
2024-09-09 03:05:32.834522: I tensorflow/compiler/xla/service/service.cc:181]   StreamExecutor device (0): NVIDIA A100-SXM4-40GB, Compute Capability 8.0
2024-09-09 03:05:32.834536: I tensorflow/compiler/xla/service/service.cc:181]   StreamExecutor device (1): NVIDIA A100-SXM4-40GB, Compute Capability 8.0
2024-09-09 03:05:32.834549: I tensorflow/compiler/xla/service/service.cc:181]   StreamExecutor device (2): NVIDIA A100-SXM4-40GB, Compute Capability 8.0
2024-09-09 03:05:32.834561: I tensorflow/compiler/xla/service/service.cc:181]   StreamExecutor device (3): NVIDIA A100-SXM4-40GB, Compute Capability 8.0
2024-09-09 03:05:32.839965: I tensorflow/compiler/mlir/tensorflow/utils/dump_mlir_util.cc:268] disabling MLIR crash reproducer, set env var `MLIR_CRASH_REPRODUCER_DIRECTORY` to enable.
2024-09-09 03:05:33.002479: I tensorflow/compiler/jit/xla_compilation_cache.cc:477] Compiled cluster using XLA!  This line is logged at most once for the lifetime of the process.
2024-09-09 03:05:33.221795: I tensorflow/core/common_runtime/gpu/gpu_device.cc:1613] Created device /job:localhost/replica:0/task:0/device:GPU:0 with 38364 MB memory:  -> device: 0, name: NVIDIA A100-SXM4-40GB, pci bus id: 0000:03:00.0, compute capability: 8.0
2024-09-09 03:05:33.223885: I tensorflow/core/common_runtime/gpu/gpu_device.cc:1613] Created device /job:localhost/replica:0/task:0/device:GPU:1 with 38364 MB memory:  -> device: 1, name: NVIDIA A100-SXM4-40GB, pci bus id: 0000:44:00.0, compute capability: 8.0
2024-09-09 03:05:33.226758: I tensorflow/core/common_runtime/gpu/gpu_device.cc:1613] Created device /job:localhost/replica:0/task:0/device:GPU:2 with 38364 MB memory:  -> device: 2, name: NVIDIA A100-SXM4-40GB, pci bus id: 0000:84:00.0, compute capability: 8.0
2024-09-09 03:05:33.228278: I tensorflow/core/common_runtime/gpu/gpu_device.cc:1613] Created device /job:localhost/replica:0/task:0/device:GPU:3 with 38364 MB memory:  -> device: 3, name: NVIDIA A100-SXM4-40GB, pci bus id: 0000:c4:00.0, compute capability: 8.0
2024-09-09 03:05:43.144534: I tensorflow/core/common_runtime/gpu/gpu_device.cc:1613] Created device /job:localhost/replica:0/task:0/device:GPU:0 with 38364 MB memory:  -> device: 0, name: NVIDIA A100-SXM4-40GB, pci bus id: 0000:03:00.0, compute capability: 8.0
2024-09-09 03:05:43.147726: I tensorflow/core/common_runtime/gpu/gpu_device.cc:1613] Created device /job:localhost/replica:0/task:0/device:GPU:1 with 38364 MB memory:  -> device: 1, name: NVIDIA A100-SXM4-40GB, pci bus id: 0000:44:00.0, compute capability: 8.0
2024-09-09 03:05:43.150434: I tensorflow/core/common_runtime/gpu/gpu_device.cc:1613] Created device /job:localhost/replica:0/task:0/device:GPU:2 with 38364 MB memory:  -> device: 2, name: NVIDIA A100-SXM4-40GB, pci bus id: 0000:84:00.0, compute capability: 8.0
2024-09-09 03:05:43.152298: I tensorflow/core/common_runtime/gpu/gpu_device.cc:1613] Created device /job:localhost/replica:0/task:0/device:GPU:3 with 38364 MB memory:  -> device: 3, name: NVIDIA A100-SXM4-40GB, pci bus id: 0000:c4:00.0, compute capability: 8.0
2024-09-09 03:05:44.037050: I tensorflow/compiler/xla/stream_executor/cuda/cuda_dnn.cc:428] Loaded cuDNN version 8600
2024-09-09 03:05:44.177622: I tensorflow/core/common_runtime/gpu/gpu_device.cc:1613] Created device /job:localhost/replica:0/task:0/device:GPU:0 with 38364 MB memory:  -> device: 0, name: NVIDIA A100-SXM4-40GB, pci bus id: 0000:03:00.0, compute capability: 8.0
2024-09-09 03:05:44.179537: I tensorflow/core/common_runtime/gpu/gpu_device.cc:1613] Created device /job:localhost/replica:0/task:0/device:GPU:1 with 38364 MB memory:  -> device: 1, name: NVIDIA A100-SXM4-40GB, pci bus id: 0000:44:00.0, compute capability: 8.0
2024-09-09 03:05:44.182678: I tensorflow/core/common_runtime/gpu/gpu_device.cc:1613] Created device /job:localhost/replica:0/task:0/device:GPU:2 with 38364 MB memory:  -> device: 2, name: NVIDIA A100-SXM4-40GB, pci bus id: 0000:84:00.0, compute capability: 8.0
2024-09-09 03:05:44.184372: I tensorflow/core/common_runtime/gpu/gpu_device.cc:1613] Created device /job:localhost/replica:0/task:0/device:GPU:3 with 38364 MB memory:  -> device: 3, name: NVIDIA A100-SXM4-40GB, pci bus id: 0000:c4:00.0, compute capability: 8.0
2024-09-09 03:05:44.772608: I tensorflow/compiler/xla/stream_executor/cuda/cuda_blas.cc:630] TensorFloat-32 will be used for the matrix multiplication. This will only be logged once.
2024-09-09 03:05:45.307971: I tensorflow/compiler/xla/service/service.cc:173] XLA service 0x657b8eb0 initialized for platform CUDA (this does not guarantee that XLA will be used). Devices:
2024-09-09 03:05:45.308024: I tensorflow/compiler/xla/service/service.cc:181]   StreamExecutor device (0): NVIDIA A100-SXM4-40GB, Compute Capability 8.0
2024-09-09 03:05:45.308031: I tensorflow/compiler/xla/service/service.cc:181]   StreamExecutor device (1): NVIDIA A100-SXM4-40GB, Compute Capability 8.0
2024-09-09 03:05:45.308037: I tensorflow/compiler/xla/service/service.cc:181]   StreamExecutor device (2): NVIDIA A100-SXM4-40GB, Compute Capability 8.0
2024-09-09 03:05:45.308043: I tensorflow/compiler/xla/service/service.cc:181]   StreamExecutor device (3): NVIDIA A100-SXM4-40GB, Compute Capability 8.0
2024-09-09 03:05:45.313156: I tensorflow/compiler/mlir/tensorflow/utils/dump_mlir_util.cc:268] disabling MLIR crash reproducer, set env var `MLIR_CRASH_REPRODUCER_DIRECTORY` to enable.
2024-09-09 03:05:45.480895: I tensorflow/compiler/jit/xla_compilation_cache.cc:477] Compiled cluster using XLA!  This line is logged at most once for the lifetime of the process.
2024-09-09 03:05:45.783784: I tensorflow/compiler/xla/stream_executor/cuda/cuda_dnn.cc:428] Loaded cuDNN version 8600
2024-09-09 03:05:46.266313: I tensorflow/compiler/xla/stream_executor/cuda/cuda_blas.cc:630] TensorFloat-32 will be used for the matrix multiplication. This will only be logged once.
2024-09-09 03:05:46.553244: I tensorflow/compiler/xla/service/service.cc:173] XLA service 0x65f38ca0 initialized for platform CUDA (this does not guarantee that XLA will be used). Devices:
2024-09-09 03:05:46.553302: I tensorflow/compiler/xla/service/service.cc:181]   StreamExecutor device (0): NVIDIA A100-SXM4-40GB, Compute Capability 8.0
2024-09-09 03:05:46.553310: I tensorflow/compiler/xla/service/service.cc:181]   StreamExecutor device (1): NVIDIA A100-SXM4-40GB, Compute Capability 8.0
2024-09-09 03:05:46.553317: I tensorflow/compiler/xla/service/service.cc:181]   StreamExecutor device (2): NVIDIA A100-SXM4-40GB, Compute Capability 8.0
2024-09-09 03:05:46.553325: I tensorflow/compiler/xla/service/service.cc:181]   StreamExecutor device (3): NVIDIA A100-SXM4-40GB, Compute Capability 8.0
2024-09-09 03:05:46.558514: I tensorflow/compiler/mlir/tensorflow/utils/dump_mlir_util.cc:268] disabling MLIR crash reproducer, set env var `MLIR_CRASH_REPRODUCER_DIRECTORY` to enable.
2024-09-09 03:05:46.664501: I tensorflow/core/common_runtime/gpu/gpu_device.cc:1613] Created device /job:localhost/replica:0/task:0/device:GPU:0 with 38364 MB memory:  -> device: 0, name: NVIDIA A100-SXM4-40GB, pci bus id: 0000:03:00.0, compute capability: 8.0
2024-09-09 03:05:46.667367: I tensorflow/core/common_runtime/gpu/gpu_device.cc:1613] Created device /job:localhost/replica:0/task:0/device:GPU:1 with 38364 MB memory:  -> device: 1, name: NVIDIA A100-SXM4-40GB, pci bus id: 0000:44:00.0, compute capability: 8.0
2024-09-09 03:05:46.669021: I tensorflow/core/common_runtime/gpu/gpu_device.cc:1613] Created device /job:localhost/replica:0/task:0/device:GPU:2 with 38364 MB memory:  -> device: 2, name: NVIDIA A100-SXM4-40GB, pci bus id: 0000:84:00.0, compute capability: 8.0
2024-09-09 03:05:46.671229: I tensorflow/core/common_runtime/gpu/gpu_device.cc:1613] Created device /job:localhost/replica:0/task:0/device:GPU:3 with 38364 MB memory:  -> device: 3, name: NVIDIA A100-SXM4-40GB, pci bus id: 0000:c4:00.0, compute capability: 8.0
2024-09-09 03:05:46.720646: I tensorflow/compiler/jit/xla_compilation_cache.cc:477] Compiled cluster using XLA!  This line is logged at most once for the lifetime of the process.
2024-09-09 03:05:48.073280: I tensorflow/core/common_runtime/gpu/gpu_device.cc:1613] Created device /job:localhost/replica:0/task:0/device:GPU:0 with 38364 MB memory:  -> device: 0, name: NVIDIA A100-SXM4-40GB, pci bus id: 0000:03:00.0, compute capability: 8.0
2024-09-09 03:05:48.075954: I tensorflow/core/common_runtime/gpu/gpu_device.cc:1613] Created device /job:localhost/replica:0/task:0/device:GPU:1 with 38364 MB memory:  -> device: 1, name: NVIDIA A100-SXM4-40GB, pci bus id: 0000:44:00.0, compute capability: 8.0
2024-09-09 03:05:48.077541: I tensorflow/core/common_runtime/gpu/gpu_device.cc:1613] Created device /job:localhost/replica:0/task:0/device:GPU:2 with 38364 MB memory:  -> device: 2, name: NVIDIA A100-SXM4-40GB, pci bus id: 0000:84:00.0, compute capability: 8.0
2024-09-09 03:05:48.079221: I tensorflow/core/common_runtime/gpu/gpu_device.cc:1613] Created device /job:localhost/replica:0/task:0/device:GPU:3 with 38364 MB memory:  -> device: 3, name: NVIDIA A100-SXM4-40GB, pci bus id: 0000:c4:00.0, compute capability: 8.0
2024-09-09 03:05:49.868829: I tensorflow/compiler/xla/stream_executor/cuda/cuda_dnn.cc:428] Loaded cuDNN version 8600
2024-09-09 03:05:50.380876: I tensorflow/compiler/xla/stream_executor/cuda/cuda_blas.cc:630] TensorFloat-32 will be used for the matrix multiplication. This will only be logged once.
2024-09-09 03:05:50.680103: I tensorflow/compiler/xla/service/service.cc:173] XLA service 0x6608a690 initialized for platform CUDA (this does not guarantee that XLA will be used). Devices:
2024-09-09 03:05:50.680154: I tensorflow/compiler/xla/service/service.cc:181]   StreamExecutor device (0): NVIDIA A100-SXM4-40GB, Compute Capability 8.0
2024-09-09 03:05:50.680161: I tensorflow/compiler/xla/service/service.cc:181]   StreamExecutor device (1): NVIDIA A100-SXM4-40GB, Compute Capability 8.0
2024-09-09 03:05:50.680167: I tensorflow/compiler/xla/service/service.cc:181]   StreamExecutor device (2): NVIDIA A100-SXM4-40GB, Compute Capability 8.0
2024-09-09 03:05:50.680174: I tensorflow/compiler/xla/service/service.cc:181]   StreamExecutor device (3): NVIDIA A100-SXM4-40GB, Compute Capability 8.0
2024-09-09 03:05:50.685261: I tensorflow/compiler/mlir/tensorflow/utils/dump_mlir_util.cc:268] disabling MLIR crash reproducer, set env var `MLIR_CRASH_REPRODUCER_DIRECTORY` to enable.
2024-09-09 03:05:50.849072: I tensorflow/compiler/jit/xla_compilation_cache.cc:477] Compiled cluster using XLA!  This line is logged at most once for the lifetime of the process.
2024-09-09 03:05:51.215104: I tensorflow/compiler/xla/stream_executor/cuda/cuda_dnn.cc:428] Loaded cuDNN version 8600
2024-09-09 03:05:52.083559: I tensorflow/compiler/xla/stream_executor/cuda/cuda_blas.cc:630] TensorFloat-32 will be used for the matrix multiplication. This will only be logged once.
2024-09-09 03:05:52.691484: I tensorflow/compiler/xla/service/service.cc:173] XLA service 0x148503141b00 initialized for platform CUDA (this does not guarantee that XLA will be used). Devices:
2024-09-09 03:05:52.691551: I tensorflow/compiler/xla/service/service.cc:181]   StreamExecutor device (0): NVIDIA A100-SXM4-40GB, Compute Capability 8.0
2024-09-09 03:05:52.691559: I tensorflow/compiler/xla/service/service.cc:181]   StreamExecutor device (1): NVIDIA A100-SXM4-40GB, Compute Capability 8.0
2024-09-09 03:05:52.691565: I tensorflow/compiler/xla/service/service.cc:181]   StreamExecutor device (2): NVIDIA A100-SXM4-40GB, Compute Capability 8.0
2024-09-09 03:05:52.691572: I tensorflow/compiler/xla/service/service.cc:181]   StreamExecutor device (3): NVIDIA A100-SXM4-40GB, Compute Capability 8.0
2024-09-09 03:05:52.708808: I tensorflow/compiler/mlir/tensorflow/utils/dump_mlir_util.cc:268] disabling MLIR crash reproducer, set env var `MLIR_CRASH_REPRODUCER_DIRECTORY` to enable.
2024-09-09 03:05:52.924235: I tensorflow/compiler/jit/xla_compilation_cache.cc:477] Compiled cluster using XLA!  This line is logged at most once for the lifetime of the process.
2024-09-09 03:05:53.479106: I tensorflow/compiler/xla/stream_executor/cuda/cuda_dnn.cc:428] Loaded cuDNN version 8600
2024-09-09 03:05:54.518007: I tensorflow/compiler/xla/stream_executor/cuda/cuda_blas.cc:630] TensorFloat-32 will be used for the matrix multiplication. This will only be logged once.
2024-09-09 03:05:54.943058: I tensorflow/compiler/xla/service/service.cc:173] XLA service 0x14ba861c0200 initialized for platform CUDA (this does not guarantee that XLA will be used). Devices:
2024-09-09 03:05:54.943147: I tensorflow/compiler/xla/service/service.cc:181]   StreamExecutor device (0): NVIDIA A100-SXM4-40GB, Compute Capability 8.0
2024-09-09 03:05:54.943161: I tensorflow/compiler/xla/service/service.cc:181]   StreamExecutor device (1): NVIDIA A100-SXM4-40GB, Compute Capability 8.0
2024-09-09 03:05:54.943174: I tensorflow/compiler/xla/service/service.cc:181]   StreamExecutor device (2): NVIDIA A100-SXM4-40GB, Compute Capability 8.0
2024-09-09 03:05:54.943186: I tensorflow/compiler/xla/service/service.cc:181]   StreamExecutor device (3): NVIDIA A100-SXM4-40GB, Compute Capability 8.0
2024-09-09 03:05:54.961544: I tensorflow/compiler/mlir/tensorflow/utils/dump_mlir_util.cc:268] disabling MLIR crash reproducer, set env var `MLIR_CRASH_REPRODUCER_DIRECTORY` to enable.
2024-09-09 03:05:55.181431: I tensorflow/compiler/jit/xla_compilation_cache.cc:477] Compiled cluster using XLA!  This line is logged at most once for the lifetime of the process.
2024-09-09 03:06:02.445081: I tensorflow/compiler/xla/stream_executor/cuda/cuda_dnn.cc:428] Loaded cuDNN version 8600
2024-09-09 03:06:03.028838: I tensorflow/compiler/xla/stream_executor/cuda/cuda_dnn.cc:428] Loaded cuDNN version 8600
2024-09-09 03:06:03.207213: I tensorflow/compiler/xla/stream_executor/cuda/cuda_blas.cc:630] TensorFloat-32 will be used for the matrix multiplication. This will only be logged once.
2024-09-09 03:06:03.507940: I tensorflow/compiler/xla/stream_executor/cuda/cuda_blas.cc:630] TensorFloat-32 will be used for the matrix multiplication. This will only be logged once.
2024-09-09 03:06:03.666629: I tensorflow/compiler/xla/service/service.cc:173] XLA service 0x65785510 initialized for platform CUDA (this does not guarantee that XLA will be used). Devices:
2024-09-09 03:06:03.666709: I tensorflow/compiler/xla/service/service.cc:181]   StreamExecutor device (0): NVIDIA A100-SXM4-40GB, Compute Capability 8.0
2024-09-09 03:06:03.666718: I tensorflow/compiler/xla/service/service.cc:181]   StreamExecutor device (1): NVIDIA A100-SXM4-40GB, Compute Capability 8.0
2024-09-09 03:06:03.666726: I tensorflow/compiler/xla/service/service.cc:181]   StreamExecutor device (2): NVIDIA A100-SXM4-40GB, Compute Capability 8.0
2024-09-09 03:06:03.666743: I tensorflow/compiler/xla/service/service.cc:181]   StreamExecutor device (3): NVIDIA A100-SXM4-40GB, Compute Capability 8.0
2024-09-09 03:06:03.684811: I tensorflow/compiler/mlir/tensorflow/utils/dump_mlir_util.cc:268] disabling MLIR crash reproducer, set env var `MLIR_CRASH_REPRODUCER_DIRECTORY` to enable.
2024-09-09 03:06:03.786281: I tensorflow/compiler/xla/service/service.cc:173] XLA service 0x65fb3090 initialized for platform CUDA (this does not guarantee that XLA will be used). Devices:
2024-09-09 03:06:03.786340: I tensorflow/compiler/xla/service/service.cc:181]   StreamExecutor device (0): NVIDIA A100-SXM4-40GB, Compute Capability 8.0
2024-09-09 03:06:03.786347: I tensorflow/compiler/xla/service/service.cc:181]   StreamExecutor device (1): NVIDIA A100-SXM4-40GB, Compute Capability 8.0
2024-09-09 03:06:03.786353: I tensorflow/compiler/xla/service/service.cc:181]   StreamExecutor device (2): NVIDIA A100-SXM4-40GB, Compute Capability 8.0
2024-09-09 03:06:03.786359: I tensorflow/compiler/xla/service/service.cc:181]   StreamExecutor device (3): NVIDIA A100-SXM4-40GB, Compute Capability 8.0
2024-09-09 03:06:03.791510: I tensorflow/compiler/mlir/tensorflow/utils/dump_mlir_util.cc:268] disabling MLIR crash reproducer, set env var `MLIR_CRASH_REPRODUCER_DIRECTORY` to enable.
2024-09-09 03:06:03.900626: I tensorflow/compiler/jit/xla_compilation_cache.cc:477] Compiled cluster using XLA!  This line is logged at most once for the lifetime of the process.
2024-09-09 03:06:03.954019: I tensorflow/compiler/jit/xla_compilation_cache.cc:477] Compiled cluster using XLA!  This line is logged at most once for the lifetime of the process.
2024-09-09 03:06:06.279153: I tensorflow/compiler/xla/stream_executor/cuda/cuda_dnn.cc:428] Loaded cuDNN version 8600
2024-09-09 03:06:06.837513: I tensorflow/compiler/xla/stream_executor/cuda/cuda_dnn.cc:428] Loaded cuDNN version 8600
2024-09-09 03:06:07.140400: I tensorflow/compiler/xla/stream_executor/cuda/cuda_blas.cc:630] TensorFloat-32 will be used for the matrix multiplication. This will only be logged once.
2024-09-09 03:06:07.530720: I tensorflow/compiler/xla/stream_executor/cuda/cuda_blas.cc:630] TensorFloat-32 will be used for the matrix multiplication. This will only be logged once.
2024-09-09 03:06:07.724368: I tensorflow/compiler/xla/service/service.cc:173] XLA service 0x65d1a670 initialized for platform CUDA (this does not guarantee that XLA will be used). Devices:
2024-09-09 03:06:07.724440: I tensorflow/compiler/xla/service/service.cc:181]   StreamExecutor device (0): NVIDIA A100-SXM4-40GB, Compute Capability 8.0
2024-09-09 03:06:07.724448: I tensorflow/compiler/xla/service/service.cc:181]   StreamExecutor device (1): NVIDIA A100-SXM4-40GB, Compute Capability 8.0
2024-09-09 03:06:07.724454: I tensorflow/compiler/xla/service/service.cc:181]   StreamExecutor device (2): NVIDIA A100-SXM4-40GB, Compute Capability 8.0
2024-09-09 03:06:07.724460: I tensorflow/compiler/xla/service/service.cc:181]   StreamExecutor device (3): NVIDIA A100-SXM4-40GB, Compute Capability 8.0
2024-09-09 03:06:07.742669: I tensorflow/compiler/mlir/tensorflow/utils/dump_mlir_util.cc:268] disabling MLIR crash reproducer, set env var `MLIR_CRASH_REPRODUCER_DIRECTORY` to enable.
2024-09-09 03:06:07.878632: I tensorflow/compiler/xla/service/service.cc:173] XLA service 0x653f96c0 initialized for platform CUDA (this does not guarantee that XLA will be used). Devices:
2024-09-09 03:06:07.878684: I tensorflow/compiler/xla/service/service.cc:181]   StreamExecutor device (0): NVIDIA A100-SXM4-40GB, Compute Capability 8.0
2024-09-09 03:06:07.878692: I tensorflow/compiler/xla/service/service.cc:181]   StreamExecutor device (1): NVIDIA A100-SXM4-40GB, Compute Capability 8.0
2024-09-09 03:06:07.878698: I tensorflow/compiler/xla/service/service.cc:181]   StreamExecutor device (2): NVIDIA A100-SXM4-40GB, Compute Capability 8.0
2024-09-09 03:06:07.878704: I tensorflow/compiler/xla/service/service.cc:181]   StreamExecutor device (3): NVIDIA A100-SXM4-40GB, Compute Capability 8.0
2024-09-09 03:06:07.883695: I tensorflow/compiler/mlir/tensorflow/utils/dump_mlir_util.cc:268] disabling MLIR crash reproducer, set env var `MLIR_CRASH_REPRODUCER_DIRECTORY` to enable.
2024-09-09 03:06:07.961844: I tensorflow/compiler/jit/xla_compilation_cache.cc:477] Compiled cluster using XLA!  This line is logged at most once for the lifetime of the process.
2024-09-09 03:06:08.045238: I tensorflow/compiler/jit/xla_compilation_cache.cc:477] Compiled cluster using XLA!  This line is logged at most once for the lifetime of the process.
srun: Job 10294686 step creation temporarily disabled, retrying (Requested nodes are busy)
srun: Job 10294686 step creation temporarily disabled, retrying (Requested nodes are busy)
srun: Job 10294686 step creation temporarily disabled, retrying (Requested nodes are busy)
srun: Job 10294686 step creation temporarily disabled, retrying (Requested nodes are busy)
srun: Job 10294686 step creation temporarily disabled, retrying (Requested nodes are busy)
srun: Job 10294686 step creation temporarily disabled, retrying (Requested nodes are busy)
srun: Job 10294686 step creation still disabled, retrying (Requested nodes are busy)
srun: Job 10294686 step creation still disabled, retrying (Requested nodes are busy)
srun: Job 10294686 step creation still disabled, retrying (Requested nodes are busy)
srun: Job 10294686 step creation still disabled, retrying (Requested nodes are busy)
srun: Job 10294686 step creation still disabled, retrying (Requested nodes are busy)
srun: Job 10294686 step creation still disabled, retrying (Requested nodes are busy)
srun: Job 10294686 step creation still disabled, retrying (Requested nodes are busy)
srun: Job 10294686 step creation still disabled, retrying (Requested nodes are busy)
srun: Job 10294686 step creation still disabled, retrying (Requested nodes are busy)
srun: Job 10294686 step creation still disabled, retrying (Requested nodes are busy)
srun: Job 10294686 step creation still disabled, retrying (Requested nodes are busy)
srun: Job 10294686 step creation still disabled, retrying (Requested nodes are busy)
srun: Job 10294686 step creation still disabled, retrying (Requested nodes are busy)
srun: Job 10294686 step creation still disabled, retrying (Requested nodes are busy)
srun: Job 10294686 step creation still disabled, retrying (Requested nodes are busy)
srun: Job 10294686 step creation still disabled, retrying (Requested nodes are busy)
srun: Job 10294686 step creation still disabled, retrying (Requested nodes are busy)
srun: Job 10294686 step creation still disabled, retrying (Requested nodes are busy)
srun: Job 10294686 step creation still disabled, retrying (Requested nodes are busy)
srun: Job 10294686 step creation still disabled, retrying (Requested nodes are busy)
srun: Job 10294686 step creation still disabled, retrying (Requested nodes are busy)
srun: Job 10294686 step creation still disabled, retrying (Requested nodes are busy)
srun: Job 10294686 step creation still disabled, retrying (Requested nodes are busy)
srun: Job 10294686 step creation still disabled, retrying (Requested nodes are busy)
srun: Job 10294686 step creation still disabled, retrying (Requested nodes are busy)
srun: Job 10294686 step creation still disabled, retrying (Requested nodes are busy)
srun: Job 10294686 step creation still disabled, retrying (Requested nodes are busy)
srun: Job 10294686 step creation still disabled, retrying (Requested nodes are busy)
srun: Job 10294686 step creation still disabled, retrying (Requested nodes are busy)
srun: Job 10294686 step creation still disabled, retrying (Requested nodes are busy)
srun: Job 10294686 step creation still disabled, retrying (Requested nodes are busy)
srun: Job 10294686 step creation still disabled, retrying (Requested nodes are busy)
srun: Job 10294686 step creation still disabled, retrying (Requested nodes are busy)
srun: Job 10294686 step creation still disabled, retrying (Requested nodes are busy)
srun: Job 10294686 step creation still disabled, retrying (Requested nodes are busy)
srun: Job 10294686 step creation still disabled, retrying (Requested nodes are busy)
srun: Job 10294686 step creation still disabled, retrying (Requested nodes are busy)
srun: Job 10294686 step creation still disabled, retrying (Requested nodes are busy)
srun: Job 10294686 step creation still disabled, retrying (Requested nodes are busy)
srun: Job 10294686 step creation still disabled, retrying (Requested nodes are busy)
srun: Job 10294686 step creation still disabled, retrying (Requested nodes are busy)
srun: Job 10294686 step creation still disabled, retrying (Requested nodes are busy)
srun: Job 10294686 step creation still disabled, retrying (Requested nodes are busy)
srun: Job 10294686 step creation still disabled, retrying (Requested nodes are busy)
srun: Job 10294686 step creation still disabled, retrying (Requested nodes are busy)
srun: Job 10294686 step creation still disabled, retrying (Requested nodes are busy)
srun: Job 10294686 step creation still disabled, retrying (Requested nodes are busy)
srun: Job 10294686 step creation still disabled, retrying (Requested nodes are busy)
srun: Job 10294686 step creation still disabled, retrying (Requested nodes are busy)
srun: Job 10294686 step creation still disabled, retrying (Requested nodes are busy)
srun: Job 10294686 step creation still disabled, retrying (Requested nodes are busy)
srun: Job 10294686 step creation still disabled, retrying (Requested nodes are busy)
srun: Job 10294686 step creation still disabled, retrying (Requested nodes are busy)
srun: Job 10294686 step creation still disabled, retrying (Requested nodes are busy)
srun: Job 10294686 step creation still disabled, retrying (Requested nodes are busy)
srun: Job 10294686 step creation still disabled, retrying (Requested nodes are busy)
srun: Job 10294686 step creation still disabled, retrying (Requested nodes are busy)
srun: Job 10294686 step creation still disabled, retrying (Requested nodes are busy)
srun: Job 10294686 step creation still disabled, retrying (Requested nodes are busy)
srun: Job 10294686 step creation still disabled, retrying (Requested nodes are busy)
srun: Job 10294686 step creation still disabled, retrying (Requested nodes are busy)
srun: Job 10294686 step creation still disabled, retrying (Requested nodes are busy)
srun: Job 10294686 step creation still disabled, retrying (Requested nodes are busy)
srun: Job 10294686 step creation still disabled, retrying (Requested nodes are busy)
srun: Job 10294686 step creation still disabled, retrying (Requested nodes are busy)
srun: Job 10294686 step creation still disabled, retrying (Requested nodes are busy)
srun: Job 10294686 step creation still disabled, retrying (Requested nodes are busy)
srun: Job 10294686 step creation still disabled, retrying (Requested nodes are busy)
srun: Job 10294686 step creation still disabled, retrying (Requested nodes are busy)
srun: Job 10294686 step creation still disabled, retrying (Requested nodes are busy)
srun: Job 10294686 step creation still disabled, retrying (Requested nodes are busy)
srun: Job 10294686 step creation still disabled, retrying (Requested nodes are busy)
srun: Job 10294686 step creation still disabled, retrying (Requested nodes are busy)
srun: Job 10294686 step creation still disabled, retrying (Requested nodes are busy)
srun: Job 10294686 step creation still disabled, retrying (Requested nodes are busy)
srun: Job 10294686 step creation still disabled, retrying (Requested nodes are busy)
srun: Job 10294686 step creation still disabled, retrying (Requested nodes are busy)
srun: Job 10294686 step creation still disabled, retrying (Requested nodes are busy)
srun: Job 10294686 step creation still disabled, retrying (Requested nodes are busy)
srun: Job 10294686 step creation still disabled, retrying (Requested nodes are busy)
srun: Job 10294686 step creation still disabled, retrying (Requested nodes are busy)
srun: Job 10294686 step creation still disabled, retrying (Requested nodes are busy)
srun: Job 10294686 step creation still disabled, retrying (Requested nodes are busy)
srun: Job 10294686 step creation still disabled, retrying (Requested nodes are busy)
srun: Job 10294686 step creation still disabled, retrying (Requested nodes are busy)
srun: Job 10294686 step creation still disabled, retrying (Requested nodes are busy)
srun: Job 10294686 step creation still disabled, retrying (Requested nodes are busy)
srun: Job 10294686 step creation still disabled, retrying (Requested nodes are busy)
srun: Job 10294686 step creation still disabled, retrying (Requested nodes are busy)
srun: Job 10294686 step creation still disabled, retrying (Requested nodes are busy)
srun: Job 10294686 step creation still disabled, retrying (Requested nodes are busy)
srun: Job 10294686 step creation still disabled, retrying (Requested nodes are busy)
srun: Job 10294686 step creation still disabled, retrying (Requested nodes are busy)
srun: Job 10294686 step creation still disabled, retrying (Requested nodes are busy)
srun: Job 10294686 step creation still disabled, retrying (Requested nodes are busy)
srun: Job 10294686 step creation still disabled, retrying (Requested nodes are busy)
srun: Job 10294686 step creation still disabled, retrying (Requested nodes are busy)
srun: Job 10294686 step creation still disabled, retrying (Requested nodes are busy)
srun: Job 10294686 step creation still disabled, retrying (Requested nodes are busy)
srun: Job 10294686 step creation still disabled, retrying (Requested nodes are busy)
srun: Job 10294686 step creation still disabled, retrying (Requested nodes are busy)
srun: Job 10294686 step creation still disabled, retrying (Requested nodes are busy)
srun: Job 10294686 step creation still disabled, retrying (Requested nodes are busy)
srun: Job 10294686 step creation still disabled, retrying (Requested nodes are busy)
srun: Job 10294686 step creation still disabled, retrying (Requested nodes are busy)
srun: Job 10294686 step creation still disabled, retrying (Requested nodes are busy)
srun: Job 10294686 step creation still disabled, retrying (Requested nodes are busy)
srun: Job 10294686 step creation still disabled, retrying (Requested nodes are busy)
srun: Job 10294686 step creation still disabled, retrying (Requested nodes are busy)
srun: Job 10294686 step creation still disabled, retrying (Requested nodes are busy)
srun: Job 10294686 step creation still disabled, retrying (Requested nodes are busy)
srun: Job 10294686 step creation still disabled, retrying (Requested nodes are busy)
srun: Job 10294686 step creation still disabled, retrying (Requested nodes are busy)
srun: Job 10294686 step creation still disabled, retrying (Requested nodes are busy)
srun: Job 10294686 step creation still disabled, retrying (Requested nodes are busy)
srun: Job 10294686 step creation still disabled, retrying (Requested nodes are busy)
srun: Job 10294686 step creation still disabled, retrying (Requested nodes are busy)
srun: Job 10294686 step creation still disabled, retrying (Requested nodes are busy)
srun: Job 10294686 step creation still disabled, retrying (Requested nodes are busy)
srun: Job 10294686 step creation still disabled, retrying (Requested nodes are busy)
srun: Job 10294686 step creation still disabled, retrying (Requested nodes are busy)
srun: Job 10294686 step creation still disabled, retrying (Requested nodes are busy)
srun: Job 10294686 step creation still disabled, retrying (Requested nodes are busy)
srun: Job 10294686 step creation still disabled, retrying (Requested nodes are busy)
srun: Job 10294686 step creation still disabled, retrying (Requested nodes are busy)
srun: Job 10294686 step creation still disabled, retrying (Requested nodes are busy)
srun: Job 10294686 step creation still disabled, retrying (Requested nodes are busy)
srun: Job 10294686 step creation still disabled, retrying (Requested nodes are busy)
srun: Job 10294686 step creation still disabled, retrying (Requested nodes are busy)
srun: Job 10294686 step creation still disabled, retrying (Requested nodes are busy)
srun: Job 10294686 step creation still disabled, retrying (Requested nodes are busy)
srun: Job 10294686 step creation still disabled, retrying (Requested nodes are busy)
srun: Job 10294686 step creation still disabled, retrying (Requested nodes are busy)
srun: Job 10294686 step creation still disabled, retrying (Requested nodes are busy)
srun: Job 10294686 step creation still disabled, retrying (Requested nodes are busy)
srun: Job 10294686 step creation still disabled, retrying (Requested nodes are busy)
srun: Job 10294686 step creation still disabled, retrying (Requested nodes are busy)
srun: Job 10294686 step creation still disabled, retrying (Requested nodes are busy)
srun: Job 10294686 step creation still disabled, retrying (Requested nodes are busy)
srun: Job 10294686 step creation still disabled, retrying (Requested nodes are busy)
srun: Job 10294686 step creation still disabled, retrying (Requested nodes are busy)
srun: Job 10294686 step creation still disabled, retrying (Requested nodes are busy)
srun: Job 10294686 step creation still disabled, retrying (Requested nodes are busy)
srun: Job 10294686 step creation still disabled, retrying (Requested nodes are busy)
srun: Job 10294686 step creation still disabled, retrying (Requested nodes are busy)
srun: Job 10294686 step creation still disabled, retrying (Requested nodes are busy)
srun: Job 10294686 step creation still disabled, retrying (Requested nodes are busy)
srun: Job 10294686 step creation still disabled, retrying (Requested nodes are busy)
srun: Job 10294686 step creation still disabled, retrying (Requested nodes are busy)
srun: Job 10294686 step creation still disabled, retrying (Requested nodes are busy)
srun: Job 10294686 step creation still disabled, retrying (Requested nodes are busy)
srun: Job 10294686 step creation still disabled, retrying (Requested nodes are busy)
srun: Job 10294686 step creation still disabled, retrying (Requested nodes are busy)
srun: Job 10294686 step creation still disabled, retrying (Requested nodes are busy)
srun: Job 10294686 step creation still disabled, retrying (Requested nodes are busy)
srun: Job 10294686 step creation still disabled, retrying (Requested nodes are busy)
srun: Job 10294686 step creation still disabled, retrying (Requested nodes are busy)
srun: Job 10294686 step creation still disabled, retrying (Requested nodes are busy)
srun: Job 10294686 step creation still disabled, retrying (Requested nodes are busy)
srun: Job 10294686 step creation still disabled, retrying (Requested nodes are busy)
srun: Job 10294686 step creation still disabled, retrying (Requested nodes are busy)
srun: Job 10294686 step creation still disabled, retrying (Requested nodes are busy)
srun: Job 10294686 step creation still disabled, retrying (Requested nodes are busy)
srun: Job 10294686 step creation still disabled, retrying (Requested nodes are busy)
srun: Job 10294686 step creation still disabled, retrying (Requested nodes are busy)
srun: Job 10294686 step creation still disabled, retrying (Requested nodes are busy)
srun: Job 10294686 step creation still disabled, retrying (Requested nodes are busy)
srun: Job 10294686 step creation still disabled, retrying (Requested nodes are busy)
srun: Job 10294686 step creation still disabled, retrying (Requested nodes are busy)
srun: Job 10294686 step creation still disabled, retrying (Requested nodes are busy)
srun: Job 10294686 step creation still disabled, retrying (Requested nodes are busy)
srun: Job 10294686 step creation still disabled, retrying (Requested nodes are busy)
srun: Job 10294686 step creation still disabled, retrying (Requested nodes are busy)
srun: Job 10294686 step creation still disabled, retrying (Requested nodes are busy)
srun: Job 10294686 step creation still disabled, retrying (Requested nodes are busy)
srun: Job 10294686 step creation still disabled, retrying (Requested nodes are busy)
srun: Job 10294686 step creation still disabled, retrying (Requested nodes are busy)
srun: Job 10294686 step creation still disabled, retrying (Requested nodes are busy)
srun: Job 10294686 step creation still disabled, retrying (Requested nodes are busy)
srun: Job 10294686 step creation still disabled, retrying (Requested nodes are busy)
srun: Job 10294686 step creation still disabled, retrying (Requested nodes are busy)
srun: Job 10294686 step creation still disabled, retrying (Requested nodes are busy)
srun: Job 10294686 step creation still disabled, retrying (Requested nodes are busy)
srun: Job 10294686 step creation still disabled, retrying (Requested nodes are busy)
srun: Job 10294686 step creation still disabled, retrying (Requested nodes are busy)
srun: Job 10294686 step creation still disabled, retrying (Requested nodes are busy)
srun: Job 10294686 step creation still disabled, retrying (Requested nodes are busy)
srun: Job 10294686 step creation still disabled, retrying (Requested nodes are busy)
srun: Job 10294686 step creation still disabled, retrying (Requested nodes are busy)
srun: Job 10294686 step creation still disabled, retrying (Requested nodes are busy)
srun: Job 10294686 step creation still disabled, retrying (Requested nodes are busy)
srun: Job 10294686 step creation still disabled, retrying (Requested nodes are busy)
srun: Job 10294686 step creation still disabled, retrying (Requested nodes are busy)
srun: Job 10294686 step creation still disabled, retrying (Requested nodes are busy)
srun: Job 10294686 step creation still disabled, retrying (Requested nodes are busy)
srun: Job 10294686 step creation still disabled, retrying (Requested nodes are busy)
srun: Job 10294686 step creation still disabled, retrying (Requested nodes are busy)
srun: Job 10294686 step creation still disabled, retrying (Requested nodes are busy)
srun: Job 10294686 step creation still disabled, retrying (Requested nodes are busy)
srun: Job 10294686 step creation still disabled, retrying (Requested nodes are busy)
srun: Job 10294686 step creation still disabled, retrying (Requested nodes are busy)
srun: Job 10294686 step creation still disabled, retrying (Requested nodes are busy)
srun: Job 10294686 step creation still disabled, retrying (Requested nodes are busy)
srun: Job 10294686 step creation still disabled, retrying (Requested nodes are busy)
srun: Job 10294686 step creation still disabled, retrying (Requested nodes are busy)
srun: Job 10294686 step creation still disabled, retrying (Requested nodes are busy)
srun: Job 10294686 step creation still disabled, retrying (Requested nodes are busy)
srun: Job 10294686 step creation still disabled, retrying (Requested nodes are busy)
srun: Job 10294686 step creation still disabled, retrying (Requested nodes are busy)
srun: Job 10294686 step creation still disabled, retrying (Requested nodes are busy)
srun: Job 10294686 step creation still disabled, retrying (Requested nodes are busy)
srun: Job 10294686 step creation still disabled, retrying (Requested nodes are busy)
srun: Job 10294686 step creation still disabled, retrying (Requested nodes are busy)
srun: Job 10294686 step creation still disabled, retrying (Requested nodes are busy)
srun: Job 10294686 step creation still disabled, retrying (Requested nodes are busy)
srun: Job 10294686 step creation still disabled, retrying (Requested nodes are busy)
srun: Job 10294686 step creation still disabled, retrying (Requested nodes are busy)
srun: Job 10294686 step creation still disabled, retrying (Requested nodes are busy)
srun: Job 10294686 step creation still disabled, retrying (Requested nodes are busy)
srun: Job 10294686 step creation still disabled, retrying (Requested nodes are busy)
srun: Job 10294686 step creation still disabled, retrying (Requested nodes are busy)
srun: Job 10294686 step creation still disabled, retrying (Requested nodes are busy)
srun: Job 10294686 step creation still disabled, retrying (Requested nodes are busy)
srun: Job 10294686 step creation still disabled, retrying (Requested nodes are busy)
srun: Job 10294686 step creation still disabled, retrying (Requested nodes are busy)
srun: Job 10294686 step creation still disabled, retrying (Requested nodes are busy)
srun: Job 10294686 step creation still disabled, retrying (Requested nodes are busy)
srun: Job 10294686 step creation still disabled, retrying (Requested nodes are busy)
srun: Job 10294686 step creation still disabled, retrying (Requested nodes are busy)
srun: Job 10294686 step creation still disabled, retrying (Requested nodes are busy)
srun: Job 10294686 step creation still disabled, retrying (Requested nodes are busy)
srun: Job 10294686 step creation still disabled, retrying (Requested nodes are busy)
srun: Job 10294686 step creation still disabled, retrying (Requested nodes are busy)
srun: Job 10294686 step creation still disabled, retrying (Requested nodes are busy)
srun: Job 10294686 step creation still disabled, retrying (Requested nodes are busy)
srun: Job 10294686 step creation still disabled, retrying (Requested nodes are busy)
srun: Job 10294686 step creation still disabled, retrying (Requested nodes are busy)
srun: Job 10294686 step creation still disabled, retrying (Requested nodes are busy)
srun: Job 10294686 step creation still disabled, retrying (Requested nodes are busy)
srun: Job 10294686 step creation still disabled, retrying (Requested nodes are busy)
srun: Job 10294686 step creation still disabled, retrying (Requested nodes are busy)
srun: Job 10294686 step creation still disabled, retrying (Requested nodes are busy)
srun: Job 10294686 step creation still disabled, retrying (Requested nodes are busy)
srun: Job 10294686 step creation still disabled, retrying (Requested nodes are busy)
srun: Job 10294686 step creation still disabled, retrying (Requested nodes are busy)
srun: Job 10294686 step creation still disabled, retrying (Requested nodes are busy)
srun: Job 10294686 step creation still disabled, retrying (Requested nodes are busy)
srun: Job 10294686 step creation still disabled, retrying (Requested nodes are busy)
srun: Job 10294686 step creation still disabled, retrying (Requested nodes are busy)
srun: Job 10294686 step creation still disabled, retrying (Requested nodes are busy)
srun: Job 10294686 step creation still disabled, retrying (Requested nodes are busy)
srun: Job 10294686 step creation still disabled, retrying (Requested nodes are busy)
srun: Job 10294686 step creation still disabled, retrying (Requested nodes are busy)
srun: Job 10294686 step creation still disabled, retrying (Requested nodes are busy)
srun: Job 10294686 step creation still disabled, retrying (Requested nodes are busy)
srun: Job 10294686 step creation still disabled, retrying (Requested nodes are busy)
srun: Job 10294686 step creation still disabled, retrying (Requested nodes are busy)
srun: Job 10294686 step creation still disabled, retrying (Requested nodes are busy)
srun: Job 10294686 step creation still disabled, retrying (Requested nodes are busy)
srun: Job 10294686 step creation still disabled, retrying (Requested nodes are busy)
srun: Job 10294686 step creation still disabled, retrying (Requested nodes are busy)
srun: Job 10294686 step creation still disabled, retrying (Requested nodes are busy)
srun: Job 10294686 step creation still disabled, retrying (Requested nodes are busy)
srun: Job 10294686 step creation still disabled, retrying (Requested nodes are busy)
srun: Job 10294686 step creation still disabled, retrying (Requested nodes are busy)
srun: Job 10294686 step creation still disabled, retrying (Requested nodes are busy)
srun: Job 10294686 step creation still disabled, retrying (Requested nodes are busy)
srun: Job 10294686 step creation still disabled, retrying (Requested nodes are busy)
srun: Job 10294686 step creation still disabled, retrying (Requested nodes are busy)
srun: Job 10294686 step creation still disabled, retrying (Requested nodes are busy)
srun: Job 10294686 step creation still disabled, retrying (Requested nodes are busy)
srun: Job 10294686 step creation still disabled, retrying (Requested nodes are busy)
srun: Job 10294686 step creation still disabled, retrying (Requested nodes are busy)
srun: Job 10294686 step creation still disabled, retrying (Requested nodes are busy)
srun: Job 10294686 step creation still disabled, retrying (Requested nodes are busy)
srun: Job 10294686 step creation still disabled, retrying (Requested nodes are busy)
srun: Job 10294686 step creation still disabled, retrying (Requested nodes are busy)
srun: Job 10294686 step creation still disabled, retrying (Requested nodes are busy)
srun: Job 10294686 step creation still disabled, retrying (Requested nodes are busy)
srun: Job 10294686 step creation still disabled, retrying (Requested nodes are busy)
srun: Job 10294686 step creation still disabled, retrying (Requested nodes are busy)
srun: Job 10294686 step creation still disabled, retrying (Requested nodes are busy)
srun: Job 10294686 step creation still disabled, retrying (Requested nodes are busy)
srun: Job 10294686 step creation still disabled, retrying (Requested nodes are busy)
srun: Job 10294686 step creation still disabled, retrying (Requested nodes are busy)
srun: Job 10294686 step creation still disabled, retrying (Requested nodes are busy)
srun: Job 10294686 step creation still disabled, retrying (Requested nodes are busy)
srun: Step created for StepId=10294686.10
2024-09-09 04:47:20.152070: I tensorflow/core/common_runtime/gpu/gpu_device.cc:1613] Created device /job:localhost/replica:0/task:0/device:GPU:0 with 38364 MB memory:  -> device: 0, name: NVIDIA A100-SXM4-40GB, pci bus id: 0000:03:00.0, compute capability: 8.0
2024-09-09 04:47:20.155156: I tensorflow/core/common_runtime/gpu/gpu_device.cc:1613] Created device /job:localhost/replica:0/task:0/device:GPU:1 with 38364 MB memory:  -> device: 1, name: NVIDIA A100-SXM4-40GB, pci bus id: 0000:44:00.0, compute capability: 8.0
2024-09-09 04:47:20.156827: I tensorflow/core/common_runtime/gpu/gpu_device.cc:1613] Created device /job:localhost/replica:0/task:0/device:GPU:2 with 38364 MB memory:  -> device: 2, name: NVIDIA A100-SXM4-40GB, pci bus id: 0000:84:00.0, compute capability: 8.0
2024-09-09 04:47:20.158393: I tensorflow/core/common_runtime/gpu/gpu_device.cc:1613] Created device /job:localhost/replica:0/task:0/device:GPU:3 with 38364 MB memory:  -> device: 3, name: NVIDIA A100-SXM4-40GB, pci bus id: 0000:c4:00.0, compute capability: 8.0
srun: Job 10294686 step creation still disabled, retrying (Requested nodes are busy)
srun: Job 10294686 step creation still disabled, retrying (Requested nodes are busy)
srun: Job 10294686 step creation still disabled, retrying (Requested nodes are busy)
srun: Job 10294686 step creation still disabled, retrying (Requested nodes are busy)
srun: Job 10294686 step creation still disabled, retrying (Requested nodes are busy)
srun: Step created for StepId=10294686.11
2024-09-09 04:47:38.855021: I tensorflow/compiler/xla/stream_executor/cuda/cuda_dnn.cc:428] Loaded cuDNN version 8600
2024-09-09 04:47:39.369016: I tensorflow/compiler/xla/stream_executor/cuda/cuda_blas.cc:630] TensorFloat-32 will be used for the matrix multiplication. This will only be logged once.
2024-09-09 04:47:39.675092: I tensorflow/compiler/xla/service/service.cc:173] XLA service 0x6641b090 initialized for platform CUDA (this does not guarantee that XLA will be used). Devices:
2024-09-09 04:47:39.675150: I tensorflow/compiler/xla/service/service.cc:181]   StreamExecutor device (0): NVIDIA A100-SXM4-40GB, Compute Capability 8.0
2024-09-09 04:47:39.675157: I tensorflow/compiler/xla/service/service.cc:181]   StreamExecutor device (1): NVIDIA A100-SXM4-40GB, Compute Capability 8.0
2024-09-09 04:47:39.675164: I tensorflow/compiler/xla/service/service.cc:181]   StreamExecutor device (2): NVIDIA A100-SXM4-40GB, Compute Capability 8.0
2024-09-09 04:47:39.675170: I tensorflow/compiler/xla/service/service.cc:181]   StreamExecutor device (3): NVIDIA A100-SXM4-40GB, Compute Capability 8.0
2024-09-09 04:47:39.680265: I tensorflow/compiler/mlir/tensorflow/utils/dump_mlir_util.cc:268] disabling MLIR crash reproducer, set env var `MLIR_CRASH_REPRODUCER_DIRECTORY` to enable.
2024-09-09 04:47:39.842619: I tensorflow/compiler/jit/xla_compilation_cache.cc:477] Compiled cluster using XLA!  This line is logged at most once for the lifetime of the process.
2024-09-09 04:47:53.241249: I tensorflow/core/common_runtime/gpu/gpu_device.cc:1613] Created device /job:localhost/replica:0/task:0/device:GPU:0 with 38364 MB memory:  -> device: 0, name: NVIDIA A100-SXM4-40GB, pci bus id: 0000:03:00.0, compute capability: 8.0
2024-09-09 04:47:53.243015: I tensorflow/core/common_runtime/gpu/gpu_device.cc:1613] Created device /job:localhost/replica:0/task:0/device:GPU:1 with 38364 MB memory:  -> device: 1, name: NVIDIA A100-SXM4-40GB, pci bus id: 0000:44:00.0, compute capability: 8.0
2024-09-09 04:47:53.244558: I tensorflow/core/common_runtime/gpu/gpu_device.cc:1613] Created device /job:localhost/replica:0/task:0/device:GPU:2 with 38364 MB memory:  -> device: 2, name: NVIDIA A100-SXM4-40GB, pci bus id: 0000:84:00.0, compute capability: 8.0
2024-09-09 04:47:53.246257: I tensorflow/core/common_runtime/gpu/gpu_device.cc:1613] Created device /job:localhost/replica:0/task:0/device:GPU:3 with 38364 MB memory:  -> device: 3, name: NVIDIA A100-SXM4-40GB, pci bus id: 0000:c4:00.0, compute capability: 8.0
2024-09-09 04:48:12.109538: I tensorflow/compiler/xla/stream_executor/cuda/cuda_dnn.cc:428] Loaded cuDNN version 8600
2024-09-09 04:48:12.592238: I tensorflow/compiler/xla/stream_executor/cuda/cuda_blas.cc:630] TensorFloat-32 will be used for the matrix multiplication. This will only be logged once.
2024-09-09 04:48:12.846717: I tensorflow/compiler/xla/service/service.cc:173] XLA service 0x64d7b340 initialized for platform CUDA (this does not guarantee that XLA will be used). Devices:
2024-09-09 04:48:12.846769: I tensorflow/compiler/xla/service/service.cc:181]   StreamExecutor device (0): NVIDIA A100-SXM4-40GB, Compute Capability 8.0
2024-09-09 04:48:12.846776: I tensorflow/compiler/xla/service/service.cc:181]   StreamExecutor device (1): NVIDIA A100-SXM4-40GB, Compute Capability 8.0
2024-09-09 04:48:12.846782: I tensorflow/compiler/xla/service/service.cc:181]   StreamExecutor device (2): NVIDIA A100-SXM4-40GB, Compute Capability 8.0
2024-09-09 04:48:12.846788: I tensorflow/compiler/xla/service/service.cc:181]   StreamExecutor device (3): NVIDIA A100-SXM4-40GB, Compute Capability 8.0
2024-09-09 04:48:12.852012: I tensorflow/compiler/mlir/tensorflow/utils/dump_mlir_util.cc:268] disabling MLIR crash reproducer, set env var `MLIR_CRASH_REPRODUCER_DIRECTORY` to enable.
2024-09-09 04:48:13.016264: I tensorflow/compiler/jit/xla_compilation_cache.cc:477] Compiled cluster using XLA!  This line is logged at most once for the lifetime of the process.
srun: Job 10294686 step creation still disabled, retrying (Requested nodes are busy)
srun: Job 10294686 step creation still disabled, retrying (Requested nodes are busy)
srun: Job 10294686 step creation still disabled, retrying (Requested nodes are busy)
srun: Job 10294686 step creation still disabled, retrying (Requested nodes are busy)
srun: Job 10294686 step creation still disabled, retrying (Requested nodes are busy)
srun: Job 10294686 step creation still disabled, retrying (Requested nodes are busy)
srun: Job 10294686 step creation still disabled, retrying (Requested nodes are busy)
srun: Job 10294686 step creation still disabled, retrying (Requested nodes are busy)
srun: Job 10294686 step creation still disabled, retrying (Requested nodes are busy)
srun: Job 10294686 step creation still disabled, retrying (Requested nodes are busy)
srun: Job 10294686 step creation still disabled, retrying (Requested nodes are busy)
srun: Job 10294686 step creation still disabled, retrying (Requested nodes are busy)
srun: Job 10294686 step creation still disabled, retrying (Requested nodes are busy)
srun: Job 10294686 step creation still disabled, retrying (Requested nodes are busy)
srun: Job 10294686 step creation still disabled, retrying (Requested nodes are busy)
srun: Job 10294686 step creation still disabled, retrying (Requested nodes are busy)
srun: Job 10294686 step creation still disabled, retrying (Requested nodes are busy)
srun: Job 10294686 step creation still disabled, retrying (Requested nodes are busy)
srun: Job 10294686 step creation still disabled, retrying (Requested nodes are busy)
srun: Job 10294686 step creation still disabled, retrying (Requested nodes are busy)
srun: Job 10294686 step creation still disabled, retrying (Requested nodes are busy)
srun: Job 10294686 step creation still disabled, retrying (Requested nodes are busy)
srun: Job 10294686 step creation still disabled, retrying (Requested nodes are busy)
srun: Job 10294686 step creation still disabled, retrying (Requested nodes are busy)
srun: Job 10294686 step creation still disabled, retrying (Requested nodes are busy)
srun: Job 10294686 step creation still disabled, retrying (Requested nodes are busy)
srun: Job 10294686 step creation still disabled, retrying (Requested nodes are busy)
srun: Job 10294686 step creation still disabled, retrying (Requested nodes are busy)
srun: Job 10294686 step creation still disabled, retrying (Requested nodes are busy)
srun: Job 10294686 step creation still disabled, retrying (Requested nodes are busy)
srun: Job 10294686 step creation still disabled, retrying (Requested nodes are busy)
srun: Job 10294686 step creation still disabled, retrying (Requested nodes are busy)
srun: Job 10294686 step creation still disabled, retrying (Requested nodes are busy)
srun: Job 10294686 step creation still disabled, retrying (Requested nodes are busy)
srun: Job 10294686 step creation still disabled, retrying (Requested nodes are busy)
srun: Job 10294686 step creation still disabled, retrying (Requested nodes are busy)
srun: Job 10294686 step creation still disabled, retrying (Requested nodes are busy)
srun: Job 10294686 step creation still disabled, retrying (Requested nodes are busy)
srun: Job 10294686 step creation still disabled, retrying (Requested nodes are busy)
srun: Job 10294686 step creation still disabled, retrying (Requested nodes are busy)
srun: Job 10294686 step creation still disabled, retrying (Requested nodes are busy)
srun: Job 10294686 step creation still disabled, retrying (Requested nodes are busy)
srun: Job 10294686 step creation still disabled, retrying (Requested nodes are busy)
srun: Job 10294686 step creation still disabled, retrying (Requested nodes are busy)
srun: Job 10294686 step creation still disabled, retrying (Requested nodes are busy)
srun: Job 10294686 step creation still disabled, retrying (Requested nodes are busy)
srun: Job 10294686 step creation still disabled, retrying (Requested nodes are busy)
srun: Job 10294686 step creation still disabled, retrying (Requested nodes are busy)
srun: Job 10294686 step creation still disabled, retrying (Requested nodes are busy)
srun: Job 10294686 step creation still disabled, retrying (Requested nodes are busy)
srun: Job 10294686 step creation still disabled, retrying (Requested nodes are busy)
srun: Job 10294686 step creation still disabled, retrying (Requested nodes are busy)
srun: Job 10294686 step creation still disabled, retrying (Requested nodes are busy)
srun: Job 10294686 step creation still disabled, retrying (Requested nodes are busy)
srun: Job 10294686 step creation still disabled, retrying (Requested nodes are busy)
srun: Job 10294686 step creation still disabled, retrying (Requested nodes are busy)
srun: Job 10294686 step creation still disabled, retrying (Requested nodes are busy)
srun: Job 10294686 step creation still disabled, retrying (Requested nodes are busy)
srun: Job 10294686 step creation still disabled, retrying (Requested nodes are busy)
srun: Job 10294686 step creation still disabled, retrying (Requested nodes are busy)
srun: Job 10294686 step creation still disabled, retrying (Requested nodes are busy)
srun: Job 10294686 step creation still disabled, retrying (Requested nodes are busy)
srun: Job 10294686 step creation still disabled, retrying (Requested nodes are busy)
srun: Job 10294686 step creation still disabled, retrying (Requested nodes are busy)
srun: Job 10294686 step creation still disabled, retrying (Requested nodes are busy)
srun: Job 10294686 step creation still disabled, retrying (Requested nodes are busy)
srun: Job 10294686 step creation still disabled, retrying (Requested nodes are busy)
srun: Job 10294686 step creation still disabled, retrying (Requested nodes are busy)
srun: Job 10294686 step creation still disabled, retrying (Requested nodes are busy)
srun: Job 10294686 step creation still disabled, retrying (Requested nodes are busy)
srun: Job 10294686 step creation still disabled, retrying (Requested nodes are busy)
srun: Job 10294686 step creation still disabled, retrying (Requested nodes are busy)
srun: Job 10294686 step creation still disabled, retrying (Requested nodes are busy)
srun: Job 10294686 step creation still disabled, retrying (Requested nodes are busy)
srun: Job 10294686 step creation still disabled, retrying (Requested nodes are busy)
srun: Job 10294686 step creation still disabled, retrying (Requested nodes are busy)
srun: Job 10294686 step creation still disabled, retrying (Requested nodes are busy)
srun: Job 10294686 step creation still disabled, retrying (Requested nodes are busy)
srun: Job 10294686 step creation still disabled, retrying (Requested nodes are busy)
srun: Job 10294686 step creation still disabled, retrying (Requested nodes are busy)
srun: Job 10294686 step creation still disabled, retrying (Requested nodes are busy)
srun: Job 10294686 step creation still disabled, retrying (Requested nodes are busy)
srun: Job 10294686 step creation still disabled, retrying (Requested nodes are busy)
srun: Job 10294686 step creation still disabled, retrying (Requested nodes are busy)
srun: Job 10294686 step creation still disabled, retrying (Requested nodes are busy)
srun: Job 10294686 step creation still disabled, retrying (Requested nodes are busy)
srun: Job 10294686 step creation still disabled, retrying (Requested nodes are busy)
srun: Job 10294686 step creation still disabled, retrying (Requested nodes are busy)
srun: Job 10294686 step creation still disabled, retrying (Requested nodes are busy)
srun: Job 10294686 step creation still disabled, retrying (Requested nodes are busy)
srun: Job 10294686 step creation still disabled, retrying (Requested nodes are busy)
srun: Step created for StepId=10294686.12
2024-09-09 05:35:52.764845: I tensorflow/core/common_runtime/gpu/gpu_device.cc:1613] Created device /job:localhost/replica:0/task:0/device:GPU:0 with 38364 MB memory:  -> device: 0, name: NVIDIA A100-SXM4-40GB, pci bus id: 0000:03:00.0, compute capability: 8.0
2024-09-09 05:35:52.767960: I tensorflow/core/common_runtime/gpu/gpu_device.cc:1613] Created device /job:localhost/replica:0/task:0/device:GPU:1 with 38364 MB memory:  -> device: 1, name: NVIDIA A100-SXM4-40GB, pci bus id: 0000:44:00.0, compute capability: 8.0
2024-09-09 05:35:52.770503: I tensorflow/core/common_runtime/gpu/gpu_device.cc:1613] Created device /job:localhost/replica:0/task:0/device:GPU:2 with 38364 MB memory:  -> device: 2, name: NVIDIA A100-SXM4-40GB, pci bus id: 0000:84:00.0, compute capability: 8.0
2024-09-09 05:35:52.772847: I tensorflow/core/common_runtime/gpu/gpu_device.cc:1613] Created device /job:localhost/replica:0/task:0/device:GPU:3 with 38364 MB memory:  -> device: 3, name: NVIDIA A100-SXM4-40GB, pci bus id: 0000:c4:00.0, compute capability: 8.0
2024-09-09 05:36:11.787763: I tensorflow/compiler/xla/stream_executor/cuda/cuda_dnn.cc:428] Loaded cuDNN version 8600
2024-09-09 05:36:12.412433: I tensorflow/compiler/xla/stream_executor/cuda/cuda_blas.cc:630] TensorFloat-32 will be used for the matrix multiplication. This will only be logged once.
2024-09-09 05:36:12.888936: I tensorflow/compiler/xla/service/service.cc:173] XLA service 0x66658810 initialized for platform CUDA (this does not guarantee that XLA will be used). Devices:
2024-09-09 05:36:12.888994: I tensorflow/compiler/xla/service/service.cc:181]   StreamExecutor device (0): NVIDIA A100-SXM4-40GB, Compute Capability 8.0
2024-09-09 05:36:12.889002: I tensorflow/compiler/xla/service/service.cc:181]   StreamExecutor device (1): NVIDIA A100-SXM4-40GB, Compute Capability 8.0
2024-09-09 05:36:12.889008: I tensorflow/compiler/xla/service/service.cc:181]   StreamExecutor device (2): NVIDIA A100-SXM4-40GB, Compute Capability 8.0
2024-09-09 05:36:12.889014: I tensorflow/compiler/xla/service/service.cc:181]   StreamExecutor device (3): NVIDIA A100-SXM4-40GB, Compute Capability 8.0
2024-09-09 05:36:12.894215: I tensorflow/compiler/mlir/tensorflow/utils/dump_mlir_util.cc:268] disabling MLIR crash reproducer, set env var `MLIR_CRASH_REPRODUCER_DIRECTORY` to enable.
2024-09-09 05:36:13.057852: I tensorflow/compiler/jit/xla_compilation_cache.cc:477] Compiled cluster using XLA!  This line is logged at most once for the lifetime of the process.
srun: Job 10294686 step creation still disabled, retrying (Requested nodes are busy)
srun: Job 10294686 step creation still disabled, retrying (Requested nodes are busy)
srun: Job 10294686 step creation still disabled, retrying (Requested nodes are busy)
srun: Job 10294686 step creation still disabled, retrying (Requested nodes are busy)
srun: Job 10294686 step creation still disabled, retrying (Requested nodes are busy)
srun: Step created for StepId=10294686.13
2024-09-09 05:37:39.285405: I tensorflow/core/common_runtime/gpu/gpu_device.cc:1613] Created device /job:localhost/replica:0/task:0/device:GPU:0 with 38364 MB memory:  -> device: 0, name: NVIDIA A100-SXM4-40GB, pci bus id: 0000:03:00.0, compute capability: 8.0
2024-09-09 05:37:39.287258: I tensorflow/core/common_runtime/gpu/gpu_device.cc:1613] Created device /job:localhost/replica:0/task:0/device:GPU:1 with 38364 MB memory:  -> device: 1, name: NVIDIA A100-SXM4-40GB, pci bus id: 0000:44:00.0, compute capability: 8.0
2024-09-09 05:37:39.290053: I tensorflow/core/common_runtime/gpu/gpu_device.cc:1613] Created device /job:localhost/replica:0/task:0/device:GPU:2 with 38364 MB memory:  -> device: 2, name: NVIDIA A100-SXM4-40GB, pci bus id: 0000:84:00.0, compute capability: 8.0
2024-09-09 05:37:39.291606: I tensorflow/core/common_runtime/gpu/gpu_device.cc:1613] Created device /job:localhost/replica:0/task:0/device:GPU:3 with 38364 MB memory:  -> device: 3, name: NVIDIA A100-SXM4-40GB, pci bus id: 0000:c4:00.0, compute capability: 8.0
2024-09-09 05:37:58.113326: I tensorflow/compiler/xla/stream_executor/cuda/cuda_dnn.cc:428] Loaded cuDNN version 8600
2024-09-09 05:37:58.731362: I tensorflow/compiler/xla/stream_executor/cuda/cuda_blas.cc:630] TensorFloat-32 will be used for the matrix multiplication. This will only be logged once.
2024-09-09 05:37:59.794216: I tensorflow/compiler/xla/service/service.cc:173] XLA service 0x67696660 initialized for platform CUDA (this does not guarantee that XLA will be used). Devices:
2024-09-09 05:37:59.794258: I tensorflow/compiler/xla/service/service.cc:181]   StreamExecutor device (0): NVIDIA A100-SXM4-40GB, Compute Capability 8.0
2024-09-09 05:37:59.794265: I tensorflow/compiler/xla/service/service.cc:181]   StreamExecutor device (1): NVIDIA A100-SXM4-40GB, Compute Capability 8.0
2024-09-09 05:37:59.794271: I tensorflow/compiler/xla/service/service.cc:181]   StreamExecutor device (2): NVIDIA A100-SXM4-40GB, Compute Capability 8.0
2024-09-09 05:37:59.794277: I tensorflow/compiler/xla/service/service.cc:181]   StreamExecutor device (3): NVIDIA A100-SXM4-40GB, Compute Capability 8.0
2024-09-09 05:37:59.799449: I tensorflow/compiler/mlir/tensorflow/utils/dump_mlir_util.cc:268] disabling MLIR crash reproducer, set env var `MLIR_CRASH_REPRODUCER_DIRECTORY` to enable.
2024-09-09 05:37:59.961674: I tensorflow/compiler/jit/xla_compilation_cache.cc:477] Compiled cluster using XLA!  This line is logged at most once for the lifetime of the process.
srun: Job 10294686 step creation still disabled, retrying (Requested nodes are busy)
srun: Job 10294686 step creation still disabled, retrying (Requested nodes are busy)
srun: Job 10294686 step creation still disabled, retrying (Requested nodes are busy)
srun: Job 10294686 step creation still disabled, retrying (Requested nodes are busy)
srun: Job 10294686 step creation still disabled, retrying (Requested nodes are busy)
srun: Job 10294686 step creation still disabled, retrying (Requested nodes are busy)
srun: Job 10294686 step creation still disabled, retrying (Requested nodes are busy)
srun: Job 10294686 step creation still disabled, retrying (Requested nodes are busy)
srun: Job 10294686 step creation still disabled, retrying (Requested nodes are busy)
srun: Job 10294686 step creation still disabled, retrying (Requested nodes are busy)
srun: Job 10294686 step creation still disabled, retrying (Requested nodes are busy)
srun: Job 10294686 step creation still disabled, retrying (Requested nodes are busy)
srun: Job 10294686 step creation still disabled, retrying (Requested nodes are busy)
srun: Job 10294686 step creation still disabled, retrying (Requested nodes are busy)
srun: Job 10294686 step creation still disabled, retrying (Requested nodes are busy)
srun: Job 10294686 step creation still disabled, retrying (Requested nodes are busy)
srun: Job 10294686 step creation still disabled, retrying (Requested nodes are busy)
srun: Job 10294686 step creation still disabled, retrying (Requested nodes are busy)
srun: Job 10294686 step creation still disabled, retrying (Requested nodes are busy)
srun: Job 10294686 step creation still disabled, retrying (Requested nodes are busy)
srun: Job 10294686 step creation still disabled, retrying (Requested nodes are busy)
srun: Job 10294686 step creation still disabled, retrying (Requested nodes are busy)
srun: Job 10294686 step creation still disabled, retrying (Requested nodes are busy)
srun: Job 10294686 step creation still disabled, retrying (Requested nodes are busy)
srun: Job 10294686 step creation still disabled, retrying (Requested nodes are busy)
srun: Job 10294686 step creation still disabled, retrying (Requested nodes are busy)
srun: Job 10294686 step creation still disabled, retrying (Requested nodes are busy)
srun: Job 10294686 step creation still disabled, retrying (Requested nodes are busy)
srun: Job 10294686 step creation still disabled, retrying (Requested nodes are busy)
srun: Job 10294686 step creation still disabled, retrying (Requested nodes are busy)
srun: Job 10294686 step creation still disabled, retrying (Requested nodes are busy)
srun: Job 10294686 step creation still disabled, retrying (Requested nodes are busy)
srun: Step created for StepId=10294686.14
2024-09-09 06:11:05.258676: I tensorflow/core/common_runtime/gpu/gpu_device.cc:1613] Created device /job:localhost/replica:0/task:0/device:GPU:0 with 38364 MB memory:  -> device: 0, name: NVIDIA A100-SXM4-40GB, pci bus id: 0000:03:00.0, compute capability: 8.0
2024-09-09 06:11:05.261705: I tensorflow/core/common_runtime/gpu/gpu_device.cc:1613] Created device /job:localhost/replica:0/task:0/device:GPU:1 with 38364 MB memory:  -> device: 1, name: NVIDIA A100-SXM4-40GB, pci bus id: 0000:44:00.0, compute capability: 8.0
2024-09-09 06:11:05.263254: I tensorflow/core/common_runtime/gpu/gpu_device.cc:1613] Created device /job:localhost/replica:0/task:0/device:GPU:2 with 38364 MB memory:  -> device: 2, name: NVIDIA A100-SXM4-40GB, pci bus id: 0000:84:00.0, compute capability: 8.0
2024-09-09 06:11:05.264946: I tensorflow/core/common_runtime/gpu/gpu_device.cc:1613] Created device /job:localhost/replica:0/task:0/device:GPU:3 with 38364 MB memory:  -> device: 3, name: NVIDIA A100-SXM4-40GB, pci bus id: 0000:c4:00.0, compute capability: 8.0
2024-09-09 06:11:23.998703: I tensorflow/compiler/xla/stream_executor/cuda/cuda_dnn.cc:428] Loaded cuDNN version 8600
2024-09-09 06:11:24.472536: I tensorflow/compiler/xla/stream_executor/cuda/cuda_blas.cc:630] TensorFloat-32 will be used for the matrix multiplication. This will only be logged once.
2024-09-09 06:11:24.735782: I tensorflow/compiler/xla/service/service.cc:173] XLA service 0x4880660 initialized for platform CUDA (this does not guarantee that XLA will be used). Devices:
2024-09-09 06:11:24.735834: I tensorflow/compiler/xla/service/service.cc:181]   StreamExecutor device (0): NVIDIA A100-SXM4-40GB, Compute Capability 8.0
2024-09-09 06:11:24.735842: I tensorflow/compiler/xla/service/service.cc:181]   StreamExecutor device (1): NVIDIA A100-SXM4-40GB, Compute Capability 8.0
2024-09-09 06:11:24.735848: I tensorflow/compiler/xla/service/service.cc:181]   StreamExecutor device (2): NVIDIA A100-SXM4-40GB, Compute Capability 8.0
2024-09-09 06:11:24.735854: I tensorflow/compiler/xla/service/service.cc:181]   StreamExecutor device (3): NVIDIA A100-SXM4-40GB, Compute Capability 8.0
2024-09-09 06:11:24.740930: I tensorflow/compiler/mlir/tensorflow/utils/dump_mlir_util.cc:268] disabling MLIR crash reproducer, set env var `MLIR_CRASH_REPRODUCER_DIRECTORY` to enable.
2024-09-09 06:11:24.904976: I tensorflow/compiler/jit/xla_compilation_cache.cc:477] Compiled cluster using XLA!  This line is logged at most once for the lifetime of the process.
srun: Job 10294686 step creation still disabled, retrying (Requested nodes are busy)
srun: Job 10294686 step creation still disabled, retrying (Requested nodes are busy)
srun: Job 10294686 step creation still disabled, retrying (Requested nodes are busy)
srun: Job 10294686 step creation still disabled, retrying (Requested nodes are busy)
srun: Job 10294686 step creation still disabled, retrying (Requested nodes are busy)
srun: Step created for StepId=10294686.15
2024-09-09 06:19:08.422439: I tensorflow/core/common_runtime/gpu/gpu_device.cc:1613] Created device /job:localhost/replica:0/task:0/device:GPU:0 with 38364 MB memory:  -> device: 0, name: NVIDIA A100-SXM4-40GB, pci bus id: 0000:03:00.0, compute capability: 8.0
2024-09-09 06:19:08.424338: I tensorflow/core/common_runtime/gpu/gpu_device.cc:1613] Created device /job:localhost/replica:0/task:0/device:GPU:1 with 38364 MB memory:  -> device: 1, name: NVIDIA A100-SXM4-40GB, pci bus id: 0000:44:00.0, compute capability: 8.0
2024-09-09 06:19:08.426085: I tensorflow/core/common_runtime/gpu/gpu_device.cc:1613] Created device /job:localhost/replica:0/task:0/device:GPU:2 with 38364 MB memory:  -> device: 2, name: NVIDIA A100-SXM4-40GB, pci bus id: 0000:84:00.0, compute capability: 8.0
2024-09-09 06:19:08.429225: I tensorflow/core/common_runtime/gpu/gpu_device.cc:1613] Created device /job:localhost/replica:0/task:0/device:GPU:3 with 38364 MB memory:  -> device: 3, name: NVIDIA A100-SXM4-40GB, pci bus id: 0000:c4:00.0, compute capability: 8.0
2024-09-09 06:19:27.096583: I tensorflow/compiler/xla/stream_executor/cuda/cuda_dnn.cc:428] Loaded cuDNN version 8600
2024-09-09 06:19:27.627399: I tensorflow/compiler/xla/stream_executor/cuda/cuda_blas.cc:630] TensorFloat-32 will be used for the matrix multiplication. This will only be logged once.
2024-09-09 06:19:27.984255: I tensorflow/compiler/xla/service/service.cc:173] XLA service 0x66e947f0 initialized for platform CUDA (this does not guarantee that XLA will be used). Devices:
2024-09-09 06:19:27.984305: I tensorflow/compiler/xla/service/service.cc:181]   StreamExecutor device (0): NVIDIA A100-SXM4-40GB, Compute Capability 8.0
2024-09-09 06:19:27.984312: I tensorflow/compiler/xla/service/service.cc:181]   StreamExecutor device (1): NVIDIA A100-SXM4-40GB, Compute Capability 8.0
2024-09-09 06:19:27.984318: I tensorflow/compiler/xla/service/service.cc:181]   StreamExecutor device (2): NVIDIA A100-SXM4-40GB, Compute Capability 8.0
2024-09-09 06:19:27.984324: I tensorflow/compiler/xla/service/service.cc:181]   StreamExecutor device (3): NVIDIA A100-SXM4-40GB, Compute Capability 8.0
2024-09-09 06:19:27.989435: I tensorflow/compiler/mlir/tensorflow/utils/dump_mlir_util.cc:268] disabling MLIR crash reproducer, set env var `MLIR_CRASH_REPRODUCER_DIRECTORY` to enable.
2024-09-09 06:19:28.151575: I tensorflow/compiler/jit/xla_compilation_cache.cc:477] Compiled cluster using XLA!  This line is logged at most once for the lifetime of the process.
