No lead day provided. Using default hyperparameters - LR: 0.0001, BS: 32, DROPOUT: 0.1, UNET_TYPE: unet-l
Running DL_TRAIN.py for day06 with dropout=0, lr=0.00001, bs=16, unet_type=unet-m-dw ...
Running DL_TRAIN.py for day06 with dropout=0, lr=0.00001, bs=8, unet_type=unet-m-dw ...
Running DL_TRAIN.py for day06 with dropout=0, lr=0.00001, bs=4, unet_type=unet-m-dw ...
Running DL_TRAIN.py for day06 with dropout=0, lr=0.00001, bs=2, unet_type=unet-m-dw ...
Running DL_TRAIN.py for day06 with dropout=0, lr=0.0001, bs=16, unet_type=unet-m-dw ...
Running DL_TRAIN.py for day06 with dropout=0, lr=0.0001, bs=8, unet_type=unet-m-dw ...
Running DL_TRAIN.py for day06 with dropout=0, lr=0.0001, bs=4, unet_type=unet-m-dw ...
Running DL_TRAIN.py for day06 with dropout=0, lr=0.0001, bs=2, unet_type=unet-m-dw ...
Running DL_TRAIN.py for day06 with dropout=0, lr=0.001, bs=16, unet_type=unet-m-dw ...
Running DL_TRAIN.py for day06 with dropout=0, lr=0.001, bs=8, unet_type=unet-m-dw ...
Running DL_TRAIN.py for day06 with dropout=0, lr=0.001, bs=4, unet_type=unet-m-dw ...
Running DL_TRAIN.py for day06 with dropout=0, lr=0.001, bs=2, unet_type=unet-m-dw ...
Running DL_TRAIN.py for day06 with dropout=0, lr=0.01, bs=16, unet_type=unet-m-dw ...
Running DL_TRAIN.py for day06 with dropout=0, lr=0.01, bs=8, unet_type=unet-m-dw ...
Running DL_TRAIN.py for day06 with dropout=0, lr=0.01, bs=4, unet_type=unet-m-dw ...
Running DL_TRAIN.py for day06 with dropout=0, lr=0.01, bs=2, unet_type=unet-m-dw ...
Running DL_TRAIN.py for day06 with dropout=0.1, lr=0.00001, bs=16, unet_type=unet-m-dw ...
Running DL_TRAIN.py for day06 with dropout=0.1, lr=0.00001, bs=8, unet_type=unet-m-dw ...
Running DL_TRAIN.py for day06 with dropout=0.1, lr=0.00001, bs=4, unet_type=unet-m-dw ...
Running DL_TRAIN.py for day06 with dropout=0.1, lr=0.00001, bs=2, unet_type=unet-m-dw ...
Running DL_TRAIN.py for day06 with dropout=0.1, lr=0.0001, bs=16, unet_type=unet-m-dw ...
Running DL_TRAIN.py for day06 with dropout=0.1, lr=0.0001, bs=8, unet_type=unet-m-dw ...
Running DL_TRAIN.py for day06 with dropout=0.1, lr=0.0001, bs=4, unet_type=unet-m-dw ...
Running DL_TRAIN.py for day06 with dropout=0.1, lr=0.0001, bs=2, unet_type=unet-m-dw ...
Running DL_TRAIN.py for day06 with dropout=0.1, lr=0.001, bs=16, unet_type=unet-m-dw ...
Running DL_TRAIN.py for day06 with dropout=0.1, lr=0.001, bs=8, unet_type=unet-m-dw ...
Running DL_TRAIN.py for day06 with dropout=0.1, lr=0.001, bs=4, unet_type=unet-m-dw ...
Running DL_TRAIN.py for day06 with dropout=0.1, lr=0.001, bs=2, unet_type=unet-m-dw ...
Running DL_TRAIN.py for day06 with dropout=0.1, lr=0.01, bs=16, unet_type=unet-m-dw ...
Running DL_TRAIN.py for day06 with dropout=0.1, lr=0.01, bs=8, unet_type=unet-m-dw ...
Running DL_TRAIN.py for day06 with dropout=0.1, lr=0.01, bs=4, unet_type=unet-m-dw ...
Running DL_TRAIN.py for day06 with dropout=0.1, lr=0.01, bs=2, unet_type=unet-m-dw ...
Running DL_TRAIN.py for day06 with dropout=0.2, lr=0.00001, bs=16, unet_type=unet-m-dw ...
Running DL_TRAIN.py for day06 with dropout=0.2, lr=0.00001, bs=8, unet_type=unet-m-dw ...
Running DL_TRAIN.py for day06 with dropout=0.2, lr=0.00001, bs=4, unet_type=unet-m-dw ...
Running DL_TRAIN.py for day06 with dropout=0.2, lr=0.00001, bs=2, unet_type=unet-m-dw ...
Running DL_TRAIN.py for day06 with dropout=0.2, lr=0.0001, bs=16, unet_type=unet-m-dw ...
Running DL_TRAIN.py for day06 with dropout=0.2, lr=0.0001, bs=8, unet_type=unet-m-dw ...
Running DL_TRAIN.py for day06 with dropout=0.2, lr=0.0001, bs=4, unet_type=unet-m-dw ...
Running DL_TRAIN.py for day06 with dropout=0.2, lr=0.0001, bs=2, unet_type=unet-m-dw ...
Running DL_TRAIN.py for day06 with dropout=0.2, lr=0.001, bs=16, unet_type=unet-m-dw ...
Running DL_TRAIN.py for day06 with dropout=0.2, lr=0.001, bs=8, unet_type=unet-m-dw ...
Running DL_TRAIN.py for day06 with dropout=0.2, lr=0.001, bs=4, unet_type=unet-m-dw ...
Running DL_TRAIN.py for day06 with dropout=0.2, lr=0.001, bs=2, unet_type=unet-m-dw ...
Running DL_TRAIN.py for day06 with dropout=0.2, lr=0.01, bs=16, unet_type=unet-m-dw ...
Running DL_TRAIN.py for day06 with dropout=0.2, lr=0.01, bs=8, unet_type=unet-m-dw ...
Running DL_TRAIN.py for day06 with dropout=0.2, lr=0.01, bs=4, unet_type=unet-m-dw ...
Running DL_TRAIN.py for day06 with dropout=0.2, lr=0.01, bs=2, unet_type=unet-m-dw ...
Running DL_TRAIN.py for day06 with dropout=0.3, lr=0.00001, bs=16, unet_type=unet-m-dw ...
Running DL_TRAIN.py for day06 with dropout=0.3, lr=0.00001, bs=8, unet_type=unet-m-dw ...
Running DL_TRAIN.py for day06 with dropout=0.3, lr=0.00001, bs=4, unet_type=unet-m-dw ...
Running DL_TRAIN.py for day06 with dropout=0.3, lr=0.00001, bs=2, unet_type=unet-m-dw ...
Running DL_TRAIN.py for day06 with dropout=0.3, lr=0.0001, bs=16, unet_type=unet-m-dw ...
Running DL_TRAIN.py for day06 with dropout=0.3, lr=0.0001, bs=8, unet_type=unet-m-dw ...
Running DL_TRAIN.py for day06 with dropout=0.3, lr=0.0001, bs=4, unet_type=unet-m-dw ...
Running DL_TRAIN.py for day06 with dropout=0.3, lr=0.0001, bs=2, unet_type=unet-m-dw ...
Running DL_TRAIN.py for day06 with dropout=0.3, lr=0.001, bs=16, unet_type=unet-m-dw ...
Running DL_TRAIN.py for day06 with dropout=0.3, lr=0.001, bs=8, unet_type=unet-m-dw ...
Running DL_TRAIN.py for day06 with dropout=0.3, lr=0.001, bs=4, unet_type=unet-m-dw ...
Running DL_TRAIN.py for day06 with dropout=0.3, lr=0.001, bs=2, unet_type=unet-m-dw ...
Running DL_TRAIN.py for day06 with dropout=0.3, lr=0.01, bs=16, unet_type=unet-m-dw ...
Running DL_TRAIN.py for day06 with dropout=0.3, lr=0.01, bs=8, unet_type=unet-m-dw ...
Running DL_TRAIN.py for day06 with dropout=0.3, lr=0.01, bs=4, unet_type=unet-m-dw ...
Running DL_TRAIN.py for day06 with dropout=0.3, lr=0.01, bs=2, unet_type=unet-m-dw ...
train_data_hourly_pr_['ADAPTER_DE05.day06.merged.nc']_['ADAPTER_DE05.day01.merged.nc']_MM_6__spatiotemporal_128.256_2018-01-01T13_2022-12-31T23_no_na_land
Loading training data...
Data loaded!
mse_64_1e-05_1e-17_0.5_4_16_16_0.5_128_0.0_unet-m-dw_day06
Training the model...

Epoch 1: val_loss improved from inf to 0.04591, saving model to /p/project1/cesmtst/patakchiyousefi1/HPT/mse_64_1e-05_1e-17_0.5_4_16_16_0.5_128_0.0_unet-m-dw_day06.h5
train_data_hourly_pr_['ADAPTER_DE05.day06.merged.nc']_['ADAPTER_DE05.day01.merged.nc']_MM_6__spatiotemporal_128.256_2018-01-01T13_2022-12-31T23_no_na_land
Loading training data...
Data loaded!
mse_64_0.0001_1e-17_0.5_4_16_16_0.5_128_0.0_unet-m-dw_day06
Training the model...

Epoch 1: val_loss improved from inf to 0.00231, saving model to /p/project1/cesmtst/patakchiyousefi1/HPT/mse_64_0.0001_1e-17_0.5_4_16_16_0.5_128_0.0_unet-m-dw_day06.h5
train_data_hourly_pr_['ADAPTER_DE05.day06.merged.nc']_['ADAPTER_DE05.day01.merged.nc']_MM_6__spatiotemporal_128.256_2018-01-01T13_2022-12-31T23_no_na_land
Loading training data...
Data loaded!
mse_64_0.001_1e-17_0.5_4_16_16_0.5_128_0.0_unet-m-dw_day06
Training the model...

Epoch 1: val_loss improved from inf to 0.00003, saving model to /p/project1/cesmtst/patakchiyousefi1/HPT/mse_64_0.001_1e-17_0.5_4_16_16_0.5_128_0.0_unet-m-dw_day06.h5
train_data_hourly_pr_['ADAPTER_DE05.day06.merged.nc']_['ADAPTER_DE05.day01.merged.nc']_MM_6__spatiotemporal_128.256_2018-01-01T13_2022-12-31T23_no_na_land
Loading training data...
Data loaded!
mse_64_0.01_1e-17_0.5_4_16_16_0.5_128_0.0_unet-m-dw_day06
Training the model...

Epoch 1: val_loss improved from inf to 0.04542, saving model to /p/project1/cesmtst/patakchiyousefi1/HPT/mse_64_0.01_1e-17_0.5_4_16_16_0.5_128_0.0_unet-m-dw_day06.h5
train_data_hourly_pr_['ADAPTER_DE05.day06.merged.nc']_['ADAPTER_DE05.day01.merged.nc']_MM_6__spatiotemporal_128.256_2018-01-01T13_2022-12-31T23_no_na_land
Loading training data...
Data loaded!
mse_64_0.0001_1e-17_0.5_4_8_16_0.5_128_0.0_unet-m-dw_day06
Training the model...

Epoch 1: val_loss improved from inf to 0.00202, saving model to /p/project1/cesmtst/patakchiyousefi1/HPT/mse_64_0.0001_1e-17_0.5_4_8_16_0.5_128_0.0_unet-m-dw_day06.h5
train_data_hourly_pr_['ADAPTER_DE05.day06.merged.nc']_['ADAPTER_DE05.day01.merged.nc']_MM_6__spatiotemporal_128.256_2018-01-01T13_2022-12-31T23_no_na_land
Loading training data...
Data loaded!
mse_64_1e-05_1e-17_0.5_4_8_16_0.5_128_0.0_unet-m-dw_day06
Training the model...

Epoch 1: val_loss improved from inf to 0.07967, saving model to /p/project1/cesmtst/patakchiyousefi1/HPT/mse_64_1e-05_1e-17_0.5_4_8_16_0.5_128_0.0_unet-m-dw_day06.h5
train_data_hourly_pr_['ADAPTER_DE05.day06.merged.nc']_['ADAPTER_DE05.day01.merged.nc']_MM_6__spatiotemporal_128.256_2018-01-01T13_2022-12-31T23_no_na_land
Loading training data...
Data loaded!
mse_64_0.001_1e-17_0.5_4_8_16_0.5_128_0.0_unet-m-dw_day06
Training the model...

Epoch 1: val_loss improved from inf to 0.01213, saving model to /p/project1/cesmtst/patakchiyousefi1/HPT/mse_64_0.001_1e-17_0.5_4_8_16_0.5_128_0.0_unet-m-dw_day06.h5
train_data_hourly_pr_['ADAPTER_DE05.day06.merged.nc']_['ADAPTER_DE05.day01.merged.nc']_MM_6__spatiotemporal_128.256_2018-01-01T13_2022-12-31T23_no_na_land
Loading training data...
Data loaded!
mse_64_0.01_1e-17_0.5_4_8_16_0.5_128_0.0_unet-m-dw_day06
Training the model...

Epoch 1: val_loss improved from inf to 0.00327, saving model to /p/project1/cesmtst/patakchiyousefi1/HPT/mse_64_0.01_1e-17_0.5_4_8_16_0.5_128_0.0_unet-m-dw_day06.h5

Epoch 2: val_loss did not improve from 0.04591

Epoch 2: val_loss did not improve from 0.00231

Epoch 2: val_loss did not improve from 0.00003

Epoch 2: val_loss did not improve from 0.04542
train_data_hourly_pr_['ADAPTER_DE05.day06.merged.nc']_['ADAPTER_DE05.day01.merged.nc']_MM_6__spatiotemporal_128.256_2018-01-01T13_2022-12-31T23_no_na_land
Loading training data...
Data loaded!
mse_64_0.0001_1e-17_0.5_4_4_16_0.5_128_0.0_unet-m-dw_day06
Training the model...

Epoch 1: val_loss improved from inf to 0.00627, saving model to /p/project1/cesmtst/patakchiyousefi1/HPT/mse_64_0.0001_1e-17_0.5_4_4_16_0.5_128_0.0_unet-m-dw_day06.h5
train_data_hourly_pr_['ADAPTER_DE05.day06.merged.nc']_['ADAPTER_DE05.day01.merged.nc']_MM_6__spatiotemporal_128.256_2018-01-01T13_2022-12-31T23_no_na_land
Loading training data...
Data loaded!
mse_64_1e-05_1e-17_0.5_4_4_16_0.5_128_0.0_unet-m-dw_day06
Training the model...

Epoch 1: val_loss improved from inf to 0.05739, saving model to /p/project1/cesmtst/patakchiyousefi1/HPT/mse_64_1e-05_1e-17_0.5_4_4_16_0.5_128_0.0_unet-m-dw_day06.h5
train_data_hourly_pr_['ADAPTER_DE05.day06.merged.nc']_['ADAPTER_DE05.day01.merged.nc']_MM_6__spatiotemporal_128.256_2018-01-01T13_2022-12-31T23_no_na_land
Loading training data...
Data loaded!
mse_64_0.001_1e-17_0.5_4_4_16_0.5_128_0.0_unet-m-dw_day06
Training the model...

Epoch 1: val_loss improved from inf to 0.02066, saving model to /p/project1/cesmtst/patakchiyousefi1/HPT/mse_64_0.001_1e-17_0.5_4_4_16_0.5_128_0.0_unet-m-dw_day06.h5
train_data_hourly_pr_['ADAPTER_DE05.day06.merged.nc']_['ADAPTER_DE05.day01.merged.nc']_MM_6__spatiotemporal_128.256_2018-01-01T13_2022-12-31T23_no_na_land
Loading training data...
Data loaded!
mse_64_0.01_1e-17_0.5_4_4_16_0.5_128_0.0_unet-m-dw_day06
Training the model...

Epoch 1: val_loss improved from inf to 0.00013, saving model to /p/project1/cesmtst/patakchiyousefi1/HPT/mse_64_0.01_1e-17_0.5_4_4_16_0.5_128_0.0_unet-m-dw_day06.h5

Epoch 2: val_loss did not improve from 0.00202

Epoch 2: val_loss improved from 0.07967 to 0.04101, saving model to /p/project1/cesmtst/patakchiyousefi1/HPT/mse_64_1e-05_1e-17_0.5_4_8_16_0.5_128_0.0_unet-m-dw_day06.h5

Epoch 2: val_loss improved from 0.01213 to 0.00187, saving model to /p/project1/cesmtst/patakchiyousefi1/HPT/mse_64_0.001_1e-17_0.5_4_8_16_0.5_128_0.0_unet-m-dw_day06.h5

Epoch 3: val_loss did not improve from 0.04591

Epoch 3: val_loss did not improve from 0.00231

Epoch 3: val_loss did not improve from 0.00003

Epoch 2: val_loss did not improve from 0.00327

Epoch 3: val_loss did not improve from 0.04542

Epoch 4: val_loss did not improve from 0.04591

Epoch 4: val_loss did not improve from 0.00231

Epoch 4: val_loss did not improve from 0.00003

Epoch 4: val_loss did not improve from 0.04542
train_data_hourly_pr_['ADAPTER_DE05.day06.merged.nc']_['ADAPTER_DE05.day01.merged.nc']_MM_6__spatiotemporal_128.256_2018-01-01T13_2022-12-31T23_no_na_land
Loading training data...
Data loaded!
mse_64_1e-05_1e-17_0.5_4_2_16_0.5_128_0.0_unet-m-dw_day06
Training the model...

Epoch 1: val_loss did not improve from inf
train_data_hourly_pr_['ADAPTER_DE05.day06.merged.nc']_['ADAPTER_DE05.day01.merged.nc']_MM_6__spatiotemporal_128.256_2018-01-01T13_2022-12-31T23_no_na_land
Loading training data...
Data loaded!
mse_64_0.0001_1e-17_0.5_4_2_16_0.5_128_0.0_unet-m-dw_day06
Training the model...

Epoch 1: val_loss did not improve from inf

Epoch 3: val_loss did not improve from 0.00202

Epoch 3: val_loss did not improve from 0.04101
train_data_hourly_pr_['ADAPTER_DE05.day06.merged.nc']_['ADAPTER_DE05.day01.merged.nc']_MM_6__spatiotemporal_128.256_2018-01-01T13_2022-12-31T23_no_na_land
Loading training data...
Data loaded!
mse_64_0.001_1e-17_0.5_4_2_16_0.5_128_0.0_unet-m-dw_day06
Training the model...

Epoch 1: val_loss did not improve from inf

Epoch 3: val_loss improved from 0.00187 to 0.00155, saving model to /p/project1/cesmtst/patakchiyousefi1/HPT/mse_64_0.001_1e-17_0.5_4_8_16_0.5_128_0.0_unet-m-dw_day06.h5
train_data_hourly_pr_['ADAPTER_DE05.day06.merged.nc']_['ADAPTER_DE05.day01.merged.nc']_MM_6__spatiotemporal_128.256_2018-01-01T13_2022-12-31T23_no_na_land
Loading training data...
Data loaded!
mse_64_0.01_1e-17_0.5_4_2_16_0.5_128_0.0_unet-m-dw_day06
Training the model...

Epoch 1: val_loss did not improve from inf

Epoch 3: val_loss did not improve from 0.00327

Epoch 5: val_loss did not improve from 0.04591

Epoch 2: val_loss did not improve from 0.00627

Epoch 5: val_loss did not improve from 0.00231

Epoch 2: val_loss improved from 0.05739 to 0.03100, saving model to /p/project1/cesmtst/patakchiyousefi1/HPT/mse_64_1e-05_1e-17_0.5_4_4_16_0.5_128_0.0_unet-m-dw_day06.h5

Epoch 5: val_loss did not improve from 0.00003

Epoch 5: val_loss did not improve from 0.04542

Epoch 2: val_loss did not improve from 0.02066

Epoch 2: val_loss did not improve from 0.00013

Epoch 4: val_loss did not improve from 0.00202

Epoch 4: val_loss did not improve from 0.04101

Epoch 6: val_loss did not improve from 0.04591

Epoch 4: val_loss improved from 0.00155 to 0.00129, saving model to /p/project1/cesmtst/patakchiyousefi1/HPT/mse_64_0.001_1e-17_0.5_4_8_16_0.5_128_0.0_unet-m-dw_day06.h5

Epoch 6: val_loss did not improve from 0.00231

Epoch 6: val_loss did not improve from 0.00003

Epoch 4: val_loss did not improve from 0.00327

Epoch 6: val_loss did not improve from 0.04542

Epoch 7: val_loss did not improve from 0.04591

Epoch 7: val_loss did not improve from 0.00231

Epoch 7: val_loss did not improve from 0.00003

Epoch 7: val_loss did not improve from 0.04542

Epoch 5: val_loss did not improve from 0.00202

Epoch 5: val_loss did not improve from 0.04101

Epoch 5: val_loss did not improve from 0.00129

Epoch 3: val_loss improved from 0.03100 to 0.02001, saving model to /p/project1/cesmtst/patakchiyousefi1/HPT/mse_64_1e-05_1e-17_0.5_4_4_16_0.5_128_0.0_unet-m-dw_day06.h5

Epoch 3: val_loss did not improve from 0.00627

Epoch 5: val_loss did not improve from 0.00327

Epoch 3: val_loss did not improve from 0.02066

Epoch 3: val_loss did not improve from 0.00013

Epoch 8: val_loss did not improve from 0.04591

Epoch 8: val_loss did not improve from 0.00231

Epoch 8: val_loss did not improve from 0.00003

Epoch 8: val_loss did not improve from 0.04542

Epoch 2: val_loss did not improve from inf

Epoch 6: val_loss did not improve from 0.00202

Epoch 2: val_loss did not improve from inf

Epoch 6: val_loss did not improve from 0.04101

Epoch 6: val_loss did not improve from 0.00129

Epoch 9: val_loss did not improve from 0.04591

Epoch 2: val_loss did not improve from inf

Epoch 9: val_loss did not improve from 0.00231

Epoch 9: val_loss did not improve from 0.00003

Epoch 2: val_loss did not improve from inf

Epoch 6: val_loss did not improve from 0.00327

Epoch 9: val_loss did not improve from 0.04542

Epoch 10: val_loss did not improve from 0.04591

Epoch 10: val_loss did not improve from 0.00003

Epoch 10: val_loss did not improve from 0.00231

Epoch 10: val_loss did not improve from 0.04542

Epoch 4: val_loss improved from 0.02001 to 0.01249, saving model to /p/project1/cesmtst/patakchiyousefi1/HPT/mse_64_1e-05_1e-17_0.5_4_4_16_0.5_128_0.0_unet-m-dw_day06.h5

Epoch 4: val_loss did not improve from 0.00627

Epoch 7: val_loss did not improve from 0.00202

Epoch 4: val_loss did not improve from 0.02066

Epoch 7: val_loss did not improve from 0.04101

Epoch 7: val_loss did not improve from 0.00129

Epoch 4: val_loss did not improve from 0.00013

Epoch 7: val_loss did not improve from 0.00327

Epoch 11: val_loss did not improve from 0.04591

Epoch 11: val_loss did not improve from 0.00003

Epoch 11: val_loss did not improve from 0.00231

Epoch 11: val_loss did not improve from 0.04542

Epoch 8: val_loss did not improve from 0.00202

Epoch 8: val_loss did not improve from 0.04101

Epoch 8: val_loss did not improve from 0.00129

Epoch 12: val_loss did not improve from 0.04591

Epoch 12: val_loss did not improve from 0.00003

Epoch 12: val_loss did not improve from 0.00231

Epoch 8: val_loss did not improve from 0.00327

Epoch 12: val_loss did not improve from 0.04542

Epoch 5: val_loss improved from 0.01249 to 0.00768, saving model to /p/project1/cesmtst/patakchiyousefi1/HPT/mse_64_1e-05_1e-17_0.5_4_4_16_0.5_128_0.0_unet-m-dw_day06.h5

Epoch 5: val_loss did not improve from 0.00627

Epoch 5: val_loss did not improve from 0.02066

Epoch 13: val_loss did not improve from 0.04591

Epoch 5: val_loss did not improve from 0.00013

Epoch 13: val_loss did not improve from 0.00003

Epoch 13: val_loss did not improve from 0.00231

Epoch 13: val_loss did not improve from 0.04542

Epoch 3: val_loss did not improve from inf

Epoch 9: val_loss did not improve from 0.00202

Epoch 9: val_loss did not improve from 0.04101

Epoch 3: val_loss did not improve from inf

Epoch 9: val_loss did not improve from 0.00129

Epoch 3: val_loss did not improve from inf

Epoch 9: val_loss did not improve from 0.00327

Epoch 3: val_loss did not improve from inf

Epoch 14: val_loss did not improve from 0.04591

Epoch 14: val_loss did not improve from 0.00003

Epoch 14: val_loss did not improve from 0.00231

Epoch 14: val_loss did not improve from 0.04542

Epoch 10: val_loss did not improve from 0.00202

Epoch 10: val_loss did not improve from 0.04101

Epoch 10: val_loss did not improve from 0.00129

Epoch 15: val_loss did not improve from 0.04591

Epoch 15: val_loss did not improve from 0.00003

Epoch 15: val_loss did not improve from 0.00231

Epoch 15: val_loss did not improve from 0.04542

Epoch 10: val_loss did not improve from 0.00327

Epoch 6: val_loss improved from 0.00768 to 0.00449, saving model to /p/project1/cesmtst/patakchiyousefi1/HPT/mse_64_1e-05_1e-17_0.5_4_4_16_0.5_128_0.0_unet-m-dw_day06.h5

Epoch 6: val_loss did not improve from 0.00627

Epoch 6: val_loss did not improve from 0.02066

Epoch 6: val_loss did not improve from 0.00013

Epoch 16: val_loss did not improve from 0.04591

Epoch 16: val_loss did not improve from 0.00003

Epoch 16: val_loss did not improve from 0.00231

Epoch 16: val_loss did not improve from 0.04542

Epoch 11: val_loss did not improve from 0.00202

Epoch 11: val_loss did not improve from 0.04101

Epoch 11: val_loss did not improve from 0.00129

Epoch 11: val_loss did not improve from 0.00327

Epoch 17: val_loss did not improve from 0.04591
Saving and plotting the results...

Epoch 17: val_loss did not improve from 0.00003
Saving and plotting the results...

Epoch 17: val_loss did not improve from 0.00231
Saving and plotting the results...

Epoch 17: val_loss did not improve from 0.04542
Saving and plotting the results...

Epoch 12: val_loss did not improve from 0.00202

Epoch 4: val_loss did not improve from inf

Epoch 12: val_loss did not improve from 0.04101

Epoch 12: val_loss did not improve from 0.00129

Epoch 7: val_loss improved from 0.00449 to 0.00259, saving model to /p/project1/cesmtst/patakchiyousefi1/HPT/mse_64_1e-05_1e-17_0.5_4_4_16_0.5_128_0.0_unet-m-dw_day06.h5

Epoch 4: val_loss did not improve from inf

Epoch 7: val_loss did not improve from 0.00627

Epoch 4: val_loss did not improve from inf

Epoch 7: val_loss did not improve from 0.02066

Epoch 12: val_loss did not improve from 0.00327

Epoch 7: val_loss did not improve from 0.00013

Epoch 4: val_loss did not improve from inf

Epoch 13: val_loss did not improve from 0.00202

Epoch 13: val_loss did not improve from 0.04101

Epoch 13: val_loss did not improve from 0.00129

Epoch 13: val_loss did not improve from 0.00327

Epoch 8: val_loss improved from 0.00259 to 0.00153, saving model to /p/project1/cesmtst/patakchiyousefi1/HPT/mse_64_1e-05_1e-17_0.5_4_4_16_0.5_128_0.0_unet-m-dw_day06.h5

Epoch 8: val_loss did not improve from 0.00627

Epoch 8: val_loss did not improve from 0.02066

Epoch 14: val_loss did not improve from 0.00202

Epoch 8: val_loss did not improve from 0.00013

Epoch 14: val_loss did not improve from 0.04101

Epoch 14: val_loss did not improve from 0.00129

Epoch 14: val_loss did not improve from 0.00327
train_data_hourly_pr_['ADAPTER_DE05.day06.merged.nc']_['ADAPTER_DE05.day01.merged.nc']_MM_6__spatiotemporal_128.256_2018-01-01T13_2022-12-31T23_no_na_land
Loading training data...
Data loaded!
mse_64_0.01_1e-17_0.5_4_8_16_0.5_128_0.1_unet-m-dw_day06
Training the model...

Epoch 1: val_loss improved from inf to 0.00041, saving model to /p/project1/cesmtst/patakchiyousefi1/HPT/mse_64_0.01_1e-17_0.5_4_8_16_0.5_128_0.1_unet-m-dw_day06.h5

Epoch 15: val_loss did not improve from 0.00202

Epoch 5: val_loss did not improve from inf

Epoch 15: val_loss did not improve from 0.04101

Epoch 15: val_loss did not improve from 0.00129

Epoch 5: val_loss did not improve from inf

Epoch 5: val_loss did not improve from inf

Epoch 15: val_loss did not improve from 0.00327

Epoch 5: val_loss did not improve from inf
train_data_hourly_pr_['ADAPTER_DE05.day06.merged.nc']_['ADAPTER_DE05.day01.merged.nc']_MM_6__spatiotemporal_128.256_2018-01-01T13_2022-12-31T23_no_na_land
Loading training data...
Data loaded!
mse_64_0.01_1e-17_0.5_4_4_16_0.5_128_0.1_unet-m-dw_day06
Training the model...

Epoch 1: val_loss improved from inf to 0.00003, saving model to /p/project1/cesmtst/patakchiyousefi1/HPT/mse_64_0.01_1e-17_0.5_4_4_16_0.5_128_0.1_unet-m-dw_day06.h5
train_data_hourly_pr_['ADAPTER_DE05.day06.merged.nc']_['ADAPTER_DE05.day01.merged.nc']_MM_6__spatiotemporal_128.256_2018-01-01T13_2022-12-31T23_no_na_land
Loading training data...
Data loaded!
mse_64_0.0001_1e-17_0.5_4_4_16_0.5_128_0.1_unet-m-dw_day06
Training the model...

Epoch 1: val_loss improved from inf to 0.00003, saving model to /p/project1/cesmtst/patakchiyousefi1/HPT/mse_64_0.0001_1e-17_0.5_4_4_16_0.5_128_0.1_unet-m-dw_day06.h5

Epoch 9: val_loss improved from 0.00153 to 0.00091, saving model to /p/project1/cesmtst/patakchiyousefi1/HPT/mse_64_1e-05_1e-17_0.5_4_4_16_0.5_128_0.0_unet-m-dw_day06.h5

Epoch 9: val_loss did not improve from 0.00627

Epoch 9: val_loss did not improve from 0.02066

Epoch 2: val_loss did not improve from 0.00041

Epoch 9: val_loss did not improve from 0.00013

Epoch 16: val_loss did not improve from 0.00202

Epoch 16: val_loss did not improve from 0.04101

Epoch 16: val_loss did not improve from 0.00129

Epoch 16: val_loss did not improve from 0.00327
train_data_hourly_pr_['ADAPTER_DE05.day06.merged.nc']_['ADAPTER_DE05.day01.merged.nc']_MM_6__spatiotemporal_128.256_2018-01-01T13_2022-12-31T23_no_na_land
Loading training data...
Data loaded!
mse_64_1e-05_1e-17_0.5_4_2_16_0.5_128_0.1_unet-m-dw_day06
Training the model...

Epoch 1: val_loss did not improve from inf

Epoch 3: val_loss did not improve from 0.00041

Epoch 17: val_loss did not improve from 0.00202
Saving and plotting the results...

Epoch 17: val_loss did not improve from 0.04101

Epoch 17: val_loss did not improve from 0.00129

Epoch 2: val_loss did not improve from 0.00003

Epoch 2: val_loss improved from 0.00003 to 0.00002, saving model to /p/project1/cesmtst/patakchiyousefi1/HPT/mse_64_0.0001_1e-17_0.5_4_4_16_0.5_128_0.1_unet-m-dw_day06.h5

Epoch 10: val_loss improved from 0.00091 to 0.00058, saving model to /p/project1/cesmtst/patakchiyousefi1/HPT/mse_64_1e-05_1e-17_0.5_4_4_16_0.5_128_0.0_unet-m-dw_day06.h5

Epoch 10: val_loss did not improve from 0.00627

Epoch 17: val_loss did not improve from 0.00327
Saving and plotting the results...

Epoch 10: val_loss did not improve from 0.02066

Epoch 10: val_loss did not improve from 0.00013

Epoch 4: val_loss did not improve from 0.00041

Epoch 6: val_loss did not improve from inf

Epoch 18: val_loss did not improve from 0.04101
Saving and plotting the results...

Epoch 18: val_loss did not improve from 0.00129

Epoch 6: val_loss did not improve from inf

Epoch 6: val_loss did not improve from inf

Epoch 6: val_loss did not improve from inf

Epoch 11: val_loss improved from 0.00058 to 0.00039, saving model to /p/project1/cesmtst/patakchiyousefi1/HPT/mse_64_1e-05_1e-17_0.5_4_4_16_0.5_128_0.0_unet-m-dw_day06.h5

Epoch 5: val_loss did not improve from 0.00041

Epoch 11: val_loss did not improve from 0.00627

Epoch 3: val_loss did not improve from 0.00003

Epoch 3: val_loss improved from 0.00002 to 0.00002, saving model to /p/project1/cesmtst/patakchiyousefi1/HPT/mse_64_0.0001_1e-17_0.5_4_4_16_0.5_128_0.1_unet-m-dw_day06.h5

Epoch 11: val_loss did not improve from 0.02066

Epoch 19: val_loss did not improve from 0.00129

Epoch 11: val_loss did not improve from 0.00013

Epoch 2: val_loss did not improve from inf
train_data_hourly_pr_['ADAPTER_DE05.day06.merged.nc']_['ADAPTER_DE05.day01.merged.nc']_MM_6__spatiotemporal_128.256_2018-01-01T13_2022-12-31T23_no_na_land
Loading training data...
Data loaded!
mse_64_0.0001_1e-17_0.5_4_16_16_0.5_128_0.2_unet-m-dw_day06
Training the model...

Epoch 1: val_loss improved from inf to 0.00007, saving model to /p/project1/cesmtst/patakchiyousefi1/HPT/mse_64_0.0001_1e-17_0.5_4_16_16_0.5_128_0.2_unet-m-dw_day06.h5

Epoch 6: val_loss did not improve from 0.00041

Epoch 20: val_loss did not improve from 0.00129
Saving and plotting the results...
train_data_hourly_pr_['ADAPTER_DE05.day06.merged.nc']_['ADAPTER_DE05.day01.merged.nc']_MM_6__spatiotemporal_128.256_2018-01-01T13_2022-12-31T23_no_na_land
Loading training data...
Data loaded!
mse_64_0.01_1e-17_0.5_4_16_16_0.5_128_0.3_unet-m-dw_day06
Training the model...

Epoch 1: val_loss improved from inf to 0.00005, saving model to /p/project1/cesmtst/patakchiyousefi1/HPT/mse_64_0.01_1e-17_0.5_4_16_16_0.5_128_0.3_unet-m-dw_day06.h5

Epoch 12: val_loss improved from 0.00039 to 0.00027, saving model to /p/project1/cesmtst/patakchiyousefi1/HPT/mse_64_1e-05_1e-17_0.5_4_4_16_0.5_128_0.0_unet-m-dw_day06.h5

Epoch 12: val_loss did not improve from 0.00627

Epoch 12: val_loss did not improve from 0.02066

Epoch 2: val_loss did not improve from 0.00007

Epoch 12: val_loss did not improve from 0.00013

Epoch 2: val_loss did not improve from 0.00005

Epoch 4: val_loss did not improve from 0.00003

Epoch 4: val_loss improved from 0.00002 to 0.00002, saving model to /p/project1/cesmtst/patakchiyousefi1/HPT/mse_64_0.0001_1e-17_0.5_4_4_16_0.5_128_0.1_unet-m-dw_day06.h5

Epoch 7: val_loss did not improve from inf

Epoch 7: val_loss did not improve from inf

Epoch 7: val_loss did not improve from 0.00041

Epoch 7: val_loss did not improve from inf

Epoch 7: val_loss did not improve from inf

Epoch 3: val_loss did not improve from 0.00007

Epoch 3: val_loss did not improve from 0.00005

Epoch 8: val_loss did not improve from 0.00041

Epoch 13: val_loss improved from 0.00027 to 0.00020, saving model to /p/project1/cesmtst/patakchiyousefi1/HPT/mse_64_1e-05_1e-17_0.5_4_4_16_0.5_128_0.0_unet-m-dw_day06.h5

Epoch 13: val_loss did not improve from 0.00627

Epoch 4: val_loss did not improve from 0.00007

Epoch 4: val_loss did not improve from 0.00005

Epoch 13: val_loss did not improve from 0.02066

Epoch 13: val_loss did not improve from 0.00013

Epoch 5: val_loss did not improve from 0.00003

Epoch 5: val_loss improved from 0.00002 to 0.00002, saving model to /p/project1/cesmtst/patakchiyousefi1/HPT/mse_64_0.0001_1e-17_0.5_4_4_16_0.5_128_0.1_unet-m-dw_day06.h5

Epoch 3: val_loss did not improve from inf
train_data_hourly_pr_['ADAPTER_DE05.day06.merged.nc']_['ADAPTER_DE05.day01.merged.nc']_MM_6__spatiotemporal_128.256_2018-01-01T13_2022-12-31T23_no_na_land
Loading training data...
Data loaded!
mse_64_1e-05_1e-17_0.5_4_2_16_0.5_128_0.3_unet-m-dw_day06
Training the model...

Epoch 1: val_loss did not improve from inf

Epoch 5: val_loss did not improve from 0.00007

Epoch 5: val_loss did not improve from 0.00005

Epoch 9: val_loss did not improve from 0.00041
train_data_hourly_pr_['ADAPTER_DE05.day06.merged.nc']_['ADAPTER_DE05.day01.merged.nc']_MM_6__spatiotemporal_128.256_2018-01-01T13_2022-12-31T23_no_na_land
Loading training data...
Data loaded!
mse_64_1e-05_1e-17_0.5_4_4_16_0.5_128_0.2_unet-m-dw_day06
Training the model...

Epoch 1: val_loss improved from inf to 0.00012, saving model to /p/project1/cesmtst/patakchiyousefi1/HPT/mse_64_1e-05_1e-17_0.5_4_4_16_0.5_128_0.2_unet-m-dw_day06.h5

Epoch 6: val_loss did not improve from 0.00007

Epoch 6: val_loss did not improve from 0.00005

Epoch 8: val_loss did not improve from inf

Epoch 14: val_loss improved from 0.00020 to 0.00015, saving model to /p/project1/cesmtst/patakchiyousefi1/HPT/mse_64_1e-05_1e-17_0.5_4_4_16_0.5_128_0.0_unet-m-dw_day06.h5

Epoch 14: val_loss did not improve from 0.00627

Epoch 8: val_loss did not improve from inf

Epoch 14: val_loss did not improve from 0.02066

Epoch 8: val_loss did not improve from inf

Epoch 14: val_loss did not improve from 0.00013

Epoch 8: val_loss did not improve from inf

Epoch 10: val_loss did not improve from 0.00041

Epoch 6: val_loss did not improve from 0.00002

Epoch 6: val_loss did not improve from 0.00003

Epoch 7: val_loss did not improve from 0.00007

Epoch 7: val_loss did not improve from 0.00005

Epoch 8: val_loss did not improve from 0.00007

Epoch 8: val_loss did not improve from 0.00005

Epoch 11: val_loss did not improve from 0.00041

Epoch 2: val_loss did not improve from 0.00012

Epoch 15: val_loss improved from 0.00015 to 0.00012, saving model to /p/project1/cesmtst/patakchiyousefi1/HPT/mse_64_1e-05_1e-17_0.5_4_4_16_0.5_128_0.0_unet-m-dw_day06.h5

Epoch 15: val_loss did not improve from 0.00627

Epoch 15: val_loss did not improve from 0.02066

Epoch 15: val_loss did not improve from 0.00013

Epoch 9: val_loss did not improve from 0.00007

Epoch 9: val_loss did not improve from 0.00005

Epoch 2: val_loss did not improve from inf

Epoch 4: val_loss did not improve from inf

Epoch 7: val_loss did not improve from 0.00002

Epoch 7: val_loss did not improve from 0.00003

Epoch 12: val_loss did not improve from 0.00041

Epoch 10: val_loss did not improve from 0.00007

Epoch 9: val_loss did not improve from inf

Epoch 10: val_loss did not improve from 0.00005

Epoch 9: val_loss did not improve from inf

Epoch 9: val_loss did not improve from inf

Epoch 9: val_loss did not improve from inf

Epoch 3: val_loss did not improve from 0.00012

Epoch 16: val_loss improved from 0.00012 to 0.00009, saving model to /p/project1/cesmtst/patakchiyousefi1/HPT/mse_64_1e-05_1e-17_0.5_4_4_16_0.5_128_0.0_unet-m-dw_day06.h5

Epoch 16: val_loss did not improve from 0.00627

Epoch 16: val_loss did not improve from 0.02066

Epoch 16: val_loss did not improve from 0.00013

Epoch 13: val_loss did not improve from 0.00041

Epoch 11: val_loss did not improve from 0.00007

Epoch 11: val_loss did not improve from 0.00005

Epoch 8: val_loss did not improve from 0.00002

Epoch 8: val_loss did not improve from 0.00003

Epoch 12: val_loss did not improve from 0.00007

Epoch 12: val_loss did not improve from 0.00005

Epoch 14: val_loss did not improve from 0.00041

Epoch 17: val_loss improved from 0.00009 to 0.00008, saving model to /p/project1/cesmtst/patakchiyousefi1/HPT/mse_64_1e-05_1e-17_0.5_4_4_16_0.5_128_0.0_unet-m-dw_day06.h5

Epoch 17: val_loss did not improve from 0.00627
Saving and plotting the results...

Epoch 4: val_loss did not improve from 0.00012

Epoch 13: val_loss did not improve from 0.00007

Epoch 17: val_loss did not improve from 0.02066
Saving and plotting the results...

Epoch 17: val_loss did not improve from 0.00013
Saving and plotting the results...

Epoch 13: val_loss did not improve from 0.00005

Epoch 3: val_loss did not improve from inf

Epoch 5: val_loss did not improve from inf

Epoch 15: val_loss did not improve from 0.00041

Epoch 9: val_loss did not improve from 0.00002

Epoch 10: val_loss did not improve from inf

Epoch 9: val_loss did not improve from 0.00003

Epoch 14: val_loss did not improve from 0.00007

Epoch 10: val_loss did not improve from inf

Epoch 14: val_loss did not improve from 0.00005

Epoch 10: val_loss did not improve from inf

Epoch 10: val_loss did not improve from inf

Epoch 15: val_loss did not improve from 0.00007

Epoch 18: val_loss improved from 0.00008 to 0.00007, saving model to /p/project1/cesmtst/patakchiyousefi1/HPT/mse_64_1e-05_1e-17_0.5_4_4_16_0.5_128_0.0_unet-m-dw_day06.h5

Epoch 15: val_loss did not improve from 0.00005

Epoch 16: val_loss did not improve from 0.00041

Epoch 5: val_loss did not improve from 0.00012

Epoch 16: val_loss did not improve from 0.00007

Epoch 16: val_loss did not improve from 0.00005

Epoch 10: val_loss did not improve from 0.00002

Epoch 10: val_loss did not improve from 0.00003

Epoch 17: val_loss did not improve from 0.00041
Saving and plotting the results...

Epoch 17: val_loss did not improve from 0.00007
Saving and plotting the results...

Epoch 17: val_loss did not improve from 0.00005
Saving and plotting the results...

Epoch 19: val_loss improved from 0.00007 to 0.00006, saving model to /p/project1/cesmtst/patakchiyousefi1/HPT/mse_64_1e-05_1e-17_0.5_4_4_16_0.5_128_0.0_unet-m-dw_day06.h5

Epoch 4: val_loss did not improve from inf

Epoch 6: val_loss did not improve from inf

Epoch 6: val_loss did not improve from 0.00012

Epoch 11: val_loss did not improve from inf
train_data_hourly_pr_['ADAPTER_DE05.day06.merged.nc']_['ADAPTER_DE05.day01.merged.nc']_MM_6__spatiotemporal_128.256_2018-01-01T13_2022-12-31T23_no_na_land
Loading training data...
Data loaded!
mse_64_0.0001_1e-17_0.5_4_4_16_0.5_128_0.2_unet-m-dw_day06
Training the model...

Epoch 1: val_loss improved from inf to 0.00035, saving model to /p/project1/cesmtst/patakchiyousefi1/HPT/mse_64_0.0001_1e-17_0.5_4_4_16_0.5_128_0.2_unet-m-dw_day06.h5
train_data_hourly_pr_['ADAPTER_DE05.day06.merged.nc']_['ADAPTER_DE05.day01.merged.nc']_MM_6__spatiotemporal_128.256_2018-01-01T13_2022-12-31T23_no_na_land
Loading training data...
Data loaded!
mse_64_0.01_1e-17_0.5_4_4_16_0.5_128_0.3_unet-m-dw_day06
Training the model...

Epoch 1: val_loss improved from inf to 0.00005, saving model to /p/project1/cesmtst/patakchiyousefi1/HPT/mse_64_0.01_1e-17_0.5_4_4_16_0.5_128_0.3_unet-m-dw_day06.h5

Epoch 11: val_loss did not improve from inf
train_data_hourly_pr_['ADAPTER_DE05.day06.merged.nc']_['ADAPTER_DE05.day01.merged.nc']_MM_6__spatiotemporal_128.256_2018-01-01T13_2022-12-31T23_no_na_land
Loading training data...
Data loaded!
mse_64_1e-05_1e-17_0.5_4_4_16_0.5_128_0.3_unet-m-dw_day06
Training the model...

Epoch 1: val_loss improved from inf to 0.00097, saving model to /p/project1/cesmtst/patakchiyousefi1/HPT/mse_64_1e-05_1e-17_0.5_4_4_16_0.5_128_0.3_unet-m-dw_day06.h5

Epoch 11: val_loss did not improve from inf

Epoch 11: val_loss did not improve from inf

Epoch 11: val_loss did not improve from 0.00002

Epoch 11: val_loss did not improve from 0.00003

Epoch 20: val_loss improved from 0.00006 to 0.00005, saving model to /p/project1/cesmtst/patakchiyousefi1/HPT/mse_64_1e-05_1e-17_0.5_4_4_16_0.5_128_0.0_unet-m-dw_day06.h5

Epoch 7: val_loss did not improve from 0.00012

Epoch 2: val_loss did not improve from 0.00035

Epoch 2: val_loss improved from 0.00005 to 0.00003, saving model to /p/project1/cesmtst/patakchiyousefi1/HPT/mse_64_0.01_1e-17_0.5_4_4_16_0.5_128_0.3_unet-m-dw_day06.h5
train_data_hourly_pr_['ADAPTER_DE05.day06.merged.nc']_['ADAPTER_DE05.day01.merged.nc']_MM_6__spatiotemporal_128.256_2018-01-01T13_2022-12-31T23_no_na_land
Loading training data...
Data loaded!
mse_64_0.001_1e-17_0.5_4_16_16_0.5_128_0.3_unet-m-dw_day06
Training the model...

Epoch 1: val_loss improved from inf to 0.00005, saving model to /p/project1/cesmtst/patakchiyousefi1/HPT/mse_64_0.001_1e-17_0.5_4_16_16_0.5_128_0.3_unet-m-dw_day06.h5

Epoch 2: val_loss improved from 0.00097 to 0.00043, saving model to /p/project1/cesmtst/patakchiyousefi1/HPT/mse_64_1e-05_1e-17_0.5_4_4_16_0.5_128_0.3_unet-m-dw_day06.h5

Epoch 12: val_loss did not improve from 0.00002

Epoch 12: val_loss did not improve from 0.00003
train_data_hourly_pr_['ADAPTER_DE05.day06.merged.nc']_['ADAPTER_DE05.day01.merged.nc']_MM_6__spatiotemporal_128.256_2018-01-01T13_2022-12-31T23_no_na_land
Loading training data...
Data loaded!
mse_64_0.001_1e-17_0.5_4_8_16_0.5_128_0.2_unet-m-dw_day06
Training the model...

Epoch 1: val_loss improved from inf to 0.00006, saving model to /p/project1/cesmtst/patakchiyousefi1/HPT/mse_64_0.001_1e-17_0.5_4_8_16_0.5_128_0.2_unet-m-dw_day06.h5
train_data_hourly_pr_['ADAPTER_DE05.day06.merged.nc']_['ADAPTER_DE05.day01.merged.nc']_MM_6__spatiotemporal_128.256_2018-01-01T13_2022-12-31T23_no_na_land
Loading training data...
Data loaded!
mse_64_0.0001_1e-17_0.5_4_8_16_0.5_128_0.2_unet-m-dw_day06
Training the model...

Epoch 1: val_loss improved from inf to 0.00004, saving model to /p/project1/cesmtst/patakchiyousefi1/HPT/mse_64_0.0001_1e-17_0.5_4_8_16_0.5_128_0.2_unet-m-dw_day06.h5

Epoch 2: val_loss did not improve from 0.00005

Epoch 5: val_loss did not improve from inf

Epoch 12: val_loss did not improve from inf

Epoch 7: val_loss did not improve from inf

Epoch 21: val_loss improved from 0.00005 to 0.00005, saving model to /p/project1/cesmtst/patakchiyousefi1/HPT/mse_64_1e-05_1e-17_0.5_4_4_16_0.5_128_0.0_unet-m-dw_day06.h5

Epoch 12: val_loss did not improve from inf

Epoch 12: val_loss did not improve from inf

Epoch 12: val_loss did not improve from inf

Epoch 3: val_loss did not improve from 0.00005

Epoch 8: val_loss did not improve from 0.00012

Epoch 2: val_loss did not improve from 0.00006

Epoch 3: val_loss did not improve from 0.00035

Epoch 2: val_loss did not improve from 0.00004

Epoch 3: val_loss improved from 0.00003 to 0.00003, saving model to /p/project1/cesmtst/patakchiyousefi1/HPT/mse_64_0.01_1e-17_0.5_4_4_16_0.5_128_0.3_unet-m-dw_day06.h5

Epoch 3: val_loss improved from 0.00043 to 0.00020, saving model to /p/project1/cesmtst/patakchiyousefi1/HPT/mse_64_1e-05_1e-17_0.5_4_4_16_0.5_128_0.3_unet-m-dw_day06.h5

Epoch 4: val_loss did not improve from 0.00005

Epoch 13: val_loss did not improve from 0.00002

Epoch 13: val_loss did not improve from 0.00003

Epoch 3: val_loss did not improve from 0.00006

Epoch 22: val_loss improved from 0.00005 to 0.00004, saving model to /p/project1/cesmtst/patakchiyousefi1/HPT/mse_64_1e-05_1e-17_0.5_4_4_16_0.5_128_0.0_unet-m-dw_day06.h5

Epoch 3: val_loss did not improve from 0.00004

Epoch 5: val_loss did not improve from 0.00005

Epoch 9: val_loss did not improve from 0.00012

Epoch 4: val_loss did not improve from 0.00035

Epoch 4: val_loss did not improve from 0.00003

Epoch 4: val_loss improved from 0.00020 to 0.00010, saving model to /p/project1/cesmtst/patakchiyousefi1/HPT/mse_64_1e-05_1e-17_0.5_4_4_16_0.5_128_0.3_unet-m-dw_day06.h5

Epoch 4: val_loss did not improve from 0.00006

Epoch 6: val_loss did not improve from 0.00005

Epoch 4: val_loss did not improve from 0.00004

Epoch 13: val_loss did not improve from inf

Epoch 14: val_loss did not improve from 0.00002

Epoch 13: val_loss did not improve from inf

Epoch 14: val_loss did not improve from 0.00003

Epoch 6: val_loss did not improve from inf

Epoch 8: val_loss did not improve from inf

Epoch 13: val_loss did not improve from inf

Epoch 13: val_loss did not improve from inf

Epoch 23: val_loss did not improve from 0.00004

Epoch 7: val_loss did not improve from 0.00005

Epoch 5: val_loss did not improve from 0.00006

Epoch 5: val_loss did not improve from 0.00004

Epoch 10: val_loss did not improve from 0.00012

Epoch 5: val_loss did not improve from 0.00035

Epoch 8: val_loss did not improve from 0.00005

Epoch 5: val_loss did not improve from 0.00003

Epoch 5: val_loss improved from 0.00010 to 0.00005, saving model to /p/project1/cesmtst/patakchiyousefi1/HPT/mse_64_1e-05_1e-17_0.5_4_4_16_0.5_128_0.3_unet-m-dw_day06.h5

Epoch 15: val_loss did not improve from 0.00002

Epoch 15: val_loss did not improve from 0.00003

Epoch 6: val_loss did not improve from 0.00006

Epoch 9: val_loss did not improve from 0.00005

Epoch 6: val_loss did not improve from 0.00004

Epoch 24: val_loss did not improve from 0.00004

Epoch 10: val_loss did not improve from 0.00005

Epoch 11: val_loss did not improve from 0.00012

Epoch 14: val_loss did not improve from inf

Epoch 7: val_loss did not improve from 0.00006

Epoch 6: val_loss did not improve from 0.00035

Epoch 14: val_loss did not improve from inf

Epoch 6: val_loss did not improve from 0.00003

Epoch 6: val_loss did not improve from 0.00005

Epoch 7: val_loss did not improve from 0.00004

Epoch 14: val_loss did not improve from inf

Epoch 7: val_loss did not improve from inf

Epoch 9: val_loss did not improve from inf

Epoch 14: val_loss did not improve from inf

Epoch 11: val_loss did not improve from 0.00005

Epoch 16: val_loss did not improve from 0.00002

Epoch 16: val_loss did not improve from 0.00003

Epoch 25: val_loss did not improve from 0.00004

Epoch 8: val_loss did not improve from 0.00006

Epoch 8: val_loss did not improve from 0.00004

Epoch 12: val_loss did not improve from 0.00005

Epoch 12: val_loss did not improve from 0.00012

Epoch 7: val_loss did not improve from 0.00035

Epoch 7: val_loss did not improve from 0.00005

Epoch 7: val_loss did not improve from 0.00003

Epoch 13: val_loss did not improve from 0.00005

Epoch 9: val_loss did not improve from 0.00006

Epoch 9: val_loss did not improve from 0.00004

Epoch 17: val_loss did not improve from 0.00002

Epoch 26: val_loss did not improve from 0.00004

Epoch 17: val_loss did not improve from 0.00003
Saving and plotting the results...

Epoch 15: val_loss did not improve from inf

Epoch 14: val_loss did not improve from 0.00005

Epoch 15: val_loss did not improve from inf

Epoch 15: val_loss did not improve from inf

Epoch 10: val_loss did not improve from 0.00006

Epoch 15: val_loss did not improve from inf

Epoch 10: val_loss did not improve from 0.00004

Epoch 13: val_loss did not improve from 0.00012

Epoch 8: val_loss did not improve from inf

Epoch 10: val_loss did not improve from inf

Epoch 8: val_loss did not improve from 0.00035

Epoch 15: val_loss did not improve from 0.00005

Epoch 8: val_loss did not improve from 0.00005

Epoch 8: val_loss did not improve from 0.00003

Epoch 27: val_loss did not improve from 0.00004

Epoch 18: val_loss did not improve from 0.00002

Epoch 11: val_loss did not improve from 0.00006

Epoch 16: val_loss did not improve from 0.00005

Epoch 11: val_loss did not improve from 0.00004

Epoch 17: val_loss did not improve from 0.00005
Saving and plotting the results...

Epoch 14: val_loss did not improve from 0.00012
train_data_hourly_pr_['ADAPTER_DE05.day06.merged.nc']_['ADAPTER_DE05.day01.merged.nc']_MM_6__spatiotemporal_128.256_2018-01-01T13_2022-12-31T23_no_na_land
Loading training data...
Data loaded!
mse_64_0.0001_1e-17_0.5_4_16_16_0.5_128_0.3_unet-m-dw_day06
Training the model...

Epoch 1: val_loss improved from inf to 0.00007, saving model to /p/project1/cesmtst/patakchiyousefi1/HPT/mse_64_0.0001_1e-17_0.5_4_16_16_0.5_128_0.3_unet-m-dw_day06.h5

Epoch 9: val_loss did not improve from 0.00035

Epoch 12: val_loss did not improve from 0.00006

Epoch 9: val_loss did not improve from 0.00005

Epoch 9: val_loss did not improve from 0.00003

Epoch 12: val_loss did not improve from 0.00004

Epoch 16: val_loss did not improve from inf
Saving and plotting the results...

Epoch 28: val_loss did not improve from 0.00004

Epoch 16: val_loss did not improve from inf
Saving and plotting the results...

Epoch 19: val_loss did not improve from 0.00002

Epoch 2: val_loss did not improve from 0.00007

Epoch 16: val_loss did not improve from inf
Saving and plotting the results...

Epoch 16: val_loss did not improve from inf
Saving and plotting the results...

Epoch 13: val_loss did not improve from 0.00006

Epoch 9: val_loss did not improve from inf

Epoch 13: val_loss did not improve from 0.00004

Epoch 11: val_loss did not improve from inf

Epoch 3: val_loss did not improve from 0.00007

Epoch 15: val_loss did not improve from 0.00012

Epoch 10: val_loss did not improve from 0.00035

Epoch 10: val_loss did not improve from 0.00005

Epoch 10: val_loss did not improve from 0.00003

Epoch 14: val_loss did not improve from 0.00006

Epoch 29: val_loss did not improve from 0.00004

Epoch 4: val_loss did not improve from 0.00007

Epoch 14: val_loss did not improve from 0.00004

Epoch 20: val_loss did not improve from 0.00002
train_data_hourly_pr_['ADAPTER_DE05.day06.merged.nc']_['ADAPTER_DE05.day01.merged.nc']_MM_6__spatiotemporal_128.256_2018-01-01T13_2022-12-31T23_no_na_land
Loading training data...
Data loaded!
mse_64_0.01_1e-17_0.5_4_16_16_0.5_128_0.1_unet-m-dw_day06
Training the model...

Epoch 1: val_loss improved from inf to 0.00005, saving model to /p/project1/cesmtst/patakchiyousefi1/HPT/mse_64_0.01_1e-17_0.5_4_16_16_0.5_128_0.1_unet-m-dw_day06.h5

Epoch 5: val_loss did not improve from 0.00007
train_data_hourly_pr_['ADAPTER_DE05.day06.merged.nc']_['ADAPTER_DE05.day01.merged.nc']_MM_6__spatiotemporal_128.256_2018-01-01T13_2022-12-31T23_no_na_land
Loading training data...
Data loaded!
mse_64_0.01_1e-17_0.5_4_16_16_0.5_128_0.2_unet-m-dw_day06
Training the model...

Epoch 1: val_loss improved from inf to 0.00005, saving model to /p/project1/cesmtst/patakchiyousefi1/HPT/mse_64_0.01_1e-17_0.5_4_16_16_0.5_128_0.2_unet-m-dw_day06.h5

Epoch 15: val_loss did not improve from 0.00006

Epoch 2: val_loss did not improve from 0.00005

Epoch 15: val_loss did not improve from 0.00004

Epoch 16: val_loss did not improve from 0.00012

Epoch 11: val_loss did not improve from 0.00035
train_data_hourly_pr_['ADAPTER_DE05.day06.merged.nc']_['ADAPTER_DE05.day01.merged.nc']_MM_6__spatiotemporal_128.256_2018-01-01T13_2022-12-31T23_no_na_land
Loading training data...
Data loaded!
mse_64_0.0001_1e-17_0.5_4_8_16_0.5_128_0.3_unet-m-dw_day06
Training the model...

Epoch 1: val_loss improved from inf to 0.00052, saving model to /p/project1/cesmtst/patakchiyousefi1/HPT/mse_64_0.0001_1e-17_0.5_4_8_16_0.5_128_0.3_unet-m-dw_day06.h5

Epoch 11: val_loss did not improve from 0.00005

Epoch 11: val_loss did not improve from 0.00003

Epoch 6: val_loss did not improve from 0.00007
train_data_hourly_pr_['ADAPTER_DE05.day06.merged.nc']_['ADAPTER_DE05.day01.merged.nc']_MM_6__spatiotemporal_128.256_2018-01-01T13_2022-12-31T23_no_na_land
Loading training data...
Data loaded!
mse_64_0.0001_1e-17_0.5_4_8_16_0.5_128_0.1_unet-m-dw_day06
Training the model...

Epoch 1: val_loss improved from inf to 0.00004, saving model to /p/project1/cesmtst/patakchiyousefi1/HPT/mse_64_0.0001_1e-17_0.5_4_8_16_0.5_128_0.1_unet-m-dw_day06.h5

Epoch 30: val_loss did not improve from 0.00004
train_data_hourly_pr_['ADAPTER_DE05.day06.merged.nc']_['ADAPTER_DE05.day01.merged.nc']_MM_6__spatiotemporal_128.256_2018-01-01T13_2022-12-31T23_no_na_land
Loading training data...
Data loaded!
mse_64_0.01_1e-17_0.5_4_8_16_0.5_128_0.3_unet-m-dw_day06
Training the model...

Epoch 1: val_loss improved from inf to 0.02780, saving model to /p/project1/cesmtst/patakchiyousefi1/HPT/mse_64_0.01_1e-17_0.5_4_8_16_0.5_128_0.3_unet-m-dw_day06.h5

Epoch 2: val_loss did not improve from 0.00005

Epoch 3: val_loss did not improve from 0.00005

Epoch 21: val_loss did not improve from 0.00002
Saving and plotting the results...

Epoch 16: val_loss did not improve from 0.00006

Epoch 10: val_loss did not improve from inf

Epoch 12: val_loss did not improve from inf

Epoch 7: val_loss did not improve from 0.00007

Epoch 16: val_loss did not improve from 0.00004

Epoch 2: val_loss improved from 0.00052 to 0.00004, saving model to /p/project1/cesmtst/patakchiyousefi1/HPT/mse_64_0.0001_1e-17_0.5_4_8_16_0.5_128_0.3_unet-m-dw_day06.h5

Epoch 3: val_loss did not improve from 0.00005

Epoch 2: val_loss did not improve from 0.00004

Epoch 4: val_loss did not improve from 0.00005

Epoch 2: val_loss did not improve from 0.02780

Epoch 8: val_loss did not improve from 0.00007

Epoch 17: val_loss did not improve from 0.00012
Saving and plotting the results...

Epoch 12: val_loss did not improve from 0.00035

Epoch 17: val_loss did not improve from 0.00006
Saving and plotting the results...

Epoch 12: val_loss did not improve from 0.00005

Epoch 4: val_loss did not improve from 0.00005

Epoch 12: val_loss did not improve from 0.00003

Epoch 31: val_loss did not improve from 0.00004

Epoch 5: val_loss did not improve from 0.00005

Epoch 17: val_loss did not improve from 0.00004
Saving and plotting the results...

Epoch 3: val_loss did not improve from 0.00004

Epoch 3: val_loss did not improve from 0.00004

Epoch 9: val_loss did not improve from 0.00007

Epoch 3: val_loss did not improve from 0.02780

Epoch 5: val_loss did not improve from 0.00005

Epoch 6: val_loss did not improve from 0.00005

Epoch 10: val_loss did not improve from 0.00007

Epoch 4: val_loss did not improve from 0.00004

Epoch 4: val_loss did not improve from 0.00004

Epoch 6: val_loss did not improve from 0.00005

Epoch 13: val_loss did not improve from 0.00035

Epoch 7: val_loss did not improve from 0.00005

Epoch 4: val_loss improved from 0.02780 to 0.00417, saving model to /p/project1/cesmtst/patakchiyousefi1/HPT/mse_64_0.01_1e-17_0.5_4_8_16_0.5_128_0.3_unet-m-dw_day06.h5

Epoch 13: val_loss did not improve from 0.00005

Epoch 32: val_loss did not improve from 0.00004

Epoch 13: val_loss improved from 0.00003 to 0.00002, saving model to /p/project1/cesmtst/patakchiyousefi1/HPT/mse_64_0.01_1e-17_0.5_4_4_16_0.5_128_0.3_unet-m-dw_day06.h5

Epoch 11: val_loss did not improve from 0.00007

Epoch 11: val_loss did not improve from inf

Epoch 13: val_loss did not improve from inf

Epoch 7: val_loss did not improve from 0.00005

Epoch 8: val_loss did not improve from 0.00005

Epoch 5: val_loss did not improve from 0.00004

Epoch 5: val_loss did not improve from 0.00004
train_data_hourly_pr_['ADAPTER_DE05.day06.merged.nc']_['ADAPTER_DE05.day01.merged.nc']_MM_6__spatiotemporal_128.256_2018-01-01T13_2022-12-31T23_no_na_land
Loading training data...
Data loaded!
mse_64_0.001_1e-17_0.5_4_16_16_0.5_128_0.2_unet-m-dw_day06
Training the model...

Epoch 1: val_loss improved from inf to 0.00007, saving model to /p/project1/cesmtst/patakchiyousefi1/HPT/mse_64_0.001_1e-17_0.5_4_16_16_0.5_128_0.2_unet-m-dw_day06.h5

Epoch 5: val_loss improved from 0.00417 to 0.00325, saving model to /p/project1/cesmtst/patakchiyousefi1/HPT/mse_64_0.01_1e-17_0.5_4_8_16_0.5_128_0.3_unet-m-dw_day06.h5

Epoch 12: val_loss did not improve from 0.00007

Epoch 8: val_loss did not improve from 0.00005

Epoch 9: val_loss did not improve from 0.00005
train_data_hourly_pr_['ADAPTER_DE05.day06.merged.nc']_['ADAPTER_DE05.day01.merged.nc']_MM_6__spatiotemporal_128.256_2018-01-01T13_2022-12-31T23_no_na_land
Loading training data...
Data loaded!
mse_64_1e-05_1e-17_0.5_4_8_16_0.5_128_0.2_unet-m-dw_day06
Training the model...

Epoch 1: val_loss improved from inf to 0.00020, saving model to /p/project1/cesmtst/patakchiyousefi1/HPT/mse_64_1e-05_1e-17_0.5_4_8_16_0.5_128_0.2_unet-m-dw_day06.h5

Epoch 14: val_loss did not improve from 0.00035

Epoch 33: val_loss did not improve from 0.00004

Epoch 2: val_loss did not improve from 0.00007

Epoch 14: val_loss did not improve from 0.00005

Epoch 6: val_loss did not improve from 0.00004

Epoch 13: val_loss did not improve from 0.00007

Epoch 14: val_loss improved from 0.00002 to 0.00002, saving model to /p/project1/cesmtst/patakchiyousefi1/HPT/mse_64_0.01_1e-17_0.5_4_4_16_0.5_128_0.3_unet-m-dw_day06.h5

Epoch 6: val_loss did not improve from 0.00004

Epoch 9: val_loss did not improve from 0.00005
train_data_hourly_pr_['ADAPTER_DE05.day06.merged.nc']_['ADAPTER_DE05.day01.merged.nc']_MM_6__spatiotemporal_128.256_2018-01-01T13_2022-12-31T23_no_na_land
Loading training data...
Data loaded!
mse_64_0.0001_1e-17_0.5_4_2_16_0.5_128_0.2_unet-m-dw_day06
Training the model...

Epoch 1: val_loss did not improve from inf

Epoch 6: val_loss improved from 0.00325 to 0.00251, saving model to /p/project1/cesmtst/patakchiyousefi1/HPT/mse_64_0.01_1e-17_0.5_4_8_16_0.5_128_0.3_unet-m-dw_day06.h5

Epoch 10: val_loss did not improve from 0.00005

Epoch 3: val_loss did not improve from 0.00007

Epoch 2: val_loss improved from 0.00020 to 0.00007, saving model to /p/project1/cesmtst/patakchiyousefi1/HPT/mse_64_1e-05_1e-17_0.5_4_8_16_0.5_128_0.2_unet-m-dw_day06.h5

Epoch 14: val_loss did not improve from 0.00007

Epoch 10: val_loss did not improve from 0.00005

Epoch 7: val_loss did not improve from 0.00004

Epoch 11: val_loss did not improve from 0.00005

Epoch 7: val_loss did not improve from 0.00004
train_data_hourly_pr_['ADAPTER_DE05.day06.merged.nc']_['ADAPTER_DE05.day01.merged.nc']_MM_6__spatiotemporal_128.256_2018-01-01T13_2022-12-31T23_no_na_land
Loading training data...
Data loaded!
mse_64_0.001_1e-17_0.5_4_2_16_0.5_128_0.2_unet-m-dw_day06
Training the model...

Epoch 1: val_loss did not improve from inf

Epoch 7: val_loss did not improve from 0.00251

Epoch 4: val_loss did not improve from 0.00007

Epoch 15: val_loss did not improve from 0.00035

Epoch 15: val_loss did not improve from 0.00007

Epoch 34: val_loss did not improve from 0.00004

Epoch 15: val_loss did not improve from 0.00005

Epoch 12: val_loss did not improve from inf

Epoch 14: val_loss did not improve from inf

Epoch 11: val_loss did not improve from 0.00005

Epoch 3: val_loss improved from 0.00007 to 0.00005, saving model to /p/project1/cesmtst/patakchiyousefi1/HPT/mse_64_1e-05_1e-17_0.5_4_8_16_0.5_128_0.2_unet-m-dw_day06.h5

Epoch 15: val_loss improved from 0.00002 to 0.00002, saving model to /p/project1/cesmtst/patakchiyousefi1/HPT/mse_64_0.01_1e-17_0.5_4_4_16_0.5_128_0.3_unet-m-dw_day06.h5

Epoch 12: val_loss did not improve from 0.00005

Epoch 8: val_loss did not improve from 0.00004

Epoch 5: val_loss did not improve from 0.00007

Epoch 8: val_loss did not improve from 0.00004

Epoch 16: val_loss did not improve from 0.00007

Epoch 8: val_loss did not improve from 0.00251

Epoch 12: val_loss did not improve from 0.00005

Epoch 13: val_loss did not improve from 0.00005

Epoch 4: val_loss did not improve from 0.00005

Epoch 6: val_loss did not improve from 0.00007

Epoch 17: val_loss did not improve from 0.00007
Saving and plotting the results...

Epoch 9: val_loss did not improve from 0.00004

Epoch 35: val_loss did not improve from 0.00004

Epoch 13: val_loss did not improve from 0.00005

Epoch 9: val_loss did not improve from 0.00004

Epoch 16: val_loss did not improve from 0.00035

Epoch 14: val_loss did not improve from 0.00005

Epoch 2: val_loss did not improve from inf

Epoch 16: val_loss did not improve from 0.00005

Epoch 9: val_loss did not improve from 0.00251

Epoch 16: val_loss improved from 0.00002 to 0.00002, saving model to /p/project1/cesmtst/patakchiyousefi1/HPT/mse_64_0.01_1e-17_0.5_4_4_16_0.5_128_0.3_unet-m-dw_day06.h5

Epoch 7: val_loss did not improve from 0.00007

Epoch 5: val_loss did not improve from 0.00005

Epoch 14: val_loss did not improve from 0.00005

Epoch 15: val_loss did not improve from 0.00005

Epoch 10: val_loss did not improve from 0.00004

Epoch 10: val_loss did not improve from 0.00004

Epoch 8: val_loss did not improve from 0.00007

Epoch 2: val_loss did not improve from inf

Epoch 10: val_loss did not improve from 0.00251

Epoch 15: val_loss did not improve from 0.00005

Epoch 13: val_loss did not improve from inf

Epoch 16: val_loss did not improve from 0.00005

Epoch 15: val_loss did not improve from inf

Epoch 36: val_loss did not improve from 0.00004

Epoch 6: val_loss did not improve from 0.00005

Epoch 17: val_loss did not improve from 0.00035
Saving and plotting the results...

Epoch 9: val_loss did not improve from 0.00007

Epoch 17: val_loss did not improve from 0.00005

Epoch 11: val_loss did not improve from 0.00004

Epoch 11: val_loss did not improve from 0.00004

Epoch 17: val_loss improved from 0.00002 to 0.00002, saving model to /p/project1/cesmtst/patakchiyousefi1/HPT/mse_64_0.01_1e-17_0.5_4_4_16_0.5_128_0.3_unet-m-dw_day06.h5

Epoch 16: val_loss did not improve from 0.00005

Epoch 17: val_loss did not improve from 0.00005
Saving and plotting the results...

Epoch 11: val_loss did not improve from 0.00251

Epoch 10: val_loss did not improve from 0.00007

Epoch 7: val_loss did not improve from 0.00005

Epoch 17: val_loss did not improve from 0.00005
Saving and plotting the results...

Epoch 12: val_loss did not improve from 0.00004

Epoch 12: val_loss did not improve from 0.00004

Epoch 3: val_loss did not improve from inf

Epoch 37: val_loss did not improve from 0.00004

Epoch 11: val_loss did not improve from 0.00007

Epoch 12: val_loss did not improve from 0.00251
train_data_hourly_pr_['ADAPTER_DE05.day06.merged.nc']_['ADAPTER_DE05.day01.merged.nc']_MM_6__spatiotemporal_128.256_2018-01-01T13_2022-12-31T23_no_na_land
Loading training data...
Data loaded!
mse_64_0.0001_1e-17_0.5_4_4_16_0.5_128_0.3_unet-m-dw_day06
Training the model...

Epoch 1: val_loss improved from inf to 0.00010, saving model to /p/project1/cesmtst/patakchiyousefi1/HPT/mse_64_0.0001_1e-17_0.5_4_4_16_0.5_128_0.3_unet-m-dw_day06.h5

Epoch 18: val_loss did not improve from 0.00005

Epoch 8: val_loss did not improve from 0.00005

Epoch 18: val_loss did not improve from 0.00002

Epoch 13: val_loss did not improve from 0.00004

Epoch 12: val_loss did not improve from 0.00007

Epoch 13: val_loss did not improve from 0.00004

Epoch 3: val_loss did not improve from inf

Epoch 13: val_loss did not improve from 0.00251

Epoch 14: val_loss did not improve from inf

Epoch 16: val_loss did not improve from inf
Saving and plotting the results...

Epoch 13: val_loss did not improve from 0.00007

Epoch 38: val_loss did not improve from 0.00004
Saving and plotting the results...

Epoch 9: val_loss did not improve from 0.00005

Epoch 14: val_loss did not improve from 0.00004

Epoch 2: val_loss did not improve from 0.00010

Epoch 14: val_loss did not improve from 0.00004

Epoch 19: val_loss did not improve from 0.00005

Epoch 14: val_loss did not improve from 0.00251

Epoch 14: val_loss did not improve from 0.00007

Epoch 19: val_loss improved from 0.00002 to 0.00002, saving model to /p/project1/cesmtst/patakchiyousefi1/HPT/mse_64_0.01_1e-17_0.5_4_4_16_0.5_128_0.3_unet-m-dw_day06.h5
train_data_hourly_pr_['ADAPTER_DE05.day06.merged.nc']_['ADAPTER_DE05.day01.merged.nc']_MM_6__spatiotemporal_128.256_2018-01-01T13_2022-12-31T23_no_na_land
Loading training data...
Data loaded!
mse_64_0.001_1e-17_0.5_4_4_16_0.5_128_0.2_unet-m-dw_day06
Training the model...

Epoch 1: val_loss improved from inf to 0.00361, saving model to /p/project1/cesmtst/patakchiyousefi1/HPT/mse_64_0.001_1e-17_0.5_4_4_16_0.5_128_0.2_unet-m-dw_day06.h5

Epoch 10: val_loss did not improve from 0.00005

Epoch 15: val_loss did not improve from 0.00004

Epoch 15: val_loss did not improve from 0.00007

Epoch 15: val_loss did not improve from 0.00004

Epoch 4: val_loss did not improve from inf

Epoch 15: val_loss did not improve from 0.00251
train_data_hourly_pr_['ADAPTER_DE05.day06.merged.nc']_['ADAPTER_DE05.day01.merged.nc']_MM_6__spatiotemporal_128.256_2018-01-01T13_2022-12-31T23_no_na_land
Loading training data...
Data loaded!
mse_64_1e-05_1e-17_0.5_4_4_16_0.5_128_0.1_unet-m-dw_day06
Training the model...

Epoch 1: val_loss improved from inf to 0.00012, saving model to /p/project1/cesmtst/patakchiyousefi1/HPT/mse_64_1e-05_1e-17_0.5_4_4_16_0.5_128_0.1_unet-m-dw_day06.h5
train_data_hourly_pr_['ADAPTER_DE05.day06.merged.nc']_['ADAPTER_DE05.day01.merged.nc']_MM_6__spatiotemporal_128.256_2018-01-01T13_2022-12-31T23_no_na_land
Loading training data...
Data loaded!
mse_64_0.0001_1e-17_0.5_4_2_16_0.5_128_0.3_unet-m-dw_day06
Training the model...

Epoch 1: val_loss did not improve from inf

Epoch 3: val_loss did not improve from 0.00010

Epoch 11: val_loss did not improve from 0.00005

Epoch 16: val_loss did not improve from 0.00007

Epoch 20: val_loss did not improve from 0.00005

Epoch 16: val_loss did not improve from 0.00004

Epoch 4: val_loss did not improve from inf
train_data_hourly_pr_['ADAPTER_DE05.day06.merged.nc']_['ADAPTER_DE05.day01.merged.nc']_MM_6__spatiotemporal_128.256_2018-01-01T13_2022-12-31T23_no_na_land
Loading training data...
Data loaded!
mse_64_0.0001_1e-17_0.5_4_16_16_0.5_128_0.1_unet-m-dw_day06
Training the model...

Epoch 1: val_loss improved from inf to 0.00005, saving model to /p/project1/cesmtst/patakchiyousefi1/HPT/mse_64_0.0001_1e-17_0.5_4_16_16_0.5_128_0.1_unet-m-dw_day06.h5

Epoch 16: val_loss did not improve from 0.00004

Epoch 20: val_loss improved from 0.00002 to 0.00002, saving model to /p/project1/cesmtst/patakchiyousefi1/HPT/mse_64_0.01_1e-17_0.5_4_4_16_0.5_128_0.3_unet-m-dw_day06.h5

Epoch 16: val_loss did not improve from 0.00251

Epoch 2: val_loss improved from 0.00361 to 0.00009, saving model to /p/project1/cesmtst/patakchiyousefi1/HPT/mse_64_0.001_1e-17_0.5_4_4_16_0.5_128_0.2_unet-m-dw_day06.h5

Epoch 15: val_loss did not improve from inf
train_data_hourly_pr_['ADAPTER_DE05.day06.merged.nc']_['ADAPTER_DE05.day01.merged.nc']_MM_6__spatiotemporal_128.256_2018-01-01T13_2022-12-31T23_no_na_land
Loading training data...
Data loaded!
mse_64_0.001_1e-17_0.5_4_8_16_0.5_128_0.1_unet-m-dw_day06
Training the model...

Epoch 1: val_loss improved from inf to 0.00036, saving model to /p/project1/cesmtst/patakchiyousefi1/HPT/mse_64_0.001_1e-17_0.5_4_8_16_0.5_128_0.1_unet-m-dw_day06.h5

Epoch 17: val_loss did not improve from 0.00007
Saving and plotting the results...

Epoch 12: val_loss did not improve from 0.00005

Epoch 2: val_loss did not improve from 0.00005

Epoch 17: val_loss did not improve from 0.00004

Epoch 2: val_loss did not improve from 0.00012

Epoch 17: val_loss did not improve from 0.00004
Saving and plotting the results...

Epoch 17: val_loss did not improve from 0.00251

Epoch 4: val_loss did not improve from 0.00010

Epoch 3: val_loss did not improve from 0.00005

Epoch 2: val_loss did not improve from 0.00036

Epoch 21: val_loss did not improve from 0.00005
Saving and plotting the results...

Epoch 13: val_loss did not improve from 0.00005

Epoch 21: val_loss did not improve from 0.00002

Epoch 18: val_loss did not improve from 0.00004
Saving and plotting the results...

Epoch 3: val_loss improved from 0.00009 to 0.00005, saving model to /p/project1/cesmtst/patakchiyousefi1/HPT/mse_64_0.001_1e-17_0.5_4_4_16_0.5_128_0.2_unet-m-dw_day06.h5

Epoch 5: val_loss did not improve from inf

Epoch 4: val_loss did not improve from 0.00005

Epoch 18: val_loss did not improve from 0.00251

Epoch 2: val_loss did not improve from inf

Epoch 3: val_loss did not improve from 0.00036

Epoch 3: val_loss did not improve from 0.00012

Epoch 14: val_loss did not improve from 0.00005

Epoch 5: val_loss did not improve from 0.00005

Epoch 5: val_loss did not improve from inf

Epoch 5: val_loss did not improve from 0.00010

Epoch 19: val_loss did not improve from 0.00251
train_data_hourly_pr_['ADAPTER_DE05.day06.merged.nc']_['ADAPTER_DE05.day01.merged.nc']_MM_6__spatiotemporal_128.256_2018-01-01T13_2022-12-31T23_no_na_land
Loading training data...
Data loaded!
mse_64_0.001_1e-17_0.5_4_8_16_0.5_128_0.3_unet-m-dw_day06
Training the model...

Epoch 1: val_loss improved from inf to 0.12251, saving model to /p/project1/cesmtst/patakchiyousefi1/HPT/mse_64_0.001_1e-17_0.5_4_8_16_0.5_128_0.3_unet-m-dw_day06.h5

Epoch 16: val_loss did not improve from inf
Saving and plotting the results...

Epoch 22: val_loss did not improve from 0.00002

Epoch 4: val_loss did not improve from 0.00036

Epoch 6: val_loss did not improve from 0.00005

Epoch 4: val_loss improved from 0.00005 to 0.00003, saving model to /p/project1/cesmtst/patakchiyousefi1/HPT/mse_64_0.001_1e-17_0.5_4_4_16_0.5_128_0.2_unet-m-dw_day06.h5

Epoch 15: val_loss did not improve from 0.00005
train_data_hourly_pr_['ADAPTER_DE05.day06.merged.nc']_['ADAPTER_DE05.day01.merged.nc']_MM_6__spatiotemporal_128.256_2018-01-01T13_2022-12-31T23_no_na_land
Loading training data...
Data loaded!
mse_64_1e-05_1e-17_0.5_4_16_16_0.5_128_0.2_unet-m-dw_day06
Training the model...

Epoch 1: val_loss improved from inf to 0.00063, saving model to /p/project1/cesmtst/patakchiyousefi1/HPT/mse_64_1e-05_1e-17_0.5_4_16_16_0.5_128_0.2_unet-m-dw_day06.h5

Epoch 4: val_loss did not improve from 0.00012

Epoch 2: val_loss did not improve from 0.12251

Epoch 20: val_loss did not improve from 0.00251

Epoch 7: val_loss did not improve from 0.00005

Epoch 5: val_loss did not improve from 0.00036
train_data_hourly_pr_['ADAPTER_DE05.day06.merged.nc']_['ADAPTER_DE05.day01.merged.nc']_MM_6__spatiotemporal_128.256_2018-01-01T13_2022-12-31T23_no_na_land
Loading training data...
Data loaded!
mse_64_0.001_1e-17_0.5_4_4_16_0.5_128_0.1_unet-m-dw_day06
Training the model...

Epoch 1: val_loss improved from inf to 0.00002, saving model to /p/project1/cesmtst/patakchiyousefi1/HPT/mse_64_0.001_1e-17_0.5_4_4_16_0.5_128_0.1_unet-m-dw_day06.h5

Epoch 6: val_loss did not improve from 0.00010

Epoch 2: val_loss did not improve from 0.00063

Epoch 16: val_loss did not improve from 0.00005

Epoch 6: val_loss did not improve from inf

Epoch 8: val_loss did not improve from 0.00005

Epoch 23: val_loss did not improve from 0.00002

Epoch 3: val_loss did not improve from inf

Epoch 3: val_loss did not improve from 0.12251

Epoch 21: val_loss did not improve from 0.00251

Epoch 5: val_loss improved from 0.00003 to 0.00003, saving model to /p/project1/cesmtst/patakchiyousefi1/HPT/mse_64_0.001_1e-17_0.5_4_4_16_0.5_128_0.2_unet-m-dw_day06.h5

Epoch 3: val_loss did not improve from 0.00063

Epoch 6: val_loss did not improve from 0.00036

Epoch 9: val_loss did not improve from 0.00005

Epoch 17: val_loss did not improve from 0.00005

Epoch 6: val_loss did not improve from inf

Epoch 5: val_loss did not improve from 0.00012
train_data_hourly_pr_['ADAPTER_DE05.day06.merged.nc']_['ADAPTER_DE05.day01.merged.nc']_MM_6__spatiotemporal_128.256_2018-01-01T13_2022-12-31T23_no_na_land
Loading training data...
Data loaded!
mse_64_1e-05_1e-17_0.5_4_16_16_0.5_128_0.3_unet-m-dw_day06
Training the model...

Epoch 1: val_loss improved from inf to 0.00687, saving model to /p/project1/cesmtst/patakchiyousefi1/HPT/mse_64_1e-05_1e-17_0.5_4_16_16_0.5_128_0.3_unet-m-dw_day06.h5

Epoch 4: val_loss did not improve from 0.00063

Epoch 2: val_loss improved from 0.00002 to 0.00002, saving model to /p/project1/cesmtst/patakchiyousefi1/HPT/mse_64_0.001_1e-17_0.5_4_4_16_0.5_128_0.1_unet-m-dw_day06.h5

Epoch 4: val_loss did not improve from 0.12251

Epoch 22: val_loss did not improve from 0.00251
Saving and plotting the results...

Epoch 7: val_loss did not improve from 0.00010

Epoch 10: val_loss did not improve from 0.00005

Epoch 7: val_loss did not improve from 0.00036
train_data_hourly_pr_['ADAPTER_DE05.day06.merged.nc']_['ADAPTER_DE05.day01.merged.nc']_MM_6__spatiotemporal_128.256_2018-01-01T13_2022-12-31T23_no_na_land
Loading training data...
Data loaded!
mse_64_0.01_1e-17_0.5_4_2_16_0.5_128_0.1_unet-m-dw_day06
Training the model...

Epoch 1: val_loss did not improve from inf

Epoch 2: val_loss did not improve from 0.00687

Epoch 24: val_loss did not improve from 0.00002

Epoch 18: val_loss did not improve from 0.00005

Epoch 5: val_loss did not improve from 0.00063

Epoch 6: val_loss did not improve from 0.00003

Epoch 11: val_loss did not improve from 0.00005

Epoch 5: val_loss did not improve from 0.12251

Epoch 3: val_loss did not improve from 0.00687

Epoch 8: val_loss did not improve from 0.00036

Epoch 6: val_loss did not improve from 0.00012

Epoch 6: val_loss did not improve from 0.00063

Epoch 19: val_loss did not improve from 0.00005
Saving and plotting the results...

Epoch 3: val_loss improved from 0.00002 to 0.00002, saving model to /p/project1/cesmtst/patakchiyousefi1/HPT/mse_64_0.001_1e-17_0.5_4_4_16_0.5_128_0.1_unet-m-dw_day06.h5

Epoch 12: val_loss did not improve from 0.00005

Epoch 7: val_loss did not improve from inf

Epoch 8: val_loss did not improve from 0.00010

Epoch 4: val_loss did not improve from 0.00687

Epoch 4: val_loss did not improve from inf

Epoch 6: val_loss did not improve from 0.12251

Epoch 7: val_loss did not improve from 0.00063

Epoch 25: val_loss did not improve from 0.00002

Epoch 9: val_loss did not improve from 0.00036

Epoch 13: val_loss did not improve from 0.00005

Epoch 7: val_loss improved from 0.00003 to 0.00002, saving model to /p/project1/cesmtst/patakchiyousefi1/HPT/mse_64_0.001_1e-17_0.5_4_4_16_0.5_128_0.2_unet-m-dw_day06.h5

Epoch 5: val_loss did not improve from 0.00687

Epoch 7: val_loss did not improve from inf

Epoch 8: val_loss did not improve from 0.00063

Epoch 7: val_loss did not improve from 0.00012

Epoch 7: val_loss did not improve from 0.12251

Epoch 14: val_loss did not improve from 0.00005

Epoch 6: val_loss did not improve from 0.00687

Epoch 10: val_loss did not improve from 0.00036

Epoch 2: val_loss did not improve from inf

Epoch 4: val_loss improved from 0.00002 to 0.00002, saving model to /p/project1/cesmtst/patakchiyousefi1/HPT/mse_64_0.001_1e-17_0.5_4_4_16_0.5_128_0.1_unet-m-dw_day06.h5

Epoch 9: val_loss did not improve from 0.00010

Epoch 9: val_loss did not improve from 0.00063

Epoch 15: val_loss did not improve from 0.00005

Epoch 26: val_loss did not improve from 0.00002

Epoch 7: val_loss did not improve from 0.00687

Epoch 8: val_loss did not improve from 0.12251

Epoch 8: val_loss did not improve from 0.00002
train_data_hourly_pr_['ADAPTER_DE05.day06.merged.nc']_['ADAPTER_DE05.day01.merged.nc']_MM_6__spatiotemporal_128.256_2018-01-01T13_2022-12-31T23_no_na_land
Loading training data...
Data loaded!
mse_64_1e-05_1e-17_0.5_4_16_16_0.5_128_0.1_unet-m-dw_day06
Training the model...

Epoch 1: val_loss improved from inf to 0.00158, saving model to /p/project1/cesmtst/patakchiyousefi1/HPT/mse_64_1e-05_1e-17_0.5_4_16_16_0.5_128_0.1_unet-m-dw_day06.h5

Epoch 10: val_loss did not improve from 0.00063

Epoch 11: val_loss did not improve from 0.00036

Epoch 16: val_loss did not improve from 0.00005

Epoch 8: val_loss did not improve from 0.00012

Epoch 8: val_loss did not improve from 0.00687

Epoch 8: val_loss did not improve from inf
train_data_hourly_pr_['ADAPTER_DE05.day06.merged.nc']_['ADAPTER_DE05.day01.merged.nc']_MM_6__spatiotemporal_128.256_2018-01-01T13_2022-12-31T23_no_na_land
Loading training data...
Data loaded!
mse_64_0.0001_1e-17_0.5_4_2_16_0.5_128_0.1_unet-m-dw_day06
Training the model...

Epoch 1: val_loss did not improve from inf

Epoch 2: val_loss did not improve from 0.00158

Epoch 11: val_loss did not improve from 0.00063

Epoch 5: val_loss did not improve from inf

Epoch 5: val_loss did not improve from 0.00002

Epoch 9: val_loss did not improve from 0.12251

Epoch 10: val_loss did not improve from 0.00010

Epoch 17: val_loss did not improve from 0.00005
Saving and plotting the results...

Epoch 12: val_loss did not improve from 0.00036

Epoch 9: val_loss did not improve from 0.00687

Epoch 27: val_loss did not improve from 0.00002

Epoch 8: val_loss did not improve from inf

Epoch 3: val_loss did not improve from 0.00158

Epoch 12: val_loss did not improve from 0.00063

Epoch 9: val_loss did not improve from 0.00002

Epoch 10: val_loss did not improve from 0.12251

Epoch 10: val_loss did not improve from 0.00687

Epoch 3: val_loss did not improve from inf

Epoch 13: val_loss did not improve from 0.00036

Epoch 4: val_loss did not improve from 0.00158

Epoch 9: val_loss did not improve from 0.00012

Epoch 13: val_loss did not improve from 0.00063

Epoch 6: val_loss did not improve from 0.00002

Epoch 11: val_loss did not improve from 0.00687

Epoch 11: val_loss did not improve from 0.00010

Epoch 11: val_loss did not improve from 0.12251

Epoch 5: val_loss did not improve from 0.00158

Epoch 14: val_loss did not improve from 0.00063

Epoch 28: val_loss did not improve from 0.00002

Epoch 14: val_loss did not improve from 0.00036

Epoch 10: val_loss did not improve from 0.00002

Epoch 12: val_loss did not improve from 0.00687

Epoch 9: val_loss did not improve from inf

Epoch 6: val_loss did not improve from 0.00158

Epoch 15: val_loss did not improve from 0.00063

Epoch 2: val_loss did not improve from inf

Epoch 6: val_loss did not improve from inf

Epoch 10: val_loss did not improve from 0.00012

Epoch 12: val_loss did not improve from 0.12251

Epoch 13: val_loss did not improve from 0.00687

Epoch 7: val_loss did not improve from 0.00002

Epoch 15: val_loss did not improve from 0.00036

Epoch 7: val_loss did not improve from 0.00158

Epoch 16: val_loss did not improve from 0.00063

Epoch 12: val_loss did not improve from 0.00010

Epoch 9: val_loss did not improve from inf
train_data_hourly_pr_['ADAPTER_DE05.day06.merged.nc']_['ADAPTER_DE05.day01.merged.nc']_MM_6__spatiotemporal_128.256_2018-01-01T13_2022-12-31T23_no_na_land
Loading training data...
Data loaded!
mse_64_0.001_1e-17_0.5_4_4_16_0.5_128_0.3_unet-m-dw_day06
Training the model...

Epoch 1: val_loss improved from inf to 0.05207, saving model to /p/project1/cesmtst/patakchiyousefi1/HPT/mse_64_0.001_1e-17_0.5_4_4_16_0.5_128_0.3_unet-m-dw_day06.h5

Epoch 29: val_loss did not improve from 0.00002

Epoch 14: val_loss did not improve from 0.00687

Epoch 13: val_loss did not improve from 0.12251

Epoch 11: val_loss did not improve from 0.00002

Epoch 8: val_loss did not improve from 0.00158

Epoch 17: val_loss did not improve from 0.00063
Saving and plotting the results...

Epoch 4: val_loss did not improve from inf

Epoch 16: val_loss did not improve from 0.00036

Epoch 11: val_loss did not improve from 0.00012

Epoch 15: val_loss did not improve from 0.00687

Epoch 9: val_loss did not improve from 0.00158

Epoch 8: val_loss did not improve from 0.00002

Epoch 14: val_loss did not improve from 0.12251

Epoch 13: val_loss did not improve from 0.00010

Epoch 17: val_loss did not improve from 0.00036
Saving and plotting the results...

Epoch 2: val_loss did not improve from 0.05207

Epoch 16: val_loss did not improve from 0.00687

Epoch 30: val_loss did not improve from 0.00002

Epoch 10: val_loss did not improve from 0.00158

Epoch 10: val_loss did not improve from inf

Epoch 3: val_loss did not improve from inf

Epoch 12: val_loss did not improve from 0.00002

Epoch 7: val_loss did not improve from inf

Epoch 15: val_loss did not improve from 0.12251

Epoch 17: val_loss did not improve from 0.00687
Saving and plotting the results...

Epoch 11: val_loss did not improve from 0.00158

Epoch 12: val_loss did not improve from 0.00012

Epoch 10: val_loss did not improve from inf

Epoch 9: val_loss did not improve from 0.00002

Epoch 14: val_loss did not improve from 0.00010

Epoch 3: val_loss did not improve from 0.05207

Epoch 12: val_loss did not improve from 0.00158

Epoch 16: val_loss did not improve from 0.12251

Epoch 5: val_loss did not improve from inf

Epoch 31: val_loss did not improve from 0.00002

Epoch 13: val_loss did not improve from 0.00002

Epoch 13: val_loss did not improve from 0.00158

Epoch 13: val_loss did not improve from 0.00012

Epoch 17: val_loss did not improve from 0.12251
Saving and plotting the results...

Epoch 10: val_loss did not improve from 0.00002

Epoch 14: val_loss did not improve from 0.00158

Epoch 15: val_loss did not improve from 0.00010

Epoch 4: val_loss did not improve from 0.05207

Epoch 11: val_loss did not improve from inf

Epoch 4: val_loss did not improve from inf
train_data_hourly_pr_['ADAPTER_DE05.day06.merged.nc']_['ADAPTER_DE05.day01.merged.nc']_MM_6__spatiotemporal_128.256_2018-01-01T13_2022-12-31T23_no_na_land
Loading training data...
Data loaded!
mse_64_0.01_1e-17_0.5_4_4_16_0.5_128_0.2_unet-m-dw_day06
Training the model...

Epoch 1: val_loss improved from inf to 0.02778, saving model to /p/project1/cesmtst/patakchiyousefi1/HPT/mse_64_0.01_1e-17_0.5_4_4_16_0.5_128_0.2_unet-m-dw_day06.h5

Epoch 8: val_loss did not improve from inf

Epoch 32: val_loss did not improve from 0.00002

Epoch 14: val_loss did not improve from 0.00002

Epoch 15: val_loss did not improve from 0.00158

Epoch 11: val_loss did not improve from inf

Epoch 14: val_loss did not improve from 0.00012

Epoch 11: val_loss improved from 0.00002 to 0.00002, saving model to /p/project1/cesmtst/patakchiyousefi1/HPT/mse_64_0.001_1e-17_0.5_4_4_16_0.5_128_0.1_unet-m-dw_day06.h5

Epoch 16: val_loss did not improve from 0.00158
train_data_hourly_pr_['ADAPTER_DE05.day06.merged.nc']_['ADAPTER_DE05.day01.merged.nc']_MM_6__spatiotemporal_128.256_2018-01-01T13_2022-12-31T23_no_na_land
Loading training data...
Data loaded!
mse_64_1e-05_1e-17_0.5_4_2_16_0.5_128_0.2_unet-m-dw_day06
Training the model...

Epoch 1: val_loss did not improve from inf

Epoch 6: val_loss did not improve from inf

Epoch 16: val_loss did not improve from 0.00010

Epoch 5: val_loss did not improve from 0.05207

Epoch 2: val_loss improved from 0.02778 to 0.00002, saving model to /p/project1/cesmtst/patakchiyousefi1/HPT/mse_64_0.01_1e-17_0.5_4_4_16_0.5_128_0.2_unet-m-dw_day06.h5

Epoch 33: val_loss did not improve from 0.00002

Epoch 17: val_loss did not improve from 0.00158
Saving and plotting the results...

Epoch 15: val_loss did not improve from 0.00002
train_data_hourly_pr_['ADAPTER_DE05.day06.merged.nc']_['ADAPTER_DE05.day01.merged.nc']_MM_6__spatiotemporal_128.256_2018-01-01T13_2022-12-31T23_no_na_land
Loading training data...
Data loaded!
mse_64_0.01_1e-17_0.5_4_2_16_0.5_128_0.2_unet-m-dw_day06
Training the model...

Epoch 1: val_loss did not improve from inf
train_data_hourly_pr_['ADAPTER_DE05.day06.merged.nc']_['ADAPTER_DE05.day01.merged.nc']_MM_6__spatiotemporal_128.256_2018-01-01T13_2022-12-31T23_no_na_land
Loading training data...
Data loaded!
mse_64_0.01_1e-17_0.5_4_8_16_0.5_128_0.2_unet-m-dw_day06
Training the model...

Epoch 1: val_loss improved from inf to 0.00019, saving model to /p/project1/cesmtst/patakchiyousefi1/HPT/mse_64_0.01_1e-17_0.5_4_8_16_0.5_128_0.2_unet-m-dw_day06.h5

Epoch 15: val_loss did not improve from 0.00012

Epoch 12: val_loss did not improve from 0.00002

Epoch 12: val_loss did not improve from inf

Epoch 5: val_loss did not improve from inf

Epoch 9: val_loss did not improve from inf

Epoch 2: val_loss did not improve from 0.00019

Epoch 17: val_loss did not improve from 0.00010
Saving and plotting the results...

Epoch 6: val_loss did not improve from 0.05207

Epoch 3: val_loss did not improve from 0.00002

Epoch 34: val_loss did not improve from 0.00002

Epoch 12: val_loss did not improve from inf

Epoch 16: val_loss did not improve from 0.00002

Epoch 3: val_loss did not improve from 0.00019

Epoch 2: val_loss did not improve from inf

Epoch 16: val_loss did not improve from 0.00012

Epoch 7: val_loss did not improve from inf

Epoch 13: val_loss did not improve from 0.00002

Epoch 7: val_loss did not improve from 0.05207

Epoch 4: val_loss did not improve from 0.00002

Epoch 2: val_loss did not improve from inf

Epoch 4: val_loss did not improve from 0.00019

Epoch 35: val_loss did not improve from 0.00002

Epoch 17: val_loss did not improve from 0.00002

Epoch 13: val_loss did not improve from inf

Epoch 17: val_loss did not improve from 0.00012
Saving and plotting the results...

Epoch 6: val_loss did not improve from inf

Epoch 10: val_loss did not improve from inf
train_data_hourly_pr_['ADAPTER_DE05.day06.merged.nc']_['ADAPTER_DE05.day01.merged.nc']_MM_6__spatiotemporal_128.256_2018-01-01T13_2022-12-31T23_no_na_land
Loading training data...
Data loaded!
mse_64_1e-05_1e-17_0.5_4_8_16_0.5_128_0.1_unet-m-dw_day06
Training the model...

Epoch 1: val_loss improved from inf to 0.00213, saving model to /p/project1/cesmtst/patakchiyousefi1/HPT/mse_64_1e-05_1e-17_0.5_4_8_16_0.5_128_0.1_unet-m-dw_day06.h5

Epoch 5: val_loss did not improve from 0.00019

Epoch 14: val_loss did not improve from 0.00002

Epoch 8: val_loss did not improve from 0.05207
train_data_hourly_pr_['ADAPTER_DE05.day06.merged.nc']_['ADAPTER_DE05.day01.merged.nc']_MM_6__spatiotemporal_128.256_2018-01-01T13_2022-12-31T23_no_na_land
Loading training data...
Data loaded!
mse_64_0.01_1e-17_0.5_4_2_16_0.5_128_0.3_unet-m-dw_day06
Training the model...

Epoch 1: val_loss did not improve from inf

Epoch 13: val_loss did not improve from inf

Epoch 5: val_loss did not improve from 0.00002

Epoch 36: val_loss did not improve from 0.00002
Saving and plotting the results...

Epoch 2: val_loss improved from 0.00213 to 0.00048, saving model to /p/project1/cesmtst/patakchiyousefi1/HPT/mse_64_1e-05_1e-17_0.5_4_8_16_0.5_128_0.1_unet-m-dw_day06.h5

Epoch 18: val_loss did not improve from 0.00002

Epoch 6: val_loss did not improve from 0.00019

Epoch 3: val_loss did not improve from inf

Epoch 8: val_loss did not improve from inf

Epoch 15: val_loss did not improve from 0.00002

Epoch 3: val_loss did not improve from inf

Epoch 3: val_loss improved from 0.00048 to 0.00015, saving model to /p/project1/cesmtst/patakchiyousefi1/HPT/mse_64_1e-05_1e-17_0.5_4_8_16_0.5_128_0.1_unet-m-dw_day06.h5

Epoch 7: val_loss did not improve from 0.00019

Epoch 9: val_loss did not improve from 0.05207

Epoch 6: val_loss did not improve from 0.00002
train_data_hourly_pr_['ADAPTER_DE05.day06.merged.nc']_['ADAPTER_DE05.day01.merged.nc']_MM_6__spatiotemporal_128.256_2018-01-01T13_2022-12-31T23_no_na_land
Loading training data...
Data loaded!
mse_64_1e-05_1e-17_0.5_4_8_16_0.5_128_0.3_unet-m-dw_day06
Training the model...

Epoch 1: val_loss did not improve from inf

Epoch 19: val_loss did not improve from 0.00002

Epoch 14: val_loss did not improve from inf

Epoch 11: val_loss did not improve from inf

Epoch 7: val_loss did not improve from inf

Epoch 8: val_loss did not improve from 0.00019

Epoch 4: val_loss improved from 0.00015 to 0.00006, saving model to /p/project1/cesmtst/patakchiyousefi1/HPT/mse_64_1e-05_1e-17_0.5_4_8_16_0.5_128_0.1_unet-m-dw_day06.h5

Epoch 16: val_loss did not improve from 0.00002
train_data_hourly_pr_['ADAPTER_DE05.day06.merged.nc']_['ADAPTER_DE05.day01.merged.nc']_MM_6__spatiotemporal_128.256_2018-01-01T13_2022-12-31T23_no_na_land
Loading training data...
Data loaded!
mse_64_0.001_1e-17_0.5_4_16_16_0.5_128_0.1_unet-m-dw_day06
Training the model...

Epoch 1: val_loss improved from inf to 0.00005, saving model to /p/project1/cesmtst/patakchiyousefi1/HPT/mse_64_0.001_1e-17_0.5_4_16_16_0.5_128_0.1_unet-m-dw_day06.h5

Epoch 2: val_loss did not improve from inf

Epoch 14: val_loss did not improve from inf

Epoch 2: val_loss did not improve from inf

Epoch 10: val_loss did not improve from 0.05207

Epoch 7: val_loss did not improve from 0.00002

Epoch 9: val_loss did not improve from 0.00019

Epoch 5: val_loss improved from 0.00006 to 0.00005, saving model to /p/project1/cesmtst/patakchiyousefi1/HPT/mse_64_1e-05_1e-17_0.5_4_8_16_0.5_128_0.1_unet-m-dw_day06.h5

Epoch 4: val_loss did not improve from inf

Epoch 2: val_loss did not improve from 0.00005

Epoch 9: val_loss did not improve from inf

Epoch 20: val_loss did not improve from 0.00002

Epoch 3: val_loss did not improve from inf

Epoch 3: val_loss did not improve from 0.00005

Epoch 4: val_loss did not improve from inf

Epoch 10: val_loss did not improve from 0.00019

Epoch 17: val_loss did not improve from 0.00002

Epoch 6: val_loss improved from 0.00005 to 0.00004, saving model to /p/project1/cesmtst/patakchiyousefi1/HPT/mse_64_1e-05_1e-17_0.5_4_8_16_0.5_128_0.1_unet-m-dw_day06.h5

Epoch 11: val_loss did not improve from 0.05207

Epoch 4: val_loss did not improve from 0.00005

Epoch 8: val_loss did not improve from 0.00002

Epoch 4: val_loss did not improve from inf

Epoch 15: val_loss did not improve from inf

Epoch 12: val_loss did not improve from inf

Epoch 8: val_loss did not improve from inf

Epoch 11: val_loss did not improve from 0.00019

Epoch 21: val_loss did not improve from 0.00002

Epoch 7: val_loss improved from 0.00004 to 0.00004, saving model to /p/project1/cesmtst/patakchiyousefi1/HPT/mse_64_1e-05_1e-17_0.5_4_8_16_0.5_128_0.1_unet-m-dw_day06.h5

Epoch 5: val_loss did not improve from 0.00005

Epoch 3: val_loss did not improve from inf

Epoch 15: val_loss did not improve from inf

Epoch 5: val_loss did not improve from inf

Epoch 18: val_loss did not improve from 0.00002

Epoch 6: val_loss did not improve from 0.00005

Epoch 12: val_loss did not improve from 0.00019

Epoch 5: val_loss did not improve from inf

Epoch 8: val_loss improved from 0.00004 to 0.00003, saving model to /p/project1/cesmtst/patakchiyousefi1/HPT/mse_64_1e-05_1e-17_0.5_4_8_16_0.5_128_0.1_unet-m-dw_day06.h5

Epoch 12: val_loss did not improve from 0.05207

Epoch 10: val_loss did not improve from inf

Epoch 9: val_loss did not improve from 0.00002

Epoch 6: val_loss did not improve from inf

Epoch 7: val_loss did not improve from 0.00005

Epoch 22: val_loss did not improve from 0.00002

Epoch 5: val_loss did not improve from inf

Epoch 13: val_loss did not improve from 0.00019

Epoch 9: val_loss improved from 0.00003 to 0.00003, saving model to /p/project1/cesmtst/patakchiyousefi1/HPT/mse_64_1e-05_1e-17_0.5_4_8_16_0.5_128_0.1_unet-m-dw_day06.h5

Epoch 19: val_loss did not improve from 0.00002

Epoch 8: val_loss did not improve from 0.00005

Epoch 7: val_loss did not improve from inf

Epoch 13: val_loss did not improve from inf

Epoch 13: val_loss did not improve from 0.05207

Epoch 16: val_loss did not improve from inf
Saving and plotting the results...

Epoch 10: val_loss did not improve from 0.00002

Epoch 9: val_loss did not improve from inf

Epoch 14: val_loss did not improve from 0.00019

Epoch 9: val_loss did not improve from 0.00005

Epoch 10: val_loss improved from 0.00003 to 0.00003, saving model to /p/project1/cesmtst/patakchiyousefi1/HPT/mse_64_1e-05_1e-17_0.5_4_8_16_0.5_128_0.1_unet-m-dw_day06.h5

Epoch 23: val_loss did not improve from 0.00002
Saving and plotting the results...

Epoch 16: val_loss did not improve from inf
Saving and plotting the results...

Epoch 4: val_loss did not improve from inf

Epoch 8: val_loss did not improve from inf

Epoch 10: val_loss did not improve from 0.00005

Epoch 20: val_loss did not improve from 0.00002

Epoch 6: val_loss did not improve from inf

Epoch 15: val_loss did not improve from 0.00019

Epoch 11: val_loss did not improve from inf

Epoch 11: val_loss improved from 0.00003 to 0.00002, saving model to /p/project1/cesmtst/patakchiyousefi1/HPT/mse_64_1e-05_1e-17_0.5_4_8_16_0.5_128_0.1_unet-m-dw_day06.h5

Epoch 14: val_loss did not improve from 0.05207

Epoch 11: val_loss did not improve from 0.00005

Epoch 11: val_loss did not improve from 0.00002

Epoch 9: val_loss did not improve from inf

Epoch 6: val_loss did not improve from inf

Epoch 16: val_loss did not improve from 0.00019

Epoch 12: val_loss did not improve from 0.00002

Epoch 12: val_loss did not improve from 0.00005

Epoch 21: val_loss did not improve from 0.00002

Epoch 10: val_loss did not improve from inf

Epoch 14: val_loss did not improve from inf

Epoch 10: val_loss did not improve from inf

Epoch 13: val_loss did not improve from 0.00005

Epoch 17: val_loss did not improve from 0.00019
Saving and plotting the results...

Epoch 15: val_loss did not improve from 0.05207

Epoch 13: val_loss improved from 0.00002 to 0.00002, saving model to /p/project1/cesmtst/patakchiyousefi1/HPT/mse_64_1e-05_1e-17_0.5_4_8_16_0.5_128_0.1_unet-m-dw_day06.h5

Epoch 12: val_loss did not improve from 0.00002

Epoch 5: val_loss did not improve from inf

Epoch 11: val_loss did not improve from inf

Epoch 14: val_loss did not improve from 0.00005

Epoch 7: val_loss did not improve from inf

Epoch 12: val_loss did not improve from inf

Epoch 14: val_loss improved from 0.00002 to 0.00002, saving model to /p/project1/cesmtst/patakchiyousefi1/HPT/mse_64_1e-05_1e-17_0.5_4_8_16_0.5_128_0.1_unet-m-dw_day06.h5

Epoch 22: val_loss did not improve from 0.00002

Epoch 15: val_loss did not improve from 0.00005
train_data_hourly_pr_['ADAPTER_DE05.day06.merged.nc']_['ADAPTER_DE05.day01.merged.nc']_MM_6__spatiotemporal_128.256_2018-01-01T13_2022-12-31T23_no_na_land
Loading training data...
Data loaded!
mse_64_0.001_1e-17_0.5_4_2_16_0.5_128_0.3_unet-m-dw_day06
Training the model...

Epoch 1: val_loss did not improve from inf

Epoch 12: val_loss did not improve from inf

Epoch 16: val_loss did not improve from 0.05207

Epoch 13: val_loss did not improve from 0.00002

Epoch 7: val_loss did not improve from inf
train_data_hourly_pr_['ADAPTER_DE05.day06.merged.nc']_['ADAPTER_DE05.day01.merged.nc']_MM_6__spatiotemporal_128.256_2018-01-01T13_2022-12-31T23_no_na_land
Loading training data...
Data loaded!
mse_64_0.001_1e-17_0.5_4_2_16_0.5_128_0.1_unet-m-dw_day06
Training the model...

Epoch 1: val_loss did not improve from inf

Epoch 16: val_loss did not improve from 0.00005

Epoch 15: val_loss improved from 0.00002 to 0.00002, saving model to /p/project1/cesmtst/patakchiyousefi1/HPT/mse_64_1e-05_1e-17_0.5_4_8_16_0.5_128_0.1_unet-m-dw_day06.h5

Epoch 15: val_loss did not improve from inf

Epoch 13: val_loss did not improve from inf

Epoch 17: val_loss did not improve from 0.00005
Saving and plotting the results...

Epoch 11: val_loss did not improve from inf

Epoch 23: val_loss did not improve from 0.00002

Epoch 16: val_loss improved from 0.00002 to 0.00002, saving model to /p/project1/cesmtst/patakchiyousefi1/HPT/mse_64_1e-05_1e-17_0.5_4_8_16_0.5_128_0.1_unet-m-dw_day06.h5

Epoch 17: val_loss did not improve from 0.05207

Epoch 6: val_loss did not improve from inf
Saving and plotting the results...

Epoch 14: val_loss did not improve from 0.00002

Epoch 14: val_loss did not improve from inf

Epoch 8: val_loss did not improve from inf

Epoch 13: val_loss did not improve from inf

Epoch 17: val_loss did not improve from 0.00002

Epoch 2: val_loss did not improve from inf

Epoch 24: val_loss did not improve from 0.00002

Epoch 15: val_loss did not improve from inf

Epoch 8: val_loss did not improve from inf

Epoch 2: val_loss did not improve from inf

Epoch 15: val_loss did not improve from 0.00002

Epoch 18: val_loss did not improve from 0.00002

Epoch 16: val_loss did not improve from inf
Saving and plotting the results...

Epoch 16: val_loss did not improve from inf
Saving and plotting the results...

Epoch 12: val_loss did not improve from inf

Epoch 25: val_loss did not improve from 0.00002

Epoch 19: val_loss did not improve from 0.00002

Epoch 7: val_loss did not improve from inf

Epoch 16: val_loss did not improve from 0.00002

Epoch 9: val_loss did not improve from inf

Epoch 14: val_loss did not improve from inf

Epoch 20: val_loss did not improve from 0.00002

Epoch 3: val_loss did not improve from inf

Epoch 9: val_loss did not improve from inf

Epoch 26: val_loss did not improve from 0.00002

Epoch 3: val_loss did not improve from inf

Epoch 21: val_loss did not improve from 0.00002

Epoch 17: val_loss did not improve from 0.00002

Epoch 13: val_loss did not improve from inf

Epoch 22: val_loss did not improve from 0.00002

Epoch 8: val_loss did not improve from inf

Epoch 27: val_loss did not improve from 0.00002
Saving and plotting the results...

Epoch 10: val_loss did not improve from inf

Epoch 15: val_loss did not improve from inf

Epoch 18: val_loss did not improve from 0.00002
Saving and plotting the results...

Epoch 4: val_loss did not improve from inf

Epoch 23: val_loss did not improve from 0.00002

Epoch 10: val_loss did not improve from inf

Epoch 4: val_loss did not improve from inf

Epoch 24: val_loss did not improve from 0.00002

Epoch 14: val_loss did not improve from inf

Epoch 25: val_loss did not improve from 0.00002

Epoch 9: val_loss did not improve from inf

Epoch 11: val_loss did not improve from inf

Epoch 16: val_loss did not improve from inf
Saving and plotting the results...

Epoch 5: val_loss did not improve from inf

Epoch 26: val_loss did not improve from 0.00002

Epoch 11: val_loss did not improve from inf

Epoch 5: val_loss did not improve from inf

Epoch 27: val_loss did not improve from 0.00002

Epoch 15: val_loss did not improve from inf

Epoch 10: val_loss did not improve from inf

Epoch 28: val_loss did not improve from 0.00002

Epoch 12: val_loss did not improve from inf

Epoch 6: val_loss did not improve from inf

Epoch 29: val_loss did not improve from 0.00002

Epoch 12: val_loss did not improve from inf

Epoch 6: val_loss did not improve from inf

Epoch 30: val_loss did not improve from 0.00002

Epoch 16: val_loss did not improve from inf
Saving and plotting the results...

Epoch 11: val_loss did not improve from inf

Epoch 31: val_loss did not improve from 0.00002

Epoch 13: val_loss did not improve from inf

Epoch 7: val_loss did not improve from inf

Epoch 32: val_loss did not improve from 0.00002
Saving and plotting the results...

Epoch 13: val_loss did not improve from inf

Epoch 7: val_loss did not improve from inf

Epoch 12: val_loss did not improve from inf

Epoch 14: val_loss did not improve from inf

Epoch 8: val_loss did not improve from inf

Epoch 14: val_loss did not improve from inf

Epoch 8: val_loss did not improve from inf

Epoch 13: val_loss did not improve from inf

Epoch 15: val_loss did not improve from inf

Epoch 9: val_loss did not improve from inf

Epoch 15: val_loss did not improve from inf

Epoch 9: val_loss did not improve from inf

Epoch 14: val_loss did not improve from inf

Epoch 16: val_loss did not improve from inf
Saving and plotting the results...

Epoch 10: val_loss did not improve from inf

Epoch 10: val_loss did not improve from inf

Epoch 16: val_loss did not improve from inf
Saving and plotting the results...

Epoch 15: val_loss did not improve from inf

Epoch 11: val_loss did not improve from inf

Epoch 11: val_loss did not improve from inf

Epoch 16: val_loss did not improve from inf
Saving and plotting the results...

Epoch 12: val_loss did not improve from inf

Epoch 12: val_loss did not improve from inf

Epoch 13: val_loss did not improve from inf

Epoch 13: val_loss did not improve from inf

Epoch 14: val_loss did not improve from inf

Epoch 14: val_loss did not improve from inf

Epoch 15: val_loss did not improve from inf

Epoch 15: val_loss did not improve from inf

Epoch 16: val_loss did not improve from inf
Saving and plotting the results...

Epoch 16: val_loss did not improve from inf
Saving and plotting the results...
