All necessary directories have been created or already exist.
No lead day provided. Using default hyperparameters - LR: 0.0001, BS: 32, DROPOUT: 0.0, UNET_TYPE: unet-l
Running DL_TRAIN_devel.py for day04 with dropout=0, lr=0.0001, bs=4, unet_type=unet-xs ...
train_data_hourly_pr_['ADAPTER_DE05.day04.merged.nc']_['ADAPTER_DE05.day01.merged.nc']_MM_1__model_only_128.256_2018-01-01T13_2022-12-31T23_no_na_land
Loading training data...
Data loaded!
mse_64_0.0001_1e-17_0.5_4_4_16_0.5_128_0.0_unet-xs_day04
Training the model...

Epoch 1: val_loss improved from inf to 0.00001, saving model to /p/project1/cesmtst/patakchiyousefi1/HPT/mse_64_0.0001_1e-17_0.5_4_4_16_0.5_128_0.0_unet-xs_day04.h5

Epoch 2: val_loss did not improve from 0.00001

Epoch 3: val_loss did not improve from 0.00001

Epoch 4: val_loss improved from 0.00001 to 0.00001, saving model to /p/project1/cesmtst/patakchiyousefi1/HPT/mse_64_0.0001_1e-17_0.5_4_4_16_0.5_128_0.0_unet-xs_day04.h5

Epoch 5: val_loss improved from 0.00001 to 0.00001, saving model to /p/project1/cesmtst/patakchiyousefi1/HPT/mse_64_0.0001_1e-17_0.5_4_4_16_0.5_128_0.0_unet-xs_day04.h5

Epoch 6: val_loss did not improve from 0.00001

Epoch 7: val_loss improved from 0.00001 to 0.00001, saving model to /p/project1/cesmtst/patakchiyousefi1/HPT/mse_64_0.0001_1e-17_0.5_4_4_16_0.5_128_0.0_unet-xs_day04.h5

Epoch 8: val_loss did not improve from 0.00001

Epoch 9: val_loss improved from 0.00001 to 0.00000, saving model to /p/project1/cesmtst/patakchiyousefi1/HPT/mse_64_0.0001_1e-17_0.5_4_4_16_0.5_128_0.0_unet-xs_day04.h5

Epoch 10: val_loss did not improve from 0.00000

Epoch 11: val_loss did not improve from 0.00000

Epoch 12: val_loss did not improve from 0.00000

Epoch 13: val_loss did not improve from 0.00000

Epoch 14: val_loss did not improve from 0.00000

Epoch 15: val_loss did not improve from 0.00000

Epoch 16: val_loss did not improve from 0.00000

Epoch 17: val_loss did not improve from 0.00000

Epoch 18: val_loss did not improve from 0.00000

Epoch 19: val_loss did not improve from 0.00000

Epoch 20: val_loss did not improve from 0.00000

Epoch 21: val_loss did not improve from 0.00000

Epoch 22: val_loss did not improve from 0.00000

Epoch 23: val_loss did not improve from 0.00000

Epoch 24: val_loss did not improve from 0.00000

Epoch 25: val_loss did not improve from 0.00000
Saving and plotting the results...
Time limit for unet-xs, leadtime 04: 03:00:00
Run time for unet-xs with leadtime 04:  seconds
