All necessary directories have been created or already exist.
No lead day provided. Using default hyperparameters - LR: 0.0001, BS: 32, DROPOUT: 0.1, UNET_TYPE: unet-l
Running DL_TRAIN.py for day08 with dropout=0.1, lr=0.0001, bs=32, unet_type=unet-l ...
Running DL_TRAIN.py for day08 with dropout=0.1, lr=0.0001, bs=32, unet_type=unet-l ...
Running DL_TRAIN.py for day08 with dropout=0.1, lr=0.0001, bs=32, unet_type=unet-l ...
Running DL_TRAIN.py for day08 with dropout=0.1, lr=0.0001, bs=32, unet_type=unet-l ...
Running DL_TRAIN.py for day08 with dropout=0.1, lr=0.0001, bs=32, unet_type=unet-l ...
Running DL_TRAIN.py for day08 with dropout=0.1, lr=0.0001, bs=32, unet_type=unet-l ...
Running DL_TRAIN.py for day08 with dropout=0.1, lr=0.0001, bs=32, unet_type=unet-l ...
Running DL_TRAIN.py for day08 with dropout=0.1, lr=0.0001, bs=32, unet_type=unet-l ...
Running DL_TRAIN.py for day08 with dropout=0.1, lr=0.0001, bs=32, unet_type=unet-l ...
Running DL_TRAIN.py for day08 with dropout=0.1, lr=0.0001, bs=32, unet_type=unet-l ...
Running DL_TRAIN.py for day08 with dropout=0.1, lr=0.0001, bs=32, unet_type=unet-l ...
Running DL_TRAIN.py for day08 with dropout=0.1, lr=0.0001, bs=32, unet_type=unet-l ...
Running DL_TRAIN.py for day08 with dropout=0.1, lr=0.0001, bs=32, unet_type=unet-l ...
Running DL_TRAIN.py for day08 with dropout=0.1, lr=0.0001, bs=32, unet_type=unet-l ...
Running DL_TRAIN.py for day08 with dropout=0.1, lr=0.0001, bs=32, unet_type=unet-l ...
Running DL_TRAIN.py for day08 with dropout=0.1, lr=0.0001, bs=32, unet_type=unet-l ...
Running DL_TRAIN.py for day08 with dropout=0.1, lr=0.0001, bs=32, unet_type=unet-l ...
Running DL_TRAIN.py for day08 with dropout=0.1, lr=0.0001, bs=32, unet_type=unet-l ...
Running DL_TRAIN.py for day08 with dropout=0.1, lr=0.0001, bs=32, unet_type=unet-l ...
Running DL_TRAIN.py for day08 with dropout=0.1, lr=0.0001, bs=32, unet_type=unet-l ...
Running DL_TRAIN.py for day08 with dropout=0.1, lr=0.0001, bs=32, unet_type=unet-l ...
train_data_hourly_pr_['ADAPTER_DE05.day08.merged.nc']_['ADAPTER_DE05.day01.merged.nc']_MM_6__spatiotemporal_128.256_2018-01-01T13_2022-12-31T23_no_na_land
Loading training data...
Data loaded!
mse_64_0.0001_1e-17_0.5_4_32_16_0.5_128_0.1_unet-l_day08
Training the model...

Epoch 1: val_loss improved from inf to 0.03015, saving model to /p/project1/cesmtst/patakchiyousefi1/HPT/mse_64_0.0001_1e-17_0.5_4_32_16_0.5_128_0.1_unet-l_day08.h5
Running DL_TRAIN.py for day08 with dropout=0.1, lr=0.0001, bs=32, unet_type=unet-l ...
Running DL_TRAIN.py for day08 with dropout=0.1, lr=0.0001, bs=32, unet_type=unet-l ...

Epoch 2: val_loss improved from 0.03015 to 0.00345, saving model to /p/project1/cesmtst/patakchiyousefi1/HPT/mse_64_0.0001_1e-17_0.5_4_32_16_0.5_128_0.1_unet-l_day08.h5
Running DL_TRAIN.py for day08 with dropout=0.1, lr=0.0001, bs=32, unet_type=unet-l ...
Running DL_TRAIN.py for day08 with dropout=0.1, lr=0.0001, bs=32, unet_type=unet-l ...
Running DL_TRAIN.py for day08 with dropout=0.1, lr=0.0001, bs=32, unet_type=unet-l ...

Epoch 3: val_loss improved from 0.00345 to 0.00075, saving model to /p/project1/cesmtst/patakchiyousefi1/HPT/mse_64_0.0001_1e-17_0.5_4_32_16_0.5_128_0.1_unet-l_day08.h5
Running DL_TRAIN.py for day08 with dropout=0.1, lr=0.0001, bs=32, unet_type=unet-l ...
Running DL_TRAIN.py for day08 with dropout=0.1, lr=0.0001, bs=32, unet_type=unet-l ...
Running DL_TRAIN.py for day08 with dropout=0.1, lr=0.0001, bs=32, unet_type=unet-l ...

Epoch 4: val_loss improved from 0.00075 to 0.00043, saving model to /p/project1/cesmtst/patakchiyousefi1/HPT/mse_64_0.0001_1e-17_0.5_4_32_16_0.5_128_0.1_unet-l_day08.h5
Running DL_TRAIN.py for day08 with dropout=0.1, lr=0.0001, bs=32, unet_type=unet-l ...
Running DL_TRAIN.py for day08 with dropout=0.1, lr=0.0001, bs=32, unet_type=unet-l ...

Epoch 5: val_loss improved from 0.00043 to 0.00033, saving model to /p/project1/cesmtst/patakchiyousefi1/HPT/mse_64_0.0001_1e-17_0.5_4_32_16_0.5_128_0.1_unet-l_day08.h5
Running DL_TRAIN.py for day08 with dropout=0.1, lr=0.0001, bs=32, unet_type=unet-l ...
Running DL_TRAIN.py for day08 with dropout=0.1, lr=0.0001, bs=32, unet_type=unet-l ...
Running DL_TRAIN.py for day08 with dropout=0.1, lr=0.0001, bs=32, unet_type=unet-l ...

Epoch 6: val_loss improved from 0.00033 to 0.00026, saving model to /p/project1/cesmtst/patakchiyousefi1/HPT/mse_64_0.0001_1e-17_0.5_4_32_16_0.5_128_0.1_unet-l_day08.h5
Running DL_TRAIN.py for day08 with dropout=0.1, lr=0.0001, bs=32, unet_type=unet-l ...
Running DL_TRAIN.py for day08 with dropout=0.1, lr=0.0001, bs=32, unet_type=unet-l ...

Epoch 7: val_loss improved from 0.00026 to 0.00022, saving model to /p/project1/cesmtst/patakchiyousefi1/HPT/mse_64_0.0001_1e-17_0.5_4_32_16_0.5_128_0.1_unet-l_day08.h5
Running DL_TRAIN.py for day08 with dropout=0.1, lr=0.0001, bs=32, unet_type=unet-l ...
Running DL_TRAIN.py for day08 with dropout=0.1, lr=0.0001, bs=32, unet_type=unet-l ...
Running DL_TRAIN.py for day08 with dropout=0.1, lr=0.0001, bs=32, unet_type=unet-l ...

Epoch 8: val_loss improved from 0.00022 to 0.00019, saving model to /p/project1/cesmtst/patakchiyousefi1/HPT/mse_64_0.0001_1e-17_0.5_4_32_16_0.5_128_0.1_unet-l_day08.h5
Running DL_TRAIN.py for day08 with dropout=0.1, lr=0.0001, bs=32, unet_type=unet-l ...
Running DL_TRAIN.py for day08 with dropout=0.1, lr=0.0001, bs=32, unet_type=unet-l ...
Running DL_TRAIN.py for day08 with dropout=0.1, lr=0.0001, bs=32, unet_type=unet-l ...

Epoch 9: val_loss improved from 0.00019 to 0.00016, saving model to /p/project1/cesmtst/patakchiyousefi1/HPT/mse_64_0.0001_1e-17_0.5_4_32_16_0.5_128_0.1_unet-l_day08.h5
Running DL_TRAIN.py for day08 with dropout=0.1, lr=0.0001, bs=32, unet_type=unet-l ...
Running DL_TRAIN.py for day08 with dropout=0.1, lr=0.0001, bs=32, unet_type=unet-l ...

Epoch 10: val_loss improved from 0.00016 to 0.00014, saving model to /p/project1/cesmtst/patakchiyousefi1/HPT/mse_64_0.0001_1e-17_0.5_4_32_16_0.5_128_0.1_unet-l_day08.h5
Running DL_TRAIN.py for day08 with dropout=0.1, lr=0.0001, bs=32, unet_type=unet-l ...
Running DL_TRAIN.py for day08 with dropout=0.1, lr=0.0001, bs=32, unet_type=unet-l ...
Running DL_TRAIN.py for day08 with dropout=0.1, lr=0.0001, bs=32, unet_type=unet-l ...

Epoch 11: val_loss improved from 0.00014 to 0.00013, saving model to /p/project1/cesmtst/patakchiyousefi1/HPT/mse_64_0.0001_1e-17_0.5_4_32_16_0.5_128_0.1_unet-l_day08.h5
Running DL_TRAIN.py for day08 with dropout=0.1, lr=0.0001, bs=32, unet_type=unet-l ...
Running DL_TRAIN.py for day08 with dropout=0.1, lr=0.0001, bs=32, unet_type=unet-l ...
Running DL_TRAIN.py for day08 with dropout=0.1, lr=0.0001, bs=32, unet_type=unet-l ...
Running DL_TRAIN.py for day08 with dropout=0.1, lr=0.0001, bs=32, unet_type=unet-l ...
Running DL_TRAIN.py for day08 with dropout=0.1, lr=0.0001, bs=32, unet_type=unet-l ...
Running DL_TRAIN.py for day08 with dropout=0.1, lr=0.0001, bs=32, unet_type=unet-l ...
Running DL_TRAIN.py for day08 with dropout=0.1, lr=0.0001, bs=32, unet_type=unet-l ...
Running DL_TRAIN.py for day08 with dropout=0.1, lr=0.0001, bs=32, unet_type=unet-l ...
Running DL_TRAIN.py for day08 with dropout=0.1, lr=0.0001, bs=32, unet_type=unet-l ...
Running DL_TRAIN.py for day08 with dropout=0.1, lr=0.0001, bs=32, unet_type=unet-l ...
Running DL_TRAIN.py for day08 with dropout=0.1, lr=0.0001, bs=32, unet_type=unet-l ...
Running DL_TRAIN.py for day08 with dropout=0.1, lr=0.0001, bs=32, unet_type=unet-l ...
Running DL_TRAIN.py for day08 with dropout=0.1, lr=0.0001, bs=32, unet_type=unet-l ...
Running DL_TRAIN.py for day08 with dropout=0.1, lr=0.0001, bs=32, unet_type=unet-l ...
Running DL_TRAIN.py for day08 with dropout=0.1, lr=0.0001, bs=32, unet_type=unet-l ...
Running DL_TRAIN.py for day08 with dropout=0.1, lr=0.0001, bs=32, unet_type=unet-l ...
Running DL_TRAIN.py for day08 with dropout=0.1, lr=0.0001, bs=32, unet_type=unet-l ...
Running DL_TRAIN.py for day08 with dropout=0.1, lr=0.0001, bs=32, unet_type=unet-l ...
Running DL_TRAIN.py for day08 with dropout=0.1, lr=0.0001, bs=32, unet_type=unet-l ...
Running DL_TRAIN.py for day08 with dropout=0.1, lr=0.0001, bs=32, unet_type=unet-l ...
Running DL_TRAIN.py for day08 with dropout=0.1, lr=0.0001, bs=32, unet_type=unet-l ...
Running DL_TRAIN.py for day08 with dropout=0.1, lr=0.0001, bs=32, unet_type=unet-l ...
Running DL_TRAIN.py for day08 with dropout=0.1, lr=0.0001, bs=32, unet_type=unet-l ...
Running DL_TRAIN.py for day08 with dropout=0.1, lr=0.0001, bs=32, unet_type=unet-l ...
