All necessary directories have been created or already exist.
No lead day provided. Using default hyperparameters - LR: 0.0001, BS: 32, DROPOUT: 0.1, UNET_TYPE: unet-l
Running DL_TRAIN.py for day04 with dropout=0, lr=0.00001, bs=1, unet_type=unet-att ...
Running DL_TRAIN.py for day04 with dropout=0, lr=0.00001, bs=2, unet_type=unet-att ...
Running DL_TRAIN.py for day04 with dropout=0, lr=0.00001, bs=4, unet_type=unet-att ...
Running DL_TRAIN.py for day04 with dropout=0, lr=0.00001, bs=8, unet_type=unet-att ...
Running DL_TRAIN.py for day04 with dropout=0, lr=0.0001, bs=1, unet_type=unet-att ...
Running DL_TRAIN.py for day04 with dropout=0, lr=0.0001, bs=2, unet_type=unet-att ...
Running DL_TRAIN.py for day04 with dropout=0, lr=0.0001, bs=4, unet_type=unet-att ...
Running DL_TRAIN.py for day04 with dropout=0, lr=0.0001, bs=8, unet_type=unet-att ...
Running DL_TRAIN.py for day04 with dropout=0, lr=0.001, bs=1, unet_type=unet-att ...
Running DL_TRAIN.py for day04 with dropout=0, lr=0.001, bs=2, unet_type=unet-att ...
Running DL_TRAIN.py for day04 with dropout=0, lr=0.001, bs=4, unet_type=unet-att ...
Running DL_TRAIN.py for day04 with dropout=0, lr=0.001, bs=8, unet_type=unet-att ...
Running DL_TRAIN.py for day04 with dropout=0, lr=0.01, bs=1, unet_type=unet-att ...
Running DL_TRAIN.py for day04 with dropout=0, lr=0.01, bs=2, unet_type=unet-att ...
Running DL_TRAIN.py for day04 with dropout=0, lr=0.01, bs=4, unet_type=unet-att ...
Running DL_TRAIN.py for day04 with dropout=0, lr=0.01, bs=8, unet_type=unet-att ...
train_data_hourly_pr_['ADAPTER_DE05.day04.merged.nc']_['ADAPTER_DE05.day01.merged.nc']_MM_6__spatiotemporal_128.256_2018-01-01T13_2022-12-31T23_no_na_land
Loading training data...
Data loaded!
mse_64_1e-05_1e-17_0.5_4_8_16_0.5_128_0.0_unet-att_day04
Training the model...

Epoch 1: val_loss improved from inf to 0.09088, saving model to /p/project1/cesmtst/patakchiyousefi1/HPT/mse_64_1e-05_1e-17_0.5_4_8_16_0.5_128_0.0_unet-att_day04.h5
train_data_hourly_pr_['ADAPTER_DE05.day04.merged.nc']_['ADAPTER_DE05.day01.merged.nc']_MM_6__spatiotemporal_128.256_2018-01-01T13_2022-12-31T23_no_na_land
Loading training data...
Data loaded!
mse_64_0.0001_1e-17_0.5_4_8_16_0.5_128_0.0_unet-att_day04
Training the model...

Epoch 1: val_loss improved from inf to 0.04105, saving model to /p/project1/cesmtst/patakchiyousefi1/HPT/mse_64_0.0001_1e-17_0.5_4_8_16_0.5_128_0.0_unet-att_day04.h5
train_data_hourly_pr_['ADAPTER_DE05.day04.merged.nc']_['ADAPTER_DE05.day01.merged.nc']_MM_6__spatiotemporal_128.256_2018-01-01T13_2022-12-31T23_no_na_land
Loading training data...
Data loaded!
mse_64_0.001_1e-17_0.5_4_8_16_0.5_128_0.0_unet-att_day04
Training the model...

Epoch 1: val_loss improved from inf to 0.10391, saving model to /p/project1/cesmtst/patakchiyousefi1/HPT/mse_64_0.001_1e-17_0.5_4_8_16_0.5_128_0.0_unet-att_day04.h5
train_data_hourly_pr_['ADAPTER_DE05.day04.merged.nc']_['ADAPTER_DE05.day01.merged.nc']_MM_6__spatiotemporal_128.256_2018-01-01T13_2022-12-31T23_no_na_land
Loading training data...
Data loaded!
mse_64_1e-05_1e-17_0.5_4_4_16_0.5_128_0.0_unet-att_day04
Training the model...

Epoch 1: val_loss improved from inf to 1.51777, saving model to /p/project1/cesmtst/patakchiyousefi1/HPT/mse_64_1e-05_1e-17_0.5_4_4_16_0.5_128_0.0_unet-att_day04.h5
train_data_hourly_pr_['ADAPTER_DE05.day04.merged.nc']_['ADAPTER_DE05.day01.merged.nc']_MM_6__spatiotemporal_128.256_2018-01-01T13_2022-12-31T23_no_na_land
Loading training data...
Data loaded!
mse_64_0.01_1e-17_0.5_4_8_16_0.5_128_0.0_unet-att_day04
Training the model...

Epoch 1: val_loss improved from inf to 0.00157, saving model to /p/project1/cesmtst/patakchiyousefi1/HPT/mse_64_0.01_1e-17_0.5_4_8_16_0.5_128_0.0_unet-att_day04.h5
train_data_hourly_pr_['ADAPTER_DE05.day04.merged.nc']_['ADAPTER_DE05.day01.merged.nc']_MM_6__spatiotemporal_128.256_2018-01-01T13_2022-12-31T23_no_na_land
Loading training data...
Data loaded!
mse_64_0.0001_1e-17_0.5_4_4_16_0.5_128_0.0_unet-att_day04
Training the model...

Epoch 1: val_loss improved from inf to 0.11588, saving model to /p/project1/cesmtst/patakchiyousefi1/HPT/mse_64_0.0001_1e-17_0.5_4_4_16_0.5_128_0.0_unet-att_day04.h5

Epoch 2: val_loss improved from 0.09088 to 0.03894, saving model to /p/project1/cesmtst/patakchiyousefi1/HPT/mse_64_1e-05_1e-17_0.5_4_8_16_0.5_128_0.0_unet-att_day04.h5
train_data_hourly_pr_['ADAPTER_DE05.day04.merged.nc']_['ADAPTER_DE05.day01.merged.nc']_MM_6__spatiotemporal_128.256_2018-01-01T13_2022-12-31T23_no_na_land
Loading training data...
Data loaded!
mse_64_0.001_1e-17_0.5_4_4_16_0.5_128_0.0_unet-att_day04
Training the model...

Epoch 1: val_loss improved from inf to 0.09562, saving model to /p/project1/cesmtst/patakchiyousefi1/HPT/mse_64_0.001_1e-17_0.5_4_4_16_0.5_128_0.0_unet-att_day04.h5

Epoch 2: val_loss improved from 0.04105 to 0.01681, saving model to /p/project1/cesmtst/patakchiyousefi1/HPT/mse_64_0.0001_1e-17_0.5_4_8_16_0.5_128_0.0_unet-att_day04.h5
train_data_hourly_pr_['ADAPTER_DE05.day04.merged.nc']_['ADAPTER_DE05.day01.merged.nc']_MM_6__spatiotemporal_128.256_2018-01-01T13_2022-12-31T23_no_na_land
Loading training data...
Data loaded!
mse_64_0.01_1e-17_0.5_4_4_16_0.5_128_0.0_unet-att_day04
Training the model...

Epoch 1: val_loss improved from inf to 0.17677, saving model to /p/project1/cesmtst/patakchiyousefi1/HPT/mse_64_0.01_1e-17_0.5_4_4_16_0.5_128_0.0_unet-att_day04.h5

Epoch 2: val_loss did not improve from 0.10391

Epoch 2: val_loss improved from 0.00157 to 0.00114, saving model to /p/project1/cesmtst/patakchiyousefi1/HPT/mse_64_0.01_1e-17_0.5_4_8_16_0.5_128_0.0_unet-att_day04.h5
train_data_hourly_pr_['ADAPTER_DE05.day04.merged.nc']_['ADAPTER_DE05.day01.merged.nc']_MM_6__spatiotemporal_128.256_2018-01-01T13_2022-12-31T23_no_na_land
Loading training data...
Data loaded!
mse_64_1e-05_1e-17_0.5_4_2_16_0.5_128_0.0_unet-att_day04
Training the model...

Epoch 1: val_loss improved from inf to 0.04429, saving model to /p/project1/cesmtst/patakchiyousefi1/HPT/mse_64_1e-05_1e-17_0.5_4_2_16_0.5_128_0.0_unet-att_day04.h5

Epoch 3: val_loss improved from 0.03894 to 0.01783, saving model to /p/project1/cesmtst/patakchiyousefi1/HPT/mse_64_1e-05_1e-17_0.5_4_8_16_0.5_128_0.0_unet-att_day04.h5
train_data_hourly_pr_['ADAPTER_DE05.day04.merged.nc']_['ADAPTER_DE05.day01.merged.nc']_MM_6__spatiotemporal_128.256_2018-01-01T13_2022-12-31T23_no_na_land
Loading training data...
Data loaded!
mse_64_0.0001_1e-17_0.5_4_2_16_0.5_128_0.0_unet-att_day04
Training the model...

Epoch 1: val_loss improved from inf to 0.00373, saving model to /p/project1/cesmtst/patakchiyousefi1/HPT/mse_64_0.0001_1e-17_0.5_4_2_16_0.5_128_0.0_unet-att_day04.h5

Epoch 3: val_loss improved from 0.01681 to 0.00905, saving model to /p/project1/cesmtst/patakchiyousefi1/HPT/mse_64_0.0001_1e-17_0.5_4_8_16_0.5_128_0.0_unet-att_day04.h5

Epoch 2: val_loss improved from 1.51777 to 0.64997, saving model to /p/project1/cesmtst/patakchiyousefi1/HPT/mse_64_1e-05_1e-17_0.5_4_4_16_0.5_128_0.0_unet-att_day04.h5
train_data_hourly_pr_['ADAPTER_DE05.day04.merged.nc']_['ADAPTER_DE05.day01.merged.nc']_MM_6__spatiotemporal_128.256_2018-01-01T13_2022-12-31T23_no_na_land
Loading training data...
Data loaded!
mse_64_0.001_1e-17_0.5_4_2_16_0.5_128_0.0_unet-att_day04
Training the model...

Epoch 1: val_loss improved from inf to 0.00025, saving model to /p/project1/cesmtst/patakchiyousefi1/HPT/mse_64_0.001_1e-17_0.5_4_2_16_0.5_128_0.0_unet-att_day04.h5

Epoch 3: val_loss improved from 0.10391 to 0.00075, saving model to /p/project1/cesmtst/patakchiyousefi1/HPT/mse_64_0.001_1e-17_0.5_4_8_16_0.5_128_0.0_unet-att_day04.h5
train_data_hourly_pr_['ADAPTER_DE05.day04.merged.nc']_['ADAPTER_DE05.day01.merged.nc']_MM_6__spatiotemporal_128.256_2018-01-01T13_2022-12-31T23_no_na_land
Loading training data...
Data loaded!
mse_64_0.01_1e-17_0.5_4_2_16_0.5_128_0.0_unet-att_day04
Training the model...

Epoch 1: val_loss improved from inf to 0.00781, saving model to /p/project1/cesmtst/patakchiyousefi1/HPT/mse_64_0.01_1e-17_0.5_4_2_16_0.5_128_0.0_unet-att_day04.h5

Epoch 2: val_loss did not improve from 0.11588

Epoch 3: val_loss did not improve from 0.00114

Epoch 2: val_loss improved from 0.09562 to 0.02865, saving model to /p/project1/cesmtst/patakchiyousefi1/HPT/mse_64_0.001_1e-17_0.5_4_4_16_0.5_128_0.0_unet-att_day04.h5

Epoch 2: val_loss improved from 0.17677 to 0.07249, saving model to /p/project1/cesmtst/patakchiyousefi1/HPT/mse_64_0.01_1e-17_0.5_4_4_16_0.5_128_0.0_unet-att_day04.h5

Epoch 4: val_loss improved from 0.01783 to 0.01346, saving model to /p/project1/cesmtst/patakchiyousefi1/HPT/mse_64_1e-05_1e-17_0.5_4_8_16_0.5_128_0.0_unet-att_day04.h5

Epoch 4: val_loss improved from 0.00905 to 0.00136, saving model to /p/project1/cesmtst/patakchiyousefi1/HPT/mse_64_0.0001_1e-17_0.5_4_8_16_0.5_128_0.0_unet-att_day04.h5

Epoch 4: val_loss improved from 0.00075 to 0.00002, saving model to /p/project1/cesmtst/patakchiyousefi1/HPT/mse_64_0.001_1e-17_0.5_4_8_16_0.5_128_0.0_unet-att_day04.h5

Epoch 4: val_loss did not improve from 0.00114

Epoch 3: val_loss improved from 0.64997 to 0.43855, saving model to /p/project1/cesmtst/patakchiyousefi1/HPT/mse_64_1e-05_1e-17_0.5_4_4_16_0.5_128_0.0_unet-att_day04.h5

Epoch 5: val_loss improved from 0.01346 to 0.00785, saving model to /p/project1/cesmtst/patakchiyousefi1/HPT/mse_64_1e-05_1e-17_0.5_4_8_16_0.5_128_0.0_unet-att_day04.h5

Epoch 3: val_loss improved from 0.11588 to 0.02975, saving model to /p/project1/cesmtst/patakchiyousefi1/HPT/mse_64_0.0001_1e-17_0.5_4_4_16_0.5_128_0.0_unet-att_day04.h5

Epoch 5: val_loss improved from 0.00136 to 0.00108, saving model to /p/project1/cesmtst/patakchiyousefi1/HPT/mse_64_0.0001_1e-17_0.5_4_8_16_0.5_128_0.0_unet-att_day04.h5
train_data_hourly_pr_['ADAPTER_DE05.day04.merged.nc']_['ADAPTER_DE05.day01.merged.nc']_MM_6__spatiotemporal_128.256_2018-01-01T13_2022-12-31T23_no_na_land
Loading training data...
Data loaded!
mse_64_1e-05_1e-17_0.5_4_1_16_0.5_128_0.0_unet-att_day04
Training the model...

Epoch 1: val_loss improved from inf to 0.00585, saving model to /p/project1/cesmtst/patakchiyousefi1/HPT/mse_64_1e-05_1e-17_0.5_4_1_16_0.5_128_0.0_unet-att_day04.h5

Epoch 3: val_loss improved from 0.02865 to 0.00098, saving model to /p/project1/cesmtst/patakchiyousefi1/HPT/mse_64_0.001_1e-17_0.5_4_4_16_0.5_128_0.0_unet-att_day04.h5

Epoch 5: val_loss did not improve from 0.00002
train_data_hourly_pr_['ADAPTER_DE05.day04.merged.nc']_['ADAPTER_DE05.day01.merged.nc']_MM_6__spatiotemporal_128.256_2018-01-01T13_2022-12-31T23_no_na_land
Loading training data...
Data loaded!
mse_64_0.0001_1e-17_0.5_4_1_16_0.5_128_0.0_unet-att_day04
Training the model...

Epoch 1: val_loss improved from inf to 0.00028, saving model to /p/project1/cesmtst/patakchiyousefi1/HPT/mse_64_0.0001_1e-17_0.5_4_1_16_0.5_128_0.0_unet-att_day04.h5

Epoch 5: val_loss improved from 0.00114 to 0.00064, saving model to /p/project1/cesmtst/patakchiyousefi1/HPT/mse_64_0.01_1e-17_0.5_4_8_16_0.5_128_0.0_unet-att_day04.h5

Epoch 3: val_loss improved from 0.07249 to 0.03893, saving model to /p/project1/cesmtst/patakchiyousefi1/HPT/mse_64_0.01_1e-17_0.5_4_4_16_0.5_128_0.0_unet-att_day04.h5

Epoch 2: val_loss improved from 0.04429 to 0.01450, saving model to /p/project1/cesmtst/patakchiyousefi1/HPT/mse_64_1e-05_1e-17_0.5_4_2_16_0.5_128_0.0_unet-att_day04.h5
train_data_hourly_pr_['ADAPTER_DE05.day04.merged.nc']_['ADAPTER_DE05.day01.merged.nc']_MM_6__spatiotemporal_128.256_2018-01-01T13_2022-12-31T23_no_na_land
Loading training data...
Data loaded!
mse_64_0.001_1e-17_0.5_4_1_16_0.5_128_0.0_unet-att_day04
Training the model...

Epoch 1: val_loss improved from inf to 0.00001, saving model to /p/project1/cesmtst/patakchiyousefi1/HPT/mse_64_0.001_1e-17_0.5_4_1_16_0.5_128_0.0_unet-att_day04.h5
train_data_hourly_pr_['ADAPTER_DE05.day04.merged.nc']_['ADAPTER_DE05.day01.merged.nc']_MM_6__spatiotemporal_128.256_2018-01-01T13_2022-12-31T23_no_na_land
Loading training data...
Data loaded!
mse_64_0.01_1e-17_0.5_4_1_16_0.5_128_0.0_unet-att_day04
Training the model...

Epoch 1: val_loss improved from inf to 0.00001, saving model to /p/project1/cesmtst/patakchiyousefi1/HPT/mse_64_0.01_1e-17_0.5_4_1_16_0.5_128_0.0_unet-att_day04.h5

Epoch 2: val_loss improved from 0.00373 to 0.00002, saving model to /p/project1/cesmtst/patakchiyousefi1/HPT/mse_64_0.0001_1e-17_0.5_4_2_16_0.5_128_0.0_unet-att_day04.h5

Epoch 6: val_loss improved from 0.00785 to 0.00617, saving model to /p/project1/cesmtst/patakchiyousefi1/HPT/mse_64_1e-05_1e-17_0.5_4_8_16_0.5_128_0.0_unet-att_day04.h5

Epoch 6: val_loss improved from 0.00108 to 0.00033, saving model to /p/project1/cesmtst/patakchiyousefi1/HPT/mse_64_0.0001_1e-17_0.5_4_8_16_0.5_128_0.0_unet-att_day04.h5

Epoch 6: val_loss did not improve from 0.00002

Epoch 6: val_loss improved from 0.00064 to 0.00023, saving model to /p/project1/cesmtst/patakchiyousefi1/HPT/mse_64_0.01_1e-17_0.5_4_8_16_0.5_128_0.0_unet-att_day04.h5

Epoch 4: val_loss improved from 0.43855 to 0.37865, saving model to /p/project1/cesmtst/patakchiyousefi1/HPT/mse_64_1e-05_1e-17_0.5_4_4_16_0.5_128_0.0_unet-att_day04.h5

Epoch 2: val_loss improved from 0.00025 to 0.00001, saving model to /p/project1/cesmtst/patakchiyousefi1/HPT/mse_64_0.001_1e-17_0.5_4_2_16_0.5_128_0.0_unet-att_day04.h5

Epoch 2: val_loss did not improve from 0.00781

Epoch 4: val_loss did not improve from 0.02975

Epoch 4: val_loss did not improve from 0.00098

Epoch 7: val_loss improved from 0.00617 to 0.00489, saving model to /p/project1/cesmtst/patakchiyousefi1/HPT/mse_64_1e-05_1e-17_0.5_4_8_16_0.5_128_0.0_unet-att_day04.h5

Epoch 7: val_loss improved from 0.00033 to 0.00021, saving model to /p/project1/cesmtst/patakchiyousefi1/HPT/mse_64_0.0001_1e-17_0.5_4_8_16_0.5_128_0.0_unet-att_day04.h5

Epoch 4: val_loss did not improve from 0.03893

Epoch 7: val_loss did not improve from 0.00002

Epoch 7: val_loss did not improve from 0.00023

Epoch 8: val_loss improved from 0.00489 to 0.00421, saving model to /p/project1/cesmtst/patakchiyousefi1/HPT/mse_64_1e-05_1e-17_0.5_4_8_16_0.5_128_0.0_unet-att_day04.h5

Epoch 8: val_loss improved from 0.00021 to 0.00019, saving model to /p/project1/cesmtst/patakchiyousefi1/HPT/mse_64_0.0001_1e-17_0.5_4_8_16_0.5_128_0.0_unet-att_day04.h5

Epoch 5: val_loss improved from 0.37865 to 0.17528, saving model to /p/project1/cesmtst/patakchiyousefi1/HPT/mse_64_1e-05_1e-17_0.5_4_4_16_0.5_128_0.0_unet-att_day04.h5

Epoch 8: val_loss did not improve from 0.00002

Epoch 8: val_loss did not improve from 0.00023

Epoch 3: val_loss improved from 0.01450 to 0.00368, saving model to /p/project1/cesmtst/patakchiyousefi1/HPT/mse_64_1e-05_1e-17_0.5_4_2_16_0.5_128_0.0_unet-att_day04.h5

Epoch 5: val_loss did not improve from 0.00098

Epoch 5: val_loss did not improve from 0.02975

Epoch 3: val_loss improved from 0.00002 to 0.00002, saving model to /p/project1/cesmtst/patakchiyousefi1/HPT/mse_64_0.0001_1e-17_0.5_4_2_16_0.5_128_0.0_unet-att_day04.h5

Epoch 5: val_loss improved from 0.03893 to 0.01784, saving model to /p/project1/cesmtst/patakchiyousefi1/HPT/mse_64_0.01_1e-17_0.5_4_4_16_0.5_128_0.0_unet-att_day04.h5

Epoch 9: val_loss improved from 0.00421 to 0.00392, saving model to /p/project1/cesmtst/patakchiyousefi1/HPT/mse_64_1e-05_1e-17_0.5_4_8_16_0.5_128_0.0_unet-att_day04.h5

Epoch 9: val_loss improved from 0.00019 to 0.00009, saving model to /p/project1/cesmtst/patakchiyousefi1/HPT/mse_64_0.0001_1e-17_0.5_4_8_16_0.5_128_0.0_unet-att_day04.h5

Epoch 9: val_loss did not improve from 0.00002

Epoch 9: val_loss did not improve from 0.00023

Epoch 3: val_loss improved from 0.00001 to 0.00001, saving model to /p/project1/cesmtst/patakchiyousefi1/HPT/mse_64_0.001_1e-17_0.5_4_2_16_0.5_128_0.0_unet-att_day04.h5

Epoch 3: val_loss did not improve from 0.00781

Epoch 6: val_loss did not improve from 0.17528

Epoch 10: val_loss improved from 0.00392 to 0.00357, saving model to /p/project1/cesmtst/patakchiyousefi1/HPT/mse_64_1e-05_1e-17_0.5_4_8_16_0.5_128_0.0_unet-att_day04.h5

Epoch 10: val_loss did not improve from 0.00009

Epoch 10: val_loss did not improve from 0.00002

Epoch 6: val_loss did not improve from 0.00098

Epoch 6: val_loss did not improve from 0.02975

Epoch 6: val_loss improved from 0.01784 to 0.00061, saving model to /p/project1/cesmtst/patakchiyousefi1/HPT/mse_64_0.01_1e-17_0.5_4_4_16_0.5_128_0.0_unet-att_day04.h5

Epoch 10: val_loss did not improve from 0.00023

Epoch 2: val_loss improved from 0.00585 to 0.00167, saving model to /p/project1/cesmtst/patakchiyousefi1/HPT/mse_64_1e-05_1e-17_0.5_4_1_16_0.5_128_0.0_unet-att_day04.h5

Epoch 2: val_loss improved from 0.00001 to 0.00001, saving model to /p/project1/cesmtst/patakchiyousefi1/HPT/mse_64_0.001_1e-17_0.5_4_1_16_0.5_128_0.0_unet-att_day04.h5

Epoch 2: val_loss improved from 0.00028 to 0.00004, saving model to /p/project1/cesmtst/patakchiyousefi1/HPT/mse_64_0.0001_1e-17_0.5_4_1_16_0.5_128_0.0_unet-att_day04.h5

Epoch 11: val_loss improved from 0.00009 to 0.00006, saving model to /p/project1/cesmtst/patakchiyousefi1/HPT/mse_64_0.0001_1e-17_0.5_4_8_16_0.5_128_0.0_unet-att_day04.h5

Epoch 2: val_loss did not improve from 0.00001

Epoch 4: val_loss improved from 0.00368 to 0.00263, saving model to /p/project1/cesmtst/patakchiyousefi1/HPT/mse_64_1e-05_1e-17_0.5_4_2_16_0.5_128_0.0_unet-att_day04.h5

Epoch 11: val_loss did not improve from 0.00002

Epoch 7: val_loss improved from 0.17528 to 0.15478, saving model to /p/project1/cesmtst/patakchiyousefi1/HPT/mse_64_1e-05_1e-17_0.5_4_4_16_0.5_128_0.0_unet-att_day04.h5

Epoch 11: val_loss did not improve from 0.00023

Epoch 4: val_loss did not improve from 0.00002

Epoch 11: val_loss did not improve from 0.00357

Epoch 12: val_loss improved from 0.00006 to 0.00005, saving model to /p/project1/cesmtst/patakchiyousefi1/HPT/mse_64_0.0001_1e-17_0.5_4_8_16_0.5_128_0.0_unet-att_day04.h5

Epoch 7: val_loss did not improve from 0.00098

Epoch 7: val_loss improved from 0.02975 to 0.02958, saving model to /p/project1/cesmtst/patakchiyousefi1/HPT/mse_64_0.0001_1e-17_0.5_4_4_16_0.5_128_0.0_unet-att_day04.h5

Epoch 7: val_loss did not improve from 0.00061

Epoch 12: val_loss did not improve from 0.00002

Epoch 12: val_loss did not improve from 0.00023

Epoch 4: val_loss did not improve from 0.00781

Epoch 4: val_loss did not improve from 0.00001

Epoch 12: val_loss did not improve from 0.00357

Epoch 8: val_loss improved from 0.15478 to 0.12256, saving model to /p/project1/cesmtst/patakchiyousefi1/HPT/mse_64_1e-05_1e-17_0.5_4_4_16_0.5_128_0.0_unet-att_day04.h5

Epoch 13: val_loss improved from 0.00005 to 0.00004, saving model to /p/project1/cesmtst/patakchiyousefi1/HPT/mse_64_0.0001_1e-17_0.5_4_8_16_0.5_128_0.0_unet-att_day04.h5

Epoch 13: val_loss did not improve from 0.00023

Epoch 13: val_loss did not improve from 0.00002

Epoch 13: val_loss did not improve from 0.00357

Epoch 8: val_loss did not improve from 0.00098

Epoch 8: val_loss improved from 0.02958 to 0.01379, saving model to /p/project1/cesmtst/patakchiyousefi1/HPT/mse_64_0.0001_1e-17_0.5_4_4_16_0.5_128_0.0_unet-att_day04.h5

Epoch 8: val_loss did not improve from 0.00061

Epoch 14: val_loss improved from 0.00004 to 0.00002, saving model to /p/project1/cesmtst/patakchiyousefi1/HPT/mse_64_0.0001_1e-17_0.5_4_8_16_0.5_128_0.0_unet-att_day04.h5

Epoch 5: val_loss improved from 0.00263 to 0.00147, saving model to /p/project1/cesmtst/patakchiyousefi1/HPT/mse_64_1e-05_1e-17_0.5_4_2_16_0.5_128_0.0_unet-att_day04.h5

Epoch 14: val_loss did not improve from 0.00023

Epoch 14: val_loss did not improve from 0.00002

Epoch 5: val_loss did not improve from 0.00002

Epoch 14: val_loss did not improve from 0.00357

Epoch 9: val_loss did not improve from 0.12256

Epoch 15: val_loss improved from 0.00002 to 0.00002, saving model to /p/project1/cesmtst/patakchiyousefi1/HPT/mse_64_0.0001_1e-17_0.5_4_8_16_0.5_128_0.0_unet-att_day04.h5

Epoch 15: val_loss did not improve from 0.00023

Epoch 5: val_loss did not improve from 0.00781

Epoch 15: val_loss did not improve from 0.00002

Epoch 9: val_loss did not improve from 0.00098

Epoch 5: val_loss did not improve from 0.00001

Epoch 15: val_loss did not improve from 0.00357

Epoch 9: val_loss improved from 0.01379 to 0.00727, saving model to /p/project1/cesmtst/patakchiyousefi1/HPT/mse_64_0.0001_1e-17_0.5_4_4_16_0.5_128_0.0_unet-att_day04.h5

Epoch 9: val_loss did not improve from 0.00061

Epoch 16: val_loss did not improve from 0.00002

Epoch 3: val_loss did not improve from 0.00167

Epoch 16: val_loss did not improve from 0.00002

Epoch 10: val_loss improved from 0.12256 to 0.10524, saving model to /p/project1/cesmtst/patakchiyousefi1/HPT/mse_64_1e-05_1e-17_0.5_4_4_16_0.5_128_0.0_unet-att_day04.h5

Epoch 16: val_loss did not improve from 0.00023

Epoch 16: val_loss did not improve from 0.00357

Epoch 3: val_loss did not improve from 0.00001

Epoch 3: val_loss did not improve from 0.00001

Epoch 3: val_loss improved from 0.00004 to 0.00002, saving model to /p/project1/cesmtst/patakchiyousefi1/HPT/mse_64_0.0001_1e-17_0.5_4_1_16_0.5_128_0.0_unet-att_day04.h5

Epoch 17: val_loss improved from 0.00002 to 0.00002, saving model to /p/project1/cesmtst/patakchiyousefi1/HPT/mse_64_0.0001_1e-17_0.5_4_8_16_0.5_128_0.0_unet-att_day04.h5

Epoch 10: val_loss did not improve from 0.00098

Epoch 6: val_loss improved from 0.00147 to 0.00099, saving model to /p/project1/cesmtst/patakchiyousefi1/HPT/mse_64_1e-05_1e-17_0.5_4_2_16_0.5_128_0.0_unet-att_day04.h5

Epoch 10: val_loss did not improve from 0.00061

Epoch 6: val_loss did not improve from 0.00002

Epoch 17: val_loss did not improve from 0.00002

Epoch 17: val_loss did not improve from 0.00023

Epoch 10: val_loss improved from 0.00727 to 0.00226, saving model to /p/project1/cesmtst/patakchiyousefi1/HPT/mse_64_0.0001_1e-17_0.5_4_4_16_0.5_128_0.0_unet-att_day04.h5

Epoch 17: val_loss did not improve from 0.00357

Epoch 18: val_loss did not improve from 0.00002

Epoch 11: val_loss improved from 0.10524 to 0.08367, saving model to /p/project1/cesmtst/patakchiyousefi1/HPT/mse_64_1e-05_1e-17_0.5_4_4_16_0.5_128_0.0_unet-att_day04.h5

Epoch 6: val_loss did not improve from 0.00781

Epoch 18: val_loss did not improve from 0.00002

Epoch 18: val_loss did not improve from 0.00023

Epoch 18: val_loss did not improve from 0.00357

Epoch 6: val_loss did not improve from 0.00001

Epoch 11: val_loss did not improve from 0.00098

Epoch 11: val_loss did not improve from 0.00061

Epoch 19: val_loss improved from 0.00002 to 0.00001, saving model to /p/project1/cesmtst/patakchiyousefi1/HPT/mse_64_0.0001_1e-17_0.5_4_8_16_0.5_128_0.0_unet-att_day04.h5

Epoch 11: val_loss improved from 0.00226 to 0.00199, saving model to /p/project1/cesmtst/patakchiyousefi1/HPT/mse_64_0.0001_1e-17_0.5_4_4_16_0.5_128_0.0_unet-att_day04.h5

Epoch 19: val_loss did not improve from 0.00002

Epoch 19: val_loss did not improve from 0.00023

Epoch 19: val_loss did not improve from 0.00357

Epoch 12: val_loss improved from 0.08367 to 0.07991, saving model to /p/project1/cesmtst/patakchiyousefi1/HPT/mse_64_1e-05_1e-17_0.5_4_4_16_0.5_128_0.0_unet-att_day04.h5

Epoch 20: val_loss did not improve from 0.00001

Epoch 7: val_loss improved from 0.00099 to 0.00087, saving model to /p/project1/cesmtst/patakchiyousefi1/HPT/mse_64_1e-05_1e-17_0.5_4_2_16_0.5_128_0.0_unet-att_day04.h5

Epoch 7: val_loss did not improve from 0.00002

Epoch 20: val_loss did not improve from 0.00002
Saving and plotting the results...

Epoch 20: val_loss did not improve from 0.00023

Epoch 12: val_loss did not improve from 0.00061

Epoch 12: val_loss did not improve from 0.00098

Epoch 20: val_loss did not improve from 0.00357

Epoch 12: val_loss improved from 0.00199 to 0.00119, saving model to /p/project1/cesmtst/patakchiyousefi1/HPT/mse_64_0.0001_1e-17_0.5_4_4_16_0.5_128_0.0_unet-att_day04.h5

Epoch 21: val_loss did not improve from 0.00001

Epoch 7: val_loss did not improve from 0.00781

Epoch 21: val_loss did not improve from 0.00023

Epoch 13: val_loss improved from 0.07991 to 0.06956, saving model to /p/project1/cesmtst/patakchiyousefi1/HPT/mse_64_1e-05_1e-17_0.5_4_4_16_0.5_128_0.0_unet-att_day04.h5

Epoch 7: val_loss improved from 0.00001 to 0.00001, saving model to /p/project1/cesmtst/patakchiyousefi1/HPT/mse_64_0.001_1e-17_0.5_4_2_16_0.5_128_0.0_unet-att_day04.h5

Epoch 4: val_loss did not improve from 0.00167

Epoch 21: val_loss did not improve from 0.00357

Epoch 4: val_loss did not improve from 0.00001

Epoch 22: val_loss did not improve from 0.00001

Epoch 13: val_loss did not improve from 0.00061

Epoch 13: val_loss improved from 0.00119 to 0.00073, saving model to /p/project1/cesmtst/patakchiyousefi1/HPT/mse_64_0.0001_1e-17_0.5_4_4_16_0.5_128_0.0_unet-att_day04.h5

Epoch 4: val_loss improved from 0.00002 to 0.00001, saving model to /p/project1/cesmtst/patakchiyousefi1/HPT/mse_64_0.0001_1e-17_0.5_4_1_16_0.5_128_0.0_unet-att_day04.h5

Epoch 22: val_loss did not improve from 0.00023
Saving and plotting the results...

Epoch 13: val_loss did not improve from 0.00098

Epoch 22: val_loss did not improve from 0.00357

Epoch 4: val_loss did not improve from 0.00001

Epoch 8: val_loss did not improve from 0.00087

Epoch 23: val_loss did not improve from 0.00001

Epoch 8: val_loss did not improve from 0.00002

Epoch 14: val_loss did not improve from 0.06956

Epoch 23: val_loss did not improve from 0.00357

Epoch 14: val_loss did not improve from 0.00061

Epoch 24: val_loss did not improve from 0.00001

Epoch 14: val_loss improved from 0.00073 to 0.00022, saving model to /p/project1/cesmtst/patakchiyousefi1/HPT/mse_64_0.0001_1e-17_0.5_4_4_16_0.5_128_0.0_unet-att_day04.h5

Epoch 8: val_loss did not improve from 0.00781

Epoch 14: val_loss did not improve from 0.00098

Epoch 8: val_loss improved from 0.00001 to 0.00001, saving model to /p/project1/cesmtst/patakchiyousefi1/HPT/mse_64_0.001_1e-17_0.5_4_2_16_0.5_128_0.0_unet-att_day04.h5

Epoch 24: val_loss did not improve from 0.00357

Epoch 15: val_loss improved from 0.06956 to 0.06219, saving model to /p/project1/cesmtst/patakchiyousefi1/HPT/mse_64_1e-05_1e-17_0.5_4_4_16_0.5_128_0.0_unet-att_day04.h5

Epoch 25: val_loss did not improve from 0.00001

Epoch 15: val_loss did not improve from 0.00061

Epoch 25: val_loss did not improve from 0.00357

Epoch 15: val_loss improved from 0.00022 to 0.00012, saving model to /p/project1/cesmtst/patakchiyousefi1/HPT/mse_64_0.0001_1e-17_0.5_4_4_16_0.5_128_0.0_unet-att_day04.h5

Epoch 15: val_loss did not improve from 0.00098

Epoch 9: val_loss did not improve from 0.00087

Epoch 26: val_loss did not improve from 0.00001

Epoch 9: val_loss did not improve from 0.00002

Epoch 16: val_loss did not improve from 0.06219

Epoch 26: val_loss did not improve from 0.00357
Saving and plotting the results...

Epoch 27: val_loss did not improve from 0.00001

Epoch 9: val_loss did not improve from 0.00781

Epoch 5: val_loss improved from 0.00167 to 0.00148, saving model to /p/project1/cesmtst/patakchiyousefi1/HPT/mse_64_1e-05_1e-17_0.5_4_1_16_0.5_128_0.0_unet-att_day04.h5

Epoch 16: val_loss did not improve from 0.00061

Epoch 16: val_loss improved from 0.00012 to 0.00007, saving model to /p/project1/cesmtst/patakchiyousefi1/HPT/mse_64_0.0001_1e-17_0.5_4_4_16_0.5_128_0.0_unet-att_day04.h5

Epoch 5: val_loss did not improve from 0.00001

Epoch 16: val_loss did not improve from 0.00098

Epoch 5: val_loss improved from 0.00001 to 0.00001, saving model to /p/project1/cesmtst/patakchiyousefi1/HPT/mse_64_0.0001_1e-17_0.5_4_1_16_0.5_128_0.0_unet-att_day04.h5

Epoch 28: val_loss improved from 0.00001 to 0.00001, saving model to /p/project1/cesmtst/patakchiyousefi1/HPT/mse_64_0.0001_1e-17_0.5_4_8_16_0.5_128_0.0_unet-att_day04.h5

Epoch 9: val_loss improved from 0.00001 to 0.00001, saving model to /p/project1/cesmtst/patakchiyousefi1/HPT/mse_64_0.001_1e-17_0.5_4_2_16_0.5_128_0.0_unet-att_day04.h5

Epoch 17: val_loss improved from 0.06219 to 0.05259, saving model to /p/project1/cesmtst/patakchiyousefi1/HPT/mse_64_1e-05_1e-17_0.5_4_4_16_0.5_128_0.0_unet-att_day04.h5

Epoch 5: val_loss did not improve from 0.00001

Epoch 10: val_loss improved from 0.00087 to 0.00079, saving model to /p/project1/cesmtst/patakchiyousefi1/HPT/mse_64_1e-05_1e-17_0.5_4_2_16_0.5_128_0.0_unet-att_day04.h5

Epoch 17: val_loss did not improve from 0.00061

Epoch 29: val_loss did not improve from 0.00001

Epoch 10: val_loss did not improve from 0.00002

Epoch 17: val_loss improved from 0.00007 to 0.00004, saving model to /p/project1/cesmtst/patakchiyousefi1/HPT/mse_64_0.0001_1e-17_0.5_4_4_16_0.5_128_0.0_unet-att_day04.h5

Epoch 17: val_loss improved from 0.00098 to 0.00082, saving model to /p/project1/cesmtst/patakchiyousefi1/HPT/mse_64_0.001_1e-17_0.5_4_4_16_0.5_128_0.0_unet-att_day04.h5

Epoch 18: val_loss improved from 0.05259 to 0.05187, saving model to /p/project1/cesmtst/patakchiyousefi1/HPT/mse_64_1e-05_1e-17_0.5_4_4_16_0.5_128_0.0_unet-att_day04.h5

Epoch 30: val_loss did not improve from 0.00001

Epoch 10: val_loss did not improve from 0.00781

Epoch 18: val_loss did not improve from 0.00061

Epoch 18: val_loss did not improve from 0.00004

Epoch 18: val_loss improved from 0.00082 to 0.00045, saving model to /p/project1/cesmtst/patakchiyousefi1/HPT/mse_64_0.001_1e-17_0.5_4_4_16_0.5_128_0.0_unet-att_day04.h5

Epoch 31: val_loss did not improve from 0.00001

Epoch 10: val_loss improved from 0.00001 to 0.00001, saving model to /p/project1/cesmtst/patakchiyousefi1/HPT/mse_64_0.001_1e-17_0.5_4_2_16_0.5_128_0.0_unet-att_day04.h5

Epoch 19: val_loss improved from 0.05187 to 0.04546, saving model to /p/project1/cesmtst/patakchiyousefi1/HPT/mse_64_1e-05_1e-17_0.5_4_4_16_0.5_128_0.0_unet-att_day04.h5

Epoch 11: val_loss improved from 0.00079 to 0.00072, saving model to /p/project1/cesmtst/patakchiyousefi1/HPT/mse_64_1e-05_1e-17_0.5_4_2_16_0.5_128_0.0_unet-att_day04.h5

Epoch 11: val_loss did not improve from 0.00002

Epoch 32: val_loss did not improve from 0.00001

Epoch 19: val_loss did not improve from 0.00061

Epoch 19: val_loss improved from 0.00004 to 0.00003, saving model to /p/project1/cesmtst/patakchiyousefi1/HPT/mse_64_0.0001_1e-17_0.5_4_4_16_0.5_128_0.0_unet-att_day04.h5

Epoch 19: val_loss improved from 0.00045 to 0.00031, saving model to /p/project1/cesmtst/patakchiyousefi1/HPT/mse_64_0.001_1e-17_0.5_4_4_16_0.5_128_0.0_unet-att_day04.h5

Epoch 6: val_loss improved from 0.00148 to 0.00083, saving model to /p/project1/cesmtst/patakchiyousefi1/HPT/mse_64_1e-05_1e-17_0.5_4_1_16_0.5_128_0.0_unet-att_day04.h5

Epoch 33: val_loss did not improve from 0.00001

Epoch 11: val_loss did not improve from 0.00781

Epoch 6: val_loss did not improve from 0.00001

Epoch 20: val_loss did not improve from 0.04546

Epoch 6: val_loss improved from 0.00001 to 0.00001, saving model to /p/project1/cesmtst/patakchiyousefi1/HPT/mse_64_0.0001_1e-17_0.5_4_1_16_0.5_128_0.0_unet-att_day04.h5

Epoch 34: val_loss did not improve from 0.00001

Epoch 6: val_loss did not improve from 0.00001

Epoch 20: val_loss improved from 0.00003 to 0.00003, saving model to /p/project1/cesmtst/patakchiyousefi1/HPT/mse_64_0.0001_1e-17_0.5_4_4_16_0.5_128_0.0_unet-att_day04.h5

Epoch 11: val_loss did not improve from 0.00001

Epoch 20: val_loss improved from 0.00031 to 0.00020, saving model to /p/project1/cesmtst/patakchiyousefi1/HPT/mse_64_0.001_1e-17_0.5_4_4_16_0.5_128_0.0_unet-att_day04.h5

Epoch 20: val_loss did not improve from 0.00061

Epoch 12: val_loss did not improve from 0.00072

Epoch 21: val_loss improved from 0.04546 to 0.04003, saving model to /p/project1/cesmtst/patakchiyousefi1/HPT/mse_64_1e-05_1e-17_0.5_4_4_16_0.5_128_0.0_unet-att_day04.h5

Epoch 12: val_loss improved from 0.00002 to 0.00002, saving model to /p/project1/cesmtst/patakchiyousefi1/HPT/mse_64_0.0001_1e-17_0.5_4_2_16_0.5_128_0.0_unet-att_day04.h5

Epoch 35: val_loss did not improve from 0.00001

Epoch 21: val_loss did not improve from 0.00003

Epoch 12: val_loss did not improve from 0.00781

Epoch 21: val_loss did not improve from 0.00061

Epoch 36: val_loss did not improve from 0.00001

Epoch 21: val_loss improved from 0.00020 to 0.00016, saving model to /p/project1/cesmtst/patakchiyousefi1/HPT/mse_64_0.001_1e-17_0.5_4_4_16_0.5_128_0.0_unet-att_day04.h5

Epoch 22: val_loss improved from 0.04003 to 0.03667, saving model to /p/project1/cesmtst/patakchiyousefi1/HPT/mse_64_1e-05_1e-17_0.5_4_4_16_0.5_128_0.0_unet-att_day04.h5

Epoch 37: val_loss did not improve from 0.00001

Epoch 22: val_loss did not improve from 0.00003

Epoch 13: val_loss did not improve from 0.00072

Epoch 22: val_loss did not improve from 0.00061
Saving and plotting the results...

Epoch 12: val_loss did not improve from 0.00001

Epoch 22: val_loss improved from 0.00016 to 0.00011, saving model to /p/project1/cesmtst/patakchiyousefi1/HPT/mse_64_0.001_1e-17_0.5_4_4_16_0.5_128_0.0_unet-att_day04.h5

Epoch 38: val_loss did not improve from 0.00001

Epoch 7: val_loss improved from 0.00083 to 0.00067, saving model to /p/project1/cesmtst/patakchiyousefi1/HPT/mse_64_1e-05_1e-17_0.5_4_1_16_0.5_128_0.0_unet-att_day04.h5

Epoch 13: val_loss did not improve from 0.00002

Epoch 7: val_loss did not improve from 0.00001

Epoch 23: val_loss improved from 0.03667 to 0.03128, saving model to /p/project1/cesmtst/patakchiyousefi1/HPT/mse_64_1e-05_1e-17_0.5_4_4_16_0.5_128_0.0_unet-att_day04.h5

Epoch 13: val_loss did not improve from 0.00781

Epoch 39: val_loss did not improve from 0.00001

Epoch 7: val_loss improved from 0.00001 to 0.00001, saving model to /p/project1/cesmtst/patakchiyousefi1/HPT/mse_64_0.0001_1e-17_0.5_4_1_16_0.5_128_0.0_unet-att_day04.h5

Epoch 23: val_loss improved from 0.00003 to 0.00003, saving model to /p/project1/cesmtst/patakchiyousefi1/HPT/mse_64_0.0001_1e-17_0.5_4_4_16_0.5_128_0.0_unet-att_day04.h5

Epoch 7: val_loss did not improve from 0.00001

Epoch 23: val_loss improved from 0.00011 to 0.00009, saving model to /p/project1/cesmtst/patakchiyousefi1/HPT/mse_64_0.001_1e-17_0.5_4_4_16_0.5_128_0.0_unet-att_day04.h5

Epoch 40: val_loss did not improve from 0.00001

Epoch 24: val_loss improved from 0.03128 to 0.02656, saving model to /p/project1/cesmtst/patakchiyousefi1/HPT/mse_64_1e-05_1e-17_0.5_4_4_16_0.5_128_0.0_unet-att_day04.h5

Epoch 13: val_loss did not improve from 0.00001

Epoch 24: val_loss improved from 0.00003 to 0.00002, saving model to /p/project1/cesmtst/patakchiyousefi1/HPT/mse_64_0.0001_1e-17_0.5_4_4_16_0.5_128_0.0_unet-att_day04.h5

Epoch 14: val_loss did not improve from 0.00072

Epoch 41: val_loss did not improve from 0.00001

Epoch 14: val_loss did not improve from 0.00002

Epoch 24: val_loss improved from 0.00009 to 0.00007, saving model to /p/project1/cesmtst/patakchiyousefi1/HPT/mse_64_0.001_1e-17_0.5_4_4_16_0.5_128_0.0_unet-att_day04.h5

Epoch 14: val_loss did not improve from 0.00781

Epoch 25: val_loss improved from 0.02656 to 0.02335, saving model to /p/project1/cesmtst/patakchiyousefi1/HPT/mse_64_1e-05_1e-17_0.5_4_4_16_0.5_128_0.0_unet-att_day04.h5

Epoch 42: val_loss did not improve from 0.00001

Epoch 25: val_loss did not improve from 0.00002

Epoch 43: val_loss did not improve from 0.00001

Epoch 25: val_loss improved from 0.00007 to 0.00006, saving model to /p/project1/cesmtst/patakchiyousefi1/HPT/mse_64_0.001_1e-17_0.5_4_4_16_0.5_128_0.0_unet-att_day04.h5

Epoch 26: val_loss improved from 0.02335 to 0.02139, saving model to /p/project1/cesmtst/patakchiyousefi1/HPT/mse_64_1e-05_1e-17_0.5_4_4_16_0.5_128_0.0_unet-att_day04.h5

Epoch 8: val_loss improved from 0.00067 to 0.00058, saving model to /p/project1/cesmtst/patakchiyousefi1/HPT/mse_64_1e-05_1e-17_0.5_4_1_16_0.5_128_0.0_unet-att_day04.h5

Epoch 15: val_loss did not improve from 0.00072

Epoch 8: val_loss did not improve from 0.00001

Epoch 44: val_loss did not improve from 0.00001
Saving and plotting the results...

Epoch 14: val_loss did not improve from 0.00001

Epoch 15: val_loss did not improve from 0.00002

Epoch 26: val_loss improved from 0.00002 to 0.00002, saving model to /p/project1/cesmtst/patakchiyousefi1/HPT/mse_64_0.0001_1e-17_0.5_4_4_16_0.5_128_0.0_unet-att_day04.h5

Epoch 15: val_loss did not improve from 0.00781

Epoch 26: val_loss did not improve from 0.00006

Epoch 8: val_loss did not improve from 0.00001

Epoch 8: val_loss did not improve from 0.00001

Epoch 27: val_loss improved from 0.02139 to 0.01765, saving model to /p/project1/cesmtst/patakchiyousefi1/HPT/mse_64_1e-05_1e-17_0.5_4_4_16_0.5_128_0.0_unet-att_day04.h5

Epoch 27: val_loss improved from 0.00002 to 0.00002, saving model to /p/project1/cesmtst/patakchiyousefi1/HPT/mse_64_0.0001_1e-17_0.5_4_4_16_0.5_128_0.0_unet-att_day04.h5

Epoch 27: val_loss did not improve from 0.00006

Epoch 28: val_loss improved from 0.01765 to 0.01417, saving model to /p/project1/cesmtst/patakchiyousefi1/HPT/mse_64_1e-05_1e-17_0.5_4_4_16_0.5_128_0.0_unet-att_day04.h5

Epoch 16: val_loss did not improve from 0.00072

Epoch 15: val_loss improved from 0.00001 to 0.00001, saving model to /p/project1/cesmtst/patakchiyousefi1/HPT/mse_64_0.001_1e-17_0.5_4_2_16_0.5_128_0.0_unet-att_day04.h5

Epoch 16: val_loss did not improve from 0.00002

Epoch 28: val_loss did not improve from 0.00002

Epoch 28: val_loss did not improve from 0.00006

Epoch 16: val_loss did not improve from 0.00781

Epoch 29: val_loss improved from 0.01417 to 0.01398, saving model to /p/project1/cesmtst/patakchiyousefi1/HPT/mse_64_1e-05_1e-17_0.5_4_4_16_0.5_128_0.0_unet-att_day04.h5

Epoch 29: val_loss did not improve from 0.00002

Epoch 9: val_loss improved from 0.00058 to 0.00054, saving model to /p/project1/cesmtst/patakchiyousefi1/HPT/mse_64_1e-05_1e-17_0.5_4_1_16_0.5_128_0.0_unet-att_day04.h5

Epoch 9: val_loss did not improve from 0.00001

Epoch 17: val_loss did not improve from 0.00072

Epoch 29: val_loss did not improve from 0.00006

Epoch 16: val_loss improved from 0.00001 to 0.00001, saving model to /p/project1/cesmtst/patakchiyousefi1/HPT/mse_64_0.001_1e-17_0.5_4_2_16_0.5_128_0.0_unet-att_day04.h5

Epoch 30: val_loss improved from 0.01398 to 0.01126, saving model to /p/project1/cesmtst/patakchiyousefi1/HPT/mse_64_1e-05_1e-17_0.5_4_4_16_0.5_128_0.0_unet-att_day04.h5

Epoch 9: val_loss did not improve from 0.00001

Epoch 9: val_loss improved from 0.00001 to 0.00001, saving model to /p/project1/cesmtst/patakchiyousefi1/HPT/mse_64_0.0001_1e-17_0.5_4_1_16_0.5_128_0.0_unet-att_day04.h5

Epoch 30: val_loss improved from 0.00002 to 0.00002, saving model to /p/project1/cesmtst/patakchiyousefi1/HPT/mse_64_0.0001_1e-17_0.5_4_4_16_0.5_128_0.0_unet-att_day04.h5

Epoch 17: val_loss did not improve from 0.00002

Epoch 17: val_loss did not improve from 0.00781
Saving and plotting the results...

Epoch 30: val_loss did not improve from 0.00006

Epoch 31: val_loss improved from 0.01126 to 0.01013, saving model to /p/project1/cesmtst/patakchiyousefi1/HPT/mse_64_1e-05_1e-17_0.5_4_4_16_0.5_128_0.0_unet-att_day04.h5

Epoch 31: val_loss improved from 0.00002 to 0.00002, saving model to /p/project1/cesmtst/patakchiyousefi1/HPT/mse_64_0.0001_1e-17_0.5_4_4_16_0.5_128_0.0_unet-att_day04.h5

Epoch 18: val_loss did not improve from 0.00072

Epoch 17: val_loss improved from 0.00001 to 0.00001, saving model to /p/project1/cesmtst/patakchiyousefi1/HPT/mse_64_0.001_1e-17_0.5_4_2_16_0.5_128_0.0_unet-att_day04.h5

Epoch 31: val_loss did not improve from 0.00006

Epoch 32: val_loss improved from 0.01013 to 0.00850, saving model to /p/project1/cesmtst/patakchiyousefi1/HPT/mse_64_1e-05_1e-17_0.5_4_4_16_0.5_128_0.0_unet-att_day04.h5

Epoch 32: val_loss improved from 0.00002 to 0.00002, saving model to /p/project1/cesmtst/patakchiyousefi1/HPT/mse_64_0.0001_1e-17_0.5_4_4_16_0.5_128_0.0_unet-att_day04.h5

Epoch 18: val_loss did not improve from 0.00002

Epoch 32: val_loss did not improve from 0.00006

Epoch 10: val_loss did not improve from 0.00001

Epoch 10: val_loss improved from 0.00054 to 0.00047, saving model to /p/project1/cesmtst/patakchiyousefi1/HPT/mse_64_1e-05_1e-17_0.5_4_1_16_0.5_128_0.0_unet-att_day04.h5

Epoch 33: val_loss did not improve from 0.00850

Epoch 33: val_loss did not improve from 0.00002

Epoch 19: val_loss did not improve from 0.00072

Epoch 10: val_loss did not improve from 0.00001

Epoch 18: val_loss improved from 0.00001 to 0.00001, saving model to /p/project1/cesmtst/patakchiyousefi1/HPT/mse_64_0.001_1e-17_0.5_4_2_16_0.5_128_0.0_unet-att_day04.h5

Epoch 10: val_loss did not improve from 0.00001

Epoch 33: val_loss did not improve from 0.00006

Epoch 34: val_loss did not improve from 0.00850

Epoch 19: val_loss did not improve from 0.00002

Epoch 34: val_loss did not improve from 0.00002

Epoch 34: val_loss did not improve from 0.00006

Epoch 35: val_loss improved from 0.00850 to 0.00753, saving model to /p/project1/cesmtst/patakchiyousefi1/HPT/mse_64_1e-05_1e-17_0.5_4_4_16_0.5_128_0.0_unet-att_day04.h5

Epoch 20: val_loss did not improve from 0.00072

Epoch 35: val_loss did not improve from 0.00002

Epoch 19: val_loss improved from 0.00001 to 0.00001, saving model to /p/project1/cesmtst/patakchiyousefi1/HPT/mse_64_0.001_1e-17_0.5_4_2_16_0.5_128_0.0_unet-att_day04.h5

Epoch 35: val_loss did not improve from 0.00006

Epoch 20: val_loss did not improve from 0.00002

Epoch 36: val_loss did not improve from 0.00753

Epoch 11: val_loss improved from 0.00047 to 0.00038, saving model to /p/project1/cesmtst/patakchiyousefi1/HPT/mse_64_1e-05_1e-17_0.5_4_1_16_0.5_128_0.0_unet-att_day04.h5

Epoch 11: val_loss did not improve from 0.00001

Epoch 36: val_loss did not improve from 0.00002

Epoch 36: val_loss did not improve from 0.00006

Epoch 11: val_loss improved from 0.00001 to 0.00001, saving model to /p/project1/cesmtst/patakchiyousefi1/HPT/mse_64_0.001_1e-17_0.5_4_1_16_0.5_128_0.0_unet-att_day04.h5

Epoch 11: val_loss did not improve from 0.00001

Epoch 21: val_loss did not improve from 0.00072

Epoch 37: val_loss improved from 0.00753 to 0.00731, saving model to /p/project1/cesmtst/patakchiyousefi1/HPT/mse_64_1e-05_1e-17_0.5_4_4_16_0.5_128_0.0_unet-att_day04.h5

Epoch 20: val_loss improved from 0.00001 to 0.00001, saving model to /p/project1/cesmtst/patakchiyousefi1/HPT/mse_64_0.001_1e-17_0.5_4_2_16_0.5_128_0.0_unet-att_day04.h5

Epoch 37: val_loss did not improve from 0.00002

Epoch 37: val_loss did not improve from 0.00006

Epoch 21: val_loss did not improve from 0.00002

Epoch 38: val_loss improved from 0.00731 to 0.00501, saving model to /p/project1/cesmtst/patakchiyousefi1/HPT/mse_64_1e-05_1e-17_0.5_4_4_16_0.5_128_0.0_unet-att_day04.h5

Epoch 38: val_loss did not improve from 0.00002

Epoch 22: val_loss did not improve from 0.00072

Epoch 38: val_loss did not improve from 0.00006

Epoch 21: val_loss improved from 0.00001 to 0.00001, saving model to /p/project1/cesmtst/patakchiyousefi1/HPT/mse_64_0.001_1e-17_0.5_4_2_16_0.5_128_0.0_unet-att_day04.h5

Epoch 39: val_loss improved from 0.00501 to 0.00407, saving model to /p/project1/cesmtst/patakchiyousefi1/HPT/mse_64_1e-05_1e-17_0.5_4_4_16_0.5_128_0.0_unet-att_day04.h5

Epoch 12: val_loss improved from 0.00038 to 0.00029, saving model to /p/project1/cesmtst/patakchiyousefi1/HPT/mse_64_1e-05_1e-17_0.5_4_1_16_0.5_128_0.0_unet-att_day04.h5

Epoch 39: val_loss did not improve from 0.00002

Epoch 12: val_loss did not improve from 0.00001

Epoch 22: val_loss did not improve from 0.00002

Epoch 39: val_loss did not improve from 0.00006

Epoch 40: val_loss improved from 0.00407 to 0.00338, saving model to /p/project1/cesmtst/patakchiyousefi1/HPT/mse_64_1e-05_1e-17_0.5_4_4_16_0.5_128_0.0_unet-att_day04.h5

Epoch 12: val_loss improved from 0.00001 to 0.00001, saving model to /p/project1/cesmtst/patakchiyousefi1/HPT/mse_64_0.001_1e-17_0.5_4_1_16_0.5_128_0.0_unet-att_day04.h5

Epoch 12: val_loss did not improve from 0.00001

Epoch 40: val_loss did not improve from 0.00002

Epoch 23: val_loss did not improve from 0.00072

Epoch 40: val_loss did not improve from 0.00006

Epoch 22: val_loss improved from 0.00001 to 0.00001, saving model to /p/project1/cesmtst/patakchiyousefi1/HPT/mse_64_0.001_1e-17_0.5_4_2_16_0.5_128_0.0_unet-att_day04.h5

Epoch 41: val_loss improved from 0.00338 to 0.00278, saving model to /p/project1/cesmtst/patakchiyousefi1/HPT/mse_64_1e-05_1e-17_0.5_4_4_16_0.5_128_0.0_unet-att_day04.h5

Epoch 41: val_loss did not improve from 0.00002

Epoch 23: val_loss did not improve from 0.00002

Epoch 41: val_loss did not improve from 0.00006
Saving and plotting the results...

Epoch 42: val_loss did not improve from 0.00278

Epoch 24: val_loss did not improve from 0.00072

Epoch 42: val_loss did not improve from 0.00002

Epoch 13: val_loss improved from 0.00029 to 0.00024, saving model to /p/project1/cesmtst/patakchiyousefi1/HPT/mse_64_1e-05_1e-17_0.5_4_1_16_0.5_128_0.0_unet-att_day04.h5

Epoch 23: val_loss improved from 0.00001 to 0.00001, saving model to /p/project1/cesmtst/patakchiyousefi1/HPT/mse_64_0.001_1e-17_0.5_4_2_16_0.5_128_0.0_unet-att_day04.h5

Epoch 13: val_loss did not improve from 0.00001

Epoch 43: val_loss did not improve from 0.00278

Epoch 24: val_loss did not improve from 0.00002

Epoch 13: val_loss improved from 0.00001 to 0.00001, saving model to /p/project1/cesmtst/patakchiyousefi1/HPT/mse_64_0.001_1e-17_0.5_4_1_16_0.5_128_0.0_unet-att_day04.h5

Epoch 43: val_loss did not improve from 0.00002

Epoch 13: val_loss improved from 0.00001 to 0.00001, saving model to /p/project1/cesmtst/patakchiyousefi1/HPT/mse_64_0.0001_1e-17_0.5_4_1_16_0.5_128_0.0_unet-att_day04.h5

Epoch 25: val_loss did not improve from 0.00072

Epoch 44: val_loss did not improve from 0.00278

Epoch 24: val_loss did not improve from 0.00001

Epoch 44: val_loss did not improve from 0.00002

Epoch 25: val_loss did not improve from 0.00002

Epoch 45: val_loss did not improve from 0.00278

Epoch 45: val_loss did not improve from 0.00002

Epoch 26: val_loss did not improve from 0.00072

Epoch 14: val_loss did not improve from 0.00001

Epoch 14: val_loss did not improve from 0.00024

Epoch 25: val_loss did not improve from 0.00001

Epoch 46: val_loss did not improve from 0.00278

Epoch 46: val_loss did not improve from 0.00002

Epoch 14: val_loss improved from 0.00001 to 0.00001, saving model to /p/project1/cesmtst/patakchiyousefi1/HPT/mse_64_0.001_1e-17_0.5_4_1_16_0.5_128_0.0_unet-att_day04.h5

Epoch 26: val_loss did not improve from 0.00002

Epoch 14: val_loss improved from 0.00001 to 0.00001, saving model to /p/project1/cesmtst/patakchiyousefi1/HPT/mse_64_0.0001_1e-17_0.5_4_1_16_0.5_128_0.0_unet-att_day04.h5

Epoch 47: val_loss did not improve from 0.00278

Epoch 47: val_loss did not improve from 0.00002

Epoch 27: val_loss did not improve from 0.00072
Saving and plotting the results...

Epoch 26: val_loss did not improve from 0.00001

Epoch 48: val_loss did not improve from 0.00278

Epoch 27: val_loss did not improve from 0.00002

Epoch 48: val_loss did not improve from 0.00002
Saving and plotting the results...

Epoch 15: val_loss did not improve from 0.00001

Epoch 15: val_loss improved from 0.00024 to 0.00017, saving model to /p/project1/cesmtst/patakchiyousefi1/HPT/mse_64_1e-05_1e-17_0.5_4_1_16_0.5_128_0.0_unet-att_day04.h5

Epoch 49: val_loss did not improve from 0.00278

Epoch 27: val_loss did not improve from 0.00001

Epoch 15: val_loss improved from 0.00001 to 0.00001, saving model to /p/project1/cesmtst/patakchiyousefi1/HPT/mse_64_0.001_1e-17_0.5_4_1_16_0.5_128_0.0_unet-att_day04.h5

Epoch 15: val_loss improved from 0.00001 to 0.00001, saving model to /p/project1/cesmtst/patakchiyousefi1/HPT/mse_64_0.0001_1e-17_0.5_4_1_16_0.5_128_0.0_unet-att_day04.h5

Epoch 50: val_loss did not improve from 0.00278

Epoch 28: val_loss did not improve from 0.00002
Saving and plotting the results...

Epoch 51: val_loss did not improve from 0.00278

Epoch 28: val_loss improved from 0.00001 to 0.00001, saving model to /p/project1/cesmtst/patakchiyousefi1/HPT/mse_64_0.001_1e-17_0.5_4_2_16_0.5_128_0.0_unet-att_day04.h5

Epoch 52: val_loss did not improve from 0.00278

Epoch 16: val_loss did not improve from 0.00001

Epoch 16: val_loss did not improve from 0.00017

Epoch 53: val_loss did not improve from 0.00278

Epoch 16: val_loss improved from 0.00001 to 0.00001, saving model to /p/project1/cesmtst/patakchiyousefi1/HPT/mse_64_0.001_1e-17_0.5_4_1_16_0.5_128_0.0_unet-att_day04.h5

Epoch 16: val_loss did not improve from 0.00001

Epoch 29: val_loss improved from 0.00001 to 0.00001, saving model to /p/project1/cesmtst/patakchiyousefi1/HPT/mse_64_0.001_1e-17_0.5_4_2_16_0.5_128_0.0_unet-att_day04.h5

Epoch 54: val_loss did not improve from 0.00278

Epoch 30: val_loss improved from 0.00001 to 0.00001, saving model to /p/project1/cesmtst/patakchiyousefi1/HPT/mse_64_0.001_1e-17_0.5_4_2_16_0.5_128_0.0_unet-att_day04.h5

Epoch 55: val_loss did not improve from 0.00278

Epoch 17: val_loss did not improve from 0.00001
Saving and plotting the results...

Epoch 17: val_loss did not improve from 0.00017

Epoch 56: val_loss did not improve from 0.00278

Epoch 17: val_loss improved from 0.00001 to 0.00001, saving model to /p/project1/cesmtst/patakchiyousefi1/HPT/mse_64_0.001_1e-17_0.5_4_1_16_0.5_128_0.0_unet-att_day04.h5

Epoch 17: val_loss did not improve from 0.00001

Epoch 31: val_loss improved from 0.00001 to 0.00001, saving model to /p/project1/cesmtst/patakchiyousefi1/HPT/mse_64_0.001_1e-17_0.5_4_2_16_0.5_128_0.0_unet-att_day04.h5

Epoch 57: val_loss did not improve from 0.00278
Saving and plotting the results...

Epoch 32: val_loss improved from 0.00001 to 0.00001, saving model to /p/project1/cesmtst/patakchiyousefi1/HPT/mse_64_0.001_1e-17_0.5_4_2_16_0.5_128_0.0_unet-att_day04.h5

Epoch 18: val_loss did not improve from 0.00017

Epoch 18: val_loss improved from 0.00001 to 0.00001, saving model to /p/project1/cesmtst/patakchiyousefi1/HPT/mse_64_0.001_1e-17_0.5_4_1_16_0.5_128_0.0_unet-att_day04.h5

Epoch 18: val_loss did not improve from 0.00001

Epoch 33: val_loss improved from 0.00001 to 0.00001, saving model to /p/project1/cesmtst/patakchiyousefi1/HPT/mse_64_0.001_1e-17_0.5_4_2_16_0.5_128_0.0_unet-att_day04.h5

Epoch 34: val_loss did not improve from 0.00001

Epoch 19: val_loss improved from 0.00017 to 0.00013, saving model to /p/project1/cesmtst/patakchiyousefi1/HPT/mse_64_1e-05_1e-17_0.5_4_1_16_0.5_128_0.0_unet-att_day04.h5

Epoch 19: val_loss did not improve from 0.00001

Epoch 19: val_loss did not improve from 0.00001

Epoch 35: val_loss did not improve from 0.00001

Epoch 20: val_loss improved from 0.00013 to 0.00012, saving model to /p/project1/cesmtst/patakchiyousefi1/HPT/mse_64_1e-05_1e-17_0.5_4_1_16_0.5_128_0.0_unet-att_day04.h5

Epoch 36: val_loss did not improve from 0.00001

Epoch 20: val_loss did not improve from 0.00001

Epoch 20: val_loss did not improve from 0.00001

Epoch 37: val_loss did not improve from 0.00001

Epoch 21: val_loss did not improve from 0.00012

Epoch 38: val_loss did not improve from 0.00001

Epoch 21: val_loss did not improve from 0.00001

Epoch 21: val_loss did not improve from 0.00001

Epoch 39: val_loss did not improve from 0.00001

Epoch 22: val_loss did not improve from 0.00012

Epoch 22: val_loss did not improve from 0.00001

Epoch 40: val_loss did not improve from 0.00001

Epoch 22: val_loss did not improve from 0.00001

Epoch 41: val_loss did not improve from 0.00001

Epoch 23: val_loss did not improve from 0.00012

Epoch 23: val_loss improved from 0.00001 to 0.00001, saving model to /p/project1/cesmtst/patakchiyousefi1/HPT/mse_64_0.001_1e-17_0.5_4_1_16_0.5_128_0.0_unet-att_day04.h5

Epoch 23: val_loss did not improve from 0.00001

Epoch 42: val_loss did not improve from 0.00001

Epoch 43: val_loss did not improve from 0.00001

Epoch 24: val_loss did not improve from 0.00012

Epoch 24: val_loss improved from 0.00001 to 0.00001, saving model to /p/project1/cesmtst/patakchiyousefi1/HPT/mse_64_0.001_1e-17_0.5_4_1_16_0.5_128_0.0_unet-att_day04.h5

Epoch 24: val_loss did not improve from 0.00001

Epoch 44: val_loss did not improve from 0.00001

Epoch 45: val_loss did not improve from 0.00001

Epoch 25: val_loss did not improve from 0.00012

Epoch 25: val_loss did not improve from 0.00001

Epoch 25: val_loss did not improve from 0.00001

Epoch 46: val_loss did not improve from 0.00001

Epoch 26: val_loss did not improve from 0.00012

Epoch 26: val_loss did not improve from 0.00001

Epoch 47: val_loss did not improve from 0.00001

Epoch 26: val_loss did not improve from 0.00001

Epoch 48: val_loss did not improve from 0.00001

Epoch 27: val_loss did not improve from 0.00012

Epoch 27: val_loss did not improve from 0.00001

Epoch 49: val_loss did not improve from 0.00001
Saving and plotting the results...

Epoch 27: val_loss did not improve from 0.00001

Epoch 28: val_loss did not improve from 0.00012

Epoch 28: val_loss did not improve from 0.00001

Epoch 28: val_loss did not improve from 0.00001

Epoch 29: val_loss did not improve from 0.00012

Epoch 29: val_loss did not improve from 0.00001

Epoch 29: val_loss did not improve from 0.00001

Epoch 30: val_loss did not improve from 0.00012

Epoch 30: val_loss did not improve from 0.00001

Epoch 30: val_loss did not improve from 0.00001

Epoch 31: val_loss did not improve from 0.00012

Epoch 31: val_loss did not improve from 0.00001

Epoch 31: val_loss did not improve from 0.00001
Saving and plotting the results...

Epoch 32: val_loss did not improve from 0.00012

Epoch 32: val_loss did not improve from 0.00001

Epoch 33: val_loss did not improve from 0.00012

Epoch 33: val_loss did not improve from 0.00001

Epoch 34: val_loss did not improve from 0.00012

Epoch 34: val_loss did not improve from 0.00001

Epoch 35: val_loss did not improve from 0.00012

Epoch 35: val_loss did not improve from 0.00001

Epoch 36: val_loss did not improve from 0.00012
Saving and plotting the results...

Epoch 36: val_loss did not improve from 0.00001

Epoch 37: val_loss did not improve from 0.00001

Epoch 38: val_loss did not improve from 0.00001
