All necessary directories have been created or already exist.
No lead day provided. Using default hyperparameters - LR: 0.0001, BS: 32, DROPOUT: 0.0, UNET_TYPE: unet-l
Running DL_TRAIN.py for day10 with dropout=0, lr=0.00001, bs=1, unet_type=unet-att-l ...
Running DL_TRAIN.py for day10 with dropout=0, lr=0.00001, bs=2, unet_type=unet-att-l ...
Running DL_TRAIN.py for day10 with dropout=0, lr=0.00001, bs=4, unet_type=unet-att-l ...
Running DL_TRAIN.py for day10 with dropout=0, lr=0.00001, bs=8, unet_type=unet-att-l ...
Running DL_TRAIN.py for day10 with dropout=0, lr=0.0001, bs=1, unet_type=unet-att-l ...
Running DL_TRAIN.py for day10 with dropout=0, lr=0.0001, bs=2, unet_type=unet-att-l ...
Running DL_TRAIN.py for day10 with dropout=0, lr=0.0001, bs=4, unet_type=unet-att-l ...
Running DL_TRAIN.py for day10 with dropout=0, lr=0.0001, bs=8, unet_type=unet-att-l ...
Running DL_TRAIN.py for day10 with dropout=0, lr=0.001, bs=1, unet_type=unet-att-l ...
Running DL_TRAIN.py for day10 with dropout=0, lr=0.001, bs=2, unet_type=unet-att-l ...
Running DL_TRAIN.py for day10 with dropout=0, lr=0.001, bs=4, unet_type=unet-att-l ...
Running DL_TRAIN.py for day10 with dropout=0, lr=0.001, bs=8, unet_type=unet-att-l ...
Running DL_TRAIN.py for day10 with dropout=0, lr=0.01, bs=1, unet_type=unet-att-l ...
Running DL_TRAIN.py for day10 with dropout=0, lr=0.01, bs=2, unet_type=unet-att-l ...
Running DL_TRAIN.py for day10 with dropout=0, lr=0.01, bs=4, unet_type=unet-att-l ...
Running DL_TRAIN.py for day10 with dropout=0, lr=0.01, bs=8, unet_type=unet-att-l ...
train_data_hourly_pr_['ADAPTER_DE05.day10.merged.nc']_['ADAPTER_DE05.day01.merged.nc']_MM_6__spatiotemporal_128.256_2018-01-01T13_2022-12-31T23_no_na_land
Loading training data...
Data loaded!
mse_64_1e-05_1e-17_0.5_4_8_16_0.5_128_0.0_unet-att-l_day10
Training the model...

Epoch 1: val_loss improved from inf to 0.00117, saving model to /p/project1/cesmtst/patakchiyousefi1/HPT/mse_64_1e-05_1e-17_0.5_4_8_16_0.5_128_0.0_unet-att-l_day10.h5
train_data_hourly_pr_['ADAPTER_DE05.day10.merged.nc']_['ADAPTER_DE05.day01.merged.nc']_MM_6__spatiotemporal_128.256_2018-01-01T13_2022-12-31T23_no_na_land
Loading training data...
Data loaded!
mse_64_1e-05_1e-17_0.5_4_4_16_0.5_128_0.0_unet-att-l_day10
Training the model...

Epoch 1: val_loss improved from inf to 0.00462, saving model to /p/project1/cesmtst/patakchiyousefi1/HPT/mse_64_1e-05_1e-17_0.5_4_4_16_0.5_128_0.0_unet-att-l_day10.h5
train_data_hourly_pr_['ADAPTER_DE05.day10.merged.nc']_['ADAPTER_DE05.day01.merged.nc']_MM_6__spatiotemporal_128.256_2018-01-01T13_2022-12-31T23_no_na_land
Loading training data...
Data loaded!
mse_64_0.0001_1e-17_0.5_4_8_16_0.5_128_0.0_unet-att-l_day10
Training the model...

Epoch 1: val_loss improved from inf to 0.00024, saving model to /p/project1/cesmtst/patakchiyousefi1/HPT/mse_64_0.0001_1e-17_0.5_4_8_16_0.5_128_0.0_unet-att-l_day10.h5
train_data_hourly_pr_['ADAPTER_DE05.day10.merged.nc']_['ADAPTER_DE05.day01.merged.nc']_MM_6__spatiotemporal_128.256_2018-01-01T13_2022-12-31T23_no_na_land
Loading training data...
Data loaded!
mse_64_1e-05_1e-17_0.5_4_2_16_0.5_128_0.0_unet-att-l_day10
Training the model...

Epoch 1: val_loss improved from inf to 0.27212, saving model to /p/project1/cesmtst/patakchiyousefi1/HPT/mse_64_1e-05_1e-17_0.5_4_2_16_0.5_128_0.0_unet-att-l_day10.h5

Epoch 2: val_loss did not improve from 0.00117
train_data_hourly_pr_['ADAPTER_DE05.day10.merged.nc']_['ADAPTER_DE05.day01.merged.nc']_MM_6__spatiotemporal_128.256_2018-01-01T13_2022-12-31T23_no_na_land
Loading training data...
Data loaded!
mse_64_0.0001_1e-17_0.5_4_4_16_0.5_128_0.0_unet-att-l_day10
Training the model...

Epoch 1: val_loss improved from inf to 0.00139, saving model to /p/project1/cesmtst/patakchiyousefi1/HPT/mse_64_0.0001_1e-17_0.5_4_4_16_0.5_128_0.0_unet-att-l_day10.h5

Epoch 2: val_loss did not improve from 0.00024

Epoch 3: val_loss did not improve from 0.00117
train_data_hourly_pr_['ADAPTER_DE05.day10.merged.nc']_['ADAPTER_DE05.day01.merged.nc']_MM_6__spatiotemporal_128.256_2018-01-01T13_2022-12-31T23_no_na_land
Loading training data...
Data loaded!
mse_64_0.0001_1e-17_0.5_4_2_16_0.5_128_0.0_unet-att-l_day10
Training the model...

Epoch 1: val_loss improved from inf to 0.00509, saving model to /p/project1/cesmtst/patakchiyousefi1/HPT/mse_64_0.0001_1e-17_0.5_4_2_16_0.5_128_0.0_unet-att-l_day10.h5

Epoch 3: val_loss did not improve from 0.00024

Epoch 2: val_loss improved from 0.00462 to 0.00220, saving model to /p/project1/cesmtst/patakchiyousefi1/HPT/mse_64_1e-05_1e-17_0.5_4_4_16_0.5_128_0.0_unet-att-l_day10.h5

Epoch 2: val_loss improved from 0.00139 to 0.00082, saving model to /p/project1/cesmtst/patakchiyousefi1/HPT/mse_64_0.0001_1e-17_0.5_4_4_16_0.5_128_0.0_unet-att-l_day10.h5

Epoch 4: val_loss did not improve from 0.00117

Epoch 4: val_loss did not improve from 0.00024
train_data_hourly_pr_['ADAPTER_DE05.day10.merged.nc']_['ADAPTER_DE05.day01.merged.nc']_MM_6__spatiotemporal_128.256_2018-01-01T13_2022-12-31T23_no_na_land
Loading training data...
Data loaded!
mse_64_1e-05_1e-17_0.5_4_1_16_0.5_128_0.0_unet-att-l_day10
Training the model...

Epoch 1: val_loss improved from inf to 0.01048, saving model to /p/project1/cesmtst/patakchiyousefi1/HPT/mse_64_1e-05_1e-17_0.5_4_1_16_0.5_128_0.0_unet-att-l_day10.h5

Epoch 2: val_loss improved from 0.27212 to 0.18563, saving model to /p/project1/cesmtst/patakchiyousefi1/HPT/mse_64_1e-05_1e-17_0.5_4_2_16_0.5_128_0.0_unet-att-l_day10.h5

Epoch 5: val_loss did not improve from 0.00117

Epoch 5: val_loss did not improve from 0.00024
train_data_hourly_pr_['ADAPTER_DE05.day10.merged.nc']_['ADAPTER_DE05.day01.merged.nc']_MM_6__spatiotemporal_128.256_2018-01-01T13_2022-12-31T23_no_na_land
Loading training data...
Data loaded!
mse_64_0.0001_1e-17_0.5_4_1_16_0.5_128_0.0_unet-att-l_day10
Training the model...

Epoch 1: val_loss improved from inf to 0.00322, saving model to /p/project1/cesmtst/patakchiyousefi1/HPT/mse_64_0.0001_1e-17_0.5_4_1_16_0.5_128_0.0_unet-att-l_day10.h5

Epoch 3: val_loss improved from 0.00220 to 0.00130, saving model to /p/project1/cesmtst/patakchiyousefi1/HPT/mse_64_1e-05_1e-17_0.5_4_4_16_0.5_128_0.0_unet-att-l_day10.h5

Epoch 3: val_loss improved from 0.00082 to 0.00061, saving model to /p/project1/cesmtst/patakchiyousefi1/HPT/mse_64_0.0001_1e-17_0.5_4_4_16_0.5_128_0.0_unet-att-l_day10.h5

Epoch 6: val_loss improved from 0.00117 to 0.00110, saving model to /p/project1/cesmtst/patakchiyousefi1/HPT/mse_64_1e-05_1e-17_0.5_4_8_16_0.5_128_0.0_unet-att-l_day10.h5

Epoch 6: val_loss did not improve from 0.00024

Epoch 7: val_loss improved from 0.00110 to 0.00093, saving model to /p/project1/cesmtst/patakchiyousefi1/HPT/mse_64_1e-05_1e-17_0.5_4_8_16_0.5_128_0.0_unet-att-l_day10.h5

Epoch 4: val_loss improved from 0.00130 to 0.00092, saving model to /p/project1/cesmtst/patakchiyousefi1/HPT/mse_64_1e-05_1e-17_0.5_4_4_16_0.5_128_0.0_unet-att-l_day10.h5

Epoch 4: val_loss improved from 0.00061 to 0.00053, saving model to /p/project1/cesmtst/patakchiyousefi1/HPT/mse_64_0.0001_1e-17_0.5_4_4_16_0.5_128_0.0_unet-att-l_day10.h5

Epoch 3: val_loss improved from 0.18563 to 0.15401, saving model to /p/project1/cesmtst/patakchiyousefi1/HPT/mse_64_1e-05_1e-17_0.5_4_2_16_0.5_128_0.0_unet-att-l_day10.h5

Epoch 7: val_loss did not improve from 0.00024

Epoch 2: val_loss improved from 0.00509 to 0.00331, saving model to /p/project1/cesmtst/patakchiyousefi1/HPT/mse_64_0.0001_1e-17_0.5_4_2_16_0.5_128_0.0_unet-att-l_day10.h5

Epoch 8: val_loss improved from 0.00093 to 0.00076, saving model to /p/project1/cesmtst/patakchiyousefi1/HPT/mse_64_1e-05_1e-17_0.5_4_8_16_0.5_128_0.0_unet-att-l_day10.h5

Epoch 5: val_loss improved from 0.00053 to 0.00038, saving model to /p/project1/cesmtst/patakchiyousefi1/HPT/mse_64_0.0001_1e-17_0.5_4_4_16_0.5_128_0.0_unet-att-l_day10.h5

Epoch 5: val_loss improved from 0.00092 to 0.00073, saving model to /p/project1/cesmtst/patakchiyousefi1/HPT/mse_64_1e-05_1e-17_0.5_4_4_16_0.5_128_0.0_unet-att-l_day10.h5

Epoch 8: val_loss did not improve from 0.00024

Epoch 2: val_loss improved from 0.01048 to 0.00694, saving model to /p/project1/cesmtst/patakchiyousefi1/HPT/mse_64_1e-05_1e-17_0.5_4_1_16_0.5_128_0.0_unet-att-l_day10.h5

Epoch 9: val_loss improved from 0.00076 to 0.00068, saving model to /p/project1/cesmtst/patakchiyousefi1/HPT/mse_64_1e-05_1e-17_0.5_4_8_16_0.5_128_0.0_unet-att-l_day10.h5

Epoch 9: val_loss did not improve from 0.00024

Epoch 6: val_loss improved from 0.00038 to 0.00027, saving model to /p/project1/cesmtst/patakchiyousefi1/HPT/mse_64_0.0001_1e-17_0.5_4_4_16_0.5_128_0.0_unet-att-l_day10.h5

Epoch 6: val_loss improved from 0.00073 to 0.00063, saving model to /p/project1/cesmtst/patakchiyousefi1/HPT/mse_64_1e-05_1e-17_0.5_4_4_16_0.5_128_0.0_unet-att-l_day10.h5

Epoch 10: val_loss improved from 0.00068 to 0.00066, saving model to /p/project1/cesmtst/patakchiyousefi1/HPT/mse_64_1e-05_1e-17_0.5_4_8_16_0.5_128_0.0_unet-att-l_day10.h5

Epoch 4: val_loss improved from 0.15401 to 0.10324, saving model to /p/project1/cesmtst/patakchiyousefi1/HPT/mse_64_1e-05_1e-17_0.5_4_2_16_0.5_128_0.0_unet-att-l_day10.h5

Epoch 2: val_loss improved from 0.00322 to 0.00018, saving model to /p/project1/cesmtst/patakchiyousefi1/HPT/mse_64_0.0001_1e-17_0.5_4_1_16_0.5_128_0.0_unet-att-l_day10.h5

Epoch 10: val_loss did not improve from 0.00024

Epoch 3: val_loss improved from 0.00331 to 0.00092, saving model to /p/project1/cesmtst/patakchiyousefi1/HPT/mse_64_0.0001_1e-17_0.5_4_2_16_0.5_128_0.0_unet-att-l_day10.h5

Epoch 11: val_loss improved from 0.00066 to 0.00060, saving model to /p/project1/cesmtst/patakchiyousefi1/HPT/mse_64_1e-05_1e-17_0.5_4_8_16_0.5_128_0.0_unet-att-l_day10.h5

Epoch 11: val_loss did not improve from 0.00024

Epoch 7: val_loss improved from 0.00027 to 0.00019, saving model to /p/project1/cesmtst/patakchiyousefi1/HPT/mse_64_0.0001_1e-17_0.5_4_4_16_0.5_128_0.0_unet-att-l_day10.h5

Epoch 7: val_loss did not improve from 0.00063

Epoch 12: val_loss improved from 0.00060 to 0.00058, saving model to /p/project1/cesmtst/patakchiyousefi1/HPT/mse_64_1e-05_1e-17_0.5_4_8_16_0.5_128_0.0_unet-att-l_day10.h5

Epoch 12: val_loss did not improve from 0.00024

Epoch 5: val_loss improved from 0.10324 to 0.06300, saving model to /p/project1/cesmtst/patakchiyousefi1/HPT/mse_64_1e-05_1e-17_0.5_4_2_16_0.5_128_0.0_unet-att-l_day10.h5

Epoch 8: val_loss improved from 0.00019 to 0.00018, saving model to /p/project1/cesmtst/patakchiyousefi1/HPT/mse_64_0.0001_1e-17_0.5_4_4_16_0.5_128_0.0_unet-att-l_day10.h5

Epoch 13: val_loss improved from 0.00058 to 0.00053, saving model to /p/project1/cesmtst/patakchiyousefi1/HPT/mse_64_1e-05_1e-17_0.5_4_8_16_0.5_128_0.0_unet-att-l_day10.h5

Epoch 13: val_loss did not improve from 0.00024

Epoch 8: val_loss did not improve from 0.00063

Epoch 4: val_loss improved from 0.00092 to 0.00066, saving model to /p/project1/cesmtst/patakchiyousefi1/HPT/mse_64_0.0001_1e-17_0.5_4_2_16_0.5_128_0.0_unet-att-l_day10.h5

Epoch 14: val_loss did not improve from 0.00053

Epoch 3: val_loss improved from 0.00694 to 0.00257, saving model to /p/project1/cesmtst/patakchiyousefi1/HPT/mse_64_1e-05_1e-17_0.5_4_1_16_0.5_128_0.0_unet-att-l_day10.h5

Epoch 9: val_loss improved from 0.00018 to 0.00015, saving model to /p/project1/cesmtst/patakchiyousefi1/HPT/mse_64_0.0001_1e-17_0.5_4_4_16_0.5_128_0.0_unet-att-l_day10.h5

Epoch 9: val_loss did not improve from 0.00063

Epoch 15: val_loss did not improve from 0.00053

Epoch 14: val_loss did not improve from 0.00024

Epoch 3: val_loss improved from 0.00018 to 0.00014, saving model to /p/project1/cesmtst/patakchiyousefi1/HPT/mse_64_0.0001_1e-17_0.5_4_1_16_0.5_128_0.0_unet-att-l_day10.h5

Epoch 6: val_loss improved from 0.06300 to 0.06188, saving model to /p/project1/cesmtst/patakchiyousefi1/HPT/mse_64_1e-05_1e-17_0.5_4_2_16_0.5_128_0.0_unet-att-l_day10.h5

Epoch 15: val_loss did not improve from 0.00024

Epoch 16: val_loss did not improve from 0.00053

Epoch 10: val_loss improved from 0.00015 to 0.00013, saving model to /p/project1/cesmtst/patakchiyousefi1/HPT/mse_64_0.0001_1e-17_0.5_4_4_16_0.5_128_0.0_unet-att-l_day10.h5

Epoch 5: val_loss improved from 0.00066 to 0.00020, saving model to /p/project1/cesmtst/patakchiyousefi1/HPT/mse_64_0.0001_1e-17_0.5_4_2_16_0.5_128_0.0_unet-att-l_day10.h5

Epoch 10: val_loss did not improve from 0.00063

Epoch 16: val_loss did not improve from 0.00024

Epoch 17: val_loss did not improve from 0.00053

Epoch 17: val_loss did not improve from 0.00024
Saving and plotting the results...

Epoch 18: val_loss did not improve from 0.00053

Epoch 11: val_loss improved from 0.00013 to 0.00012, saving model to /p/project1/cesmtst/patakchiyousefi1/HPT/mse_64_0.0001_1e-17_0.5_4_4_16_0.5_128_0.0_unet-att-l_day10.h5

Epoch 11: val_loss did not improve from 0.00063

Epoch 7: val_loss improved from 0.06188 to 0.06164, saving model to /p/project1/cesmtst/patakchiyousefi1/HPT/mse_64_1e-05_1e-17_0.5_4_2_16_0.5_128_0.0_unet-att-l_day10.h5

Epoch 19: val_loss did not improve from 0.00053

Epoch 6: val_loss improved from 0.00020 to 0.00012, saving model to /p/project1/cesmtst/patakchiyousefi1/HPT/mse_64_0.0001_1e-17_0.5_4_2_16_0.5_128_0.0_unet-att-l_day10.h5

Epoch 12: val_loss improved from 0.00012 to 0.00011, saving model to /p/project1/cesmtst/patakchiyousefi1/HPT/mse_64_0.0001_1e-17_0.5_4_4_16_0.5_128_0.0_unet-att-l_day10.h5

Epoch 4: val_loss improved from 0.00257 to 0.00055, saving model to /p/project1/cesmtst/patakchiyousefi1/HPT/mse_64_1e-05_1e-17_0.5_4_1_16_0.5_128_0.0_unet-att-l_day10.h5

Epoch 20: val_loss did not improve from 0.00053

Epoch 12: val_loss did not improve from 0.00063

Epoch 21: val_loss did not improve from 0.00053

Epoch 4: val_loss did not improve from 0.00014

Epoch 13: val_loss did not improve from 0.00011

Epoch 13: val_loss did not improve from 0.00063

Epoch 8: val_loss improved from 0.06164 to 0.05127, saving model to /p/project1/cesmtst/patakchiyousefi1/HPT/mse_64_1e-05_1e-17_0.5_4_2_16_0.5_128_0.0_unet-att-l_day10.h5

Epoch 22: val_loss did not improve from 0.00053

Epoch 7: val_loss improved from 0.00012 to 0.00012, saving model to /p/project1/cesmtst/patakchiyousefi1/HPT/mse_64_0.0001_1e-17_0.5_4_2_16_0.5_128_0.0_unet-att-l_day10.h5

Epoch 23: val_loss did not improve from 0.00053

Epoch 14: val_loss improved from 0.00011 to 0.00011, saving model to /p/project1/cesmtst/patakchiyousefi1/HPT/mse_64_0.0001_1e-17_0.5_4_4_16_0.5_128_0.0_unet-att-l_day10.h5

Epoch 14: val_loss did not improve from 0.00063

Epoch 24: val_loss did not improve from 0.00053

Epoch 9: val_loss improved from 0.05127 to 0.01024, saving model to /p/project1/cesmtst/patakchiyousefi1/HPT/mse_64_1e-05_1e-17_0.5_4_2_16_0.5_128_0.0_unet-att-l_day10.h5

Epoch 15: val_loss did not improve from 0.00011

Epoch 25: val_loss did not improve from 0.00053

Epoch 15: val_loss did not improve from 0.00063

Epoch 5: val_loss improved from 0.00055 to 0.00051, saving model to /p/project1/cesmtst/patakchiyousefi1/HPT/mse_64_1e-05_1e-17_0.5_4_1_16_0.5_128_0.0_unet-att-l_day10.h5

Epoch 8: val_loss did not improve from 0.00012

Epoch 26: val_loss did not improve from 0.00053

Epoch 16: val_loss did not improve from 0.00011

Epoch 5: val_loss improved from 0.00014 to 0.00014, saving model to /p/project1/cesmtst/patakchiyousefi1/HPT/mse_64_0.0001_1e-17_0.5_4_1_16_0.5_128_0.0_unet-att-l_day10.h5

Epoch 16: val_loss did not improve from 0.00063

Epoch 27: val_loss did not improve from 0.00053
train_data_hourly_pr_['ADAPTER_DE05.day10.merged.nc']_['ADAPTER_DE05.day01.merged.nc']_MM_6__spatiotemporal_128.256_2018-01-01T13_2022-12-31T23_no_na_land
Loading training data...
Data loaded!
mse_64_0.01_1e-17_0.5_4_1_16_0.5_128_0.0_unet-att-l_day10
Training the model...

Epoch 1: val_loss improved from inf to 0.00016, saving model to /p/project1/cesmtst/patakchiyousefi1/HPT/mse_64_0.01_1e-17_0.5_4_1_16_0.5_128_0.0_unet-att-l_day10.h5

Epoch 10: val_loss improved from 0.01024 to 0.00302, saving model to /p/project1/cesmtst/patakchiyousefi1/HPT/mse_64_1e-05_1e-17_0.5_4_2_16_0.5_128_0.0_unet-att-l_day10.h5

Epoch 28: val_loss did not improve from 0.00053

Epoch 17: val_loss did not improve from 0.00011

Epoch 17: val_loss did not improve from 0.00063

Epoch 9: val_loss did not improve from 0.00012

Epoch 29: val_loss did not improve from 0.00053
Saving and plotting the results...

Epoch 18: val_loss did not improve from 0.00011

Epoch 18: val_loss did not improve from 0.00063

Epoch 11: val_loss improved from 0.00302 to 0.00029, saving model to /p/project1/cesmtst/patakchiyousefi1/HPT/mse_64_1e-05_1e-17_0.5_4_2_16_0.5_128_0.0_unet-att-l_day10.h5

Epoch 6: val_loss improved from 0.00051 to 0.00045, saving model to /p/project1/cesmtst/patakchiyousefi1/HPT/mse_64_1e-05_1e-17_0.5_4_1_16_0.5_128_0.0_unet-att-l_day10.h5

Epoch 10: val_loss did not improve from 0.00012

Epoch 19: val_loss did not improve from 0.00011

Epoch 19: val_loss did not improve from 0.00063

Epoch 6: val_loss improved from 0.00014 to 0.00013, saving model to /p/project1/cesmtst/patakchiyousefi1/HPT/mse_64_0.0001_1e-17_0.5_4_1_16_0.5_128_0.0_unet-att-l_day10.h5

Epoch 2: val_loss did not improve from 0.00016

Epoch 20: val_loss did not improve from 0.00011

Epoch 20: val_loss did not improve from 0.00063

Epoch 12: val_loss improved from 0.00029 to 0.00026, saving model to /p/project1/cesmtst/patakchiyousefi1/HPT/mse_64_1e-05_1e-17_0.5_4_2_16_0.5_128_0.0_unet-att-l_day10.h5
train_data_hourly_pr_['ADAPTER_DE05.day10.merged.nc']_['ADAPTER_DE05.day01.merged.nc']_MM_6__spatiotemporal_128.256_2018-01-01T13_2022-12-31T23_no_na_land
Loading training data...
Data loaded!
mse_64_0.01_1e-17_0.5_4_8_16_0.5_128_0.0_unet-att-l_day10
Training the model...

Epoch 1: val_loss improved from inf to 0.00016, saving model to /p/project1/cesmtst/patakchiyousefi1/HPT/mse_64_0.01_1e-17_0.5_4_8_16_0.5_128_0.0_unet-att-l_day10.h5

Epoch 11: val_loss did not improve from 0.00012

Epoch 2: val_loss did not improve from 0.00016

Epoch 21: val_loss did not improve from 0.00011

Epoch 21: val_loss did not improve from 0.00063

Epoch 3: val_loss did not improve from 0.00016

Epoch 7: val_loss did not improve from 0.00045

Epoch 22: val_loss did not improve from 0.00011

Epoch 13: val_loss improved from 0.00026 to 0.00025, saving model to /p/project1/cesmtst/patakchiyousefi1/HPT/mse_64_1e-05_1e-17_0.5_4_2_16_0.5_128_0.0_unet-att-l_day10.h5

Epoch 22: val_loss did not improve from 0.00063
Saving and plotting the results...

Epoch 4: val_loss did not improve from 0.00016

Epoch 12: val_loss improved from 0.00012 to 0.00011, saving model to /p/project1/cesmtst/patakchiyousefi1/HPT/mse_64_0.0001_1e-17_0.5_4_2_16_0.5_128_0.0_unet-att-l_day10.h5

Epoch 7: val_loss improved from 0.00013 to 0.00013, saving model to /p/project1/cesmtst/patakchiyousefi1/HPT/mse_64_0.0001_1e-17_0.5_4_1_16_0.5_128_0.0_unet-att-l_day10.h5

Epoch 5: val_loss did not improve from 0.00016

Epoch 23: val_loss did not improve from 0.00011

Epoch 3: val_loss did not improve from 0.00016

Epoch 6: val_loss did not improve from 0.00016

Epoch 14: val_loss did not improve from 0.00025

Epoch 7: val_loss did not improve from 0.00016

Epoch 24: val_loss did not improve from 0.00011

Epoch 13: val_loss improved from 0.00011 to 0.00010, saving model to /p/project1/cesmtst/patakchiyousefi1/HPT/mse_64_0.0001_1e-17_0.5_4_2_16_0.5_128_0.0_unet-att-l_day10.h5

Epoch 8: val_loss did not improve from 0.00016

Epoch 25: val_loss did not improve from 0.00011

Epoch 9: val_loss did not improve from 0.00016

Epoch 8: val_loss did not improve from 0.00045

Epoch 15: val_loss improved from 0.00025 to 0.00024, saving model to /p/project1/cesmtst/patakchiyousefi1/HPT/mse_64_1e-05_1e-17_0.5_4_2_16_0.5_128_0.0_unet-att-l_day10.h5

Epoch 10: val_loss did not improve from 0.00016

Epoch 14: val_loss improved from 0.00010 to 0.00010, saving model to /p/project1/cesmtst/patakchiyousefi1/HPT/mse_64_0.0001_1e-17_0.5_4_2_16_0.5_128_0.0_unet-att-l_day10.h5

Epoch 8: val_loss did not improve from 0.00013

Epoch 26: val_loss did not improve from 0.00011
train_data_hourly_pr_['ADAPTER_DE05.day10.merged.nc']_['ADAPTER_DE05.day01.merged.nc']_MM_6__spatiotemporal_128.256_2018-01-01T13_2022-12-31T23_no_na_land
Loading training data...
Data loaded!
mse_64_0.01_1e-17_0.5_4_2_16_0.5_128_0.0_unet-att-l_day10
Training the model...

Epoch 1: val_loss improved from inf to 0.00022, saving model to /p/project1/cesmtst/patakchiyousefi1/HPT/mse_64_0.01_1e-17_0.5_4_2_16_0.5_128_0.0_unet-att-l_day10.h5

Epoch 11: val_loss did not improve from 0.00016

Epoch 4: val_loss did not improve from 0.00016

Epoch 12: val_loss did not improve from 0.00016

Epoch 27: val_loss did not improve from 0.00011

Epoch 16: val_loss did not improve from 0.00024

Epoch 13: val_loss did not improve from 0.00016

Epoch 15: val_loss improved from 0.00010 to 0.00010, saving model to /p/project1/cesmtst/patakchiyousefi1/HPT/mse_64_0.0001_1e-17_0.5_4_2_16_0.5_128_0.0_unet-att-l_day10.h5

Epoch 2: val_loss improved from 0.00022 to 0.00015, saving model to /p/project1/cesmtst/patakchiyousefi1/HPT/mse_64_0.01_1e-17_0.5_4_2_16_0.5_128_0.0_unet-att-l_day10.h5

Epoch 14: val_loss did not improve from 0.00016

Epoch 28: val_loss did not improve from 0.00011

Epoch 9: val_loss did not improve from 0.00045

Epoch 15: val_loss did not improve from 0.00016

Epoch 29: val_loss did not improve from 0.00011

Epoch 17: val_loss improved from 0.00024 to 0.00020, saving model to /p/project1/cesmtst/patakchiyousefi1/HPT/mse_64_1e-05_1e-17_0.5_4_2_16_0.5_128_0.0_unet-att-l_day10.h5

Epoch 16: val_loss did not improve from 0.00016

Epoch 9: val_loss did not improve from 0.00013

Epoch 16: val_loss improved from 0.00010 to 0.00009, saving model to /p/project1/cesmtst/patakchiyousefi1/HPT/mse_64_0.0001_1e-17_0.5_4_2_16_0.5_128_0.0_unet-att-l_day10.h5

Epoch 3: val_loss did not improve from 0.00015

Epoch 5: val_loss did not improve from 0.00016

Epoch 30: val_loss did not improve from 0.00011
Saving and plotting the results...

Epoch 17: val_loss did not improve from 0.00016
Saving and plotting the results...

Epoch 18: val_loss did not improve from 0.00020

Epoch 17: val_loss improved from 0.00009 to 0.00009, saving model to /p/project1/cesmtst/patakchiyousefi1/HPT/mse_64_0.0001_1e-17_0.5_4_2_16_0.5_128_0.0_unet-att-l_day10.h5

Epoch 4: val_loss did not improve from 0.00015

Epoch 10: val_loss did not improve from 0.00045

Epoch 10: val_loss improved from 0.00013 to 0.00012, saving model to /p/project1/cesmtst/patakchiyousefi1/HPT/mse_64_0.0001_1e-17_0.5_4_1_16_0.5_128_0.0_unet-att-l_day10.h5

Epoch 19: val_loss did not improve from 0.00020

Epoch 6: val_loss did not improve from 0.00016

Epoch 18: val_loss improved from 0.00009 to 0.00009, saving model to /p/project1/cesmtst/patakchiyousefi1/HPT/mse_64_0.0001_1e-17_0.5_4_2_16_0.5_128_0.0_unet-att-l_day10.h5
train_data_hourly_pr_['ADAPTER_DE05.day10.merged.nc']_['ADAPTER_DE05.day01.merged.nc']_MM_6__spatiotemporal_128.256_2018-01-01T13_2022-12-31T23_no_na_land
Loading training data...
Data loaded!
mse_64_0.001_1e-17_0.5_4_8_16_0.5_128_0.0_unet-att-l_day10
Training the model...

Epoch 1: val_loss improved from inf to 0.00015, saving model to /p/project1/cesmtst/patakchiyousefi1/HPT/mse_64_0.001_1e-17_0.5_4_8_16_0.5_128_0.0_unet-att-l_day10.h5

Epoch 5: val_loss did not improve from 0.00015
train_data_hourly_pr_['ADAPTER_DE05.day10.merged.nc']_['ADAPTER_DE05.day01.merged.nc']_MM_6__spatiotemporal_128.256_2018-01-01T13_2022-12-31T23_no_na_land
Loading training data...
Data loaded!
mse_64_0.01_1e-17_0.5_4_4_16_0.5_128_0.0_unet-att-l_day10
Training the model...

Epoch 1: val_loss improved from inf to 0.00028, saving model to /p/project1/cesmtst/patakchiyousefi1/HPT/mse_64_0.01_1e-17_0.5_4_4_16_0.5_128_0.0_unet-att-l_day10.h5

Epoch 2: val_loss did not improve from 0.00015

Epoch 3: val_loss did not improve from 0.00015

Epoch 20: val_loss did not improve from 0.00020

Epoch 2: val_loss improved from 0.00028 to 0.00026, saving model to /p/project1/cesmtst/patakchiyousefi1/HPT/mse_64_0.01_1e-17_0.5_4_4_16_0.5_128_0.0_unet-att-l_day10.h5

Epoch 19: val_loss improved from 0.00009 to 0.00009, saving model to /p/project1/cesmtst/patakchiyousefi1/HPT/mse_64_0.0001_1e-17_0.5_4_2_16_0.5_128_0.0_unet-att-l_day10.h5

Epoch 4: val_loss did not improve from 0.00015

Epoch 6: val_loss did not improve from 0.00015

Epoch 11: val_loss did not improve from 0.00045

Epoch 5: val_loss did not improve from 0.00015

Epoch 3: val_loss improved from 0.00026 to 0.00016, saving model to /p/project1/cesmtst/patakchiyousefi1/HPT/mse_64_0.01_1e-17_0.5_4_4_16_0.5_128_0.0_unet-att-l_day10.h5

Epoch 11: val_loss improved from 0.00012 to 0.00010, saving model to /p/project1/cesmtst/patakchiyousefi1/HPT/mse_64_0.0001_1e-17_0.5_4_1_16_0.5_128_0.0_unet-att-l_day10.h5

Epoch 6: val_loss did not improve from 0.00015

Epoch 21: val_loss did not improve from 0.00020

Epoch 7: val_loss improved from 0.00016 to 0.00016, saving model to /p/project1/cesmtst/patakchiyousefi1/HPT/mse_64_0.01_1e-17_0.5_4_1_16_0.5_128_0.0_unet-att-l_day10.h5

Epoch 20: val_loss improved from 0.00009 to 0.00009, saving model to /p/project1/cesmtst/patakchiyousefi1/HPT/mse_64_0.0001_1e-17_0.5_4_2_16_0.5_128_0.0_unet-att-l_day10.h5

Epoch 4: val_loss did not improve from 0.00016

Epoch 7: val_loss did not improve from 0.00015

Epoch 7: val_loss did not improve from 0.00015

Epoch 8: val_loss did not improve from 0.00015

Epoch 5: val_loss did not improve from 0.00016

Epoch 9: val_loss did not improve from 0.00015

Epoch 22: val_loss did not improve from 0.00020

Epoch 21: val_loss improved from 0.00009 to 0.00009, saving model to /p/project1/cesmtst/patakchiyousefi1/HPT/mse_64_0.0001_1e-17_0.5_4_2_16_0.5_128_0.0_unet-att-l_day10.h5

Epoch 10: val_loss did not improve from 0.00015

Epoch 8: val_loss did not improve from 0.00015

Epoch 6: val_loss did not improve from 0.00016

Epoch 12: val_loss did not improve from 0.00045

Epoch 11: val_loss improved from 0.00015 to 0.00015, saving model to /p/project1/cesmtst/patakchiyousefi1/HPT/mse_64_0.001_1e-17_0.5_4_8_16_0.5_128_0.0_unet-att-l_day10.h5

Epoch 12: val_loss improved from 0.00010 to 0.00010, saving model to /p/project1/cesmtst/patakchiyousefi1/HPT/mse_64_0.0001_1e-17_0.5_4_1_16_0.5_128_0.0_unet-att-l_day10.h5

Epoch 7: val_loss did not improve from 0.00016

Epoch 12: val_loss improved from 0.00015 to 0.00014, saving model to /p/project1/cesmtst/patakchiyousefi1/HPT/mse_64_0.001_1e-17_0.5_4_8_16_0.5_128_0.0_unet-att-l_day10.h5

Epoch 8: val_loss did not improve from 0.00016

Epoch 23: val_loss did not improve from 0.00020

Epoch 22: val_loss improved from 0.00009 to 0.00009, saving model to /p/project1/cesmtst/patakchiyousefi1/HPT/mse_64_0.0001_1e-17_0.5_4_2_16_0.5_128_0.0_unet-att-l_day10.h5

Epoch 9: val_loss did not improve from 0.00015

Epoch 8: val_loss did not improve from 0.00016

Epoch 13: val_loss improved from 0.00014 to 0.00013, saving model to /p/project1/cesmtst/patakchiyousefi1/HPT/mse_64_0.001_1e-17_0.5_4_8_16_0.5_128_0.0_unet-att-l_day10.h5

Epoch 9: val_loss did not improve from 0.00016

Epoch 24: val_loss did not improve from 0.00020

Epoch 14: val_loss improved from 0.00013 to 0.00012, saving model to /p/project1/cesmtst/patakchiyousefi1/HPT/mse_64_0.001_1e-17_0.5_4_8_16_0.5_128_0.0_unet-att-l_day10.h5

Epoch 13: val_loss did not improve from 0.00045

Epoch 23: val_loss improved from 0.00009 to 0.00009, saving model to /p/project1/cesmtst/patakchiyousefi1/HPT/mse_64_0.0001_1e-17_0.5_4_2_16_0.5_128_0.0_unet-att-l_day10.h5

Epoch 10: val_loss did not improve from 0.00015

Epoch 15: val_loss improved from 0.00012 to 0.00011, saving model to /p/project1/cesmtst/patakchiyousefi1/HPT/mse_64_0.001_1e-17_0.5_4_8_16_0.5_128_0.0_unet-att-l_day10.h5

Epoch 10: val_loss did not improve from 0.00016

Epoch 13: val_loss did not improve from 0.00010

Epoch 16: val_loss improved from 0.00011 to 0.00011, saving model to /p/project1/cesmtst/patakchiyousefi1/HPT/mse_64_0.001_1e-17_0.5_4_8_16_0.5_128_0.0_unet-att-l_day10.h5

Epoch 25: val_loss did not improve from 0.00020

Epoch 11: val_loss improved from 0.00016 to 0.00013, saving model to /p/project1/cesmtst/patakchiyousefi1/HPT/mse_64_0.01_1e-17_0.5_4_4_16_0.5_128_0.0_unet-att-l_day10.h5

Epoch 9: val_loss did not improve from 0.00016

Epoch 24: val_loss did not improve from 0.00009

Epoch 11: val_loss did not improve from 0.00015

Epoch 17: val_loss improved from 0.00011 to 0.00010, saving model to /p/project1/cesmtst/patakchiyousefi1/HPT/mse_64_0.001_1e-17_0.5_4_8_16_0.5_128_0.0_unet-att-l_day10.h5

Epoch 12: val_loss improved from 0.00013 to 0.00011, saving model to /p/project1/cesmtst/patakchiyousefi1/HPT/mse_64_0.01_1e-17_0.5_4_4_16_0.5_128_0.0_unet-att-l_day10.h5

Epoch 18: val_loss improved from 0.00010 to 0.00010, saving model to /p/project1/cesmtst/patakchiyousefi1/HPT/mse_64_0.001_1e-17_0.5_4_8_16_0.5_128_0.0_unet-att-l_day10.h5

Epoch 26: val_loss did not improve from 0.00020

Epoch 14: val_loss did not improve from 0.00045

Epoch 19: val_loss improved from 0.00010 to 0.00010, saving model to /p/project1/cesmtst/patakchiyousefi1/HPT/mse_64_0.001_1e-17_0.5_4_8_16_0.5_128_0.0_unet-att-l_day10.h5

Epoch 25: val_loss did not improve from 0.00009

Epoch 13: val_loss improved from 0.00011 to 0.00010, saving model to /p/project1/cesmtst/patakchiyousefi1/HPT/mse_64_0.01_1e-17_0.5_4_4_16_0.5_128_0.0_unet-att-l_day10.h5

Epoch 12: val_loss did not improve from 0.00015

Epoch 14: val_loss improved from 0.00010 to 0.00010, saving model to /p/project1/cesmtst/patakchiyousefi1/HPT/mse_64_0.0001_1e-17_0.5_4_1_16_0.5_128_0.0_unet-att-l_day10.h5

Epoch 20: val_loss did not improve from 0.00010

Epoch 14: val_loss improved from 0.00010 to 0.00010, saving model to /p/project1/cesmtst/patakchiyousefi1/HPT/mse_64_0.01_1e-17_0.5_4_4_16_0.5_128_0.0_unet-att-l_day10.h5

Epoch 21: val_loss did not improve from 0.00010

Epoch 10: val_loss did not improve from 0.00016

Epoch 27: val_loss did not improve from 0.00020

Epoch 22: val_loss did not improve from 0.00010

Epoch 26: val_loss did not improve from 0.00009

Epoch 13: val_loss did not improve from 0.00015

Epoch 15: val_loss did not improve from 0.00010

Epoch 23: val_loss did not improve from 0.00010

Epoch 24: val_loss improved from 0.00010 to 0.00009, saving model to /p/project1/cesmtst/patakchiyousefi1/HPT/mse_64_0.001_1e-17_0.5_4_8_16_0.5_128_0.0_unet-att-l_day10.h5

Epoch 15: val_loss did not improve from 0.00045

Epoch 16: val_loss did not improve from 0.00010

Epoch 25: val_loss did not improve from 0.00009

Epoch 14: val_loss did not improve from 0.00015

Epoch 28: val_loss did not improve from 0.00020

Epoch 15: val_loss improved from 0.00010 to 0.00010, saving model to /p/project1/cesmtst/patakchiyousefi1/HPT/mse_64_0.0001_1e-17_0.5_4_1_16_0.5_128_0.0_unet-att-l_day10.h5

Epoch 27: val_loss did not improve from 0.00009

Epoch 26: val_loss did not improve from 0.00009

Epoch 17: val_loss did not improve from 0.00010

Epoch 11: val_loss did not improve from 0.00016

Epoch 27: val_loss did not improve from 0.00009

Epoch 18: val_loss did not improve from 0.00010

Epoch 28: val_loss did not improve from 0.00009

Epoch 15: val_loss improved from 0.00015 to 0.00015, saving model to /p/project1/cesmtst/patakchiyousefi1/HPT/mse_64_0.01_1e-17_0.5_4_2_16_0.5_128_0.0_unet-att-l_day10.h5

Epoch 29: val_loss did not improve from 0.00020

Epoch 29: val_loss did not improve from 0.00009

Epoch 19: val_loss did not improve from 0.00010

Epoch 28: val_loss did not improve from 0.00009

Epoch 16: val_loss did not improve from 0.00045

Epoch 30: val_loss did not improve from 0.00009

Epoch 20: val_loss did not improve from 0.00010

Epoch 16: val_loss did not improve from 0.00010

Epoch 16: val_loss did not improve from 0.00015

Epoch 31: val_loss improved from 0.00009 to 0.00009, saving model to /p/project1/cesmtst/patakchiyousefi1/HPT/mse_64_0.001_1e-17_0.5_4_8_16_0.5_128_0.0_unet-att-l_day10.h5

Epoch 30: val_loss did not improve from 0.00020

Epoch 32: val_loss improved from 0.00009 to 0.00009, saving model to /p/project1/cesmtst/patakchiyousefi1/HPT/mse_64_0.001_1e-17_0.5_4_8_16_0.5_128_0.0_unet-att-l_day10.h5

Epoch 12: val_loss did not improve from 0.00016

Epoch 29: val_loss did not improve from 0.00009

Epoch 21: val_loss did not improve from 0.00010

Epoch 33: val_loss did not improve from 0.00009

Epoch 17: val_loss did not improve from 0.00015

Epoch 22: val_loss did not improve from 0.00010

Epoch 31: val_loss did not improve from 0.00020

Epoch 34: val_loss did not improve from 0.00009

Epoch 17: val_loss did not improve from 0.00045

Epoch 30: val_loss did not improve from 0.00009

Epoch 23: val_loss did not improve from 0.00010

Epoch 35: val_loss did not improve from 0.00009

Epoch 17: val_loss did not improve from 0.00010

Epoch 18: val_loss did not improve from 0.00015

Epoch 36: val_loss did not improve from 0.00009

Epoch 32: val_loss did not improve from 0.00020

Epoch 24: val_loss did not improve from 0.00010

Epoch 37: val_loss did not improve from 0.00009

Epoch 13: val_loss did not improve from 0.00016

Epoch 31: val_loss did not improve from 0.00009

Epoch 38: val_loss improved from 0.00009 to 0.00009, saving model to /p/project1/cesmtst/patakchiyousefi1/HPT/mse_64_0.001_1e-17_0.5_4_8_16_0.5_128_0.0_unet-att-l_day10.h5

Epoch 25: val_loss did not improve from 0.00010

Epoch 19: val_loss did not improve from 0.00015

Epoch 39: val_loss improved from 0.00009 to 0.00009, saving model to /p/project1/cesmtst/patakchiyousefi1/HPT/mse_64_0.001_1e-17_0.5_4_8_16_0.5_128_0.0_unet-att-l_day10.h5

Epoch 18: val_loss did not improve from 0.00045

Epoch 40: val_loss did not improve from 0.00009

Epoch 26: val_loss did not improve from 0.00010

Epoch 33: val_loss did not improve from 0.00020
Saving and plotting the results...

Epoch 32: val_loss did not improve from 0.00009

Epoch 41: val_loss did not improve from 0.00009

Epoch 18: val_loss did not improve from 0.00010

Epoch 27: val_loss did not improve from 0.00010

Epoch 20: val_loss improved from 0.00015 to 0.00014, saving model to /p/project1/cesmtst/patakchiyousefi1/HPT/mse_64_0.01_1e-17_0.5_4_2_16_0.5_128_0.0_unet-att-l_day10.h5

Epoch 42: val_loss did not improve from 0.00009

Epoch 14: val_loss did not improve from 0.00016

Epoch 43: val_loss did not improve from 0.00009

Epoch 28: val_loss did not improve from 0.00010

Epoch 33: val_loss did not improve from 0.00009

Epoch 44: val_loss did not improve from 0.00009

Epoch 21: val_loss improved from 0.00014 to 0.00014, saving model to /p/project1/cesmtst/patakchiyousefi1/HPT/mse_64_0.01_1e-17_0.5_4_2_16_0.5_128_0.0_unet-att-l_day10.h5

Epoch 45: val_loss did not improve from 0.00009

Epoch 29: val_loss did not improve from 0.00010

Epoch 19: val_loss did not improve from 0.00045

Epoch 46: val_loss did not improve from 0.00009

Epoch 34: val_loss did not improve from 0.00009

Epoch 19: val_loss did not improve from 0.00010

Epoch 30: val_loss did not improve from 0.00010
Saving and plotting the results...

Epoch 47: val_loss did not improve from 0.00009

Epoch 22: val_loss improved from 0.00014 to 0.00014, saving model to /p/project1/cesmtst/patakchiyousefi1/HPT/mse_64_0.01_1e-17_0.5_4_2_16_0.5_128_0.0_unet-att-l_day10.h5

Epoch 15: val_loss did not improve from 0.00016

Epoch 48: val_loss did not improve from 0.00009

Epoch 35: val_loss did not improve from 0.00009
train_data_hourly_pr_['ADAPTER_DE05.day10.merged.nc']_['ADAPTER_DE05.day01.merged.nc']_MM_6__spatiotemporal_128.256_2018-01-01T13_2022-12-31T23_no_na_land
Loading training data...
Data loaded!
mse_64_0.001_1e-17_0.5_4_4_16_0.5_128_0.0_unet-att-l_day10
Training the model...

Epoch 1: val_loss improved from inf to 0.00016, saving model to /p/project1/cesmtst/patakchiyousefi1/HPT/mse_64_0.001_1e-17_0.5_4_4_16_0.5_128_0.0_unet-att-l_day10.h5

Epoch 49: val_loss did not improve from 0.00009

Epoch 23: val_loss improved from 0.00014 to 0.00014, saving model to /p/project1/cesmtst/patakchiyousefi1/HPT/mse_64_0.01_1e-17_0.5_4_2_16_0.5_128_0.0_unet-att-l_day10.h5

Epoch 50: val_loss did not improve from 0.00009

Epoch 20: val_loss did not improve from 0.00045

Epoch 51: val_loss did not improve from 0.00009

Epoch 20: val_loss did not improve from 0.00010

Epoch 36: val_loss did not improve from 0.00009

Epoch 2: val_loss did not improve from 0.00016

Epoch 52: val_loss did not improve from 0.00009

Epoch 16: val_loss did not improve from 0.00016

Epoch 24: val_loss improved from 0.00014 to 0.00014, saving model to /p/project1/cesmtst/patakchiyousefi1/HPT/mse_64_0.01_1e-17_0.5_4_2_16_0.5_128_0.0_unet-att-l_day10.h5

Epoch 53: val_loss did not improve from 0.00009

Epoch 3: val_loss did not improve from 0.00016

Epoch 54: val_loss did not improve from 0.00009

Epoch 37: val_loss did not improve from 0.00009

Epoch 4: val_loss did not improve from 0.00016
train_data_hourly_pr_['ADAPTER_DE05.day10.merged.nc']_['ADAPTER_DE05.day01.merged.nc']_MM_6__spatiotemporal_128.256_2018-01-01T13_2022-12-31T23_no_na_land
Loading training data...
Data loaded!
mse_64_0.001_1e-17_0.5_4_1_16_0.5_128_0.0_unet-att-l_day10
Training the model...

Epoch 1: val_loss improved from inf to 0.00014, saving model to /p/project1/cesmtst/patakchiyousefi1/HPT/mse_64_0.001_1e-17_0.5_4_1_16_0.5_128_0.0_unet-att-l_day10.h5

Epoch 55: val_loss did not improve from 0.00009
Saving and plotting the results...

Epoch 21: val_loss did not improve from 0.00045

Epoch 25: val_loss did not improve from 0.00014

Epoch 5: val_loss did not improve from 0.00016

Epoch 21: val_loss did not improve from 0.00010

Epoch 38: val_loss did not improve from 0.00009

Epoch 17: val_loss did not improve from 0.00016

Epoch 6: val_loss improved from 0.00016 to 0.00014, saving model to /p/project1/cesmtst/patakchiyousefi1/HPT/mse_64_0.001_1e-17_0.5_4_4_16_0.5_128_0.0_unet-att-l_day10.h5

Epoch 26: val_loss did not improve from 0.00014

Epoch 7: val_loss improved from 0.00014 to 0.00012, saving model to /p/project1/cesmtst/patakchiyousefi1/HPT/mse_64_0.001_1e-17_0.5_4_4_16_0.5_128_0.0_unet-att-l_day10.h5

Epoch 39: val_loss did not improve from 0.00009
Saving and plotting the results...

Epoch 2: val_loss improved from 0.00014 to 0.00013, saving model to /p/project1/cesmtst/patakchiyousefi1/HPT/mse_64_0.001_1e-17_0.5_4_1_16_0.5_128_0.0_unet-att-l_day10.h5

Epoch 22: val_loss did not improve from 0.00045
Saving and plotting the results...

Epoch 8: val_loss improved from 0.00012 to 0.00010, saving model to /p/project1/cesmtst/patakchiyousefi1/HPT/mse_64_0.001_1e-17_0.5_4_4_16_0.5_128_0.0_unet-att-l_day10.h5
train_data_hourly_pr_['ADAPTER_DE05.day10.merged.nc']_['ADAPTER_DE05.day01.merged.nc']_MM_6__spatiotemporal_128.256_2018-01-01T13_2022-12-31T23_no_na_land
Loading training data...
Data loaded!
mse_64_0.001_1e-17_0.5_4_2_16_0.5_128_0.0_unet-att-l_day10
Training the model...

Epoch 1: val_loss improved from inf to 0.00017, saving model to /p/project1/cesmtst/patakchiyousefi1/HPT/mse_64_0.001_1e-17_0.5_4_2_16_0.5_128_0.0_unet-att-l_day10.h5

Epoch 22: val_loss improved from 0.00010 to 0.00009, saving model to /p/project1/cesmtst/patakchiyousefi1/HPT/mse_64_0.0001_1e-17_0.5_4_1_16_0.5_128_0.0_unet-att-l_day10.h5

Epoch 27: val_loss did not improve from 0.00014

Epoch 9: val_loss improved from 0.00010 to 0.00010, saving model to /p/project1/cesmtst/patakchiyousefi1/HPT/mse_64_0.001_1e-17_0.5_4_4_16_0.5_128_0.0_unet-att-l_day10.h5

Epoch 18: val_loss did not improve from 0.00016

Epoch 2: val_loss did not improve from 0.00017

Epoch 10: val_loss did not improve from 0.00010

Epoch 28: val_loss did not improve from 0.00014

Epoch 3: val_loss did not improve from 0.00013

Epoch 11: val_loss did not improve from 0.00010

Epoch 3: val_loss did not improve from 0.00017

Epoch 23: val_loss improved from 0.00009 to 0.00009, saving model to /p/project1/cesmtst/patakchiyousefi1/HPT/mse_64_0.0001_1e-17_0.5_4_1_16_0.5_128_0.0_unet-att-l_day10.h5

Epoch 12: val_loss did not improve from 0.00010

Epoch 29: val_loss improved from 0.00014 to 0.00014, saving model to /p/project1/cesmtst/patakchiyousefi1/HPT/mse_64_0.01_1e-17_0.5_4_2_16_0.5_128_0.0_unet-att-l_day10.h5

Epoch 19: val_loss did not improve from 0.00016

Epoch 13: val_loss did not improve from 0.00010

Epoch 4: val_loss did not improve from 0.00017

Epoch 4: val_loss did not improve from 0.00013

Epoch 14: val_loss did not improve from 0.00010

Epoch 30: val_loss did not improve from 0.00014

Epoch 15: val_loss did not improve from 0.00010

Epoch 5: val_loss improved from 0.00017 to 0.00016, saving model to /p/project1/cesmtst/patakchiyousefi1/HPT/mse_64_0.001_1e-17_0.5_4_2_16_0.5_128_0.0_unet-att-l_day10.h5

Epoch 24: val_loss did not improve from 0.00009

Epoch 20: val_loss did not improve from 0.00016

Epoch 16: val_loss did not improve from 0.00010

Epoch 31: val_loss did not improve from 0.00014

Epoch 17: val_loss did not improve from 0.00010

Epoch 5: val_loss did not improve from 0.00013

Epoch 6: val_loss did not improve from 0.00016

Epoch 32: val_loss did not improve from 0.00014

Epoch 18: val_loss did not improve from 0.00010

Epoch 25: val_loss improved from 0.00009 to 0.00009, saving model to /p/project1/cesmtst/patakchiyousefi1/HPT/mse_64_0.0001_1e-17_0.5_4_1_16_0.5_128_0.0_unet-att-l_day10.h5

Epoch 7: val_loss did not improve from 0.00016

Epoch 19: val_loss did not improve from 0.00010

Epoch 21: val_loss did not improve from 0.00016

Epoch 33: val_loss did not improve from 0.00014

Epoch 20: val_loss did not improve from 0.00010

Epoch 6: val_loss did not improve from 0.00013

Epoch 8: val_loss did not improve from 0.00016

Epoch 21: val_loss did not improve from 0.00010

Epoch 34: val_loss improved from 0.00014 to 0.00014, saving model to /p/project1/cesmtst/patakchiyousefi1/HPT/mse_64_0.01_1e-17_0.5_4_2_16_0.5_128_0.0_unet-att-l_day10.h5

Epoch 26: val_loss did not improve from 0.00009

Epoch 22: val_loss did not improve from 0.00010

Epoch 9: val_loss did not improve from 0.00016

Epoch 23: val_loss did not improve from 0.00010

Epoch 22: val_loss did not improve from 0.00016

Epoch 7: val_loss did not improve from 0.00013

Epoch 35: val_loss improved from 0.00014 to 0.00014, saving model to /p/project1/cesmtst/patakchiyousefi1/HPT/mse_64_0.01_1e-17_0.5_4_2_16_0.5_128_0.0_unet-att-l_day10.h5

Epoch 24: val_loss did not improve from 0.00010

Epoch 10: val_loss did not improve from 0.00016

Epoch 27: val_loss did not improve from 0.00009

Epoch 25: val_loss did not improve from 0.00010
Saving and plotting the results...

Epoch 36: val_loss improved from 0.00014 to 0.00014, saving model to /p/project1/cesmtst/patakchiyousefi1/HPT/mse_64_0.01_1e-17_0.5_4_2_16_0.5_128_0.0_unet-att-l_day10.h5

Epoch 11: val_loss did not improve from 0.00016

Epoch 23: val_loss did not improve from 0.00016
Saving and plotting the results...

Epoch 37: val_loss improved from 0.00014 to 0.00014, saving model to /p/project1/cesmtst/patakchiyousefi1/HPT/mse_64_0.01_1e-17_0.5_4_2_16_0.5_128_0.0_unet-att-l_day10.h5

Epoch 8: val_loss did not improve from 0.00013

Epoch 12: val_loss did not improve from 0.00016

Epoch 28: val_loss did not improve from 0.00009

Epoch 13: val_loss did not improve from 0.00016

Epoch 38: val_loss did not improve from 0.00014

Epoch 9: val_loss did not improve from 0.00013

Epoch 14: val_loss did not improve from 0.00016

Epoch 29: val_loss did not improve from 0.00009

Epoch 39: val_loss did not improve from 0.00014

Epoch 15: val_loss did not improve from 0.00016

Epoch 40: val_loss did not improve from 0.00014

Epoch 10: val_loss did not improve from 0.00013

Epoch 16: val_loss did not improve from 0.00016

Epoch 30: val_loss did not improve from 0.00009

Epoch 41: val_loss did not improve from 0.00014

Epoch 17: val_loss did not improve from 0.00016

Epoch 42: val_loss did not improve from 0.00014

Epoch 11: val_loss did not improve from 0.00013

Epoch 31: val_loss did not improve from 0.00009

Epoch 18: val_loss did not improve from 0.00016

Epoch 43: val_loss did not improve from 0.00014

Epoch 19: val_loss did not improve from 0.00016

Epoch 44: val_loss did not improve from 0.00014

Epoch 12: val_loss did not improve from 0.00013

Epoch 32: val_loss did not improve from 0.00009

Epoch 20: val_loss did not improve from 0.00016

Epoch 45: val_loss did not improve from 0.00014

Epoch 13: val_loss did not improve from 0.00013

Epoch 46: val_loss did not improve from 0.00014

Epoch 21: val_loss did not improve from 0.00016
Saving and plotting the results...

Epoch 33: val_loss did not improve from 0.00009

Epoch 47: val_loss did not improve from 0.00014

Epoch 14: val_loss did not improve from 0.00013

Epoch 48: val_loss did not improve from 0.00014

Epoch 34: val_loss did not improve from 0.00009

Epoch 49: val_loss did not improve from 0.00014

Epoch 15: val_loss did not improve from 0.00013

Epoch 50: val_loss improved from 0.00014 to 0.00014, saving model to /p/project1/cesmtst/patakchiyousefi1/HPT/mse_64_0.01_1e-17_0.5_4_2_16_0.5_128_0.0_unet-att-l_day10.h5

Epoch 35: val_loss did not improve from 0.00009

Epoch 51: val_loss did not improve from 0.00014

Epoch 16: val_loss did not improve from 0.00013

Epoch 52: val_loss did not improve from 0.00014

Epoch 36: val_loss did not improve from 0.00009

Epoch 53: val_loss did not improve from 0.00014

Epoch 54: val_loss did not improve from 0.00014

Epoch 17: val_loss did not improve from 0.00013

Epoch 37: val_loss did not improve from 0.00009

Epoch 55: val_loss improved from 0.00014 to 0.00014, saving model to /p/project1/cesmtst/patakchiyousefi1/HPT/mse_64_0.01_1e-17_0.5_4_2_16_0.5_128_0.0_unet-att-l_day10.h5

Epoch 18: val_loss did not improve from 0.00013
Saving and plotting the results...

Epoch 56: val_loss improved from 0.00014 to 0.00014, saving model to /p/project1/cesmtst/patakchiyousefi1/HPT/mse_64_0.01_1e-17_0.5_4_2_16_0.5_128_0.0_unet-att-l_day10.h5

Epoch 38: val_loss did not improve from 0.00009

Epoch 57: val_loss did not improve from 0.00014

Epoch 58: val_loss did not improve from 0.00014

Epoch 39: val_loss did not improve from 0.00009

Epoch 59: val_loss did not improve from 0.00014

Epoch 60: val_loss did not improve from 0.00014

Epoch 40: val_loss did not improve from 0.00009

Epoch 61: val_loss improved from 0.00014 to 0.00014, saving model to /p/project1/cesmtst/patakchiyousefi1/HPT/mse_64_0.01_1e-17_0.5_4_2_16_0.5_128_0.0_unet-att-l_day10.h5

Epoch 62: val_loss improved from 0.00014 to 0.00014, saving model to /p/project1/cesmtst/patakchiyousefi1/HPT/mse_64_0.01_1e-17_0.5_4_2_16_0.5_128_0.0_unet-att-l_day10.h5

Epoch 41: val_loss did not improve from 0.00009
Saving and plotting the results...

Epoch 63: val_loss did not improve from 0.00014

Epoch 64: val_loss did not improve from 0.00014

Epoch 65: val_loss did not improve from 0.00014

Epoch 66: val_loss did not improve from 0.00014

Epoch 67: val_loss did not improve from 0.00014

Epoch 68: val_loss did not improve from 0.00014

Epoch 69: val_loss did not improve from 0.00014

Epoch 70: val_loss did not improve from 0.00014

Epoch 71: val_loss did not improve from 0.00014

Epoch 72: val_loss did not improve from 0.00014

Epoch 73: val_loss did not improve from 0.00014

Epoch 74: val_loss did not improve from 0.00014

Epoch 75: val_loss did not improve from 0.00014

Epoch 76: val_loss did not improve from 0.00014

Epoch 77: val_loss did not improve from 0.00014

Epoch 78: val_loss did not improve from 0.00014
Saving and plotting the results...
Time limit for unet-att-l, leadtime 10: 07:45:00
Run time for unet-att-l with leadtime 10:  hours,  minutes,  seconds
