All necessary directories have been created or already exist.
No lead day provided. Using default hyperparameters - LR: 0.0001, BS: 32, DROPOUT: 0.0, UNET_TYPE: unet-l
Running DL_TRAIN.py for day07 with dropout=0, lr=0.00001, bs=1, unet_type=unet-att-s ...
Running DL_TRAIN.py for day07 with dropout=0, lr=0.00001, bs=2, unet_type=unet-att-s ...
Running DL_TRAIN.py for day07 with dropout=0, lr=0.00001, bs=4, unet_type=unet-att-s ...
Running DL_TRAIN.py for day07 with dropout=0, lr=0.00001, bs=8, unet_type=unet-att-s ...
Running DL_TRAIN.py for day07 with dropout=0, lr=0.0001, bs=1, unet_type=unet-att-s ...
Running DL_TRAIN.py for day07 with dropout=0, lr=0.0001, bs=2, unet_type=unet-att-s ...
Running DL_TRAIN.py for day07 with dropout=0, lr=0.0001, bs=4, unet_type=unet-att-s ...
Running DL_TRAIN.py for day07 with dropout=0, lr=0.0001, bs=8, unet_type=unet-att-s ...
Running DL_TRAIN.py for day07 with dropout=0, lr=0.001, bs=1, unet_type=unet-att-s ...
Running DL_TRAIN.py for day07 with dropout=0, lr=0.001, bs=2, unet_type=unet-att-s ...
Running DL_TRAIN.py for day07 with dropout=0, lr=0.001, bs=4, unet_type=unet-att-s ...
Running DL_TRAIN.py for day07 with dropout=0, lr=0.001, bs=8, unet_type=unet-att-s ...
Running DL_TRAIN.py for day07 with dropout=0, lr=0.01, bs=1, unet_type=unet-att-s ...
Running DL_TRAIN.py for day07 with dropout=0, lr=0.01, bs=2, unet_type=unet-att-s ...
Running DL_TRAIN.py for day07 with dropout=0, lr=0.01, bs=4, unet_type=unet-att-s ...
Running DL_TRAIN.py for day07 with dropout=0, lr=0.01, bs=8, unet_type=unet-att-s ...
train_data_hourly_pr_['ADAPTER_DE05.day07.merged.nc']_['ADAPTER_DE05.day01.merged.nc']_MM_6__spatiotemporal_128.256_2018-01-01T13_2022-12-31T23_no_na_land
Loading training data...
Data loaded!
mse_64_1e-05_1e-17_0.5_4_8_16_0.5_128_0.0_unet-att-s_day07
Training the model...

Epoch 1: val_loss improved from inf to 0.00800, saving model to /p/project1/cesmtst/patakchiyousefi1/HPT/mse_64_1e-05_1e-17_0.5_4_8_16_0.5_128_0.0_unet-att-s_day07.h5
train_data_hourly_pr_['ADAPTER_DE05.day07.merged.nc']_['ADAPTER_DE05.day01.merged.nc']_MM_6__spatiotemporal_128.256_2018-01-01T13_2022-12-31T23_no_na_land
Loading training data...
Data loaded!
mse_64_1e-05_1e-17_0.5_4_4_16_0.5_128_0.0_unet-att-s_day07
Training the model...

Epoch 1: val_loss improved from inf to 0.04956, saving model to /p/project1/cesmtst/patakchiyousefi1/HPT/mse_64_1e-05_1e-17_0.5_4_4_16_0.5_128_0.0_unet-att-s_day07.h5
train_data_hourly_pr_['ADAPTER_DE05.day07.merged.nc']_['ADAPTER_DE05.day01.merged.nc']_MM_6__spatiotemporal_128.256_2018-01-01T13_2022-12-31T23_no_na_land
Loading training data...
Data loaded!
mse_64_0.0001_1e-17_0.5_4_8_16_0.5_128_0.0_unet-att-s_day07
Training the model...

Epoch 1: val_loss improved from inf to 0.00391, saving model to /p/project1/cesmtst/patakchiyousefi1/HPT/mse_64_0.0001_1e-17_0.5_4_8_16_0.5_128_0.0_unet-att-s_day07.h5

Epoch 2: val_loss did not improve from 0.00800
train_data_hourly_pr_['ADAPTER_DE05.day07.merged.nc']_['ADAPTER_DE05.day01.merged.nc']_MM_6__spatiotemporal_128.256_2018-01-01T13_2022-12-31T23_no_na_land
Loading training data...
Data loaded!
mse_64_1e-05_1e-17_0.5_4_2_16_0.5_128_0.0_unet-att-s_day07
Training the model...

Epoch 1: val_loss improved from inf to 0.05798, saving model to /p/project1/cesmtst/patakchiyousefi1/HPT/mse_64_1e-05_1e-17_0.5_4_2_16_0.5_128_0.0_unet-att-s_day07.h5

Epoch 2: val_loss improved from 0.00391 to 0.00371, saving model to /p/project1/cesmtst/patakchiyousefi1/HPT/mse_64_0.0001_1e-17_0.5_4_8_16_0.5_128_0.0_unet-att-s_day07.h5
train_data_hourly_pr_['ADAPTER_DE05.day07.merged.nc']_['ADAPTER_DE05.day01.merged.nc']_MM_6__spatiotemporal_128.256_2018-01-01T13_2022-12-31T23_no_na_land
Loading training data...
Data loaded!
mse_64_0.0001_1e-17_0.5_4_4_16_0.5_128_0.0_unet-att-s_day07
Training the model...

Epoch 1: val_loss improved from inf to 0.00277, saving model to /p/project1/cesmtst/patakchiyousefi1/HPT/mse_64_0.0001_1e-17_0.5_4_4_16_0.5_128_0.0_unet-att-s_day07.h5
train_data_hourly_pr_['ADAPTER_DE05.day07.merged.nc']_['ADAPTER_DE05.day01.merged.nc']_MM_6__spatiotemporal_128.256_2018-01-01T13_2022-12-31T23_no_na_land
Loading training data...
Data loaded!
mse_64_0.0001_1e-17_0.5_4_2_16_0.5_128_0.0_unet-att-s_day07
Training the model...

Epoch 1: val_loss improved from inf to 0.00149, saving model to /p/project1/cesmtst/patakchiyousefi1/HPT/mse_64_0.0001_1e-17_0.5_4_2_16_0.5_128_0.0_unet-att-s_day07.h5

Epoch 2: val_loss improved from 0.04956 to 0.02657, saving model to /p/project1/cesmtst/patakchiyousefi1/HPT/mse_64_1e-05_1e-17_0.5_4_4_16_0.5_128_0.0_unet-att-s_day07.h5

Epoch 3: val_loss did not improve from 0.00800

Epoch 3: val_loss improved from 0.00371 to 0.00261, saving model to /p/project1/cesmtst/patakchiyousefi1/HPT/mse_64_0.0001_1e-17_0.5_4_8_16_0.5_128_0.0_unet-att-s_day07.h5
train_data_hourly_pr_['ADAPTER_DE05.day07.merged.nc']_['ADAPTER_DE05.day01.merged.nc']_MM_6__spatiotemporal_128.256_2018-01-01T13_2022-12-31T23_no_na_land
Loading training data...
Data loaded!
mse_64_0.001_1e-17_0.5_4_2_16_0.5_128_0.0_unet-att-s_day07
Training the model...

Epoch 1: val_loss improved from inf to 0.00103, saving model to /p/project1/cesmtst/patakchiyousefi1/HPT/mse_64_0.001_1e-17_0.5_4_2_16_0.5_128_0.0_unet-att-s_day07.h5

Epoch 2: val_loss improved from 0.00277 to 0.00124, saving model to /p/project1/cesmtst/patakchiyousefi1/HPT/mse_64_0.0001_1e-17_0.5_4_4_16_0.5_128_0.0_unet-att-s_day07.h5

Epoch 4: val_loss did not improve from 0.00800
train_data_hourly_pr_['ADAPTER_DE05.day07.merged.nc']_['ADAPTER_DE05.day01.merged.nc']_MM_6__spatiotemporal_128.256_2018-01-01T13_2022-12-31T23_no_na_land
Loading training data...
Data loaded!
mse_64_1e-05_1e-17_0.5_4_1_16_0.5_128_0.0_unet-att-s_day07
Training the model...

Epoch 1: val_loss improved from inf to 0.02952, saving model to /p/project1/cesmtst/patakchiyousefi1/HPT/mse_64_1e-05_1e-17_0.5_4_1_16_0.5_128_0.0_unet-att-s_day07.h5

Epoch 4: val_loss improved from 0.00261 to 0.00193, saving model to /p/project1/cesmtst/patakchiyousefi1/HPT/mse_64_0.0001_1e-17_0.5_4_8_16_0.5_128_0.0_unet-att-s_day07.h5

Epoch 3: val_loss improved from 0.02657 to 0.01711, saving model to /p/project1/cesmtst/patakchiyousefi1/HPT/mse_64_1e-05_1e-17_0.5_4_4_16_0.5_128_0.0_unet-att-s_day07.h5
train_data_hourly_pr_['ADAPTER_DE05.day07.merged.nc']_['ADAPTER_DE05.day01.merged.nc']_MM_6__spatiotemporal_128.256_2018-01-01T13_2022-12-31T23_no_na_land
Loading training data...
Data loaded!
mse_64_0.0001_1e-17_0.5_4_1_16_0.5_128_0.0_unet-att-s_day07
Training the model...

Epoch 1: val_loss improved from inf to 0.00305, saving model to /p/project1/cesmtst/patakchiyousefi1/HPT/mse_64_0.0001_1e-17_0.5_4_1_16_0.5_128_0.0_unet-att-s_day07.h5

Epoch 2: val_loss improved from 0.05798 to 0.03688, saving model to /p/project1/cesmtst/patakchiyousefi1/HPT/mse_64_1e-05_1e-17_0.5_4_2_16_0.5_128_0.0_unet-att-s_day07.h5

Epoch 5: val_loss did not improve from 0.00800

Epoch 5: val_loss improved from 0.00193 to 0.00151, saving model to /p/project1/cesmtst/patakchiyousefi1/HPT/mse_64_0.0001_1e-17_0.5_4_8_16_0.5_128_0.0_unet-att-s_day07.h5

Epoch 2: val_loss improved from 0.00149 to 0.00061, saving model to /p/project1/cesmtst/patakchiyousefi1/HPT/mse_64_0.0001_1e-17_0.5_4_2_16_0.5_128_0.0_unet-att-s_day07.h5

Epoch 3: val_loss improved from 0.00124 to 0.00070, saving model to /p/project1/cesmtst/patakchiyousefi1/HPT/mse_64_0.0001_1e-17_0.5_4_4_16_0.5_128_0.0_unet-att-s_day07.h5

Epoch 4: val_loss improved from 0.01711 to 0.01224, saving model to /p/project1/cesmtst/patakchiyousefi1/HPT/mse_64_1e-05_1e-17_0.5_4_4_16_0.5_128_0.0_unet-att-s_day07.h5

Epoch 6: val_loss did not improve from 0.00800
train_data_hourly_pr_['ADAPTER_DE05.day07.merged.nc']_['ADAPTER_DE05.day01.merged.nc']_MM_6__spatiotemporal_128.256_2018-01-01T13_2022-12-31T23_no_na_land
Loading training data...
Data loaded!
mse_64_0.001_1e-17_0.5_4_1_16_0.5_128_0.0_unet-att-s_day07
Training the model...

Epoch 1: val_loss improved from inf to 0.00022, saving model to /p/project1/cesmtst/patakchiyousefi1/HPT/mse_64_0.001_1e-17_0.5_4_1_16_0.5_128_0.0_unet-att-s_day07.h5

Epoch 2: val_loss improved from 0.00103 to 0.00047, saving model to /p/project1/cesmtst/patakchiyousefi1/HPT/mse_64_0.001_1e-17_0.5_4_2_16_0.5_128_0.0_unet-att-s_day07.h5

Epoch 6: val_loss improved from 0.00151 to 0.00122, saving model to /p/project1/cesmtst/patakchiyousefi1/HPT/mse_64_0.0001_1e-17_0.5_4_8_16_0.5_128_0.0_unet-att-s_day07.h5

Epoch 7: val_loss did not improve from 0.00800

Epoch 4: val_loss improved from 0.00070 to 0.00045, saving model to /p/project1/cesmtst/patakchiyousefi1/HPT/mse_64_0.0001_1e-17_0.5_4_4_16_0.5_128_0.0_unet-att-s_day07.h5

Epoch 3: val_loss improved from 0.03688 to 0.02401, saving model to /p/project1/cesmtst/patakchiyousefi1/HPT/mse_64_1e-05_1e-17_0.5_4_2_16_0.5_128_0.0_unet-att-s_day07.h5

Epoch 5: val_loss improved from 0.01224 to 0.00921, saving model to /p/project1/cesmtst/patakchiyousefi1/HPT/mse_64_1e-05_1e-17_0.5_4_4_16_0.5_128_0.0_unet-att-s_day07.h5

Epoch 7: val_loss improved from 0.00122 to 0.00101, saving model to /p/project1/cesmtst/patakchiyousefi1/HPT/mse_64_0.0001_1e-17_0.5_4_8_16_0.5_128_0.0_unet-att-s_day07.h5

Epoch 8: val_loss did not improve from 0.00800

Epoch 3: val_loss improved from 0.00061 to 0.00026, saving model to /p/project1/cesmtst/patakchiyousefi1/HPT/mse_64_0.0001_1e-17_0.5_4_2_16_0.5_128_0.0_unet-att-s_day07.h5

Epoch 8: val_loss improved from 0.00101 to 0.00085, saving model to /p/project1/cesmtst/patakchiyousefi1/HPT/mse_64_0.0001_1e-17_0.5_4_8_16_0.5_128_0.0_unet-att-s_day07.h5

Epoch 5: val_loss improved from 0.00045 to 0.00033, saving model to /p/project1/cesmtst/patakchiyousefi1/HPT/mse_64_0.0001_1e-17_0.5_4_4_16_0.5_128_0.0_unet-att-s_day07.h5

Epoch 9: val_loss did not improve from 0.00800

Epoch 3: val_loss did not improve from 0.00047

Epoch 2: val_loss improved from 0.02952 to 0.01229, saving model to /p/project1/cesmtst/patakchiyousefi1/HPT/mse_64_1e-05_1e-17_0.5_4_1_16_0.5_128_0.0_unet-att-s_day07.h5

Epoch 6: val_loss improved from 0.00921 to 0.00698, saving model to /p/project1/cesmtst/patakchiyousefi1/HPT/mse_64_1e-05_1e-17_0.5_4_4_16_0.5_128_0.0_unet-att-s_day07.h5

Epoch 9: val_loss improved from 0.00085 to 0.00070, saving model to /p/project1/cesmtst/patakchiyousefi1/HPT/mse_64_0.0001_1e-17_0.5_4_8_16_0.5_128_0.0_unet-att-s_day07.h5

Epoch 2: val_loss improved from 0.00305 to 0.00289, saving model to /p/project1/cesmtst/patakchiyousefi1/HPT/mse_64_0.0001_1e-17_0.5_4_1_16_0.5_128_0.0_unet-att-s_day07.h5

Epoch 10: val_loss did not improve from 0.00800

Epoch 10: val_loss improved from 0.00070 to 0.00057, saving model to /p/project1/cesmtst/patakchiyousefi1/HPT/mse_64_0.0001_1e-17_0.5_4_8_16_0.5_128_0.0_unet-att-s_day07.h5

Epoch 4: val_loss improved from 0.00026 to 0.00013, saving model to /p/project1/cesmtst/patakchiyousefi1/HPT/mse_64_0.0001_1e-17_0.5_4_2_16_0.5_128_0.0_unet-att-s_day07.h5

Epoch 11: val_loss did not improve from 0.00800

Epoch 7: val_loss improved from 0.00698 to 0.00549, saving model to /p/project1/cesmtst/patakchiyousefi1/HPT/mse_64_1e-05_1e-17_0.5_4_4_16_0.5_128_0.0_unet-att-s_day07.h5

Epoch 6: val_loss improved from 0.00033 to 0.00024, saving model to /p/project1/cesmtst/patakchiyousefi1/HPT/mse_64_0.0001_1e-17_0.5_4_4_16_0.5_128_0.0_unet-att-s_day07.h5

Epoch 2: val_loss did not improve from 0.00022

Epoch 11: val_loss improved from 0.00057 to 0.00046, saving model to /p/project1/cesmtst/patakchiyousefi1/HPT/mse_64_0.0001_1e-17_0.5_4_8_16_0.5_128_0.0_unet-att-s_day07.h5

Epoch 12: val_loss did not improve from 0.00800

Epoch 4: val_loss improved from 0.00047 to 0.00031, saving model to /p/project1/cesmtst/patakchiyousefi1/HPT/mse_64_0.001_1e-17_0.5_4_2_16_0.5_128_0.0_unet-att-s_day07.h5

Epoch 12: val_loss improved from 0.00046 to 0.00036, saving model to /p/project1/cesmtst/patakchiyousefi1/HPT/mse_64_0.0001_1e-17_0.5_4_8_16_0.5_128_0.0_unet-att-s_day07.h5

Epoch 4: val_loss improved from 0.02401 to 0.01661, saving model to /p/project1/cesmtst/patakchiyousefi1/HPT/mse_64_1e-05_1e-17_0.5_4_2_16_0.5_128_0.0_unet-att-s_day07.h5

Epoch 8: val_loss improved from 0.00549 to 0.00435, saving model to /p/project1/cesmtst/patakchiyousefi1/HPT/mse_64_1e-05_1e-17_0.5_4_4_16_0.5_128_0.0_unet-att-s_day07.h5

Epoch 13: val_loss did not improve from 0.00800

Epoch 7: val_loss improved from 0.00024 to 0.00018, saving model to /p/project1/cesmtst/patakchiyousefi1/HPT/mse_64_0.0001_1e-17_0.5_4_4_16_0.5_128_0.0_unet-att-s_day07.h5

Epoch 13: val_loss improved from 0.00036 to 0.00030, saving model to /p/project1/cesmtst/patakchiyousefi1/HPT/mse_64_0.0001_1e-17_0.5_4_8_16_0.5_128_0.0_unet-att-s_day07.h5

Epoch 5: val_loss improved from 0.00013 to 0.00011, saving model to /p/project1/cesmtst/patakchiyousefi1/HPT/mse_64_0.0001_1e-17_0.5_4_2_16_0.5_128_0.0_unet-att-s_day07.h5

Epoch 14: val_loss did not improve from 0.00800

Epoch 9: val_loss improved from 0.00435 to 0.00344, saving model to /p/project1/cesmtst/patakchiyousefi1/HPT/mse_64_1e-05_1e-17_0.5_4_4_16_0.5_128_0.0_unet-att-s_day07.h5

Epoch 3: val_loss improved from 0.01229 to 0.00596, saving model to /p/project1/cesmtst/patakchiyousefi1/HPT/mse_64_1e-05_1e-17_0.5_4_1_16_0.5_128_0.0_unet-att-s_day07.h5

Epoch 8: val_loss improved from 0.00018 to 0.00014, saving model to /p/project1/cesmtst/patakchiyousefi1/HPT/mse_64_0.0001_1e-17_0.5_4_4_16_0.5_128_0.0_unet-att-s_day07.h5

Epoch 14: val_loss improved from 0.00030 to 0.00024, saving model to /p/project1/cesmtst/patakchiyousefi1/HPT/mse_64_0.0001_1e-17_0.5_4_8_16_0.5_128_0.0_unet-att-s_day07.h5

Epoch 5: val_loss improved from 0.00031 to 0.00008, saving model to /p/project1/cesmtst/patakchiyousefi1/HPT/mse_64_0.001_1e-17_0.5_4_2_16_0.5_128_0.0_unet-att-s_day07.h5

Epoch 15: val_loss did not improve from 0.00800

Epoch 3: val_loss improved from 0.00289 to 0.00200, saving model to /p/project1/cesmtst/patakchiyousefi1/HPT/mse_64_0.0001_1e-17_0.5_4_1_16_0.5_128_0.0_unet-att-s_day07.h5

Epoch 5: val_loss improved from 0.01661 to 0.01274, saving model to /p/project1/cesmtst/patakchiyousefi1/HPT/mse_64_1e-05_1e-17_0.5_4_2_16_0.5_128_0.0_unet-att-s_day07.h5

Epoch 15: val_loss improved from 0.00024 to 0.00019, saving model to /p/project1/cesmtst/patakchiyousefi1/HPT/mse_64_0.0001_1e-17_0.5_4_8_16_0.5_128_0.0_unet-att-s_day07.h5

Epoch 16: val_loss did not improve from 0.00800

Epoch 10: val_loss improved from 0.00344 to 0.00275, saving model to /p/project1/cesmtst/patakchiyousefi1/HPT/mse_64_1e-05_1e-17_0.5_4_4_16_0.5_128_0.0_unet-att-s_day07.h5

Epoch 6: val_loss improved from 0.00011 to 0.00011, saving model to /p/project1/cesmtst/patakchiyousefi1/HPT/mse_64_0.0001_1e-17_0.5_4_2_16_0.5_128_0.0_unet-att-s_day07.h5

Epoch 16: val_loss improved from 0.00019 to 0.00015, saving model to /p/project1/cesmtst/patakchiyousefi1/HPT/mse_64_0.0001_1e-17_0.5_4_8_16_0.5_128_0.0_unet-att-s_day07.h5

Epoch 3: val_loss did not improve from 0.00022

Epoch 17: val_loss did not improve from 0.00800
Saving and plotting the results...

Epoch 9: val_loss improved from 0.00014 to 0.00012, saving model to /p/project1/cesmtst/patakchiyousefi1/HPT/mse_64_0.0001_1e-17_0.5_4_4_16_0.5_128_0.0_unet-att-s_day07.h5

Epoch 6: val_loss improved from 0.00008 to 0.00008, saving model to /p/project1/cesmtst/patakchiyousefi1/HPT/mse_64_0.001_1e-17_0.5_4_2_16_0.5_128_0.0_unet-att-s_day07.h5

Epoch 17: val_loss improved from 0.00015 to 0.00014, saving model to /p/project1/cesmtst/patakchiyousefi1/HPT/mse_64_0.0001_1e-17_0.5_4_8_16_0.5_128_0.0_unet-att-s_day07.h5

Epoch 11: val_loss improved from 0.00275 to 0.00228, saving model to /p/project1/cesmtst/patakchiyousefi1/HPT/mse_64_1e-05_1e-17_0.5_4_4_16_0.5_128_0.0_unet-att-s_day07.h5

Epoch 6: val_loss improved from 0.01274 to 0.01118, saving model to /p/project1/cesmtst/patakchiyousefi1/HPT/mse_64_1e-05_1e-17_0.5_4_2_16_0.5_128_0.0_unet-att-s_day07.h5

Epoch 18: val_loss improved from 0.00014 to 0.00013, saving model to /p/project1/cesmtst/patakchiyousefi1/HPT/mse_64_0.0001_1e-17_0.5_4_8_16_0.5_128_0.0_unet-att-s_day07.h5

Epoch 10: val_loss improved from 0.00012 to 0.00011, saving model to /p/project1/cesmtst/patakchiyousefi1/HPT/mse_64_0.0001_1e-17_0.5_4_4_16_0.5_128_0.0_unet-att-s_day07.h5

Epoch 12: val_loss improved from 0.00228 to 0.00194, saving model to /p/project1/cesmtst/patakchiyousefi1/HPT/mse_64_1e-05_1e-17_0.5_4_4_16_0.5_128_0.0_unet-att-s_day07.h5

Epoch 7: val_loss improved from 0.00011 to 0.00010, saving model to /p/project1/cesmtst/patakchiyousefi1/HPT/mse_64_0.0001_1e-17_0.5_4_2_16_0.5_128_0.0_unet-att-s_day07.h5

Epoch 4: val_loss improved from 0.00596 to 0.00252, saving model to /p/project1/cesmtst/patakchiyousefi1/HPT/mse_64_1e-05_1e-17_0.5_4_1_16_0.5_128_0.0_unet-att-s_day07.h5

Epoch 19: val_loss improved from 0.00013 to 0.00012, saving model to /p/project1/cesmtst/patakchiyousefi1/HPT/mse_64_0.0001_1e-17_0.5_4_8_16_0.5_128_0.0_unet-att-s_day07.h5

Epoch 4: val_loss improved from 0.00200 to 0.00008, saving model to /p/project1/cesmtst/patakchiyousefi1/HPT/mse_64_0.0001_1e-17_0.5_4_1_16_0.5_128_0.0_unet-att-s_day07.h5

Epoch 7: val_loss did not improve from 0.00008

Epoch 11: val_loss improved from 0.00011 to 0.00010, saving model to /p/project1/cesmtst/patakchiyousefi1/HPT/mse_64_0.0001_1e-17_0.5_4_4_16_0.5_128_0.0_unet-att-s_day07.h5

Epoch 13: val_loss improved from 0.00194 to 0.00164, saving model to /p/project1/cesmtst/patakchiyousefi1/HPT/mse_64_1e-05_1e-17_0.5_4_4_16_0.5_128_0.0_unet-att-s_day07.h5

Epoch 20: val_loss improved from 0.00012 to 0.00011, saving model to /p/project1/cesmtst/patakchiyousefi1/HPT/mse_64_0.0001_1e-17_0.5_4_8_16_0.5_128_0.0_unet-att-s_day07.h5

Epoch 7: val_loss improved from 0.01118 to 0.00946, saving model to /p/project1/cesmtst/patakchiyousefi1/HPT/mse_64_1e-05_1e-17_0.5_4_2_16_0.5_128_0.0_unet-att-s_day07.h5
train_data_hourly_pr_['ADAPTER_DE05.day07.merged.nc']_['ADAPTER_DE05.day01.merged.nc']_MM_6__spatiotemporal_128.256_2018-01-01T13_2022-12-31T23_no_na_land
Loading training data...
Data loaded!
mse_64_0.001_1e-17_0.5_4_8_16_0.5_128_0.0_unet-att-s_day07
Training the model...

Epoch 1: val_loss improved from inf to 0.00020, saving model to /p/project1/cesmtst/patakchiyousefi1/HPT/mse_64_0.001_1e-17_0.5_4_8_16_0.5_128_0.0_unet-att-s_day07.h5

Epoch 4: val_loss did not improve from 0.00022

Epoch 12: val_loss improved from 0.00010 to 0.00009, saving model to /p/project1/cesmtst/patakchiyousefi1/HPT/mse_64_0.0001_1e-17_0.5_4_4_16_0.5_128_0.0_unet-att-s_day07.h5

Epoch 21: val_loss improved from 0.00011 to 0.00010, saving model to /p/project1/cesmtst/patakchiyousefi1/HPT/mse_64_0.0001_1e-17_0.5_4_8_16_0.5_128_0.0_unet-att-s_day07.h5

Epoch 8: val_loss improved from 0.00010 to 0.00008, saving model to /p/project1/cesmtst/patakchiyousefi1/HPT/mse_64_0.0001_1e-17_0.5_4_2_16_0.5_128_0.0_unet-att-s_day07.h5

Epoch 2: val_loss did not improve from 0.00020

Epoch 14: val_loss improved from 0.00164 to 0.00132, saving model to /p/project1/cesmtst/patakchiyousefi1/HPT/mse_64_1e-05_1e-17_0.5_4_4_16_0.5_128_0.0_unet-att-s_day07.h5

Epoch 22: val_loss improved from 0.00010 to 0.00010, saving model to /p/project1/cesmtst/patakchiyousefi1/HPT/mse_64_0.0001_1e-17_0.5_4_8_16_0.5_128_0.0_unet-att-s_day07.h5

Epoch 8: val_loss did not improve from 0.00008

Epoch 3: val_loss did not improve from 0.00020

Epoch 13: val_loss improved from 0.00009 to 0.00009, saving model to /p/project1/cesmtst/patakchiyousefi1/HPT/mse_64_0.0001_1e-17_0.5_4_4_16_0.5_128_0.0_unet-att-s_day07.h5

Epoch 8: val_loss improved from 0.00946 to 0.00680, saving model to /p/project1/cesmtst/patakchiyousefi1/HPT/mse_64_1e-05_1e-17_0.5_4_2_16_0.5_128_0.0_unet-att-s_day07.h5

Epoch 23: val_loss improved from 0.00010 to 0.00009, saving model to /p/project1/cesmtst/patakchiyousefi1/HPT/mse_64_0.0001_1e-17_0.5_4_8_16_0.5_128_0.0_unet-att-s_day07.h5

Epoch 15: val_loss improved from 0.00132 to 0.00109, saving model to /p/project1/cesmtst/patakchiyousefi1/HPT/mse_64_1e-05_1e-17_0.5_4_4_16_0.5_128_0.0_unet-att-s_day07.h5

Epoch 4: val_loss did not improve from 0.00020

Epoch 5: val_loss improved from 0.00252 to 0.00106, saving model to /p/project1/cesmtst/patakchiyousefi1/HPT/mse_64_1e-05_1e-17_0.5_4_1_16_0.5_128_0.0_unet-att-s_day07.h5

Epoch 9: val_loss improved from 0.00008 to 0.00008, saving model to /p/project1/cesmtst/patakchiyousefi1/HPT/mse_64_0.0001_1e-17_0.5_4_2_16_0.5_128_0.0_unet-att-s_day07.h5

Epoch 24: val_loss did not improve from 0.00009

Epoch 14: val_loss improved from 0.00009 to 0.00008, saving model to /p/project1/cesmtst/patakchiyousefi1/HPT/mse_64_0.0001_1e-17_0.5_4_4_16_0.5_128_0.0_unet-att-s_day07.h5

Epoch 5: val_loss did not improve from 0.00020

Epoch 5: val_loss did not improve from 0.00008

Epoch 9: val_loss did not improve from 0.00008

Epoch 16: val_loss improved from 0.00109 to 0.00088, saving model to /p/project1/cesmtst/patakchiyousefi1/HPT/mse_64_1e-05_1e-17_0.5_4_4_16_0.5_128_0.0_unet-att-s_day07.h5

Epoch 25: val_loss did not improve from 0.00009

Epoch 6: val_loss did not improve from 0.00020

Epoch 15: val_loss improved from 0.00008 to 0.00008, saving model to /p/project1/cesmtst/patakchiyousefi1/HPT/mse_64_0.0001_1e-17_0.5_4_4_16_0.5_128_0.0_unet-att-s_day07.h5

Epoch 9: val_loss improved from 0.00680 to 0.00512, saving model to /p/project1/cesmtst/patakchiyousefi1/HPT/mse_64_1e-05_1e-17_0.5_4_2_16_0.5_128_0.0_unet-att-s_day07.h5

Epoch 26: val_loss did not improve from 0.00009

Epoch 5: val_loss did not improve from 0.00022

Epoch 7: val_loss did not improve from 0.00020

Epoch 17: val_loss improved from 0.00088 to 0.00077, saving model to /p/project1/cesmtst/patakchiyousefi1/HPT/mse_64_1e-05_1e-17_0.5_4_4_16_0.5_128_0.0_unet-att-s_day07.h5

Epoch 27: val_loss improved from 0.00009 to 0.00009, saving model to /p/project1/cesmtst/patakchiyousefi1/HPT/mse_64_0.0001_1e-17_0.5_4_8_16_0.5_128_0.0_unet-att-s_day07.h5

Epoch 8: val_loss did not improve from 0.00020

Epoch 16: val_loss improved from 0.00008 to 0.00008, saving model to /p/project1/cesmtst/patakchiyousefi1/HPT/mse_64_0.0001_1e-17_0.5_4_4_16_0.5_128_0.0_unet-att-s_day07.h5

Epoch 10: val_loss did not improve from 0.00008

Epoch 28: val_loss improved from 0.00009 to 0.00008, saving model to /p/project1/cesmtst/patakchiyousefi1/HPT/mse_64_0.0001_1e-17_0.5_4_8_16_0.5_128_0.0_unet-att-s_day07.h5

Epoch 18: val_loss improved from 0.00077 to 0.00069, saving model to /p/project1/cesmtst/patakchiyousefi1/HPT/mse_64_1e-05_1e-17_0.5_4_4_16_0.5_128_0.0_unet-att-s_day07.h5

Epoch 9: val_loss did not improve from 0.00020

Epoch 29: val_loss did not improve from 0.00008

Epoch 17: val_loss improved from 0.00008 to 0.00007, saving model to /p/project1/cesmtst/patakchiyousefi1/HPT/mse_64_0.0001_1e-17_0.5_4_4_16_0.5_128_0.0_unet-att-s_day07.h5

Epoch 10: val_loss improved from 0.00008 to 0.00007, saving model to /p/project1/cesmtst/patakchiyousefi1/HPT/mse_64_0.0001_1e-17_0.5_4_2_16_0.5_128_0.0_unet-att-s_day07.h5

Epoch 6: val_loss improved from 0.00106 to 0.00078, saving model to /p/project1/cesmtst/patakchiyousefi1/HPT/mse_64_1e-05_1e-17_0.5_4_1_16_0.5_128_0.0_unet-att-s_day07.h5

Epoch 10: val_loss did not improve from 0.00020

Epoch 6: val_loss did not improve from 0.00008

Epoch 30: val_loss improved from 0.00008 to 0.00008, saving model to /p/project1/cesmtst/patakchiyousefi1/HPT/mse_64_0.0001_1e-17_0.5_4_8_16_0.5_128_0.0_unet-att-s_day07.h5

Epoch 11: val_loss did not improve from 0.00020

Epoch 11: val_loss did not improve from 0.00008

Epoch 18: val_loss improved from 0.00007 to 0.00007, saving model to /p/project1/cesmtst/patakchiyousefi1/HPT/mse_64_0.0001_1e-17_0.5_4_4_16_0.5_128_0.0_unet-att-s_day07.h5

Epoch 19: val_loss improved from 0.00069 to 0.00063, saving model to /p/project1/cesmtst/patakchiyousefi1/HPT/mse_64_1e-05_1e-17_0.5_4_4_16_0.5_128_0.0_unet-att-s_day07.h5

Epoch 10: val_loss improved from 0.00512 to 0.00441, saving model to /p/project1/cesmtst/patakchiyousefi1/HPT/mse_64_1e-05_1e-17_0.5_4_2_16_0.5_128_0.0_unet-att-s_day07.h5

Epoch 31: val_loss improved from 0.00008 to 0.00008, saving model to /p/project1/cesmtst/patakchiyousefi1/HPT/mse_64_0.0001_1e-17_0.5_4_8_16_0.5_128_0.0_unet-att-s_day07.h5

Epoch 6: val_loss did not improve from 0.00022

Epoch 12: val_loss did not improve from 0.00020

Epoch 11: val_loss did not improve from 0.00007

Epoch 19: val_loss did not improve from 0.00007

Epoch 20: val_loss improved from 0.00063 to 0.00061, saving model to /p/project1/cesmtst/patakchiyousefi1/HPT/mse_64_1e-05_1e-17_0.5_4_4_16_0.5_128_0.0_unet-att-s_day07.h5

Epoch 32: val_loss did not improve from 0.00008

Epoch 13: val_loss did not improve from 0.00020

Epoch 12: val_loss did not improve from 0.00008

Epoch 33: val_loss did not improve from 0.00008

Epoch 14: val_loss did not improve from 0.00020

Epoch 11: val_loss improved from 0.00441 to 0.00335, saving model to /p/project1/cesmtst/patakchiyousefi1/HPT/mse_64_1e-05_1e-17_0.5_4_2_16_0.5_128_0.0_unet-att-s_day07.h5

Epoch 20: val_loss did not improve from 0.00007

Epoch 21: val_loss improved from 0.00061 to 0.00054, saving model to /p/project1/cesmtst/patakchiyousefi1/HPT/mse_64_1e-05_1e-17_0.5_4_4_16_0.5_128_0.0_unet-att-s_day07.h5

Epoch 7: val_loss improved from 0.00078 to 0.00072, saving model to /p/project1/cesmtst/patakchiyousefi1/HPT/mse_64_1e-05_1e-17_0.5_4_1_16_0.5_128_0.0_unet-att-s_day07.h5

Epoch 34: val_loss did not improve from 0.00008

Epoch 15: val_loss did not improve from 0.00020

Epoch 12: val_loss did not improve from 0.00007

Epoch 7: val_loss did not improve from 0.00008

Epoch 35: val_loss improved from 0.00008 to 0.00008, saving model to /p/project1/cesmtst/patakchiyousefi1/HPT/mse_64_0.0001_1e-17_0.5_4_8_16_0.5_128_0.0_unet-att-s_day07.h5

Epoch 16: val_loss did not improve from 0.00020

Epoch 21: val_loss did not improve from 0.00007

Epoch 13: val_loss did not improve from 0.00008

Epoch 36: val_loss improved from 0.00008 to 0.00007, saving model to /p/project1/cesmtst/patakchiyousefi1/HPT/mse_64_0.0001_1e-17_0.5_4_8_16_0.5_128_0.0_unet-att-s_day07.h5

Epoch 7: val_loss did not improve from 0.00022

Epoch 22: val_loss improved from 0.00054 to 0.00051, saving model to /p/project1/cesmtst/patakchiyousefi1/HPT/mse_64_1e-05_1e-17_0.5_4_4_16_0.5_128_0.0_unet-att-s_day07.h5

Epoch 17: val_loss did not improve from 0.00020
Saving and plotting the results...

Epoch 22: val_loss did not improve from 0.00007

Epoch 37: val_loss improved from 0.00007 to 0.00007, saving model to /p/project1/cesmtst/patakchiyousefi1/HPT/mse_64_0.0001_1e-17_0.5_4_8_16_0.5_128_0.0_unet-att-s_day07.h5

Epoch 13: val_loss did not improve from 0.00007

Epoch 38: val_loss improved from 0.00007 to 0.00007, saving model to /p/project1/cesmtst/patakchiyousefi1/HPT/mse_64_0.0001_1e-17_0.5_4_8_16_0.5_128_0.0_unet-att-s_day07.h5

Epoch 23: val_loss did not improve from 0.00007

Epoch 14: val_loss did not improve from 0.00008

Epoch 12: val_loss improved from 0.00335 to 0.00202, saving model to /p/project1/cesmtst/patakchiyousefi1/HPT/mse_64_1e-05_1e-17_0.5_4_2_16_0.5_128_0.0_unet-att-s_day07.h5

Epoch 23: val_loss improved from 0.00051 to 0.00046, saving model to /p/project1/cesmtst/patakchiyousefi1/HPT/mse_64_1e-05_1e-17_0.5_4_4_16_0.5_128_0.0_unet-att-s_day07.h5

Epoch 39: val_loss did not improve from 0.00007

Epoch 8: val_loss did not improve from 0.00072

Epoch 8: val_loss improved from 0.00008 to 0.00007, saving model to /p/project1/cesmtst/patakchiyousefi1/HPT/mse_64_0.0001_1e-17_0.5_4_1_16_0.5_128_0.0_unet-att-s_day07.h5

Epoch 14: val_loss improved from 0.00007 to 0.00007, saving model to /p/project1/cesmtst/patakchiyousefi1/HPT/mse_64_0.0001_1e-17_0.5_4_2_16_0.5_128_0.0_unet-att-s_day07.h5

Epoch 40: val_loss improved from 0.00007 to 0.00007, saving model to /p/project1/cesmtst/patakchiyousefi1/HPT/mse_64_0.0001_1e-17_0.5_4_8_16_0.5_128_0.0_unet-att-s_day07.h5

Epoch 24: val_loss improved from 0.00007 to 0.00007, saving model to /p/project1/cesmtst/patakchiyousefi1/HPT/mse_64_0.0001_1e-17_0.5_4_4_16_0.5_128_0.0_unet-att-s_day07.h5

Epoch 24: val_loss improved from 0.00046 to 0.00040, saving model to /p/project1/cesmtst/patakchiyousefi1/HPT/mse_64_1e-05_1e-17_0.5_4_4_16_0.5_128_0.0_unet-att-s_day07.h5

Epoch 41: val_loss improved from 0.00007 to 0.00007, saving model to /p/project1/cesmtst/patakchiyousefi1/HPT/mse_64_0.0001_1e-17_0.5_4_8_16_0.5_128_0.0_unet-att-s_day07.h5
train_data_hourly_pr_['ADAPTER_DE05.day07.merged.nc']_['ADAPTER_DE05.day01.merged.nc']_MM_6__spatiotemporal_128.256_2018-01-01T13_2022-12-31T23_no_na_land
Loading training data...
Data loaded!
mse_64_0.01_1e-17_0.5_4_8_16_0.5_128_0.0_unet-att-s_day07
Training the model...

Epoch 1: val_loss improved from inf to 0.00028, saving model to /p/project1/cesmtst/patakchiyousefi1/HPT/mse_64_0.01_1e-17_0.5_4_8_16_0.5_128_0.0_unet-att-s_day07.h5

Epoch 15: val_loss did not improve from 0.00008

Epoch 13: val_loss improved from 0.00202 to 0.00131, saving model to /p/project1/cesmtst/patakchiyousefi1/HPT/mse_64_1e-05_1e-17_0.5_4_2_16_0.5_128_0.0_unet-att-s_day07.h5

Epoch 8: val_loss did not improve from 0.00022

Epoch 25: val_loss improved from 0.00007 to 0.00007, saving model to /p/project1/cesmtst/patakchiyousefi1/HPT/mse_64_0.0001_1e-17_0.5_4_4_16_0.5_128_0.0_unet-att-s_day07.h5

Epoch 42: val_loss did not improve from 0.00007

Epoch 25: val_loss improved from 0.00040 to 0.00037, saving model to /p/project1/cesmtst/patakchiyousefi1/HPT/mse_64_1e-05_1e-17_0.5_4_4_16_0.5_128_0.0_unet-att-s_day07.h5

Epoch 2: val_loss did not improve from 0.00028

Epoch 15: val_loss did not improve from 0.00007

Epoch 43: val_loss did not improve from 0.00007

Epoch 26: val_loss improved from 0.00007 to 0.00007, saving model to /p/project1/cesmtst/patakchiyousefi1/HPT/mse_64_0.0001_1e-17_0.5_4_4_16_0.5_128_0.0_unet-att-s_day07.h5

Epoch 26: val_loss improved from 0.00037 to 0.00035, saving model to /p/project1/cesmtst/patakchiyousefi1/HPT/mse_64_1e-05_1e-17_0.5_4_4_16_0.5_128_0.0_unet-att-s_day07.h5

Epoch 3: val_loss improved from 0.00028 to 0.00027, saving model to /p/project1/cesmtst/patakchiyousefi1/HPT/mse_64_0.01_1e-17_0.5_4_8_16_0.5_128_0.0_unet-att-s_day07.h5

Epoch 44: val_loss did not improve from 0.00007

Epoch 16: val_loss did not improve from 0.00008

Epoch 14: val_loss improved from 0.00131 to 0.00081, saving model to /p/project1/cesmtst/patakchiyousefi1/HPT/mse_64_1e-05_1e-17_0.5_4_2_16_0.5_128_0.0_unet-att-s_day07.h5

Epoch 9: val_loss did not improve from 0.00072

Epoch 45: val_loss did not improve from 0.00007

Epoch 27: val_loss improved from 0.00007 to 0.00007, saving model to /p/project1/cesmtst/patakchiyousefi1/HPT/mse_64_0.0001_1e-17_0.5_4_4_16_0.5_128_0.0_unet-att-s_day07.h5

Epoch 4: val_loss did not improve from 0.00027

Epoch 9: val_loss improved from 0.00007 to 0.00007, saving model to /p/project1/cesmtst/patakchiyousefi1/HPT/mse_64_0.0001_1e-17_0.5_4_1_16_0.5_128_0.0_unet-att-s_day07.h5

Epoch 27: val_loss improved from 0.00035 to 0.00033, saving model to /p/project1/cesmtst/patakchiyousefi1/HPT/mse_64_1e-05_1e-17_0.5_4_4_16_0.5_128_0.0_unet-att-s_day07.h5

Epoch 16: val_loss did not improve from 0.00007

Epoch 46: val_loss improved from 0.00007 to 0.00007, saving model to /p/project1/cesmtst/patakchiyousefi1/HPT/mse_64_0.0001_1e-17_0.5_4_8_16_0.5_128_0.0_unet-att-s_day07.h5

Epoch 5: val_loss improved from 0.00027 to 0.00021, saving model to /p/project1/cesmtst/patakchiyousefi1/HPT/mse_64_0.01_1e-17_0.5_4_8_16_0.5_128_0.0_unet-att-s_day07.h5

Epoch 28: val_loss improved from 0.00007 to 0.00007, saving model to /p/project1/cesmtst/patakchiyousefi1/HPT/mse_64_0.0001_1e-17_0.5_4_4_16_0.5_128_0.0_unet-att-s_day07.h5

Epoch 9: val_loss did not improve from 0.00022

Epoch 17: val_loss did not improve from 0.00008

Epoch 15: val_loss improved from 0.00081 to 0.00061, saving model to /p/project1/cesmtst/patakchiyousefi1/HPT/mse_64_1e-05_1e-17_0.5_4_2_16_0.5_128_0.0_unet-att-s_day07.h5

Epoch 28: val_loss improved from 0.00033 to 0.00032, saving model to /p/project1/cesmtst/patakchiyousefi1/HPT/mse_64_1e-05_1e-17_0.5_4_4_16_0.5_128_0.0_unet-att-s_day07.h5

Epoch 47: val_loss did not improve from 0.00007

Epoch 6: val_loss improved from 0.00021 to 0.00014, saving model to /p/project1/cesmtst/patakchiyousefi1/HPT/mse_64_0.01_1e-17_0.5_4_8_16_0.5_128_0.0_unet-att-s_day07.h5

Epoch 48: val_loss did not improve from 0.00007

Epoch 29: val_loss improved from 0.00007 to 0.00007, saving model to /p/project1/cesmtst/patakchiyousefi1/HPT/mse_64_0.0001_1e-17_0.5_4_4_16_0.5_128_0.0_unet-att-s_day07.h5

Epoch 7: val_loss improved from 0.00014 to 0.00012, saving model to /p/project1/cesmtst/patakchiyousefi1/HPT/mse_64_0.01_1e-17_0.5_4_8_16_0.5_128_0.0_unet-att-s_day07.h5

Epoch 17: val_loss improved from 0.00007 to 0.00007, saving model to /p/project1/cesmtst/patakchiyousefi1/HPT/mse_64_0.0001_1e-17_0.5_4_2_16_0.5_128_0.0_unet-att-s_day07.h5

Epoch 49: val_loss did not improve from 0.00007

Epoch 8: val_loss improved from 0.00012 to 0.00012, saving model to /p/project1/cesmtst/patakchiyousefi1/HPT/mse_64_0.01_1e-17_0.5_4_8_16_0.5_128_0.0_unet-att-s_day07.h5

Epoch 29: val_loss improved from 0.00032 to 0.00030, saving model to /p/project1/cesmtst/patakchiyousefi1/HPT/mse_64_1e-05_1e-17_0.5_4_4_16_0.5_128_0.0_unet-att-s_day07.h5

Epoch 10: val_loss did not improve from 0.00072

Epoch 18: val_loss did not improve from 0.00008

Epoch 16: val_loss improved from 0.00061 to 0.00043, saving model to /p/project1/cesmtst/patakchiyousefi1/HPT/mse_64_1e-05_1e-17_0.5_4_2_16_0.5_128_0.0_unet-att-s_day07.h5

Epoch 30: val_loss improved from 0.00007 to 0.00007, saving model to /p/project1/cesmtst/patakchiyousefi1/HPT/mse_64_0.0001_1e-17_0.5_4_4_16_0.5_128_0.0_unet-att-s_day07.h5

Epoch 50: val_loss did not improve from 0.00007

Epoch 9: val_loss improved from 0.00012 to 0.00011, saving model to /p/project1/cesmtst/patakchiyousefi1/HPT/mse_64_0.01_1e-17_0.5_4_8_16_0.5_128_0.0_unet-att-s_day07.h5

Epoch 10: val_loss did not improve from 0.00007

Epoch 51: val_loss did not improve from 0.00007

Epoch 30: val_loss improved from 0.00030 to 0.00026, saving model to /p/project1/cesmtst/patakchiyousefi1/HPT/mse_64_1e-05_1e-17_0.5_4_4_16_0.5_128_0.0_unet-att-s_day07.h5

Epoch 10: val_loss improved from 0.00011 to 0.00010, saving model to /p/project1/cesmtst/patakchiyousefi1/HPT/mse_64_0.01_1e-17_0.5_4_8_16_0.5_128_0.0_unet-att-s_day07.h5

Epoch 18: val_loss improved from 0.00007 to 0.00007, saving model to /p/project1/cesmtst/patakchiyousefi1/HPT/mse_64_0.0001_1e-17_0.5_4_2_16_0.5_128_0.0_unet-att-s_day07.h5

Epoch 31: val_loss did not improve from 0.00007

Epoch 10: val_loss did not improve from 0.00022

Epoch 52: val_loss did not improve from 0.00007

Epoch 11: val_loss improved from 0.00010 to 0.00009, saving model to /p/project1/cesmtst/patakchiyousefi1/HPT/mse_64_0.01_1e-17_0.5_4_8_16_0.5_128_0.0_unet-att-s_day07.h5

Epoch 19: val_loss did not improve from 0.00008

Epoch 17: val_loss improved from 0.00043 to 0.00038, saving model to /p/project1/cesmtst/patakchiyousefi1/HPT/mse_64_1e-05_1e-17_0.5_4_2_16_0.5_128_0.0_unet-att-s_day07.h5

Epoch 31: val_loss improved from 0.00026 to 0.00025, saving model to /p/project1/cesmtst/patakchiyousefi1/HPT/mse_64_1e-05_1e-17_0.5_4_4_16_0.5_128_0.0_unet-att-s_day07.h5

Epoch 53: val_loss did not improve from 0.00007

Epoch 32: val_loss improved from 0.00007 to 0.00007, saving model to /p/project1/cesmtst/patakchiyousefi1/HPT/mse_64_0.0001_1e-17_0.5_4_4_16_0.5_128_0.0_unet-att-s_day07.h5

Epoch 12: val_loss did not improve from 0.00009

Epoch 54: val_loss did not improve from 0.00007

Epoch 19: val_loss improved from 0.00007 to 0.00007, saving model to /p/project1/cesmtst/patakchiyousefi1/HPT/mse_64_0.0001_1e-17_0.5_4_2_16_0.5_128_0.0_unet-att-s_day07.h5

Epoch 32: val_loss improved from 0.00025 to 0.00022, saving model to /p/project1/cesmtst/patakchiyousefi1/HPT/mse_64_1e-05_1e-17_0.5_4_4_16_0.5_128_0.0_unet-att-s_day07.h5

Epoch 33: val_loss did not improve from 0.00007

Epoch 13: val_loss did not improve from 0.00009

Epoch 11: val_loss did not improve from 0.00072

Epoch 55: val_loss did not improve from 0.00007

Epoch 20: val_loss did not improve from 0.00008

Epoch 18: val_loss improved from 0.00038 to 0.00037, saving model to /p/project1/cesmtst/patakchiyousefi1/HPT/mse_64_1e-05_1e-17_0.5_4_2_16_0.5_128_0.0_unet-att-s_day07.h5

Epoch 14: val_loss improved from 0.00009 to 0.00009, saving model to /p/project1/cesmtst/patakchiyousefi1/HPT/mse_64_0.01_1e-17_0.5_4_8_16_0.5_128_0.0_unet-att-s_day07.h5

Epoch 56: val_loss did not improve from 0.00007

Epoch 33: val_loss improved from 0.00022 to 0.00021, saving model to /p/project1/cesmtst/patakchiyousefi1/HPT/mse_64_1e-05_1e-17_0.5_4_4_16_0.5_128_0.0_unet-att-s_day07.h5

Epoch 34: val_loss did not improve from 0.00007

Epoch 15: val_loss improved from 0.00009 to 0.00009, saving model to /p/project1/cesmtst/patakchiyousefi1/HPT/mse_64_0.01_1e-17_0.5_4_8_16_0.5_128_0.0_unet-att-s_day07.h5

Epoch 57: val_loss did not improve from 0.00007

Epoch 20: val_loss improved from 0.00007 to 0.00007, saving model to /p/project1/cesmtst/patakchiyousefi1/HPT/mse_64_0.0001_1e-17_0.5_4_2_16_0.5_128_0.0_unet-att-s_day07.h5

Epoch 16: val_loss did not improve from 0.00009

Epoch 35: val_loss did not improve from 0.00007

Epoch 58: val_loss did not improve from 0.00007

Epoch 21: val_loss did not improve from 0.00008

Epoch 19: val_loss improved from 0.00037 to 0.00031, saving model to /p/project1/cesmtst/patakchiyousefi1/HPT/mse_64_1e-05_1e-17_0.5_4_2_16_0.5_128_0.0_unet-att-s_day07.h5

Epoch 34: val_loss did not improve from 0.00021

Epoch 17: val_loss did not improve from 0.00009

Epoch 59: val_loss did not improve from 0.00007

Epoch 11: val_loss did not improve from 0.00007

Epoch 36: val_loss did not improve from 0.00007

Epoch 18: val_loss did not improve from 0.00009

Epoch 60: val_loss did not improve from 0.00007

Epoch 21: val_loss did not improve from 0.00007

Epoch 12: val_loss did not improve from 0.00072

Epoch 35: val_loss improved from 0.00021 to 0.00020, saving model to /p/project1/cesmtst/patakchiyousefi1/HPT/mse_64_1e-05_1e-17_0.5_4_4_16_0.5_128_0.0_unet-att-s_day07.h5

Epoch 11: val_loss did not improve from 0.00022

Epoch 61: val_loss did not improve from 0.00007

Epoch 19: val_loss did not improve from 0.00009

Epoch 22: val_loss did not improve from 0.00008
Saving and plotting the results...

Epoch 37: val_loss improved from 0.00007 to 0.00007, saving model to /p/project1/cesmtst/patakchiyousefi1/HPT/mse_64_0.0001_1e-17_0.5_4_4_16_0.5_128_0.0_unet-att-s_day07.h5

Epoch 20: val_loss did not improve from 0.00031

Epoch 62: val_loss did not improve from 0.00007
Saving and plotting the results...

Epoch 36: val_loss did not improve from 0.00020

Epoch 20: val_loss improved from 0.00009 to 0.00008, saving model to /p/project1/cesmtst/patakchiyousefi1/HPT/mse_64_0.01_1e-17_0.5_4_8_16_0.5_128_0.0_unet-att-s_day07.h5

Epoch 38: val_loss improved from 0.00007 to 0.00007, saving model to /p/project1/cesmtst/patakchiyousefi1/HPT/mse_64_0.0001_1e-17_0.5_4_4_16_0.5_128_0.0_unet-att-s_day07.h5

Epoch 21: val_loss did not improve from 0.00008

Epoch 21: val_loss improved from 0.00031 to 0.00029, saving model to /p/project1/cesmtst/patakchiyousefi1/HPT/mse_64_1e-05_1e-17_0.5_4_2_16_0.5_128_0.0_unet-att-s_day07.h5

Epoch 22: val_loss did not improve from 0.00008

Epoch 37: val_loss did not improve from 0.00020

Epoch 12: val_loss did not improve from 0.00007

Epoch 22: val_loss did not improve from 0.00007

Epoch 23: val_loss did not improve from 0.00008

Epoch 13: val_loss did not improve from 0.00072

Epoch 39: val_loss did not improve from 0.00007

Epoch 12: val_loss did not improve from 0.00022

Epoch 24: val_loss did not improve from 0.00008

Epoch 22: val_loss improved from 0.00029 to 0.00029, saving model to /p/project1/cesmtst/patakchiyousefi1/HPT/mse_64_1e-05_1e-17_0.5_4_2_16_0.5_128_0.0_unet-att-s_day07.h5

Epoch 40: val_loss did not improve from 0.00007

Epoch 38: val_loss improved from 0.00020 to 0.00018, saving model to /p/project1/cesmtst/patakchiyousefi1/HPT/mse_64_1e-05_1e-17_0.5_4_4_16_0.5_128_0.0_unet-att-s_day07.h5

Epoch 25: val_loss did not improve from 0.00008
train_data_hourly_pr_['ADAPTER_DE05.day07.merged.nc']_['ADAPTER_DE05.day01.merged.nc']_MM_6__spatiotemporal_128.256_2018-01-01T13_2022-12-31T23_no_na_land
Loading training data...
Data loaded!
mse_64_0.01_1e-17_0.5_4_2_16_0.5_128_0.0_unet-att-s_day07
Training the model...

Epoch 1: val_loss improved from inf to 0.00023, saving model to /p/project1/cesmtst/patakchiyousefi1/HPT/mse_64_0.01_1e-17_0.5_4_2_16_0.5_128_0.0_unet-att-s_day07.h5

Epoch 23: val_loss did not improve from 0.00007

Epoch 26: val_loss did not improve from 0.00008

Epoch 41: val_loss did not improve from 0.00007

Epoch 39: val_loss did not improve from 0.00018

Epoch 27: val_loss did not improve from 0.00008

Epoch 13: val_loss did not improve from 0.00007

Epoch 23: val_loss improved from 0.00029 to 0.00028, saving model to /p/project1/cesmtst/patakchiyousefi1/HPT/mse_64_1e-05_1e-17_0.5_4_2_16_0.5_128_0.0_unet-att-s_day07.h5

Epoch 28: val_loss did not improve from 0.00008

Epoch 2: val_loss did not improve from 0.00023

Epoch 42: val_loss did not improve from 0.00007

Epoch 40: val_loss did not improve from 0.00018
train_data_hourly_pr_['ADAPTER_DE05.day07.merged.nc']_['ADAPTER_DE05.day01.merged.nc']_MM_6__spatiotemporal_128.256_2018-01-01T13_2022-12-31T23_no_na_land
Loading training data...
Data loaded!
mse_64_0.01_1e-17_0.5_4_1_16_0.5_128_0.0_unet-att-s_day07
Training the model...

Epoch 1: val_loss improved from inf to 0.00019, saving model to /p/project1/cesmtst/patakchiyousefi1/HPT/mse_64_0.01_1e-17_0.5_4_1_16_0.5_128_0.0_unet-att-s_day07.h5

Epoch 24: val_loss did not improve from 0.00007

Epoch 29: val_loss did not improve from 0.00008

Epoch 13: val_loss did not improve from 0.00022

Epoch 43: val_loss did not improve from 0.00007

Epoch 41: val_loss did not improve from 0.00018

Epoch 30: val_loss did not improve from 0.00008

Epoch 24: val_loss improved from 0.00028 to 0.00027, saving model to /p/project1/cesmtst/patakchiyousefi1/HPT/mse_64_1e-05_1e-17_0.5_4_2_16_0.5_128_0.0_unet-att-s_day07.h5

Epoch 3: val_loss did not improve from 0.00023

Epoch 31: val_loss did not improve from 0.00008

Epoch 44: val_loss did not improve from 0.00007

Epoch 42: val_loss did not improve from 0.00018

Epoch 14: val_loss did not improve from 0.00072

Epoch 32: val_loss did not improve from 0.00008

Epoch 45: val_loss did not improve from 0.00007

Epoch 43: val_loss did not improve from 0.00018

Epoch 33: val_loss did not improve from 0.00008

Epoch 4: val_loss improved from 0.00023 to 0.00014, saving model to /p/project1/cesmtst/patakchiyousefi1/HPT/mse_64_0.01_1e-17_0.5_4_2_16_0.5_128_0.0_unet-att-s_day07.h5

Epoch 25: val_loss improved from 0.00007 to 0.00007, saving model to /p/project1/cesmtst/patakchiyousefi1/HPT/mse_64_0.0001_1e-17_0.5_4_2_16_0.5_128_0.0_unet-att-s_day07.h5

Epoch 34: val_loss did not improve from 0.00008

Epoch 46: val_loss did not improve from 0.00007

Epoch 44: val_loss did not improve from 0.00018

Epoch 35: val_loss did not improve from 0.00008

Epoch 25: val_loss did not improve from 0.00027

Epoch 47: val_loss did not improve from 0.00007

Epoch 36: val_loss did not improve from 0.00008
Saving and plotting the results...

Epoch 45: val_loss did not improve from 0.00018

Epoch 14: val_loss improved from 0.00007 to 0.00007, saving model to /p/project1/cesmtst/patakchiyousefi1/HPT/mse_64_0.0001_1e-17_0.5_4_1_16_0.5_128_0.0_unet-att-s_day07.h5

Epoch 5: val_loss improved from 0.00014 to 0.00012, saving model to /p/project1/cesmtst/patakchiyousefi1/HPT/mse_64_0.01_1e-17_0.5_4_2_16_0.5_128_0.0_unet-att-s_day07.h5

Epoch 2: val_loss improved from 0.00019 to 0.00019, saving model to /p/project1/cesmtst/patakchiyousefi1/HPT/mse_64_0.01_1e-17_0.5_4_1_16_0.5_128_0.0_unet-att-s_day07.h5

Epoch 26: val_loss improved from 0.00007 to 0.00007, saving model to /p/project1/cesmtst/patakchiyousefi1/HPT/mse_64_0.0001_1e-17_0.5_4_2_16_0.5_128_0.0_unet-att-s_day07.h5

Epoch 15: val_loss did not improve from 0.00072

Epoch 48: val_loss did not improve from 0.00007

Epoch 46: val_loss did not improve from 0.00018

Epoch 14: val_loss did not improve from 0.00022

Epoch 6: val_loss did not improve from 0.00012

Epoch 27: val_loss did not improve from 0.00007

Epoch 49: val_loss did not improve from 0.00007

Epoch 47: val_loss did not improve from 0.00018

Epoch 26: val_loss improved from 0.00027 to 0.00025, saving model to /p/project1/cesmtst/patakchiyousefi1/HPT/mse_64_1e-05_1e-17_0.5_4_2_16_0.5_128_0.0_unet-att-s_day07.h5
train_data_hourly_pr_['ADAPTER_DE05.day07.merged.nc']_['ADAPTER_DE05.day01.merged.nc']_MM_6__spatiotemporal_128.256_2018-01-01T13_2022-12-31T23_no_na_land
Loading training data...
Data loaded!
mse_64_0.001_1e-17_0.5_4_4_16_0.5_128_0.0_unet-att-s_day07
Training the model...

Epoch 1: val_loss improved from inf to 0.00116, saving model to /p/project1/cesmtst/patakchiyousefi1/HPT/mse_64_0.001_1e-17_0.5_4_4_16_0.5_128_0.0_unet-att-s_day07.h5

Epoch 15: val_loss did not improve from 0.00007

Epoch 3: val_loss did not improve from 0.00019

Epoch 50: val_loss did not improve from 0.00007

Epoch 7: val_loss did not improve from 0.00012

Epoch 48: val_loss did not improve from 0.00018

Epoch 28: val_loss did not improve from 0.00007

Epoch 16: val_loss improved from 0.00072 to 0.00032, saving model to /p/project1/cesmtst/patakchiyousefi1/HPT/mse_64_1e-05_1e-17_0.5_4_1_16_0.5_128_0.0_unet-att-s_day07.h5

Epoch 15: val_loss did not improve from 0.00022

Epoch 27: val_loss improved from 0.00025 to 0.00024, saving model to /p/project1/cesmtst/patakchiyousefi1/HPT/mse_64_1e-05_1e-17_0.5_4_2_16_0.5_128_0.0_unet-att-s_day07.h5

Epoch 2: val_loss improved from 0.00116 to 0.00038, saving model to /p/project1/cesmtst/patakchiyousefi1/HPT/mse_64_0.001_1e-17_0.5_4_4_16_0.5_128_0.0_unet-att-s_day07.h5

Epoch 51: val_loss did not improve from 0.00007

Epoch 49: val_loss did not improve from 0.00018

Epoch 8: val_loss did not improve from 0.00012

Epoch 29: val_loss did not improve from 0.00007

Epoch 3: val_loss improved from 0.00038 to 0.00020, saving model to /p/project1/cesmtst/patakchiyousefi1/HPT/mse_64_0.001_1e-17_0.5_4_4_16_0.5_128_0.0_unet-att-s_day07.h5

Epoch 52: val_loss did not improve from 0.00007

Epoch 50: val_loss did not improve from 0.00018

Epoch 4: val_loss improved from 0.00020 to 0.00013, saving model to /p/project1/cesmtst/patakchiyousefi1/HPT/mse_64_0.001_1e-17_0.5_4_4_16_0.5_128_0.0_unet-att-s_day07.h5

Epoch 53: val_loss did not improve from 0.00007

Epoch 16: val_loss did not improve from 0.00007

Epoch 4: val_loss did not improve from 0.00019

Epoch 17: val_loss did not improve from 0.00032

Epoch 9: val_loss did not improve from 0.00012

Epoch 30: val_loss did not improve from 0.00007

Epoch 51: val_loss did not improve from 0.00018

Epoch 5: val_loss improved from 0.00013 to 0.00011, saving model to /p/project1/cesmtst/patakchiyousefi1/HPT/mse_64_0.001_1e-17_0.5_4_4_16_0.5_128_0.0_unet-att-s_day07.h5

Epoch 16: val_loss did not improve from 0.00022

Epoch 28: val_loss did not improve from 0.00024

Epoch 54: val_loss did not improve from 0.00007
Saving and plotting the results...

Epoch 52: val_loss did not improve from 0.00018

Epoch 10: val_loss did not improve from 0.00012

Epoch 31: val_loss improved from 0.00007 to 0.00007, saving model to /p/project1/cesmtst/patakchiyousefi1/HPT/mse_64_0.0001_1e-17_0.5_4_2_16_0.5_128_0.0_unet-att-s_day07.h5

Epoch 6: val_loss improved from 0.00011 to 0.00009, saving model to /p/project1/cesmtst/patakchiyousefi1/HPT/mse_64_0.001_1e-17_0.5_4_4_16_0.5_128_0.0_unet-att-s_day07.h5

Epoch 29: val_loss did not improve from 0.00024

Epoch 53: val_loss did not improve from 0.00018

Epoch 5: val_loss did not improve from 0.00019

Epoch 17: val_loss did not improve from 0.00007

Epoch 7: val_loss did not improve from 0.00009

Epoch 18: val_loss did not improve from 0.00032

Epoch 17: val_loss did not improve from 0.00022
Saving and plotting the results...

Epoch 8: val_loss did not improve from 0.00009

Epoch 30: val_loss improved from 0.00024 to 0.00024, saving model to /p/project1/cesmtst/patakchiyousefi1/HPT/mse_64_1e-05_1e-17_0.5_4_2_16_0.5_128_0.0_unet-att-s_day07.h5

Epoch 54: val_loss did not improve from 0.00018
Saving and plotting the results...
train_data_hourly_pr_['ADAPTER_DE05.day07.merged.nc']_['ADAPTER_DE05.day01.merged.nc']_MM_6__spatiotemporal_128.256_2018-01-01T13_2022-12-31T23_no_na_land
Loading training data...
Data loaded!
mse_64_0.01_1e-17_0.5_4_4_16_0.5_128_0.0_unet-att-s_day07
Training the model...

Epoch 1: val_loss improved from inf to 0.00253, saving model to /p/project1/cesmtst/patakchiyousefi1/HPT/mse_64_0.01_1e-17_0.5_4_4_16_0.5_128_0.0_unet-att-s_day07.h5

Epoch 11: val_loss did not improve from 0.00012

Epoch 9: val_loss did not improve from 0.00009

Epoch 32: val_loss did not improve from 0.00007

Epoch 2: val_loss improved from 0.00253 to 0.00035, saving model to /p/project1/cesmtst/patakchiyousefi1/HPT/mse_64_0.01_1e-17_0.5_4_4_16_0.5_128_0.0_unet-att-s_day07.h5

Epoch 31: val_loss improved from 0.00024 to 0.00022, saving model to /p/project1/cesmtst/patakchiyousefi1/HPT/mse_64_1e-05_1e-17_0.5_4_2_16_0.5_128_0.0_unet-att-s_day07.h5

Epoch 6: val_loss did not improve from 0.00019

Epoch 10: val_loss did not improve from 0.00009

Epoch 18: val_loss did not improve from 0.00007

Epoch 3: val_loss did not improve from 0.00035

Epoch 19: val_loss did not improve from 0.00032

Epoch 12: val_loss did not improve from 0.00012

Epoch 11: val_loss improved from 0.00009 to 0.00009, saving model to /p/project1/cesmtst/patakchiyousefi1/HPT/mse_64_0.001_1e-17_0.5_4_4_16_0.5_128_0.0_unet-att-s_day07.h5

Epoch 4: val_loss improved from 0.00035 to 0.00025, saving model to /p/project1/cesmtst/patakchiyousefi1/HPT/mse_64_0.01_1e-17_0.5_4_4_16_0.5_128_0.0_unet-att-s_day07.h5

Epoch 32: val_loss did not improve from 0.00022

Epoch 12: val_loss did not improve from 0.00009

Epoch 33: val_loss did not improve from 0.00007

Epoch 5: val_loss improved from 0.00025 to 0.00013, saving model to /p/project1/cesmtst/patakchiyousefi1/HPT/mse_64_0.01_1e-17_0.5_4_4_16_0.5_128_0.0_unet-att-s_day07.h5

Epoch 13: val_loss did not improve from 0.00012

Epoch 13: val_loss did not improve from 0.00009

Epoch 7: val_loss did not improve from 0.00019

Epoch 19: val_loss improved from 0.00007 to 0.00007, saving model to /p/project1/cesmtst/patakchiyousefi1/HPT/mse_64_0.0001_1e-17_0.5_4_1_16_0.5_128_0.0_unet-att-s_day07.h5

Epoch 33: val_loss improved from 0.00022 to 0.00021, saving model to /p/project1/cesmtst/patakchiyousefi1/HPT/mse_64_1e-05_1e-17_0.5_4_2_16_0.5_128_0.0_unet-att-s_day07.h5

Epoch 6: val_loss improved from 0.00013 to 0.00011, saving model to /p/project1/cesmtst/patakchiyousefi1/HPT/mse_64_0.01_1e-17_0.5_4_4_16_0.5_128_0.0_unet-att-s_day07.h5

Epoch 20: val_loss did not improve from 0.00032

Epoch 34: val_loss did not improve from 0.00007

Epoch 14: val_loss did not improve from 0.00009

Epoch 7: val_loss improved from 0.00011 to 0.00010, saving model to /p/project1/cesmtst/patakchiyousefi1/HPT/mse_64_0.01_1e-17_0.5_4_4_16_0.5_128_0.0_unet-att-s_day07.h5

Epoch 15: val_loss did not improve from 0.00009

Epoch 34: val_loss did not improve from 0.00021

Epoch 8: val_loss did not improve from 0.00010

Epoch 14: val_loss did not improve from 0.00012

Epoch 35: val_loss did not improve from 0.00007

Epoch 8: val_loss did not improve from 0.00019

Epoch 9: val_loss did not improve from 0.00010

Epoch 16: val_loss improved from 0.00009 to 0.00008, saving model to /p/project1/cesmtst/patakchiyousefi1/HPT/mse_64_0.001_1e-17_0.5_4_4_16_0.5_128_0.0_unet-att-s_day07.h5

Epoch 20: val_loss did not improve from 0.00007

Epoch 35: val_loss improved from 0.00021 to 0.00020, saving model to /p/project1/cesmtst/patakchiyousefi1/HPT/mse_64_1e-05_1e-17_0.5_4_2_16_0.5_128_0.0_unet-att-s_day07.h5

Epoch 21: val_loss did not improve from 0.00032

Epoch 15: val_loss did not improve from 0.00012

Epoch 10: val_loss did not improve from 0.00010

Epoch 36: val_loss did not improve from 0.00007

Epoch 17: val_loss did not improve from 0.00008

Epoch 11: val_loss did not improve from 0.00010

Epoch 36: val_loss did not improve from 0.00020

Epoch 18: val_loss did not improve from 0.00008

Epoch 16: val_loss did not improve from 0.00012

Epoch 37: val_loss did not improve from 0.00007

Epoch 12: val_loss did not improve from 0.00010

Epoch 19: val_loss did not improve from 0.00008

Epoch 21: val_loss did not improve from 0.00007

Epoch 37: val_loss improved from 0.00020 to 0.00018, saving model to /p/project1/cesmtst/patakchiyousefi1/HPT/mse_64_1e-05_1e-17_0.5_4_2_16_0.5_128_0.0_unet-att-s_day07.h5

Epoch 22: val_loss did not improve from 0.00032

Epoch 13: val_loss did not improve from 0.00010

Epoch 20: val_loss did not improve from 0.00008

Epoch 17: val_loss did not improve from 0.00012

Epoch 14: val_loss improved from 0.00010 to 0.00010, saving model to /p/project1/cesmtst/patakchiyousefi1/HPT/mse_64_0.01_1e-17_0.5_4_4_16_0.5_128_0.0_unet-att-s_day07.h5

Epoch 21: val_loss improved from 0.00008 to 0.00008, saving model to /p/project1/cesmtst/patakchiyousefi1/HPT/mse_64_0.001_1e-17_0.5_4_4_16_0.5_128_0.0_unet-att-s_day07.h5

Epoch 9: val_loss did not improve from 0.00019

Epoch 38: val_loss did not improve from 0.00018

Epoch 38: val_loss did not improve from 0.00007

Epoch 15: val_loss improved from 0.00010 to 0.00009, saving model to /p/project1/cesmtst/patakchiyousefi1/HPT/mse_64_0.01_1e-17_0.5_4_4_16_0.5_128_0.0_unet-att-s_day07.h5

Epoch 18: val_loss did not improve from 0.00012

Epoch 22: val_loss did not improve from 0.00008

Epoch 22: val_loss did not improve from 0.00007

Epoch 16: val_loss improved from 0.00009 to 0.00009, saving model to /p/project1/cesmtst/patakchiyousefi1/HPT/mse_64_0.01_1e-17_0.5_4_4_16_0.5_128_0.0_unet-att-s_day07.h5

Epoch 23: val_loss did not improve from 0.00032

Epoch 23: val_loss did not improve from 0.00008

Epoch 39: val_loss improved from 0.00018 to 0.00017, saving model to /p/project1/cesmtst/patakchiyousefi1/HPT/mse_64_1e-05_1e-17_0.5_4_2_16_0.5_128_0.0_unet-att-s_day07.h5

Epoch 39: val_loss did not improve from 0.00007

Epoch 19: val_loss did not improve from 0.00012

Epoch 17: val_loss improved from 0.00009 to 0.00008, saving model to /p/project1/cesmtst/patakchiyousefi1/HPT/mse_64_0.01_1e-17_0.5_4_4_16_0.5_128_0.0_unet-att-s_day07.h5

Epoch 10: val_loss did not improve from 0.00019

Epoch 24: val_loss did not improve from 0.00008

Epoch 18: val_loss improved from 0.00008 to 0.00008, saving model to /p/project1/cesmtst/patakchiyousefi1/HPT/mse_64_0.01_1e-17_0.5_4_4_16_0.5_128_0.0_unet-att-s_day07.h5

Epoch 40: val_loss did not improve from 0.00017

Epoch 40: val_loss did not improve from 0.00007

Epoch 20: val_loss did not improve from 0.00012

Epoch 25: val_loss did not improve from 0.00008

Epoch 19: val_loss improved from 0.00008 to 0.00008, saving model to /p/project1/cesmtst/patakchiyousefi1/HPT/mse_64_0.01_1e-17_0.5_4_4_16_0.5_128_0.0_unet-att-s_day07.h5

Epoch 23: val_loss did not improve from 0.00007

Epoch 24: val_loss did not improve from 0.00032

Epoch 26: val_loss did not improve from 0.00008

Epoch 41: val_loss did not improve from 0.00017

Epoch 20: val_loss improved from 0.00008 to 0.00008, saving model to /p/project1/cesmtst/patakchiyousefi1/HPT/mse_64_0.01_1e-17_0.5_4_4_16_0.5_128_0.0_unet-att-s_day07.h5

Epoch 41: val_loss did not improve from 0.00007

Epoch 21: val_loss did not improve from 0.00012
Saving and plotting the results...

Epoch 11: val_loss did not improve from 0.00019

Epoch 27: val_loss did not improve from 0.00008

Epoch 21: val_loss improved from 0.00008 to 0.00007, saving model to /p/project1/cesmtst/patakchiyousefi1/HPT/mse_64_0.01_1e-17_0.5_4_4_16_0.5_128_0.0_unet-att-s_day07.h5

Epoch 42: val_loss did not improve from 0.00017

Epoch 42: val_loss did not improve from 0.00007

Epoch 24: val_loss improved from 0.00007 to 0.00007, saving model to /p/project1/cesmtst/patakchiyousefi1/HPT/mse_64_0.0001_1e-17_0.5_4_1_16_0.5_128_0.0_unet-att-s_day07.h5

Epoch 22: val_loss improved from 0.00007 to 0.00007, saving model to /p/project1/cesmtst/patakchiyousefi1/HPT/mse_64_0.01_1e-17_0.5_4_4_16_0.5_128_0.0_unet-att-s_day07.h5

Epoch 25: val_loss did not improve from 0.00032

Epoch 28: val_loss did not improve from 0.00008

Epoch 43: val_loss did not improve from 0.00017

Epoch 23: val_loss improved from 0.00007 to 0.00007, saving model to /p/project1/cesmtst/patakchiyousefi1/HPT/mse_64_0.01_1e-17_0.5_4_4_16_0.5_128_0.0_unet-att-s_day07.h5

Epoch 43: val_loss did not improve from 0.00007

Epoch 29: val_loss did not improve from 0.00008

Epoch 12: val_loss did not improve from 0.00019

Epoch 24: val_loss improved from 0.00007 to 0.00007, saving model to /p/project1/cesmtst/patakchiyousefi1/HPT/mse_64_0.01_1e-17_0.5_4_4_16_0.5_128_0.0_unet-att-s_day07.h5

Epoch 30: val_loss did not improve from 0.00008

Epoch 44: val_loss did not improve from 0.00017

Epoch 44: val_loss did not improve from 0.00007

Epoch 25: val_loss did not improve from 0.00007

Epoch 31: val_loss did not improve from 0.00008

Epoch 25: val_loss improved from 0.00007 to 0.00007, saving model to /p/project1/cesmtst/patakchiyousefi1/HPT/mse_64_0.01_1e-17_0.5_4_4_16_0.5_128_0.0_unet-att-s_day07.h5

Epoch 45: val_loss did not improve from 0.00017

Epoch 32: val_loss did not improve from 0.00008

Epoch 26: val_loss did not improve from 0.00007

Epoch 45: val_loss did not improve from 0.00007

Epoch 13: val_loss did not improve from 0.00019

Epoch 33: val_loss did not improve from 0.00008

Epoch 26: val_loss did not improve from 0.00032

Epoch 27: val_loss did not improve from 0.00007

Epoch 46: val_loss did not improve from 0.00017

Epoch 26: val_loss did not improve from 0.00007

Epoch 46: val_loss did not improve from 0.00007

Epoch 34: val_loss did not improve from 0.00008

Epoch 28: val_loss did not improve from 0.00007

Epoch 35: val_loss did not improve from 0.00008

Epoch 29: val_loss did not improve from 0.00007

Epoch 47: val_loss did not improve from 0.00017

Epoch 14: val_loss did not improve from 0.00019

Epoch 47: val_loss did not improve from 0.00007
Saving and plotting the results...

Epoch 27: val_loss did not improve from 0.00032

Epoch 36: val_loss did not improve from 0.00008

Epoch 30: val_loss improved from 0.00007 to 0.00007, saving model to /p/project1/cesmtst/patakchiyousefi1/HPT/mse_64_0.01_1e-17_0.5_4_4_16_0.5_128_0.0_unet-att-s_day07.h5

Epoch 27: val_loss did not improve from 0.00007

Epoch 48: val_loss did not improve from 0.00017

Epoch 31: val_loss did not improve from 0.00007

Epoch 37: val_loss did not improve from 0.00008
Saving and plotting the results...

Epoch 15: val_loss did not improve from 0.00019

Epoch 32: val_loss did not improve from 0.00007

Epoch 49: val_loss did not improve from 0.00017

Epoch 28: val_loss did not improve from 0.00032

Epoch 33: val_loss did not improve from 0.00007

Epoch 28: val_loss did not improve from 0.00007

Epoch 50: val_loss did not improve from 0.00017

Epoch 34: val_loss did not improve from 0.00007

Epoch 35: val_loss improved from 0.00007 to 0.00007, saving model to /p/project1/cesmtst/patakchiyousefi1/HPT/mse_64_0.01_1e-17_0.5_4_4_16_0.5_128_0.0_unet-att-s_day07.h5

Epoch 16: val_loss did not improve from 0.00019

Epoch 51: val_loss did not improve from 0.00017

Epoch 29: val_loss did not improve from 0.00032

Epoch 36: val_loss improved from 0.00007 to 0.00007, saving model to /p/project1/cesmtst/patakchiyousefi1/HPT/mse_64_0.01_1e-17_0.5_4_4_16_0.5_128_0.0_unet-att-s_day07.h5

Epoch 29: val_loss did not improve from 0.00007

Epoch 52: val_loss did not improve from 0.00017

Epoch 37: val_loss improved from 0.00007 to 0.00007, saving model to /p/project1/cesmtst/patakchiyousefi1/HPT/mse_64_0.01_1e-17_0.5_4_4_16_0.5_128_0.0_unet-att-s_day07.h5

Epoch 17: val_loss did not improve from 0.00019

Epoch 38: val_loss improved from 0.00007 to 0.00007, saving model to /p/project1/cesmtst/patakchiyousefi1/HPT/mse_64_0.01_1e-17_0.5_4_4_16_0.5_128_0.0_unet-att-s_day07.h5

Epoch 53: val_loss did not improve from 0.00017

Epoch 30: val_loss did not improve from 0.00032

Epoch 39: val_loss improved from 0.00007 to 0.00007, saving model to /p/project1/cesmtst/patakchiyousefi1/HPT/mse_64_0.01_1e-17_0.5_4_4_16_0.5_128_0.0_unet-att-s_day07.h5

Epoch 30: val_loss did not improve from 0.00007

Epoch 40: val_loss did not improve from 0.00007

Epoch 54: val_loss did not improve from 0.00017

Epoch 41: val_loss did not improve from 0.00007

Epoch 18: val_loss did not improve from 0.00019
Saving and plotting the results...

Epoch 31: val_loss did not improve from 0.00032

Epoch 55: val_loss did not improve from 0.00017
Saving and plotting the results...

Epoch 42: val_loss did not improve from 0.00007

Epoch 31: val_loss did not improve from 0.00007

Epoch 43: val_loss did not improve from 0.00007

Epoch 44: val_loss improved from 0.00007 to 0.00007, saving model to /p/project1/cesmtst/patakchiyousefi1/HPT/mse_64_0.01_1e-17_0.5_4_4_16_0.5_128_0.0_unet-att-s_day07.h5

Epoch 32: val_loss did not improve from 0.00032
Saving and plotting the results...

Epoch 45: val_loss did not improve from 0.00007

Epoch 32: val_loss did not improve from 0.00007

Epoch 46: val_loss did not improve from 0.00007

Epoch 47: val_loss did not improve from 0.00007

Epoch 48: val_loss did not improve from 0.00007

Epoch 33: val_loss improved from 0.00007 to 0.00007, saving model to /p/project1/cesmtst/patakchiyousefi1/HPT/mse_64_0.0001_1e-17_0.5_4_1_16_0.5_128_0.0_unet-att-s_day07.h5

Epoch 49: val_loss did not improve from 0.00007

Epoch 50: val_loss did not improve from 0.00007

Epoch 51: val_loss did not improve from 0.00007

Epoch 34: val_loss improved from 0.00007 to 0.00007, saving model to /p/project1/cesmtst/patakchiyousefi1/HPT/mse_64_0.0001_1e-17_0.5_4_1_16_0.5_128_0.0_unet-att-s_day07.h5

Epoch 52: val_loss did not improve from 0.00007

Epoch 53: val_loss did not improve from 0.00007

Epoch 54: val_loss did not improve from 0.00007

Epoch 35: val_loss improved from 0.00007 to 0.00007, saving model to /p/project1/cesmtst/patakchiyousefi1/HPT/mse_64_0.0001_1e-17_0.5_4_1_16_0.5_128_0.0_unet-att-s_day07.h5

Epoch 55: val_loss did not improve from 0.00007

Epoch 56: val_loss did not improve from 0.00007

Epoch 57: val_loss did not improve from 0.00007

Epoch 58: val_loss did not improve from 0.00007

Epoch 59: val_loss did not improve from 0.00007

Epoch 36: val_loss improved from 0.00007 to 0.00007, saving model to /p/project1/cesmtst/patakchiyousefi1/HPT/mse_64_0.0001_1e-17_0.5_4_1_16_0.5_128_0.0_unet-att-s_day07.h5

Epoch 60: val_loss did not improve from 0.00007
Saving and plotting the results...

Epoch 37: val_loss did not improve from 0.00007

Epoch 38: val_loss did not improve from 0.00007

Epoch 39: val_loss did not improve from 0.00007

Epoch 40: val_loss did not improve from 0.00007

Epoch 41: val_loss did not improve from 0.00007

Epoch 42: val_loss did not improve from 0.00007

Epoch 43: val_loss did not improve from 0.00007

Epoch 44: val_loss did not improve from 0.00007

Epoch 45: val_loss did not improve from 0.00007

Epoch 46: val_loss did not improve from 0.00007

Epoch 47: val_loss did not improve from 0.00007

Epoch 48: val_loss did not improve from 0.00007

Epoch 49: val_loss did not improve from 0.00007

Epoch 50: val_loss did not improve from 0.00007

Epoch 51: val_loss did not improve from 0.00007

Epoch 52: val_loss did not improve from 0.00007
Saving and plotting the results...
Time limit for unet-att-s, leadtime 07: 06:12:00
Run time for unet-att-s with leadtime 07:  hours,  minutes,  seconds
