All necessary directories have been created or already exist.
No lead day provided. Using default hyperparameters - LR: 0.0001, BS: 32, DROPOUT: 0.0, UNET_TYPE: unet-l
Running DL_TRAIN.py for day08 with dropout=0, lr=0.00001, bs=1, unet_type=unet-m ...
Running DL_TRAIN.py for day08 with dropout=0, lr=0.00001, bs=2, unet_type=unet-m ...
Running DL_TRAIN.py for day08 with dropout=0, lr=0.00001, bs=4, unet_type=unet-m ...
Running DL_TRAIN.py for day08 with dropout=0, lr=0.00001, bs=8, unet_type=unet-m ...
Running DL_TRAIN.py for day08 with dropout=0, lr=0.0001, bs=1, unet_type=unet-m ...
Running DL_TRAIN.py for day08 with dropout=0, lr=0.0001, bs=2, unet_type=unet-m ...
Running DL_TRAIN.py for day08 with dropout=0, lr=0.0001, bs=4, unet_type=unet-m ...
Running DL_TRAIN.py for day08 with dropout=0, lr=0.0001, bs=8, unet_type=unet-m ...
Running DL_TRAIN.py for day08 with dropout=0, lr=0.001, bs=1, unet_type=unet-m ...
Running DL_TRAIN.py for day08 with dropout=0, lr=0.001, bs=2, unet_type=unet-m ...
Running DL_TRAIN.py for day08 with dropout=0, lr=0.001, bs=4, unet_type=unet-m ...
Running DL_TRAIN.py for day08 with dropout=0, lr=0.001, bs=8, unet_type=unet-m ...
Running DL_TRAIN.py for day08 with dropout=0, lr=0.01, bs=1, unet_type=unet-m ...
Running DL_TRAIN.py for day08 with dropout=0, lr=0.01, bs=2, unet_type=unet-m ...
Running DL_TRAIN.py for day08 with dropout=0, lr=0.01, bs=4, unet_type=unet-m ...
Running DL_TRAIN.py for day08 with dropout=0, lr=0.01, bs=8, unet_type=unet-m ...
train_data_hourly_pr_['ADAPTER_DE05.day08.merged.nc']_['ADAPTER_DE05.day01.merged.nc']_MM_1__model_only_128.256_2018-01-01T13_2022-12-31T23_no_na_land
Loading training data...
Data loaded!
mse_64_1e-05_1e-17_0.5_4_8_16_0.5_128_0.0_unet-m_day08
Training the model...

Epoch 1: val_loss improved from inf to 0.00189, saving model to /p/project1/cesmtst/patakchiyousefi1/HPT/mse_64_1e-05_1e-17_0.5_4_8_16_0.5_128_0.0_unet-m_day08.h5
train_data_hourly_pr_['ADAPTER_DE05.day08.merged.nc']_['ADAPTER_DE05.day01.merged.nc']_MM_1__model_only_128.256_2018-01-01T13_2022-12-31T23_no_na_land
Loading training data...
Data loaded!
mse_64_1e-05_1e-17_0.5_4_4_16_0.5_128_0.0_unet-m_day08
Training the model...

Epoch 1: val_loss improved from inf to 0.00268, saving model to /p/project1/cesmtst/patakchiyousefi1/HPT/mse_64_1e-05_1e-17_0.5_4_4_16_0.5_128_0.0_unet-m_day08.h5

Epoch 2: val_loss did not improve from 0.00189
train_data_hourly_pr_['ADAPTER_DE05.day08.merged.nc']_['ADAPTER_DE05.day01.merged.nc']_MM_1__model_only_128.256_2018-01-01T13_2022-12-31T23_no_na_land
Loading training data...
Data loaded!
mse_64_1e-05_1e-17_0.5_4_2_16_0.5_128_0.0_unet-m_day08
Training the model...

Epoch 1: val_loss improved from inf to 0.00140, saving model to /p/project1/cesmtst/patakchiyousefi1/HPT/mse_64_1e-05_1e-17_0.5_4_2_16_0.5_128_0.0_unet-m_day08.h5
train_data_hourly_pr_['ADAPTER_DE05.day08.merged.nc']_['ADAPTER_DE05.day01.merged.nc']_MM_1__model_only_128.256_2018-01-01T13_2022-12-31T23_no_na_land
Loading training data...
Data loaded!
mse_64_0.0001_1e-17_0.5_4_8_16_0.5_128_0.0_unet-m_day08
Training the model...

Epoch 1: val_loss improved from inf to 0.00029, saving model to /p/project1/cesmtst/patakchiyousefi1/HPT/mse_64_0.0001_1e-17_0.5_4_8_16_0.5_128_0.0_unet-m_day08.h5
train_data_hourly_pr_['ADAPTER_DE05.day08.merged.nc']_['ADAPTER_DE05.day01.merged.nc']_MM_1__model_only_128.256_2018-01-01T13_2022-12-31T23_no_na_land
Loading training data...
Data loaded!
mse_64_0.0001_1e-17_0.5_4_4_16_0.5_128_0.0_unet-m_day08
Training the model...

Epoch 1: val_loss improved from inf to 0.00044, saving model to /p/project1/cesmtst/patakchiyousefi1/HPT/mse_64_0.0001_1e-17_0.5_4_4_16_0.5_128_0.0_unet-m_day08.h5

Epoch 2: val_loss improved from 0.00268 to 0.00123, saving model to /p/project1/cesmtst/patakchiyousefi1/HPT/mse_64_1e-05_1e-17_0.5_4_4_16_0.5_128_0.0_unet-m_day08.h5

Epoch 3: val_loss improved from 0.00189 to 0.00128, saving model to /p/project1/cesmtst/patakchiyousefi1/HPT/mse_64_1e-05_1e-17_0.5_4_8_16_0.5_128_0.0_unet-m_day08.h5

Epoch 2: val_loss did not improve from 0.00029
train_data_hourly_pr_['ADAPTER_DE05.day08.merged.nc']_['ADAPTER_DE05.day01.merged.nc']_MM_1__model_only_128.256_2018-01-01T13_2022-12-31T23_no_na_land
Loading training data...
Data loaded!
mse_64_0.0001_1e-17_0.5_4_2_16_0.5_128_0.0_unet-m_day08
Training the model...

Epoch 1: val_loss improved from inf to 0.00041, saving model to /p/project1/cesmtst/patakchiyousefi1/HPT/mse_64_0.0001_1e-17_0.5_4_2_16_0.5_128_0.0_unet-m_day08.h5

Epoch 4: val_loss improved from 0.00128 to 0.00088, saving model to /p/project1/cesmtst/patakchiyousefi1/HPT/mse_64_1e-05_1e-17_0.5_4_8_16_0.5_128_0.0_unet-m_day08.h5

Epoch 3: val_loss did not improve from 0.00029
train_data_hourly_pr_['ADAPTER_DE05.day08.merged.nc']_['ADAPTER_DE05.day01.merged.nc']_MM_1__model_only_128.256_2018-01-01T13_2022-12-31T23_no_na_land
Loading training data...
Data loaded!
mse_64_1e-05_1e-17_0.5_4_1_16_0.5_128_0.0_unet-m_day08
Training the model...

Epoch 1: val_loss improved from inf to 0.00080, saving model to /p/project1/cesmtst/patakchiyousefi1/HPT/mse_64_1e-05_1e-17_0.5_4_1_16_0.5_128_0.0_unet-m_day08.h5

Epoch 3: val_loss improved from 0.00123 to 0.00075, saving model to /p/project1/cesmtst/patakchiyousefi1/HPT/mse_64_1e-05_1e-17_0.5_4_4_16_0.5_128_0.0_unet-m_day08.h5

Epoch 2: val_loss did not improve from 0.00044
train_data_hourly_pr_['ADAPTER_DE05.day08.merged.nc']_['ADAPTER_DE05.day01.merged.nc']_MM_1__model_only_128.256_2018-01-01T13_2022-12-31T23_no_na_land
Loading training data...
Data loaded!
mse_64_0.001_1e-17_0.5_4_2_16_0.5_128_0.0_unet-m_day08
Training the model...

Epoch 1: val_loss improved from inf to 0.00013, saving model to /p/project1/cesmtst/patakchiyousefi1/HPT/mse_64_0.001_1e-17_0.5_4_2_16_0.5_128_0.0_unet-m_day08.h5

Epoch 4: val_loss did not improve from 0.00029

Epoch 2: val_loss improved from 0.00140 to 0.00059, saving model to /p/project1/cesmtst/patakchiyousefi1/HPT/mse_64_1e-05_1e-17_0.5_4_2_16_0.5_128_0.0_unet-m_day08.h5

Epoch 5: val_loss improved from 0.00088 to 0.00065, saving model to /p/project1/cesmtst/patakchiyousefi1/HPT/mse_64_1e-05_1e-17_0.5_4_8_16_0.5_128_0.0_unet-m_day08.h5
train_data_hourly_pr_['ADAPTER_DE05.day08.merged.nc']_['ADAPTER_DE05.day01.merged.nc']_MM_1__model_only_128.256_2018-01-01T13_2022-12-31T23_no_na_land
Loading training data...
Data loaded!
mse_64_0.0001_1e-17_0.5_4_1_16_0.5_128_0.0_unet-m_day08
Training the model...

Epoch 1: val_loss improved from inf to 0.00072, saving model to /p/project1/cesmtst/patakchiyousefi1/HPT/mse_64_0.0001_1e-17_0.5_4_1_16_0.5_128_0.0_unet-m_day08.h5

Epoch 5: val_loss did not improve from 0.00029

Epoch 4: val_loss improved from 0.00075 to 0.00052, saving model to /p/project1/cesmtst/patakchiyousefi1/HPT/mse_64_1e-05_1e-17_0.5_4_4_16_0.5_128_0.0_unet-m_day08.h5

Epoch 3: val_loss did not improve from 0.00044

Epoch 2: val_loss did not improve from 0.00041

Epoch 6: val_loss improved from 0.00065 to 0.00052, saving model to /p/project1/cesmtst/patakchiyousefi1/HPT/mse_64_1e-05_1e-17_0.5_4_8_16_0.5_128_0.0_unet-m_day08.h5
train_data_hourly_pr_['ADAPTER_DE05.day08.merged.nc']_['ADAPTER_DE05.day01.merged.nc']_MM_1__model_only_128.256_2018-01-01T13_2022-12-31T23_no_na_land
Loading training data...
Data loaded!
mse_64_0.001_1e-17_0.5_4_1_16_0.5_128_0.0_unet-m_day08
Training the model...

Epoch 1: val_loss improved from inf to 0.00013, saving model to /p/project1/cesmtst/patakchiyousefi1/HPT/mse_64_0.001_1e-17_0.5_4_1_16_0.5_128_0.0_unet-m_day08.h5

Epoch 6: val_loss improved from 0.00029 to 0.00020, saving model to /p/project1/cesmtst/patakchiyousefi1/HPT/mse_64_0.0001_1e-17_0.5_4_8_16_0.5_128_0.0_unet-m_day08.h5

Epoch 7: val_loss improved from 0.00052 to 0.00043, saving model to /p/project1/cesmtst/patakchiyousefi1/HPT/mse_64_1e-05_1e-17_0.5_4_8_16_0.5_128_0.0_unet-m_day08.h5

Epoch 2: val_loss improved from 0.00013 to 0.00012, saving model to /p/project1/cesmtst/patakchiyousefi1/HPT/mse_64_0.001_1e-17_0.5_4_2_16_0.5_128_0.0_unet-m_day08.h5

Epoch 5: val_loss improved from 0.00052 to 0.00041, saving model to /p/project1/cesmtst/patakchiyousefi1/HPT/mse_64_1e-05_1e-17_0.5_4_4_16_0.5_128_0.0_unet-m_day08.h5

Epoch 4: val_loss did not improve from 0.00044

Epoch 7: val_loss improved from 0.00020 to 0.00019, saving model to /p/project1/cesmtst/patakchiyousefi1/HPT/mse_64_0.0001_1e-17_0.5_4_8_16_0.5_128_0.0_unet-m_day08.h5

Epoch 3: val_loss improved from 0.00059 to 0.00038, saving model to /p/project1/cesmtst/patakchiyousefi1/HPT/mse_64_1e-05_1e-17_0.5_4_2_16_0.5_128_0.0_unet-m_day08.h5

Epoch 8: val_loss improved from 0.00043 to 0.00038, saving model to /p/project1/cesmtst/patakchiyousefi1/HPT/mse_64_1e-05_1e-17_0.5_4_8_16_0.5_128_0.0_unet-m_day08.h5

Epoch 8: val_loss did not improve from 0.00019

Epoch 3: val_loss improved from 0.00041 to 0.00029, saving model to /p/project1/cesmtst/patakchiyousefi1/HPT/mse_64_0.0001_1e-17_0.5_4_2_16_0.5_128_0.0_unet-m_day08.h5

Epoch 9: val_loss improved from 0.00038 to 0.00034, saving model to /p/project1/cesmtst/patakchiyousefi1/HPT/mse_64_1e-05_1e-17_0.5_4_8_16_0.5_128_0.0_unet-m_day08.h5

Epoch 5: val_loss improved from 0.00044 to 0.00012, saving model to /p/project1/cesmtst/patakchiyousefi1/HPT/mse_64_0.0001_1e-17_0.5_4_4_16_0.5_128_0.0_unet-m_day08.h5

Epoch 6: val_loss improved from 0.00041 to 0.00036, saving model to /p/project1/cesmtst/patakchiyousefi1/HPT/mse_64_1e-05_1e-17_0.5_4_4_16_0.5_128_0.0_unet-m_day08.h5

Epoch 9: val_loss did not improve from 0.00019

Epoch 2: val_loss improved from 0.00080 to 0.00048, saving model to /p/project1/cesmtst/patakchiyousefi1/HPT/mse_64_1e-05_1e-17_0.5_4_1_16_0.5_128_0.0_unet-m_day08.h5

Epoch 10: val_loss improved from 0.00034 to 0.00033, saving model to /p/project1/cesmtst/patakchiyousefi1/HPT/mse_64_1e-05_1e-17_0.5_4_8_16_0.5_128_0.0_unet-m_day08.h5

Epoch 3: val_loss improved from 0.00012 to 0.00012, saving model to /p/project1/cesmtst/patakchiyousefi1/HPT/mse_64_0.001_1e-17_0.5_4_2_16_0.5_128_0.0_unet-m_day08.h5

Epoch 10: val_loss did not improve from 0.00019

Epoch 4: val_loss improved from 0.00038 to 0.00031, saving model to /p/project1/cesmtst/patakchiyousefi1/HPT/mse_64_1e-05_1e-17_0.5_4_2_16_0.5_128_0.0_unet-m_day08.h5

Epoch 6: val_loss improved from 0.00012 to 0.00012, saving model to /p/project1/cesmtst/patakchiyousefi1/HPT/mse_64_0.0001_1e-17_0.5_4_4_16_0.5_128_0.0_unet-m_day08.h5

Epoch 7: val_loss improved from 0.00036 to 0.00033, saving model to /p/project1/cesmtst/patakchiyousefi1/HPT/mse_64_1e-05_1e-17_0.5_4_4_16_0.5_128_0.0_unet-m_day08.h5

Epoch 11: val_loss did not improve from 0.00033

Epoch 2: val_loss improved from 0.00072 to 0.00017, saving model to /p/project1/cesmtst/patakchiyousefi1/HPT/mse_64_0.0001_1e-17_0.5_4_1_16_0.5_128_0.0_unet-m_day08.h5

Epoch 11: val_loss did not improve from 0.00019

Epoch 12: val_loss did not improve from 0.00033

Epoch 4: val_loss improved from 0.00029 to 0.00012, saving model to /p/project1/cesmtst/patakchiyousefi1/HPT/mse_64_0.0001_1e-17_0.5_4_2_16_0.5_128_0.0_unet-m_day08.h5

Epoch 2: val_loss did not improve from 0.00013

Epoch 12: val_loss did not improve from 0.00019

Epoch 7: val_loss improved from 0.00012 to 0.00011, saving model to /p/project1/cesmtst/patakchiyousefi1/HPT/mse_64_0.0001_1e-17_0.5_4_4_16_0.5_128_0.0_unet-m_day08.h5

Epoch 8: val_loss improved from 0.00033 to 0.00032, saving model to /p/project1/cesmtst/patakchiyousefi1/HPT/mse_64_1e-05_1e-17_0.5_4_4_16_0.5_128_0.0_unet-m_day08.h5

Epoch 13: val_loss did not improve from 0.00033

Epoch 4: val_loss did not improve from 0.00012

Epoch 13: val_loss did not improve from 0.00019

Epoch 5: val_loss improved from 0.00031 to 0.00027, saving model to /p/project1/cesmtst/patakchiyousefi1/HPT/mse_64_1e-05_1e-17_0.5_4_2_16_0.5_128_0.0_unet-m_day08.h5

Epoch 14: val_loss did not improve from 0.00033

Epoch 8: val_loss did not improve from 0.00011

Epoch 9: val_loss improved from 0.00032 to 0.00029, saving model to /p/project1/cesmtst/patakchiyousefi1/HPT/mse_64_1e-05_1e-17_0.5_4_4_16_0.5_128_0.0_unet-m_day08.h5

Epoch 14: val_loss did not improve from 0.00019

Epoch 15: val_loss improved from 0.00033 to 0.00020, saving model to /p/project1/cesmtst/patakchiyousefi1/HPT/mse_64_1e-05_1e-17_0.5_4_8_16_0.5_128_0.0_unet-m_day08.h5

Epoch 5: val_loss improved from 0.00012 to 0.00011, saving model to /p/project1/cesmtst/patakchiyousefi1/HPT/mse_64_0.0001_1e-17_0.5_4_2_16_0.5_128_0.0_unet-m_day08.h5

Epoch 3: val_loss improved from 0.00048 to 0.00040, saving model to /p/project1/cesmtst/patakchiyousefi1/HPT/mse_64_1e-05_1e-17_0.5_4_1_16_0.5_128_0.0_unet-m_day08.h5

Epoch 15: val_loss did not improve from 0.00019

Epoch 9: val_loss did not improve from 0.00011

Epoch 16: val_loss did not improve from 0.00020

Epoch 10: val_loss improved from 0.00029 to 0.00028, saving model to /p/project1/cesmtst/patakchiyousefi1/HPT/mse_64_1e-05_1e-17_0.5_4_4_16_0.5_128_0.0_unet-m_day08.h5

Epoch 5: val_loss did not improve from 0.00012

Epoch 16: val_loss improved from 0.00019 to 0.00017, saving model to /p/project1/cesmtst/patakchiyousefi1/HPT/mse_64_0.0001_1e-17_0.5_4_8_16_0.5_128_0.0_unet-m_day08.h5

Epoch 3: val_loss improved from 0.00017 to 0.00013, saving model to /p/project1/cesmtst/patakchiyousefi1/HPT/mse_64_0.0001_1e-17_0.5_4_1_16_0.5_128_0.0_unet-m_day08.h5

Epoch 6: val_loss improved from 0.00027 to 0.00023, saving model to /p/project1/cesmtst/patakchiyousefi1/HPT/mse_64_1e-05_1e-17_0.5_4_2_16_0.5_128_0.0_unet-m_day08.h5

Epoch 17: val_loss improved from 0.00020 to 0.00020, saving model to /p/project1/cesmtst/patakchiyousefi1/HPT/mse_64_1e-05_1e-17_0.5_4_8_16_0.5_128_0.0_unet-m_day08.h5

Epoch 10: val_loss did not improve from 0.00011

Epoch 11: val_loss improved from 0.00028 to 0.00027, saving model to /p/project1/cesmtst/patakchiyousefi1/HPT/mse_64_1e-05_1e-17_0.5_4_4_16_0.5_128_0.0_unet-m_day08.h5

Epoch 3: val_loss did not improve from 0.00013

Epoch 18: val_loss improved from 0.00020 to 0.00020, saving model to /p/project1/cesmtst/patakchiyousefi1/HPT/mse_64_1e-05_1e-17_0.5_4_8_16_0.5_128_0.0_unet-m_day08.h5

Epoch 6: val_loss did not improve from 0.00011

Epoch 17: val_loss did not improve from 0.00017

Epoch 19: val_loss did not improve from 0.00020

Epoch 18: val_loss did not improve from 0.00017

Epoch 6: val_loss did not improve from 0.00012

Epoch 11: val_loss did not improve from 0.00011

Epoch 12: val_loss improved from 0.00027 to 0.00027, saving model to /p/project1/cesmtst/patakchiyousefi1/HPT/mse_64_1e-05_1e-17_0.5_4_4_16_0.5_128_0.0_unet-m_day08.h5

Epoch 7: val_loss improved from 0.00023 to 0.00022, saving model to /p/project1/cesmtst/patakchiyousefi1/HPT/mse_64_1e-05_1e-17_0.5_4_2_16_0.5_128_0.0_unet-m_day08.h5

Epoch 20: val_loss improved from 0.00020 to 0.00020, saving model to /p/project1/cesmtst/patakchiyousefi1/HPT/mse_64_1e-05_1e-17_0.5_4_8_16_0.5_128_0.0_unet-m_day08.h5

Epoch 19: val_loss did not improve from 0.00017

Epoch 4: val_loss improved from 0.00040 to 0.00036, saving model to /p/project1/cesmtst/patakchiyousefi1/HPT/mse_64_1e-05_1e-17_0.5_4_1_16_0.5_128_0.0_unet-m_day08.h5

Epoch 21: val_loss improved from 0.00020 to 0.00019, saving model to /p/project1/cesmtst/patakchiyousefi1/HPT/mse_64_1e-05_1e-17_0.5_4_8_16_0.5_128_0.0_unet-m_day08.h5

Epoch 12: val_loss did not improve from 0.00011

Epoch 13: val_loss did not improve from 0.00027

Epoch 7: val_loss did not improve from 0.00011

Epoch 20: val_loss did not improve from 0.00017

Epoch 22: val_loss improved from 0.00019 to 0.00019, saving model to /p/project1/cesmtst/patakchiyousefi1/HPT/mse_64_1e-05_1e-17_0.5_4_8_16_0.5_128_0.0_unet-m_day08.h5

Epoch 21: val_loss improved from 0.00017 to 0.00015, saving model to /p/project1/cesmtst/patakchiyousefi1/HPT/mse_64_0.0001_1e-17_0.5_4_8_16_0.5_128_0.0_unet-m_day08.h5

Epoch 7: val_loss did not improve from 0.00012

Epoch 4: val_loss improved from 0.00013 to 0.00012, saving model to /p/project1/cesmtst/patakchiyousefi1/HPT/mse_64_0.0001_1e-17_0.5_4_1_16_0.5_128_0.0_unet-m_day08.h5

Epoch 13: val_loss did not improve from 0.00011

Epoch 8: val_loss improved from 0.00022 to 0.00021, saving model to /p/project1/cesmtst/patakchiyousefi1/HPT/mse_64_1e-05_1e-17_0.5_4_2_16_0.5_128_0.0_unet-m_day08.h5

Epoch 23: val_loss improved from 0.00019 to 0.00019, saving model to /p/project1/cesmtst/patakchiyousefi1/HPT/mse_64_1e-05_1e-17_0.5_4_8_16_0.5_128_0.0_unet-m_day08.h5

Epoch 22: val_loss improved from 0.00015 to 0.00015, saving model to /p/project1/cesmtst/patakchiyousefi1/HPT/mse_64_0.0001_1e-17_0.5_4_8_16_0.5_128_0.0_unet-m_day08.h5

Epoch 4: val_loss did not improve from 0.00013

Epoch 24: val_loss improved from 0.00019 to 0.00019, saving model to /p/project1/cesmtst/patakchiyousefi1/HPT/mse_64_1e-05_1e-17_0.5_4_8_16_0.5_128_0.0_unet-m_day08.h5

Epoch 23: val_loss improved from 0.00015 to 0.00014, saving model to /p/project1/cesmtst/patakchiyousefi1/HPT/mse_64_0.0001_1e-17_0.5_4_8_16_0.5_128_0.0_unet-m_day08.h5

Epoch 14: val_loss did not improve from 0.00027

Epoch 8: val_loss did not improve from 0.00011

Epoch 14: val_loss did not improve from 0.00011

Epoch 25: val_loss did not improve from 0.00019

Epoch 24: val_loss improved from 0.00014 to 0.00014, saving model to /p/project1/cesmtst/patakchiyousefi1/HPT/mse_64_0.0001_1e-17_0.5_4_8_16_0.5_128_0.0_unet-m_day08.h5

Epoch 8: val_loss improved from 0.00012 to 0.00012, saving model to /p/project1/cesmtst/patakchiyousefi1/HPT/mse_64_0.001_1e-17_0.5_4_2_16_0.5_128_0.0_unet-m_day08.h5

Epoch 9: val_loss improved from 0.00021 to 0.00021, saving model to /p/project1/cesmtst/patakchiyousefi1/HPT/mse_64_1e-05_1e-17_0.5_4_2_16_0.5_128_0.0_unet-m_day08.h5

Epoch 26: val_loss did not improve from 0.00019

Epoch 15: val_loss did not improve from 0.00027

Epoch 15: val_loss did not improve from 0.00011

Epoch 25: val_loss did not improve from 0.00014

Epoch 5: val_loss improved from 0.00036 to 0.00031, saving model to /p/project1/cesmtst/patakchiyousefi1/HPT/mse_64_1e-05_1e-17_0.5_4_1_16_0.5_128_0.0_unet-m_day08.h5

Epoch 27: val_loss did not improve from 0.00019

Epoch 26: val_loss did not improve from 0.00014

Epoch 9: val_loss did not improve from 0.00011

Epoch 16: val_loss did not improve from 0.00027

Epoch 16: val_loss did not improve from 0.00011

Epoch 28: val_loss did not improve from 0.00019

Epoch 5: val_loss improved from 0.00012 to 0.00012, saving model to /p/project1/cesmtst/patakchiyousefi1/HPT/mse_64_0.0001_1e-17_0.5_4_1_16_0.5_128_0.0_unet-m_day08.h5

Epoch 9: val_loss did not improve from 0.00012

Epoch 27: val_loss did not improve from 0.00014

Epoch 10: val_loss improved from 0.00021 to 0.00020, saving model to /p/project1/cesmtst/patakchiyousefi1/HPT/mse_64_1e-05_1e-17_0.5_4_2_16_0.5_128_0.0_unet-m_day08.h5

Epoch 5: val_loss did not improve from 0.00013

Epoch 28: val_loss did not improve from 0.00014

Epoch 17: val_loss improved from 0.00027 to 0.00020, saving model to /p/project1/cesmtst/patakchiyousefi1/HPT/mse_64_1e-05_1e-17_0.5_4_4_16_0.5_128_0.0_unet-m_day08.h5

Epoch 29: val_loss improved from 0.00019 to 0.00015, saving model to /p/project1/cesmtst/patakchiyousefi1/HPT/mse_64_1e-05_1e-17_0.5_4_8_16_0.5_128_0.0_unet-m_day08.h5

Epoch 17: val_loss did not improve from 0.00011

Epoch 29: val_loss improved from 0.00014 to 0.00013, saving model to /p/project1/cesmtst/patakchiyousefi1/HPT/mse_64_0.0001_1e-17_0.5_4_8_16_0.5_128_0.0_unet-m_day08.h5

Epoch 10: val_loss did not improve from 0.00011

Epoch 30: val_loss did not improve from 0.00015

Epoch 18: val_loss did not improve from 0.00020

Epoch 10: val_loss did not improve from 0.00012

Epoch 30: val_loss improved from 0.00013 to 0.00013, saving model to /p/project1/cesmtst/patakchiyousefi1/HPT/mse_64_0.0001_1e-17_0.5_4_8_16_0.5_128_0.0_unet-m_day08.h5

Epoch 18: val_loss did not improve from 0.00011

Epoch 31: val_loss did not improve from 0.00015

Epoch 11: val_loss improved from 0.00020 to 0.00018, saving model to /p/project1/cesmtst/patakchiyousefi1/HPT/mse_64_1e-05_1e-17_0.5_4_2_16_0.5_128_0.0_unet-m_day08.h5

Epoch 6: val_loss improved from 0.00031 to 0.00013, saving model to /p/project1/cesmtst/patakchiyousefi1/HPT/mse_64_1e-05_1e-17_0.5_4_1_16_0.5_128_0.0_unet-m_day08.h5

Epoch 31: val_loss did not improve from 0.00013

Epoch 32: val_loss did not improve from 0.00015

Epoch 19: val_loss did not improve from 0.00020

Epoch 19: val_loss did not improve from 0.00011

Epoch 32: val_loss improved from 0.00013 to 0.00013, saving model to /p/project1/cesmtst/patakchiyousefi1/HPT/mse_64_0.0001_1e-17_0.5_4_8_16_0.5_128_0.0_unet-m_day08.h5

Epoch 11: val_loss did not improve from 0.00011

Epoch 33: val_loss did not improve from 0.00015

Epoch 6: val_loss did not improve from 0.00012

Epoch 11: val_loss did not improve from 0.00012

Epoch 33: val_loss did not improve from 0.00013

Epoch 34: val_loss improved from 0.00015 to 0.00014, saving model to /p/project1/cesmtst/patakchiyousefi1/HPT/mse_64_1e-05_1e-17_0.5_4_8_16_0.5_128_0.0_unet-m_day08.h5

Epoch 20: val_loss did not improve from 0.00020

Epoch 6: val_loss improved from 0.00013 to 0.00012, saving model to /p/project1/cesmtst/patakchiyousefi1/HPT/mse_64_0.001_1e-17_0.5_4_1_16_0.5_128_0.0_unet-m_day08.h5

Epoch 20: val_loss did not improve from 0.00011

Epoch 12: val_loss did not improve from 0.00018

Epoch 34: val_loss did not improve from 0.00013

Epoch 35: val_loss improved from 0.00014 to 0.00014, saving model to /p/project1/cesmtst/patakchiyousefi1/HPT/mse_64_1e-05_1e-17_0.5_4_8_16_0.5_128_0.0_unet-m_day08.h5

Epoch 35: val_loss did not improve from 0.00013

Epoch 21: val_loss did not improve from 0.00011

Epoch 12: val_loss improved from 0.00011 to 0.00011, saving model to /p/project1/cesmtst/patakchiyousefi1/HPT/mse_64_0.0001_1e-17_0.5_4_2_16_0.5_128_0.0_unet-m_day08.h5

Epoch 36: val_loss improved from 0.00014 to 0.00014, saving model to /p/project1/cesmtst/patakchiyousefi1/HPT/mse_64_1e-05_1e-17_0.5_4_8_16_0.5_128_0.0_unet-m_day08.h5

Epoch 12: val_loss did not improve from 0.00012

Epoch 36: val_loss did not improve from 0.00013

Epoch 37: val_loss improved from 0.00014 to 0.00014, saving model to /p/project1/cesmtst/patakchiyousefi1/HPT/mse_64_1e-05_1e-17_0.5_4_8_16_0.5_128_0.0_unet-m_day08.h5

Epoch 7: val_loss improved from 0.00013 to 0.00012, saving model to /p/project1/cesmtst/patakchiyousefi1/HPT/mse_64_1e-05_1e-17_0.5_4_1_16_0.5_128_0.0_unet-m_day08.h5

Epoch 21: val_loss did not improve from 0.00020

Epoch 22: val_loss did not improve from 0.00011

Epoch 13: val_loss improved from 0.00018 to 0.00013, saving model to /p/project1/cesmtst/patakchiyousefi1/HPT/mse_64_1e-05_1e-17_0.5_4_2_16_0.5_128_0.0_unet-m_day08.h5

Epoch 37: val_loss did not improve from 0.00013

Epoch 38: val_loss improved from 0.00014 to 0.00014, saving model to /p/project1/cesmtst/patakchiyousefi1/HPT/mse_64_1e-05_1e-17_0.5_4_8_16_0.5_128_0.0_unet-m_day08.h5

Epoch 38: val_loss did not improve from 0.00013

Epoch 7: val_loss did not improve from 0.00012

Epoch 13: val_loss did not improve from 0.00011

Epoch 39: val_loss improved from 0.00014 to 0.00014, saving model to /p/project1/cesmtst/patakchiyousefi1/HPT/mse_64_1e-05_1e-17_0.5_4_8_16_0.5_128_0.0_unet-m_day08.h5

Epoch 22: val_loss did not improve from 0.00020

Epoch 23: val_loss did not improve from 0.00011
Saving and plotting the results...

Epoch 13: val_loss did not improve from 0.00012

Epoch 39: val_loss did not improve from 0.00013

Epoch 7: val_loss did not improve from 0.00012

Epoch 40: val_loss improved from 0.00014 to 0.00014, saving model to /p/project1/cesmtst/patakchiyousefi1/HPT/mse_64_1e-05_1e-17_0.5_4_8_16_0.5_128_0.0_unet-m_day08.h5

Epoch 23: val_loss did not improve from 0.00020

Epoch 14: val_loss improved from 0.00013 to 0.00012, saving model to /p/project1/cesmtst/patakchiyousefi1/HPT/mse_64_1e-05_1e-17_0.5_4_2_16_0.5_128_0.0_unet-m_day08.h5

Epoch 40: val_loss did not improve from 0.00013

Epoch 41: val_loss improved from 0.00014 to 0.00014, saving model to /p/project1/cesmtst/patakchiyousefi1/HPT/mse_64_1e-05_1e-17_0.5_4_8_16_0.5_128_0.0_unet-m_day08.h5

Epoch 41: val_loss improved from 0.00013 to 0.00012, saving model to /p/project1/cesmtst/patakchiyousefi1/HPT/mse_64_0.0001_1e-17_0.5_4_8_16_0.5_128_0.0_unet-m_day08.h5

Epoch 14: val_loss did not improve from 0.00011

Epoch 42: val_loss improved from 0.00014 to 0.00014, saving model to /p/project1/cesmtst/patakchiyousefi1/HPT/mse_64_1e-05_1e-17_0.5_4_8_16_0.5_128_0.0_unet-m_day08.h5

Epoch 24: val_loss did not improve from 0.00020

Epoch 14: val_loss did not improve from 0.00012

Epoch 42: val_loss did not improve from 0.00012

Epoch 8: val_loss improved from 0.00012 to 0.00012, saving model to /p/project1/cesmtst/patakchiyousefi1/HPT/mse_64_1e-05_1e-17_0.5_4_1_16_0.5_128_0.0_unet-m_day08.h5

Epoch 43: val_loss improved from 0.00014 to 0.00014, saving model to /p/project1/cesmtst/patakchiyousefi1/HPT/mse_64_1e-05_1e-17_0.5_4_8_16_0.5_128_0.0_unet-m_day08.h5

Epoch 15: val_loss improved from 0.00012 to 0.00012, saving model to /p/project1/cesmtst/patakchiyousefi1/HPT/mse_64_1e-05_1e-17_0.5_4_2_16_0.5_128_0.0_unet-m_day08.h5

Epoch 43: val_loss did not improve from 0.00012

Epoch 44: val_loss improved from 0.00014 to 0.00014, saving model to /p/project1/cesmtst/patakchiyousefi1/HPT/mse_64_1e-05_1e-17_0.5_4_8_16_0.5_128_0.0_unet-m_day08.h5

Epoch 25: val_loss did not improve from 0.00020

Epoch 8: val_loss improved from 0.00012 to 0.00012, saving model to /p/project1/cesmtst/patakchiyousefi1/HPT/mse_64_0.0001_1e-17_0.5_4_1_16_0.5_128_0.0_unet-m_day08.h5

Epoch 44: val_loss did not improve from 0.00012

Epoch 15: val_loss did not improve from 0.00011

Epoch 45: val_loss improved from 0.00014 to 0.00014, saving model to /p/project1/cesmtst/patakchiyousefi1/HPT/mse_64_1e-05_1e-17_0.5_4_8_16_0.5_128_0.0_unet-m_day08.h5

Epoch 8: val_loss improved from 0.00012 to 0.00012, saving model to /p/project1/cesmtst/patakchiyousefi1/HPT/mse_64_0.001_1e-17_0.5_4_1_16_0.5_128_0.0_unet-m_day08.h5

Epoch 45: val_loss did not improve from 0.00012

Epoch 26: val_loss improved from 0.00020 to 0.00019, saving model to /p/project1/cesmtst/patakchiyousefi1/HPT/mse_64_1e-05_1e-17_0.5_4_4_16_0.5_128_0.0_unet-m_day08.h5

Epoch 46: val_loss improved from 0.00014 to 0.00014, saving model to /p/project1/cesmtst/patakchiyousefi1/HPT/mse_64_1e-05_1e-17_0.5_4_8_16_0.5_128_0.0_unet-m_day08.h5

Epoch 15: val_loss did not improve from 0.00012

Epoch 46: val_loss improved from 0.00012 to 0.00012, saving model to /p/project1/cesmtst/patakchiyousefi1/HPT/mse_64_0.0001_1e-17_0.5_4_8_16_0.5_128_0.0_unet-m_day08.h5

Epoch 47: val_loss improved from 0.00014 to 0.00014, saving model to /p/project1/cesmtst/patakchiyousefi1/HPT/mse_64_1e-05_1e-17_0.5_4_8_16_0.5_128_0.0_unet-m_day08.h5

Epoch 16: val_loss improved from 0.00012 to 0.00011, saving model to /p/project1/cesmtst/patakchiyousefi1/HPT/mse_64_1e-05_1e-17_0.5_4_2_16_0.5_128_0.0_unet-m_day08.h5

Epoch 27: val_loss did not improve from 0.00019

Epoch 47: val_loss improved from 0.00012 to 0.00012, saving model to /p/project1/cesmtst/patakchiyousefi1/HPT/mse_64_0.0001_1e-17_0.5_4_8_16_0.5_128_0.0_unet-m_day08.h5

Epoch 16: val_loss did not improve from 0.00011

Epoch 48: val_loss improved from 0.00014 to 0.00014, saving model to /p/project1/cesmtst/patakchiyousefi1/HPT/mse_64_1e-05_1e-17_0.5_4_8_16_0.5_128_0.0_unet-m_day08.h5

Epoch 9: val_loss improved from 0.00012 to 0.00012, saving model to /p/project1/cesmtst/patakchiyousefi1/HPT/mse_64_1e-05_1e-17_0.5_4_1_16_0.5_128_0.0_unet-m_day08.h5

Epoch 48: val_loss improved from 0.00012 to 0.00012, saving model to /p/project1/cesmtst/patakchiyousefi1/HPT/mse_64_0.0001_1e-17_0.5_4_8_16_0.5_128_0.0_unet-m_day08.h5

Epoch 16: val_loss did not improve from 0.00012

Epoch 49: val_loss improved from 0.00014 to 0.00014, saving model to /p/project1/cesmtst/patakchiyousefi1/HPT/mse_64_1e-05_1e-17_0.5_4_8_16_0.5_128_0.0_unet-m_day08.h5

Epoch 28: val_loss improved from 0.00019 to 0.00019, saving model to /p/project1/cesmtst/patakchiyousefi1/HPT/mse_64_1e-05_1e-17_0.5_4_4_16_0.5_128_0.0_unet-m_day08.h5

Epoch 49: val_loss improved from 0.00012 to 0.00012, saving model to /p/project1/cesmtst/patakchiyousefi1/HPT/mse_64_0.0001_1e-17_0.5_4_8_16_0.5_128_0.0_unet-m_day08.h5

Epoch 17: val_loss improved from 0.00011 to 0.00011, saving model to /p/project1/cesmtst/patakchiyousefi1/HPT/mse_64_1e-05_1e-17_0.5_4_2_16_0.5_128_0.0_unet-m_day08.h5

Epoch 50: val_loss improved from 0.00014 to 0.00014, saving model to /p/project1/cesmtst/patakchiyousefi1/HPT/mse_64_1e-05_1e-17_0.5_4_8_16_0.5_128_0.0_unet-m_day08.h5
train_data_hourly_pr_['ADAPTER_DE05.day08.merged.nc']_['ADAPTER_DE05.day01.merged.nc']_MM_1__model_only_128.256_2018-01-01T13_2022-12-31T23_no_na_land
Loading training data...
Data loaded!
mse_64_0.001_1e-17_0.5_4_4_16_0.5_128_0.0_unet-m_day08
Training the model...

Epoch 1: val_loss improved from inf to 0.00031, saving model to /p/project1/cesmtst/patakchiyousefi1/HPT/mse_64_0.001_1e-17_0.5_4_4_16_0.5_128_0.0_unet-m_day08.h5

Epoch 9: val_loss improved from 0.00012 to 0.00011, saving model to /p/project1/cesmtst/patakchiyousefi1/HPT/mse_64_0.0001_1e-17_0.5_4_1_16_0.5_128_0.0_unet-m_day08.h5

Epoch 50: val_loss improved from 0.00012 to 0.00012, saving model to /p/project1/cesmtst/patakchiyousefi1/HPT/mse_64_0.0001_1e-17_0.5_4_8_16_0.5_128_0.0_unet-m_day08.h5

Epoch 17: val_loss did not improve from 0.00011

Epoch 29: val_loss did not improve from 0.00019

Epoch 51: val_loss did not improve from 0.00014

Epoch 9: val_loss did not improve from 0.00012

Epoch 51: val_loss did not improve from 0.00012

Epoch 2: val_loss improved from 0.00031 to 0.00013, saving model to /p/project1/cesmtst/patakchiyousefi1/HPT/mse_64_0.001_1e-17_0.5_4_4_16_0.5_128_0.0_unet-m_day08.h5

Epoch 52: val_loss improved from 0.00014 to 0.00014, saving model to /p/project1/cesmtst/patakchiyousefi1/HPT/mse_64_1e-05_1e-17_0.5_4_8_16_0.5_128_0.0_unet-m_day08.h5

Epoch 17: val_loss improved from 0.00012 to 0.00011, saving model to /p/project1/cesmtst/patakchiyousefi1/HPT/mse_64_0.001_1e-17_0.5_4_2_16_0.5_128_0.0_unet-m_day08.h5

Epoch 30: val_loss did not improve from 0.00019

Epoch 52: val_loss improved from 0.00012 to 0.00012, saving model to /p/project1/cesmtst/patakchiyousefi1/HPT/mse_64_0.0001_1e-17_0.5_4_8_16_0.5_128_0.0_unet-m_day08.h5

Epoch 53: val_loss improved from 0.00014 to 0.00014, saving model to /p/project1/cesmtst/patakchiyousefi1/HPT/mse_64_1e-05_1e-17_0.5_4_8_16_0.5_128_0.0_unet-m_day08.h5

Epoch 18: val_loss improved from 0.00011 to 0.00011, saving model to /p/project1/cesmtst/patakchiyousefi1/HPT/mse_64_1e-05_1e-17_0.5_4_2_16_0.5_128_0.0_unet-m_day08.h5

Epoch 3: val_loss improved from 0.00013 to 0.00012, saving model to /p/project1/cesmtst/patakchiyousefi1/HPT/mse_64_0.001_1e-17_0.5_4_4_16_0.5_128_0.0_unet-m_day08.h5

Epoch 53: val_loss did not improve from 0.00012

Epoch 18: val_loss did not improve from 0.00011

Epoch 54: val_loss improved from 0.00014 to 0.00014, saving model to /p/project1/cesmtst/patakchiyousefi1/HPT/mse_64_1e-05_1e-17_0.5_4_8_16_0.5_128_0.0_unet-m_day08.h5

Epoch 10: val_loss improved from 0.00012 to 0.00012, saving model to /p/project1/cesmtst/patakchiyousefi1/HPT/mse_64_1e-05_1e-17_0.5_4_1_16_0.5_128_0.0_unet-m_day08.h5

Epoch 31: val_loss did not improve from 0.00019

Epoch 54: val_loss improved from 0.00012 to 0.00012, saving model to /p/project1/cesmtst/patakchiyousefi1/HPT/mse_64_0.0001_1e-17_0.5_4_8_16_0.5_128_0.0_unet-m_day08.h5

Epoch 55: val_loss improved from 0.00014 to 0.00014, saving model to /p/project1/cesmtst/patakchiyousefi1/HPT/mse_64_1e-05_1e-17_0.5_4_8_16_0.5_128_0.0_unet-m_day08.h5

Epoch 18: val_loss improved from 0.00011 to 0.00011, saving model to /p/project1/cesmtst/patakchiyousefi1/HPT/mse_64_0.001_1e-17_0.5_4_2_16_0.5_128_0.0_unet-m_day08.h5

Epoch 4: val_loss did not improve from 0.00012

Epoch 55: val_loss improved from 0.00012 to 0.00012, saving model to /p/project1/cesmtst/patakchiyousefi1/HPT/mse_64_0.0001_1e-17_0.5_4_8_16_0.5_128_0.0_unet-m_day08.h5

Epoch 10: val_loss did not improve from 0.00011

Epoch 32: val_loss did not improve from 0.00019

Epoch 56: val_loss did not improve from 0.00014

Epoch 19: val_loss improved from 0.00011 to 0.00011, saving model to /p/project1/cesmtst/patakchiyousefi1/HPT/mse_64_1e-05_1e-17_0.5_4_2_16_0.5_128_0.0_unet-m_day08.h5

Epoch 10: val_loss did not improve from 0.00012

Epoch 56: val_loss improved from 0.00012 to 0.00012, saving model to /p/project1/cesmtst/patakchiyousefi1/HPT/mse_64_0.0001_1e-17_0.5_4_8_16_0.5_128_0.0_unet-m_day08.h5

Epoch 5: val_loss did not improve from 0.00012

Epoch 19: val_loss did not improve from 0.00011

Epoch 57: val_loss improved from 0.00014 to 0.00014, saving model to /p/project1/cesmtst/patakchiyousefi1/HPT/mse_64_1e-05_1e-17_0.5_4_8_16_0.5_128_0.0_unet-m_day08.h5

Epoch 33: val_loss improved from 0.00019 to 0.00017, saving model to /p/project1/cesmtst/patakchiyousefi1/HPT/mse_64_1e-05_1e-17_0.5_4_4_16_0.5_128_0.0_unet-m_day08.h5

Epoch 57: val_loss improved from 0.00012 to 0.00012, saving model to /p/project1/cesmtst/patakchiyousefi1/HPT/mse_64_0.0001_1e-17_0.5_4_8_16_0.5_128_0.0_unet-m_day08.h5

Epoch 58: val_loss improved from 0.00014 to 0.00014, saving model to /p/project1/cesmtst/patakchiyousefi1/HPT/mse_64_1e-05_1e-17_0.5_4_8_16_0.5_128_0.0_unet-m_day08.h5

Epoch 19: val_loss did not improve from 0.00011

Epoch 6: val_loss did not improve from 0.00012

Epoch 58: val_loss improved from 0.00012 to 0.00012, saving model to /p/project1/cesmtst/patakchiyousefi1/HPT/mse_64_0.0001_1e-17_0.5_4_8_16_0.5_128_0.0_unet-m_day08.h5

Epoch 59: val_loss did not improve from 0.00014

Epoch 20: val_loss improved from 0.00011 to 0.00011, saving model to /p/project1/cesmtst/patakchiyousefi1/HPT/mse_64_1e-05_1e-17_0.5_4_2_16_0.5_128_0.0_unet-m_day08.h5

Epoch 34: val_loss did not improve from 0.00017

Epoch 11: val_loss improved from 0.00012 to 0.00012, saving model to /p/project1/cesmtst/patakchiyousefi1/HPT/mse_64_1e-05_1e-17_0.5_4_1_16_0.5_128_0.0_unet-m_day08.h5

Epoch 59: val_loss did not improve from 0.00012

Epoch 60: val_loss did not improve from 0.00014

Epoch 20: val_loss did not improve from 0.00011

Epoch 7: val_loss did not improve from 0.00012

Epoch 60: val_loss improved from 0.00012 to 0.00012, saving model to /p/project1/cesmtst/patakchiyousefi1/HPT/mse_64_0.0001_1e-17_0.5_4_8_16_0.5_128_0.0_unet-m_day08.h5

Epoch 61: val_loss did not improve from 0.00014

Epoch 35: val_loss did not improve from 0.00017

Epoch 20: val_loss improved from 0.00011 to 0.00011, saving model to /p/project1/cesmtst/patakchiyousefi1/HPT/mse_64_0.001_1e-17_0.5_4_2_16_0.5_128_0.0_unet-m_day08.h5

Epoch 61: val_loss improved from 0.00012 to 0.00012, saving model to /p/project1/cesmtst/patakchiyousefi1/HPT/mse_64_0.0001_1e-17_0.5_4_8_16_0.5_128_0.0_unet-m_day08.h5

Epoch 62: val_loss improved from 0.00014 to 0.00014, saving model to /p/project1/cesmtst/patakchiyousefi1/HPT/mse_64_1e-05_1e-17_0.5_4_8_16_0.5_128_0.0_unet-m_day08.h5

Epoch 21: val_loss did not improve from 0.00011

Epoch 11: val_loss improved from 0.00011 to 0.00011, saving model to /p/project1/cesmtst/patakchiyousefi1/HPT/mse_64_0.0001_1e-17_0.5_4_1_16_0.5_128_0.0_unet-m_day08.h5

Epoch 36: val_loss did not improve from 0.00017

Epoch 62: val_loss improved from 0.00012 to 0.00012, saving model to /p/project1/cesmtst/patakchiyousefi1/HPT/mse_64_0.0001_1e-17_0.5_4_8_16_0.5_128_0.0_unet-m_day08.h5

Epoch 63: val_loss improved from 0.00014 to 0.00014, saving model to /p/project1/cesmtst/patakchiyousefi1/HPT/mse_64_1e-05_1e-17_0.5_4_8_16_0.5_128_0.0_unet-m_day08.h5

Epoch 21: val_loss did not improve from 0.00011

Epoch 11: val_loss did not improve from 0.00012

Epoch 8: val_loss improved from 0.00012 to 0.00012, saving model to /p/project1/cesmtst/patakchiyousefi1/HPT/mse_64_0.001_1e-17_0.5_4_4_16_0.5_128_0.0_unet-m_day08.h5

Epoch 63: val_loss improved from 0.00012 to 0.00012, saving model to /p/project1/cesmtst/patakchiyousefi1/HPT/mse_64_0.0001_1e-17_0.5_4_8_16_0.5_128_0.0_unet-m_day08.h5

Epoch 64: val_loss did not improve from 0.00014

Epoch 21: val_loss did not improve from 0.00011

Epoch 37: val_loss did not improve from 0.00017

Epoch 64: val_loss improved from 0.00012 to 0.00012, saving model to /p/project1/cesmtst/patakchiyousefi1/HPT/mse_64_0.0001_1e-17_0.5_4_8_16_0.5_128_0.0_unet-m_day08.h5

Epoch 65: val_loss did not improve from 0.00014

Epoch 9: val_loss improved from 0.00012 to 0.00011, saving model to /p/project1/cesmtst/patakchiyousefi1/HPT/mse_64_0.001_1e-17_0.5_4_4_16_0.5_128_0.0_unet-m_day08.h5

Epoch 22: val_loss did not improve from 0.00011

Epoch 12: val_loss did not improve from 0.00012

Epoch 65: val_loss did not improve from 0.00012

Epoch 66: val_loss did not improve from 0.00014

Epoch 22: val_loss did not improve from 0.00011

Epoch 38: val_loss improved from 0.00017 to 0.00017, saving model to /p/project1/cesmtst/patakchiyousefi1/HPT/mse_64_1e-05_1e-17_0.5_4_4_16_0.5_128_0.0_unet-m_day08.h5

Epoch 10: val_loss did not improve from 0.00011

Epoch 66: val_loss did not improve from 0.00012

Epoch 67: val_loss did not improve from 0.00014

Epoch 22: val_loss did not improve from 0.00011

Epoch 67: val_loss did not improve from 0.00012

Epoch 39: val_loss did not improve from 0.00017

Epoch 68: val_loss did not improve from 0.00014

Epoch 23: val_loss did not improve from 0.00011

Epoch 11: val_loss did not improve from 0.00011

Epoch 12: val_loss did not improve from 0.00012

Epoch 68: val_loss did not improve from 0.00012

Epoch 12: val_loss did not improve from 0.00011

Epoch 69: val_loss did not improve from 0.00014

Epoch 23: val_loss did not improve from 0.00011

Epoch 40: val_loss did not improve from 0.00017

Epoch 69: val_loss improved from 0.00012 to 0.00012, saving model to /p/project1/cesmtst/patakchiyousefi1/HPT/mse_64_0.0001_1e-17_0.5_4_8_16_0.5_128_0.0_unet-m_day08.h5

Epoch 70: val_loss did not improve from 0.00014

Epoch 12: val_loss did not improve from 0.00011

Epoch 23: val_loss did not improve from 0.00011

Epoch 70: val_loss did not improve from 0.00012

Epoch 71: val_loss did not improve from 0.00014

Epoch 13: val_loss improved from 0.00012 to 0.00012, saving model to /p/project1/cesmtst/patakchiyousefi1/HPT/mse_64_1e-05_1e-17_0.5_4_1_16_0.5_128_0.0_unet-m_day08.h5

Epoch 41: val_loss improved from 0.00017 to 0.00017, saving model to /p/project1/cesmtst/patakchiyousefi1/HPT/mse_64_1e-05_1e-17_0.5_4_4_16_0.5_128_0.0_unet-m_day08.h5

Epoch 24: val_loss did not improve from 0.00011

Epoch 71: val_loss did not improve from 0.00012

Epoch 13: val_loss did not improve from 0.00011

Epoch 72: val_loss improved from 0.00014 to 0.00013, saving model to /p/project1/cesmtst/patakchiyousefi1/HPT/mse_64_1e-05_1e-17_0.5_4_8_16_0.5_128_0.0_unet-m_day08.h5

Epoch 24: val_loss did not improve from 0.00011

Epoch 72: val_loss did not improve from 0.00012

Epoch 73: val_loss did not improve from 0.00013

Epoch 42: val_loss improved from 0.00017 to 0.00017, saving model to /p/project1/cesmtst/patakchiyousefi1/HPT/mse_64_1e-05_1e-17_0.5_4_4_16_0.5_128_0.0_unet-m_day08.h5

Epoch 24: val_loss did not improve from 0.00011

Epoch 14: val_loss did not improve from 0.00011

Epoch 73: val_loss did not improve from 0.00012

Epoch 74: val_loss did not improve from 0.00013

Epoch 25: val_loss did not improve from 0.00011

Epoch 13: val_loss did not improve from 0.00011

Epoch 43: val_loss improved from 0.00017 to 0.00017, saving model to /p/project1/cesmtst/patakchiyousefi1/HPT/mse_64_1e-05_1e-17_0.5_4_4_16_0.5_128_0.0_unet-m_day08.h5

Epoch 74: val_loss improved from 0.00012 to 0.00012, saving model to /p/project1/cesmtst/patakchiyousefi1/HPT/mse_64_0.0001_1e-17_0.5_4_8_16_0.5_128_0.0_unet-m_day08.h5

Epoch 75: val_loss improved from 0.00013 to 0.00013, saving model to /p/project1/cesmtst/patakchiyousefi1/HPT/mse_64_1e-05_1e-17_0.5_4_8_16_0.5_128_0.0_unet-m_day08.h5

Epoch 25: val_loss did not improve from 0.00011

Epoch 13: val_loss did not improve from 0.00012

Epoch 15: val_loss did not improve from 0.00011

Epoch 75: val_loss did not improve from 0.00012

Epoch 76: val_loss improved from 0.00013 to 0.00013, saving model to /p/project1/cesmtst/patakchiyousefi1/HPT/mse_64_1e-05_1e-17_0.5_4_8_16_0.5_128_0.0_unet-m_day08.h5

Epoch 25: val_loss did not improve from 0.00011

Epoch 44: val_loss did not improve from 0.00017

Epoch 14: val_loss improved from 0.00012 to 0.00011, saving model to /p/project1/cesmtst/patakchiyousefi1/HPT/mse_64_1e-05_1e-17_0.5_4_1_16_0.5_128_0.0_unet-m_day08.h5

Epoch 76: val_loss did not improve from 0.00012

Epoch 77: val_loss did not improve from 0.00013

Epoch 16: val_loss did not improve from 0.00011

Epoch 26: val_loss did not improve from 0.00011

Epoch 78: val_loss did not improve from 0.00013

Epoch 45: val_loss did not improve from 0.00017

Epoch 26: val_loss did not improve from 0.00011

Epoch 77: val_loss improved from 0.00012 to 0.00012, saving model to /p/project1/cesmtst/patakchiyousefi1/HPT/mse_64_0.0001_1e-17_0.5_4_8_16_0.5_128_0.0_unet-m_day08.h5

Epoch 17: val_loss did not improve from 0.00011

Epoch 79: val_loss improved from 0.00013 to 0.00013, saving model to /p/project1/cesmtst/patakchiyousefi1/HPT/mse_64_1e-05_1e-17_0.5_4_8_16_0.5_128_0.0_unet-m_day08.h5

Epoch 26: val_loss did not improve from 0.00011

Epoch 46: val_loss improved from 0.00017 to 0.00017, saving model to /p/project1/cesmtst/patakchiyousefi1/HPT/mse_64_1e-05_1e-17_0.5_4_4_16_0.5_128_0.0_unet-m_day08.h5

Epoch 80: val_loss improved from 0.00013 to 0.00013, saving model to /p/project1/cesmtst/patakchiyousefi1/HPT/mse_64_1e-05_1e-17_0.5_4_8_16_0.5_128_0.0_unet-m_day08.h5

Epoch 78: val_loss improved from 0.00012 to 0.00012, saving model to /p/project1/cesmtst/patakchiyousefi1/HPT/mse_64_0.0001_1e-17_0.5_4_8_16_0.5_128_0.0_unet-m_day08.h5

Epoch 14: val_loss did not improve from 0.00011

Epoch 18: val_loss improved from 0.00011 to 0.00011, saving model to /p/project1/cesmtst/patakchiyousefi1/HPT/mse_64_0.001_1e-17_0.5_4_4_16_0.5_128_0.0_unet-m_day08.h5

Epoch 27: val_loss did not improve from 0.00011

Epoch 14: val_loss did not improve from 0.00012

Epoch 81: val_loss did not improve from 0.00013

Epoch 79: val_loss did not improve from 0.00012

Epoch 27: val_loss did not improve from 0.00011

Epoch 47: val_loss did not improve from 0.00017

Epoch 82: val_loss improved from 0.00013 to 0.00013, saving model to /p/project1/cesmtst/patakchiyousefi1/HPT/mse_64_1e-05_1e-17_0.5_4_8_16_0.5_128_0.0_unet-m_day08.h5

Epoch 80: val_loss did not improve from 0.00012

Epoch 19: val_loss improved from 0.00011 to 0.00011, saving model to /p/project1/cesmtst/patakchiyousefi1/HPT/mse_64_0.001_1e-17_0.5_4_4_16_0.5_128_0.0_unet-m_day08.h5

Epoch 15: val_loss improved from 0.00011 to 0.00011, saving model to /p/project1/cesmtst/patakchiyousefi1/HPT/mse_64_1e-05_1e-17_0.5_4_1_16_0.5_128_0.0_unet-m_day08.h5

Epoch 27: val_loss did not improve from 0.00011

Epoch 83: val_loss improved from 0.00013 to 0.00013, saving model to /p/project1/cesmtst/patakchiyousefi1/HPT/mse_64_1e-05_1e-17_0.5_4_8_16_0.5_128_0.0_unet-m_day08.h5

Epoch 81: val_loss did not improve from 0.00012

Epoch 48: val_loss did not improve from 0.00017

Epoch 28: val_loss did not improve from 0.00011

Epoch 20: val_loss did not improve from 0.00011

Epoch 84: val_loss did not improve from 0.00013

Epoch 82: val_loss improved from 0.00012 to 0.00012, saving model to /p/project1/cesmtst/patakchiyousefi1/HPT/mse_64_0.0001_1e-17_0.5_4_8_16_0.5_128_0.0_unet-m_day08.h5

Epoch 28: val_loss did not improve from 0.00011
Saving and plotting the results...

Epoch 85: val_loss improved from 0.00013 to 0.00013, saving model to /p/project1/cesmtst/patakchiyousefi1/HPT/mse_64_1e-05_1e-17_0.5_4_8_16_0.5_128_0.0_unet-m_day08.h5

Epoch 49: val_loss did not improve from 0.00017

Epoch 83: val_loss did not improve from 0.00012

Epoch 28: val_loss did not improve from 0.00011

Epoch 21: val_loss did not improve from 0.00011

Epoch 15: val_loss did not improve from 0.00011

Epoch 86: val_loss did not improve from 0.00013

Epoch 84: val_loss did not improve from 0.00012

Epoch 29: val_loss did not improve from 0.00011

Epoch 15: val_loss did not improve from 0.00012

Epoch 50: val_loss did not improve from 0.00017

Epoch 87: val_loss improved from 0.00013 to 0.00013, saving model to /p/project1/cesmtst/patakchiyousefi1/HPT/mse_64_1e-05_1e-17_0.5_4_8_16_0.5_128_0.0_unet-m_day08.h5

Epoch 85: val_loss did not improve from 0.00012

Epoch 22: val_loss did not improve from 0.00011

Epoch 88: val_loss improved from 0.00013 to 0.00013, saving model to /p/project1/cesmtst/patakchiyousefi1/HPT/mse_64_1e-05_1e-17_0.5_4_8_16_0.5_128_0.0_unet-m_day08.h5

Epoch 86: val_loss did not improve from 0.00012

Epoch 29: val_loss did not improve from 0.00011

Epoch 51: val_loss improved from 0.00017 to 0.00016, saving model to /p/project1/cesmtst/patakchiyousefi1/HPT/mse_64_1e-05_1e-17_0.5_4_4_16_0.5_128_0.0_unet-m_day08.h5

Epoch 16: val_loss improved from 0.00011 to 0.00011, saving model to /p/project1/cesmtst/patakchiyousefi1/HPT/mse_64_1e-05_1e-17_0.5_4_1_16_0.5_128_0.0_unet-m_day08.h5

Epoch 89: val_loss improved from 0.00013 to 0.00013, saving model to /p/project1/cesmtst/patakchiyousefi1/HPT/mse_64_1e-05_1e-17_0.5_4_8_16_0.5_128_0.0_unet-m_day08.h5

Epoch 23: val_loss did not improve from 0.00011

Epoch 87: val_loss did not improve from 0.00012

Epoch 30: val_loss did not improve from 0.00011
train_data_hourly_pr_['ADAPTER_DE05.day08.merged.nc']_['ADAPTER_DE05.day01.merged.nc']_MM_1__model_only_128.256_2018-01-01T13_2022-12-31T23_no_na_land
Loading training data...
Data loaded!
mse_64_0.01_1e-17_0.5_4_4_16_0.5_128_0.0_unet-m_day08
Training the model...

Epoch 1: val_loss improved from inf to 0.00015, saving model to /p/project1/cesmtst/patakchiyousefi1/HPT/mse_64_0.01_1e-17_0.5_4_4_16_0.5_128_0.0_unet-m_day08.h5

Epoch 90: val_loss improved from 0.00013 to 0.00013, saving model to /p/project1/cesmtst/patakchiyousefi1/HPT/mse_64_1e-05_1e-17_0.5_4_8_16_0.5_128_0.0_unet-m_day08.h5

Epoch 88: val_loss did not improve from 0.00012

Epoch 52: val_loss did not improve from 0.00016

Epoch 24: val_loss did not improve from 0.00011

Epoch 91: val_loss did not improve from 0.00013

Epoch 89: val_loss did not improve from 0.00012

Epoch 2: val_loss did not improve from 0.00015

Epoch 30: val_loss did not improve from 0.00011

Epoch 16: val_loss did not improve from 0.00011

Epoch 53: val_loss improved from 0.00016 to 0.00016, saving model to /p/project1/cesmtst/patakchiyousefi1/HPT/mse_64_1e-05_1e-17_0.5_4_4_16_0.5_128_0.0_unet-m_day08.h5

Epoch 92: val_loss did not improve from 0.00013

Epoch 90: val_loss did not improve from 0.00012

Epoch 16: val_loss did not improve from 0.00012

Epoch 25: val_loss did not improve from 0.00011

Epoch 31: val_loss did not improve from 0.00011

Epoch 93: val_loss improved from 0.00013 to 0.00013, saving model to /p/project1/cesmtst/patakchiyousefi1/HPT/mse_64_1e-05_1e-17_0.5_4_8_16_0.5_128_0.0_unet-m_day08.h5

Epoch 3: val_loss did not improve from 0.00015

Epoch 91: val_loss did not improve from 0.00012

Epoch 54: val_loss improved from 0.00016 to 0.00016, saving model to /p/project1/cesmtst/patakchiyousefi1/HPT/mse_64_1e-05_1e-17_0.5_4_4_16_0.5_128_0.0_unet-m_day08.h5

Epoch 94: val_loss did not improve from 0.00013

Epoch 26: val_loss did not improve from 0.00011

Epoch 92: val_loss did not improve from 0.00012

Epoch 31: val_loss did not improve from 0.00011

Epoch 17: val_loss did not improve from 0.00011

Epoch 4: val_loss did not improve from 0.00015

Epoch 93: val_loss did not improve from 0.00012

Epoch 95: val_loss improved from 0.00013 to 0.00013, saving model to /p/project1/cesmtst/patakchiyousefi1/HPT/mse_64_1e-05_1e-17_0.5_4_8_16_0.5_128_0.0_unet-m_day08.h5

Epoch 55: val_loss did not improve from 0.00016

Epoch 32: val_loss did not improve from 0.00011

Epoch 27: val_loss did not improve from 0.00011

Epoch 94: val_loss did not improve from 0.00012

Epoch 96: val_loss improved from 0.00013 to 0.00013, saving model to /p/project1/cesmtst/patakchiyousefi1/HPT/mse_64_1e-05_1e-17_0.5_4_8_16_0.5_128_0.0_unet-m_day08.h5

Epoch 5: val_loss did not improve from 0.00015

Epoch 56: val_loss did not improve from 0.00016

Epoch 95: val_loss did not improve from 0.00012

Epoch 97: val_loss improved from 0.00013 to 0.00013, saving model to /p/project1/cesmtst/patakchiyousefi1/HPT/mse_64_1e-05_1e-17_0.5_4_8_16_0.5_128_0.0_unet-m_day08.h5

Epoch 17: val_loss did not improve from 0.00011

Epoch 28: val_loss did not improve from 0.00011

Epoch 32: val_loss did not improve from 0.00011

Epoch 17: val_loss did not improve from 0.00012

Epoch 6: val_loss did not improve from 0.00015

Epoch 96: val_loss did not improve from 0.00012

Epoch 98: val_loss improved from 0.00013 to 0.00013, saving model to /p/project1/cesmtst/patakchiyousefi1/HPT/mse_64_1e-05_1e-17_0.5_4_8_16_0.5_128_0.0_unet-m_day08.h5

Epoch 33: val_loss did not improve from 0.00011

Epoch 57: val_loss did not improve from 0.00016

Epoch 29: val_loss did not improve from 0.00011

Epoch 97: val_loss did not improve from 0.00012

Epoch 99: val_loss did not improve from 0.00013

Epoch 7: val_loss did not improve from 0.00015

Epoch 100: val_loss did not improve from 0.00013

Epoch 18: val_loss did not improve from 0.00011

Epoch 98: val_loss did not improve from 0.00012
Saving and plotting the results...

Epoch 58: val_loss did not improve from 0.00016

Epoch 33: val_loss did not improve from 0.00011

Epoch 30: val_loss did not improve from 0.00011

Epoch 101: val_loss did not improve from 0.00013

Epoch 8: val_loss did not improve from 0.00015

Epoch 34: val_loss did not improve from 0.00011

Epoch 102: val_loss improved from 0.00013 to 0.00013, saving model to /p/project1/cesmtst/patakchiyousefi1/HPT/mse_64_1e-05_1e-17_0.5_4_8_16_0.5_128_0.0_unet-m_day08.h5

Epoch 59: val_loss did not improve from 0.00016

Epoch 31: val_loss did not improve from 0.00011

Epoch 9: val_loss did not improve from 0.00015

Epoch 18: val_loss did not improve from 0.00011

Epoch 103: val_loss improved from 0.00013 to 0.00013, saving model to /p/project1/cesmtst/patakchiyousefi1/HPT/mse_64_1e-05_1e-17_0.5_4_8_16_0.5_128_0.0_unet-m_day08.h5

Epoch 18: val_loss did not improve from 0.00012

Epoch 34: val_loss did not improve from 0.00011

Epoch 60: val_loss did not improve from 0.00016

Epoch 104: val_loss improved from 0.00013 to 0.00013, saving model to /p/project1/cesmtst/patakchiyousefi1/HPT/mse_64_1e-05_1e-17_0.5_4_8_16_0.5_128_0.0_unet-m_day08.h5

Epoch 32: val_loss did not improve from 0.00011

Epoch 10: val_loss improved from 0.00015 to 0.00012, saving model to /p/project1/cesmtst/patakchiyousefi1/HPT/mse_64_0.01_1e-17_0.5_4_4_16_0.5_128_0.0_unet-m_day08.h5

Epoch 35: val_loss did not improve from 0.00011

Epoch 105: val_loss improved from 0.00013 to 0.00013, saving model to /p/project1/cesmtst/patakchiyousefi1/HPT/mse_64_1e-05_1e-17_0.5_4_8_16_0.5_128_0.0_unet-m_day08.h5

Epoch 61: val_loss did not improve from 0.00016

Epoch 33: val_loss did not improve from 0.00011

Epoch 19: val_loss did not improve from 0.00011

Epoch 106: val_loss did not improve from 0.00013

Epoch 11: val_loss did not improve from 0.00012

Epoch 35: val_loss did not improve from 0.00011

Epoch 107: val_loss improved from 0.00013 to 0.00013, saving model to /p/project1/cesmtst/patakchiyousefi1/HPT/mse_64_1e-05_1e-17_0.5_4_8_16_0.5_128_0.0_unet-m_day08.h5

Epoch 62: val_loss did not improve from 0.00016

Epoch 34: val_loss did not improve from 0.00011

Epoch 108: val_loss did not improve from 0.00013

Epoch 36: val_loss did not improve from 0.00011

Epoch 12: val_loss improved from 0.00012 to 0.00012, saving model to /p/project1/cesmtst/patakchiyousefi1/HPT/mse_64_0.01_1e-17_0.5_4_4_16_0.5_128_0.0_unet-m_day08.h5
Saving and plotting the results...

Epoch 63: val_loss improved from 0.00016 to 0.00016, saving model to /p/project1/cesmtst/patakchiyousefi1/HPT/mse_64_1e-05_1e-17_0.5_4_4_16_0.5_128_0.0_unet-m_day08.h5

Epoch 109: val_loss did not improve from 0.00013

Epoch 19: val_loss did not improve from 0.00012

Epoch 35: val_loss did not improve from 0.00011
Saving and plotting the results...

Epoch 19: val_loss did not improve from 0.00011

Epoch 36: val_loss did not improve from 0.00011
Saving and plotting the results...

Epoch 13: val_loss did not improve from 0.00012
train_data_hourly_pr_['ADAPTER_DE05.day08.merged.nc']_['ADAPTER_DE05.day01.merged.nc']_MM_1__model_only_128.256_2018-01-01T13_2022-12-31T23_no_na_land
Loading training data...
Data loaded!
mse_64_0.01_1e-17_0.5_4_1_16_0.5_128_0.0_unet-m_day08
Training the model...

Epoch 1: val_loss improved from inf to 0.00098, saving model to /p/project1/cesmtst/patakchiyousefi1/HPT/mse_64_0.01_1e-17_0.5_4_1_16_0.5_128_0.0_unet-m_day08.h5

Epoch 110: val_loss improved from 0.00013 to 0.00013, saving model to /p/project1/cesmtst/patakchiyousefi1/HPT/mse_64_1e-05_1e-17_0.5_4_8_16_0.5_128_0.0_unet-m_day08.h5

Epoch 64: val_loss improved from 0.00016 to 0.00016, saving model to /p/project1/cesmtst/patakchiyousefi1/HPT/mse_64_1e-05_1e-17_0.5_4_4_16_0.5_128_0.0_unet-m_day08.h5

Epoch 111: val_loss did not improve from 0.00013

Epoch 14: val_loss did not improve from 0.00012

Epoch 20: val_loss did not improve from 0.00011

Epoch 112: val_loss did not improve from 0.00013

Epoch 65: val_loss improved from 0.00016 to 0.00016, saving model to /p/project1/cesmtst/patakchiyousefi1/HPT/mse_64_1e-05_1e-17_0.5_4_4_16_0.5_128_0.0_unet-m_day08.h5
train_data_hourly_pr_['ADAPTER_DE05.day08.merged.nc']_['ADAPTER_DE05.day01.merged.nc']_MM_1__model_only_128.256_2018-01-01T13_2022-12-31T23_no_na_land
Loading training data...
Data loaded!
mse_64_0.01_1e-17_0.5_4_8_16_0.5_128_0.0_unet-m_day08
Training the model...

Epoch 1: val_loss improved from inf to 0.00024, saving model to /p/project1/cesmtst/patakchiyousefi1/HPT/mse_64_0.01_1e-17_0.5_4_8_16_0.5_128_0.0_unet-m_day08.h5

Epoch 113: val_loss did not improve from 0.00013

Epoch 15: val_loss did not improve from 0.00012

Epoch 2: val_loss did not improve from 0.00024
train_data_hourly_pr_['ADAPTER_DE05.day08.merged.nc']_['ADAPTER_DE05.day01.merged.nc']_MM_1__model_only_128.256_2018-01-01T13_2022-12-31T23_no_na_land
Loading training data...
Data loaded!
mse_64_0.001_1e-17_0.5_4_8_16_0.5_128_0.0_unet-m_day08
Training the model...

Epoch 1: val_loss improved from inf to 0.00026, saving model to /p/project1/cesmtst/patakchiyousefi1/HPT/mse_64_0.001_1e-17_0.5_4_8_16_0.5_128_0.0_unet-m_day08.h5

Epoch 66: val_loss improved from 0.00016 to 0.00016, saving model to /p/project1/cesmtst/patakchiyousefi1/HPT/mse_64_1e-05_1e-17_0.5_4_4_16_0.5_128_0.0_unet-m_day08.h5

Epoch 114: val_loss did not improve from 0.00013

Epoch 3: val_loss improved from 0.00024 to 0.00019, saving model to /p/project1/cesmtst/patakchiyousefi1/HPT/mse_64_0.01_1e-17_0.5_4_8_16_0.5_128_0.0_unet-m_day08.h5

Epoch 16: val_loss did not improve from 0.00012

Epoch 20: val_loss did not improve from 0.00012

Epoch 2: val_loss improved from 0.00026 to 0.00015, saving model to /p/project1/cesmtst/patakchiyousefi1/HPT/mse_64_0.001_1e-17_0.5_4_8_16_0.5_128_0.0_unet-m_day08.h5

Epoch 115: val_loss did not improve from 0.00013

Epoch 20: val_loss did not improve from 0.00011

Epoch 2: val_loss improved from 0.00098 to 0.00014, saving model to /p/project1/cesmtst/patakchiyousefi1/HPT/mse_64_0.01_1e-17_0.5_4_1_16_0.5_128_0.0_unet-m_day08.h5

Epoch 4: val_loss improved from 0.00019 to 0.00014, saving model to /p/project1/cesmtst/patakchiyousefi1/HPT/mse_64_0.01_1e-17_0.5_4_8_16_0.5_128_0.0_unet-m_day08.h5

Epoch 67: val_loss did not improve from 0.00016

Epoch 3: val_loss improved from 0.00015 to 0.00013, saving model to /p/project1/cesmtst/patakchiyousefi1/HPT/mse_64_0.001_1e-17_0.5_4_8_16_0.5_128_0.0_unet-m_day08.h5

Epoch 116: val_loss did not improve from 0.00013
train_data_hourly_pr_['ADAPTER_DE05.day08.merged.nc']_['ADAPTER_DE05.day01.merged.nc']_MM_1__model_only_128.256_2018-01-01T13_2022-12-31T23_no_na_land
Loading training data...
Data loaded!
mse_64_0.01_1e-17_0.5_4_2_16_0.5_128_0.0_unet-m_day08
Training the model...

Epoch 1: val_loss improved from inf to 0.00043, saving model to /p/project1/cesmtst/patakchiyousefi1/HPT/mse_64_0.01_1e-17_0.5_4_2_16_0.5_128_0.0_unet-m_day08.h5

Epoch 17: val_loss did not improve from 0.00012

Epoch 5: val_loss improved from 0.00014 to 0.00014, saving model to /p/project1/cesmtst/patakchiyousefi1/HPT/mse_64_0.01_1e-17_0.5_4_8_16_0.5_128_0.0_unet-m_day08.h5

Epoch 4: val_loss improved from 0.00013 to 0.00012, saving model to /p/project1/cesmtst/patakchiyousefi1/HPT/mse_64_0.001_1e-17_0.5_4_8_16_0.5_128_0.0_unet-m_day08.h5

Epoch 21: val_loss improved from 0.00011 to 0.00011, saving model to /p/project1/cesmtst/patakchiyousefi1/HPT/mse_64_1e-05_1e-17_0.5_4_1_16_0.5_128_0.0_unet-m_day08.h5

Epoch 68: val_loss did not improve from 0.00016

Epoch 117: val_loss did not improve from 0.00013

Epoch 6: val_loss did not improve from 0.00014

Epoch 5: val_loss improved from 0.00012 to 0.00012, saving model to /p/project1/cesmtst/patakchiyousefi1/HPT/mse_64_0.001_1e-17_0.5_4_8_16_0.5_128_0.0_unet-m_day08.h5

Epoch 18: val_loss did not improve from 0.00012

Epoch 118: val_loss did not improve from 0.00013

Epoch 7: val_loss did not improve from 0.00014

Epoch 6: val_loss improved from 0.00012 to 0.00012, saving model to /p/project1/cesmtst/patakchiyousefi1/HPT/mse_64_0.001_1e-17_0.5_4_8_16_0.5_128_0.0_unet-m_day08.h5

Epoch 2: val_loss improved from 0.00043 to 0.00024, saving model to /p/project1/cesmtst/patakchiyousefi1/HPT/mse_64_0.01_1e-17_0.5_4_2_16_0.5_128_0.0_unet-m_day08.h5

Epoch 69: val_loss improved from 0.00016 to 0.00016, saving model to /p/project1/cesmtst/patakchiyousefi1/HPT/mse_64_1e-05_1e-17_0.5_4_4_16_0.5_128_0.0_unet-m_day08.h5

Epoch 119: val_loss improved from 0.00013 to 0.00013, saving model to /p/project1/cesmtst/patakchiyousefi1/HPT/mse_64_1e-05_1e-17_0.5_4_8_16_0.5_128_0.0_unet-m_day08.h5

Epoch 8: val_loss did not improve from 0.00014

Epoch 19: val_loss did not improve from 0.00012

Epoch 7: val_loss did not improve from 0.00012

Epoch 21: val_loss did not improve from 0.00012

Epoch 9: val_loss improved from 0.00014 to 0.00013, saving model to /p/project1/cesmtst/patakchiyousefi1/HPT/mse_64_0.01_1e-17_0.5_4_8_16_0.5_128_0.0_unet-m_day08.h5

Epoch 120: val_loss did not improve from 0.00013

Epoch 8: val_loss improved from 0.00012 to 0.00012, saving model to /p/project1/cesmtst/patakchiyousefi1/HPT/mse_64_0.001_1e-17_0.5_4_8_16_0.5_128_0.0_unet-m_day08.h5

Epoch 21: val_loss did not improve from 0.00011

Epoch 70: val_loss did not improve from 0.00016

Epoch 3: val_loss did not improve from 0.00014

Epoch 10: val_loss did not improve from 0.00013

Epoch 20: val_loss did not improve from 0.00012

Epoch 121: val_loss did not improve from 0.00013

Epoch 9: val_loss improved from 0.00012 to 0.00012, saving model to /p/project1/cesmtst/patakchiyousefi1/HPT/mse_64_0.001_1e-17_0.5_4_8_16_0.5_128_0.0_unet-m_day08.h5

Epoch 3: val_loss did not improve from 0.00024

Epoch 11: val_loss improved from 0.00013 to 0.00013, saving model to /p/project1/cesmtst/patakchiyousefi1/HPT/mse_64_0.01_1e-17_0.5_4_8_16_0.5_128_0.0_unet-m_day08.h5

Epoch 122: val_loss did not improve from 0.00013

Epoch 71: val_loss improved from 0.00016 to 0.00016, saving model to /p/project1/cesmtst/patakchiyousefi1/HPT/mse_64_1e-05_1e-17_0.5_4_4_16_0.5_128_0.0_unet-m_day08.h5

Epoch 22: val_loss did not improve from 0.00011

Epoch 10: val_loss improved from 0.00012 to 0.00011, saving model to /p/project1/cesmtst/patakchiyousefi1/HPT/mse_64_0.001_1e-17_0.5_4_8_16_0.5_128_0.0_unet-m_day08.h5

Epoch 21: val_loss did not improve from 0.00012

Epoch 12: val_loss did not improve from 0.00013

Epoch 123: val_loss did not improve from 0.00013

Epoch 11: val_loss did not improve from 0.00011

Epoch 72: val_loss did not improve from 0.00016

Epoch 13: val_loss did not improve from 0.00013

Epoch 124: val_loss improved from 0.00013 to 0.00013, saving model to /p/project1/cesmtst/patakchiyousefi1/HPT/mse_64_1e-05_1e-17_0.5_4_8_16_0.5_128_0.0_unet-m_day08.h5

Epoch 12: val_loss did not improve from 0.00011

Epoch 4: val_loss improved from 0.00024 to 0.00015, saving model to /p/project1/cesmtst/patakchiyousefi1/HPT/mse_64_0.01_1e-17_0.5_4_2_16_0.5_128_0.0_unet-m_day08.h5

Epoch 22: val_loss did not improve from 0.00012

Epoch 125: val_loss improved from 0.00013 to 0.00013, saving model to /p/project1/cesmtst/patakchiyousefi1/HPT/mse_64_1e-05_1e-17_0.5_4_8_16_0.5_128_0.0_unet-m_day08.h5

Epoch 13: val_loss did not improve from 0.00011

Epoch 14: val_loss did not improve from 0.00013

Epoch 73: val_loss did not improve from 0.00016

Epoch 22: val_loss did not improve from 0.00012

Epoch 126: val_loss improved from 0.00013 to 0.00013, saving model to /p/project1/cesmtst/patakchiyousefi1/HPT/mse_64_1e-05_1e-17_0.5_4_8_16_0.5_128_0.0_unet-m_day08.h5

Epoch 22: val_loss did not improve from 0.00011

Epoch 4: val_loss did not improve from 0.00014

Epoch 23: val_loss did not improve from 0.00012

Epoch 15: val_loss did not improve from 0.00013

Epoch 14: val_loss did not improve from 0.00011

Epoch 127: val_loss improved from 0.00013 to 0.00013, saving model to /p/project1/cesmtst/patakchiyousefi1/HPT/mse_64_1e-05_1e-17_0.5_4_8_16_0.5_128_0.0_unet-m_day08.h5

Epoch 74: val_loss did not improve from 0.00016

Epoch 16: val_loss improved from 0.00013 to 0.00013, saving model to /p/project1/cesmtst/patakchiyousefi1/HPT/mse_64_0.01_1e-17_0.5_4_8_16_0.5_128_0.0_unet-m_day08.h5

Epoch 5: val_loss did not improve from 0.00015

Epoch 23: val_loss did not improve from 0.00011

Epoch 15: val_loss did not improve from 0.00011

Epoch 128: val_loss improved from 0.00013 to 0.00013, saving model to /p/project1/cesmtst/patakchiyousefi1/HPT/mse_64_1e-05_1e-17_0.5_4_8_16_0.5_128_0.0_unet-m_day08.h5
Saving and plotting the results...

Epoch 24: val_loss did not improve from 0.00012

Epoch 17: val_loss did not improve from 0.00013

Epoch 75: val_loss did not improve from 0.00016

Epoch 16: val_loss did not improve from 0.00011

Epoch 18: val_loss did not improve from 0.00013

Epoch 25: val_loss did not improve from 0.00012

Epoch 17: val_loss did not improve from 0.00011

Epoch 19: val_loss did not improve from 0.00013

Epoch 6: val_loss did not improve from 0.00015

Epoch 76: val_loss improved from 0.00016 to 0.00016, saving model to /p/project1/cesmtst/patakchiyousefi1/HPT/mse_64_1e-05_1e-17_0.5_4_4_16_0.5_128_0.0_unet-m_day08.h5

Epoch 18: val_loss did not improve from 0.00011

Epoch 23: val_loss did not improve from 0.00012

Epoch 26: val_loss did not improve from 0.00012

Epoch 23: val_loss did not improve from 0.00011

Epoch 5: val_loss did not improve from 0.00014

Epoch 19: val_loss did not improve from 0.00011

Epoch 20: val_loss did not improve from 0.00013

Epoch 77: val_loss improved from 0.00016 to 0.00016, saving model to /p/project1/cesmtst/patakchiyousefi1/HPT/mse_64_1e-05_1e-17_0.5_4_4_16_0.5_128_0.0_unet-m_day08.h5

Epoch 20: val_loss did not improve from 0.00011

Epoch 27: val_loss did not improve from 0.00012

Epoch 21: val_loss did not improve from 0.00013

Epoch 24: val_loss did not improve from 0.00011

Epoch 7: val_loss improved from 0.00015 to 0.00012, saving model to /p/project1/cesmtst/patakchiyousefi1/HPT/mse_64_0.01_1e-17_0.5_4_2_16_0.5_128_0.0_unet-m_day08.h5

Epoch 21: val_loss did not improve from 0.00011

Epoch 78: val_loss improved from 0.00016 to 0.00016, saving model to /p/project1/cesmtst/patakchiyousefi1/HPT/mse_64_1e-05_1e-17_0.5_4_4_16_0.5_128_0.0_unet-m_day08.h5

Epoch 22: val_loss did not improve from 0.00013

Epoch 28: val_loss did not improve from 0.00012
Saving and plotting the results...

Epoch 23: val_loss did not improve from 0.00013

Epoch 22: val_loss did not improve from 0.00011

Epoch 79: val_loss improved from 0.00016 to 0.00016, saving model to /p/project1/cesmtst/patakchiyousefi1/HPT/mse_64_1e-05_1e-17_0.5_4_4_16_0.5_128_0.0_unet-m_day08.h5

Epoch 24: val_loss did not improve from 0.00013

Epoch 23: val_loss did not improve from 0.00011

Epoch 8: val_loss did not improve from 0.00012

Epoch 24: val_loss did not improve from 0.00012
Saving and plotting the results...

Epoch 25: val_loss improved from 0.00013 to 0.00012, saving model to /p/project1/cesmtst/patakchiyousefi1/HPT/mse_64_0.01_1e-17_0.5_4_8_16_0.5_128_0.0_unet-m_day08.h5

Epoch 24: val_loss did not improve from 0.00011

Epoch 80: val_loss did not improve from 0.00016

Epoch 6: val_loss did not improve from 0.00014

Epoch 26: val_loss did not improve from 0.00012

Epoch 24: val_loss did not improve from 0.00011

Epoch 27: val_loss improved from 0.00012 to 0.00012, saving model to /p/project1/cesmtst/patakchiyousefi1/HPT/mse_64_0.01_1e-17_0.5_4_8_16_0.5_128_0.0_unet-m_day08.h5

Epoch 25: val_loss did not improve from 0.00011

Epoch 25: val_loss did not improve from 0.00011

Epoch 81: val_loss improved from 0.00016 to 0.00016, saving model to /p/project1/cesmtst/patakchiyousefi1/HPT/mse_64_1e-05_1e-17_0.5_4_4_16_0.5_128_0.0_unet-m_day08.h5

Epoch 9: val_loss did not improve from 0.00012

Epoch 28: val_loss did not improve from 0.00012

Epoch 26: val_loss did not improve from 0.00011
Saving and plotting the results...

Epoch 82: val_loss did not improve from 0.00016

Epoch 29: val_loss did not improve from 0.00012

Epoch 30: val_loss did not improve from 0.00012

Epoch 10: val_loss did not improve from 0.00012

Epoch 83: val_loss improved from 0.00016 to 0.00016, saving model to /p/project1/cesmtst/patakchiyousefi1/HPT/mse_64_1e-05_1e-17_0.5_4_4_16_0.5_128_0.0_unet-m_day08.h5

Epoch 31: val_loss did not improve from 0.00012

Epoch 7: val_loss did not improve from 0.00014

Epoch 25: val_loss did not improve from 0.00011

Epoch 32: val_loss improved from 0.00012 to 0.00012, saving model to /p/project1/cesmtst/patakchiyousefi1/HPT/mse_64_0.01_1e-17_0.5_4_8_16_0.5_128_0.0_unet-m_day08.h5

Epoch 84: val_loss did not improve from 0.00016

Epoch 26: val_loss did not improve from 0.00011

Epoch 33: val_loss improved from 0.00012 to 0.00012, saving model to /p/project1/cesmtst/patakchiyousefi1/HPT/mse_64_0.01_1e-17_0.5_4_8_16_0.5_128_0.0_unet-m_day08.h5

Epoch 11: val_loss did not improve from 0.00012

Epoch 34: val_loss did not improve from 0.00012

Epoch 85: val_loss did not improve from 0.00016

Epoch 35: val_loss did not improve from 0.00012

Epoch 86: val_loss did not improve from 0.00016

Epoch 12: val_loss did not improve from 0.00012

Epoch 36: val_loss did not improve from 0.00012

Epoch 8: val_loss did not improve from 0.00014

Epoch 26: val_loss did not improve from 0.00011

Epoch 37: val_loss did not improve from 0.00012

Epoch 87: val_loss did not improve from 0.00016

Epoch 27: val_loss did not improve from 0.00011

Epoch 38: val_loss did not improve from 0.00012

Epoch 88: val_loss did not improve from 0.00016

Epoch 13: val_loss improved from 0.00012 to 0.00012, saving model to /p/project1/cesmtst/patakchiyousefi1/HPT/mse_64_0.01_1e-17_0.5_4_2_16_0.5_128_0.0_unet-m_day08.h5

Epoch 39: val_loss did not improve from 0.00012

Epoch 40: val_loss improved from 0.00012 to 0.00012, saving model to /p/project1/cesmtst/patakchiyousefi1/HPT/mse_64_0.01_1e-17_0.5_4_8_16_0.5_128_0.0_unet-m_day08.h5

Epoch 89: val_loss did not improve from 0.00016

Epoch 41: val_loss improved from 0.00012 to 0.00012, saving model to /p/project1/cesmtst/patakchiyousefi1/HPT/mse_64_0.01_1e-17_0.5_4_8_16_0.5_128_0.0_unet-m_day08.h5

Epoch 9: val_loss improved from 0.00014 to 0.00014, saving model to /p/project1/cesmtst/patakchiyousefi1/HPT/mse_64_0.01_1e-17_0.5_4_1_16_0.5_128_0.0_unet-m_day08.h5

Epoch 14: val_loss did not improve from 0.00012

Epoch 42: val_loss did not improve from 0.00012

Epoch 27: val_loss did not improve from 0.00011
Saving and plotting the results...

Epoch 90: val_loss did not improve from 0.00016

Epoch 43: val_loss did not improve from 0.00012

Epoch 28: val_loss did not improve from 0.00011

Epoch 44: val_loss did not improve from 0.00012

Epoch 91: val_loss improved from 0.00016 to 0.00016, saving model to /p/project1/cesmtst/patakchiyousefi1/HPT/mse_64_1e-05_1e-17_0.5_4_4_16_0.5_128_0.0_unet-m_day08.h5

Epoch 15: val_loss did not improve from 0.00012

Epoch 45: val_loss did not improve from 0.00012

Epoch 92: val_loss did not improve from 0.00016

Epoch 46: val_loss did not improve from 0.00012

Epoch 47: val_loss did not improve from 0.00012

Epoch 10: val_loss did not improve from 0.00014

Epoch 93: val_loss did not improve from 0.00016

Epoch 48: val_loss did not improve from 0.00012

Epoch 16: val_loss improved from 0.00012 to 0.00012, saving model to /p/project1/cesmtst/patakchiyousefi1/HPT/mse_64_0.01_1e-17_0.5_4_2_16_0.5_128_0.0_unet-m_day08.h5

Epoch 49: val_loss did not improve from 0.00012

Epoch 29: val_loss did not improve from 0.00011

Epoch 94: val_loss did not improve from 0.00016

Epoch 50: val_loss did not improve from 0.00012

Epoch 51: val_loss did not improve from 0.00012

Epoch 95: val_loss did not improve from 0.00016

Epoch 17: val_loss did not improve from 0.00012

Epoch 52: val_loss did not improve from 0.00012

Epoch 96: val_loss did not improve from 0.00016

Epoch 53: val_loss did not improve from 0.00012

Epoch 11: val_loss did not improve from 0.00014

Epoch 54: val_loss did not improve from 0.00012

Epoch 97: val_loss did not improve from 0.00016

Epoch 30: val_loss did not improve from 0.00011

Epoch 18: val_loss did not improve from 0.00012

Epoch 55: val_loss did not improve from 0.00012

Epoch 56: val_loss did not improve from 0.00012

Epoch 98: val_loss improved from 0.00016 to 0.00016, saving model to /p/project1/cesmtst/patakchiyousefi1/HPT/mse_64_1e-05_1e-17_0.5_4_4_16_0.5_128_0.0_unet-m_day08.h5

Epoch 57: val_loss did not improve from 0.00012
Saving and plotting the results...

Epoch 99: val_loss did not improve from 0.00016

Epoch 19: val_loss did not improve from 0.00012

Epoch 12: val_loss did not improve from 0.00014

Epoch 100: val_loss did not improve from 0.00016

Epoch 31: val_loss did not improve from 0.00011

Epoch 20: val_loss did not improve from 0.00012

Epoch 101: val_loss did not improve from 0.00016

Epoch 102: val_loss did not improve from 0.00016

Epoch 21: val_loss did not improve from 0.00012

Epoch 13: val_loss did not improve from 0.00014

Epoch 103: val_loss did not improve from 0.00016

Epoch 32: val_loss did not improve from 0.00011

Epoch 104: val_loss improved from 0.00016 to 0.00016, saving model to /p/project1/cesmtst/patakchiyousefi1/HPT/mse_64_1e-05_1e-17_0.5_4_4_16_0.5_128_0.0_unet-m_day08.h5

Epoch 22: val_loss did not improve from 0.00012

Epoch 105: val_loss did not improve from 0.00016

Epoch 106: val_loss did not improve from 0.00016

Epoch 23: val_loss did not improve from 0.00012

Epoch 14: val_loss improved from 0.00014 to 0.00012, saving model to /p/project1/cesmtst/patakchiyousefi1/HPT/mse_64_0.01_1e-17_0.5_4_1_16_0.5_128_0.0_unet-m_day08.h5

Epoch 107: val_loss improved from 0.00016 to 0.00016, saving model to /p/project1/cesmtst/patakchiyousefi1/HPT/mse_64_1e-05_1e-17_0.5_4_4_16_0.5_128_0.0_unet-m_day08.h5

Epoch 33: val_loss did not improve from 0.00011

Epoch 24: val_loss did not improve from 0.00012

Epoch 108: val_loss did not improve from 0.00016

Epoch 109: val_loss did not improve from 0.00016

Epoch 25: val_loss improved from 0.00012 to 0.00011, saving model to /p/project1/cesmtst/patakchiyousefi1/HPT/mse_64_0.01_1e-17_0.5_4_2_16_0.5_128_0.0_unet-m_day08.h5

Epoch 15: val_loss did not improve from 0.00012

Epoch 110: val_loss did not improve from 0.00016

Epoch 34: val_loss did not improve from 0.00011

Epoch 111: val_loss did not improve from 0.00016

Epoch 26: val_loss did not improve from 0.00011

Epoch 112: val_loss did not improve from 0.00016

Epoch 16: val_loss did not improve from 0.00012

Epoch 113: val_loss did not improve from 0.00016

Epoch 27: val_loss did not improve from 0.00011

Epoch 35: val_loss did not improve from 0.00011

Epoch 114: val_loss did not improve from 0.00016

Epoch 28: val_loss did not improve from 0.00011

Epoch 115: val_loss did not improve from 0.00016

Epoch 116: val_loss did not improve from 0.00016

Epoch 17: val_loss did not improve from 0.00012

Epoch 29: val_loss did not improve from 0.00011

Epoch 117: val_loss did not improve from 0.00016

Epoch 36: val_loss did not improve from 0.00011

Epoch 118: val_loss did not improve from 0.00016

Epoch 30: val_loss did not improve from 0.00011

Epoch 119: val_loss did not improve from 0.00016

Epoch 18: val_loss did not improve from 0.00012

Epoch 120: val_loss did not improve from 0.00016

Epoch 31: val_loss did not improve from 0.00011

Epoch 37: val_loss did not improve from 0.00011
Saving and plotting the results...

Epoch 121: val_loss did not improve from 0.00016

Epoch 32: val_loss did not improve from 0.00011

Epoch 122: val_loss did not improve from 0.00016

Epoch 19: val_loss did not improve from 0.00012

Epoch 123: val_loss did not improve from 0.00016
Saving and plotting the results...

Epoch 33: val_loss did not improve from 0.00011

Epoch 34: val_loss did not improve from 0.00011

Epoch 20: val_loss did not improve from 0.00012

Epoch 35: val_loss did not improve from 0.00011

Epoch 36: val_loss did not improve from 0.00011

Epoch 21: val_loss did not improve from 0.00012

Epoch 37: val_loss did not improve from 0.00011

Epoch 38: val_loss improved from 0.00011 to 0.00011, saving model to /p/project1/cesmtst/patakchiyousefi1/HPT/mse_64_0.01_1e-17_0.5_4_2_16_0.5_128_0.0_unet-m_day08.h5

Epoch 22: val_loss did not improve from 0.00012

Epoch 39: val_loss did not improve from 0.00011

Epoch 23: val_loss did not improve from 0.00012

Epoch 40: val_loss did not improve from 0.00011

Epoch 41: val_loss did not improve from 0.00011

Epoch 24: val_loss did not improve from 0.00012

Epoch 42: val_loss did not improve from 0.00011

Epoch 43: val_loss improved from 0.00011 to 0.00011, saving model to /p/project1/cesmtst/patakchiyousefi1/HPT/mse_64_0.01_1e-17_0.5_4_2_16_0.5_128_0.0_unet-m_day08.h5

Epoch 25: val_loss did not improve from 0.00012

Epoch 44: val_loss did not improve from 0.00011

Epoch 45: val_loss did not improve from 0.00011

Epoch 26: val_loss did not improve from 0.00012

Epoch 46: val_loss did not improve from 0.00011

Epoch 47: val_loss improved from 0.00011 to 0.00011, saving model to /p/project1/cesmtst/patakchiyousefi1/HPT/mse_64_0.01_1e-17_0.5_4_2_16_0.5_128_0.0_unet-m_day08.h5

Epoch 27: val_loss improved from 0.00012 to 0.00012, saving model to /p/project1/cesmtst/patakchiyousefi1/HPT/mse_64_0.01_1e-17_0.5_4_1_16_0.5_128_0.0_unet-m_day08.h5

Epoch 48: val_loss did not improve from 0.00011

Epoch 49: val_loss did not improve from 0.00011

Epoch 28: val_loss improved from 0.00012 to 0.00012, saving model to /p/project1/cesmtst/patakchiyousefi1/HPT/mse_64_0.01_1e-17_0.5_4_1_16_0.5_128_0.0_unet-m_day08.h5

Epoch 50: val_loss did not improve from 0.00011

Epoch 51: val_loss did not improve from 0.00011

Epoch 29: val_loss did not improve from 0.00012

Epoch 52: val_loss improved from 0.00011 to 0.00011, saving model to /p/project1/cesmtst/patakchiyousefi1/HPT/mse_64_0.01_1e-17_0.5_4_2_16_0.5_128_0.0_unet-m_day08.h5

Epoch 53: val_loss improved from 0.00011 to 0.00011, saving model to /p/project1/cesmtst/patakchiyousefi1/HPT/mse_64_0.01_1e-17_0.5_4_2_16_0.5_128_0.0_unet-m_day08.h5

Epoch 30: val_loss did not improve from 0.00012

Epoch 54: val_loss did not improve from 0.00011

Epoch 31: val_loss did not improve from 0.00012

Epoch 55: val_loss did not improve from 0.00011

Epoch 56: val_loss did not improve from 0.00011

Epoch 32: val_loss did not improve from 0.00012

Epoch 57: val_loss did not improve from 0.00011

Epoch 58: val_loss improved from 0.00011 to 0.00011, saving model to /p/project1/cesmtst/patakchiyousefi1/HPT/mse_64_0.01_1e-17_0.5_4_2_16_0.5_128_0.0_unet-m_day08.h5

Epoch 33: val_loss improved from 0.00012 to 0.00011, saving model to /p/project1/cesmtst/patakchiyousefi1/HPT/mse_64_0.01_1e-17_0.5_4_1_16_0.5_128_0.0_unet-m_day08.h5

Epoch 59: val_loss improved from 0.00011 to 0.00011, saving model to /p/project1/cesmtst/patakchiyousefi1/HPT/mse_64_0.01_1e-17_0.5_4_2_16_0.5_128_0.0_unet-m_day08.h5

Epoch 60: val_loss did not improve from 0.00011

Epoch 34: val_loss improved from 0.00011 to 0.00011, saving model to /p/project1/cesmtst/patakchiyousefi1/HPT/mse_64_0.01_1e-17_0.5_4_1_16_0.5_128_0.0_unet-m_day08.h5

Epoch 61: val_loss improved from 0.00011 to 0.00011, saving model to /p/project1/cesmtst/patakchiyousefi1/HPT/mse_64_0.01_1e-17_0.5_4_2_16_0.5_128_0.0_unet-m_day08.h5

Epoch 62: val_loss did not improve from 0.00011

Epoch 35: val_loss improved from 0.00011 to 0.00011, saving model to /p/project1/cesmtst/patakchiyousefi1/HPT/mse_64_0.01_1e-17_0.5_4_1_16_0.5_128_0.0_unet-m_day08.h5

Epoch 63: val_loss did not improve from 0.00011

Epoch 64: val_loss did not improve from 0.00011

Epoch 36: val_loss did not improve from 0.00011

Epoch 65: val_loss did not improve from 0.00011

Epoch 66: val_loss improved from 0.00011 to 0.00011, saving model to /p/project1/cesmtst/patakchiyousefi1/HPT/mse_64_0.01_1e-17_0.5_4_2_16_0.5_128_0.0_unet-m_day08.h5

Epoch 37: val_loss improved from 0.00011 to 0.00011, saving model to /p/project1/cesmtst/patakchiyousefi1/HPT/mse_64_0.01_1e-17_0.5_4_1_16_0.5_128_0.0_unet-m_day08.h5

Epoch 67: val_loss improved from 0.00011 to 0.00011, saving model to /p/project1/cesmtst/patakchiyousefi1/HPT/mse_64_0.01_1e-17_0.5_4_2_16_0.5_128_0.0_unet-m_day08.h5

Epoch 68: val_loss did not improve from 0.00011

Epoch 38: val_loss did not improve from 0.00011

Epoch 69: val_loss improved from 0.00011 to 0.00011, saving model to /p/project1/cesmtst/patakchiyousefi1/HPT/mse_64_0.01_1e-17_0.5_4_2_16_0.5_128_0.0_unet-m_day08.h5

Epoch 70: val_loss did not improve from 0.00011

Epoch 39: val_loss improved from 0.00011 to 0.00011, saving model to /p/project1/cesmtst/patakchiyousefi1/HPT/mse_64_0.01_1e-17_0.5_4_1_16_0.5_128_0.0_unet-m_day08.h5

Epoch 71: val_loss did not improve from 0.00011

Epoch 72: val_loss did not improve from 0.00011

Epoch 40: val_loss improved from 0.00011 to 0.00011, saving model to /p/project1/cesmtst/patakchiyousefi1/HPT/mse_64_0.01_1e-17_0.5_4_1_16_0.5_128_0.0_unet-m_day08.h5

Epoch 73: val_loss did not improve from 0.00011

Epoch 41: val_loss improved from 0.00011 to 0.00011, saving model to /p/project1/cesmtst/patakchiyousefi1/HPT/mse_64_0.01_1e-17_0.5_4_1_16_0.5_128_0.0_unet-m_day08.h5

Epoch 74: val_loss did not improve from 0.00011

Epoch 75: val_loss did not improve from 0.00011

Epoch 42: val_loss did not improve from 0.00011

Epoch 76: val_loss improved from 0.00011 to 0.00011, saving model to /p/project1/cesmtst/patakchiyousefi1/HPT/mse_64_0.01_1e-17_0.5_4_2_16_0.5_128_0.0_unet-m_day08.h5

Epoch 77: val_loss improved from 0.00011 to 0.00011, saving model to /p/project1/cesmtst/patakchiyousefi1/HPT/mse_64_0.01_1e-17_0.5_4_2_16_0.5_128_0.0_unet-m_day08.h5

Epoch 43: val_loss did not improve from 0.00011

Epoch 78: val_loss improved from 0.00011 to 0.00011, saving model to /p/project1/cesmtst/patakchiyousefi1/HPT/mse_64_0.01_1e-17_0.5_4_2_16_0.5_128_0.0_unet-m_day08.h5

Epoch 79: val_loss improved from 0.00011 to 0.00011, saving model to /p/project1/cesmtst/patakchiyousefi1/HPT/mse_64_0.01_1e-17_0.5_4_2_16_0.5_128_0.0_unet-m_day08.h5

Epoch 44: val_loss improved from 0.00011 to 0.00011, saving model to /p/project1/cesmtst/patakchiyousefi1/HPT/mse_64_0.01_1e-17_0.5_4_1_16_0.5_128_0.0_unet-m_day08.h5

Epoch 80: val_loss did not improve from 0.00011

Epoch 81: val_loss did not improve from 0.00011

Epoch 45: val_loss improved from 0.00011 to 0.00011, saving model to /p/project1/cesmtst/patakchiyousefi1/HPT/mse_64_0.01_1e-17_0.5_4_1_16_0.5_128_0.0_unet-m_day08.h5

Epoch 82: val_loss improved from 0.00011 to 0.00011, saving model to /p/project1/cesmtst/patakchiyousefi1/HPT/mse_64_0.01_1e-17_0.5_4_2_16_0.5_128_0.0_unet-m_day08.h5

Epoch 83: val_loss improved from 0.00011 to 0.00011, saving model to /p/project1/cesmtst/patakchiyousefi1/HPT/mse_64_0.01_1e-17_0.5_4_2_16_0.5_128_0.0_unet-m_day08.h5

Epoch 46: val_loss did not improve from 0.00011

Epoch 84: val_loss did not improve from 0.00011

Epoch 47: val_loss did not improve from 0.00011

Epoch 85: val_loss did not improve from 0.00011

Epoch 86: val_loss did not improve from 0.00011

Epoch 48: val_loss did not improve from 0.00011

Epoch 87: val_loss did not improve from 0.00011

Epoch 88: val_loss did not improve from 0.00011

Epoch 49: val_loss did not improve from 0.00011

Epoch 89: val_loss did not improve from 0.00011

Epoch 90: val_loss did not improve from 0.00011

Epoch 50: val_loss improved from 0.00011 to 0.00011, saving model to /p/project1/cesmtst/patakchiyousefi1/HPT/mse_64_0.01_1e-17_0.5_4_1_16_0.5_128_0.0_unet-m_day08.h5

Epoch 91: val_loss did not improve from 0.00011

Epoch 92: val_loss did not improve from 0.00011

Epoch 51: val_loss did not improve from 0.00011

Epoch 93: val_loss did not improve from 0.00011

Epoch 94: val_loss did not improve from 0.00011

Epoch 52: val_loss did not improve from 0.00011

Epoch 95: val_loss did not improve from 0.00011

Epoch 96: val_loss did not improve from 0.00011

Epoch 53: val_loss did not improve from 0.00011

Epoch 97: val_loss improved from 0.00011 to 0.00011, saving model to /p/project1/cesmtst/patakchiyousefi1/HPT/mse_64_0.01_1e-17_0.5_4_2_16_0.5_128_0.0_unet-m_day08.h5

Epoch 98: val_loss improved from 0.00011 to 0.00011, saving model to /p/project1/cesmtst/patakchiyousefi1/HPT/mse_64_0.01_1e-17_0.5_4_2_16_0.5_128_0.0_unet-m_day08.h5

Epoch 54: val_loss did not improve from 0.00011

Epoch 99: val_loss improved from 0.00011 to 0.00011, saving model to /p/project1/cesmtst/patakchiyousefi1/HPT/mse_64_0.01_1e-17_0.5_4_2_16_0.5_128_0.0_unet-m_day08.h5

Epoch 100: val_loss did not improve from 0.00011

Epoch 55: val_loss did not improve from 0.00011

Epoch 101: val_loss improved from 0.00011 to 0.00011, saving model to /p/project1/cesmtst/patakchiyousefi1/HPT/mse_64_0.01_1e-17_0.5_4_2_16_0.5_128_0.0_unet-m_day08.h5

Epoch 102: val_loss did not improve from 0.00011

Epoch 56: val_loss did not improve from 0.00011

Epoch 103: val_loss improved from 0.00011 to 0.00011, saving model to /p/project1/cesmtst/patakchiyousefi1/HPT/mse_64_0.01_1e-17_0.5_4_2_16_0.5_128_0.0_unet-m_day08.h5

Epoch 104: val_loss improved from 0.00011 to 0.00011, saving model to /p/project1/cesmtst/patakchiyousefi1/HPT/mse_64_0.01_1e-17_0.5_4_2_16_0.5_128_0.0_unet-m_day08.h5

Epoch 57: val_loss did not improve from 0.00011

Epoch 105: val_loss improved from 0.00011 to 0.00011, saving model to /p/project1/cesmtst/patakchiyousefi1/HPT/mse_64_0.01_1e-17_0.5_4_2_16_0.5_128_0.0_unet-m_day08.h5

Epoch 58: val_loss did not improve from 0.00011

Epoch 106: val_loss improved from 0.00011 to 0.00011, saving model to /p/project1/cesmtst/patakchiyousefi1/HPT/mse_64_0.01_1e-17_0.5_4_2_16_0.5_128_0.0_unet-m_day08.h5

Epoch 107: val_loss improved from 0.00011 to 0.00011, saving model to /p/project1/cesmtst/patakchiyousefi1/HPT/mse_64_0.01_1e-17_0.5_4_2_16_0.5_128_0.0_unet-m_day08.h5

Epoch 59: val_loss did not improve from 0.00011

Epoch 108: val_loss improved from 0.00011 to 0.00011, saving model to /p/project1/cesmtst/patakchiyousefi1/HPT/mse_64_0.01_1e-17_0.5_4_2_16_0.5_128_0.0_unet-m_day08.h5

Epoch 109: val_loss did not improve from 0.00011

Epoch 60: val_loss did not improve from 0.00011

Epoch 110: val_loss did not improve from 0.00011

Epoch 111: val_loss did not improve from 0.00011

Epoch 61: val_loss did not improve from 0.00011

Epoch 112: val_loss did not improve from 0.00011

Epoch 113: val_loss did not improve from 0.00011

Epoch 62: val_loss did not improve from 0.00011

Epoch 114: val_loss improved from 0.00011 to 0.00011, saving model to /p/project1/cesmtst/patakchiyousefi1/HPT/mse_64_0.01_1e-17_0.5_4_2_16_0.5_128_0.0_unet-m_day08.h5

Epoch 115: val_loss improved from 0.00011 to 0.00011, saving model to /p/project1/cesmtst/patakchiyousefi1/HPT/mse_64_0.01_1e-17_0.5_4_2_16_0.5_128_0.0_unet-m_day08.h5

Epoch 63: val_loss did not improve from 0.00011

Epoch 116: val_loss improved from 0.00011 to 0.00011, saving model to /p/project1/cesmtst/patakchiyousefi1/HPT/mse_64_0.01_1e-17_0.5_4_2_16_0.5_128_0.0_unet-m_day08.h5

Epoch 117: val_loss improved from 0.00011 to 0.00011, saving model to /p/project1/cesmtst/patakchiyousefi1/HPT/mse_64_0.01_1e-17_0.5_4_2_16_0.5_128_0.0_unet-m_day08.h5

Epoch 64: val_loss did not improve from 0.00011

Epoch 118: val_loss improved from 0.00011 to 0.00011, saving model to /p/project1/cesmtst/patakchiyousefi1/HPT/mse_64_0.01_1e-17_0.5_4_2_16_0.5_128_0.0_unet-m_day08.h5

Epoch 119: val_loss improved from 0.00011 to 0.00011, saving model to /p/project1/cesmtst/patakchiyousefi1/HPT/mse_64_0.01_1e-17_0.5_4_2_16_0.5_128_0.0_unet-m_day08.h5

Epoch 65: val_loss did not improve from 0.00011

Epoch 120: val_loss did not improve from 0.00011

Epoch 66: val_loss did not improve from 0.00011
Saving and plotting the results...

Epoch 121: val_loss improved from 0.00011 to 0.00011, saving model to /p/project1/cesmtst/patakchiyousefi1/HPT/mse_64_0.01_1e-17_0.5_4_2_16_0.5_128_0.0_unet-m_day08.h5

Epoch 122: val_loss improved from 0.00011 to 0.00011, saving model to /p/project1/cesmtst/patakchiyousefi1/HPT/mse_64_0.01_1e-17_0.5_4_2_16_0.5_128_0.0_unet-m_day08.h5

Epoch 123: val_loss did not improve from 0.00011

Epoch 124: val_loss did not improve from 0.00011

Epoch 125: val_loss did not improve from 0.00011

Epoch 126: val_loss did not improve from 0.00011

Epoch 127: val_loss did not improve from 0.00011

Epoch 128: val_loss did not improve from 0.00011
Saving and plotting the results...
Time limit for unet-m, leadtime 08: 06:24:00
Run time for unet-m with leadtime 08:  hours,  minutes,  seconds
