No lead day provided. Using default hyperparameters - LR: 0.0001, BS: 32, DROPOUT: 0.1, UNET_TYPE: unet-l
Running DL_TRAIN.py for day06 with dropout=0, lr=0.00001, bs=16, unet_type=unet-l-dw ...
Running DL_TRAIN.py for day06 with dropout=0, lr=0.00001, bs=8, unet_type=unet-l-dw ...
Running DL_TRAIN.py for day06 with dropout=0, lr=0.00001, bs=4, unet_type=unet-l-dw ...
Running DL_TRAIN.py for day06 with dropout=0, lr=0.00001, bs=2, unet_type=unet-l-dw ...
Running DL_TRAIN.py for day06 with dropout=0, lr=0.0001, bs=16, unet_type=unet-l-dw ...
Running DL_TRAIN.py for day06 with dropout=0, lr=0.0001, bs=8, unet_type=unet-l-dw ...
Running DL_TRAIN.py for day06 with dropout=0, lr=0.0001, bs=4, unet_type=unet-l-dw ...
Running DL_TRAIN.py for day06 with dropout=0, lr=0.0001, bs=2, unet_type=unet-l-dw ...
Running DL_TRAIN.py for day06 with dropout=0, lr=0.001, bs=16, unet_type=unet-l-dw ...
Running DL_TRAIN.py for day06 with dropout=0, lr=0.001, bs=8, unet_type=unet-l-dw ...
Running DL_TRAIN.py for day06 with dropout=0, lr=0.001, bs=4, unet_type=unet-l-dw ...
Running DL_TRAIN.py for day06 with dropout=0, lr=0.001, bs=2, unet_type=unet-l-dw ...
Running DL_TRAIN.py for day06 with dropout=0, lr=0.01, bs=16, unet_type=unet-l-dw ...
Running DL_TRAIN.py for day06 with dropout=0, lr=0.01, bs=8, unet_type=unet-l-dw ...
Running DL_TRAIN.py for day06 with dropout=0, lr=0.01, bs=4, unet_type=unet-l-dw ...
Running DL_TRAIN.py for day06 with dropout=0, lr=0.01, bs=2, unet_type=unet-l-dw ...
Running DL_TRAIN.py for day06 with dropout=0.1, lr=0.00001, bs=16, unet_type=unet-l-dw ...
Running DL_TRAIN.py for day06 with dropout=0.1, lr=0.00001, bs=8, unet_type=unet-l-dw ...
Running DL_TRAIN.py for day06 with dropout=0.1, lr=0.00001, bs=4, unet_type=unet-l-dw ...
Running DL_TRAIN.py for day06 with dropout=0.1, lr=0.00001, bs=2, unet_type=unet-l-dw ...
Running DL_TRAIN.py for day06 with dropout=0.1, lr=0.0001, bs=16, unet_type=unet-l-dw ...
Running DL_TRAIN.py for day06 with dropout=0.1, lr=0.0001, bs=8, unet_type=unet-l-dw ...
Running DL_TRAIN.py for day06 with dropout=0.1, lr=0.0001, bs=4, unet_type=unet-l-dw ...
Running DL_TRAIN.py for day06 with dropout=0.1, lr=0.0001, bs=2, unet_type=unet-l-dw ...
Running DL_TRAIN.py for day06 with dropout=0.1, lr=0.001, bs=16, unet_type=unet-l-dw ...
Running DL_TRAIN.py for day06 with dropout=0.1, lr=0.001, bs=8, unet_type=unet-l-dw ...
Running DL_TRAIN.py for day06 with dropout=0.1, lr=0.001, bs=4, unet_type=unet-l-dw ...
Running DL_TRAIN.py for day06 with dropout=0.1, lr=0.001, bs=2, unet_type=unet-l-dw ...
Running DL_TRAIN.py for day06 with dropout=0.1, lr=0.01, bs=16, unet_type=unet-l-dw ...
Running DL_TRAIN.py for day06 with dropout=0.1, lr=0.01, bs=8, unet_type=unet-l-dw ...
Running DL_TRAIN.py for day06 with dropout=0.1, lr=0.01, bs=4, unet_type=unet-l-dw ...
Running DL_TRAIN.py for day06 with dropout=0.1, lr=0.01, bs=2, unet_type=unet-l-dw ...
Running DL_TRAIN.py for day06 with dropout=0.2, lr=0.00001, bs=16, unet_type=unet-l-dw ...
Running DL_TRAIN.py for day06 with dropout=0.2, lr=0.00001, bs=8, unet_type=unet-l-dw ...
Running DL_TRAIN.py for day06 with dropout=0.2, lr=0.00001, bs=4, unet_type=unet-l-dw ...
Running DL_TRAIN.py for day06 with dropout=0.2, lr=0.00001, bs=2, unet_type=unet-l-dw ...
Running DL_TRAIN.py for day06 with dropout=0.2, lr=0.0001, bs=16, unet_type=unet-l-dw ...
Running DL_TRAIN.py for day06 with dropout=0.2, lr=0.0001, bs=8, unet_type=unet-l-dw ...
Running DL_TRAIN.py for day06 with dropout=0.2, lr=0.0001, bs=4, unet_type=unet-l-dw ...
Running DL_TRAIN.py for day06 with dropout=0.2, lr=0.0001, bs=2, unet_type=unet-l-dw ...
Running DL_TRAIN.py for day06 with dropout=0.2, lr=0.001, bs=16, unet_type=unet-l-dw ...
Running DL_TRAIN.py for day06 with dropout=0.2, lr=0.001, bs=8, unet_type=unet-l-dw ...
Running DL_TRAIN.py for day06 with dropout=0.2, lr=0.001, bs=4, unet_type=unet-l-dw ...
Running DL_TRAIN.py for day06 with dropout=0.2, lr=0.001, bs=2, unet_type=unet-l-dw ...
Running DL_TRAIN.py for day06 with dropout=0.2, lr=0.01, bs=16, unet_type=unet-l-dw ...
Running DL_TRAIN.py for day06 with dropout=0.2, lr=0.01, bs=8, unet_type=unet-l-dw ...
Running DL_TRAIN.py for day06 with dropout=0.2, lr=0.01, bs=4, unet_type=unet-l-dw ...
Running DL_TRAIN.py for day06 with dropout=0.2, lr=0.01, bs=2, unet_type=unet-l-dw ...
Running DL_TRAIN.py for day06 with dropout=0.3, lr=0.00001, bs=16, unet_type=unet-l-dw ...
Running DL_TRAIN.py for day06 with dropout=0.3, lr=0.00001, bs=8, unet_type=unet-l-dw ...
Running DL_TRAIN.py for day06 with dropout=0.3, lr=0.00001, bs=4, unet_type=unet-l-dw ...
Running DL_TRAIN.py for day06 with dropout=0.3, lr=0.00001, bs=2, unet_type=unet-l-dw ...
Running DL_TRAIN.py for day06 with dropout=0.3, lr=0.0001, bs=16, unet_type=unet-l-dw ...
Running DL_TRAIN.py for day06 with dropout=0.3, lr=0.0001, bs=8, unet_type=unet-l-dw ...
Running DL_TRAIN.py for day06 with dropout=0.3, lr=0.0001, bs=4, unet_type=unet-l-dw ...
Running DL_TRAIN.py for day06 with dropout=0.3, lr=0.0001, bs=2, unet_type=unet-l-dw ...
Running DL_TRAIN.py for day06 with dropout=0.3, lr=0.001, bs=16, unet_type=unet-l-dw ...
Running DL_TRAIN.py for day06 with dropout=0.3, lr=0.001, bs=8, unet_type=unet-l-dw ...
Running DL_TRAIN.py for day06 with dropout=0.3, lr=0.001, bs=4, unet_type=unet-l-dw ...
Running DL_TRAIN.py for day06 with dropout=0.3, lr=0.001, bs=2, unet_type=unet-l-dw ...
Running DL_TRAIN.py for day06 with dropout=0.3, lr=0.01, bs=16, unet_type=unet-l-dw ...
Running DL_TRAIN.py for day06 with dropout=0.3, lr=0.01, bs=8, unet_type=unet-l-dw ...
Running DL_TRAIN.py for day06 with dropout=0.3, lr=0.01, bs=4, unet_type=unet-l-dw ...
Running DL_TRAIN.py for day06 with dropout=0.3, lr=0.01, bs=2, unet_type=unet-l-dw ...
train_data_hourly_pr_['ADAPTER_DE05.day06.merged.nc']_['ADAPTER_DE05.day01.merged.nc']_MM_6__spatiotemporal_128.256_2018-01-01T13_2022-12-31T23_no_na_land
Loading training data...
Data loaded!
mse_64_0.0001_1e-17_0.5_4_16_16_0.5_128_0.0_unet-l-dw_day06
Training the model...

Epoch 1: val_loss improved from inf to 0.00075, saving model to /p/project1/cesmtst/patakchiyousefi1/HPT/mse_64_0.0001_1e-17_0.5_4_16_16_0.5_128_0.0_unet-l-dw_day06.h5
train_data_hourly_pr_['ADAPTER_DE05.day06.merged.nc']_['ADAPTER_DE05.day01.merged.nc']_MM_6__spatiotemporal_128.256_2018-01-01T13_2022-12-31T23_no_na_land
Loading training data...
Data loaded!
mse_64_0.01_1e-17_0.5_4_16_16_0.5_128_0.0_unet-l-dw_day06
Training the model...

Epoch 1: val_loss improved from inf to 0.00003, saving model to /p/project1/cesmtst/patakchiyousefi1/HPT/mse_64_0.01_1e-17_0.5_4_16_16_0.5_128_0.0_unet-l-dw_day06.h5
train_data_hourly_pr_['ADAPTER_DE05.day06.merged.nc']_['ADAPTER_DE05.day01.merged.nc']_MM_6__spatiotemporal_128.256_2018-01-01T13_2022-12-31T23_no_na_land
Loading training data...
Data loaded!
mse_64_1e-05_1e-17_0.5_4_16_16_0.5_128_0.0_unet-l-dw_day06
Training the model...

Epoch 1: val_loss improved from inf to 0.01037, saving model to /p/project1/cesmtst/patakchiyousefi1/HPT/mse_64_1e-05_1e-17_0.5_4_16_16_0.5_128_0.0_unet-l-dw_day06.h5
train_data_hourly_pr_['ADAPTER_DE05.day06.merged.nc']_['ADAPTER_DE05.day01.merged.nc']_MM_6__spatiotemporal_128.256_2018-01-01T13_2022-12-31T23_no_na_land
Loading training data...
Data loaded!
mse_64_0.001_1e-17_0.5_4_16_16_0.5_128_0.0_unet-l-dw_day06
Training the model...

Epoch 1: val_loss did not improve from inf
train_data_hourly_pr_['ADAPTER_DE05.day06.merged.nc']_['ADAPTER_DE05.day01.merged.nc']_MM_6__spatiotemporal_128.256_2018-01-01T13_2022-12-31T23_no_na_land
Loading training data...
Data loaded!
mse_64_1e-05_1e-17_0.5_4_8_16_0.5_128_0.0_unet-l-dw_day06
Training the model...

Epoch 1: val_loss did not improve from inf
train_data_hourly_pr_['ADAPTER_DE05.day06.merged.nc']_['ADAPTER_DE05.day01.merged.nc']_MM_6__spatiotemporal_128.256_2018-01-01T13_2022-12-31T23_no_na_land
Loading training data...
Data loaded!
mse_64_0.01_1e-17_0.5_4_8_16_0.5_128_0.0_unet-l-dw_day06
Training the model...

Epoch 1: val_loss improved from inf to 0.00004, saving model to /p/project1/cesmtst/patakchiyousefi1/HPT/mse_64_0.01_1e-17_0.5_4_8_16_0.5_128_0.0_unet-l-dw_day06.h5
train_data_hourly_pr_['ADAPTER_DE05.day06.merged.nc']_['ADAPTER_DE05.day01.merged.nc']_MM_6__spatiotemporal_128.256_2018-01-01T13_2022-12-31T23_no_na_land
Loading training data...
Data loaded!
mse_64_0.001_1e-17_0.5_4_8_16_0.5_128_0.0_unet-l-dw_day06
Training the model...

Epoch 1: val_loss improved from inf to 0.00029, saving model to /p/project1/cesmtst/patakchiyousefi1/HPT/mse_64_0.001_1e-17_0.5_4_8_16_0.5_128_0.0_unet-l-dw_day06.h5
train_data_hourly_pr_['ADAPTER_DE05.day06.merged.nc']_['ADAPTER_DE05.day01.merged.nc']_MM_6__spatiotemporal_128.256_2018-01-01T13_2022-12-31T23_no_na_land
Loading training data...
Data loaded!
mse_64_0.0001_1e-17_0.5_4_8_16_0.5_128_0.0_unet-l-dw_day06
Training the model...

Epoch 1: val_loss improved from inf to 0.00348, saving model to /p/project1/cesmtst/patakchiyousefi1/HPT/mse_64_0.0001_1e-17_0.5_4_8_16_0.5_128_0.0_unet-l-dw_day06.h5

Epoch 2: val_loss did not improve from 0.00003

Epoch 2: val_loss did not improve from 0.00075

Epoch 2: val_loss did not improve from inf

Epoch 2: val_loss did not improve from 0.01037
train_data_hourly_pr_['ADAPTER_DE05.day06.merged.nc']_['ADAPTER_DE05.day01.merged.nc']_MM_6__spatiotemporal_128.256_2018-01-01T13_2022-12-31T23_no_na_land
Loading training data...
Data loaded!
mse_64_0.0001_1e-17_0.5_4_4_16_0.5_128_0.0_unet-l-dw_day06
Training the model...

Epoch 1: val_loss improved from inf to 0.00409, saving model to /p/project1/cesmtst/patakchiyousefi1/HPT/mse_64_0.0001_1e-17_0.5_4_4_16_0.5_128_0.0_unet-l-dw_day06.h5
train_data_hourly_pr_['ADAPTER_DE05.day06.merged.nc']_['ADAPTER_DE05.day01.merged.nc']_MM_6__spatiotemporal_128.256_2018-01-01T13_2022-12-31T23_no_na_land
Loading training data...
Data loaded!
mse_64_1e-05_1e-17_0.5_4_4_16_0.5_128_0.0_unet-l-dw_day06
Training the model...

Epoch 1: val_loss improved from inf to 0.06842, saving model to /p/project1/cesmtst/patakchiyousefi1/HPT/mse_64_1e-05_1e-17_0.5_4_4_16_0.5_128_0.0_unet-l-dw_day06.h5
train_data_hourly_pr_['ADAPTER_DE05.day06.merged.nc']_['ADAPTER_DE05.day01.merged.nc']_MM_6__spatiotemporal_128.256_2018-01-01T13_2022-12-31T23_no_na_land
Loading training data...
Data loaded!
mse_64_0.001_1e-17_0.5_4_4_16_0.5_128_0.0_unet-l-dw_day06
Training the model...

Epoch 1: val_loss did not improve from inf

Epoch 2: val_loss did not improve from inf

Epoch 2: val_loss did not improve from 0.00004
train_data_hourly_pr_['ADAPTER_DE05.day06.merged.nc']_['ADAPTER_DE05.day01.merged.nc']_MM_6__spatiotemporal_128.256_2018-01-01T13_2022-12-31T23_no_na_land
Loading training data...
Data loaded!
mse_64_0.01_1e-17_0.5_4_4_16_0.5_128_0.0_unet-l-dw_day06
Training the model...

Epoch 1: val_loss improved from inf to 0.00006, saving model to /p/project1/cesmtst/patakchiyousefi1/HPT/mse_64_0.01_1e-17_0.5_4_4_16_0.5_128_0.0_unet-l-dw_day06.h5

Epoch 2: val_loss did not improve from 0.00029

Epoch 2: val_loss did not improve from 0.00348

Epoch 3: val_loss did not improve from 0.00003

Epoch 3: val_loss did not improve from 0.00075

Epoch 3: val_loss did not improve from inf

Epoch 3: val_loss did not improve from 0.01037

Epoch 4: val_loss did not improve from 0.00075

Epoch 4: val_loss did not improve from 0.00003

Epoch 4: val_loss did not improve from inf

Epoch 4: val_loss did not improve from 0.01037

Epoch 3: val_loss did not improve from inf

Epoch 3: val_loss did not improve from 0.00004

Epoch 3: val_loss did not improve from 0.00029

Epoch 3: val_loss did not improve from 0.00348
train_data_hourly_pr_['ADAPTER_DE05.day06.merged.nc']_['ADAPTER_DE05.day01.merged.nc']_MM_6__spatiotemporal_128.256_2018-01-01T13_2022-12-31T23_no_na_land
Loading training data...
Data loaded!
mse_64_1e-05_1e-17_0.5_4_2_16_0.5_128_0.0_unet-l-dw_day06
Training the model...

Epoch 1: val_loss did not improve from inf
train_data_hourly_pr_['ADAPTER_DE05.day06.merged.nc']_['ADAPTER_DE05.day01.merged.nc']_MM_6__spatiotemporal_128.256_2018-01-01T13_2022-12-31T23_no_na_land
Loading training data...
Data loaded!
mse_64_0.001_1e-17_0.5_4_2_16_0.5_128_0.0_unet-l-dw_day06
Training the model...

Epoch 1: val_loss did not improve from inf
train_data_hourly_pr_['ADAPTER_DE05.day06.merged.nc']_['ADAPTER_DE05.day01.merged.nc']_MM_6__spatiotemporal_128.256_2018-01-01T13_2022-12-31T23_no_na_land
Loading training data...
Data loaded!
mse_64_0.0001_1e-17_0.5_4_2_16_0.5_128_0.0_unet-l-dw_day06
Training the model...

Epoch 1: val_loss did not improve from inf
train_data_hourly_pr_['ADAPTER_DE05.day06.merged.nc']_['ADAPTER_DE05.day01.merged.nc']_MM_6__spatiotemporal_128.256_2018-01-01T13_2022-12-31T23_no_na_land
Loading training data...
Data loaded!
mse_64_0.01_1e-17_0.5_4_2_16_0.5_128_0.0_unet-l-dw_day06
Training the model...

Epoch 1: val_loss did not improve from inf

Epoch 5: val_loss did not improve from 0.00075

Epoch 5: val_loss did not improve from 0.00003

Epoch 5: val_loss did not improve from inf

Epoch 2: val_loss did not improve from 0.00409

Epoch 5: val_loss did not improve from 0.01037

Epoch 2: val_loss did not improve from 0.06842

Epoch 2: val_loss did not improve from inf

Epoch 2: val_loss did not improve from 0.00006

Epoch 4: val_loss did not improve from inf

Epoch 4: val_loss did not improve from 0.00004

Epoch 4: val_loss did not improve from 0.00029

Epoch 4: val_loss did not improve from 0.00348

Epoch 6: val_loss did not improve from 0.00075

Epoch 6: val_loss did not improve from 0.00003

Epoch 6: val_loss did not improve from inf

Epoch 6: val_loss did not improve from 0.01037

Epoch 7: val_loss did not improve from 0.00075

Epoch 7: val_loss did not improve from 0.00003

Epoch 7: val_loss did not improve from inf

Epoch 7: val_loss did not improve from 0.01037

Epoch 5: val_loss did not improve from inf

Epoch 5: val_loss did not improve from 0.00004

Epoch 5: val_loss did not improve from 0.00029

Epoch 5: val_loss did not improve from 0.00348

Epoch 3: val_loss did not improve from 0.00409

Epoch 3: val_loss did not improve from 0.06842

Epoch 8: val_loss did not improve from 0.00075

Epoch 3: val_loss did not improve from inf

Epoch 8: val_loss did not improve from 0.00003

Epoch 8: val_loss did not improve from inf

Epoch 8: val_loss did not improve from 0.01037

Epoch 3: val_loss did not improve from 0.00006

Epoch 6: val_loss did not improve from inf

Epoch 6: val_loss did not improve from 0.00004

Epoch 6: val_loss did not improve from 0.00029

Epoch 6: val_loss did not improve from 0.00348

Epoch 9: val_loss did not improve from 0.00075

Epoch 9: val_loss did not improve from 0.00003

Epoch 9: val_loss did not improve from inf

Epoch 9: val_loss did not improve from 0.01037

Epoch 2: val_loss did not improve from inf

Epoch 2: val_loss did not improve from inf

Epoch 2: val_loss did not improve from inf

Epoch 2: val_loss did not improve from inf

Epoch 10: val_loss did not improve from 0.00075

Epoch 10: val_loss did not improve from 0.00003

Epoch 10: val_loss did not improve from inf

Epoch 10: val_loss did not improve from 0.01037

Epoch 7: val_loss did not improve from inf

Epoch 7: val_loss did not improve from 0.00004

Epoch 4: val_loss did not improve from 0.00409

Epoch 7: val_loss did not improve from 0.00029

Epoch 7: val_loss did not improve from 0.00348

Epoch 4: val_loss did not improve from 0.06842

Epoch 4: val_loss did not improve from inf

Epoch 4: val_loss did not improve from 0.00006

Epoch 11: val_loss did not improve from 0.00075

Epoch 11: val_loss did not improve from inf

Epoch 11: val_loss did not improve from 0.00003

Epoch 11: val_loss did not improve from 0.01037

Epoch 8: val_loss did not improve from inf

Epoch 8: val_loss did not improve from 0.00004

Epoch 12: val_loss did not improve from 0.00075

Epoch 8: val_loss did not improve from 0.00029

Epoch 8: val_loss did not improve from 0.00348

Epoch 12: val_loss did not improve from inf

Epoch 12: val_loss did not improve from 0.00003

Epoch 12: val_loss did not improve from 0.01037

Epoch 13: val_loss did not improve from 0.00075

Epoch 13: val_loss did not improve from inf

Epoch 13: val_loss did not improve from 0.00003

Epoch 5: val_loss did not improve from 0.00409

Epoch 13: val_loss did not improve from 0.01037

Epoch 5: val_loss did not improve from 0.06842

Epoch 9: val_loss did not improve from inf

Epoch 9: val_loss did not improve from 0.00004

Epoch 5: val_loss did not improve from inf

Epoch 9: val_loss did not improve from 0.00029

Epoch 9: val_loss did not improve from 0.00348

Epoch 5: val_loss did not improve from 0.00006

Epoch 14: val_loss did not improve from 0.00075

Epoch 14: val_loss did not improve from inf

Epoch 14: val_loss did not improve from 0.00003

Epoch 3: val_loss did not improve from inf

Epoch 14: val_loss did not improve from 0.01037

Epoch 3: val_loss did not improve from inf

Epoch 3: val_loss did not improve from inf

Epoch 3: val_loss did not improve from inf

Epoch 10: val_loss did not improve from inf

Epoch 10: val_loss did not improve from 0.00004

Epoch 15: val_loss did not improve from 0.00075

Epoch 10: val_loss did not improve from 0.00029

Epoch 10: val_loss did not improve from 0.00348

Epoch 15: val_loss did not improve from inf

Epoch 15: val_loss did not improve from 0.00003

Epoch 15: val_loss did not improve from 0.01037

Epoch 6: val_loss did not improve from 0.00409

Epoch 6: val_loss did not improve from 0.06842

Epoch 16: val_loss did not improve from 0.00075

Epoch 16: val_loss did not improve from inf
Saving and plotting the results...

Epoch 16: val_loss did not improve from 0.00003

Epoch 6: val_loss did not improve from inf

Epoch 16: val_loss did not improve from 0.01037

Epoch 6: val_loss did not improve from 0.00006

Epoch 11: val_loss did not improve from inf

Epoch 11: val_loss did not improve from 0.00004

Epoch 11: val_loss did not improve from 0.00029

Epoch 11: val_loss did not improve from 0.00348

Epoch 17: val_loss did not improve from 0.00075
Saving and plotting the results...

Epoch 17: val_loss did not improve from 0.00003
Saving and plotting the results...

Epoch 17: val_loss did not improve from 0.01037
Saving and plotting the results...

Epoch 12: val_loss did not improve from inf

Epoch 12: val_loss did not improve from 0.00004

Epoch 12: val_loss did not improve from 0.00029

Epoch 12: val_loss did not improve from 0.00348

Epoch 7: val_loss did not improve from 0.00409

Epoch 7: val_loss did not improve from 0.06842

Epoch 7: val_loss did not improve from inf

Epoch 7: val_loss did not improve from 0.00006

Epoch 4: val_loss did not improve from inf

Epoch 4: val_loss did not improve from inf

Epoch 4: val_loss did not improve from inf

Epoch 4: val_loss did not improve from inf

Epoch 13: val_loss did not improve from inf

Epoch 13: val_loss did not improve from 0.00004

Epoch 13: val_loss did not improve from 0.00029

Epoch 13: val_loss did not improve from 0.00348
train_data_hourly_pr_['ADAPTER_DE05.day06.merged.nc']_['ADAPTER_DE05.day01.merged.nc']_MM_6__spatiotemporal_128.256_2018-01-01T13_2022-12-31T23_no_na_land
Loading training data...
Data loaded!
mse_64_0.0001_1e-17_0.5_4_8_16_0.5_128_0.1_unet-l-dw_day06
Training the model...

Epoch 1: val_loss did not improve from inf

Epoch 14: val_loss did not improve from inf

Epoch 14: val_loss did not improve from 0.00004

Epoch 14: val_loss did not improve from 0.00029

Epoch 14: val_loss did not improve from 0.00348
train_data_hourly_pr_['ADAPTER_DE05.day06.merged.nc']_['ADAPTER_DE05.day01.merged.nc']_MM_6__spatiotemporal_128.256_2018-01-01T13_2022-12-31T23_no_na_land
Loading training data...
Data loaded!
mse_64_0.0001_1e-17_0.5_4_16_16_0.5_128_0.1_unet-l-dw_day06
Training the model...

Epoch 1: val_loss improved from inf to 0.00046, saving model to /p/project1/cesmtst/patakchiyousefi1/HPT/mse_64_0.0001_1e-17_0.5_4_16_16_0.5_128_0.1_unet-l-dw_day06.h5

Epoch 8: val_loss did not improve from 0.00409

Epoch 8: val_loss did not improve from 0.06842
train_data_hourly_pr_['ADAPTER_DE05.day06.merged.nc']_['ADAPTER_DE05.day01.merged.nc']_MM_6__spatiotemporal_128.256_2018-01-01T13_2022-12-31T23_no_na_land
Loading training data...
Data loaded!
mse_64_1e-05_1e-17_0.5_4_16_16_0.5_128_0.2_unet-l-dw_day06
Training the model...

Epoch 1: val_loss did not improve from inf

Epoch 8: val_loss did not improve from inf
train_data_hourly_pr_['ADAPTER_DE05.day06.merged.nc']_['ADAPTER_DE05.day01.merged.nc']_MM_6__spatiotemporal_128.256_2018-01-01T13_2022-12-31T23_no_na_land
Loading training data...
Data loaded!
mse_64_1e-05_1e-17_0.5_4_8_16_0.5_128_0.3_unet-l-dw_day06
Training the model...

Epoch 1: val_loss improved from inf to 0.00044, saving model to /p/project1/cesmtst/patakchiyousefi1/HPT/mse_64_1e-05_1e-17_0.5_4_8_16_0.5_128_0.3_unet-l-dw_day06.h5

Epoch 8: val_loss did not improve from 0.00006

Epoch 2: val_loss did not improve from inf

Epoch 2: val_loss did not improve from 0.00046

Epoch 15: val_loss did not improve from inf

Epoch 15: val_loss did not improve from 0.00004

Epoch 2: val_loss did not improve from inf

Epoch 15: val_loss did not improve from 0.00029

Epoch 15: val_loss did not improve from 0.00348

Epoch 2: val_loss did not improve from 0.00044

Epoch 3: val_loss did not improve from 0.00046

Epoch 3: val_loss did not improve from inf

Epoch 9: val_loss did not improve from 0.00409

Epoch 5: val_loss did not improve from inf

Epoch 3: val_loss did not improve from inf

Epoch 5: val_loss did not improve from inf

Epoch 16: val_loss did not improve from inf
Saving and plotting the results...

Epoch 5: val_loss did not improve from inf

Epoch 16: val_loss did not improve from 0.00004

Epoch 9: val_loss did not improve from 0.06842

Epoch 5: val_loss did not improve from inf

Epoch 9: val_loss did not improve from inf

Epoch 16: val_loss did not improve from 0.00348

Epoch 16: val_loss did not improve from 0.00029

Epoch 9: val_loss did not improve from 0.00006

Epoch 4: val_loss did not improve from 0.00046

Epoch 4: val_loss did not improve from inf

Epoch 3: val_loss did not improve from 0.00044

Epoch 17: val_loss did not improve from 0.00004
Saving and plotting the results...

Epoch 4: val_loss did not improve from inf

Epoch 17: val_loss did not improve from 0.00348
Saving and plotting the results...

Epoch 17: val_loss did not improve from 0.00029
Saving and plotting the results...

Epoch 5: val_loss did not improve from 0.00046

Epoch 5: val_loss did not improve from inf

Epoch 4: val_loss did not improve from 0.00044

Epoch 10: val_loss did not improve from 0.00409

Epoch 10: val_loss did not improve from 0.06842

Epoch 10: val_loss did not improve from inf

Epoch 10: val_loss did not improve from 0.00006

Epoch 6: val_loss did not improve from 0.00046

Epoch 6: val_loss did not improve from inf

Epoch 5: val_loss did not improve from inf
train_data_hourly_pr_['ADAPTER_DE05.day06.merged.nc']_['ADAPTER_DE05.day01.merged.nc']_MM_6__spatiotemporal_128.256_2018-01-01T13_2022-12-31T23_no_na_land
Loading training data...
Data loaded!
mse_64_0.001_1e-17_0.5_4_16_16_0.5_128_0.2_unet-l-dw_day06
Training the model...

Epoch 1: val_loss did not improve from inf

Epoch 7: val_loss did not improve from 0.00046

Epoch 5: val_loss did not improve from 0.00044

Epoch 7: val_loss did not improve from inf

Epoch 6: val_loss did not improve from inf

Epoch 6: val_loss did not improve from inf

Epoch 6: val_loss did not improve from inf

Epoch 6: val_loss did not improve from inf

Epoch 6: val_loss did not improve from inf

Epoch 2: val_loss did not improve from inf

Epoch 11: val_loss did not improve from 0.00409

Epoch 8: val_loss did not improve from 0.00046

Epoch 11: val_loss did not improve from 0.06842

Epoch 8: val_loss did not improve from inf

Epoch 11: val_loss did not improve from inf

Epoch 11: val_loss did not improve from 0.00006

Epoch 6: val_loss did not improve from 0.00044
train_data_hourly_pr_['ADAPTER_DE05.day06.merged.nc']_['ADAPTER_DE05.day01.merged.nc']_MM_6__spatiotemporal_128.256_2018-01-01T13_2022-12-31T23_no_na_land
Loading training data...
Data loaded!
mse_64_0.01_1e-17_0.5_4_16_16_0.5_128_0.2_unet-l-dw_day06
Training the model...

Epoch 1: val_loss improved from inf to 0.00015, saving model to /p/project1/cesmtst/patakchiyousefi1/HPT/mse_64_0.01_1e-17_0.5_4_16_16_0.5_128_0.2_unet-l-dw_day06.h5

Epoch 3: val_loss did not improve from inf

Epoch 9: val_loss did not improve from 0.00046

Epoch 7: val_loss did not improve from inf

Epoch 9: val_loss did not improve from inf

Epoch 2: val_loss improved from 0.00015 to 0.00005, saving model to /p/project1/cesmtst/patakchiyousefi1/HPT/mse_64_0.01_1e-17_0.5_4_16_16_0.5_128_0.2_unet-l-dw_day06.h5
train_data_hourly_pr_['ADAPTER_DE05.day06.merged.nc']_['ADAPTER_DE05.day01.merged.nc']_MM_6__spatiotemporal_128.256_2018-01-01T13_2022-12-31T23_no_na_land
Loading training data...
Data loaded!
mse_64_0.0001_1e-17_0.5_4_4_16_0.5_128_0.1_unet-l-dw_day06
Training the model...

Epoch 1: val_loss improved from inf to 0.00040, saving model to /p/project1/cesmtst/patakchiyousefi1/HPT/mse_64_0.0001_1e-17_0.5_4_4_16_0.5_128_0.1_unet-l-dw_day06.h5

Epoch 4: val_loss did not improve from inf

Epoch 7: val_loss did not improve from 0.00044

Epoch 10: val_loss did not improve from 0.00046

Epoch 10: val_loss did not improve from inf

Epoch 12: val_loss did not improve from 0.00409

Epoch 12: val_loss did not improve from 0.06842

Epoch 12: val_loss did not improve from inf

Epoch 3: val_loss did not improve from 0.00005

Epoch 8: val_loss did not improve from inf

Epoch 12: val_loss did not improve from 0.00006

Epoch 5: val_loss did not improve from inf

Epoch 11: val_loss did not improve from 0.00046

Epoch 11: val_loss did not improve from inf

Epoch 8: val_loss did not improve from 0.00044

Epoch 4: val_loss did not improve from 0.00005
train_data_hourly_pr_['ADAPTER_DE05.day06.merged.nc']_['ADAPTER_DE05.day01.merged.nc']_MM_6__spatiotemporal_128.256_2018-01-01T13_2022-12-31T23_no_na_land
Loading training data...
Data loaded!
mse_64_1e-05_1e-17_0.5_4_2_16_0.5_128_0.3_unet-l-dw_day06
Training the model...

Epoch 1: val_loss did not improve from inf

Epoch 7: val_loss did not improve from inf

Epoch 7: val_loss did not improve from inf

Epoch 7: val_loss did not improve from inf

Epoch 7: val_loss did not improve from inf

Epoch 6: val_loss did not improve from inf

Epoch 9: val_loss did not improve from inf

Epoch 12: val_loss did not improve from 0.00046

Epoch 12: val_loss did not improve from inf

Epoch 2: val_loss did not improve from 0.00040

Epoch 5: val_loss did not improve from 0.00005

Epoch 13: val_loss did not improve from 0.00409

Epoch 13: val_loss did not improve from 0.06842

Epoch 9: val_loss did not improve from 0.00044

Epoch 13: val_loss did not improve from inf

Epoch 7: val_loss did not improve from inf

Epoch 13: val_loss did not improve from 0.00006

Epoch 13: val_loss did not improve from 0.00046

Epoch 13: val_loss did not improve from inf

Epoch 10: val_loss did not improve from inf

Epoch 6: val_loss did not improve from 0.00005

Epoch 8: val_loss did not improve from inf

Epoch 14: val_loss did not improve from 0.00046

Epoch 14: val_loss did not improve from inf

Epoch 10: val_loss did not improve from 0.00044

Epoch 7: val_loss did not improve from 0.00005

Epoch 3: val_loss did not improve from 0.00040

Epoch 11: val_loss did not improve from inf

Epoch 9: val_loss did not improve from inf

Epoch 14: val_loss did not improve from 0.00409

Epoch 15: val_loss did not improve from 0.00046

Epoch 14: val_loss did not improve from 0.06842

Epoch 14: val_loss did not improve from inf

Epoch 15: val_loss did not improve from inf

Epoch 14: val_loss did not improve from 0.00006

Epoch 8: val_loss did not improve from 0.00005

Epoch 11: val_loss did not improve from 0.00044

Epoch 8: val_loss did not improve from inf

Epoch 10: val_loss did not improve from inf

Epoch 8: val_loss did not improve from inf

Epoch 8: val_loss did not improve from inf

Epoch 2: val_loss did not improve from inf

Epoch 16: val_loss did not improve from 0.00046

Epoch 8: val_loss did not improve from inf

Epoch 16: val_loss did not improve from inf
Saving and plotting the results...

Epoch 12: val_loss did not improve from inf

Epoch 9: val_loss did not improve from 0.00005

Epoch 11: val_loss did not improve from inf

Epoch 17: val_loss did not improve from 0.00046
Saving and plotting the results...

Epoch 12: val_loss did not improve from 0.00044

Epoch 15: val_loss did not improve from 0.00409

Epoch 4: val_loss did not improve from 0.00040

Epoch 15: val_loss did not improve from 0.06842

Epoch 15: val_loss did not improve from inf

Epoch 15: val_loss did not improve from 0.00006

Epoch 10: val_loss did not improve from 0.00005

Epoch 13: val_loss did not improve from inf

Epoch 12: val_loss did not improve from inf

Epoch 13: val_loss did not improve from 0.00044

Epoch 11: val_loss did not improve from 0.00005

Epoch 13: val_loss did not improve from inf

Epoch 14: val_loss did not improve from inf

Epoch 16: val_loss did not improve from 0.00409

Epoch 12: val_loss did not improve from 0.00005

Epoch 16: val_loss did not improve from 0.06842

Epoch 5: val_loss did not improve from 0.00040

Epoch 16: val_loss did not improve from inf
Saving and plotting the results...

Epoch 16: val_loss did not improve from 0.00006

Epoch 14: val_loss did not improve from inf

Epoch 14: val_loss did not improve from 0.00044

Epoch 9: val_loss did not improve from inf
train_data_hourly_pr_['ADAPTER_DE05.day06.merged.nc']_['ADAPTER_DE05.day01.merged.nc']_MM_6__spatiotemporal_128.256_2018-01-01T13_2022-12-31T23_no_na_land
Loading training data...
Data loaded!
mse_64_0.0001_1e-17_0.5_4_8_16_0.5_128_0.2_unet-l-dw_day06
Training the model...

Epoch 1: val_loss improved from inf to 0.00006, saving model to /p/project1/cesmtst/patakchiyousefi1/HPT/mse_64_0.0001_1e-17_0.5_4_8_16_0.5_128_0.2_unet-l-dw_day06.h5

Epoch 9: val_loss did not improve from inf

Epoch 9: val_loss did not improve from inf

Epoch 9: val_loss did not improve from inf

Epoch 3: val_loss did not improve from inf

Epoch 13: val_loss did not improve from 0.00005

Epoch 15: val_loss did not improve from inf
train_data_hourly_pr_['ADAPTER_DE05.day06.merged.nc']_['ADAPTER_DE05.day01.merged.nc']_MM_6__spatiotemporal_128.256_2018-01-01T13_2022-12-31T23_no_na_land
Loading training data...
Data loaded!
mse_64_0.01_1e-17_0.5_4_8_16_0.5_128_0.1_unet-l-dw_day06
Training the model...

Epoch 1: val_loss improved from inf to 0.00015, saving model to /p/project1/cesmtst/patakchiyousefi1/HPT/mse_64_0.01_1e-17_0.5_4_8_16_0.5_128_0.1_unet-l-dw_day06.h5

Epoch 15: val_loss did not improve from inf

Epoch 15: val_loss did not improve from 0.00044

Epoch 14: val_loss did not improve from 0.00005

Epoch 2: val_loss did not improve from 0.00006

Epoch 17: val_loss did not improve from 0.00409
Saving and plotting the results...

Epoch 16: val_loss did not improve from inf
Saving and plotting the results...

Epoch 17: val_loss did not improve from 0.06842
Saving and plotting the results...

Epoch 16: val_loss did not improve from inf
Saving and plotting the results...

Epoch 17: val_loss did not improve from 0.00006
Saving and plotting the results...

Epoch 6: val_loss did not improve from 0.00040

Epoch 2: val_loss did not improve from 0.00015

Epoch 15: val_loss did not improve from 0.00005

Epoch 16: val_loss did not improve from 0.00044

Epoch 3: val_loss did not improve from 0.00006

Epoch 16: val_loss did not improve from 0.00005

Epoch 3: val_loss did not improve from 0.00015

Epoch 10: val_loss did not improve from inf

Epoch 17: val_loss did not improve from 0.00044
Saving and plotting the results...

Epoch 10: val_loss did not improve from inf

Epoch 10: val_loss did not improve from inf

Epoch 10: val_loss did not improve from inf

Epoch 4: val_loss did not improve from 0.00006

Epoch 17: val_loss did not improve from 0.00005

Epoch 7: val_loss did not improve from 0.00040

Epoch 4: val_loss did not improve from inf

Epoch 4: val_loss did not improve from 0.00015
train_data_hourly_pr_['ADAPTER_DE05.day06.merged.nc']_['ADAPTER_DE05.day01.merged.nc']_MM_6__spatiotemporal_128.256_2018-01-01T13_2022-12-31T23_no_na_land
Loading training data...
Data loaded!
mse_64_1e-05_1e-17_0.5_4_16_16_0.5_128_0.3_unet-l-dw_day06
Training the model...

Epoch 1: val_loss improved from inf to 0.00247, saving model to /p/project1/cesmtst/patakchiyousefi1/HPT/mse_64_1e-05_1e-17_0.5_4_16_16_0.5_128_0.3_unet-l-dw_day06.h5

Epoch 18: val_loss did not improve from 0.00005
Saving and plotting the results...

Epoch 5: val_loss did not improve from 0.00006
train_data_hourly_pr_['ADAPTER_DE05.day06.merged.nc']_['ADAPTER_DE05.day01.merged.nc']_MM_6__spatiotemporal_128.256_2018-01-01T13_2022-12-31T23_no_na_land
Loading training data...
Data loaded!
mse_64_0.001_1e-17_0.5_4_8_16_0.5_128_0.3_unet-l-dw_day06
Training the model...

Epoch 1: val_loss improved from inf to 0.01179, saving model to /p/project1/cesmtst/patakchiyousefi1/HPT/mse_64_0.001_1e-17_0.5_4_8_16_0.5_128_0.3_unet-l-dw_day06.h5

Epoch 2: val_loss improved from 0.00247 to 0.00033, saving model to /p/project1/cesmtst/patakchiyousefi1/HPT/mse_64_1e-05_1e-17_0.5_4_16_16_0.5_128_0.3_unet-l-dw_day06.h5
train_data_hourly_pr_['ADAPTER_DE05.day06.merged.nc']_['ADAPTER_DE05.day01.merged.nc']_MM_6__spatiotemporal_128.256_2018-01-01T13_2022-12-31T23_no_na_land
Loading training data...
Data loaded!
mse_64_0.001_1e-17_0.5_4_2_16_0.5_128_0.2_unet-l-dw_day06
Training the model...

Epoch 1: val_loss did not improve from inf

Epoch 5: val_loss did not improve from 0.00015
train_data_hourly_pr_['ADAPTER_DE05.day06.merged.nc']_['ADAPTER_DE05.day01.merged.nc']_MM_6__spatiotemporal_128.256_2018-01-01T13_2022-12-31T23_no_na_land
Loading training data...
Data loaded!
mse_64_0.01_1e-17_0.5_4_4_16_0.5_128_0.3_unet-l-dw_day06
Training the model...

Epoch 1: val_loss improved from inf to 0.00495, saving model to /p/project1/cesmtst/patakchiyousefi1/HPT/mse_64_0.01_1e-17_0.5_4_4_16_0.5_128_0.3_unet-l-dw_day06.h5
train_data_hourly_pr_['ADAPTER_DE05.day06.merged.nc']_['ADAPTER_DE05.day01.merged.nc']_MM_6__spatiotemporal_128.256_2018-01-01T13_2022-12-31T23_no_na_land
Loading training data...
Data loaded!
mse_64_0.001_1e-17_0.5_4_4_16_0.5_128_0.2_unet-l-dw_day06
Training the model...

Epoch 1: val_loss improved from inf to 0.00003, saving model to /p/project1/cesmtst/patakchiyousefi1/HPT/mse_64_0.001_1e-17_0.5_4_4_16_0.5_128_0.2_unet-l-dw_day06.h5

Epoch 8: val_loss did not improve from 0.00040

Epoch 6: val_loss did not improve from 0.00006

Epoch 3: val_loss did not improve from 0.00033

Epoch 2: val_loss did not improve from 0.01179
train_data_hourly_pr_['ADAPTER_DE05.day06.merged.nc']_['ADAPTER_DE05.day01.merged.nc']_MM_6__spatiotemporal_128.256_2018-01-01T13_2022-12-31T23_no_na_land
Loading training data...
Data loaded!
mse_64_0.001_1e-17_0.5_4_16_16_0.5_128_0.3_unet-l-dw_day06
Training the model...

Epoch 1: val_loss improved from inf to 0.00014, saving model to /p/project1/cesmtst/patakchiyousefi1/HPT/mse_64_0.001_1e-17_0.5_4_16_16_0.5_128_0.3_unet-l-dw_day06.h5

Epoch 6: val_loss did not improve from 0.00015

Epoch 11: val_loss did not improve from inf

Epoch 4: val_loss did not improve from 0.00033

Epoch 11: val_loss did not improve from inf

Epoch 11: val_loss did not improve from inf

Epoch 11: val_loss did not improve from inf
train_data_hourly_pr_['ADAPTER_DE05.day06.merged.nc']_['ADAPTER_DE05.day01.merged.nc']_MM_6__spatiotemporal_128.256_2018-01-01T13_2022-12-31T23_no_na_land
Loading training data...
Data loaded!
mse_64_0.001_1e-17_0.5_4_2_16_0.5_128_0.1_unet-l-dw_day06
Training the model...

Epoch 1: val_loss did not improve from inf

Epoch 7: val_loss did not improve from 0.00006

Epoch 2: val_loss did not improve from 0.00014

Epoch 3: val_loss did not improve from 0.01179
train_data_hourly_pr_['ADAPTER_DE05.day06.merged.nc']_['ADAPTER_DE05.day01.merged.nc']_MM_6__spatiotemporal_128.256_2018-01-01T13_2022-12-31T23_no_na_land
Loading training data...
Data loaded!
mse_64_0.01_1e-17_0.5_4_16_16_0.5_128_0.1_unet-l-dw_day06
Training the model...

Epoch 1: val_loss improved from inf to 0.00016, saving model to /p/project1/cesmtst/patakchiyousefi1/HPT/mse_64_0.01_1e-17_0.5_4_16_16_0.5_128_0.1_unet-l-dw_day06.h5

Epoch 2: val_loss did not improve from 0.00495

Epoch 5: val_loss did not improve from inf

Epoch 2: val_loss improved from 0.00003 to 0.00002, saving model to /p/project1/cesmtst/patakchiyousefi1/HPT/mse_64_0.001_1e-17_0.5_4_4_16_0.5_128_0.2_unet-l-dw_day06.h5

Epoch 5: val_loss did not improve from 0.00033

Epoch 7: val_loss did not improve from 0.00015

Epoch 9: val_loss did not improve from 0.00040

Epoch 3: val_loss did not improve from 0.00014

Epoch 2: val_loss did not improve from 0.00016

Epoch 8: val_loss did not improve from 0.00006

Epoch 6: val_loss did not improve from 0.00033

Epoch 4: val_loss did not improve from 0.01179

Epoch 4: val_loss did not improve from 0.00014

Epoch 8: val_loss did not improve from 0.00015

Epoch 2: val_loss did not improve from inf

Epoch 3: val_loss did not improve from 0.00016

Epoch 7: val_loss did not improve from 0.00033

Epoch 9: val_loss did not improve from 0.00006

Epoch 5: val_loss did not improve from 0.00014

Epoch 3: val_loss did not improve from 0.00495

Epoch 5: val_loss did not improve from 0.01179

Epoch 3: val_loss did not improve from 0.00002

Epoch 4: val_loss did not improve from 0.00016

Epoch 10: val_loss did not improve from 0.00040

Epoch 9: val_loss did not improve from 0.00015

Epoch 8: val_loss did not improve from 0.00033

Epoch 12: val_loss did not improve from inf

Epoch 12: val_loss did not improve from inf

Epoch 12: val_loss did not improve from inf

Epoch 6: val_loss did not improve from 0.00014

Epoch 12: val_loss did not improve from inf

Epoch 2: val_loss did not improve from inf

Epoch 10: val_loss did not improve from 0.00006

Epoch 5: val_loss did not improve from 0.00016

Epoch 6: val_loss did not improve from 0.01179

Epoch 9: val_loss did not improve from 0.00033

Epoch 7: val_loss did not improve from 0.00014

Epoch 6: val_loss did not improve from inf

Epoch 10: val_loss did not improve from 0.00015

Epoch 6: val_loss did not improve from 0.00016

Epoch 4: val_loss did not improve from 0.00495

Epoch 4: val_loss did not improve from 0.00002

Epoch 10: val_loss did not improve from 0.00033

Epoch 11: val_loss did not improve from 0.00006

Epoch 11: val_loss did not improve from 0.00040

Epoch 7: val_loss did not improve from 0.01179

Epoch 8: val_loss did not improve from 0.00014

Epoch 7: val_loss did not improve from 0.00016

Epoch 11: val_loss did not improve from 0.00015

Epoch 11: val_loss did not improve from 0.00033

Epoch 3: val_loss did not improve from inf

Epoch 9: val_loss did not improve from 0.00014

Epoch 12: val_loss did not improve from 0.00006

Epoch 8: val_loss did not improve from 0.00016

Epoch 8: val_loss did not improve from 0.01179

Epoch 12: val_loss did not improve from 0.00033

Epoch 12: val_loss did not improve from 0.00015

Epoch 13: val_loss did not improve from inf

Epoch 5: val_loss did not improve from 0.00495

Epoch 10: val_loss did not improve from 0.00014

Epoch 13: val_loss did not improve from inf

Epoch 5: val_loss improved from 0.00002 to 0.00002, saving model to /p/project1/cesmtst/patakchiyousefi1/HPT/mse_64_0.001_1e-17_0.5_4_4_16_0.5_128_0.2_unet-l-dw_day06.h5

Epoch 13: val_loss did not improve from inf

Epoch 13: val_loss did not improve from inf

Epoch 12: val_loss did not improve from 0.00040

Epoch 9: val_loss did not improve from 0.00016

Epoch 13: val_loss did not improve from 0.00006

Epoch 13: val_loss did not improve from 0.00033

Epoch 3: val_loss did not improve from inf

Epoch 9: val_loss did not improve from 0.01179

Epoch 11: val_loss did not improve from 0.00014

Epoch 10: val_loss did not improve from 0.00016

Epoch 13: val_loss did not improve from 0.00015

Epoch 7: val_loss did not improve from inf

Epoch 14: val_loss did not improve from 0.00033

Epoch 12: val_loss did not improve from 0.00014

Epoch 14: val_loss did not improve from 0.00006

Epoch 10: val_loss did not improve from 0.01179

Epoch 11: val_loss did not improve from 0.00016

Epoch 6: val_loss did not improve from 0.00495

Epoch 6: val_loss did not improve from 0.00002

Epoch 15: val_loss did not improve from 0.00033

Epoch 14: val_loss did not improve from 0.00015

Epoch 13: val_loss did not improve from 0.00040

Epoch 13: val_loss did not improve from 0.00014

Epoch 4: val_loss did not improve from inf

Epoch 12: val_loss did not improve from 0.00016

Epoch 15: val_loss did not improve from 0.00006

Epoch 16: val_loss did not improve from 0.00033

Epoch 11: val_loss did not improve from 0.01179

Epoch 14: val_loss did not improve from 0.00014

Epoch 14: val_loss did not improve from inf

Epoch 14: val_loss did not improve from inf

Epoch 15: val_loss did not improve from 0.00015

Epoch 13: val_loss did not improve from 0.00016

Epoch 14: val_loss did not improve from inf

Epoch 14: val_loss did not improve from inf

Epoch 17: val_loss did not improve from 0.00033

Epoch 7: val_loss did not improve from 0.00495

Epoch 15: val_loss did not improve from 0.00014

Epoch 16: val_loss did not improve from 0.00006

Epoch 7: val_loss improved from 0.00002 to 0.00002, saving model to /p/project1/cesmtst/patakchiyousefi1/HPT/mse_64_0.001_1e-17_0.5_4_4_16_0.5_128_0.2_unet-l-dw_day06.h5

Epoch 12: val_loss did not improve from 0.01179

Epoch 4: val_loss did not improve from inf

Epoch 14: val_loss did not improve from 0.00040

Epoch 14: val_loss did not improve from 0.00016

Epoch 16: val_loss did not improve from 0.00015

Epoch 18: val_loss did not improve from 0.00033
Saving and plotting the results...

Epoch 8: val_loss did not improve from inf

Epoch 16: val_loss did not improve from 0.00014

Epoch 15: val_loss did not improve from 0.00016

Epoch 17: val_loss did not improve from 0.00006
Saving and plotting the results...

Epoch 13: val_loss did not improve from 0.01179

Epoch 17: val_loss did not improve from 0.00014
Saving and plotting the results...

Epoch 17: val_loss did not improve from 0.00015
Saving and plotting the results...

Epoch 16: val_loss did not improve from 0.00016

Epoch 8: val_loss did not improve from 0.00495

Epoch 8: val_loss did not improve from 0.00002

Epoch 5: val_loss did not improve from inf

Epoch 15: val_loss did not improve from 0.00040

Epoch 14: val_loss did not improve from 0.01179

Epoch 15: val_loss did not improve from inf

Epoch 17: val_loss did not improve from 0.00016
Saving and plotting the results...

Epoch 15: val_loss did not improve from inf

Epoch 15: val_loss did not improve from inf

Epoch 15: val_loss did not improve from inf

Epoch 15: val_loss did not improve from 0.01179

Epoch 5: val_loss did not improve from inf

Epoch 9: val_loss did not improve from 0.00495

Epoch 9: val_loss did not improve from 0.00002

Epoch 16: val_loss did not improve from 0.00040

Epoch 9: val_loss did not improve from inf
train_data_hourly_pr_['ADAPTER_DE05.day06.merged.nc']_['ADAPTER_DE05.day01.merged.nc']_MM_6__spatiotemporal_128.256_2018-01-01T13_2022-12-31T23_no_na_land
Loading training data...
Data loaded!
mse_64_0.0001_1e-17_0.5_4_4_16_0.5_128_0.2_unet-l-dw_day06
Training the model...

Epoch 1: val_loss improved from inf to 0.00008, saving model to /p/project1/cesmtst/patakchiyousefi1/HPT/mse_64_0.0001_1e-17_0.5_4_4_16_0.5_128_0.2_unet-l-dw_day06.h5

Epoch 16: val_loss did not improve from 0.01179
train_data_hourly_pr_['ADAPTER_DE05.day06.merged.nc']_['ADAPTER_DE05.day01.merged.nc']_MM_6__spatiotemporal_128.256_2018-01-01T13_2022-12-31T23_no_na_land
Loading training data...
Data loaded!
mse_64_1e-05_1e-17_0.5_4_8_16_0.5_128_0.2_unet-l-dw_day06
Training the model...

Epoch 1: val_loss improved from inf to 0.00648, saving model to /p/project1/cesmtst/patakchiyousefi1/HPT/mse_64_1e-05_1e-17_0.5_4_8_16_0.5_128_0.2_unet-l-dw_day06.h5
train_data_hourly_pr_['ADAPTER_DE05.day06.merged.nc']_['ADAPTER_DE05.day01.merged.nc']_MM_6__spatiotemporal_128.256_2018-01-01T13_2022-12-31T23_no_na_land
Loading training data...
Data loaded!
mse_64_0.001_1e-17_0.5_4_8_16_0.5_128_0.1_unet-l-dw_day06
Training the model...

Epoch 1: val_loss improved from inf to 0.00020, saving model to /p/project1/cesmtst/patakchiyousefi1/HPT/mse_64_0.001_1e-17_0.5_4_8_16_0.5_128_0.1_unet-l-dw_day06.h5
train_data_hourly_pr_['ADAPTER_DE05.day06.merged.nc']_['ADAPTER_DE05.day01.merged.nc']_MM_6__spatiotemporal_128.256_2018-01-01T13_2022-12-31T23_no_na_land
Loading training data...
Data loaded!
mse_64_0.0001_1e-17_0.5_4_16_16_0.5_128_0.3_unet-l-dw_day06
Training the model...

Epoch 1: val_loss improved from inf to 0.00026, saving model to /p/project1/cesmtst/patakchiyousefi1/HPT/mse_64_0.0001_1e-17_0.5_4_16_16_0.5_128_0.3_unet-l-dw_day06.h5

Epoch 6: val_loss did not improve from inf

Epoch 17: val_loss did not improve from 0.01179
Saving and plotting the results...

Epoch 10: val_loss did not improve from 0.00495

Epoch 2: val_loss did not improve from 0.00648

Epoch 16: val_loss did not improve from inf
Saving and plotting the results...

Epoch 10: val_loss did not improve from 0.00002

Epoch 2: val_loss did not improve from 0.00020

Epoch 16: val_loss did not improve from inf
Saving and plotting the results...

Epoch 16: val_loss did not improve from inf
Saving and plotting the results...

Epoch 17: val_loss did not improve from 0.00040
Saving and plotting the results...

Epoch 16: val_loss did not improve from inf
Saving and plotting the results...

Epoch 2: val_loss did not improve from 0.00026

Epoch 2: val_loss did not improve from 0.00008
train_data_hourly_pr_['ADAPTER_DE05.day06.merged.nc']_['ADAPTER_DE05.day01.merged.nc']_MM_6__spatiotemporal_128.256_2018-01-01T13_2022-12-31T23_no_na_land
Loading training data...
Data loaded!
mse_64_0.01_1e-17_0.5_4_2_16_0.5_128_0.3_unet-l-dw_day06
Training the model...

Epoch 1: val_loss did not improve from inf

Epoch 3: val_loss did not improve from 0.00648

Epoch 3: val_loss did not improve from 0.00020

Epoch 3: val_loss did not improve from 0.00026

Epoch 6: val_loss did not improve from inf

Epoch 11: val_loss did not improve from 0.00495

Epoch 10: val_loss did not improve from inf

Epoch 11: val_loss did not improve from 0.00002

Epoch 4: val_loss did not improve from 0.00026

Epoch 4: val_loss did not improve from 0.00648

Epoch 4: val_loss did not improve from 0.00020

Epoch 3: val_loss did not improve from 0.00008
train_data_hourly_pr_['ADAPTER_DE05.day06.merged.nc']_['ADAPTER_DE05.day01.merged.nc']_MM_6__spatiotemporal_128.256_2018-01-01T13_2022-12-31T23_no_na_land
Loading training data...
Data loaded!
mse_64_1e-05_1e-17_0.5_4_16_16_0.5_128_0.1_unet-l-dw_day06
Training the model...

Epoch 1: val_loss improved from inf to 0.00127, saving model to /p/project1/cesmtst/patakchiyousefi1/HPT/mse_64_1e-05_1e-17_0.5_4_16_16_0.5_128_0.1_unet-l-dw_day06.h5

Epoch 5: val_loss did not improve from 0.00026

Epoch 7: val_loss did not improve from inf

Epoch 5: val_loss did not improve from 0.00648
train_data_hourly_pr_['ADAPTER_DE05.day06.merged.nc']_['ADAPTER_DE05.day01.merged.nc']_MM_6__spatiotemporal_128.256_2018-01-01T13_2022-12-31T23_no_na_land
Loading training data...
Data loaded!
mse_64_0.0001_1e-17_0.5_4_8_16_0.5_128_0.3_unet-l-dw_day06
Training the model...

Epoch 1: val_loss improved from inf to 0.00009, saving model to /p/project1/cesmtst/patakchiyousefi1/HPT/mse_64_0.0001_1e-17_0.5_4_8_16_0.5_128_0.3_unet-l-dw_day06.h5

Epoch 5: val_loss did not improve from 0.00020

Epoch 2: val_loss did not improve from 0.00127

Epoch 6: val_loss did not improve from 0.00026

Epoch 12: val_loss did not improve from 0.00495

Epoch 12: val_loss did not improve from 0.00002

Epoch 2: val_loss did not improve from inf
train_data_hourly_pr_['ADAPTER_DE05.day06.merged.nc']_['ADAPTER_DE05.day01.merged.nc']_MM_6__spatiotemporal_128.256_2018-01-01T13_2022-12-31T23_no_na_land
Loading training data...
Data loaded!
mse_64_0.0001_1e-17_0.5_4_4_16_0.5_128_0.3_unet-l-dw_day06
Training the model...

Epoch 1: val_loss improved from inf to 0.00003, saving model to /p/project1/cesmtst/patakchiyousefi1/HPT/mse_64_0.0001_1e-17_0.5_4_4_16_0.5_128_0.3_unet-l-dw_day06.h5

Epoch 3: val_loss did not improve from 0.00127

Epoch 7: val_loss did not improve from 0.00026

Epoch 4: val_loss did not improve from 0.00008

Epoch 6: val_loss did not improve from 0.00648

Epoch 2: val_loss did not improve from 0.00009

Epoch 6: val_loss did not improve from 0.00020

Epoch 7: val_loss did not improve from inf

Epoch 4: val_loss did not improve from 0.00127

Epoch 8: val_loss did not improve from 0.00026
train_data_hourly_pr_['ADAPTER_DE05.day06.merged.nc']_['ADAPTER_DE05.day01.merged.nc']_MM_6__spatiotemporal_128.256_2018-01-01T13_2022-12-31T23_no_na_land
Loading training data...
Data loaded!
mse_64_0.01_1e-17_0.5_4_2_16_0.5_128_0.1_unet-l-dw_day06
Training the model...

Epoch 1: val_loss did not improve from inf

Epoch 11: val_loss did not improve from inf
train_data_hourly_pr_['ADAPTER_DE05.day06.merged.nc']_['ADAPTER_DE05.day01.merged.nc']_MM_6__spatiotemporal_128.256_2018-01-01T13_2022-12-31T23_no_na_land
Loading training data...
Data loaded!
mse_64_0.0001_1e-17_0.5_4_2_16_0.5_128_0.2_unet-l-dw_day06
Training the model...

Epoch 1: val_loss did not improve from inf

Epoch 7: val_loss did not improve from 0.00648
train_data_hourly_pr_['ADAPTER_DE05.day06.merged.nc']_['ADAPTER_DE05.day01.merged.nc']_MM_6__spatiotemporal_128.256_2018-01-01T13_2022-12-31T23_no_na_land
Loading training data...
Data loaded!
mse_64_1e-05_1e-17_0.5_4_2_16_0.5_128_0.2_unet-l-dw_day06
Training the model...

Epoch 1: val_loss did not improve from inf

Epoch 3: val_loss did not improve from 0.00009

Epoch 7: val_loss did not improve from 0.00020

Epoch 13: val_loss did not improve from 0.00495

Epoch 13: val_loss did not improve from 0.00002

Epoch 5: val_loss did not improve from 0.00127

Epoch 9: val_loss did not improve from 0.00026

Epoch 2: val_loss did not improve from 0.00003

Epoch 5: val_loss did not improve from 0.00008

Epoch 8: val_loss did not improve from 0.00648

Epoch 6: val_loss did not improve from 0.00127

Epoch 10: val_loss did not improve from 0.00026

Epoch 4: val_loss did not improve from 0.00009

Epoch 8: val_loss did not improve from inf

Epoch 8: val_loss did not improve from 0.00020

Epoch 7: val_loss did not improve from 0.00127

Epoch 11: val_loss did not improve from 0.00026

Epoch 14: val_loss did not improve from 0.00495

Epoch 3: val_loss did not improve from inf

Epoch 9: val_loss did not improve from 0.00648

Epoch 14: val_loss did not improve from 0.00002

Epoch 5: val_loss did not improve from 0.00009

Epoch 9: val_loss did not improve from 0.00020

Epoch 3: val_loss did not improve from 0.00003

Epoch 8: val_loss did not improve from 0.00127

Epoch 6: val_loss did not improve from 0.00008

Epoch 12: val_loss did not improve from 0.00026

Epoch 8: val_loss did not improve from inf

Epoch 2: val_loss did not improve from inf

Epoch 10: val_loss did not improve from 0.00648

Epoch 12: val_loss did not improve from inf

Epoch 2: val_loss did not improve from inf

Epoch 6: val_loss did not improve from 0.00009

Epoch 9: val_loss did not improve from 0.00127

Epoch 10: val_loss did not improve from 0.00020

Epoch 13: val_loss did not improve from 0.00026

Epoch 2: val_loss did not improve from inf

Epoch 15: val_loss did not improve from 0.00495

Epoch 15: val_loss did not improve from 0.00002

Epoch 10: val_loss did not improve from 0.00127

Epoch 14: val_loss did not improve from 0.00026

Epoch 11: val_loss did not improve from 0.00648

Epoch 4: val_loss did not improve from 0.00003

Epoch 7: val_loss did not improve from 0.00009

Epoch 11: val_loss did not improve from 0.00020

Epoch 7: val_loss did not improve from 0.00008

Epoch 9: val_loss did not improve from inf

Epoch 11: val_loss did not improve from 0.00127

Epoch 15: val_loss did not improve from 0.00026

Epoch 12: val_loss did not improve from 0.00648

Epoch 8: val_loss did not improve from 0.00009

Epoch 4: val_loss did not improve from inf

Epoch 12: val_loss did not improve from 0.00020

Epoch 12: val_loss did not improve from 0.00127

Epoch 16: val_loss did not improve from 0.00026

Epoch 16: val_loss did not improve from 0.00495

Epoch 16: val_loss improved from 0.00002 to 0.00002, saving model to /p/project1/cesmtst/patakchiyousefi1/HPT/mse_64_0.001_1e-17_0.5_4_4_16_0.5_128_0.2_unet-l-dw_day06.h5

Epoch 9: val_loss did not improve from inf

Epoch 5: val_loss did not improve from 0.00003

Epoch 8: val_loss did not improve from 0.00008

Epoch 13: val_loss did not improve from 0.00127

Epoch 17: val_loss did not improve from 0.00026
Saving and plotting the results...

Epoch 3: val_loss did not improve from inf

Epoch 13: val_loss did not improve from 0.00648

Epoch 9: val_loss did not improve from 0.00009

Epoch 13: val_loss did not improve from inf

Epoch 13: val_loss did not improve from 0.00020

Epoch 3: val_loss did not improve from inf

Epoch 3: val_loss did not improve from inf

Epoch 14: val_loss did not improve from 0.00127

Epoch 14: val_loss did not improve from 0.00648

Epoch 17: val_loss did not improve from 0.00495
Saving and plotting the results...

Epoch 10: val_loss did not improve from 0.00009

Epoch 14: val_loss did not improve from 0.00020

Epoch 17: val_loss improved from 0.00002 to 0.00002, saving model to /p/project1/cesmtst/patakchiyousefi1/HPT/mse_64_0.001_1e-17_0.5_4_4_16_0.5_128_0.2_unet-l-dw_day06.h5

Epoch 15: val_loss did not improve from 0.00127

Epoch 10: val_loss did not improve from inf

Epoch 6: val_loss did not improve from 0.00003

Epoch 9: val_loss did not improve from 0.00008

Epoch 15: val_loss did not improve from 0.00648

Epoch 16: val_loss did not improve from 0.00127

Epoch 11: val_loss did not improve from 0.00009

Epoch 15: val_loss did not improve from 0.00020

Epoch 5: val_loss did not improve from inf
train_data_hourly_pr_['ADAPTER_DE05.day06.merged.nc']_['ADAPTER_DE05.day01.merged.nc']_MM_6__spatiotemporal_128.256_2018-01-01T13_2022-12-31T23_no_na_land
Loading training data...
Data loaded!
mse_64_0.001_1e-17_0.5_4_16_16_0.5_128_0.1_unet-l-dw_day06
Training the model...

Epoch 1: val_loss improved from inf to 0.08034, saving model to /p/project1/cesmtst/patakchiyousefi1/HPT/mse_64_0.001_1e-17_0.5_4_16_16_0.5_128_0.1_unet-l-dw_day06.h5

Epoch 10: val_loss did not improve from inf

Epoch 17: val_loss did not improve from 0.00127
Saving and plotting the results...

Epoch 18: val_loss improved from 0.00002 to 0.00002, saving model to /p/project1/cesmtst/patakchiyousefi1/HPT/mse_64_0.001_1e-17_0.5_4_4_16_0.5_128_0.2_unet-l-dw_day06.h5

Epoch 16: val_loss did not improve from 0.00648

Epoch 4: val_loss did not improve from inf

Epoch 12: val_loss did not improve from 0.00009

Epoch 2: val_loss did not improve from 0.08034

Epoch 16: val_loss did not improve from 0.00020

Epoch 7: val_loss did not improve from 0.00003

Epoch 14: val_loss did not improve from inf

Epoch 4: val_loss did not improve from inf

Epoch 10: val_loss did not improve from 0.00008

Epoch 4: val_loss did not improve from inf
train_data_hourly_pr_['ADAPTER_DE05.day06.merged.nc']_['ADAPTER_DE05.day01.merged.nc']_MM_6__spatiotemporal_128.256_2018-01-01T13_2022-12-31T23_no_na_land
Loading training data...
Data loaded!
mse_64_0.001_1e-17_0.5_4_8_16_0.5_128_0.2_unet-l-dw_day06
Training the model...

Epoch 1: val_loss improved from inf to 0.00002, saving model to /p/project1/cesmtst/patakchiyousefi1/HPT/mse_64_0.001_1e-17_0.5_4_8_16_0.5_128_0.2_unet-l-dw_day06.h5

Epoch 3: val_loss did not improve from 0.08034

Epoch 17: val_loss did not improve from 0.00648
Saving and plotting the results...

Epoch 13: val_loss did not improve from 0.00009

Epoch 17: val_loss did not improve from 0.00020
Saving and plotting the results...

Epoch 11: val_loss did not improve from inf

Epoch 4: val_loss did not improve from 0.08034

Epoch 19: val_loss did not improve from 0.00002

Epoch 2: val_loss did not improve from 0.00002

Epoch 8: val_loss did not improve from 0.00003

Epoch 11: val_loss did not improve from 0.00008

Epoch 14: val_loss did not improve from 0.00009
train_data_hourly_pr_['ADAPTER_DE05.day06.merged.nc']_['ADAPTER_DE05.day01.merged.nc']_MM_6__spatiotemporal_128.256_2018-01-01T13_2022-12-31T23_no_na_land
Loading training data...
Data loaded!
mse_64_0.0001_1e-17_0.5_4_16_16_0.5_128_0.2_unet-l-dw_day06
Training the model...

Epoch 1: val_loss improved from inf to 0.00010, saving model to /p/project1/cesmtst/patakchiyousefi1/HPT/mse_64_0.0001_1e-17_0.5_4_16_16_0.5_128_0.2_unet-l-dw_day06.h5

Epoch 5: val_loss did not improve from 0.08034

Epoch 6: val_loss did not improve from inf

Epoch 11: val_loss did not improve from inf

Epoch 3: val_loss did not improve from 0.00002

Epoch 2: val_loss did not improve from 0.00010

Epoch 6: val_loss did not improve from 0.08034

Epoch 15: val_loss did not improve from 0.00009

Epoch 5: val_loss did not improve from inf

Epoch 15: val_loss did not improve from inf

Epoch 5: val_loss did not improve from inf

Epoch 20: val_loss did not improve from 0.00002

Epoch 5: val_loss did not improve from inf

Epoch 3: val_loss did not improve from 0.00010

Epoch 7: val_loss did not improve from 0.08034

Epoch 9: val_loss did not improve from 0.00003
train_data_hourly_pr_['ADAPTER_DE05.day06.merged.nc']_['ADAPTER_DE05.day01.merged.nc']_MM_6__spatiotemporal_128.256_2018-01-01T13_2022-12-31T23_no_na_land
Loading training data...
Data loaded!
mse_64_0.01_1e-17_0.5_4_8_16_0.5_128_0.2_unet-l-dw_day06
Training the model...

Epoch 1: val_loss improved from inf to 0.00003, saving model to /p/project1/cesmtst/patakchiyousefi1/HPT/mse_64_0.01_1e-17_0.5_4_8_16_0.5_128_0.2_unet-l-dw_day06.h5

Epoch 12: val_loss did not improve from 0.00008

Epoch 4: val_loss did not improve from 0.00002

Epoch 16: val_loss did not improve from 0.00009

Epoch 4: val_loss did not improve from 0.00010

Epoch 8: val_loss did not improve from 0.08034

Epoch 12: val_loss did not improve from inf

Epoch 2: val_loss did not improve from 0.00003

Epoch 5: val_loss did not improve from 0.00002

Epoch 5: val_loss did not improve from 0.00010

Epoch 9: val_loss did not improve from 0.08034

Epoch 17: val_loss did not improve from 0.00009
Saving and plotting the results...

Epoch 21: val_loss did not improve from 0.00002

Epoch 10: val_loss did not improve from 0.00003

Epoch 13: val_loss did not improve from 0.00008

Epoch 7: val_loss did not improve from inf

Epoch 6: val_loss did not improve from 0.00010

Epoch 3: val_loss did not improve from 0.00003

Epoch 10: val_loss did not improve from 0.08034

Epoch 6: val_loss did not improve from 0.00002
train_data_hourly_pr_['ADAPTER_DE05.day06.merged.nc']_['ADAPTER_DE05.day01.merged.nc']_MM_6__spatiotemporal_128.256_2018-01-01T13_2022-12-31T23_no_na_land
Loading training data...
Data loaded!
mse_64_0.01_1e-17_0.5_4_2_16_0.5_128_0.2_unet-l-dw_day06
Training the model...

Epoch 1: val_loss did not improve from inf

Epoch 12: val_loss did not improve from inf

Epoch 6: val_loss did not improve from inf

Epoch 7: val_loss did not improve from 0.00010

Epoch 11: val_loss did not improve from 0.08034

Epoch 16: val_loss did not improve from inf
Saving and plotting the results...

Epoch 6: val_loss did not improve from inf

Epoch 4: val_loss did not improve from 0.00003

Epoch 6: val_loss did not improve from inf

Epoch 7: val_loss did not improve from 0.00002

Epoch 22: val_loss did not improve from 0.00002

Epoch 8: val_loss did not improve from 0.00010

Epoch 11: val_loss did not improve from 0.00003

Epoch 12: val_loss did not improve from 0.08034

Epoch 14: val_loss did not improve from 0.00008

Epoch 5: val_loss did not improve from 0.00003

Epoch 13: val_loss did not improve from inf

Epoch 9: val_loss did not improve from 0.00010

Epoch 13: val_loss did not improve from 0.08034

Epoch 8: val_loss did not improve from 0.00002

Epoch 10: val_loss did not improve from 0.00010

Epoch 14: val_loss did not improve from 0.08034

Epoch 23: val_loss did not improve from 0.00002

Epoch 6: val_loss did not improve from 0.00003

Epoch 8: val_loss did not improve from inf

Epoch 12: val_loss did not improve from 0.00003

Epoch 9: val_loss did not improve from 0.00002

Epoch 15: val_loss did not improve from 0.00008

Epoch 2: val_loss did not improve from inf

Epoch 13: val_loss did not improve from inf

Epoch 11: val_loss did not improve from 0.00010

Epoch 15: val_loss did not improve from 0.08034

Epoch 7: val_loss did not improve from inf

Epoch 7: val_loss did not improve from inf

Epoch 7: val_loss did not improve from 0.00003

Epoch 10: val_loss did not improve from 0.00002

Epoch 7: val_loss did not improve from inf

Epoch 12: val_loss did not improve from 0.00010
train_data_hourly_pr_['ADAPTER_DE05.day06.merged.nc']_['ADAPTER_DE05.day01.merged.nc']_MM_6__spatiotemporal_128.256_2018-01-01T13_2022-12-31T23_no_na_land
Loading training data...
Data loaded!
mse_64_1e-05_1e-17_0.5_4_4_16_0.5_128_0.1_unet-l-dw_day06
Training the model...

Epoch 1: val_loss improved from inf to 0.00019, saving model to /p/project1/cesmtst/patakchiyousefi1/HPT/mse_64_1e-05_1e-17_0.5_4_4_16_0.5_128_0.1_unet-l-dw_day06.h5
train_data_hourly_pr_['ADAPTER_DE05.day06.merged.nc']_['ADAPTER_DE05.day01.merged.nc']_MM_6__spatiotemporal_128.256_2018-01-01T13_2022-12-31T23_no_na_land
Loading training data...
Data loaded!
mse_64_0.01_1e-17_0.5_4_4_16_0.5_128_0.2_unet-l-dw_day06
Training the model...

Epoch 1: val_loss improved from inf to 0.00004, saving model to /p/project1/cesmtst/patakchiyousefi1/HPT/mse_64_0.01_1e-17_0.5_4_4_16_0.5_128_0.2_unet-l-dw_day06.h5

Epoch 16: val_loss did not improve from 0.08034

Epoch 24: val_loss did not improve from 0.00002

Epoch 13: val_loss did not improve from 0.00003

Epoch 13: val_loss did not improve from 0.00010

Epoch 16: val_loss did not improve from 0.00008

Epoch 17: val_loss did not improve from 0.08034
Saving and plotting the results...

Epoch 8: val_loss did not improve from 0.00003

Epoch 11: val_loss did not improve from 0.00002

Epoch 14: val_loss did not improve from inf

Epoch 14: val_loss did not improve from 0.00010

Epoch 2: val_loss improved from 0.00019 to 0.00007, saving model to /p/project1/cesmtst/patakchiyousefi1/HPT/mse_64_1e-05_1e-17_0.5_4_4_16_0.5_128_0.1_unet-l-dw_day06.h5

Epoch 2: val_loss did not improve from 0.00004

Epoch 9: val_loss did not improve from 0.00003

Epoch 12: val_loss did not improve from 0.00002

Epoch 9: val_loss did not improve from inf

Epoch 15: val_loss did not improve from 0.00010

Epoch 25: val_loss did not improve from 0.00002

Epoch 3: val_loss did not improve from inf

Epoch 14: val_loss did not improve from inf

Epoch 14: val_loss did not improve from 0.00003

Epoch 17: val_loss did not improve from 0.00008
Saving and plotting the results...

Epoch 8: val_loss did not improve from inf

Epoch 16: val_loss did not improve from 0.00010

Epoch 10: val_loss did not improve from 0.00003

Epoch 8: val_loss did not improve from inf

Epoch 13: val_loss did not improve from 0.00002

Epoch 8: val_loss did not improve from inf

Epoch 17: val_loss did not improve from 0.00010
Saving and plotting the results...

Epoch 3: val_loss did not improve from 0.00004

Epoch 3: val_loss did not improve from 0.00007

Epoch 11: val_loss did not improve from 0.00003

Epoch 14: val_loss did not improve from 0.00002

Epoch 26: val_loss did not improve from 0.00002

Epoch 15: val_loss did not improve from inf

Epoch 15: val_loss did not improve from 0.00003

Epoch 12: val_loss did not improve from 0.00003

Epoch 15: val_loss did not improve from 0.00002

Epoch 10: val_loss did not improve from inf

Epoch 4: val_loss did not improve from 0.00004

Epoch 4: val_loss did not improve from 0.00007

Epoch 4: val_loss did not improve from inf

Epoch 15: val_loss did not improve from inf

Epoch 9: val_loss did not improve from inf

Epoch 27: val_loss did not improve from 0.00002

Epoch 13: val_loss did not improve from 0.00003

Epoch 16: val_loss did not improve from 0.00003

Epoch 16: val_loss did not improve from 0.00002

Epoch 9: val_loss did not improve from inf
train_data_hourly_pr_['ADAPTER_DE05.day06.merged.nc']_['ADAPTER_DE05.day01.merged.nc']_MM_6__spatiotemporal_128.256_2018-01-01T13_2022-12-31T23_no_na_land
Loading training data...
Data loaded!
mse_64_1e-05_1e-17_0.5_4_8_16_0.5_128_0.1_unet-l-dw_day06
Training the model...

Epoch 1: val_loss improved from inf to 0.00132, saving model to /p/project1/cesmtst/patakchiyousefi1/HPT/mse_64_1e-05_1e-17_0.5_4_8_16_0.5_128_0.1_unet-l-dw_day06.h5

Epoch 9: val_loss did not improve from inf

Epoch 14: val_loss did not improve from 0.00003

Epoch 5: val_loss did not improve from 0.00004

Epoch 5: val_loss did not improve from 0.00007

Epoch 17: val_loss did not improve from 0.00002
Saving and plotting the results...
train_data_hourly_pr_['ADAPTER_DE05.day06.merged.nc']_['ADAPTER_DE05.day01.merged.nc']_MM_6__spatiotemporal_128.256_2018-01-01T13_2022-12-31T23_no_na_land
Loading training data...
Data loaded!
mse_64_0.0001_1e-17_0.5_4_2_16_0.5_128_0.1_unet-l-dw_day06
Training the model...

Epoch 1: val_loss did not improve from inf

Epoch 2: val_loss did not improve from 0.00132

Epoch 16: val_loss did not improve from inf
Saving and plotting the results...
train_data_hourly_pr_['ADAPTER_DE05.day06.merged.nc']_['ADAPTER_DE05.day01.merged.nc']_MM_6__spatiotemporal_128.256_2018-01-01T13_2022-12-31T23_no_na_land
Loading training data...
Data loaded!
mse_64_0.001_1e-17_0.5_4_2_16_0.5_128_0.3_unet-l-dw_day06
Training the model...

Epoch 1: val_loss did not improve from inf

Epoch 28: val_loss did not improve from 0.00002

Epoch 17: val_loss did not improve from 0.00003
Saving and plotting the results...

Epoch 15: val_loss did not improve from 0.00003

Epoch 3: val_loss did not improve from 0.00132

Epoch 11: val_loss did not improve from inf

Epoch 5: val_loss did not improve from inf

Epoch 16: val_loss did not improve from inf
Saving and plotting the results...

Epoch 6: val_loss did not improve from 0.00007

Epoch 6: val_loss did not improve from 0.00004

Epoch 10: val_loss did not improve from inf

Epoch 16: val_loss did not improve from 0.00003

Epoch 10: val_loss did not improve from inf

Epoch 29: val_loss did not improve from 0.00002

Epoch 4: val_loss did not improve from 0.00132

Epoch 10: val_loss did not improve from inf

Epoch 17: val_loss did not improve from 0.00003
Saving and plotting the results...

Epoch 5: val_loss did not improve from 0.00132

Epoch 2: val_loss did not improve from inf
train_data_hourly_pr_['ADAPTER_DE05.day06.merged.nc']_['ADAPTER_DE05.day01.merged.nc']_MM_6__spatiotemporal_128.256_2018-01-01T13_2022-12-31T23_no_na_land
Loading training data...
Data loaded!
mse_64_0.01_1e-17_0.5_4_8_16_0.5_128_0.3_unet-l-dw_day06
Training the model...

Epoch 1: val_loss improved from inf to 0.00003, saving model to /p/project1/cesmtst/patakchiyousefi1/HPT/mse_64_0.01_1e-17_0.5_4_8_16_0.5_128_0.3_unet-l-dw_day06.h5

Epoch 2: val_loss did not improve from inf

Epoch 7: val_loss did not improve from 0.00007

Epoch 7: val_loss did not improve from 0.00004
train_data_hourly_pr_['ADAPTER_DE05.day06.merged.nc']_['ADAPTER_DE05.day01.merged.nc']_MM_6__spatiotemporal_128.256_2018-01-01T13_2022-12-31T23_no_na_land
Loading training data...
Data loaded!
mse_64_1e-05_1e-17_0.5_4_4_16_0.5_128_0.2_unet-l-dw_day06
Training the model...

Epoch 1: val_loss improved from inf to 0.00067, saving model to /p/project1/cesmtst/patakchiyousefi1/HPT/mse_64_1e-05_1e-17_0.5_4_4_16_0.5_128_0.2_unet-l-dw_day06.h5
train_data_hourly_pr_['ADAPTER_DE05.day06.merged.nc']_['ADAPTER_DE05.day01.merged.nc']_MM_6__spatiotemporal_128.256_2018-01-01T13_2022-12-31T23_no_na_land
Loading training data...
Data loaded!
mse_64_0.001_1e-17_0.5_4_4_16_0.5_128_0.3_unet-l-dw_day06
Training the model...

Epoch 1: val_loss did not improve from inf

Epoch 30: val_loss did not improve from 0.00002

Epoch 6: val_loss did not improve from 0.00132

Epoch 2: val_loss did not improve from 0.00003

Epoch 12: val_loss did not improve from inf

Epoch 6: val_loss did not improve from inf

Epoch 11: val_loss did not improve from inf

Epoch 8: val_loss did not improve from 0.00007

Epoch 8: val_loss did not improve from 0.00004

Epoch 7: val_loss did not improve from 0.00132

Epoch 11: val_loss did not improve from inf

Epoch 2: val_loss improved from 0.00067 to 0.00024, saving model to /p/project1/cesmtst/patakchiyousefi1/HPT/mse_64_1e-05_1e-17_0.5_4_4_16_0.5_128_0.2_unet-l-dw_day06.h5

Epoch 2: val_loss did not improve from inf

Epoch 3: val_loss did not improve from 0.00003

Epoch 11: val_loss did not improve from inf

Epoch 31: val_loss did not improve from 0.00002

Epoch 8: val_loss did not improve from 0.00132
train_data_hourly_pr_['ADAPTER_DE05.day06.merged.nc']_['ADAPTER_DE05.day01.merged.nc']_MM_6__spatiotemporal_128.256_2018-01-01T13_2022-12-31T23_no_na_land
Loading training data...
Data loaded!
mse_64_0.0001_1e-17_0.5_4_2_16_0.5_128_0.3_unet-l-dw_day06
Training the model...

Epoch 1: val_loss did not improve from inf
train_data_hourly_pr_['ADAPTER_DE05.day06.merged.nc']_['ADAPTER_DE05.day01.merged.nc']_MM_6__spatiotemporal_128.256_2018-01-01T13_2022-12-31T23_no_na_land
Loading training data...
Data loaded!
mse_64_0.01_1e-17_0.5_4_4_16_0.5_128_0.1_unet-l-dw_day06
Training the model...

Epoch 1: val_loss improved from inf to 0.00029, saving model to /p/project1/cesmtst/patakchiyousefi1/HPT/mse_64_0.01_1e-17_0.5_4_4_16_0.5_128_0.1_unet-l-dw_day06.h5

Epoch 4: val_loss did not improve from 0.00003

Epoch 3: val_loss did not improve from inf

Epoch 3: val_loss did not improve from inf

Epoch 9: val_loss did not improve from 0.00007

Epoch 9: val_loss did not improve from 0.00004

Epoch 3: val_loss did not improve from inf

Epoch 3: val_loss improved from 0.00024 to 0.00008, saving model to /p/project1/cesmtst/patakchiyousefi1/HPT/mse_64_1e-05_1e-17_0.5_4_4_16_0.5_128_0.2_unet-l-dw_day06.h5

Epoch 9: val_loss did not improve from 0.00132

Epoch 32: val_loss did not improve from 0.00002

Epoch 5: val_loss did not improve from 0.00003

Epoch 13: val_loss did not improve from inf

Epoch 7: val_loss did not improve from inf

Epoch 2: val_loss did not improve from 0.00029

Epoch 12: val_loss did not improve from inf

Epoch 10: val_loss did not improve from 0.00132

Epoch 6: val_loss did not improve from 0.00003

Epoch 12: val_loss did not improve from inf

Epoch 10: val_loss did not improve from 0.00007

Epoch 10: val_loss did not improve from 0.00004

Epoch 12: val_loss did not improve from inf

Epoch 4: val_loss did not improve from inf

Epoch 4: val_loss did not improve from 0.00008

Epoch 33: val_loss did not improve from 0.00002

Epoch 11: val_loss did not improve from 0.00132

Epoch 2: val_loss did not improve from inf

Epoch 7: val_loss did not improve from 0.00003

Epoch 4: val_loss did not improve from inf

Epoch 4: val_loss did not improve from inf

Epoch 3: val_loss did not improve from 0.00029

Epoch 12: val_loss did not improve from 0.00132

Epoch 11: val_loss did not improve from 0.00007

Epoch 11: val_loss did not improve from 0.00004

Epoch 8: val_loss did not improve from 0.00003

Epoch 5: val_loss did not improve from inf

Epoch 5: val_loss did not improve from 0.00008

Epoch 14: val_loss did not improve from inf

Epoch 34: val_loss did not improve from 0.00002
Saving and plotting the results...

Epoch 8: val_loss did not improve from inf

Epoch 13: val_loss did not improve from inf

Epoch 13: val_loss did not improve from 0.00132

Epoch 9: val_loss did not improve from 0.00003

Epoch 4: val_loss did not improve from 0.00029

Epoch 13: val_loss did not improve from inf

Epoch 13: val_loss did not improve from inf

Epoch 12: val_loss did not improve from 0.00007

Epoch 12: val_loss did not improve from 0.00004

Epoch 6: val_loss did not improve from inf

Epoch 6: val_loss did not improve from 0.00008

Epoch 14: val_loss did not improve from 0.00132

Epoch 10: val_loss did not improve from 0.00003

Epoch 3: val_loss did not improve from inf

Epoch 5: val_loss did not improve from inf

Epoch 5: val_loss did not improve from inf

Epoch 5: val_loss did not improve from 0.00029

Epoch 15: val_loss did not improve from 0.00132

Epoch 11: val_loss did not improve from 0.00003

Epoch 13: val_loss did not improve from 0.00007

Epoch 13: val_loss did not improve from 0.00004

Epoch 7: val_loss did not improve from inf

Epoch 7: val_loss did not improve from 0.00008

Epoch 15: val_loss did not improve from inf

Epoch 9: val_loss did not improve from inf

Epoch 16: val_loss did not improve from 0.00132

Epoch 14: val_loss did not improve from inf

Epoch 12: val_loss did not improve from 0.00003

Epoch 14: val_loss did not improve from inf

Epoch 6: val_loss did not improve from 0.00029

Epoch 14: val_loss did not improve from inf

Epoch 17: val_loss did not improve from 0.00132
Saving and plotting the results...

Epoch 13: val_loss did not improve from 0.00003

Epoch 14: val_loss did not improve from 0.00007

Epoch 14: val_loss did not improve from 0.00004

Epoch 4: val_loss did not improve from inf
train_data_hourly_pr_['ADAPTER_DE05.day06.merged.nc']_['ADAPTER_DE05.day01.merged.nc']_MM_6__spatiotemporal_128.256_2018-01-01T13_2022-12-31T23_no_na_land
Loading training data...
Data loaded!
mse_64_1e-05_1e-17_0.5_4_2_16_0.5_128_0.1_unet-l-dw_day06
Training the model...

Epoch 1: val_loss did not improve from inf

Epoch 8: val_loss did not improve from inf

Epoch 8: val_loss did not improve from 0.00008

Epoch 6: val_loss did not improve from inf

Epoch 6: val_loss did not improve from inf

Epoch 14: val_loss did not improve from 0.00003

Epoch 7: val_loss did not improve from 0.00029

Epoch 10: val_loss did not improve from inf

Epoch 16: val_loss did not improve from inf
Saving and plotting the results...

Epoch 15: val_loss did not improve from 0.00007

Epoch 15: val_loss did not improve from 0.00004

Epoch 9: val_loss did not improve from inf

Epoch 15: val_loss did not improve from inf

Epoch 9: val_loss did not improve from 0.00008

Epoch 15: val_loss did not improve from 0.00003

Epoch 15: val_loss did not improve from inf

Epoch 15: val_loss did not improve from inf

Epoch 8: val_loss did not improve from 0.00029

Epoch 16: val_loss did not improve from 0.00003
train_data_hourly_pr_['ADAPTER_DE05.day06.merged.nc']_['ADAPTER_DE05.day01.merged.nc']_MM_6__spatiotemporal_128.256_2018-01-01T13_2022-12-31T23_no_na_land
Loading training data...
Data loaded!
mse_64_0.001_1e-17_0.5_4_4_16_0.5_128_0.1_unet-l-dw_day06
Training the model...

Epoch 1: val_loss improved from inf to 0.00005, saving model to /p/project1/cesmtst/patakchiyousefi1/HPT/mse_64_0.001_1e-17_0.5_4_4_16_0.5_128_0.1_unet-l-dw_day06.h5

Epoch 2: val_loss did not improve from inf

Epoch 5: val_loss did not improve from inf

Epoch 7: val_loss did not improve from inf

Epoch 7: val_loss did not improve from inf

Epoch 16: val_loss did not improve from 0.00007

Epoch 16: val_loss did not improve from 0.00004

Epoch 10: val_loss did not improve from inf

Epoch 10: val_loss did not improve from 0.00008

Epoch 17: val_loss did not improve from 0.00003
Saving and plotting the results...
train_data_hourly_pr_['ADAPTER_DE05.day06.merged.nc']_['ADAPTER_DE05.day01.merged.nc']_MM_6__spatiotemporal_128.256_2018-01-01T13_2022-12-31T23_no_na_land
Loading training data...
Data loaded!
mse_64_0.01_1e-17_0.5_4_16_16_0.5_128_0.3_unet-l-dw_day06
Training the model...

Epoch 1: val_loss did not improve from inf

Epoch 9: val_loss did not improve from 0.00029

Epoch 11: val_loss did not improve from inf

Epoch 2: val_loss did not improve from inf

Epoch 2: val_loss did not improve from 0.00005

Epoch 16: val_loss did not improve from inf
Saving and plotting the results...

Epoch 17: val_loss did not improve from 0.00007

Epoch 17: val_loss did not improve from 0.00004
Saving and plotting the results...

Epoch 11: val_loss did not improve from 0.00008

Epoch 11: val_loss did not improve from inf

Epoch 16: val_loss did not improve from inf
Saving and plotting the results...

Epoch 3: val_loss did not improve from inf

Epoch 16: val_loss did not improve from inf
Saving and plotting the results...

Epoch 4: val_loss did not improve from inf

Epoch 3: val_loss did not improve from inf

Epoch 10: val_loss did not improve from 0.00029

Epoch 6: val_loss did not improve from inf

Epoch 8: val_loss did not improve from inf

Epoch 8: val_loss did not improve from inf

Epoch 3: val_loss did not improve from 0.00005

Epoch 18: val_loss did not improve from 0.00007
Saving and plotting the results...

Epoch 5: val_loss did not improve from inf

Epoch 12: val_loss did not improve from 0.00008

Epoch 12: val_loss did not improve from inf
train_data_hourly_pr_['ADAPTER_DE05.day06.merged.nc']_['ADAPTER_DE05.day01.merged.nc']_MM_6__spatiotemporal_128.256_2018-01-01T13_2022-12-31T23_no_na_land
Loading training data...
Data loaded!
mse_64_1e-05_1e-17_0.5_4_4_16_0.5_128_0.3_unet-l-dw_day06
Training the model...

Epoch 1: val_loss improved from inf to 0.00021, saving model to /p/project1/cesmtst/patakchiyousefi1/HPT/mse_64_1e-05_1e-17_0.5_4_4_16_0.5_128_0.3_unet-l-dw_day06.h5

Epoch 6: val_loss did not improve from inf

Epoch 12: val_loss did not improve from inf

Epoch 11: val_loss did not improve from 0.00029

Epoch 7: val_loss did not improve from inf

Epoch 4: val_loss did not improve from 0.00005

Epoch 13: val_loss did not improve from 0.00008

Epoch 13: val_loss did not improve from inf

Epoch 8: val_loss did not improve from inf

Epoch 2: val_loss improved from 0.00021 to 0.00005, saving model to /p/project1/cesmtst/patakchiyousefi1/HPT/mse_64_1e-05_1e-17_0.5_4_4_16_0.5_128_0.3_unet-l-dw_day06.h5

Epoch 4: val_loss did not improve from inf

Epoch 7: val_loss did not improve from inf

Epoch 9: val_loss did not improve from inf

Epoch 9: val_loss did not improve from inf

Epoch 9: val_loss did not improve from inf

Epoch 12: val_loss did not improve from 0.00029

Epoch 5: val_loss did not improve from 0.00005

Epoch 10: val_loss did not improve from inf

Epoch 14: val_loss did not improve from 0.00008

Epoch 14: val_loss did not improve from inf

Epoch 3: val_loss improved from 0.00005 to 0.00003, saving model to /p/project1/cesmtst/patakchiyousefi1/HPT/mse_64_1e-05_1e-17_0.5_4_4_16_0.5_128_0.3_unet-l-dw_day06.h5

Epoch 13: val_loss did not improve from inf

Epoch 11: val_loss did not improve from inf

Epoch 13: val_loss did not improve from 0.00029

Epoch 6: val_loss did not improve from 0.00005

Epoch 12: val_loss did not improve from inf

Epoch 15: val_loss did not improve from 0.00008

Epoch 15: val_loss did not improve from inf

Epoch 5: val_loss did not improve from inf

Epoch 13: val_loss did not improve from inf

Epoch 8: val_loss did not improve from inf

Epoch 4: val_loss improved from 0.00003 to 0.00003, saving model to /p/project1/cesmtst/patakchiyousefi1/HPT/mse_64_1e-05_1e-17_0.5_4_4_16_0.5_128_0.3_unet-l-dw_day06.h5

Epoch 10: val_loss did not improve from inf

Epoch 10: val_loss did not improve from inf

Epoch 14: val_loss did not improve from 0.00029

Epoch 14: val_loss did not improve from inf

Epoch 7: val_loss did not improve from 0.00005

Epoch 15: val_loss did not improve from inf

Epoch 16: val_loss did not improve from 0.00008

Epoch 16: val_loss did not improve from inf
Saving and plotting the results...

Epoch 14: val_loss did not improve from inf

Epoch 5: val_loss improved from 0.00003 to 0.00002, saving model to /p/project1/cesmtst/patakchiyousefi1/HPT/mse_64_1e-05_1e-17_0.5_4_4_16_0.5_128_0.3_unet-l-dw_day06.h5

Epoch 16: val_loss did not improve from inf
Saving and plotting the results...

Epoch 15: val_loss did not improve from 0.00029

Epoch 8: val_loss did not improve from 0.00005

Epoch 6: val_loss did not improve from inf

Epoch 9: val_loss did not improve from inf

Epoch 17: val_loss did not improve from 0.00008

Epoch 11: val_loss did not improve from inf

Epoch 11: val_loss did not improve from inf

Epoch 6: val_loss improved from 0.00002 to 0.00002, saving model to /p/project1/cesmtst/patakchiyousefi1/HPT/mse_64_1e-05_1e-17_0.5_4_4_16_0.5_128_0.3_unet-l-dw_day06.h5

Epoch 16: val_loss did not improve from 0.00029

Epoch 9: val_loss did not improve from 0.00005

Epoch 15: val_loss did not improve from inf

Epoch 18: val_loss did not improve from 0.00008

Epoch 7: val_loss did not improve from 0.00002

Epoch 17: val_loss did not improve from 0.00029
Saving and plotting the results...

Epoch 10: val_loss did not improve from 0.00005

Epoch 7: val_loss did not improve from inf

Epoch 10: val_loss did not improve from inf

Epoch 12: val_loss did not improve from inf

Epoch 12: val_loss did not improve from inf

Epoch 19: val_loss did not improve from 0.00008
Saving and plotting the results...

Epoch 8: val_loss did not improve from 0.00002

Epoch 11: val_loss did not improve from 0.00005

Epoch 16: val_loss did not improve from inf
Saving and plotting the results...

Epoch 9: val_loss did not improve from 0.00002

Epoch 8: val_loss did not improve from inf

Epoch 11: val_loss did not improve from inf

Epoch 13: val_loss did not improve from inf

Epoch 12: val_loss did not improve from 0.00005

Epoch 13: val_loss did not improve from inf

Epoch 10: val_loss did not improve from 0.00002

Epoch 13: val_loss did not improve from 0.00005

Epoch 11: val_loss did not improve from 0.00002

Epoch 9: val_loss did not improve from inf

Epoch 12: val_loss did not improve from inf

Epoch 14: val_loss did not improve from inf

Epoch 14: val_loss did not improve from inf

Epoch 14: val_loss did not improve from 0.00005

Epoch 12: val_loss did not improve from 0.00002

Epoch 15: val_loss did not improve from 0.00005

Epoch 10: val_loss did not improve from inf

Epoch 13: val_loss did not improve from inf

Epoch 13: val_loss did not improve from 0.00002

Epoch 15: val_loss did not improve from inf

Epoch 15: val_loss did not improve from inf

Epoch 16: val_loss did not improve from 0.00005

Epoch 14: val_loss did not improve from 0.00002

Epoch 17: val_loss did not improve from 0.00005
Saving and plotting the results...

Epoch 11: val_loss did not improve from inf

Epoch 14: val_loss did not improve from inf

Epoch 16: val_loss did not improve from inf
Saving and plotting the results...

Epoch 16: val_loss did not improve from inf
Saving and plotting the results...

Epoch 15: val_loss did not improve from 0.00002

Epoch 16: val_loss did not improve from 0.00002

Epoch 12: val_loss did not improve from inf

Epoch 15: val_loss did not improve from inf

Epoch 17: val_loss did not improve from 0.00002

Epoch 18: val_loss did not improve from 0.00002

Epoch 13: val_loss did not improve from inf

Epoch 16: val_loss did not improve from inf
Saving and plotting the results...

Epoch 19: val_loss did not improve from 0.00002

Epoch 20: val_loss did not improve from 0.00002

Epoch 14: val_loss did not improve from inf

Epoch 21: val_loss did not improve from 0.00002

Epoch 15: val_loss did not improve from inf

Epoch 22: val_loss did not improve from 0.00002
Saving and plotting the results...

Epoch 16: val_loss did not improve from inf
Saving and plotting the results...
