All necessary directories have been created or already exist.
No lead day provided. Using default hyperparameters - LR: 0.0001, BS: 32, DROPOUT: 0.0, UNET_TYPE: unet-l
Running DL_TRAIN.py for day04 with dropout=0, lr=0.00001, bs=1, unet_type=unet-att-s ...
Running DL_TRAIN.py for day04 with dropout=0, lr=0.00001, bs=2, unet_type=unet-att-s ...
Running DL_TRAIN.py for day04 with dropout=0, lr=0.00001, bs=4, unet_type=unet-att-s ...
Running DL_TRAIN.py for day04 with dropout=0, lr=0.00001, bs=8, unet_type=unet-att-s ...
Running DL_TRAIN.py for day04 with dropout=0, lr=0.0001, bs=1, unet_type=unet-att-s ...
Running DL_TRAIN.py for day04 with dropout=0, lr=0.0001, bs=2, unet_type=unet-att-s ...
Running DL_TRAIN.py for day04 with dropout=0, lr=0.0001, bs=4, unet_type=unet-att-s ...
Running DL_TRAIN.py for day04 with dropout=0, lr=0.0001, bs=8, unet_type=unet-att-s ...
Running DL_TRAIN.py for day04 with dropout=0, lr=0.001, bs=1, unet_type=unet-att-s ...
Running DL_TRAIN.py for day04 with dropout=0, lr=0.001, bs=2, unet_type=unet-att-s ...
Running DL_TRAIN.py for day04 with dropout=0, lr=0.001, bs=4, unet_type=unet-att-s ...
Running DL_TRAIN.py for day04 with dropout=0, lr=0.001, bs=8, unet_type=unet-att-s ...
Running DL_TRAIN.py for day04 with dropout=0, lr=0.01, bs=1, unet_type=unet-att-s ...
Running DL_TRAIN.py for day04 with dropout=0, lr=0.01, bs=2, unet_type=unet-att-s ...
Running DL_TRAIN.py for day04 with dropout=0, lr=0.01, bs=4, unet_type=unet-att-s ...
Running DL_TRAIN.py for day04 with dropout=0, lr=0.01, bs=8, unet_type=unet-att-s ...
train_data_hourly_pr_['ADAPTER_DE05.day04.merged.nc']_['ADAPTER_DE05.day01.merged.nc']_MM_6__spatiotemporal_128.256_2018-01-01T13_2022-12-31T23_no_na_land
Loading training data...
Data loaded!
mse_64_1e-05_1e-17_0.5_4_8_16_0.5_128_0.0_unet-att-s_day04
Training the model...

Epoch 1: val_loss improved from inf to 0.01520, saving model to /p/project1/cesmtst/patakchiyousefi1/HPT/mse_64_1e-05_1e-17_0.5_4_8_16_0.5_128_0.0_unet-att-s_day04.h5
train_data_hourly_pr_['ADAPTER_DE05.day04.merged.nc']_['ADAPTER_DE05.day01.merged.nc']_MM_6__spatiotemporal_128.256_2018-01-01T13_2022-12-31T23_no_na_land
Loading training data...
Data loaded!
mse_64_0.0001_1e-17_0.5_4_8_16_0.5_128_0.0_unet-att-s_day04
Training the model...

Epoch 1: val_loss improved from inf to 0.00093, saving model to /p/project1/cesmtst/patakchiyousefi1/HPT/mse_64_0.0001_1e-17_0.5_4_8_16_0.5_128_0.0_unet-att-s_day04.h5
train_data_hourly_pr_['ADAPTER_DE05.day04.merged.nc']_['ADAPTER_DE05.day01.merged.nc']_MM_6__spatiotemporal_128.256_2018-01-01T13_2022-12-31T23_no_na_land
Loading training data...
Data loaded!
mse_64_0.001_1e-17_0.5_4_8_16_0.5_128_0.0_unet-att-s_day04
Training the model...

Epoch 1: val_loss improved from inf to 0.00074, saving model to /p/project1/cesmtst/patakchiyousefi1/HPT/mse_64_0.001_1e-17_0.5_4_8_16_0.5_128_0.0_unet-att-s_day04.h5
train_data_hourly_pr_['ADAPTER_DE05.day04.merged.nc']_['ADAPTER_DE05.day01.merged.nc']_MM_6__spatiotemporal_128.256_2018-01-01T13_2022-12-31T23_no_na_land
Loading training data...
Data loaded!
mse_64_1e-05_1e-17_0.5_4_4_16_0.5_128_0.0_unet-att-s_day04
Training the model...

Epoch 1: val_loss improved from inf to 0.03883, saving model to /p/project1/cesmtst/patakchiyousefi1/HPT/mse_64_1e-05_1e-17_0.5_4_4_16_0.5_128_0.0_unet-att-s_day04.h5
train_data_hourly_pr_['ADAPTER_DE05.day04.merged.nc']_['ADAPTER_DE05.day01.merged.nc']_MM_6__spatiotemporal_128.256_2018-01-01T13_2022-12-31T23_no_na_land
Loading training data...
Data loaded!
mse_64_0.0001_1e-17_0.5_4_4_16_0.5_128_0.0_unet-att-s_day04
Training the model...

Epoch 1: val_loss improved from inf to 0.00046, saving model to /p/project1/cesmtst/patakchiyousefi1/HPT/mse_64_0.0001_1e-17_0.5_4_4_16_0.5_128_0.0_unet-att-s_day04.h5

Epoch 2: val_loss improved from 0.01520 to 0.00660, saving model to /p/project1/cesmtst/patakchiyousefi1/HPT/mse_64_1e-05_1e-17_0.5_4_8_16_0.5_128_0.0_unet-att-s_day04.h5
train_data_hourly_pr_['ADAPTER_DE05.day04.merged.nc']_['ADAPTER_DE05.day01.merged.nc']_MM_6__spatiotemporal_128.256_2018-01-01T13_2022-12-31T23_no_na_land
Loading training data...
Data loaded!
mse_64_0.001_1e-17_0.5_4_4_16_0.5_128_0.0_unet-att-s_day04
Training the model...

Epoch 1: val_loss improved from inf to 0.00042, saving model to /p/project1/cesmtst/patakchiyousefi1/HPT/mse_64_0.001_1e-17_0.5_4_4_16_0.5_128_0.0_unet-att-s_day04.h5

Epoch 2: val_loss improved from 0.00093 to 0.00036, saving model to /p/project1/cesmtst/patakchiyousefi1/HPT/mse_64_0.0001_1e-17_0.5_4_8_16_0.5_128_0.0_unet-att-s_day04.h5
train_data_hourly_pr_['ADAPTER_DE05.day04.merged.nc']_['ADAPTER_DE05.day01.merged.nc']_MM_6__spatiotemporal_128.256_2018-01-01T13_2022-12-31T23_no_na_land
Loading training data...
Data loaded!
mse_64_1e-05_1e-17_0.5_4_2_16_0.5_128_0.0_unet-att-s_day04
Training the model...

Epoch 1: val_loss improved from inf to 0.00658, saving model to /p/project1/cesmtst/patakchiyousefi1/HPT/mse_64_1e-05_1e-17_0.5_4_2_16_0.5_128_0.0_unet-att-s_day04.h5

Epoch 3: val_loss improved from 0.00660 to 0.00316, saving model to /p/project1/cesmtst/patakchiyousefi1/HPT/mse_64_1e-05_1e-17_0.5_4_8_16_0.5_128_0.0_unet-att-s_day04.h5

Epoch 2: val_loss did not improve from 0.00074
train_data_hourly_pr_['ADAPTER_DE05.day04.merged.nc']_['ADAPTER_DE05.day01.merged.nc']_MM_6__spatiotemporal_128.256_2018-01-01T13_2022-12-31T23_no_na_land
Loading training data...
Data loaded!
mse_64_0.0001_1e-17_0.5_4_2_16_0.5_128_0.0_unet-att-s_day04
Training the model...

Epoch 1: val_loss improved from inf to 0.00030, saving model to /p/project1/cesmtst/patakchiyousefi1/HPT/mse_64_0.0001_1e-17_0.5_4_2_16_0.5_128_0.0_unet-att-s_day04.h5

Epoch 3: val_loss improved from 0.00036 to 0.00015, saving model to /p/project1/cesmtst/patakchiyousefi1/HPT/mse_64_0.0001_1e-17_0.5_4_8_16_0.5_128_0.0_unet-att-s_day04.h5
train_data_hourly_pr_['ADAPTER_DE05.day04.merged.nc']_['ADAPTER_DE05.day01.merged.nc']_MM_6__spatiotemporal_128.256_2018-01-01T13_2022-12-31T23_no_na_land
Loading training data...
Data loaded!
mse_64_0.001_1e-17_0.5_4_2_16_0.5_128_0.0_unet-att-s_day04
Training the model...

Epoch 1: val_loss improved from inf to 0.00003, saving model to /p/project1/cesmtst/patakchiyousefi1/HPT/mse_64_0.001_1e-17_0.5_4_2_16_0.5_128_0.0_unet-att-s_day04.h5

Epoch 2: val_loss improved from 0.03883 to 0.00573, saving model to /p/project1/cesmtst/patakchiyousefi1/HPT/mse_64_1e-05_1e-17_0.5_4_4_16_0.5_128_0.0_unet-att-s_day04.h5
train_data_hourly_pr_['ADAPTER_DE05.day04.merged.nc']_['ADAPTER_DE05.day01.merged.nc']_MM_6__spatiotemporal_128.256_2018-01-01T13_2022-12-31T23_no_na_land
Loading training data...
Data loaded!
mse_64_0.01_1e-17_0.5_4_2_16_0.5_128_0.0_unet-att-s_day04
Training the model...

Epoch 1: val_loss improved from inf to 0.00122, saving model to /p/project1/cesmtst/patakchiyousefi1/HPT/mse_64_0.01_1e-17_0.5_4_2_16_0.5_128_0.0_unet-att-s_day04.h5

Epoch 2: val_loss improved from 0.00046 to 0.00007, saving model to /p/project1/cesmtst/patakchiyousefi1/HPT/mse_64_0.0001_1e-17_0.5_4_4_16_0.5_128_0.0_unet-att-s_day04.h5

Epoch 2: val_loss improved from 0.00042 to 0.00035, saving model to /p/project1/cesmtst/patakchiyousefi1/HPT/mse_64_0.001_1e-17_0.5_4_4_16_0.5_128_0.0_unet-att-s_day04.h5

Epoch 4: val_loss improved from 0.00316 to 0.00171, saving model to /p/project1/cesmtst/patakchiyousefi1/HPT/mse_64_1e-05_1e-17_0.5_4_8_16_0.5_128_0.0_unet-att-s_day04.h5

Epoch 4: val_loss improved from 0.00015 to 0.00010, saving model to /p/project1/cesmtst/patakchiyousefi1/HPT/mse_64_0.0001_1e-17_0.5_4_8_16_0.5_128_0.0_unet-att-s_day04.h5

Epoch 3: val_loss did not improve from 0.00074

Epoch 3: val_loss improved from 0.00573 to 0.00123, saving model to /p/project1/cesmtst/patakchiyousefi1/HPT/mse_64_1e-05_1e-17_0.5_4_4_16_0.5_128_0.0_unet-att-s_day04.h5

Epoch 5: val_loss improved from 0.00171 to 0.00109, saving model to /p/project1/cesmtst/patakchiyousefi1/HPT/mse_64_1e-05_1e-17_0.5_4_8_16_0.5_128_0.0_unet-att-s_day04.h5

Epoch 5: val_loss improved from 0.00010 to 0.00007, saving model to /p/project1/cesmtst/patakchiyousefi1/HPT/mse_64_0.0001_1e-17_0.5_4_8_16_0.5_128_0.0_unet-att-s_day04.h5

Epoch 3: val_loss improved from 0.00007 to 0.00003, saving model to /p/project1/cesmtst/patakchiyousefi1/HPT/mse_64_0.0001_1e-17_0.5_4_4_16_0.5_128_0.0_unet-att-s_day04.h5

Epoch 4: val_loss did not improve from 0.00074
train_data_hourly_pr_['ADAPTER_DE05.day04.merged.nc']_['ADAPTER_DE05.day01.merged.nc']_MM_6__spatiotemporal_128.256_2018-01-01T13_2022-12-31T23_no_na_land
Loading training data...
Data loaded!
mse_64_1e-05_1e-17_0.5_4_1_16_0.5_128_0.0_unet-att-s_day04
Training the model...

Epoch 1: val_loss improved from inf to 0.02100, saving model to /p/project1/cesmtst/patakchiyousefi1/HPT/mse_64_1e-05_1e-17_0.5_4_1_16_0.5_128_0.0_unet-att-s_day04.h5

Epoch 3: val_loss did not improve from 0.00035
train_data_hourly_pr_['ADAPTER_DE05.day04.merged.nc']_['ADAPTER_DE05.day01.merged.nc']_MM_6__spatiotemporal_128.256_2018-01-01T13_2022-12-31T23_no_na_land
Loading training data...
Data loaded!
mse_64_0.0001_1e-17_0.5_4_1_16_0.5_128_0.0_unet-att-s_day04
Training the model...

Epoch 1: val_loss improved from inf to 0.00003, saving model to /p/project1/cesmtst/patakchiyousefi1/HPT/mse_64_0.0001_1e-17_0.5_4_1_16_0.5_128_0.0_unet-att-s_day04.h5
train_data_hourly_pr_['ADAPTER_DE05.day04.merged.nc']_['ADAPTER_DE05.day01.merged.nc']_MM_6__spatiotemporal_128.256_2018-01-01T13_2022-12-31T23_no_na_land
Loading training data...
Data loaded!
mse_64_0.001_1e-17_0.5_4_1_16_0.5_128_0.0_unet-att-s_day04
Training the model...

Epoch 1: val_loss improved from inf to 0.83805, saving model to /p/project1/cesmtst/patakchiyousefi1/HPT/mse_64_0.001_1e-17_0.5_4_1_16_0.5_128_0.0_unet-att-s_day04.h5
train_data_hourly_pr_['ADAPTER_DE05.day04.merged.nc']_['ADAPTER_DE05.day01.merged.nc']_MM_6__spatiotemporal_128.256_2018-01-01T13_2022-12-31T23_no_na_land
Loading training data...
Data loaded!
mse_64_0.01_1e-17_0.5_4_1_16_0.5_128_0.0_unet-att-s_day04
Training the model...

Epoch 1: val_loss improved from inf to 26.72885, saving model to /p/project1/cesmtst/patakchiyousefi1/HPT/mse_64_0.01_1e-17_0.5_4_1_16_0.5_128_0.0_unet-att-s_day04.h5

Epoch 6: val_loss improved from 0.00109 to 0.00074, saving model to /p/project1/cesmtst/patakchiyousefi1/HPT/mse_64_1e-05_1e-17_0.5_4_8_16_0.5_128_0.0_unet-att-s_day04.h5

Epoch 2: val_loss improved from 0.00658 to 0.00153, saving model to /p/project1/cesmtst/patakchiyousefi1/HPT/mse_64_1e-05_1e-17_0.5_4_2_16_0.5_128_0.0_unet-att-s_day04.h5

Epoch 2: val_loss did not improve from 0.00003

Epoch 6: val_loss improved from 0.00007 to 0.00003, saving model to /p/project1/cesmtst/patakchiyousefi1/HPT/mse_64_0.0001_1e-17_0.5_4_8_16_0.5_128_0.0_unet-att-s_day04.h5

Epoch 5: val_loss did not improve from 0.00074

Epoch 2: val_loss improved from 0.00030 to 0.00006, saving model to /p/project1/cesmtst/patakchiyousefi1/HPT/mse_64_0.0001_1e-17_0.5_4_2_16_0.5_128_0.0_unet-att-s_day04.h5

Epoch 2: val_loss did not improve from 0.00122

Epoch 4: val_loss improved from 0.00123 to 0.00053, saving model to /p/project1/cesmtst/patakchiyousefi1/HPT/mse_64_1e-05_1e-17_0.5_4_4_16_0.5_128_0.0_unet-att-s_day04.h5

Epoch 4: val_loss improved from 0.00003 to 0.00003, saving model to /p/project1/cesmtst/patakchiyousefi1/HPT/mse_64_0.0001_1e-17_0.5_4_4_16_0.5_128_0.0_unet-att-s_day04.h5

Epoch 7: val_loss improved from 0.00074 to 0.00034, saving model to /p/project1/cesmtst/patakchiyousefi1/HPT/mse_64_1e-05_1e-17_0.5_4_8_16_0.5_128_0.0_unet-att-s_day04.h5

Epoch 4: val_loss did not improve from 0.00035

Epoch 7: val_loss improved from 0.00003 to 0.00003, saving model to /p/project1/cesmtst/patakchiyousefi1/HPT/mse_64_0.0001_1e-17_0.5_4_8_16_0.5_128_0.0_unet-att-s_day04.h5

Epoch 6: val_loss did not improve from 0.00074

Epoch 8: val_loss improved from 0.00034 to 0.00022, saving model to /p/project1/cesmtst/patakchiyousefi1/HPT/mse_64_1e-05_1e-17_0.5_4_8_16_0.5_128_0.0_unet-att-s_day04.h5

Epoch 8: val_loss did not improve from 0.00003

Epoch 7: val_loss improved from 0.00074 to 0.00004, saving model to /p/project1/cesmtst/patakchiyousefi1/HPT/mse_64_0.001_1e-17_0.5_4_8_16_0.5_128_0.0_unet-att-s_day04.h5

Epoch 5: val_loss improved from 0.00053 to 0.00033, saving model to /p/project1/cesmtst/patakchiyousefi1/HPT/mse_64_1e-05_1e-17_0.5_4_4_16_0.5_128_0.0_unet-att-s_day04.h5

Epoch 5: val_loss improved from 0.00003 to 0.00003, saving model to /p/project1/cesmtst/patakchiyousefi1/HPT/mse_64_0.0001_1e-17_0.5_4_4_16_0.5_128_0.0_unet-att-s_day04.h5

Epoch 5: val_loss did not improve from 0.00035

Epoch 9: val_loss improved from 0.00022 to 0.00014, saving model to /p/project1/cesmtst/patakchiyousefi1/HPT/mse_64_1e-05_1e-17_0.5_4_8_16_0.5_128_0.0_unet-att-s_day04.h5

Epoch 3: val_loss improved from 0.00153 to 0.00010, saving model to /p/project1/cesmtst/patakchiyousefi1/HPT/mse_64_1e-05_1e-17_0.5_4_2_16_0.5_128_0.0_unet-att-s_day04.h5

Epoch 3: val_loss did not improve from 0.00003

Epoch 9: val_loss did not improve from 0.00003

Epoch 8: val_loss did not improve from 0.00004

Epoch 3: val_loss improved from 0.00006 to 0.00004, saving model to /p/project1/cesmtst/patakchiyousefi1/HPT/mse_64_0.0001_1e-17_0.5_4_2_16_0.5_128_0.0_unet-att-s_day04.h5

Epoch 3: val_loss did not improve from 0.00122

Epoch 6: val_loss improved from 0.00033 to 0.00019, saving model to /p/project1/cesmtst/patakchiyousefi1/HPT/mse_64_1e-05_1e-17_0.5_4_4_16_0.5_128_0.0_unet-att-s_day04.h5

Epoch 10: val_loss improved from 0.00014 to 0.00012, saving model to /p/project1/cesmtst/patakchiyousefi1/HPT/mse_64_1e-05_1e-17_0.5_4_8_16_0.5_128_0.0_unet-att-s_day04.h5

Epoch 10: val_loss did not improve from 0.00003

Epoch 6: val_loss improved from 0.00003 to 0.00003, saving model to /p/project1/cesmtst/patakchiyousefi1/HPT/mse_64_0.0001_1e-17_0.5_4_4_16_0.5_128_0.0_unet-att-s_day04.h5

Epoch 9: val_loss did not improve from 0.00004

Epoch 6: val_loss did not improve from 0.00035

Epoch 2: val_loss improved from 0.02100 to 0.00541, saving model to /p/project1/cesmtst/patakchiyousefi1/HPT/mse_64_1e-05_1e-17_0.5_4_1_16_0.5_128_0.0_unet-att-s_day04.h5

Epoch 11: val_loss improved from 0.00012 to 0.00010, saving model to /p/project1/cesmtst/patakchiyousefi1/HPT/mse_64_1e-05_1e-17_0.5_4_8_16_0.5_128_0.0_unet-att-s_day04.h5

Epoch 2: val_loss did not improve from 0.00003

Epoch 2: val_loss improved from 0.83805 to 0.70634, saving model to /p/project1/cesmtst/patakchiyousefi1/HPT/mse_64_0.001_1e-17_0.5_4_1_16_0.5_128_0.0_unet-att-s_day04.h5

Epoch 11: val_loss did not improve from 0.00003

Epoch 10: val_loss improved from 0.00004 to 0.00003, saving model to /p/project1/cesmtst/patakchiyousefi1/HPT/mse_64_0.001_1e-17_0.5_4_8_16_0.5_128_0.0_unet-att-s_day04.h5

Epoch 2: val_loss improved from 26.72885 to 24.04614, saving model to /p/project1/cesmtst/patakchiyousefi1/HPT/mse_64_0.01_1e-17_0.5_4_1_16_0.5_128_0.0_unet-att-s_day04.h5

Epoch 7: val_loss improved from 0.00019 to 0.00012, saving model to /p/project1/cesmtst/patakchiyousefi1/HPT/mse_64_1e-05_1e-17_0.5_4_4_16_0.5_128_0.0_unet-att-s_day04.h5

Epoch 7: val_loss did not improve from 0.00003

Epoch 12: val_loss improved from 0.00010 to 0.00009, saving model to /p/project1/cesmtst/patakchiyousefi1/HPT/mse_64_1e-05_1e-17_0.5_4_8_16_0.5_128_0.0_unet-att-s_day04.h5

Epoch 7: val_loss improved from 0.00035 to 0.00010, saving model to /p/project1/cesmtst/patakchiyousefi1/HPT/mse_64_0.001_1e-17_0.5_4_4_16_0.5_128_0.0_unet-att-s_day04.h5

Epoch 4: val_loss did not improve from 0.00003

Epoch 4: val_loss improved from 0.00010 to 0.00006, saving model to /p/project1/cesmtst/patakchiyousefi1/HPT/mse_64_1e-05_1e-17_0.5_4_2_16_0.5_128_0.0_unet-att-s_day04.h5

Epoch 12: val_loss improved from 0.00003 to 0.00003, saving model to /p/project1/cesmtst/patakchiyousefi1/HPT/mse_64_0.0001_1e-17_0.5_4_8_16_0.5_128_0.0_unet-att-s_day04.h5

Epoch 11: val_loss improved from 0.00003 to 0.00003, saving model to /p/project1/cesmtst/patakchiyousefi1/HPT/mse_64_0.001_1e-17_0.5_4_8_16_0.5_128_0.0_unet-att-s_day04.h5

Epoch 4: val_loss improved from 0.00004 to 0.00004, saving model to /p/project1/cesmtst/patakchiyousefi1/HPT/mse_64_0.0001_1e-17_0.5_4_2_16_0.5_128_0.0_unet-att-s_day04.h5

Epoch 4: val_loss did not improve from 0.00122

Epoch 13: val_loss improved from 0.00009 to 0.00008, saving model to /p/project1/cesmtst/patakchiyousefi1/HPT/mse_64_1e-05_1e-17_0.5_4_8_16_0.5_128_0.0_unet-att-s_day04.h5

Epoch 13: val_loss did not improve from 0.00003

Epoch 12: val_loss improved from 0.00003 to 0.00003, saving model to /p/project1/cesmtst/patakchiyousefi1/HPT/mse_64_0.001_1e-17_0.5_4_8_16_0.5_128_0.0_unet-att-s_day04.h5

Epoch 8: val_loss improved from 0.00012 to 0.00008, saving model to /p/project1/cesmtst/patakchiyousefi1/HPT/mse_64_1e-05_1e-17_0.5_4_4_16_0.5_128_0.0_unet-att-s_day04.h5

Epoch 8: val_loss did not improve from 0.00003

Epoch 8: val_loss improved from 0.00010 to 0.00003, saving model to /p/project1/cesmtst/patakchiyousefi1/HPT/mse_64_0.001_1e-17_0.5_4_4_16_0.5_128_0.0_unet-att-s_day04.h5

Epoch 14: val_loss improved from 0.00008 to 0.00007, saving model to /p/project1/cesmtst/patakchiyousefi1/HPT/mse_64_1e-05_1e-17_0.5_4_8_16_0.5_128_0.0_unet-att-s_day04.h5

Epoch 14: val_loss improved from 0.00003 to 0.00003, saving model to /p/project1/cesmtst/patakchiyousefi1/HPT/mse_64_0.0001_1e-17_0.5_4_8_16_0.5_128_0.0_unet-att-s_day04.h5

Epoch 13: val_loss did not improve from 0.00003

Epoch 15: val_loss improved from 0.00007 to 0.00007, saving model to /p/project1/cesmtst/patakchiyousefi1/HPT/mse_64_1e-05_1e-17_0.5_4_8_16_0.5_128_0.0_unet-att-s_day04.h5

Epoch 9: val_loss improved from 0.00008 to 0.00006, saving model to /p/project1/cesmtst/patakchiyousefi1/HPT/mse_64_1e-05_1e-17_0.5_4_4_16_0.5_128_0.0_unet-att-s_day04.h5

Epoch 5: val_loss did not improve from 0.00003

Epoch 5: val_loss improved from 0.00006 to 0.00005, saving model to /p/project1/cesmtst/patakchiyousefi1/HPT/mse_64_1e-05_1e-17_0.5_4_2_16_0.5_128_0.0_unet-att-s_day04.h5

Epoch 15: val_loss did not improve from 0.00003

Epoch 14: val_loss did not improve from 0.00003

Epoch 5: val_loss did not improve from 0.00004

Epoch 9: val_loss did not improve from 0.00003

Epoch 9: val_loss improved from 0.00003 to 0.00003, saving model to /p/project1/cesmtst/patakchiyousefi1/HPT/mse_64_0.001_1e-17_0.5_4_4_16_0.5_128_0.0_unet-att-s_day04.h5

Epoch 5: val_loss did not improve from 0.00122

Epoch 16: val_loss improved from 0.00007 to 0.00007, saving model to /p/project1/cesmtst/patakchiyousefi1/HPT/mse_64_1e-05_1e-17_0.5_4_8_16_0.5_128_0.0_unet-att-s_day04.h5

Epoch 16: val_loss did not improve from 0.00003

Epoch 15: val_loss did not improve from 0.00003

Epoch 3: val_loss improved from 0.00541 to 0.00140, saving model to /p/project1/cesmtst/patakchiyousefi1/HPT/mse_64_1e-05_1e-17_0.5_4_1_16_0.5_128_0.0_unet-att-s_day04.h5

Epoch 3: val_loss improved from 0.00003 to 0.00003, saving model to /p/project1/cesmtst/patakchiyousefi1/HPT/mse_64_0.0001_1e-17_0.5_4_1_16_0.5_128_0.0_unet-att-s_day04.h5

Epoch 10: val_loss improved from 0.00006 to 0.00006, saving model to /p/project1/cesmtst/patakchiyousefi1/HPT/mse_64_1e-05_1e-17_0.5_4_4_16_0.5_128_0.0_unet-att-s_day04.h5

Epoch 3: val_loss did not improve from 0.70634

Epoch 10: val_loss did not improve from 0.00003

Epoch 3: val_loss improved from 24.04614 to 23.97973, saving model to /p/project1/cesmtst/patakchiyousefi1/HPT/mse_64_0.01_1e-17_0.5_4_1_16_0.5_128_0.0_unet-att-s_day04.h5

Epoch 10: val_loss did not improve from 0.00003

Epoch 17: val_loss improved from 0.00007 to 0.00007, saving model to /p/project1/cesmtst/patakchiyousefi1/HPT/mse_64_1e-05_1e-17_0.5_4_8_16_0.5_128_0.0_unet-att-s_day04.h5

Epoch 17: val_loss improved from 0.00003 to 0.00003, saving model to /p/project1/cesmtst/patakchiyousefi1/HPT/mse_64_0.0001_1e-17_0.5_4_8_16_0.5_128_0.0_unet-att-s_day04.h5

Epoch 16: val_loss did not improve from 0.00003

Epoch 6: val_loss did not improve from 0.00003

Epoch 6: val_loss improved from 0.00005 to 0.00004, saving model to /p/project1/cesmtst/patakchiyousefi1/HPT/mse_64_1e-05_1e-17_0.5_4_2_16_0.5_128_0.0_unet-att-s_day04.h5

Epoch 6: val_loss did not improve from 0.00004

Epoch 18: val_loss did not improve from 0.00003

Epoch 18: val_loss improved from 0.00007 to 0.00006, saving model to /p/project1/cesmtst/patakchiyousefi1/HPT/mse_64_1e-05_1e-17_0.5_4_8_16_0.5_128_0.0_unet-att-s_day04.h5

Epoch 11: val_loss improved from 0.00006 to 0.00005, saving model to /p/project1/cesmtst/patakchiyousefi1/HPT/mse_64_1e-05_1e-17_0.5_4_4_16_0.5_128_0.0_unet-att-s_day04.h5

Epoch 17: val_loss did not improve from 0.00003

Epoch 11: val_loss did not improve from 0.00003

Epoch 11: val_loss improved from 0.00003 to 0.00003, saving model to /p/project1/cesmtst/patakchiyousefi1/HPT/mse_64_0.0001_1e-17_0.5_4_4_16_0.5_128_0.0_unet-att-s_day04.h5

Epoch 6: val_loss did not improve from 0.00122

Epoch 19: val_loss did not improve from 0.00003

Epoch 19: val_loss improved from 0.00006 to 0.00006, saving model to /p/project1/cesmtst/patakchiyousefi1/HPT/mse_64_1e-05_1e-17_0.5_4_8_16_0.5_128_0.0_unet-att-s_day04.h5

Epoch 18: val_loss did not improve from 0.00003

Epoch 12: val_loss improved from 0.00005 to 0.00004, saving model to /p/project1/cesmtst/patakchiyousefi1/HPT/mse_64_1e-05_1e-17_0.5_4_4_16_0.5_128_0.0_unet-att-s_day04.h5

Epoch 20: val_loss did not improve from 0.00003

Epoch 20: val_loss improved from 0.00006 to 0.00006, saving model to /p/project1/cesmtst/patakchiyousefi1/HPT/mse_64_1e-05_1e-17_0.5_4_8_16_0.5_128_0.0_unet-att-s_day04.h5

Epoch 12: val_loss improved from 0.00003 to 0.00003, saving model to /p/project1/cesmtst/patakchiyousefi1/HPT/mse_64_0.001_1e-17_0.5_4_4_16_0.5_128_0.0_unet-att-s_day04.h5

Epoch 19: val_loss did not improve from 0.00003

Epoch 12: val_loss did not improve from 0.00003

Epoch 7: val_loss did not improve from 0.00003

Epoch 7: val_loss did not improve from 0.00004

Epoch 7: val_loss improved from 0.00004 to 0.00004, saving model to /p/project1/cesmtst/patakchiyousefi1/HPT/mse_64_1e-05_1e-17_0.5_4_2_16_0.5_128_0.0_unet-att-s_day04.h5

Epoch 21: val_loss improved from 0.00006 to 0.00006, saving model to /p/project1/cesmtst/patakchiyousefi1/HPT/mse_64_1e-05_1e-17_0.5_4_8_16_0.5_128_0.0_unet-att-s_day04.h5

Epoch 21: val_loss did not improve from 0.00003

Epoch 20: val_loss did not improve from 0.00003

Epoch 13: val_loss did not improve from 0.00004

Epoch 7: val_loss did not improve from 0.00122

Epoch 4: val_loss improved from 0.00140 to 0.00034, saving model to /p/project1/cesmtst/patakchiyousefi1/HPT/mse_64_1e-05_1e-17_0.5_4_1_16_0.5_128_0.0_unet-att-s_day04.h5

Epoch 13: val_loss improved from 0.00003 to 0.00003, saving model to /p/project1/cesmtst/patakchiyousefi1/HPT/mse_64_0.001_1e-17_0.5_4_4_16_0.5_128_0.0_unet-att-s_day04.h5

Epoch 4: val_loss did not improve from 0.00003

Epoch 4: val_loss did not improve from 0.70634

Epoch 22: val_loss improved from 0.00006 to 0.00006, saving model to /p/project1/cesmtst/patakchiyousefi1/HPT/mse_64_1e-05_1e-17_0.5_4_8_16_0.5_128_0.0_unet-att-s_day04.h5

Epoch 22: val_loss did not improve from 0.00003

Epoch 21: val_loss did not improve from 0.00003

Epoch 13: val_loss did not improve from 0.00003

Epoch 4: val_loss did not improve from 23.97973

Epoch 23: val_loss improved from 0.00006 to 0.00006, saving model to /p/project1/cesmtst/patakchiyousefi1/HPT/mse_64_1e-05_1e-17_0.5_4_8_16_0.5_128_0.0_unet-att-s_day04.h5

Epoch 23: val_loss did not improve from 0.00003

Epoch 14: val_loss improved from 0.00004 to 0.00004, saving model to /p/project1/cesmtst/patakchiyousefi1/HPT/mse_64_1e-05_1e-17_0.5_4_4_16_0.5_128_0.0_unet-att-s_day04.h5

Epoch 22: val_loss did not improve from 0.00003

Epoch 14: val_loss did not improve from 0.00003

Epoch 8: val_loss did not improve from 0.00004

Epoch 8: val_loss improved from 0.00004 to 0.00003, saving model to /p/project1/cesmtst/patakchiyousefi1/HPT/mse_64_1e-05_1e-17_0.5_4_2_16_0.5_128_0.0_unet-att-s_day04.h5

Epoch 24: val_loss improved from 0.00006 to 0.00006, saving model to /p/project1/cesmtst/patakchiyousefi1/HPT/mse_64_1e-05_1e-17_0.5_4_8_16_0.5_128_0.0_unet-att-s_day04.h5

Epoch 24: val_loss did not improve from 0.00003

Epoch 23: val_loss did not improve from 0.00003

Epoch 14: val_loss did not improve from 0.00003

Epoch 8: val_loss did not improve from 0.00003

Epoch 8: val_loss did not improve from 0.00122

Epoch 15: val_loss improved from 0.00004 to 0.00004, saving model to /p/project1/cesmtst/patakchiyousefi1/HPT/mse_64_1e-05_1e-17_0.5_4_4_16_0.5_128_0.0_unet-att-s_day04.h5

Epoch 25: val_loss improved from 0.00006 to 0.00006, saving model to /p/project1/cesmtst/patakchiyousefi1/HPT/mse_64_1e-05_1e-17_0.5_4_8_16_0.5_128_0.0_unet-att-s_day04.h5

Epoch 25: val_loss did not improve from 0.00003

Epoch 24: val_loss did not improve from 0.00003

Epoch 15: val_loss did not improve from 0.00003

Epoch 15: val_loss improved from 0.00003 to 0.00003, saving model to /p/project1/cesmtst/patakchiyousefi1/HPT/mse_64_0.0001_1e-17_0.5_4_4_16_0.5_128_0.0_unet-att-s_day04.h5

Epoch 26: val_loss improved from 0.00006 to 0.00006, saving model to /p/project1/cesmtst/patakchiyousefi1/HPT/mse_64_1e-05_1e-17_0.5_4_8_16_0.5_128_0.0_unet-att-s_day04.h5

Epoch 26: val_loss did not improve from 0.00003

Epoch 25: val_loss did not improve from 0.00003

Epoch 16: val_loss improved from 0.00004 to 0.00004, saving model to /p/project1/cesmtst/patakchiyousefi1/HPT/mse_64_1e-05_1e-17_0.5_4_4_16_0.5_128_0.0_unet-att-s_day04.h5

Epoch 9: val_loss did not improve from 0.00004

Epoch 9: val_loss improved from 0.00003 to 0.00003, saving model to /p/project1/cesmtst/patakchiyousefi1/HPT/mse_64_1e-05_1e-17_0.5_4_2_16_0.5_128_0.0_unet-att-s_day04.h5

Epoch 27: val_loss did not improve from 0.00006

Epoch 16: val_loss improved from 0.00003 to 0.00003, saving model to /p/project1/cesmtst/patakchiyousefi1/HPT/mse_64_0.001_1e-17_0.5_4_4_16_0.5_128_0.0_unet-att-s_day04.h5

Epoch 26: val_loss did not improve from 0.00003

Epoch 27: val_loss did not improve from 0.00003

Epoch 5: val_loss improved from 0.00034 to 0.00011, saving model to /p/project1/cesmtst/patakchiyousefi1/HPT/mse_64_1e-05_1e-17_0.5_4_1_16_0.5_128_0.0_unet-att-s_day04.h5

Epoch 9: val_loss did not improve from 0.00003

Epoch 16: val_loss did not improve from 0.00003

Epoch 9: val_loss did not improve from 0.00122

Epoch 5: val_loss did not improve from 0.00003

Epoch 5: val_loss improved from 0.70634 to 0.68770, saving model to /p/project1/cesmtst/patakchiyousefi1/HPT/mse_64_0.001_1e-17_0.5_4_1_16_0.5_128_0.0_unet-att-s_day04.h5

Epoch 5: val_loss improved from 23.97973 to 22.71437, saving model to /p/project1/cesmtst/patakchiyousefi1/HPT/mse_64_0.01_1e-17_0.5_4_1_16_0.5_128_0.0_unet-att-s_day04.h5

Epoch 28: val_loss did not improve from 0.00006

Epoch 17: val_loss improved from 0.00004 to 0.00004, saving model to /p/project1/cesmtst/patakchiyousefi1/HPT/mse_64_1e-05_1e-17_0.5_4_4_16_0.5_128_0.0_unet-att-s_day04.h5

Epoch 27: val_loss did not improve from 0.00003

Epoch 28: val_loss did not improve from 0.00003

Epoch 17: val_loss did not improve from 0.00003

Epoch 29: val_loss did not improve from 0.00006

Epoch 28: val_loss did not improve from 0.00003
Saving and plotting the results...

Epoch 29: val_loss did not improve from 0.00003

Epoch 17: val_loss did not improve from 0.00003

Epoch 10: val_loss did not improve from 0.00004

Epoch 18: val_loss improved from 0.00004 to 0.00004, saving model to /p/project1/cesmtst/patakchiyousefi1/HPT/mse_64_1e-05_1e-17_0.5_4_4_16_0.5_128_0.0_unet-att-s_day04.h5

Epoch 10: val_loss did not improve from 0.00003

Epoch 30: val_loss did not improve from 0.00006

Epoch 30: val_loss did not improve from 0.00003

Epoch 10: val_loss did not improve from 0.00003

Epoch 18: val_loss did not improve from 0.00003

Epoch 10: val_loss did not improve from 0.00122

Epoch 18: val_loss did not improve from 0.00003

Epoch 31: val_loss did not improve from 0.00006

Epoch 31: val_loss did not improve from 0.00003

Epoch 19: val_loss improved from 0.00004 to 0.00003, saving model to /p/project1/cesmtst/patakchiyousefi1/HPT/mse_64_1e-05_1e-17_0.5_4_4_16_0.5_128_0.0_unet-att-s_day04.h5

Epoch 19: val_loss improved from 0.00003 to 0.00003, saving model to /p/project1/cesmtst/patakchiyousefi1/HPT/mse_64_0.001_1e-17_0.5_4_4_16_0.5_128_0.0_unet-att-s_day04.h5

Epoch 32: val_loss did not improve from 0.00006
train_data_hourly_pr_['ADAPTER_DE05.day04.merged.nc']_['ADAPTER_DE05.day01.merged.nc']_MM_6__spatiotemporal_128.256_2018-01-01T13_2022-12-31T23_no_na_land
Loading training data...
Data loaded!
mse_64_0.01_1e-17_0.5_4_8_16_0.5_128_0.0_unet-att-s_day04
Training the model...

Epoch 1: val_loss improved from inf to 0.00031, saving model to /p/project1/cesmtst/patakchiyousefi1/HPT/mse_64_0.01_1e-17_0.5_4_8_16_0.5_128_0.0_unet-att-s_day04.h5

Epoch 32: val_loss did not improve from 0.00003

Epoch 19: val_loss did not improve from 0.00003

Epoch 11: val_loss did not improve from 0.00004

Epoch 6: val_loss improved from 0.00011 to 0.00009, saving model to /p/project1/cesmtst/patakchiyousefi1/HPT/mse_64_1e-05_1e-17_0.5_4_1_16_0.5_128_0.0_unet-att-s_day04.h5

Epoch 11: val_loss improved from 0.00003 to 0.00003, saving model to /p/project1/cesmtst/patakchiyousefi1/HPT/mse_64_1e-05_1e-17_0.5_4_2_16_0.5_128_0.0_unet-att-s_day04.h5

Epoch 33: val_loss did not improve from 0.00006

Epoch 2: val_loss did not improve from 0.00031

Epoch 33: val_loss did not improve from 0.00003
Saving and plotting the results...

Epoch 6: val_loss improved from 0.00003 to 0.00003, saving model to /p/project1/cesmtst/patakchiyousefi1/HPT/mse_64_0.0001_1e-17_0.5_4_1_16_0.5_128_0.0_unet-att-s_day04.h5

Epoch 11: val_loss did not improve from 0.00003

Epoch 6: val_loss improved from 0.68770 to 0.34655, saving model to /p/project1/cesmtst/patakchiyousefi1/HPT/mse_64_0.001_1e-17_0.5_4_1_16_0.5_128_0.0_unet-att-s_day04.h5

Epoch 11: val_loss did not improve from 0.00122

Epoch 6: val_loss did not improve from 22.71437

Epoch 20: val_loss improved from 0.00003 to 0.00003, saving model to /p/project1/cesmtst/patakchiyousefi1/HPT/mse_64_1e-05_1e-17_0.5_4_4_16_0.5_128_0.0_unet-att-s_day04.h5

Epoch 20: val_loss improved from 0.00003 to 0.00003, saving model to /p/project1/cesmtst/patakchiyousefi1/HPT/mse_64_0.001_1e-17_0.5_4_4_16_0.5_128_0.0_unet-att-s_day04.h5

Epoch 34: val_loss did not improve from 0.00006

Epoch 3: val_loss did not improve from 0.00031

Epoch 20: val_loss did not improve from 0.00003

Epoch 35: val_loss did not improve from 0.00006

Epoch 4: val_loss did not improve from 0.00031

Epoch 21: val_loss did not improve from 0.00003

Epoch 21: val_loss did not improve from 0.00003

Epoch 12: val_loss did not improve from 0.00004

Epoch 21: val_loss did not improve from 0.00003

Epoch 12: val_loss improved from 0.00003 to 0.00003, saving model to /p/project1/cesmtst/patakchiyousefi1/HPT/mse_64_1e-05_1e-17_0.5_4_2_16_0.5_128_0.0_unet-att-s_day04.h5
train_data_hourly_pr_['ADAPTER_DE05.day04.merged.nc']_['ADAPTER_DE05.day01.merged.nc']_MM_6__spatiotemporal_128.256_2018-01-01T13_2022-12-31T23_no_na_land
Loading training data...
Data loaded!
mse_64_0.01_1e-17_0.5_4_4_16_0.5_128_0.0_unet-att-s_day04
Training the model...

Epoch 1: val_loss improved from inf to 0.00005, saving model to /p/project1/cesmtst/patakchiyousefi1/HPT/mse_64_0.01_1e-17_0.5_4_4_16_0.5_128_0.0_unet-att-s_day04.h5

Epoch 5: val_loss did not improve from 0.00031

Epoch 36: val_loss did not improve from 0.00006

Epoch 12: val_loss did not improve from 0.00003

Epoch 12: val_loss did not improve from 0.00122

Epoch 6: val_loss did not improve from 0.00031

Epoch 37: val_loss did not improve from 0.00006

Epoch 22: val_loss improved from 0.00003 to 0.00003, saving model to /p/project1/cesmtst/patakchiyousefi1/HPT/mse_64_1e-05_1e-17_0.5_4_4_16_0.5_128_0.0_unet-att-s_day04.h5

Epoch 22: val_loss improved from 0.00003 to 0.00003, saving model to /p/project1/cesmtst/patakchiyousefi1/HPT/mse_64_0.001_1e-17_0.5_4_4_16_0.5_128_0.0_unet-att-s_day04.h5

Epoch 22: val_loss improved from 0.00003 to 0.00003, saving model to /p/project1/cesmtst/patakchiyousefi1/HPT/mse_64_0.0001_1e-17_0.5_4_4_16_0.5_128_0.0_unet-att-s_day04.h5

Epoch 2: val_loss did not improve from 0.00005

Epoch 7: val_loss did not improve from 0.00031

Epoch 38: val_loss did not improve from 0.00006

Epoch 7: val_loss improved from 0.00009 to 0.00008, saving model to /p/project1/cesmtst/patakchiyousefi1/HPT/mse_64_1e-05_1e-17_0.5_4_1_16_0.5_128_0.0_unet-att-s_day04.h5

Epoch 13: val_loss improved from 0.00004 to 0.00003, saving model to /p/project1/cesmtst/patakchiyousefi1/HPT/mse_64_0.0001_1e-17_0.5_4_2_16_0.5_128_0.0_unet-att-s_day04.h5

Epoch 7: val_loss improved from 0.00003 to 0.00003, saving model to /p/project1/cesmtst/patakchiyousefi1/HPT/mse_64_0.0001_1e-17_0.5_4_1_16_0.5_128_0.0_unet-att-s_day04.h5

Epoch 23: val_loss did not improve from 0.00003

Epoch 23: val_loss did not improve from 0.00003

Epoch 7: val_loss improved from 0.34655 to 0.06824, saving model to /p/project1/cesmtst/patakchiyousefi1/HPT/mse_64_0.001_1e-17_0.5_4_1_16_0.5_128_0.0_unet-att-s_day04.h5

Epoch 8: val_loss did not improve from 0.00031

Epoch 7: val_loss did not improve from 22.71437

Epoch 23: val_loss did not improve from 0.00003

Epoch 39: val_loss did not improve from 0.00006

Epoch 3: val_loss did not improve from 0.00005

Epoch 13: val_loss improved from 0.00003 to 0.00003, saving model to /p/project1/cesmtst/patakchiyousefi1/HPT/mse_64_1e-05_1e-17_0.5_4_2_16_0.5_128_0.0_unet-att-s_day04.h5

Epoch 13: val_loss did not improve from 0.00122

Epoch 13: val_loss did not improve from 0.00003

Epoch 9: val_loss did not improve from 0.00031

Epoch 40: val_loss did not improve from 0.00006

Epoch 24: val_loss did not improve from 0.00003

Epoch 24: val_loss improved from 0.00003 to 0.00003, saving model to /p/project1/cesmtst/patakchiyousefi1/HPT/mse_64_1e-05_1e-17_0.5_4_4_16_0.5_128_0.0_unet-att-s_day04.h5

Epoch 24: val_loss did not improve from 0.00003

Epoch 4: val_loss improved from 0.00005 to 0.00004, saving model to /p/project1/cesmtst/patakchiyousefi1/HPT/mse_64_0.01_1e-17_0.5_4_4_16_0.5_128_0.0_unet-att-s_day04.h5

Epoch 10: val_loss did not improve from 0.00031

Epoch 41: val_loss did not improve from 0.00006

Epoch 14: val_loss improved from 0.00003 to 0.00003, saving model to /p/project1/cesmtst/patakchiyousefi1/HPT/mse_64_0.0001_1e-17_0.5_4_2_16_0.5_128_0.0_unet-att-s_day04.h5

Epoch 11: val_loss did not improve from 0.00031

Epoch 25: val_loss did not improve from 0.00003

Epoch 42: val_loss did not improve from 0.00006
Saving and plotting the results...

Epoch 25: val_loss did not improve from 0.00003

Epoch 14: val_loss improved from 0.00003 to 0.00003, saving model to /p/project1/cesmtst/patakchiyousefi1/HPT/mse_64_1e-05_1e-17_0.5_4_2_16_0.5_128_0.0_unet-att-s_day04.h5

Epoch 14: val_loss did not improve from 0.00122

Epoch 25: val_loss did not improve from 0.00003

Epoch 5: val_loss improved from 0.00004 to 0.00004, saving model to /p/project1/cesmtst/patakchiyousefi1/HPT/mse_64_0.01_1e-17_0.5_4_4_16_0.5_128_0.0_unet-att-s_day04.h5

Epoch 14: val_loss did not improve from 0.00003

Epoch 12: val_loss did not improve from 0.00031

Epoch 8: val_loss improved from 0.00008 to 0.00007, saving model to /p/project1/cesmtst/patakchiyousefi1/HPT/mse_64_1e-05_1e-17_0.5_4_1_16_0.5_128_0.0_unet-att-s_day04.h5

Epoch 26: val_loss did not improve from 0.00003

Epoch 13: val_loss did not improve from 0.00031

Epoch 26: val_loss did not improve from 0.00003

Epoch 26: val_loss did not improve from 0.00003

Epoch 6: val_loss did not improve from 0.00004

Epoch 8: val_loss did not improve from 0.00003

Epoch 15: val_loss improved from 0.00003 to 0.00003, saving model to /p/project1/cesmtst/patakchiyousefi1/HPT/mse_64_0.0001_1e-17_0.5_4_2_16_0.5_128_0.0_unet-att-s_day04.h5

Epoch 8: val_loss did not improve from 0.06824

Epoch 8: val_loss did not improve from 22.71437

Epoch 14: val_loss did not improve from 0.00031

Epoch 15: val_loss improved from 0.00003 to 0.00003, saving model to /p/project1/cesmtst/patakchiyousefi1/HPT/mse_64_1e-05_1e-17_0.5_4_2_16_0.5_128_0.0_unet-att-s_day04.h5

Epoch 15: val_loss did not improve from 0.00122

Epoch 27: val_loss did not improve from 0.00003

Epoch 15: val_loss did not improve from 0.00003

Epoch 27: val_loss did not improve from 0.00003

Epoch 27: val_loss did not improve from 0.00003

Epoch 7: val_loss did not improve from 0.00004

Epoch 15: val_loss did not improve from 0.00031

Epoch 16: val_loss did not improve from 0.00031

Epoch 28: val_loss did not improve from 0.00003

Epoch 16: val_loss did not improve from 0.00003

Epoch 28: val_loss did not improve from 0.00003

Epoch 8: val_loss did not improve from 0.00004

Epoch 28: val_loss did not improve from 0.00003

Epoch 17: val_loss did not improve from 0.00031
Saving and plotting the results...

Epoch 16: val_loss improved from 0.00003 to 0.00003, saving model to /p/project1/cesmtst/patakchiyousefi1/HPT/mse_64_1e-05_1e-17_0.5_4_2_16_0.5_128_0.0_unet-att-s_day04.h5

Epoch 16: val_loss did not improve from 0.00122

Epoch 16: val_loss did not improve from 0.00003

Epoch 29: val_loss did not improve from 0.00003

Epoch 29: val_loss did not improve from 0.00003

Epoch 9: val_loss did not improve from 0.00007

Epoch 29: val_loss did not improve from 0.00003

Epoch 9: val_loss did not improve from 0.00004

Epoch 9: val_loss improved from 0.00003 to 0.00003, saving model to /p/project1/cesmtst/patakchiyousefi1/HPT/mse_64_0.0001_1e-17_0.5_4_1_16_0.5_128_0.0_unet-att-s_day04.h5

Epoch 9: val_loss did not improve from 0.06824

Epoch 17: val_loss did not improve from 0.00003

Epoch 30: val_loss did not improve from 0.00003

Epoch 9: val_loss did not improve from 22.71437

Epoch 30: val_loss did not improve from 0.00003

Epoch 30: val_loss did not improve from 0.00003

Epoch 10: val_loss improved from 0.00004 to 0.00004, saving model to /p/project1/cesmtst/patakchiyousefi1/HPT/mse_64_0.01_1e-17_0.5_4_4_16_0.5_128_0.0_unet-att-s_day04.h5

Epoch 17: val_loss did not improve from 0.00003

Epoch 17: val_loss did not improve from 0.00122
Saving and plotting the results...

Epoch 17: val_loss did not improve from 0.00003
Saving and plotting the results...

Epoch 31: val_loss did not improve from 0.00003

Epoch 31: val_loss did not improve from 0.00003

Epoch 31: val_loss did not improve from 0.00003

Epoch 11: val_loss improved from 0.00004 to 0.00004, saving model to /p/project1/cesmtst/patakchiyousefi1/HPT/mse_64_0.01_1e-17_0.5_4_4_16_0.5_128_0.0_unet-att-s_day04.h5

Epoch 18: val_loss did not improve from 0.00003

Epoch 32: val_loss did not improve from 0.00003

Epoch 32: val_loss did not improve from 0.00003

Epoch 32: val_loss did not improve from 0.00003

Epoch 18: val_loss improved from 0.00003 to 0.00003, saving model to /p/project1/cesmtst/patakchiyousefi1/HPT/mse_64_1e-05_1e-17_0.5_4_2_16_0.5_128_0.0_unet-att-s_day04.h5

Epoch 12: val_loss improved from 0.00004 to 0.00004, saving model to /p/project1/cesmtst/patakchiyousefi1/HPT/mse_64_0.01_1e-17_0.5_4_4_16_0.5_128_0.0_unet-att-s_day04.h5

Epoch 10: val_loss improved from 0.00007 to 0.00006, saving model to /p/project1/cesmtst/patakchiyousefi1/HPT/mse_64_1e-05_1e-17_0.5_4_1_16_0.5_128_0.0_unet-att-s_day04.h5

Epoch 10: val_loss improved from 0.00003 to 0.00003, saving model to /p/project1/cesmtst/patakchiyousefi1/HPT/mse_64_0.0001_1e-17_0.5_4_1_16_0.5_128_0.0_unet-att-s_day04.h5

Epoch 33: val_loss did not improve from 0.00003

Epoch 10: val_loss improved from 0.06824 to 0.05698, saving model to /p/project1/cesmtst/patakchiyousefi1/HPT/mse_64_0.001_1e-17_0.5_4_1_16_0.5_128_0.0_unet-att-s_day04.h5

Epoch 33: val_loss did not improve from 0.00003

Epoch 33: val_loss did not improve from 0.00003

Epoch 13: val_loss improved from 0.00004 to 0.00004, saving model to /p/project1/cesmtst/patakchiyousefi1/HPT/mse_64_0.01_1e-17_0.5_4_4_16_0.5_128_0.0_unet-att-s_day04.h5

Epoch 19: val_loss did not improve from 0.00003

Epoch 10: val_loss did not improve from 22.71437

Epoch 19: val_loss did not improve from 0.00003

Epoch 34: val_loss did not improve from 0.00003

Epoch 34: val_loss did not improve from 0.00003

Epoch 34: val_loss did not improve from 0.00003

Epoch 14: val_loss did not improve from 0.00004

Epoch 35: val_loss did not improve from 0.00003

Epoch 35: val_loss did not improve from 0.00003

Epoch 35: val_loss did not improve from 0.00003

Epoch 15: val_loss did not improve from 0.00004

Epoch 20: val_loss did not improve from 0.00003

Epoch 20: val_loss improved from 0.00003 to 0.00003, saving model to /p/project1/cesmtst/patakchiyousefi1/HPT/mse_64_1e-05_1e-17_0.5_4_2_16_0.5_128_0.0_unet-att-s_day04.h5

Epoch 11: val_loss did not improve from 0.00006

Epoch 36: val_loss did not improve from 0.00003

Epoch 36: val_loss did not improve from 0.00003

Epoch 36: val_loss did not improve from 0.00003

Epoch 16: val_loss did not improve from 0.00004

Epoch 11: val_loss improved from 0.00003 to 0.00003, saving model to /p/project1/cesmtst/patakchiyousefi1/HPT/mse_64_0.0001_1e-17_0.5_4_1_16_0.5_128_0.0_unet-att-s_day04.h5

Epoch 11: val_loss improved from 0.05698 to 0.03256, saving model to /p/project1/cesmtst/patakchiyousefi1/HPT/mse_64_0.001_1e-17_0.5_4_1_16_0.5_128_0.0_unet-att-s_day04.h5

Epoch 11: val_loss did not improve from 22.71437

Epoch 21: val_loss did not improve from 0.00003

Epoch 37: val_loss did not improve from 0.00003

Epoch 37: val_loss did not improve from 0.00003

Epoch 37: val_loss did not improve from 0.00003

Epoch 17: val_loss did not improve from 0.00004

Epoch 21: val_loss did not improve from 0.00003

Epoch 38: val_loss did not improve from 0.00003

Epoch 38: val_loss did not improve from 0.00003
Saving and plotting the results...

Epoch 18: val_loss improved from 0.00004 to 0.00004, saving model to /p/project1/cesmtst/patakchiyousefi1/HPT/mse_64_0.01_1e-17_0.5_4_4_16_0.5_128_0.0_unet-att-s_day04.h5

Epoch 38: val_loss did not improve from 0.00003
Saving and plotting the results...

Epoch 22: val_loss did not improve from 0.00003

Epoch 19: val_loss improved from 0.00004 to 0.00004, saving model to /p/project1/cesmtst/patakchiyousefi1/HPT/mse_64_0.01_1e-17_0.5_4_4_16_0.5_128_0.0_unet-att-s_day04.h5

Epoch 39: val_loss did not improve from 0.00003

Epoch 12: val_loss improved from 0.00006 to 0.00005, saving model to /p/project1/cesmtst/patakchiyousefi1/HPT/mse_64_1e-05_1e-17_0.5_4_1_16_0.5_128_0.0_unet-att-s_day04.h5

Epoch 22: val_loss improved from 0.00003 to 0.00003, saving model to /p/project1/cesmtst/patakchiyousefi1/HPT/mse_64_1e-05_1e-17_0.5_4_2_16_0.5_128_0.0_unet-att-s_day04.h5

Epoch 12: val_loss did not improve from 0.03256

Epoch 12: val_loss improved from 0.00003 to 0.00003, saving model to /p/project1/cesmtst/patakchiyousefi1/HPT/mse_64_0.0001_1e-17_0.5_4_1_16_0.5_128_0.0_unet-att-s_day04.h5

Epoch 12: val_loss did not improve from 22.71437

Epoch 20: val_loss did not improve from 0.00004

Epoch 40: val_loss did not improve from 0.00003
Saving and plotting the results...

Epoch 23: val_loss did not improve from 0.00003

Epoch 21: val_loss did not improve from 0.00004

Epoch 23: val_loss did not improve from 0.00003

Epoch 22: val_loss did not improve from 0.00004

Epoch 24: val_loss did not improve from 0.00003

Epoch 13: val_loss did not improve from 0.00005

Epoch 13: val_loss did not improve from 0.03256

Epoch 13: val_loss did not improve from 0.00003

Epoch 23: val_loss did not improve from 0.00004

Epoch 13: val_loss did not improve from 22.71437

Epoch 24: val_loss did not improve from 0.00003

Epoch 25: val_loss did not improve from 0.00003

Epoch 24: val_loss improved from 0.00004 to 0.00004, saving model to /p/project1/cesmtst/patakchiyousefi1/HPT/mse_64_0.01_1e-17_0.5_4_4_16_0.5_128_0.0_unet-att-s_day04.h5

Epoch 25: val_loss did not improve from 0.00004

Epoch 25: val_loss did not improve from 0.00003

Epoch 26: val_loss did not improve from 0.00003

Epoch 14: val_loss did not improve from 0.00005

Epoch 26: val_loss did not improve from 0.00004

Epoch 14: val_loss did not improve from 0.03256

Epoch 14: val_loss did not improve from 0.00003

Epoch 14: val_loss did not improve from 22.71437

Epoch 26: val_loss did not improve from 0.00003

Epoch 27: val_loss did not improve from 0.00004

Epoch 27: val_loss did not improve from 0.00003

Epoch 28: val_loss did not improve from 0.00004

Epoch 27: val_loss did not improve from 0.00003

Epoch 15: val_loss did not improve from 0.00005

Epoch 29: val_loss improved from 0.00004 to 0.00004, saving model to /p/project1/cesmtst/patakchiyousefi1/HPT/mse_64_0.01_1e-17_0.5_4_4_16_0.5_128_0.0_unet-att-s_day04.h5

Epoch 28: val_loss did not improve from 0.00003

Epoch 15: val_loss did not improve from 0.00003

Epoch 15: val_loss improved from 0.03256 to 0.03227, saving model to /p/project1/cesmtst/patakchiyousefi1/HPT/mse_64_0.001_1e-17_0.5_4_1_16_0.5_128_0.0_unet-att-s_day04.h5

Epoch 15: val_loss did not improve from 22.71437

Epoch 30: val_loss improved from 0.00004 to 0.00004, saving model to /p/project1/cesmtst/patakchiyousefi1/HPT/mse_64_0.01_1e-17_0.5_4_4_16_0.5_128_0.0_unet-att-s_day04.h5

Epoch 28: val_loss did not improve from 0.00003

Epoch 29: val_loss did not improve from 0.00003

Epoch 31: val_loss improved from 0.00004 to 0.00004, saving model to /p/project1/cesmtst/patakchiyousefi1/HPT/mse_64_0.01_1e-17_0.5_4_4_16_0.5_128_0.0_unet-att-s_day04.h5

Epoch 29: val_loss did not improve from 0.00003

Epoch 32: val_loss did not improve from 0.00004

Epoch 16: val_loss did not improve from 0.00005

Epoch 30: val_loss did not improve from 0.00003

Epoch 16: val_loss did not improve from 0.00003

Epoch 16: val_loss improved from 0.03227 to 0.02219, saving model to /p/project1/cesmtst/patakchiyousefi1/HPT/mse_64_0.001_1e-17_0.5_4_1_16_0.5_128_0.0_unet-att-s_day04.h5

Epoch 33: val_loss did not improve from 0.00004

Epoch 16: val_loss did not improve from 22.71437

Epoch 30: val_loss did not improve from 0.00003

Epoch 34: val_loss did not improve from 0.00004

Epoch 31: val_loss did not improve from 0.00003
Saving and plotting the results...

Epoch 35: val_loss did not improve from 0.00004

Epoch 17: val_loss did not improve from 0.00005

Epoch 31: val_loss did not improve from 0.00003

Epoch 17: val_loss did not improve from 0.00003

Epoch 36: val_loss did not improve from 0.00004

Epoch 17: val_loss did not improve from 0.02219

Epoch 17: val_loss did not improve from 22.71437

Epoch 37: val_loss did not improve from 0.00004

Epoch 32: val_loss did not improve from 0.00003

Epoch 38: val_loss did not improve from 0.00004

Epoch 18: val_loss did not improve from 0.00005

Epoch 39: val_loss did not improve from 0.00004

Epoch 18: val_loss did not improve from 0.00003

Epoch 33: val_loss did not improve from 0.00003

Epoch 18: val_loss did not improve from 0.02219

Epoch 18: val_loss did not improve from 22.71437

Epoch 40: val_loss did not improve from 0.00004

Epoch 41: val_loss did not improve from 0.00004

Epoch 34: val_loss did not improve from 0.00003

Epoch 19: val_loss did not improve from 0.00005

Epoch 42: val_loss did not improve from 0.00004

Epoch 19: val_loss did not improve from 0.00003

Epoch 19: val_loss improved from 0.02219 to 0.00003, saving model to /p/project1/cesmtst/patakchiyousefi1/HPT/mse_64_0.001_1e-17_0.5_4_1_16_0.5_128_0.0_unet-att-s_day04.h5

Epoch 35: val_loss did not improve from 0.00003

Epoch 19: val_loss did not improve from 22.71437

Epoch 43: val_loss did not improve from 0.00004

Epoch 44: val_loss did not improve from 0.00004

Epoch 36: val_loss did not improve from 0.00003

Epoch 45: val_loss did not improve from 0.00004

Epoch 20: val_loss did not improve from 0.00005

Epoch 20: val_loss did not improve from 0.00003

Epoch 20: val_loss improved from 0.00003 to 0.00003, saving model to /p/project1/cesmtst/patakchiyousefi1/HPT/mse_64_0.001_1e-17_0.5_4_1_16_0.5_128_0.0_unet-att-s_day04.h5

Epoch 46: val_loss did not improve from 0.00004

Epoch 20: val_loss did not improve from 22.71437

Epoch 37: val_loss did not improve from 0.00003

Epoch 47: val_loss did not improve from 0.00004
Saving and plotting the results...

Epoch 38: val_loss did not improve from 0.00003
Saving and plotting the results...

Epoch 21: val_loss did not improve from 0.00005

Epoch 21: val_loss did not improve from 0.00003

Epoch 21: val_loss did not improve from 0.00003

Epoch 21: val_loss did not improve from 22.71437
Saving and plotting the results...

Epoch 22: val_loss did not improve from 0.00005

Epoch 22: val_loss did not improve from 0.00003

Epoch 22: val_loss did not improve from 0.00003

Epoch 23: val_loss did not improve from 0.00005

Epoch 23: val_loss did not improve from 0.00003

Epoch 23: val_loss did not improve from 0.00003

Epoch 24: val_loss did not improve from 0.00005

Epoch 24: val_loss did not improve from 0.00003

Epoch 24: val_loss did not improve from 0.00003

Epoch 25: val_loss did not improve from 0.00005

Epoch 25: val_loss did not improve from 0.00003

Epoch 25: val_loss did not improve from 0.00003

Epoch 26: val_loss did not improve from 0.00005

Epoch 26: val_loss did not improve from 0.00003

Epoch 26: val_loss did not improve from 0.00003

Epoch 27: val_loss did not improve from 0.00005

Epoch 27: val_loss did not improve from 0.00003

Epoch 27: val_loss did not improve from 0.00003

Epoch 28: val_loss did not improve from 0.00005
Saving and plotting the results...

Epoch 28: val_loss did not improve from 0.00003
Saving and plotting the results...

Epoch 28: val_loss did not improve from 0.00003

Epoch 29: val_loss did not improve from 0.00003

Epoch 30: val_loss did not improve from 0.00003

Epoch 31: val_loss did not improve from 0.00003

Epoch 32: val_loss did not improve from 0.00003

Epoch 33: val_loss did not improve from 0.00003

Epoch 34: val_loss did not improve from 0.00003

Epoch 35: val_loss did not improve from 0.00003

Epoch 36: val_loss did not improve from 0.00003
Saving and plotting the results...
Time limit for unet-att-s, leadtime 04: 11:37:30
Run time for unet-att-s with leadtime 04:  hours,  minutes,  seconds
