All necessary directories have been created or already exist.
No lead day provided. Using default hyperparameters - LR: 0.0001, BS: 32, DROPOUT: 0.0, UNET_TYPE: unet-l
Running DL_TRAIN.py for day09 with dropout=0, lr=0.00001, bs=1, unet_type=unet-trans-l ...
Running DL_TRAIN.py for day09 with dropout=0, lr=0.00001, bs=2, unet_type=unet-trans-l ...
Running DL_TRAIN.py for day09 with dropout=0, lr=0.00001, bs=4, unet_type=unet-trans-l ...
Running DL_TRAIN.py for day09 with dropout=0, lr=0.00001, bs=8, unet_type=unet-trans-l ...
Running DL_TRAIN.py for day09 with dropout=0, lr=0.0001, bs=1, unet_type=unet-trans-l ...
Running DL_TRAIN.py for day09 with dropout=0, lr=0.0001, bs=2, unet_type=unet-trans-l ...
Running DL_TRAIN.py for day09 with dropout=0, lr=0.0001, bs=4, unet_type=unet-trans-l ...
Running DL_TRAIN.py for day09 with dropout=0, lr=0.0001, bs=8, unet_type=unet-trans-l ...
Running DL_TRAIN.py for day09 with dropout=0, lr=0.001, bs=1, unet_type=unet-trans-l ...
Running DL_TRAIN.py for day09 with dropout=0, lr=0.001, bs=2, unet_type=unet-trans-l ...
Running DL_TRAIN.py for day09 with dropout=0, lr=0.001, bs=4, unet_type=unet-trans-l ...
Running DL_TRAIN.py for day09 with dropout=0, lr=0.001, bs=8, unet_type=unet-trans-l ...
Running DL_TRAIN.py for day09 with dropout=0, lr=0.01, bs=1, unet_type=unet-trans-l ...
Running DL_TRAIN.py for day09 with dropout=0, lr=0.01, bs=2, unet_type=unet-trans-l ...
Running DL_TRAIN.py for day09 with dropout=0, lr=0.01, bs=4, unet_type=unet-trans-l ...
Running DL_TRAIN.py for day09 with dropout=0, lr=0.01, bs=8, unet_type=unet-trans-l ...
train_data_hourly_pr_['ADAPTER_DE05.day09.merged.nc']_['ADAPTER_DE05.day01.merged.nc']_MM_1__model_only_128.256_2018-01-01T13_2022-12-31T23_no_na_land
Loading training data...
Data loaded!
mse_64_1e-05_1e-17_0.5_4_4_16_0.5_128_0.0_unet-trans-l_day09
Training the model...

Epoch 1: val_loss improved from inf to 0.00638, saving model to /p/project1/cesmtst/patakchiyousefi1/HPT/mse_64_1e-05_1e-17_0.5_4_4_16_0.5_128_0.0_unet-trans-l_day09.h5
train_data_hourly_pr_['ADAPTER_DE05.day09.merged.nc']_['ADAPTER_DE05.day01.merged.nc']_MM_1__model_only_128.256_2018-01-01T13_2022-12-31T23_no_na_land
Loading training data...
Data loaded!
mse_64_0.0001_1e-17_0.5_4_8_16_0.5_128_0.0_unet-trans-l_day09
Training the model...

Epoch 1: val_loss improved from inf to 0.00033, saving model to /p/project1/cesmtst/patakchiyousefi1/HPT/mse_64_0.0001_1e-17_0.5_4_8_16_0.5_128_0.0_unet-trans-l_day09.h5
train_data_hourly_pr_['ADAPTER_DE05.day09.merged.nc']_['ADAPTER_DE05.day01.merged.nc']_MM_1__model_only_128.256_2018-01-01T13_2022-12-31T23_no_na_land
Loading training data...
Data loaded!
mse_64_0.0001_1e-17_0.5_4_4_16_0.5_128_0.0_unet-trans-l_day09
Training the model...

Epoch 1: val_loss improved from inf to 0.00141, saving model to /p/project1/cesmtst/patakchiyousefi1/HPT/mse_64_0.0001_1e-17_0.5_4_4_16_0.5_128_0.0_unet-trans-l_day09.h5
train_data_hourly_pr_['ADAPTER_DE05.day09.merged.nc']_['ADAPTER_DE05.day01.merged.nc']_MM_1__model_only_128.256_2018-01-01T13_2022-12-31T23_no_na_land
Loading training data...
Data loaded!
mse_64_0.0001_1e-17_0.5_4_2_16_0.5_128_0.0_unet-trans-l_day09
Training the model...

Epoch 1: val_loss improved from inf to 0.00087, saving model to /p/project1/cesmtst/patakchiyousefi1/HPT/mse_64_0.0001_1e-17_0.5_4_2_16_0.5_128_0.0_unet-trans-l_day09.h5
train_data_hourly_pr_['ADAPTER_DE05.day09.merged.nc']_['ADAPTER_DE05.day01.merged.nc']_MM_1__model_only_128.256_2018-01-01T13_2022-12-31T23_no_na_land
Loading training data...
Data loaded!
mse_64_1e-05_1e-17_0.5_4_1_16_0.5_128_0.0_unet-trans-l_day09
Training the model...

Epoch 1: val_loss improved from inf to 0.00064, saving model to /p/project1/cesmtst/patakchiyousefi1/HPT/mse_64_1e-05_1e-17_0.5_4_1_16_0.5_128_0.0_unet-trans-l_day09.h5
train_data_hourly_pr_['ADAPTER_DE05.day09.merged.nc']_['ADAPTER_DE05.day01.merged.nc']_MM_1__model_only_128.256_2018-01-01T13_2022-12-31T23_no_na_land
Loading training data...
Data loaded!
mse_64_0.0001_1e-17_0.5_4_1_16_0.5_128_0.0_unet-trans-l_day09
Training the model...

Epoch 1: val_loss improved from inf to 0.00042, saving model to /p/project1/cesmtst/patakchiyousefi1/HPT/mse_64_0.0001_1e-17_0.5_4_1_16_0.5_128_0.0_unet-trans-l_day09.h5

Epoch 2: val_loss improved from 0.00638 to 0.00222, saving model to /p/project1/cesmtst/patakchiyousefi1/HPT/mse_64_1e-05_1e-17_0.5_4_4_16_0.5_128_0.0_unet-trans-l_day09.h5

Epoch 2: val_loss improved from 0.00033 to 0.00027, saving model to /p/project1/cesmtst/patakchiyousefi1/HPT/mse_64_0.0001_1e-17_0.5_4_8_16_0.5_128_0.0_unet-trans-l_day09.h5

Epoch 2: val_loss improved from 0.00141 to 0.00045, saving model to /p/project1/cesmtst/patakchiyousefi1/HPT/mse_64_0.0001_1e-17_0.5_4_4_16_0.5_128_0.0_unet-trans-l_day09.h5
train_data_hourly_pr_['ADAPTER_DE05.day09.merged.nc']_['ADAPTER_DE05.day01.merged.nc']_MM_1__model_only_128.256_2018-01-01T13_2022-12-31T23_no_na_land
Loading training data...
Data loaded!
mse_64_1e-05_1e-17_0.5_4_8_16_0.5_128_0.0_unet-trans-l_day09
Training the model...

Epoch 1: val_loss improved from inf to 0.00424, saving model to /p/project1/cesmtst/patakchiyousefi1/HPT/mse_64_1e-05_1e-17_0.5_4_8_16_0.5_128_0.0_unet-trans-l_day09.h5

Epoch 2: val_loss improved from 0.00087 to 0.00011, saving model to /p/project1/cesmtst/patakchiyousefi1/HPT/mse_64_0.0001_1e-17_0.5_4_2_16_0.5_128_0.0_unet-trans-l_day09.h5
train_data_hourly_pr_['ADAPTER_DE05.day09.merged.nc']_['ADAPTER_DE05.day01.merged.nc']_MM_1__model_only_128.256_2018-01-01T13_2022-12-31T23_no_na_land
Loading training data...
Data loaded!
mse_64_1e-05_1e-17_0.5_4_2_16_0.5_128_0.0_unet-trans-l_day09
Training the model...

Epoch 1: val_loss improved from inf to 0.00269, saving model to /p/project1/cesmtst/patakchiyousefi1/HPT/mse_64_1e-05_1e-17_0.5_4_2_16_0.5_128_0.0_unet-trans-l_day09.h5

Epoch 3: val_loss improved from 0.00027 to 0.00015, saving model to /p/project1/cesmtst/patakchiyousefi1/HPT/mse_64_0.0001_1e-17_0.5_4_8_16_0.5_128_0.0_unet-trans-l_day09.h5

Epoch 2: val_loss improved from 0.00424 to 0.00309, saving model to /p/project1/cesmtst/patakchiyousefi1/HPT/mse_64_1e-05_1e-17_0.5_4_8_16_0.5_128_0.0_unet-trans-l_day09.h5

Epoch 2: val_loss improved from 0.00064 to 0.00014, saving model to /p/project1/cesmtst/patakchiyousefi1/HPT/mse_64_1e-05_1e-17_0.5_4_1_16_0.5_128_0.0_unet-trans-l_day09.h5

Epoch 3: val_loss improved from 0.00222 to 0.00108, saving model to /p/project1/cesmtst/patakchiyousefi1/HPT/mse_64_1e-05_1e-17_0.5_4_4_16_0.5_128_0.0_unet-trans-l_day09.h5

Epoch 2: val_loss improved from 0.00042 to 0.00015, saving model to /p/project1/cesmtst/patakchiyousefi1/HPT/mse_64_0.0001_1e-17_0.5_4_1_16_0.5_128_0.0_unet-trans-l_day09.h5

Epoch 3: val_loss improved from 0.00045 to 0.00019, saving model to /p/project1/cesmtst/patakchiyousefi1/HPT/mse_64_0.0001_1e-17_0.5_4_4_16_0.5_128_0.0_unet-trans-l_day09.h5

Epoch 3: val_loss did not improve from 0.00011

Epoch 4: val_loss improved from 0.00015 to 0.00013, saving model to /p/project1/cesmtst/patakchiyousefi1/HPT/mse_64_0.0001_1e-17_0.5_4_8_16_0.5_128_0.0_unet-trans-l_day09.h5

Epoch 2: val_loss improved from 0.00269 to 0.00063, saving model to /p/project1/cesmtst/patakchiyousefi1/HPT/mse_64_1e-05_1e-17_0.5_4_2_16_0.5_128_0.0_unet-trans-l_day09.h5

Epoch 3: val_loss improved from 0.00309 to 0.00168, saving model to /p/project1/cesmtst/patakchiyousefi1/HPT/mse_64_1e-05_1e-17_0.5_4_8_16_0.5_128_0.0_unet-trans-l_day09.h5

Epoch 4: val_loss improved from 0.00108 to 0.00064, saving model to /p/project1/cesmtst/patakchiyousefi1/HPT/mse_64_1e-05_1e-17_0.5_4_4_16_0.5_128_0.0_unet-trans-l_day09.h5

Epoch 4: val_loss did not improve from 0.00019

Epoch 5: val_loss improved from 0.00013 to 0.00011, saving model to /p/project1/cesmtst/patakchiyousefi1/HPT/mse_64_0.0001_1e-17_0.5_4_8_16_0.5_128_0.0_unet-trans-l_day09.h5

Epoch 4: val_loss improved from 0.00011 to 0.00008, saving model to /p/project1/cesmtst/patakchiyousefi1/HPT/mse_64_0.0001_1e-17_0.5_4_2_16_0.5_128_0.0_unet-trans-l_day09.h5

Epoch 3: val_loss improved from 0.00014 to 0.00008, saving model to /p/project1/cesmtst/patakchiyousefi1/HPT/mse_64_1e-05_1e-17_0.5_4_1_16_0.5_128_0.0_unet-trans-l_day09.h5

Epoch 3: val_loss did not improve from 0.00015

Epoch 3: val_loss improved from 0.00063 to 0.00026, saving model to /p/project1/cesmtst/patakchiyousefi1/HPT/mse_64_1e-05_1e-17_0.5_4_2_16_0.5_128_0.0_unet-trans-l_day09.h5

Epoch 5: val_loss improved from 0.00064 to 0.00042, saving model to /p/project1/cesmtst/patakchiyousefi1/HPT/mse_64_1e-05_1e-17_0.5_4_4_16_0.5_128_0.0_unet-trans-l_day09.h5

Epoch 5: val_loss did not improve from 0.00019

Epoch 4: val_loss improved from 0.00168 to 0.00102, saving model to /p/project1/cesmtst/patakchiyousefi1/HPT/mse_64_1e-05_1e-17_0.5_4_8_16_0.5_128_0.0_unet-trans-l_day09.h5

Epoch 6: val_loss improved from 0.00011 to 0.00010, saving model to /p/project1/cesmtst/patakchiyousefi1/HPT/mse_64_0.0001_1e-17_0.5_4_8_16_0.5_128_0.0_unet-trans-l_day09.h5

Epoch 5: val_loss did not improve from 0.00008

Epoch 4: val_loss improved from 0.00026 to 0.00015, saving model to /p/project1/cesmtst/patakchiyousefi1/HPT/mse_64_1e-05_1e-17_0.5_4_2_16_0.5_128_0.0_unet-trans-l_day09.h5

Epoch 5: val_loss improved from 0.00102 to 0.00069, saving model to /p/project1/cesmtst/patakchiyousefi1/HPT/mse_64_1e-05_1e-17_0.5_4_8_16_0.5_128_0.0_unet-trans-l_day09.h5

Epoch 6: val_loss improved from 0.00019 to 0.00011, saving model to /p/project1/cesmtst/patakchiyousefi1/HPT/mse_64_0.0001_1e-17_0.5_4_4_16_0.5_128_0.0_unet-trans-l_day09.h5

Epoch 6: val_loss improved from 0.00042 to 0.00030, saving model to /p/project1/cesmtst/patakchiyousefi1/HPT/mse_64_1e-05_1e-17_0.5_4_4_16_0.5_128_0.0_unet-trans-l_day09.h5

Epoch 4: val_loss improved from 0.00015 to 0.00013, saving model to /p/project1/cesmtst/patakchiyousefi1/HPT/mse_64_0.0001_1e-17_0.5_4_1_16_0.5_128_0.0_unet-trans-l_day09.h5

Epoch 7: val_loss improved from 0.00010 to 0.00009, saving model to /p/project1/cesmtst/patakchiyousefi1/HPT/mse_64_0.0001_1e-17_0.5_4_8_16_0.5_128_0.0_unet-trans-l_day09.h5

Epoch 4: val_loss improved from 0.00008 to 0.00008, saving model to /p/project1/cesmtst/patakchiyousefi1/HPT/mse_64_1e-05_1e-17_0.5_4_1_16_0.5_128_0.0_unet-trans-l_day09.h5

Epoch 6: val_loss improved from 0.00069 to 0.00048, saving model to /p/project1/cesmtst/patakchiyousefi1/HPT/mse_64_1e-05_1e-17_0.5_4_8_16_0.5_128_0.0_unet-trans-l_day09.h5

Epoch 7: val_loss improved from 0.00030 to 0.00023, saving model to /p/project1/cesmtst/patakchiyousefi1/HPT/mse_64_1e-05_1e-17_0.5_4_4_16_0.5_128_0.0_unet-trans-l_day09.h5

Epoch 6: val_loss improved from 0.00008 to 0.00007, saving model to /p/project1/cesmtst/patakchiyousefi1/HPT/mse_64_0.0001_1e-17_0.5_4_2_16_0.5_128_0.0_unet-trans-l_day09.h5

Epoch 7: val_loss did not improve from 0.00011

Epoch 5: val_loss did not improve from 0.00015

Epoch 8: val_loss improved from 0.00009 to 0.00008, saving model to /p/project1/cesmtst/patakchiyousefi1/HPT/mse_64_0.0001_1e-17_0.5_4_8_16_0.5_128_0.0_unet-trans-l_day09.h5

Epoch 7: val_loss improved from 0.00048 to 0.00036, saving model to /p/project1/cesmtst/patakchiyousefi1/HPT/mse_64_1e-05_1e-17_0.5_4_8_16_0.5_128_0.0_unet-trans-l_day09.h5

Epoch 5: val_loss did not improve from 0.00013

Epoch 8: val_loss improved from 0.00023 to 0.00019, saving model to /p/project1/cesmtst/patakchiyousefi1/HPT/mse_64_1e-05_1e-17_0.5_4_4_16_0.5_128_0.0_unet-trans-l_day09.h5

Epoch 5: val_loss did not improve from 0.00008

Epoch 7: val_loss improved from 0.00007 to 0.00007, saving model to /p/project1/cesmtst/patakchiyousefi1/HPT/mse_64_0.0001_1e-17_0.5_4_2_16_0.5_128_0.0_unet-trans-l_day09.h5

Epoch 9: val_loss improved from 0.00008 to 0.00008, saving model to /p/project1/cesmtst/patakchiyousefi1/HPT/mse_64_0.0001_1e-17_0.5_4_8_16_0.5_128_0.0_unet-trans-l_day09.h5

Epoch 8: val_loss improved from 0.00011 to 0.00010, saving model to /p/project1/cesmtst/patakchiyousefi1/HPT/mse_64_0.0001_1e-17_0.5_4_4_16_0.5_128_0.0_unet-trans-l_day09.h5

Epoch 6: val_loss did not improve from 0.00015

Epoch 8: val_loss improved from 0.00036 to 0.00027, saving model to /p/project1/cesmtst/patakchiyousefi1/HPT/mse_64_1e-05_1e-17_0.5_4_8_16_0.5_128_0.0_unet-trans-l_day09.h5

Epoch 9: val_loss did not improve from 0.00019

Epoch 10: val_loss did not improve from 0.00008

Epoch 8: val_loss did not improve from 0.00007

Epoch 6: val_loss improved from 0.00013 to 0.00007, saving model to /p/project1/cesmtst/patakchiyousefi1/HPT/mse_64_0.0001_1e-17_0.5_4_1_16_0.5_128_0.0_unet-trans-l_day09.h5

Epoch 9: val_loss improved from 0.00010 to 0.00008, saving model to /p/project1/cesmtst/patakchiyousefi1/HPT/mse_64_0.0001_1e-17_0.5_4_4_16_0.5_128_0.0_unet-trans-l_day09.h5

Epoch 7: val_loss did not improve from 0.00015

Epoch 6: val_loss did not improve from 0.00008

Epoch 10: val_loss did not improve from 0.00019

Epoch 11: val_loss improved from 0.00008 to 0.00008, saving model to /p/project1/cesmtst/patakchiyousefi1/HPT/mse_64_0.0001_1e-17_0.5_4_8_16_0.5_128_0.0_unet-trans-l_day09.h5

Epoch 9: val_loss improved from 0.00027 to 0.00022, saving model to /p/project1/cesmtst/patakchiyousefi1/HPT/mse_64_1e-05_1e-17_0.5_4_8_16_0.5_128_0.0_unet-trans-l_day09.h5

Epoch 9: val_loss did not improve from 0.00007

Epoch 10: val_loss improved from 0.00008 to 0.00007, saving model to /p/project1/cesmtst/patakchiyousefi1/HPT/mse_64_0.0001_1e-17_0.5_4_4_16_0.5_128_0.0_unet-trans-l_day09.h5

Epoch 8: val_loss did not improve from 0.00015

Epoch 10: val_loss improved from 0.00022 to 0.00018, saving model to /p/project1/cesmtst/patakchiyousefi1/HPT/mse_64_1e-05_1e-17_0.5_4_8_16_0.5_128_0.0_unet-trans-l_day09.h5

Epoch 12: val_loss did not improve from 0.00008

Epoch 11: val_loss did not improve from 0.00019

Epoch 7: val_loss did not improve from 0.00007

Epoch 7: val_loss did not improve from 0.00008

Epoch 11: val_loss improved from 0.00007 to 0.00007, saving model to /p/project1/cesmtst/patakchiyousefi1/HPT/mse_64_0.0001_1e-17_0.5_4_4_16_0.5_128_0.0_unet-trans-l_day09.h5

Epoch 10: val_loss did not improve from 0.00007

Epoch 13: val_loss did not improve from 0.00008

Epoch 12: val_loss did not improve from 0.00019

Epoch 9: val_loss improved from 0.00015 to 0.00014, saving model to /p/project1/cesmtst/patakchiyousefi1/HPT/mse_64_1e-05_1e-17_0.5_4_2_16_0.5_128_0.0_unet-trans-l_day09.h5

Epoch 11: val_loss improved from 0.00018 to 0.00015, saving model to /p/project1/cesmtst/patakchiyousefi1/HPT/mse_64_1e-05_1e-17_0.5_4_8_16_0.5_128_0.0_unet-trans-l_day09.h5

Epoch 12: val_loss improved from 0.00007 to 0.00007, saving model to /p/project1/cesmtst/patakchiyousefi1/HPT/mse_64_0.0001_1e-17_0.5_4_4_16_0.5_128_0.0_unet-trans-l_day09.h5

Epoch 14: val_loss improved from 0.00008 to 0.00007, saving model to /p/project1/cesmtst/patakchiyousefi1/HPT/mse_64_0.0001_1e-17_0.5_4_8_16_0.5_128_0.0_unet-trans-l_day09.h5

Epoch 8: val_loss did not improve from 0.00007

Epoch 11: val_loss did not improve from 0.00007

Epoch 13: val_loss improved from 0.00019 to 0.00017, saving model to /p/project1/cesmtst/patakchiyousefi1/HPT/mse_64_1e-05_1e-17_0.5_4_4_16_0.5_128_0.0_unet-trans-l_day09.h5

Epoch 8: val_loss did not improve from 0.00008

Epoch 10: val_loss improved from 0.00014 to 0.00008, saving model to /p/project1/cesmtst/patakchiyousefi1/HPT/mse_64_1e-05_1e-17_0.5_4_2_16_0.5_128_0.0_unet-trans-l_day09.h5

Epoch 12: val_loss improved from 0.00015 to 0.00014, saving model to /p/project1/cesmtst/patakchiyousefi1/HPT/mse_64_1e-05_1e-17_0.5_4_8_16_0.5_128_0.0_unet-trans-l_day09.h5

Epoch 13: val_loss did not improve from 0.00007

Epoch 15: val_loss did not improve from 0.00007

Epoch 14: val_loss did not improve from 0.00017

Epoch 12: val_loss improved from 0.00007 to 0.00007, saving model to /p/project1/cesmtst/patakchiyousefi1/HPT/mse_64_0.0001_1e-17_0.5_4_2_16_0.5_128_0.0_unet-trans-l_day09.h5

Epoch 13: val_loss improved from 0.00014 to 0.00012, saving model to /p/project1/cesmtst/patakchiyousefi1/HPT/mse_64_1e-05_1e-17_0.5_4_8_16_0.5_128_0.0_unet-trans-l_day09.h5

Epoch 9: val_loss did not improve from 0.00007

Epoch 16: val_loss did not improve from 0.00007

Epoch 11: val_loss improved from 0.00008 to 0.00007, saving model to /p/project1/cesmtst/patakchiyousefi1/HPT/mse_64_1e-05_1e-17_0.5_4_2_16_0.5_128_0.0_unet-trans-l_day09.h5

Epoch 14: val_loss did not improve from 0.00007

Epoch 9: val_loss improved from 0.00008 to 0.00008, saving model to /p/project1/cesmtst/patakchiyousefi1/HPT/mse_64_1e-05_1e-17_0.5_4_1_16_0.5_128_0.0_unet-trans-l_day09.h5

Epoch 15: val_loss did not improve from 0.00017

Epoch 17: val_loss did not improve from 0.00007

Epoch 13: val_loss did not improve from 0.00007

Epoch 15: val_loss did not improve from 0.00007

Epoch 14: val_loss improved from 0.00012 to 0.00011, saving model to /p/project1/cesmtst/patakchiyousefi1/HPT/mse_64_1e-05_1e-17_0.5_4_8_16_0.5_128_0.0_unet-trans-l_day09.h5

Epoch 12: val_loss improved from 0.00007 to 0.00007, saving model to /p/project1/cesmtst/patakchiyousefi1/HPT/mse_64_1e-05_1e-17_0.5_4_2_16_0.5_128_0.0_unet-trans-l_day09.h5

Epoch 16: val_loss did not improve from 0.00017

Epoch 10: val_loss improved from 0.00007 to 0.00007, saving model to /p/project1/cesmtst/patakchiyousefi1/HPT/mse_64_0.0001_1e-17_0.5_4_1_16_0.5_128_0.0_unet-trans-l_day09.h5

Epoch 18: val_loss did not improve from 0.00007

Epoch 10: val_loss improved from 0.00008 to 0.00007, saving model to /p/project1/cesmtst/patakchiyousefi1/HPT/mse_64_1e-05_1e-17_0.5_4_1_16_0.5_128_0.0_unet-trans-l_day09.h5

Epoch 15: val_loss improved from 0.00011 to 0.00010, saving model to /p/project1/cesmtst/patakchiyousefi1/HPT/mse_64_1e-05_1e-17_0.5_4_8_16_0.5_128_0.0_unet-trans-l_day09.h5

Epoch 16: val_loss did not improve from 0.00007

Epoch 14: val_loss improved from 0.00007 to 0.00007, saving model to /p/project1/cesmtst/patakchiyousefi1/HPT/mse_64_0.0001_1e-17_0.5_4_2_16_0.5_128_0.0_unet-trans-l_day09.h5

Epoch 17: val_loss did not improve from 0.00017

Epoch 13: val_loss did not improve from 0.00007

Epoch 19: val_loss improved from 0.00007 to 0.00007, saving model to /p/project1/cesmtst/patakchiyousefi1/HPT/mse_64_0.0001_1e-17_0.5_4_8_16_0.5_128_0.0_unet-trans-l_day09.h5

Epoch 16: val_loss did not improve from 0.00010

Epoch 17: val_loss did not improve from 0.00007

Epoch 11: val_loss improved from 0.00007 to 0.00007, saving model to /p/project1/cesmtst/patakchiyousefi1/HPT/mse_64_0.0001_1e-17_0.5_4_1_16_0.5_128_0.0_unet-trans-l_day09.h5

Epoch 15: val_loss improved from 0.00007 to 0.00007, saving model to /p/project1/cesmtst/patakchiyousefi1/HPT/mse_64_0.0001_1e-17_0.5_4_2_16_0.5_128_0.0_unet-trans-l_day09.h5

Epoch 18: val_loss improved from 0.00017 to 0.00010, saving model to /p/project1/cesmtst/patakchiyousefi1/HPT/mse_64_1e-05_1e-17_0.5_4_4_16_0.5_128_0.0_unet-trans-l_day09.h5

Epoch 11: val_loss improved from 0.00007 to 0.00007, saving model to /p/project1/cesmtst/patakchiyousefi1/HPT/mse_64_1e-05_1e-17_0.5_4_1_16_0.5_128_0.0_unet-trans-l_day09.h5

Epoch 20: val_loss did not improve from 0.00007

Epoch 17: val_loss did not improve from 0.00010

Epoch 14: val_loss improved from 0.00007 to 0.00007, saving model to /p/project1/cesmtst/patakchiyousefi1/HPT/mse_64_1e-05_1e-17_0.5_4_2_16_0.5_128_0.0_unet-trans-l_day09.h5

Epoch 18: val_loss improved from 0.00007 to 0.00007, saving model to /p/project1/cesmtst/patakchiyousefi1/HPT/mse_64_0.0001_1e-17_0.5_4_4_16_0.5_128_0.0_unet-trans-l_day09.h5

Epoch 19: val_loss did not improve from 0.00010

Epoch 21: val_loss improved from 0.00007 to 0.00007, saving model to /p/project1/cesmtst/patakchiyousefi1/HPT/mse_64_0.0001_1e-17_0.5_4_8_16_0.5_128_0.0_unet-trans-l_day09.h5

Epoch 18: val_loss improved from 0.00010 to 0.00009, saving model to /p/project1/cesmtst/patakchiyousefi1/HPT/mse_64_1e-05_1e-17_0.5_4_8_16_0.5_128_0.0_unet-trans-l_day09.h5

Epoch 16: val_loss did not improve from 0.00007

Epoch 12: val_loss did not improve from 0.00007

Epoch 19: val_loss improved from 0.00007 to 0.00007, saving model to /p/project1/cesmtst/patakchiyousefi1/HPT/mse_64_0.0001_1e-17_0.5_4_4_16_0.5_128_0.0_unet-trans-l_day09.h5

Epoch 12: val_loss improved from 0.00007 to 0.00007, saving model to /p/project1/cesmtst/patakchiyousefi1/HPT/mse_64_1e-05_1e-17_0.5_4_1_16_0.5_128_0.0_unet-trans-l_day09.h5

Epoch 15: val_loss did not improve from 0.00007

Epoch 20: val_loss did not improve from 0.00010

Epoch 19: val_loss improved from 0.00009 to 0.00009, saving model to /p/project1/cesmtst/patakchiyousefi1/HPT/mse_64_1e-05_1e-17_0.5_4_8_16_0.5_128_0.0_unet-trans-l_day09.h5

Epoch 22: val_loss did not improve from 0.00007

Epoch 17: val_loss did not improve from 0.00007

Epoch 20: val_loss improved from 0.00007 to 0.00007, saving model to /p/project1/cesmtst/patakchiyousefi1/HPT/mse_64_0.0001_1e-17_0.5_4_4_16_0.5_128_0.0_unet-trans-l_day09.h5

Epoch 16: val_loss improved from 0.00007 to 0.00007, saving model to /p/project1/cesmtst/patakchiyousefi1/HPT/mse_64_1e-05_1e-17_0.5_4_2_16_0.5_128_0.0_unet-trans-l_day09.h5

Epoch 21: val_loss improved from 0.00010 to 0.00008, saving model to /p/project1/cesmtst/patakchiyousefi1/HPT/mse_64_1e-05_1e-17_0.5_4_4_16_0.5_128_0.0_unet-trans-l_day09.h5

Epoch 20: val_loss improved from 0.00009 to 0.00008, saving model to /p/project1/cesmtst/patakchiyousefi1/HPT/mse_64_1e-05_1e-17_0.5_4_8_16_0.5_128_0.0_unet-trans-l_day09.h5

Epoch 13: val_loss did not improve from 0.00007

Epoch 23: val_loss did not improve from 0.00007

Epoch 13: val_loss did not improve from 0.00007

Epoch 18: val_loss did not improve from 0.00007

Epoch 21: val_loss improved from 0.00007 to 0.00007, saving model to /p/project1/cesmtst/patakchiyousefi1/HPT/mse_64_0.0001_1e-17_0.5_4_4_16_0.5_128_0.0_unet-trans-l_day09.h5

Epoch 22: val_loss did not improve from 0.00008

Epoch 17: val_loss did not improve from 0.00007

Epoch 24: val_loss did not improve from 0.00007

Epoch 21: val_loss improved from 0.00008 to 0.00008, saving model to /p/project1/cesmtst/patakchiyousefi1/HPT/mse_64_1e-05_1e-17_0.5_4_8_16_0.5_128_0.0_unet-trans-l_day09.h5

Epoch 14: val_loss did not improve from 0.00007

Epoch 22: val_loss did not improve from 0.00007

Epoch 19: val_loss did not improve from 0.00007

Epoch 14: val_loss improved from 0.00007 to 0.00007, saving model to /p/project1/cesmtst/patakchiyousefi1/HPT/mse_64_1e-05_1e-17_0.5_4_1_16_0.5_128_0.0_unet-trans-l_day09.h5

Epoch 25: val_loss did not improve from 0.00007

Epoch 23: val_loss did not improve from 0.00008

Epoch 22: val_loss improved from 0.00008 to 0.00008, saving model to /p/project1/cesmtst/patakchiyousefi1/HPT/mse_64_1e-05_1e-17_0.5_4_8_16_0.5_128_0.0_unet-trans-l_day09.h5

Epoch 18: val_loss improved from 0.00007 to 0.00007, saving model to /p/project1/cesmtst/patakchiyousefi1/HPT/mse_64_1e-05_1e-17_0.5_4_2_16_0.5_128_0.0_unet-trans-l_day09.h5

Epoch 23: val_loss improved from 0.00007 to 0.00007, saving model to /p/project1/cesmtst/patakchiyousefi1/HPT/mse_64_0.0001_1e-17_0.5_4_4_16_0.5_128_0.0_unet-trans-l_day09.h5

Epoch 26: val_loss improved from 0.00007 to 0.00007, saving model to /p/project1/cesmtst/patakchiyousefi1/HPT/mse_64_0.0001_1e-17_0.5_4_8_16_0.5_128_0.0_unet-trans-l_day09.h5

Epoch 20: val_loss did not improve from 0.00007

Epoch 24: val_loss did not improve from 0.00008

Epoch 23: val_loss improved from 0.00008 to 0.00008, saving model to /p/project1/cesmtst/patakchiyousefi1/HPT/mse_64_1e-05_1e-17_0.5_4_8_16_0.5_128_0.0_unet-trans-l_day09.h5

Epoch 19: val_loss did not improve from 0.00007

Epoch 15: val_loss did not improve from 0.00007

Epoch 15: val_loss did not improve from 0.00007

Epoch 27: val_loss did not improve from 0.00007

Epoch 24: val_loss did not improve from 0.00007

Epoch 25: val_loss did not improve from 0.00008

Epoch 24: val_loss improved from 0.00008 to 0.00007, saving model to /p/project1/cesmtst/patakchiyousefi1/HPT/mse_64_1e-05_1e-17_0.5_4_8_16_0.5_128_0.0_unet-trans-l_day09.h5

Epoch 21: val_loss did not improve from 0.00007

Epoch 28: val_loss did not improve from 0.00007

Epoch 20: val_loss did not improve from 0.00007

Epoch 25: val_loss improved from 0.00007 to 0.00007, saving model to /p/project1/cesmtst/patakchiyousefi1/HPT/mse_64_0.0001_1e-17_0.5_4_4_16_0.5_128_0.0_unet-trans-l_day09.h5

Epoch 25: val_loss improved from 0.00007 to 0.00007, saving model to /p/project1/cesmtst/patakchiyousefi1/HPT/mse_64_1e-05_1e-17_0.5_4_8_16_0.5_128_0.0_unet-trans-l_day09.h5

Epoch 26: val_loss did not improve from 0.00008

Epoch 22: val_loss improved from 0.00007 to 0.00007, saving model to /p/project1/cesmtst/patakchiyousefi1/HPT/mse_64_0.0001_1e-17_0.5_4_2_16_0.5_128_0.0_unet-trans-l_day09.h5

Epoch 29: val_loss did not improve from 0.00007

Epoch 16: val_loss did not improve from 0.00007

Epoch 16: val_loss did not improve from 0.00007

Epoch 26: val_loss did not improve from 0.00007

Epoch 26: val_loss improved from 0.00007 to 0.00007, saving model to /p/project1/cesmtst/patakchiyousefi1/HPT/mse_64_1e-05_1e-17_0.5_4_8_16_0.5_128_0.0_unet-trans-l_day09.h5

Epoch 27: val_loss did not improve from 0.00008

Epoch 21: val_loss did not improve from 0.00007

Epoch 30: val_loss did not improve from 0.00007

Epoch 23: val_loss did not improve from 0.00007

Epoch 27: val_loss improved from 0.00007 to 0.00007, saving model to /p/project1/cesmtst/patakchiyousefi1/HPT/mse_64_0.0001_1e-17_0.5_4_4_16_0.5_128_0.0_unet-trans-l_day09.h5

Epoch 27: val_loss improved from 0.00007 to 0.00007, saving model to /p/project1/cesmtst/patakchiyousefi1/HPT/mse_64_1e-05_1e-17_0.5_4_8_16_0.5_128_0.0_unet-trans-l_day09.h5

Epoch 28: val_loss did not improve from 0.00008

Epoch 22: val_loss did not improve from 0.00007

Epoch 31: val_loss improved from 0.00007 to 0.00007, saving model to /p/project1/cesmtst/patakchiyousefi1/HPT/mse_64_0.0001_1e-17_0.5_4_8_16_0.5_128_0.0_unet-trans-l_day09.h5

Epoch 17: val_loss improved from 0.00007 to 0.00007, saving model to /p/project1/cesmtst/patakchiyousefi1/HPT/mse_64_1e-05_1e-17_0.5_4_1_16_0.5_128_0.0_unet-trans-l_day09.h5

Epoch 17: val_loss did not improve from 0.00007

Epoch 28: val_loss improved from 0.00007 to 0.00007, saving model to /p/project1/cesmtst/patakchiyousefi1/HPT/mse_64_1e-05_1e-17_0.5_4_8_16_0.5_128_0.0_unet-trans-l_day09.h5

Epoch 28: val_loss improved from 0.00007 to 0.00007, saving model to /p/project1/cesmtst/patakchiyousefi1/HPT/mse_64_0.0001_1e-17_0.5_4_4_16_0.5_128_0.0_unet-trans-l_day09.h5

Epoch 24: val_loss did not improve from 0.00007

Epoch 29: val_loss did not improve from 0.00008

Epoch 23: val_loss did not improve from 0.00007

Epoch 29: val_loss improved from 0.00007 to 0.00007, saving model to /p/project1/cesmtst/patakchiyousefi1/HPT/mse_64_1e-05_1e-17_0.5_4_8_16_0.5_128_0.0_unet-trans-l_day09.h5

Epoch 32: val_loss improved from 0.00007 to 0.00007, saving model to /p/project1/cesmtst/patakchiyousefi1/HPT/mse_64_0.0001_1e-17_0.5_4_8_16_0.5_128_0.0_unet-trans-l_day09.h5

Epoch 29: val_loss did not improve from 0.00007

Epoch 30: val_loss did not improve from 0.00008

Epoch 18: val_loss did not improve from 0.00007

Epoch 18: val_loss did not improve from 0.00007

Epoch 25: val_loss did not improve from 0.00007

Epoch 33: val_loss improved from 0.00007 to 0.00007, saving model to /p/project1/cesmtst/patakchiyousefi1/HPT/mse_64_0.0001_1e-17_0.5_4_8_16_0.5_128_0.0_unet-trans-l_day09.h5

Epoch 24: val_loss did not improve from 0.00007

Epoch 30: val_loss did not improve from 0.00007

Epoch 30: val_loss improved from 0.00007 to 0.00007, saving model to /p/project1/cesmtst/patakchiyousefi1/HPT/mse_64_1e-05_1e-17_0.5_4_8_16_0.5_128_0.0_unet-trans-l_day09.h5

Epoch 31: val_loss did not improve from 0.00008

Epoch 26: val_loss did not improve from 0.00007

Epoch 34: val_loss improved from 0.00007 to 0.00007, saving model to /p/project1/cesmtst/patakchiyousefi1/HPT/mse_64_0.0001_1e-17_0.5_4_8_16_0.5_128_0.0_unet-trans-l_day09.h5

Epoch 19: val_loss did not improve from 0.00007

Epoch 25: val_loss did not improve from 0.00007

Epoch 19: val_loss did not improve from 0.00007

Epoch 31: val_loss did not improve from 0.00007

Epoch 31: val_loss improved from 0.00007 to 0.00007, saving model to /p/project1/cesmtst/patakchiyousefi1/HPT/mse_64_1e-05_1e-17_0.5_4_8_16_0.5_128_0.0_unet-trans-l_day09.h5

Epoch 32: val_loss did not improve from 0.00008

Epoch 35: val_loss improved from 0.00007 to 0.00007, saving model to /p/project1/cesmtst/patakchiyousefi1/HPT/mse_64_0.0001_1e-17_0.5_4_8_16_0.5_128_0.0_unet-trans-l_day09.h5

Epoch 27: val_loss did not improve from 0.00007

Epoch 32: val_loss did not improve from 0.00007

Epoch 32: val_loss improved from 0.00007 to 0.00007, saving model to /p/project1/cesmtst/patakchiyousefi1/HPT/mse_64_1e-05_1e-17_0.5_4_8_16_0.5_128_0.0_unet-trans-l_day09.h5

Epoch 26: val_loss improved from 0.00007 to 0.00007, saving model to /p/project1/cesmtst/patakchiyousefi1/HPT/mse_64_1e-05_1e-17_0.5_4_2_16_0.5_128_0.0_unet-trans-l_day09.h5

Epoch 33: val_loss did not improve from 0.00008

Epoch 36: val_loss improved from 0.00007 to 0.00007, saving model to /p/project1/cesmtst/patakchiyousefi1/HPT/mse_64_0.0001_1e-17_0.5_4_8_16_0.5_128_0.0_unet-trans-l_day09.h5

Epoch 20: val_loss did not improve from 0.00007

Epoch 20: val_loss did not improve from 0.00007

Epoch 28: val_loss did not improve from 0.00007

Epoch 33: val_loss did not improve from 0.00007

Epoch 37: val_loss improved from 0.00007 to 0.00007, saving model to /p/project1/cesmtst/patakchiyousefi1/HPT/mse_64_0.0001_1e-17_0.5_4_8_16_0.5_128_0.0_unet-trans-l_day09.h5

Epoch 33: val_loss did not improve from 0.00007

Epoch 34: val_loss did not improve from 0.00008

Epoch 27: val_loss improved from 0.00007 to 0.00007, saving model to /p/project1/cesmtst/patakchiyousefi1/HPT/mse_64_1e-05_1e-17_0.5_4_2_16_0.5_128_0.0_unet-trans-l_day09.h5

Epoch 34: val_loss did not improve from 0.00007

Epoch 38: val_loss did not improve from 0.00007

Epoch 21: val_loss did not improve from 0.00007

Epoch 21: val_loss did not improve from 0.00007

Epoch 29: val_loss did not improve from 0.00007

Epoch 35: val_loss did not improve from 0.00008

Epoch 34: val_loss improved from 0.00007 to 0.00007, saving model to /p/project1/cesmtst/patakchiyousefi1/HPT/mse_64_1e-05_1e-17_0.5_4_8_16_0.5_128_0.0_unet-trans-l_day09.h5

Epoch 28: val_loss improved from 0.00007 to 0.00007, saving model to /p/project1/cesmtst/patakchiyousefi1/HPT/mse_64_1e-05_1e-17_0.5_4_2_16_0.5_128_0.0_unet-trans-l_day09.h5

Epoch 35: val_loss did not improve from 0.00007

Epoch 39: val_loss improved from 0.00007 to 0.00007, saving model to /p/project1/cesmtst/patakchiyousefi1/HPT/mse_64_0.0001_1e-17_0.5_4_8_16_0.5_128_0.0_unet-trans-l_day09.h5

Epoch 35: val_loss improved from 0.00007 to 0.00007, saving model to /p/project1/cesmtst/patakchiyousefi1/HPT/mse_64_1e-05_1e-17_0.5_4_8_16_0.5_128_0.0_unet-trans-l_day09.h5

Epoch 36: val_loss did not improve from 0.00008

Epoch 30: val_loss did not improve from 0.00007

Epoch 22: val_loss did not improve from 0.00007

Epoch 22: val_loss did not improve from 0.00007

Epoch 36: val_loss did not improve from 0.00007

Epoch 36: val_loss improved from 0.00007 to 0.00007, saving model to /p/project1/cesmtst/patakchiyousefi1/HPT/mse_64_1e-05_1e-17_0.5_4_8_16_0.5_128_0.0_unet-trans-l_day09.h5

Epoch 37: val_loss did not improve from 0.00008
Saving and plotting the results...

Epoch 40: val_loss improved from 0.00007 to 0.00007, saving model to /p/project1/cesmtst/patakchiyousefi1/HPT/mse_64_0.0001_1e-17_0.5_4_8_16_0.5_128_0.0_unet-trans-l_day09.h5

Epoch 31: val_loss did not improve from 0.00007

Epoch 29: val_loss did not improve from 0.00007

Epoch 37: val_loss did not improve from 0.00007

Epoch 37: val_loss improved from 0.00007 to 0.00007, saving model to /p/project1/cesmtst/patakchiyousefi1/HPT/mse_64_0.0001_1e-17_0.5_4_4_16_0.5_128_0.0_unet-trans-l_day09.h5

Epoch 23: val_loss did not improve from 0.00007

Epoch 23: val_loss did not improve from 0.00007

Epoch 41: val_loss improved from 0.00007 to 0.00007, saving model to /p/project1/cesmtst/patakchiyousefi1/HPT/mse_64_0.0001_1e-17_0.5_4_8_16_0.5_128_0.0_unet-trans-l_day09.h5
train_data_hourly_pr_['ADAPTER_DE05.day09.merged.nc']_['ADAPTER_DE05.day01.merged.nc']_MM_1__model_only_128.256_2018-01-01T13_2022-12-31T23_no_na_land
Loading training data...
Data loaded!
mse_64_0.001_1e-17_0.5_4_8_16_0.5_128_0.0_unet-trans-l_day09
Training the model...

Epoch 1: val_loss improved from inf to 0.00012, saving model to /p/project1/cesmtst/patakchiyousefi1/HPT/mse_64_0.001_1e-17_0.5_4_8_16_0.5_128_0.0_unet-trans-l_day09.h5

Epoch 38: val_loss improved from 0.00007 to 0.00007, saving model to /p/project1/cesmtst/patakchiyousefi1/HPT/mse_64_1e-05_1e-17_0.5_4_8_16_0.5_128_0.0_unet-trans-l_day09.h5

Epoch 32: val_loss did not improve from 0.00007

Epoch 30: val_loss did not improve from 0.00007

Epoch 38: val_loss did not improve from 0.00007

Epoch 42: val_loss did not improve from 0.00007

Epoch 2: val_loss improved from 0.00012 to 0.00007, saving model to /p/project1/cesmtst/patakchiyousefi1/HPT/mse_64_0.001_1e-17_0.5_4_8_16_0.5_128_0.0_unet-trans-l_day09.h5

Epoch 24: val_loss did not improve from 0.00007

Epoch 33: val_loss did not improve from 0.00007

Epoch 31: val_loss did not improve from 0.00007

Epoch 39: val_loss did not improve from 0.00007

Epoch 39: val_loss did not improve from 0.00007

Epoch 43: val_loss did not improve from 0.00007

Epoch 3: val_loss improved from 0.00007 to 0.00007, saving model to /p/project1/cesmtst/patakchiyousefi1/HPT/mse_64_0.001_1e-17_0.5_4_8_16_0.5_128_0.0_unet-trans-l_day09.h5

Epoch 24: val_loss did not improve from 0.00007

Epoch 40: val_loss improved from 0.00007 to 0.00007, saving model to /p/project1/cesmtst/patakchiyousefi1/HPT/mse_64_1e-05_1e-17_0.5_4_8_16_0.5_128_0.0_unet-trans-l_day09.h5

Epoch 44: val_loss did not improve from 0.00007

Epoch 4: val_loss improved from 0.00007 to 0.00007, saving model to /p/project1/cesmtst/patakchiyousefi1/HPT/mse_64_0.001_1e-17_0.5_4_8_16_0.5_128_0.0_unet-trans-l_day09.h5

Epoch 40: val_loss did not improve from 0.00007

Epoch 34: val_loss did not improve from 0.00007

Epoch 32: val_loss did not improve from 0.00007

Epoch 25: val_loss did not improve from 0.00007

Epoch 41: val_loss did not improve from 0.00007

Epoch 45: val_loss improved from 0.00007 to 0.00007, saving model to /p/project1/cesmtst/patakchiyousefi1/HPT/mse_64_0.0001_1e-17_0.5_4_8_16_0.5_128_0.0_unet-trans-l_day09.h5

Epoch 5: val_loss did not improve from 0.00007

Epoch 25: val_loss did not improve from 0.00007

Epoch 41: val_loss did not improve from 0.00007

Epoch 35: val_loss did not improve from 0.00007

Epoch 33: val_loss did not improve from 0.00007

Epoch 42: val_loss did not improve from 0.00007

Epoch 6: val_loss did not improve from 0.00007

Epoch 42: val_loss did not improve from 0.00007

Epoch 46: val_loss did not improve from 0.00007

Epoch 26: val_loss did not improve from 0.00007

Epoch 36: val_loss did not improve from 0.00007

Epoch 34: val_loss did not improve from 0.00007

Epoch 7: val_loss did not improve from 0.00007

Epoch 26: val_loss did not improve from 0.00007

Epoch 43: val_loss did not improve from 0.00007

Epoch 43: val_loss did not improve from 0.00007

Epoch 47: val_loss did not improve from 0.00007

Epoch 8: val_loss did not improve from 0.00007

Epoch 37: val_loss did not improve from 0.00007

Epoch 44: val_loss did not improve from 0.00007

Epoch 48: val_loss did not improve from 0.00007

Epoch 44: val_loss did not improve from 0.00007

Epoch 35: val_loss did not improve from 0.00007

Epoch 27: val_loss did not improve from 0.00007

Epoch 27: val_loss did not improve from 0.00007
Saving and plotting the results...

Epoch 9: val_loss did not improve from 0.00007

Epoch 45: val_loss did not improve from 0.00007

Epoch 49: val_loss did not improve from 0.00007

Epoch 45: val_loss did not improve from 0.00007

Epoch 38: val_loss did not improve from 0.00007
Saving and plotting the results...

Epoch 36: val_loss did not improve from 0.00007

Epoch 10: val_loss did not improve from 0.00007

Epoch 46: val_loss did not improve from 0.00007

Epoch 50: val_loss did not improve from 0.00007

Epoch 28: val_loss did not improve from 0.00007

Epoch 46: val_loss did not improve from 0.00007

Epoch 37: val_loss did not improve from 0.00007
train_data_hourly_pr_['ADAPTER_DE05.day09.merged.nc']_['ADAPTER_DE05.day01.merged.nc']_MM_1__model_only_128.256_2018-01-01T13_2022-12-31T23_no_na_land
Loading training data...
Data loaded!
mse_64_0.01_1e-17_0.5_4_2_16_0.5_128_0.0_unet-trans-l_day09
Training the model...

Epoch 1: val_loss improved from inf to 0.00101, saving model to /p/project1/cesmtst/patakchiyousefi1/HPT/mse_64_0.01_1e-17_0.5_4_2_16_0.5_128_0.0_unet-trans-l_day09.h5

Epoch 47: val_loss did not improve from 0.00007

Epoch 11: val_loss did not improve from 0.00007

Epoch 51: val_loss did not improve from 0.00007
train_data_hourly_pr_['ADAPTER_DE05.day09.merged.nc']_['ADAPTER_DE05.day01.merged.nc']_MM_1__model_only_128.256_2018-01-01T13_2022-12-31T23_no_na_land
Loading training data...
Data loaded!
mse_64_0.01_1e-17_0.5_4_4_16_0.5_128_0.0_unet-trans-l_day09
Training the model...

Epoch 1: val_loss improved from inf to 0.00013, saving model to /p/project1/cesmtst/patakchiyousefi1/HPT/mse_64_0.01_1e-17_0.5_4_4_16_0.5_128_0.0_unet-trans-l_day09.h5

Epoch 47: val_loss did not improve from 0.00007

Epoch 52: val_loss did not improve from 0.00007

Epoch 38: val_loss did not improve from 0.00007

Epoch 48: val_loss did not improve from 0.00007

Epoch 12: val_loss did not improve from 0.00007

Epoch 2: val_loss improved from 0.00013 to 0.00009, saving model to /p/project1/cesmtst/patakchiyousefi1/HPT/mse_64_0.01_1e-17_0.5_4_4_16_0.5_128_0.0_unet-trans-l_day09.h5

Epoch 29: val_loss did not improve from 0.00007

Epoch 48: val_loss did not improve from 0.00007

Epoch 2: val_loss improved from 0.00101 to 0.00025, saving model to /p/project1/cesmtst/patakchiyousefi1/HPT/mse_64_0.01_1e-17_0.5_4_2_16_0.5_128_0.0_unet-trans-l_day09.h5

Epoch 53: val_loss did not improve from 0.00007

Epoch 13: val_loss did not improve from 0.00007

Epoch 39: val_loss did not improve from 0.00007

Epoch 49: val_loss did not improve from 0.00007

Epoch 3: val_loss did not improve from 0.00009

Epoch 49: val_loss did not improve from 0.00007

Epoch 54: val_loss did not improve from 0.00007

Epoch 14: val_loss did not improve from 0.00007

Epoch 3: val_loss did not improve from 0.00025

Epoch 50: val_loss did not improve from 0.00007

Epoch 4: val_loss did not improve from 0.00009

Epoch 50: val_loss did not improve from 0.00007

Epoch 40: val_loss did not improve from 0.00007

Epoch 30: val_loss did not improve from 0.00007

Epoch 55: val_loss did not improve from 0.00007

Epoch 15: val_loss did not improve from 0.00007

Epoch 51: val_loss did not improve from 0.00007

Epoch 4: val_loss improved from 0.00025 to 0.00007, saving model to /p/project1/cesmtst/patakchiyousefi1/HPT/mse_64_0.01_1e-17_0.5_4_2_16_0.5_128_0.0_unet-trans-l_day09.h5

Epoch 5: val_loss did not improve from 0.00009

Epoch 51: val_loss did not improve from 0.00007

Epoch 56: val_loss did not improve from 0.00007

Epoch 16: val_loss did not improve from 0.00007

Epoch 41: val_loss did not improve from 0.00007

Epoch 52: val_loss did not improve from 0.00007

Epoch 31: val_loss did not improve from 0.00007

Epoch 6: val_loss did not improve from 0.00009

Epoch 52: val_loss did not improve from 0.00007

Epoch 57: val_loss did not improve from 0.00007

Epoch 5: val_loss improved from 0.00007 to 0.00007, saving model to /p/project1/cesmtst/patakchiyousefi1/HPT/mse_64_0.01_1e-17_0.5_4_2_16_0.5_128_0.0_unet-trans-l_day09.h5

Epoch 17: val_loss did not improve from 0.00007

Epoch 53: val_loss did not improve from 0.00007

Epoch 42: val_loss did not improve from 0.00007

Epoch 7: val_loss did not improve from 0.00009

Epoch 53: val_loss did not improve from 0.00007
Saving and plotting the results...

Epoch 58: val_loss did not improve from 0.00007

Epoch 18: val_loss did not improve from 0.00007

Epoch 54: val_loss did not improve from 0.00007

Epoch 6: val_loss did not improve from 0.00007

Epoch 32: val_loss did not improve from 0.00007

Epoch 43: val_loss did not improve from 0.00007

Epoch 8: val_loss did not improve from 0.00009

Epoch 59: val_loss did not improve from 0.00007

Epoch 19: val_loss did not improve from 0.00007

Epoch 55: val_loss did not improve from 0.00007

Epoch 7: val_loss did not improve from 0.00007

Epoch 9: val_loss did not improve from 0.00009

Epoch 60: val_loss did not improve from 0.00007

Epoch 20: val_loss did not improve from 0.00007
Saving and plotting the results...

Epoch 44: val_loss did not improve from 0.00007
Saving and plotting the results...

Epoch 56: val_loss did not improve from 0.00007
Saving and plotting the results...

Epoch 33: val_loss did not improve from 0.00007
Saving and plotting the results...
train_data_hourly_pr_['ADAPTER_DE05.day09.merged.nc']_['ADAPTER_DE05.day01.merged.nc']_MM_1__model_only_128.256_2018-01-01T13_2022-12-31T23_no_na_land
Loading training data...
Data loaded!
mse_64_0.001_1e-17_0.5_4_1_16_0.5_128_0.0_unet-trans-l_day09
Training the model...

Epoch 1: val_loss improved from inf to 0.00056, saving model to /p/project1/cesmtst/patakchiyousefi1/HPT/mse_64_0.001_1e-17_0.5_4_1_16_0.5_128_0.0_unet-trans-l_day09.h5

Epoch 10: val_loss did not improve from 0.00009

Epoch 8: val_loss did not improve from 0.00007

Epoch 61: val_loss did not improve from 0.00007
Saving and plotting the results...
train_data_hourly_pr_['ADAPTER_DE05.day09.merged.nc']_['ADAPTER_DE05.day01.merged.nc']_MM_1__model_only_128.256_2018-01-01T13_2022-12-31T23_no_na_land
Loading training data...
Data loaded!
mse_64_0.001_1e-17_0.5_4_4_16_0.5_128_0.0_unet-trans-l_day09
Training the model...

Epoch 1: val_loss improved from inf to 0.00567, saving model to /p/project1/cesmtst/patakchiyousefi1/HPT/mse_64_0.001_1e-17_0.5_4_4_16_0.5_128_0.0_unet-trans-l_day09.h5
train_data_hourly_pr_['ADAPTER_DE05.day09.merged.nc']_['ADAPTER_DE05.day01.merged.nc']_MM_1__model_only_128.256_2018-01-01T13_2022-12-31T23_no_na_land
Loading training data...
Data loaded!
mse_64_0.001_1e-17_0.5_4_2_16_0.5_128_0.0_unet-trans-l_day09
Training the model...

Epoch 1: val_loss improved from inf to 0.00270, saving model to /p/project1/cesmtst/patakchiyousefi1/HPT/mse_64_0.001_1e-17_0.5_4_2_16_0.5_128_0.0_unet-trans-l_day09.h5
train_data_hourly_pr_['ADAPTER_DE05.day09.merged.nc']_['ADAPTER_DE05.day01.merged.nc']_MM_1__model_only_128.256_2018-01-01T13_2022-12-31T23_no_na_land
Loading training data...
Data loaded!
mse_64_0.01_1e-17_0.5_4_8_16_0.5_128_0.0_unet-trans-l_day09
Training the model...

Epoch 1: val_loss improved from inf to 0.00016, saving model to /p/project1/cesmtst/patakchiyousefi1/HPT/mse_64_0.01_1e-17_0.5_4_8_16_0.5_128_0.0_unet-trans-l_day09.h5

Epoch 11: val_loss improved from 0.00009 to 0.00008, saving model to /p/project1/cesmtst/patakchiyousefi1/HPT/mse_64_0.01_1e-17_0.5_4_4_16_0.5_128_0.0_unet-trans-l_day09.h5
train_data_hourly_pr_['ADAPTER_DE05.day09.merged.nc']_['ADAPTER_DE05.day01.merged.nc']_MM_1__model_only_128.256_2018-01-01T13_2022-12-31T23_no_na_land
Loading training data...
Data loaded!
mse_64_0.01_1e-17_0.5_4_1_16_0.5_128_0.0_unet-trans-l_day09
Training the model...

Epoch 1: val_loss improved from inf to 0.00010, saving model to /p/project1/cesmtst/patakchiyousefi1/HPT/mse_64_0.01_1e-17_0.5_4_1_16_0.5_128_0.0_unet-trans-l_day09.h5

Epoch 9: val_loss did not improve from 0.00007

Epoch 2: val_loss improved from 0.00056 to 0.00010, saving model to /p/project1/cesmtst/patakchiyousefi1/HPT/mse_64_0.001_1e-17_0.5_4_1_16_0.5_128_0.0_unet-trans-l_day09.h5

Epoch 2: val_loss did not improve from 0.00567

Epoch 2: val_loss improved from 0.00016 to 0.00008, saving model to /p/project1/cesmtst/patakchiyousefi1/HPT/mse_64_0.01_1e-17_0.5_4_8_16_0.5_128_0.0_unet-trans-l_day09.h5

Epoch 12: val_loss improved from 0.00008 to 0.00007, saving model to /p/project1/cesmtst/patakchiyousefi1/HPT/mse_64_0.01_1e-17_0.5_4_4_16_0.5_128_0.0_unet-trans-l_day09.h5

Epoch 2: val_loss improved from 0.00270 to 0.00104, saving model to /p/project1/cesmtst/patakchiyousefi1/HPT/mse_64_0.001_1e-17_0.5_4_2_16_0.5_128_0.0_unet-trans-l_day09.h5

Epoch 10: val_loss did not improve from 0.00007

Epoch 3: val_loss did not improve from 0.00567

Epoch 3: val_loss improved from 0.00008 to 0.00008, saving model to /p/project1/cesmtst/patakchiyousefi1/HPT/mse_64_0.01_1e-17_0.5_4_8_16_0.5_128_0.0_unet-trans-l_day09.h5

Epoch 2: val_loss improved from 0.00010 to 0.00008, saving model to /p/project1/cesmtst/patakchiyousefi1/HPT/mse_64_0.01_1e-17_0.5_4_1_16_0.5_128_0.0_unet-trans-l_day09.h5

Epoch 13: val_loss did not improve from 0.00007

Epoch 3: val_loss improved from 0.00010 to 0.00008, saving model to /p/project1/cesmtst/patakchiyousefi1/HPT/mse_64_0.001_1e-17_0.5_4_1_16_0.5_128_0.0_unet-trans-l_day09.h5

Epoch 3: val_loss improved from 0.00104 to 0.00040, saving model to /p/project1/cesmtst/patakchiyousefi1/HPT/mse_64_0.001_1e-17_0.5_4_2_16_0.5_128_0.0_unet-trans-l_day09.h5

Epoch 4: val_loss did not improve from 0.00567

Epoch 11: val_loss did not improve from 0.00007

Epoch 14: val_loss did not improve from 0.00007

Epoch 4: val_loss did not improve from 0.00008

Epoch 3: val_loss did not improve from 0.00008

Epoch 5: val_loss did not improve from 0.00567

Epoch 4: val_loss did not improve from 0.00008

Epoch 15: val_loss did not improve from 0.00007

Epoch 4: val_loss improved from 0.00040 to 0.00009, saving model to /p/project1/cesmtst/patakchiyousefi1/HPT/mse_64_0.001_1e-17_0.5_4_2_16_0.5_128_0.0_unet-trans-l_day09.h5

Epoch 12: val_loss improved from 0.00007 to 0.00007, saving model to /p/project1/cesmtst/patakchiyousefi1/HPT/mse_64_0.01_1e-17_0.5_4_2_16_0.5_128_0.0_unet-trans-l_day09.h5

Epoch 5: val_loss improved from 0.00008 to 0.00008, saving model to /p/project1/cesmtst/patakchiyousefi1/HPT/mse_64_0.01_1e-17_0.5_4_8_16_0.5_128_0.0_unet-trans-l_day09.h5

Epoch 6: val_loss improved from 0.00567 to 0.00010, saving model to /p/project1/cesmtst/patakchiyousefi1/HPT/mse_64_0.001_1e-17_0.5_4_4_16_0.5_128_0.0_unet-trans-l_day09.h5

Epoch 6: val_loss did not improve from 0.00008

Epoch 16: val_loss improved from 0.00007 to 0.00007, saving model to /p/project1/cesmtst/patakchiyousefi1/HPT/mse_64_0.01_1e-17_0.5_4_4_16_0.5_128_0.0_unet-trans-l_day09.h5

Epoch 4: val_loss did not improve from 0.00008

Epoch 5: val_loss did not improve from 0.00009

Epoch 13: val_loss did not improve from 0.00007

Epoch 5: val_loss did not improve from 0.00008

Epoch 7: val_loss did not improve from 0.00008

Epoch 7: val_loss improved from 0.00010 to 0.00008, saving model to /p/project1/cesmtst/patakchiyousefi1/HPT/mse_64_0.001_1e-17_0.5_4_4_16_0.5_128_0.0_unet-trans-l_day09.h5

Epoch 17: val_loss improved from 0.00007 to 0.00007, saving model to /p/project1/cesmtst/patakchiyousefi1/HPT/mse_64_0.01_1e-17_0.5_4_4_16_0.5_128_0.0_unet-trans-l_day09.h5

Epoch 6: val_loss did not improve from 0.00009

Epoch 14: val_loss did not improve from 0.00007

Epoch 8: val_loss did not improve from 0.00008

Epoch 5: val_loss did not improve from 0.00008

Epoch 6: val_loss improved from 0.00008 to 0.00007, saving model to /p/project1/cesmtst/patakchiyousefi1/HPT/mse_64_0.001_1e-17_0.5_4_1_16_0.5_128_0.0_unet-trans-l_day09.h5

Epoch 18: val_loss did not improve from 0.00007

Epoch 8: val_loss improved from 0.00008 to 0.00007, saving model to /p/project1/cesmtst/patakchiyousefi1/HPT/mse_64_0.001_1e-17_0.5_4_4_16_0.5_128_0.0_unet-trans-l_day09.h5

Epoch 7: val_loss improved from 0.00009 to 0.00008, saving model to /p/project1/cesmtst/patakchiyousefi1/HPT/mse_64_0.001_1e-17_0.5_4_2_16_0.5_128_0.0_unet-trans-l_day09.h5

Epoch 9: val_loss did not improve from 0.00008

Epoch 15: val_loss did not improve from 0.00007

Epoch 19: val_loss improved from 0.00007 to 0.00007, saving model to /p/project1/cesmtst/patakchiyousefi1/HPT/mse_64_0.01_1e-17_0.5_4_4_16_0.5_128_0.0_unet-trans-l_day09.h5

Epoch 9: val_loss did not improve from 0.00007

Epoch 6: val_loss did not improve from 0.00008

Epoch 10: val_loss improved from 0.00008 to 0.00007, saving model to /p/project1/cesmtst/patakchiyousefi1/HPT/mse_64_0.01_1e-17_0.5_4_8_16_0.5_128_0.0_unet-trans-l_day09.h5

Epoch 8: val_loss improved from 0.00008 to 0.00007, saving model to /p/project1/cesmtst/patakchiyousefi1/HPT/mse_64_0.001_1e-17_0.5_4_2_16_0.5_128_0.0_unet-trans-l_day09.h5

Epoch 16: val_loss did not improve from 0.00007

Epoch 7: val_loss improved from 0.00007 to 0.00007, saving model to /p/project1/cesmtst/patakchiyousefi1/HPT/mse_64_0.001_1e-17_0.5_4_1_16_0.5_128_0.0_unet-trans-l_day09.h5

Epoch 10: val_loss did not improve from 0.00007

Epoch 20: val_loss improved from 0.00007 to 0.00007, saving model to /p/project1/cesmtst/patakchiyousefi1/HPT/mse_64_0.01_1e-17_0.5_4_4_16_0.5_128_0.0_unet-trans-l_day09.h5

Epoch 9: val_loss did not improve from 0.00007

Epoch 11: val_loss did not improve from 0.00007

Epoch 7: val_loss did not improve from 0.00008

Epoch 17: val_loss did not improve from 0.00007

Epoch 21: val_loss improved from 0.00007 to 0.00007, saving model to /p/project1/cesmtst/patakchiyousefi1/HPT/mse_64_0.01_1e-17_0.5_4_4_16_0.5_128_0.0_unet-trans-l_day09.h5

Epoch 11: val_loss did not improve from 0.00007

Epoch 8: val_loss did not improve from 0.00007

Epoch 12: val_loss did not improve from 0.00007

Epoch 10: val_loss did not improve from 0.00007

Epoch 22: val_loss did not improve from 0.00007

Epoch 12: val_loss did not improve from 0.00007

Epoch 18: val_loss did not improve from 0.00007

Epoch 8: val_loss did not improve from 0.00008

Epoch 13: val_loss did not improve from 0.00007

Epoch 11: val_loss did not improve from 0.00007

Epoch 13: val_loss improved from 0.00007 to 0.00007, saving model to /p/project1/cesmtst/patakchiyousefi1/HPT/mse_64_0.001_1e-17_0.5_4_4_16_0.5_128_0.0_unet-trans-l_day09.h5

Epoch 23: val_loss did not improve from 0.00007

Epoch 19: val_loss did not improve from 0.00007

Epoch 9: val_loss improved from 0.00007 to 0.00007, saving model to /p/project1/cesmtst/patakchiyousefi1/HPT/mse_64_0.001_1e-17_0.5_4_1_16_0.5_128_0.0_unet-trans-l_day09.h5

Epoch 14: val_loss did not improve from 0.00007

Epoch 14: val_loss did not improve from 0.00007

Epoch 24: val_loss improved from 0.00007 to 0.00007, saving model to /p/project1/cesmtst/patakchiyousefi1/HPT/mse_64_0.01_1e-17_0.5_4_4_16_0.5_128_0.0_unet-trans-l_day09.h5

Epoch 12: val_loss did not improve from 0.00007

Epoch 9: val_loss did not improve from 0.00008

Epoch 20: val_loss did not improve from 0.00007

Epoch 15: val_loss did not improve from 0.00007

Epoch 10: val_loss improved from 0.00007 to 0.00007, saving model to /p/project1/cesmtst/patakchiyousefi1/HPT/mse_64_0.001_1e-17_0.5_4_1_16_0.5_128_0.0_unet-trans-l_day09.h5

Epoch 15: val_loss did not improve from 0.00007

Epoch 25: val_loss improved from 0.00007 to 0.00007, saving model to /p/project1/cesmtst/patakchiyousefi1/HPT/mse_64_0.01_1e-17_0.5_4_4_16_0.5_128_0.0_unet-trans-l_day09.h5

Epoch 13: val_loss improved from 0.00007 to 0.00007, saving model to /p/project1/cesmtst/patakchiyousefi1/HPT/mse_64_0.001_1e-17_0.5_4_2_16_0.5_128_0.0_unet-trans-l_day09.h5

Epoch 21: val_loss did not improve from 0.00007

Epoch 16: val_loss did not improve from 0.00007

Epoch 16: val_loss did not improve from 0.00007

Epoch 26: val_loss improved from 0.00007 to 0.00007, saving model to /p/project1/cesmtst/patakchiyousefi1/HPT/mse_64_0.01_1e-17_0.5_4_4_16_0.5_128_0.0_unet-trans-l_day09.h5

Epoch 10: val_loss did not improve from 0.00008

Epoch 14: val_loss improved from 0.00007 to 0.00007, saving model to /p/project1/cesmtst/patakchiyousefi1/HPT/mse_64_0.001_1e-17_0.5_4_2_16_0.5_128_0.0_unet-trans-l_day09.h5

Epoch 11: val_loss did not improve from 0.00007

Epoch 22: val_loss did not improve from 0.00007

Epoch 17: val_loss improved from 0.00007 to 0.00007, saving model to /p/project1/cesmtst/patakchiyousefi1/HPT/mse_64_0.001_1e-17_0.5_4_4_16_0.5_128_0.0_unet-trans-l_day09.h5

Epoch 17: val_loss did not improve from 0.00007

Epoch 27: val_loss did not improve from 0.00007

Epoch 15: val_loss did not improve from 0.00007

Epoch 18: val_loss did not improve from 0.00007

Epoch 18: val_loss did not improve from 0.00007

Epoch 11: val_loss did not improve from 0.00008

Epoch 23: val_loss did not improve from 0.00007

Epoch 12: val_loss did not improve from 0.00007

Epoch 28: val_loss improved from 0.00007 to 0.00007, saving model to /p/project1/cesmtst/patakchiyousefi1/HPT/mse_64_0.01_1e-17_0.5_4_4_16_0.5_128_0.0_unet-trans-l_day09.h5

Epoch 19: val_loss did not improve from 0.00007

Epoch 16: val_loss did not improve from 0.00007

Epoch 19: val_loss did not improve from 0.00007

Epoch 24: val_loss did not improve from 0.00007

Epoch 29: val_loss did not improve from 0.00007

Epoch 20: val_loss did not improve from 0.00007

Epoch 12: val_loss did not improve from 0.00008

Epoch 20: val_loss did not improve from 0.00007

Epoch 13: val_loss did not improve from 0.00007

Epoch 17: val_loss did not improve from 0.00007

Epoch 21: val_loss did not improve from 0.00007

Epoch 30: val_loss did not improve from 0.00007

Epoch 25: val_loss did not improve from 0.00007

Epoch 21: val_loss did not improve from 0.00007

Epoch 18: val_loss did not improve from 0.00007

Epoch 13: val_loss did not improve from 0.00008

Epoch 22: val_loss did not improve from 0.00007

Epoch 31: val_loss did not improve from 0.00007

Epoch 14: val_loss did not improve from 0.00007

Epoch 26: val_loss did not improve from 0.00007

Epoch 22: val_loss did not improve from 0.00007

Epoch 23: val_loss did not improve from 0.00007

Epoch 19: val_loss did not improve from 0.00007

Epoch 32: val_loss did not improve from 0.00007

Epoch 23: val_loss improved from 0.00007 to 0.00007, saving model to /p/project1/cesmtst/patakchiyousefi1/HPT/mse_64_0.001_1e-17_0.5_4_4_16_0.5_128_0.0_unet-trans-l_day09.h5

Epoch 27: val_loss did not improve from 0.00007

Epoch 14: val_loss did not improve from 0.00008

Epoch 15: val_loss did not improve from 0.00007

Epoch 33: val_loss improved from 0.00007 to 0.00007, saving model to /p/project1/cesmtst/patakchiyousefi1/HPT/mse_64_0.01_1e-17_0.5_4_4_16_0.5_128_0.0_unet-trans-l_day09.h5

Epoch 24: val_loss did not improve from 0.00007

Epoch 20: val_loss did not improve from 0.00007

Epoch 24: val_loss did not improve from 0.00007

Epoch 28: val_loss did not improve from 0.00007
Saving and plotting the results...

Epoch 34: val_loss did not improve from 0.00007

Epoch 15: val_loss did not improve from 0.00008

Epoch 25: val_loss did not improve from 0.00007

Epoch 25: val_loss improved from 0.00007 to 0.00007, saving model to /p/project1/cesmtst/patakchiyousefi1/HPT/mse_64_0.001_1e-17_0.5_4_4_16_0.5_128_0.0_unet-trans-l_day09.h5

Epoch 16: val_loss did not improve from 0.00007

Epoch 21: val_loss did not improve from 0.00007

Epoch 35: val_loss improved from 0.00007 to 0.00007, saving model to /p/project1/cesmtst/patakchiyousefi1/HPT/mse_64_0.01_1e-17_0.5_4_4_16_0.5_128_0.0_unet-trans-l_day09.h5

Epoch 26: val_loss did not improve from 0.00007
Saving and plotting the results...

Epoch 26: val_loss improved from 0.00007 to 0.00007, saving model to /p/project1/cesmtst/patakchiyousefi1/HPT/mse_64_0.001_1e-17_0.5_4_4_16_0.5_128_0.0_unet-trans-l_day09.h5

Epoch 22: val_loss did not improve from 0.00007

Epoch 17: val_loss did not improve from 0.00007

Epoch 16: val_loss did not improve from 0.00008

Epoch 27: val_loss improved from 0.00007 to 0.00007, saving model to /p/project1/cesmtst/patakchiyousefi1/HPT/mse_64_0.001_1e-17_0.5_4_4_16_0.5_128_0.0_unet-trans-l_day09.h5

Epoch 36: val_loss did not improve from 0.00007

Epoch 23: val_loss did not improve from 0.00007

Epoch 37: val_loss did not improve from 0.00007

Epoch 28: val_loss improved from 0.00007 to 0.00006, saving model to /p/project1/cesmtst/patakchiyousefi1/HPT/mse_64_0.001_1e-17_0.5_4_4_16_0.5_128_0.0_unet-trans-l_day09.h5

Epoch 18: val_loss did not improve from 0.00007

Epoch 24: val_loss did not improve from 0.00007

Epoch 17: val_loss did not improve from 0.00008

Epoch 29: val_loss did not improve from 0.00006

Epoch 38: val_loss did not improve from 0.00007

Epoch 30: val_loss did not improve from 0.00006

Epoch 19: val_loss improved from 0.00007 to 0.00007, saving model to /p/project1/cesmtst/patakchiyousefi1/HPT/mse_64_0.001_1e-17_0.5_4_1_16_0.5_128_0.0_unet-trans-l_day09.h5

Epoch 25: val_loss improved from 0.00007 to 0.00007, saving model to /p/project1/cesmtst/patakchiyousefi1/HPT/mse_64_0.001_1e-17_0.5_4_2_16_0.5_128_0.0_unet-trans-l_day09.h5

Epoch 39: val_loss did not improve from 0.00007

Epoch 18: val_loss did not improve from 0.00008
Saving and plotting the results...

Epoch 31: val_loss did not improve from 0.00006

Epoch 40: val_loss improved from 0.00007 to 0.00007, saving model to /p/project1/cesmtst/patakchiyousefi1/HPT/mse_64_0.01_1e-17_0.5_4_4_16_0.5_128_0.0_unet-trans-l_day09.h5

Epoch 20: val_loss improved from 0.00007 to 0.00007, saving model to /p/project1/cesmtst/patakchiyousefi1/HPT/mse_64_0.001_1e-17_0.5_4_1_16_0.5_128_0.0_unet-trans-l_day09.h5

Epoch 32: val_loss did not improve from 0.00006

Epoch 26: val_loss improved from 0.00007 to 0.00006, saving model to /p/project1/cesmtst/patakchiyousefi1/HPT/mse_64_0.001_1e-17_0.5_4_2_16_0.5_128_0.0_unet-trans-l_day09.h5

Epoch 41: val_loss improved from 0.00007 to 0.00007, saving model to /p/project1/cesmtst/patakchiyousefi1/HPT/mse_64_0.01_1e-17_0.5_4_4_16_0.5_128_0.0_unet-trans-l_day09.h5

Epoch 33: val_loss did not improve from 0.00006

Epoch 27: val_loss did not improve from 0.00006

Epoch 42: val_loss did not improve from 0.00007

Epoch 21: val_loss improved from 0.00007 to 0.00007, saving model to /p/project1/cesmtst/patakchiyousefi1/HPT/mse_64_0.001_1e-17_0.5_4_1_16_0.5_128_0.0_unet-trans-l_day09.h5

Epoch 34: val_loss did not improve from 0.00006

Epoch 43: val_loss did not improve from 0.00007

Epoch 28: val_loss did not improve from 0.00006

Epoch 35: val_loss did not improve from 0.00006

Epoch 22: val_loss improved from 0.00007 to 0.00007, saving model to /p/project1/cesmtst/patakchiyousefi1/HPT/mse_64_0.001_1e-17_0.5_4_1_16_0.5_128_0.0_unet-trans-l_day09.h5

Epoch 44: val_loss did not improve from 0.00007

Epoch 29: val_loss did not improve from 0.00006

Epoch 36: val_loss did not improve from 0.00006

Epoch 45: val_loss did not improve from 0.00007

Epoch 37: val_loss did not improve from 0.00006

Epoch 30: val_loss did not improve from 0.00006

Epoch 23: val_loss did not improve from 0.00007

Epoch 46: val_loss improved from 0.00007 to 0.00007, saving model to /p/project1/cesmtst/patakchiyousefi1/HPT/mse_64_0.01_1e-17_0.5_4_4_16_0.5_128_0.0_unet-trans-l_day09.h5

Epoch 38: val_loss did not improve from 0.00006

Epoch 31: val_loss improved from 0.00006 to 0.00006, saving model to /p/project1/cesmtst/patakchiyousefi1/HPT/mse_64_0.001_1e-17_0.5_4_2_16_0.5_128_0.0_unet-trans-l_day09.h5

Epoch 47: val_loss improved from 0.00007 to 0.00007, saving model to /p/project1/cesmtst/patakchiyousefi1/HPT/mse_64_0.01_1e-17_0.5_4_4_16_0.5_128_0.0_unet-trans-l_day09.h5

Epoch 24: val_loss improved from 0.00007 to 0.00007, saving model to /p/project1/cesmtst/patakchiyousefi1/HPT/mse_64_0.001_1e-17_0.5_4_1_16_0.5_128_0.0_unet-trans-l_day09.h5

Epoch 39: val_loss did not improve from 0.00006

Epoch 48: val_loss did not improve from 0.00007

Epoch 32: val_loss improved from 0.00006 to 0.00006, saving model to /p/project1/cesmtst/patakchiyousefi1/HPT/mse_64_0.001_1e-17_0.5_4_2_16_0.5_128_0.0_unet-trans-l_day09.h5

Epoch 40: val_loss did not improve from 0.00006

Epoch 49: val_loss did not improve from 0.00007

Epoch 25: val_loss improved from 0.00007 to 0.00007, saving model to /p/project1/cesmtst/patakchiyousefi1/HPT/mse_64_0.001_1e-17_0.5_4_1_16_0.5_128_0.0_unet-trans-l_day09.h5

Epoch 41: val_loss did not improve from 0.00006

Epoch 33: val_loss did not improve from 0.00006

Epoch 50: val_loss did not improve from 0.00007

Epoch 42: val_loss did not improve from 0.00006

Epoch 34: val_loss did not improve from 0.00006

Epoch 51: val_loss did not improve from 0.00007

Epoch 26: val_loss did not improve from 0.00007

Epoch 43: val_loss did not improve from 0.00006

Epoch 52: val_loss improved from 0.00007 to 0.00007, saving model to /p/project1/cesmtst/patakchiyousefi1/HPT/mse_64_0.01_1e-17_0.5_4_4_16_0.5_128_0.0_unet-trans-l_day09.h5

Epoch 35: val_loss did not improve from 0.00006

Epoch 44: val_loss did not improve from 0.00006
Saving and plotting the results...

Epoch 27: val_loss did not improve from 0.00007

Epoch 53: val_loss did not improve from 0.00007

Epoch 36: val_loss did not improve from 0.00006

Epoch 54: val_loss did not improve from 0.00007

Epoch 28: val_loss did not improve from 0.00007

Epoch 37: val_loss did not improve from 0.00006

Epoch 55: val_loss did not improve from 0.00007

Epoch 38: val_loss did not improve from 0.00006

Epoch 56: val_loss did not improve from 0.00007

Epoch 29: val_loss did not improve from 0.00007

Epoch 39: val_loss did not improve from 0.00006

Epoch 57: val_loss improved from 0.00007 to 0.00007, saving model to /p/project1/cesmtst/patakchiyousefi1/HPT/mse_64_0.01_1e-17_0.5_4_4_16_0.5_128_0.0_unet-trans-l_day09.h5

Epoch 30: val_loss improved from 0.00007 to 0.00007, saving model to /p/project1/cesmtst/patakchiyousefi1/HPT/mse_64_0.001_1e-17_0.5_4_1_16_0.5_128_0.0_unet-trans-l_day09.h5

Epoch 40: val_loss did not improve from 0.00006

Epoch 58: val_loss did not improve from 0.00007

Epoch 59: val_loss did not improve from 0.00007

Epoch 41: val_loss did not improve from 0.00006

Epoch 31: val_loss improved from 0.00007 to 0.00007, saving model to /p/project1/cesmtst/patakchiyousefi1/HPT/mse_64_0.001_1e-17_0.5_4_1_16_0.5_128_0.0_unet-trans-l_day09.h5

Epoch 60: val_loss did not improve from 0.00007

Epoch 42: val_loss did not improve from 0.00006

Epoch 61: val_loss did not improve from 0.00007

Epoch 32: val_loss did not improve from 0.00007

Epoch 43: val_loss did not improve from 0.00006

Epoch 62: val_loss did not improve from 0.00007

Epoch 44: val_loss did not improve from 0.00006

Epoch 63: val_loss did not improve from 0.00007

Epoch 33: val_loss did not improve from 0.00007

Epoch 64: val_loss did not improve from 0.00007

Epoch 45: val_loss did not improve from 0.00006

Epoch 34: val_loss did not improve from 0.00007

Epoch 65: val_loss did not improve from 0.00007

Epoch 46: val_loss did not improve from 0.00006

Epoch 66: val_loss did not improve from 0.00007

Epoch 35: val_loss did not improve from 0.00007

Epoch 47: val_loss did not improve from 0.00006

Epoch 67: val_loss did not improve from 0.00007

Epoch 48: val_loss did not improve from 0.00006
Saving and plotting the results...

Epoch 68: val_loss did not improve from 0.00007

Epoch 36: val_loss improved from 0.00007 to 0.00006, saving model to /p/project1/cesmtst/patakchiyousefi1/HPT/mse_64_0.001_1e-17_0.5_4_1_16_0.5_128_0.0_unet-trans-l_day09.h5

Epoch 69: val_loss did not improve from 0.00007

Epoch 37: val_loss improved from 0.00006 to 0.00006, saving model to /p/project1/cesmtst/patakchiyousefi1/HPT/mse_64_0.001_1e-17_0.5_4_1_16_0.5_128_0.0_unet-trans-l_day09.h5

Epoch 70: val_loss did not improve from 0.00007

Epoch 71: val_loss did not improve from 0.00007

Epoch 38: val_loss improved from 0.00006 to 0.00006, saving model to /p/project1/cesmtst/patakchiyousefi1/HPT/mse_64_0.001_1e-17_0.5_4_1_16_0.5_128_0.0_unet-trans-l_day09.h5

Epoch 72: val_loss did not improve from 0.00007

Epoch 73: val_loss did not improve from 0.00007
Saving and plotting the results...

Epoch 39: val_loss improved from 0.00006 to 0.00006, saving model to /p/project1/cesmtst/patakchiyousefi1/HPT/mse_64_0.001_1e-17_0.5_4_1_16_0.5_128_0.0_unet-trans-l_day09.h5

Epoch 40: val_loss improved from 0.00006 to 0.00006, saving model to /p/project1/cesmtst/patakchiyousefi1/HPT/mse_64_0.001_1e-17_0.5_4_1_16_0.5_128_0.0_unet-trans-l_day09.h5

Epoch 41: val_loss improved from 0.00006 to 0.00006, saving model to /p/project1/cesmtst/patakchiyousefi1/HPT/mse_64_0.001_1e-17_0.5_4_1_16_0.5_128_0.0_unet-trans-l_day09.h5

Epoch 42: val_loss improved from 0.00006 to 0.00006, saving model to /p/project1/cesmtst/patakchiyousefi1/HPT/mse_64_0.001_1e-17_0.5_4_1_16_0.5_128_0.0_unet-trans-l_day09.h5

Epoch 43: val_loss improved from 0.00006 to 0.00006, saving model to /p/project1/cesmtst/patakchiyousefi1/HPT/mse_64_0.001_1e-17_0.5_4_1_16_0.5_128_0.0_unet-trans-l_day09.h5

Epoch 44: val_loss did not improve from 0.00006

Epoch 45: val_loss did not improve from 0.00006

Epoch 46: val_loss improved from 0.00006 to 0.00006, saving model to /p/project1/cesmtst/patakchiyousefi1/HPT/mse_64_0.001_1e-17_0.5_4_1_16_0.5_128_0.0_unet-trans-l_day09.h5

Epoch 47: val_loss did not improve from 0.00006

Epoch 48: val_loss did not improve from 0.00006

Epoch 49: val_loss did not improve from 0.00006

Epoch 50: val_loss did not improve from 0.00006

Epoch 51: val_loss improved from 0.00006 to 0.00006, saving model to /p/project1/cesmtst/patakchiyousefi1/HPT/mse_64_0.001_1e-17_0.5_4_1_16_0.5_128_0.0_unet-trans-l_day09.h5

Epoch 52: val_loss did not improve from 0.00006

Epoch 53: val_loss did not improve from 0.00006

Epoch 54: val_loss did not improve from 0.00006

Epoch 55: val_loss did not improve from 0.00006

Epoch 56: val_loss did not improve from 0.00006

Epoch 57: val_loss did not improve from 0.00006

Epoch 58: val_loss did not improve from 0.00006

Epoch 59: val_loss did not improve from 0.00006

Epoch 60: val_loss did not improve from 0.00006

Epoch 61: val_loss did not improve from 0.00006

Epoch 62: val_loss did not improve from 0.00006

Epoch 63: val_loss did not improve from 0.00006

Epoch 64: val_loss did not improve from 0.00006

Epoch 65: val_loss did not improve from 0.00006

Epoch 66: val_loss did not improve from 0.00006

Epoch 67: val_loss did not improve from 0.00006
Saving and plotting the results...
Time limit for unet-trans-l, leadtime 09: 06:00:00
Run time for unet-trans-l with leadtime 09:  hours,  minutes,  seconds
