All necessary directories have been created or already exist.
No lead day provided. Using default hyperparameters - LR: 0.0001, BS: 32, DROPOUT: 0.0, UNET_TYPE: unet-l
Running DL_TRAIN.py for day06 with dropout=0, lr=0.00001, bs=1, unet_type=unet-se ...
Running DL_TRAIN.py for day06 with dropout=0, lr=0.00001, bs=2, unet_type=unet-se ...
Running DL_TRAIN.py for day06 with dropout=0, lr=0.00001, bs=4, unet_type=unet-se ...
Running DL_TRAIN.py for day06 with dropout=0, lr=0.00001, bs=8, unet_type=unet-se ...
Running DL_TRAIN.py for day06 with dropout=0, lr=0.0001, bs=1, unet_type=unet-se ...
Running DL_TRAIN.py for day06 with dropout=0, lr=0.0001, bs=2, unet_type=unet-se ...
Running DL_TRAIN.py for day06 with dropout=0, lr=0.0001, bs=4, unet_type=unet-se ...
Running DL_TRAIN.py for day06 with dropout=0, lr=0.0001, bs=8, unet_type=unet-se ...
Running DL_TRAIN.py for day06 with dropout=0, lr=0.001, bs=1, unet_type=unet-se ...
Running DL_TRAIN.py for day06 with dropout=0, lr=0.001, bs=2, unet_type=unet-se ...
Running DL_TRAIN.py for day06 with dropout=0, lr=0.001, bs=4, unet_type=unet-se ...
Running DL_TRAIN.py for day06 with dropout=0, lr=0.001, bs=8, unet_type=unet-se ...
Running DL_TRAIN.py for day06 with dropout=0, lr=0.01, bs=1, unet_type=unet-se ...
Running DL_TRAIN.py for day06 with dropout=0, lr=0.01, bs=2, unet_type=unet-se ...
Running DL_TRAIN.py for day06 with dropout=0, lr=0.01, bs=4, unet_type=unet-se ...
Running DL_TRAIN.py for day06 with dropout=0, lr=0.01, bs=8, unet_type=unet-se ...
train_data_hourly_pr_['ADAPTER_DE05.day06.merged.nc']_['ADAPTER_DE05.day01.merged.nc']_MM_6__spatiotemporal_128.256_2018-01-01T13_2022-12-31T23_no_na_land
Loading training data...
Data loaded!
mse_64_1e-05_1e-17_0.5_4_8_16_0.5_128_0.0_unet-se_day06
Training the model...

Epoch 1: val_loss improved from inf to 0.00806, saving model to /p/project1/cesmtst/patakchiyousefi1/HPT/mse_64_1e-05_1e-17_0.5_4_8_16_0.5_128_0.0_unet-se_day06.h5
train_data_hourly_pr_['ADAPTER_DE05.day06.merged.nc']_['ADAPTER_DE05.day01.merged.nc']_MM_6__spatiotemporal_128.256_2018-01-01T13_2022-12-31T23_no_na_land
Loading training data...
Data loaded!
mse_64_0.0001_1e-17_0.5_4_8_16_0.5_128_0.0_unet-se_day06
Training the model...

Epoch 1: val_loss improved from inf to 0.00039, saving model to /p/project1/cesmtst/patakchiyousefi1/HPT/mse_64_0.0001_1e-17_0.5_4_8_16_0.5_128_0.0_unet-se_day06.h5
train_data_hourly_pr_['ADAPTER_DE05.day06.merged.nc']_['ADAPTER_DE05.day01.merged.nc']_MM_6__spatiotemporal_128.256_2018-01-01T13_2022-12-31T23_no_na_land
Loading training data...
Data loaded!
mse_64_1e-05_1e-17_0.5_4_4_16_0.5_128_0.0_unet-se_day06
Training the model...

Epoch 1: val_loss improved from inf to 0.00358, saving model to /p/project1/cesmtst/patakchiyousefi1/HPT/mse_64_1e-05_1e-17_0.5_4_4_16_0.5_128_0.0_unet-se_day06.h5

Epoch 2: val_loss improved from 0.00806 to 0.00397, saving model to /p/project1/cesmtst/patakchiyousefi1/HPT/mse_64_1e-05_1e-17_0.5_4_8_16_0.5_128_0.0_unet-se_day06.h5
train_data_hourly_pr_['ADAPTER_DE05.day06.merged.nc']_['ADAPTER_DE05.day01.merged.nc']_MM_6__spatiotemporal_128.256_2018-01-01T13_2022-12-31T23_no_na_land
Loading training data...
Data loaded!
mse_64_0.0001_1e-17_0.5_4_4_16_0.5_128_0.0_unet-se_day06
Training the model...

Epoch 1: val_loss improved from inf to 0.00036, saving model to /p/project1/cesmtst/patakchiyousefi1/HPT/mse_64_0.0001_1e-17_0.5_4_4_16_0.5_128_0.0_unet-se_day06.h5

Epoch 2: val_loss improved from 0.00039 to 0.00023, saving model to /p/project1/cesmtst/patakchiyousefi1/HPT/mse_64_0.0001_1e-17_0.5_4_8_16_0.5_128_0.0_unet-se_day06.h5
train_data_hourly_pr_['ADAPTER_DE05.day06.merged.nc']_['ADAPTER_DE05.day01.merged.nc']_MM_6__spatiotemporal_128.256_2018-01-01T13_2022-12-31T23_no_na_land
Loading training data...
Data loaded!
mse_64_1e-05_1e-17_0.5_4_2_16_0.5_128_0.0_unet-se_day06
Training the model...

Epoch 1: val_loss improved from inf to 0.00443, saving model to /p/project1/cesmtst/patakchiyousefi1/HPT/mse_64_1e-05_1e-17_0.5_4_2_16_0.5_128_0.0_unet-se_day06.h5

Epoch 3: val_loss improved from 0.00397 to 0.00235, saving model to /p/project1/cesmtst/patakchiyousefi1/HPT/mse_64_1e-05_1e-17_0.5_4_8_16_0.5_128_0.0_unet-se_day06.h5
train_data_hourly_pr_['ADAPTER_DE05.day06.merged.nc']_['ADAPTER_DE05.day01.merged.nc']_MM_6__spatiotemporal_128.256_2018-01-01T13_2022-12-31T23_no_na_land
Loading training data...
Data loaded!
mse_64_0.0001_1e-17_0.5_4_2_16_0.5_128_0.0_unet-se_day06
Training the model...

Epoch 1: val_loss improved from inf to 0.00015, saving model to /p/project1/cesmtst/patakchiyousefi1/HPT/mse_64_0.0001_1e-17_0.5_4_2_16_0.5_128_0.0_unet-se_day06.h5

Epoch 3: val_loss improved from 0.00023 to 0.00015, saving model to /p/project1/cesmtst/patakchiyousefi1/HPT/mse_64_0.0001_1e-17_0.5_4_8_16_0.5_128_0.0_unet-se_day06.h5

Epoch 2: val_loss improved from 0.00358 to 0.00143, saving model to /p/project1/cesmtst/patakchiyousefi1/HPT/mse_64_1e-05_1e-17_0.5_4_4_16_0.5_128_0.0_unet-se_day06.h5
train_data_hourly_pr_['ADAPTER_DE05.day06.merged.nc']_['ADAPTER_DE05.day01.merged.nc']_MM_6__spatiotemporal_128.256_2018-01-01T13_2022-12-31T23_no_na_land
Loading training data...
Data loaded!
mse_64_0.001_1e-17_0.5_4_2_16_0.5_128_0.0_unet-se_day06
Training the model...

Epoch 1: val_loss improved from inf to 0.00014, saving model to /p/project1/cesmtst/patakchiyousefi1/HPT/mse_64_0.001_1e-17_0.5_4_2_16_0.5_128_0.0_unet-se_day06.h5

Epoch 2: val_loss improved from 0.00036 to 0.00018, saving model to /p/project1/cesmtst/patakchiyousefi1/HPT/mse_64_0.0001_1e-17_0.5_4_4_16_0.5_128_0.0_unet-se_day06.h5

Epoch 4: val_loss improved from 0.00235 to 0.00157, saving model to /p/project1/cesmtst/patakchiyousefi1/HPT/mse_64_1e-05_1e-17_0.5_4_8_16_0.5_128_0.0_unet-se_day06.h5

Epoch 4: val_loss improved from 0.00015 to 0.00012, saving model to /p/project1/cesmtst/patakchiyousefi1/HPT/mse_64_0.0001_1e-17_0.5_4_8_16_0.5_128_0.0_unet-se_day06.h5

Epoch 3: val_loss improved from 0.00143 to 0.00080, saving model to /p/project1/cesmtst/patakchiyousefi1/HPT/mse_64_1e-05_1e-17_0.5_4_4_16_0.5_128_0.0_unet-se_day06.h5

Epoch 5: val_loss improved from 0.00012 to 0.00010, saving model to /p/project1/cesmtst/patakchiyousefi1/HPT/mse_64_0.0001_1e-17_0.5_4_8_16_0.5_128_0.0_unet-se_day06.h5
train_data_hourly_pr_['ADAPTER_DE05.day06.merged.nc']_['ADAPTER_DE05.day01.merged.nc']_MM_6__spatiotemporal_128.256_2018-01-01T13_2022-12-31T23_no_na_land
Loading training data...
Data loaded!
mse_64_1e-05_1e-17_0.5_4_1_16_0.5_128_0.0_unet-se_day06
Training the model...

Epoch 1: val_loss improved from inf to 0.00042, saving model to /p/project1/cesmtst/patakchiyousefi1/HPT/mse_64_1e-05_1e-17_0.5_4_1_16_0.5_128_0.0_unet-se_day06.h5

Epoch 3: val_loss improved from 0.00018 to 0.00011, saving model to /p/project1/cesmtst/patakchiyousefi1/HPT/mse_64_0.0001_1e-17_0.5_4_4_16_0.5_128_0.0_unet-se_day06.h5
train_data_hourly_pr_['ADAPTER_DE05.day06.merged.nc']_['ADAPTER_DE05.day01.merged.nc']_MM_6__spatiotemporal_128.256_2018-01-01T13_2022-12-31T23_no_na_land
Loading training data...
Data loaded!
mse_64_0.0001_1e-17_0.5_4_1_16_0.5_128_0.0_unet-se_day06
Training the model...

Epoch 1: val_loss improved from inf to 0.00011, saving model to /p/project1/cesmtst/patakchiyousefi1/HPT/mse_64_0.0001_1e-17_0.5_4_1_16_0.5_128_0.0_unet-se_day06.h5

Epoch 5: val_loss improved from 0.00157 to 0.00111, saving model to /p/project1/cesmtst/patakchiyousefi1/HPT/mse_64_1e-05_1e-17_0.5_4_8_16_0.5_128_0.0_unet-se_day06.h5

Epoch 2: val_loss improved from 0.00443 to 0.00086, saving model to /p/project1/cesmtst/patakchiyousefi1/HPT/mse_64_1e-05_1e-17_0.5_4_2_16_0.5_128_0.0_unet-se_day06.h5
train_data_hourly_pr_['ADAPTER_DE05.day06.merged.nc']_['ADAPTER_DE05.day01.merged.nc']_MM_6__spatiotemporal_128.256_2018-01-01T13_2022-12-31T23_no_na_land
Loading training data...
Data loaded!
mse_64_0.001_1e-17_0.5_4_1_16_0.5_128_0.0_unet-se_day06
Training the model...

Epoch 1: val_loss improved from inf to 0.10304, saving model to /p/project1/cesmtst/patakchiyousefi1/HPT/mse_64_0.001_1e-17_0.5_4_1_16_0.5_128_0.0_unet-se_day06.h5

Epoch 6: val_loss improved from 0.00010 to 0.00008, saving model to /p/project1/cesmtst/patakchiyousefi1/HPT/mse_64_0.0001_1e-17_0.5_4_8_16_0.5_128_0.0_unet-se_day06.h5

Epoch 2: val_loss improved from 0.00015 to 0.00007, saving model to /p/project1/cesmtst/patakchiyousefi1/HPT/mse_64_0.0001_1e-17_0.5_4_2_16_0.5_128_0.0_unet-se_day06.h5

Epoch 2: val_loss did not improve from 0.00014

Epoch 4: val_loss improved from 0.00080 to 0.00047, saving model to /p/project1/cesmtst/patakchiyousefi1/HPT/mse_64_1e-05_1e-17_0.5_4_4_16_0.5_128_0.0_unet-se_day06.h5

Epoch 6: val_loss improved from 0.00111 to 0.00080, saving model to /p/project1/cesmtst/patakchiyousefi1/HPT/mse_64_1e-05_1e-17_0.5_4_8_16_0.5_128_0.0_unet-se_day06.h5

Epoch 4: val_loss improved from 0.00011 to 0.00008, saving model to /p/project1/cesmtst/patakchiyousefi1/HPT/mse_64_0.0001_1e-17_0.5_4_4_16_0.5_128_0.0_unet-se_day06.h5

Epoch 7: val_loss improved from 0.00080 to 0.00058, saving model to /p/project1/cesmtst/patakchiyousefi1/HPT/mse_64_1e-05_1e-17_0.5_4_8_16_0.5_128_0.0_unet-se_day06.h5

Epoch 7: val_loss improved from 0.00008 to 0.00007, saving model to /p/project1/cesmtst/patakchiyousefi1/HPT/mse_64_0.0001_1e-17_0.5_4_8_16_0.5_128_0.0_unet-se_day06.h5

Epoch 5: val_loss improved from 0.00047 to 0.00029, saving model to /p/project1/cesmtst/patakchiyousefi1/HPT/mse_64_1e-05_1e-17_0.5_4_4_16_0.5_128_0.0_unet-se_day06.h5

Epoch 3: val_loss improved from 0.00086 to 0.00024, saving model to /p/project1/cesmtst/patakchiyousefi1/HPT/mse_64_1e-05_1e-17_0.5_4_2_16_0.5_128_0.0_unet-se_day06.h5

Epoch 5: val_loss improved from 0.00008 to 0.00006, saving model to /p/project1/cesmtst/patakchiyousefi1/HPT/mse_64_0.0001_1e-17_0.5_4_4_16_0.5_128_0.0_unet-se_day06.h5

Epoch 8: val_loss improved from 0.00007 to 0.00007, saving model to /p/project1/cesmtst/patakchiyousefi1/HPT/mse_64_0.0001_1e-17_0.5_4_8_16_0.5_128_0.0_unet-se_day06.h5

Epoch 3: val_loss improved from 0.00007 to 0.00007, saving model to /p/project1/cesmtst/patakchiyousefi1/HPT/mse_64_0.0001_1e-17_0.5_4_2_16_0.5_128_0.0_unet-se_day06.h5

Epoch 3: val_loss did not improve from 0.00014

Epoch 8: val_loss improved from 0.00058 to 0.00042, saving model to /p/project1/cesmtst/patakchiyousefi1/HPT/mse_64_1e-05_1e-17_0.5_4_8_16_0.5_128_0.0_unet-se_day06.h5

Epoch 9: val_loss improved from 0.00007 to 0.00007, saving model to /p/project1/cesmtst/patakchiyousefi1/HPT/mse_64_0.0001_1e-17_0.5_4_8_16_0.5_128_0.0_unet-se_day06.h5

Epoch 6: val_loss improved from 0.00029 to 0.00019, saving model to /p/project1/cesmtst/patakchiyousefi1/HPT/mse_64_1e-05_1e-17_0.5_4_4_16_0.5_128_0.0_unet-se_day06.h5

Epoch 6: val_loss improved from 0.00006 to 0.00006, saving model to /p/project1/cesmtst/patakchiyousefi1/HPT/mse_64_0.0001_1e-17_0.5_4_4_16_0.5_128_0.0_unet-se_day06.h5

Epoch 10: val_loss improved from 0.00007 to 0.00006, saving model to /p/project1/cesmtst/patakchiyousefi1/HPT/mse_64_0.0001_1e-17_0.5_4_8_16_0.5_128_0.0_unet-se_day06.h5

Epoch 2: val_loss improved from 0.00042 to 0.00008, saving model to /p/project1/cesmtst/patakchiyousefi1/HPT/mse_64_1e-05_1e-17_0.5_4_1_16_0.5_128_0.0_unet-se_day06.h5

Epoch 2: val_loss improved from 0.00011 to 0.00008, saving model to /p/project1/cesmtst/patakchiyousefi1/HPT/mse_64_0.0001_1e-17_0.5_4_1_16_0.5_128_0.0_unet-se_day06.h5

Epoch 9: val_loss improved from 0.00042 to 0.00032, saving model to /p/project1/cesmtst/patakchiyousefi1/HPT/mse_64_1e-05_1e-17_0.5_4_8_16_0.5_128_0.0_unet-se_day06.h5

Epoch 2: val_loss improved from 0.10304 to 0.00008, saving model to /p/project1/cesmtst/patakchiyousefi1/HPT/mse_64_0.001_1e-17_0.5_4_1_16_0.5_128_0.0_unet-se_day06.h5

Epoch 11: val_loss improved from 0.00006 to 0.00006, saving model to /p/project1/cesmtst/patakchiyousefi1/HPT/mse_64_0.0001_1e-17_0.5_4_8_16_0.5_128_0.0_unet-se_day06.h5

Epoch 7: val_loss improved from 0.00019 to 0.00013, saving model to /p/project1/cesmtst/patakchiyousefi1/HPT/mse_64_1e-05_1e-17_0.5_4_4_16_0.5_128_0.0_unet-se_day06.h5

Epoch 4: val_loss improved from 0.00024 to 0.00011, saving model to /p/project1/cesmtst/patakchiyousefi1/HPT/mse_64_1e-05_1e-17_0.5_4_2_16_0.5_128_0.0_unet-se_day06.h5

Epoch 7: val_loss did not improve from 0.00006

Epoch 4: val_loss did not improve from 0.00007

Epoch 10: val_loss improved from 0.00032 to 0.00026, saving model to /p/project1/cesmtst/patakchiyousefi1/HPT/mse_64_1e-05_1e-17_0.5_4_8_16_0.5_128_0.0_unet-se_day06.h5

Epoch 4: val_loss did not improve from 0.00014

Epoch 12: val_loss improved from 0.00006 to 0.00006, saving model to /p/project1/cesmtst/patakchiyousefi1/HPT/mse_64_0.0001_1e-17_0.5_4_8_16_0.5_128_0.0_unet-se_day06.h5

Epoch 11: val_loss improved from 0.00026 to 0.00021, saving model to /p/project1/cesmtst/patakchiyousefi1/HPT/mse_64_1e-05_1e-17_0.5_4_8_16_0.5_128_0.0_unet-se_day06.h5

Epoch 8: val_loss improved from 0.00013 to 0.00010, saving model to /p/project1/cesmtst/patakchiyousefi1/HPT/mse_64_1e-05_1e-17_0.5_4_4_16_0.5_128_0.0_unet-se_day06.h5

Epoch 8: val_loss did not improve from 0.00006

Epoch 13: val_loss improved from 0.00006 to 0.00006, saving model to /p/project1/cesmtst/patakchiyousefi1/HPT/mse_64_0.0001_1e-17_0.5_4_8_16_0.5_128_0.0_unet-se_day06.h5

Epoch 12: val_loss improved from 0.00021 to 0.00018, saving model to /p/project1/cesmtst/patakchiyousefi1/HPT/mse_64_1e-05_1e-17_0.5_4_8_16_0.5_128_0.0_unet-se_day06.h5

Epoch 5: val_loss improved from 0.00011 to 0.00008, saving model to /p/project1/cesmtst/patakchiyousefi1/HPT/mse_64_1e-05_1e-17_0.5_4_2_16_0.5_128_0.0_unet-se_day06.h5

Epoch 5: val_loss improved from 0.00007 to 0.00006, saving model to /p/project1/cesmtst/patakchiyousefi1/HPT/mse_64_0.0001_1e-17_0.5_4_2_16_0.5_128_0.0_unet-se_day06.h5

Epoch 14: val_loss did not improve from 0.00006

Epoch 5: val_loss did not improve from 0.00014

Epoch 9: val_loss improved from 0.00010 to 0.00009, saving model to /p/project1/cesmtst/patakchiyousefi1/HPT/mse_64_1e-05_1e-17_0.5_4_4_16_0.5_128_0.0_unet-se_day06.h5

Epoch 9: val_loss did not improve from 0.00006

Epoch 13: val_loss improved from 0.00018 to 0.00015, saving model to /p/project1/cesmtst/patakchiyousefi1/HPT/mse_64_1e-05_1e-17_0.5_4_8_16_0.5_128_0.0_unet-se_day06.h5

Epoch 15: val_loss did not improve from 0.00006

Epoch 3: val_loss improved from 0.00008 to 0.00007, saving model to /p/project1/cesmtst/patakchiyousefi1/HPT/mse_64_1e-05_1e-17_0.5_4_1_16_0.5_128_0.0_unet-se_day06.h5

Epoch 3: val_loss did not improve from 0.00008

Epoch 14: val_loss improved from 0.00015 to 0.00013, saving model to /p/project1/cesmtst/patakchiyousefi1/HPT/mse_64_1e-05_1e-17_0.5_4_8_16_0.5_128_0.0_unet-se_day06.h5

Epoch 10: val_loss improved from 0.00009 to 0.00008, saving model to /p/project1/cesmtst/patakchiyousefi1/HPT/mse_64_1e-05_1e-17_0.5_4_4_16_0.5_128_0.0_unet-se_day06.h5

Epoch 3: val_loss improved from 0.00008 to 0.00008, saving model to /p/project1/cesmtst/patakchiyousefi1/HPT/mse_64_0.001_1e-17_0.5_4_1_16_0.5_128_0.0_unet-se_day06.h5

Epoch 16: val_loss did not improve from 0.00006

Epoch 10: val_loss improved from 0.00006 to 0.00006, saving model to /p/project1/cesmtst/patakchiyousefi1/HPT/mse_64_0.0001_1e-17_0.5_4_4_16_0.5_128_0.0_unet-se_day06.h5

Epoch 15: val_loss improved from 0.00013 to 0.00012, saving model to /p/project1/cesmtst/patakchiyousefi1/HPT/mse_64_1e-05_1e-17_0.5_4_8_16_0.5_128_0.0_unet-se_day06.h5

Epoch 17: val_loss did not improve from 0.00006

Epoch 6: val_loss improved from 0.00014 to 0.00007, saving model to /p/project1/cesmtst/patakchiyousefi1/HPT/mse_64_0.001_1e-17_0.5_4_2_16_0.5_128_0.0_unet-se_day06.h5

Epoch 6: val_loss improved from 0.00008 to 0.00007, saving model to /p/project1/cesmtst/patakchiyousefi1/HPT/mse_64_1e-05_1e-17_0.5_4_2_16_0.5_128_0.0_unet-se_day06.h5

Epoch 6: val_loss did not improve from 0.00006

Epoch 11: val_loss improved from 0.00008 to 0.00007, saving model to /p/project1/cesmtst/patakchiyousefi1/HPT/mse_64_1e-05_1e-17_0.5_4_4_16_0.5_128_0.0_unet-se_day06.h5

Epoch 16: val_loss improved from 0.00012 to 0.00011, saving model to /p/project1/cesmtst/patakchiyousefi1/HPT/mse_64_1e-05_1e-17_0.5_4_8_16_0.5_128_0.0_unet-se_day06.h5

Epoch 11: val_loss improved from 0.00006 to 0.00006, saving model to /p/project1/cesmtst/patakchiyousefi1/HPT/mse_64_0.0001_1e-17_0.5_4_4_16_0.5_128_0.0_unet-se_day06.h5

Epoch 18: val_loss improved from 0.00006 to 0.00006, saving model to /p/project1/cesmtst/patakchiyousefi1/HPT/mse_64_0.0001_1e-17_0.5_4_8_16_0.5_128_0.0_unet-se_day06.h5

Epoch 17: val_loss improved from 0.00011 to 0.00010, saving model to /p/project1/cesmtst/patakchiyousefi1/HPT/mse_64_1e-05_1e-17_0.5_4_8_16_0.5_128_0.0_unet-se_day06.h5

Epoch 19: val_loss improved from 0.00006 to 0.00006, saving model to /p/project1/cesmtst/patakchiyousefi1/HPT/mse_64_0.0001_1e-17_0.5_4_8_16_0.5_128_0.0_unet-se_day06.h5

Epoch 12: val_loss improved from 0.00007 to 0.00007, saving model to /p/project1/cesmtst/patakchiyousefi1/HPT/mse_64_1e-05_1e-17_0.5_4_4_16_0.5_128_0.0_unet-se_day06.h5

Epoch 12: val_loss improved from 0.00006 to 0.00006, saving model to /p/project1/cesmtst/patakchiyousefi1/HPT/mse_64_0.0001_1e-17_0.5_4_4_16_0.5_128_0.0_unet-se_day06.h5

Epoch 18: val_loss improved from 0.00010 to 0.00010, saving model to /p/project1/cesmtst/patakchiyousefi1/HPT/mse_64_1e-05_1e-17_0.5_4_8_16_0.5_128_0.0_unet-se_day06.h5

Epoch 20: val_loss improved from 0.00006 to 0.00006, saving model to /p/project1/cesmtst/patakchiyousefi1/HPT/mse_64_0.0001_1e-17_0.5_4_8_16_0.5_128_0.0_unet-se_day06.h5

Epoch 7: val_loss improved from 0.00007 to 0.00006, saving model to /p/project1/cesmtst/patakchiyousefi1/HPT/mse_64_0.001_1e-17_0.5_4_2_16_0.5_128_0.0_unet-se_day06.h5

Epoch 7: val_loss did not improve from 0.00006

Epoch 7: val_loss improved from 0.00007 to 0.00007, saving model to /p/project1/cesmtst/patakchiyousefi1/HPT/mse_64_1e-05_1e-17_0.5_4_2_16_0.5_128_0.0_unet-se_day06.h5

Epoch 21: val_loss improved from 0.00006 to 0.00006, saving model to /p/project1/cesmtst/patakchiyousefi1/HPT/mse_64_0.0001_1e-17_0.5_4_8_16_0.5_128_0.0_unet-se_day06.h5

Epoch 13: val_loss improved from 0.00007 to 0.00006, saving model to /p/project1/cesmtst/patakchiyousefi1/HPT/mse_64_1e-05_1e-17_0.5_4_4_16_0.5_128_0.0_unet-se_day06.h5

Epoch 4: val_loss improved from 0.00008 to 0.00006, saving model to /p/project1/cesmtst/patakchiyousefi1/HPT/mse_64_0.0001_1e-17_0.5_4_1_16_0.5_128_0.0_unet-se_day06.h5

Epoch 13: val_loss did not improve from 0.00006

Epoch 19: val_loss improved from 0.00010 to 0.00009, saving model to /p/project1/cesmtst/patakchiyousefi1/HPT/mse_64_1e-05_1e-17_0.5_4_8_16_0.5_128_0.0_unet-se_day06.h5

Epoch 4: val_loss improved from 0.00007 to 0.00006, saving model to /p/project1/cesmtst/patakchiyousefi1/HPT/mse_64_1e-05_1e-17_0.5_4_1_16_0.5_128_0.0_unet-se_day06.h5

Epoch 4: val_loss improved from 0.00008 to 0.00006, saving model to /p/project1/cesmtst/patakchiyousefi1/HPT/mse_64_0.001_1e-17_0.5_4_1_16_0.5_128_0.0_unet-se_day06.h5

Epoch 22: val_loss improved from 0.00006 to 0.00006, saving model to /p/project1/cesmtst/patakchiyousefi1/HPT/mse_64_0.0001_1e-17_0.5_4_8_16_0.5_128_0.0_unet-se_day06.h5

Epoch 20: val_loss improved from 0.00009 to 0.00009, saving model to /p/project1/cesmtst/patakchiyousefi1/HPT/mse_64_1e-05_1e-17_0.5_4_8_16_0.5_128_0.0_unet-se_day06.h5

Epoch 23: val_loss did not improve from 0.00006

Epoch 14: val_loss improved from 0.00006 to 0.00006, saving model to /p/project1/cesmtst/patakchiyousefi1/HPT/mse_64_1e-05_1e-17_0.5_4_4_16_0.5_128_0.0_unet-se_day06.h5

Epoch 14: val_loss did not improve from 0.00006

Epoch 8: val_loss did not improve from 0.00006

Epoch 8: val_loss did not improve from 0.00006

Epoch 21: val_loss improved from 0.00009 to 0.00008, saving model to /p/project1/cesmtst/patakchiyousefi1/HPT/mse_64_1e-05_1e-17_0.5_4_8_16_0.5_128_0.0_unet-se_day06.h5

Epoch 8: val_loss improved from 0.00007 to 0.00006, saving model to /p/project1/cesmtst/patakchiyousefi1/HPT/mse_64_1e-05_1e-17_0.5_4_2_16_0.5_128_0.0_unet-se_day06.h5

Epoch 24: val_loss did not improve from 0.00006

Epoch 22: val_loss improved from 0.00008 to 0.00008, saving model to /p/project1/cesmtst/patakchiyousefi1/HPT/mse_64_1e-05_1e-17_0.5_4_8_16_0.5_128_0.0_unet-se_day06.h5

Epoch 25: val_loss did not improve from 0.00006

Epoch 15: val_loss improved from 0.00006 to 0.00006, saving model to /p/project1/cesmtst/patakchiyousefi1/HPT/mse_64_1e-05_1e-17_0.5_4_4_16_0.5_128_0.0_unet-se_day06.h5

Epoch 15: val_loss did not improve from 0.00006

Epoch 26: val_loss did not improve from 0.00006

Epoch 9: val_loss did not improve from 0.00006

Epoch 16: val_loss improved from 0.00006 to 0.00006, saving model to /p/project1/cesmtst/patakchiyousefi1/HPT/mse_64_1e-05_1e-17_0.5_4_4_16_0.5_128_0.0_unet-se_day06.h5

Epoch 23: val_loss improved from 0.00008 to 0.00007, saving model to /p/project1/cesmtst/patakchiyousefi1/HPT/mse_64_1e-05_1e-17_0.5_4_8_16_0.5_128_0.0_unet-se_day06.h5

Epoch 27: val_loss did not improve from 0.00006

Epoch 16: val_loss did not improve from 0.00006

Epoch 9: val_loss improved from 0.00006 to 0.00006, saving model to /p/project1/cesmtst/patakchiyousefi1/HPT/mse_64_1e-05_1e-17_0.5_4_2_16_0.5_128_0.0_unet-se_day06.h5

Epoch 9: val_loss improved from 0.00006 to 0.00006, saving model to /p/project1/cesmtst/patakchiyousefi1/HPT/mse_64_0.0001_1e-17_0.5_4_2_16_0.5_128_0.0_unet-se_day06.h5

Epoch 5: val_loss improved from 0.00006 to 0.00006, saving model to /p/project1/cesmtst/patakchiyousefi1/HPT/mse_64_0.0001_1e-17_0.5_4_1_16_0.5_128_0.0_unet-se_day06.h5

Epoch 24: val_loss improved from 0.00007 to 0.00007, saving model to /p/project1/cesmtst/patakchiyousefi1/HPT/mse_64_1e-05_1e-17_0.5_4_8_16_0.5_128_0.0_unet-se_day06.h5

Epoch 5: val_loss did not improve from 0.00006

Epoch 28: val_loss did not improve from 0.00006

Epoch 5: val_loss improved from 0.00006 to 0.00006, saving model to /p/project1/cesmtst/patakchiyousefi1/HPT/mse_64_1e-05_1e-17_0.5_4_1_16_0.5_128_0.0_unet-se_day06.h5

Epoch 17: val_loss improved from 0.00006 to 0.00006, saving model to /p/project1/cesmtst/patakchiyousefi1/HPT/mse_64_1e-05_1e-17_0.5_4_4_16_0.5_128_0.0_unet-se_day06.h5

Epoch 25: val_loss improved from 0.00007 to 0.00007, saving model to /p/project1/cesmtst/patakchiyousefi1/HPT/mse_64_1e-05_1e-17_0.5_4_8_16_0.5_128_0.0_unet-se_day06.h5

Epoch 29: val_loss did not improve from 0.00006

Epoch 17: val_loss improved from 0.00006 to 0.00006, saving model to /p/project1/cesmtst/patakchiyousefi1/HPT/mse_64_0.0001_1e-17_0.5_4_4_16_0.5_128_0.0_unet-se_day06.h5

Epoch 10: val_loss did not improve from 0.00006

Epoch 26: val_loss improved from 0.00007 to 0.00007, saving model to /p/project1/cesmtst/patakchiyousefi1/HPT/mse_64_1e-05_1e-17_0.5_4_8_16_0.5_128_0.0_unet-se_day06.h5

Epoch 30: val_loss did not improve from 0.00006

Epoch 10: val_loss improved from 0.00006 to 0.00006, saving model to /p/project1/cesmtst/patakchiyousefi1/HPT/mse_64_1e-05_1e-17_0.5_4_2_16_0.5_128_0.0_unet-se_day06.h5

Epoch 10: val_loss improved from 0.00006 to 0.00006, saving model to /p/project1/cesmtst/patakchiyousefi1/HPT/mse_64_0.0001_1e-17_0.5_4_2_16_0.5_128_0.0_unet-se_day06.h5

Epoch 18: val_loss improved from 0.00006 to 0.00006, saving model to /p/project1/cesmtst/patakchiyousefi1/HPT/mse_64_1e-05_1e-17_0.5_4_4_16_0.5_128_0.0_unet-se_day06.h5

Epoch 18: val_loss improved from 0.00006 to 0.00006, saving model to /p/project1/cesmtst/patakchiyousefi1/HPT/mse_64_0.0001_1e-17_0.5_4_4_16_0.5_128_0.0_unet-se_day06.h5

Epoch 31: val_loss did not improve from 0.00006

Epoch 27: val_loss improved from 0.00007 to 0.00006, saving model to /p/project1/cesmtst/patakchiyousefi1/HPT/mse_64_1e-05_1e-17_0.5_4_8_16_0.5_128_0.0_unet-se_day06.h5

Epoch 32: val_loss did not improve from 0.00006

Epoch 19: val_loss improved from 0.00006 to 0.00006, saving model to /p/project1/cesmtst/patakchiyousefi1/HPT/mse_64_1e-05_1e-17_0.5_4_4_16_0.5_128_0.0_unet-se_day06.h5

Epoch 19: val_loss improved from 0.00006 to 0.00006, saving model to /p/project1/cesmtst/patakchiyousefi1/HPT/mse_64_0.0001_1e-17_0.5_4_4_16_0.5_128_0.0_unet-se_day06.h5

Epoch 28: val_loss improved from 0.00006 to 0.00006, saving model to /p/project1/cesmtst/patakchiyousefi1/HPT/mse_64_1e-05_1e-17_0.5_4_8_16_0.5_128_0.0_unet-se_day06.h5

Epoch 33: val_loss did not improve from 0.00006

Epoch 11: val_loss improved from 0.00006 to 0.00006, saving model to /p/project1/cesmtst/patakchiyousefi1/HPT/mse_64_0.001_1e-17_0.5_4_2_16_0.5_128_0.0_unet-se_day06.h5

Epoch 11: val_loss improved from 0.00006 to 0.00006, saving model to /p/project1/cesmtst/patakchiyousefi1/HPT/mse_64_1e-05_1e-17_0.5_4_2_16_0.5_128_0.0_unet-se_day06.h5

Epoch 6: val_loss improved from 0.00006 to 0.00006, saving model to /p/project1/cesmtst/patakchiyousefi1/HPT/mse_64_0.0001_1e-17_0.5_4_1_16_0.5_128_0.0_unet-se_day06.h5

Epoch 11: val_loss did not improve from 0.00006

Epoch 29: val_loss improved from 0.00006 to 0.00006, saving model to /p/project1/cesmtst/patakchiyousefi1/HPT/mse_64_1e-05_1e-17_0.5_4_8_16_0.5_128_0.0_unet-se_day06.h5

Epoch 6: val_loss improved from 0.00006 to 0.00006, saving model to /p/project1/cesmtst/patakchiyousefi1/HPT/mse_64_0.001_1e-17_0.5_4_1_16_0.5_128_0.0_unet-se_day06.h5

Epoch 34: val_loss did not improve from 0.00006

Epoch 20: val_loss improved from 0.00006 to 0.00006, saving model to /p/project1/cesmtst/patakchiyousefi1/HPT/mse_64_1e-05_1e-17_0.5_4_4_16_0.5_128_0.0_unet-se_day06.h5

Epoch 6: val_loss improved from 0.00006 to 0.00006, saving model to /p/project1/cesmtst/patakchiyousefi1/HPT/mse_64_1e-05_1e-17_0.5_4_1_16_0.5_128_0.0_unet-se_day06.h5

Epoch 20: val_loss improved from 0.00006 to 0.00006, saving model to /p/project1/cesmtst/patakchiyousefi1/HPT/mse_64_0.0001_1e-17_0.5_4_4_16_0.5_128_0.0_unet-se_day06.h5

Epoch 30: val_loss improved from 0.00006 to 0.00006, saving model to /p/project1/cesmtst/patakchiyousefi1/HPT/mse_64_1e-05_1e-17_0.5_4_8_16_0.5_128_0.0_unet-se_day06.h5

Epoch 35: val_loss did not improve from 0.00006

Epoch 36: val_loss did not improve from 0.00006

Epoch 31: val_loss improved from 0.00006 to 0.00006, saving model to /p/project1/cesmtst/patakchiyousefi1/HPT/mse_64_1e-05_1e-17_0.5_4_8_16_0.5_128_0.0_unet-se_day06.h5

Epoch 21: val_loss improved from 0.00006 to 0.00006, saving model to /p/project1/cesmtst/patakchiyousefi1/HPT/mse_64_1e-05_1e-17_0.5_4_4_16_0.5_128_0.0_unet-se_day06.h5

Epoch 12: val_loss did not improve from 0.00006

Epoch 21: val_loss did not improve from 0.00006

Epoch 37: val_loss did not improve from 0.00006

Epoch 32: val_loss improved from 0.00006 to 0.00006, saving model to /p/project1/cesmtst/patakchiyousefi1/HPT/mse_64_1e-05_1e-17_0.5_4_8_16_0.5_128_0.0_unet-se_day06.h5

Epoch 12: val_loss did not improve from 0.00006

Epoch 12: val_loss improved from 0.00006 to 0.00006, saving model to /p/project1/cesmtst/patakchiyousefi1/HPT/mse_64_1e-05_1e-17_0.5_4_2_16_0.5_128_0.0_unet-se_day06.h5

Epoch 22: val_loss improved from 0.00006 to 0.00006, saving model to /p/project1/cesmtst/patakchiyousefi1/HPT/mse_64_1e-05_1e-17_0.5_4_4_16_0.5_128_0.0_unet-se_day06.h5

Epoch 38: val_loss did not improve from 0.00006
Saving and plotting the results...

Epoch 33: val_loss improved from 0.00006 to 0.00006, saving model to /p/project1/cesmtst/patakchiyousefi1/HPT/mse_64_1e-05_1e-17_0.5_4_8_16_0.5_128_0.0_unet-se_day06.h5

Epoch 22: val_loss did not improve from 0.00006

Epoch 34: val_loss improved from 0.00006 to 0.00006, saving model to /p/project1/cesmtst/patakchiyousefi1/HPT/mse_64_1e-05_1e-17_0.5_4_8_16_0.5_128_0.0_unet-se_day06.h5

Epoch 13: val_loss improved from 0.00006 to 0.00006, saving model to /p/project1/cesmtst/patakchiyousefi1/HPT/mse_64_0.001_1e-17_0.5_4_2_16_0.5_128_0.0_unet-se_day06.h5

Epoch 7: val_loss did not improve from 0.00006

Epoch 23: val_loss improved from 0.00006 to 0.00006, saving model to /p/project1/cesmtst/patakchiyousefi1/HPT/mse_64_1e-05_1e-17_0.5_4_4_16_0.5_128_0.0_unet-se_day06.h5

Epoch 7: val_loss did not improve from 0.00006

Epoch 23: val_loss did not improve from 0.00006

Epoch 13: val_loss improved from 0.00006 to 0.00006, saving model to /p/project1/cesmtst/patakchiyousefi1/HPT/mse_64_0.0001_1e-17_0.5_4_2_16_0.5_128_0.0_unet-se_day06.h5

Epoch 7: val_loss improved from 0.00006 to 0.00006, saving model to /p/project1/cesmtst/patakchiyousefi1/HPT/mse_64_1e-05_1e-17_0.5_4_1_16_0.5_128_0.0_unet-se_day06.h5

Epoch 35: val_loss improved from 0.00006 to 0.00006, saving model to /p/project1/cesmtst/patakchiyousefi1/HPT/mse_64_1e-05_1e-17_0.5_4_8_16_0.5_128_0.0_unet-se_day06.h5

Epoch 24: val_loss improved from 0.00006 to 0.00006, saving model to /p/project1/cesmtst/patakchiyousefi1/HPT/mse_64_1e-05_1e-17_0.5_4_4_16_0.5_128_0.0_unet-se_day06.h5

Epoch 24: val_loss did not improve from 0.00006

Epoch 13: val_loss improved from 0.00006 to 0.00006, saving model to /p/project1/cesmtst/patakchiyousefi1/HPT/mse_64_1e-05_1e-17_0.5_4_2_16_0.5_128_0.0_unet-se_day06.h5

Epoch 36: val_loss improved from 0.00006 to 0.00006, saving model to /p/project1/cesmtst/patakchiyousefi1/HPT/mse_64_1e-05_1e-17_0.5_4_8_16_0.5_128_0.0_unet-se_day06.h5

Epoch 14: val_loss improved from 0.00006 to 0.00006, saving model to /p/project1/cesmtst/patakchiyousefi1/HPT/mse_64_0.001_1e-17_0.5_4_2_16_0.5_128_0.0_unet-se_day06.h5

Epoch 25: val_loss improved from 0.00006 to 0.00006, saving model to /p/project1/cesmtst/patakchiyousefi1/HPT/mse_64_1e-05_1e-17_0.5_4_4_16_0.5_128_0.0_unet-se_day06.h5

Epoch 25: val_loss improved from 0.00006 to 0.00006, saving model to /p/project1/cesmtst/patakchiyousefi1/HPT/mse_64_0.0001_1e-17_0.5_4_4_16_0.5_128_0.0_unet-se_day06.h5

Epoch 14: val_loss improved from 0.00006 to 0.00006, saving model to /p/project1/cesmtst/patakchiyousefi1/HPT/mse_64_0.0001_1e-17_0.5_4_2_16_0.5_128_0.0_unet-se_day06.h5

Epoch 37: val_loss improved from 0.00006 to 0.00006, saving model to /p/project1/cesmtst/patakchiyousefi1/HPT/mse_64_1e-05_1e-17_0.5_4_8_16_0.5_128_0.0_unet-se_day06.h5

Epoch 38: val_loss improved from 0.00006 to 0.00006, saving model to /p/project1/cesmtst/patakchiyousefi1/HPT/mse_64_1e-05_1e-17_0.5_4_8_16_0.5_128_0.0_unet-se_day06.h5

Epoch 14: val_loss improved from 0.00006 to 0.00006, saving model to /p/project1/cesmtst/patakchiyousefi1/HPT/mse_64_1e-05_1e-17_0.5_4_2_16_0.5_128_0.0_unet-se_day06.h5

Epoch 26: val_loss improved from 0.00006 to 0.00006, saving model to /p/project1/cesmtst/patakchiyousefi1/HPT/mse_64_1e-05_1e-17_0.5_4_4_16_0.5_128_0.0_unet-se_day06.h5

Epoch 26: val_loss improved from 0.00006 to 0.00006, saving model to /p/project1/cesmtst/patakchiyousefi1/HPT/mse_64_0.0001_1e-17_0.5_4_4_16_0.5_128_0.0_unet-se_day06.h5

Epoch 8: val_loss did not improve from 0.00006
train_data_hourly_pr_['ADAPTER_DE05.day06.merged.nc']_['ADAPTER_DE05.day01.merged.nc']_MM_6__spatiotemporal_128.256_2018-01-01T13_2022-12-31T23_no_na_land
Loading training data...
Data loaded!
mse_64_0.01_1e-17_0.5_4_1_16_0.5_128_0.0_unet-se_day06
Training the model...

Epoch 1: val_loss improved from inf to 0.00014, saving model to /p/project1/cesmtst/patakchiyousefi1/HPT/mse_64_0.01_1e-17_0.5_4_1_16_0.5_128_0.0_unet-se_day06.h5

Epoch 15: val_loss improved from 0.00006 to 0.00006, saving model to /p/project1/cesmtst/patakchiyousefi1/HPT/mse_64_0.001_1e-17_0.5_4_2_16_0.5_128_0.0_unet-se_day06.h5

Epoch 39: val_loss improved from 0.00006 to 0.00006, saving model to /p/project1/cesmtst/patakchiyousefi1/HPT/mse_64_1e-05_1e-17_0.5_4_8_16_0.5_128_0.0_unet-se_day06.h5

Epoch 8: val_loss did not improve from 0.00006

Epoch 8: val_loss improved from 0.00006 to 0.00006, saving model to /p/project1/cesmtst/patakchiyousefi1/HPT/mse_64_1e-05_1e-17_0.5_4_1_16_0.5_128_0.0_unet-se_day06.h5

Epoch 27: val_loss improved from 0.00006 to 0.00006, saving model to /p/project1/cesmtst/patakchiyousefi1/HPT/mse_64_1e-05_1e-17_0.5_4_4_16_0.5_128_0.0_unet-se_day06.h5

Epoch 15: val_loss did not improve from 0.00006

Epoch 40: val_loss improved from 0.00006 to 0.00006, saving model to /p/project1/cesmtst/patakchiyousefi1/HPT/mse_64_1e-05_1e-17_0.5_4_8_16_0.5_128_0.0_unet-se_day06.h5

Epoch 27: val_loss did not improve from 0.00006

Epoch 41: val_loss improved from 0.00006 to 0.00006, saving model to /p/project1/cesmtst/patakchiyousefi1/HPT/mse_64_1e-05_1e-17_0.5_4_8_16_0.5_128_0.0_unet-se_day06.h5

Epoch 15: val_loss improved from 0.00006 to 0.00006, saving model to /p/project1/cesmtst/patakchiyousefi1/HPT/mse_64_1e-05_1e-17_0.5_4_2_16_0.5_128_0.0_unet-se_day06.h5

Epoch 28: val_loss improved from 0.00006 to 0.00006, saving model to /p/project1/cesmtst/patakchiyousefi1/HPT/mse_64_1e-05_1e-17_0.5_4_4_16_0.5_128_0.0_unet-se_day06.h5

Epoch 28: val_loss did not improve from 0.00006

Epoch 42: val_loss improved from 0.00006 to 0.00006, saving model to /p/project1/cesmtst/patakchiyousefi1/HPT/mse_64_1e-05_1e-17_0.5_4_8_16_0.5_128_0.0_unet-se_day06.h5

Epoch 16: val_loss did not improve from 0.00006

Epoch 43: val_loss improved from 0.00006 to 0.00006, saving model to /p/project1/cesmtst/patakchiyousefi1/HPT/mse_64_1e-05_1e-17_0.5_4_8_16_0.5_128_0.0_unet-se_day06.h5

Epoch 16: val_loss did not improve from 0.00006

Epoch 29: val_loss improved from 0.00006 to 0.00006, saving model to /p/project1/cesmtst/patakchiyousefi1/HPT/mse_64_1e-05_1e-17_0.5_4_4_16_0.5_128_0.0_unet-se_day06.h5

Epoch 29: val_loss did not improve from 0.00006

Epoch 44: val_loss improved from 0.00006 to 0.00006, saving model to /p/project1/cesmtst/patakchiyousefi1/HPT/mse_64_1e-05_1e-17_0.5_4_8_16_0.5_128_0.0_unet-se_day06.h5

Epoch 9: val_loss did not improve from 0.00006

Epoch 16: val_loss improved from 0.00006 to 0.00006, saving model to /p/project1/cesmtst/patakchiyousefi1/HPT/mse_64_1e-05_1e-17_0.5_4_2_16_0.5_128_0.0_unet-se_day06.h5

Epoch 2: val_loss did not improve from 0.00014

Epoch 45: val_loss improved from 0.00006 to 0.00006, saving model to /p/project1/cesmtst/patakchiyousefi1/HPT/mse_64_1e-05_1e-17_0.5_4_8_16_0.5_128_0.0_unet-se_day06.h5

Epoch 9: val_loss improved from 0.00006 to 0.00006, saving model to /p/project1/cesmtst/patakchiyousefi1/HPT/mse_64_0.001_1e-17_0.5_4_1_16_0.5_128_0.0_unet-se_day06.h5

Epoch 17: val_loss improved from 0.00006 to 0.00006, saving model to /p/project1/cesmtst/patakchiyousefi1/HPT/mse_64_0.001_1e-17_0.5_4_2_16_0.5_128_0.0_unet-se_day06.h5

Epoch 30: val_loss improved from 0.00006 to 0.00006, saving model to /p/project1/cesmtst/patakchiyousefi1/HPT/mse_64_1e-05_1e-17_0.5_4_4_16_0.5_128_0.0_unet-se_day06.h5

Epoch 30: val_loss did not improve from 0.00006

Epoch 9: val_loss improved from 0.00006 to 0.00006, saving model to /p/project1/cesmtst/patakchiyousefi1/HPT/mse_64_1e-05_1e-17_0.5_4_1_16_0.5_128_0.0_unet-se_day06.h5

Epoch 46: val_loss improved from 0.00006 to 0.00006, saving model to /p/project1/cesmtst/patakchiyousefi1/HPT/mse_64_1e-05_1e-17_0.5_4_8_16_0.5_128_0.0_unet-se_day06.h5

Epoch 17: val_loss did not improve from 0.00006

Epoch 47: val_loss improved from 0.00006 to 0.00006, saving model to /p/project1/cesmtst/patakchiyousefi1/HPT/mse_64_1e-05_1e-17_0.5_4_8_16_0.5_128_0.0_unet-se_day06.h5

Epoch 31: val_loss did not improve from 0.00006

Epoch 31: val_loss improved from 0.00006 to 0.00006, saving model to /p/project1/cesmtst/patakchiyousefi1/HPT/mse_64_1e-05_1e-17_0.5_4_4_16_0.5_128_0.0_unet-se_day06.h5

Epoch 17: val_loss improved from 0.00006 to 0.00006, saving model to /p/project1/cesmtst/patakchiyousefi1/HPT/mse_64_1e-05_1e-17_0.5_4_2_16_0.5_128_0.0_unet-se_day06.h5

Epoch 48: val_loss improved from 0.00006 to 0.00006, saving model to /p/project1/cesmtst/patakchiyousefi1/HPT/mse_64_1e-05_1e-17_0.5_4_8_16_0.5_128_0.0_unet-se_day06.h5

Epoch 18: val_loss improved from 0.00006 to 0.00006, saving model to /p/project1/cesmtst/patakchiyousefi1/HPT/mse_64_0.001_1e-17_0.5_4_2_16_0.5_128_0.0_unet-se_day06.h5

Epoch 49: val_loss improved from 0.00006 to 0.00006, saving model to /p/project1/cesmtst/patakchiyousefi1/HPT/mse_64_1e-05_1e-17_0.5_4_8_16_0.5_128_0.0_unet-se_day06.h5

Epoch 32: val_loss did not improve from 0.00006

Epoch 32: val_loss improved from 0.00006 to 0.00006, saving model to /p/project1/cesmtst/patakchiyousefi1/HPT/mse_64_1e-05_1e-17_0.5_4_4_16_0.5_128_0.0_unet-se_day06.h5

Epoch 18: val_loss did not improve from 0.00006

Epoch 10: val_loss did not improve from 0.00006

Epoch 50: val_loss improved from 0.00006 to 0.00006, saving model to /p/project1/cesmtst/patakchiyousefi1/HPT/mse_64_1e-05_1e-17_0.5_4_8_16_0.5_128_0.0_unet-se_day06.h5

Epoch 3: val_loss did not improve from 0.00014

Epoch 18: val_loss improved from 0.00006 to 0.00006, saving model to /p/project1/cesmtst/patakchiyousefi1/HPT/mse_64_1e-05_1e-17_0.5_4_2_16_0.5_128_0.0_unet-se_day06.h5

Epoch 10: val_loss did not improve from 0.00006

Epoch 33: val_loss did not improve from 0.00006

Epoch 51: val_loss improved from 0.00006 to 0.00006, saving model to /p/project1/cesmtst/patakchiyousefi1/HPT/mse_64_1e-05_1e-17_0.5_4_8_16_0.5_128_0.0_unet-se_day06.h5

Epoch 33: val_loss improved from 0.00006 to 0.00006, saving model to /p/project1/cesmtst/patakchiyousefi1/HPT/mse_64_1e-05_1e-17_0.5_4_4_16_0.5_128_0.0_unet-se_day06.h5

Epoch 19: val_loss did not improve from 0.00006

Epoch 10: val_loss improved from 0.00006 to 0.00006, saving model to /p/project1/cesmtst/patakchiyousefi1/HPT/mse_64_1e-05_1e-17_0.5_4_1_16_0.5_128_0.0_unet-se_day06.h5

Epoch 52: val_loss improved from 0.00006 to 0.00006, saving model to /p/project1/cesmtst/patakchiyousefi1/HPT/mse_64_1e-05_1e-17_0.5_4_8_16_0.5_128_0.0_unet-se_day06.h5

Epoch 34: val_loss did not improve from 0.00006

Epoch 19: val_loss did not improve from 0.00006

Epoch 53: val_loss improved from 0.00006 to 0.00006, saving model to /p/project1/cesmtst/patakchiyousefi1/HPT/mse_64_1e-05_1e-17_0.5_4_8_16_0.5_128_0.0_unet-se_day06.h5

Epoch 34: val_loss did not improve from 0.00006

Epoch 19: val_loss improved from 0.00006 to 0.00006, saving model to /p/project1/cesmtst/patakchiyousefi1/HPT/mse_64_1e-05_1e-17_0.5_4_2_16_0.5_128_0.0_unet-se_day06.h5

Epoch 35: val_loss did not improve from 0.00006

Epoch 20: val_loss did not improve from 0.00006

Epoch 35: val_loss did not improve from 0.00006

Epoch 54: val_loss improved from 0.00006 to 0.00006, saving model to /p/project1/cesmtst/patakchiyousefi1/HPT/mse_64_1e-05_1e-17_0.5_4_8_16_0.5_128_0.0_unet-se_day06.h5

Epoch 11: val_loss improved from 0.00006 to 0.00006, saving model to /p/project1/cesmtst/patakchiyousefi1/HPT/mse_64_0.0001_1e-17_0.5_4_1_16_0.5_128_0.0_unet-se_day06.h5

Epoch 20: val_loss did not improve from 0.00006

Epoch 36: val_loss did not improve from 0.00006

Epoch 4: val_loss did not improve from 0.00014

Epoch 36: val_loss did not improve from 0.00006

Epoch 11: val_loss did not improve from 0.00006

Epoch 55: val_loss improved from 0.00006 to 0.00006, saving model to /p/project1/cesmtst/patakchiyousefi1/HPT/mse_64_1e-05_1e-17_0.5_4_8_16_0.5_128_0.0_unet-se_day06.h5

Epoch 20: val_loss improved from 0.00006 to 0.00006, saving model to /p/project1/cesmtst/patakchiyousefi1/HPT/mse_64_1e-05_1e-17_0.5_4_2_16_0.5_128_0.0_unet-se_day06.h5

Epoch 11: val_loss improved from 0.00006 to 0.00006, saving model to /p/project1/cesmtst/patakchiyousefi1/HPT/mse_64_1e-05_1e-17_0.5_4_1_16_0.5_128_0.0_unet-se_day06.h5

Epoch 21: val_loss improved from 0.00006 to 0.00006, saving model to /p/project1/cesmtst/patakchiyousefi1/HPT/mse_64_0.001_1e-17_0.5_4_2_16_0.5_128_0.0_unet-se_day06.h5

Epoch 56: val_loss improved from 0.00006 to 0.00006, saving model to /p/project1/cesmtst/patakchiyousefi1/HPT/mse_64_1e-05_1e-17_0.5_4_8_16_0.5_128_0.0_unet-se_day06.h5

Epoch 37: val_loss did not improve from 0.00006

Epoch 37: val_loss did not improve from 0.00006

Epoch 57: val_loss did not improve from 0.00006

Epoch 21: val_loss did not improve from 0.00006

Epoch 58: val_loss did not improve from 0.00006

Epoch 38: val_loss did not improve from 0.00006

Epoch 38: val_loss did not improve from 0.00006

Epoch 22: val_loss did not improve from 0.00006

Epoch 59: val_loss did not improve from 0.00006

Epoch 12: val_loss improved from 0.00006 to 0.00006, saving model to /p/project1/cesmtst/patakchiyousefi1/HPT/mse_64_0.0001_1e-17_0.5_4_1_16_0.5_128_0.0_unet-se_day06.h5

Epoch 39: val_loss did not improve from 0.00006

Epoch 21: val_loss improved from 0.00006 to 0.00006, saving model to /p/project1/cesmtst/patakchiyousefi1/HPT/mse_64_1e-05_1e-17_0.5_4_2_16_0.5_128_0.0_unet-se_day06.h5

Epoch 39: val_loss did not improve from 0.00006

Epoch 5: val_loss did not improve from 0.00014

Epoch 22: val_loss did not improve from 0.00006

Epoch 12: val_loss did not improve from 0.00006

Epoch 60: val_loss did not improve from 0.00006

Epoch 12: val_loss improved from 0.00006 to 0.00006, saving model to /p/project1/cesmtst/patakchiyousefi1/HPT/mse_64_1e-05_1e-17_0.5_4_1_16_0.5_128_0.0_unet-se_day06.h5

Epoch 40: val_loss did not improve from 0.00006

Epoch 40: val_loss did not improve from 0.00006

Epoch 61: val_loss improved from 0.00006 to 0.00006, saving model to /p/project1/cesmtst/patakchiyousefi1/HPT/mse_64_1e-05_1e-17_0.5_4_8_16_0.5_128_0.0_unet-se_day06.h5

Epoch 23: val_loss did not improve from 0.00006

Epoch 62: val_loss did not improve from 0.00006

Epoch 22: val_loss did not improve from 0.00006

Epoch 41: val_loss did not improve from 0.00006

Epoch 41: val_loss did not improve from 0.00006

Epoch 23: val_loss did not improve from 0.00006

Epoch 63: val_loss did not improve from 0.00006

Epoch 24: val_loss did not improve from 0.00006

Epoch 42: val_loss did not improve from 0.00006
Saving and plotting the results...

Epoch 42: val_loss did not improve from 0.00006

Epoch 13: val_loss did not improve from 0.00006

Epoch 64: val_loss did not improve from 0.00006

Epoch 6: val_loss improved from 0.00014 to 0.00007, saving model to /p/project1/cesmtst/patakchiyousefi1/HPT/mse_64_0.01_1e-17_0.5_4_1_16_0.5_128_0.0_unet-se_day06.h5

Epoch 23: val_loss improved from 0.00006 to 0.00006, saving model to /p/project1/cesmtst/patakchiyousefi1/HPT/mse_64_1e-05_1e-17_0.5_4_2_16_0.5_128_0.0_unet-se_day06.h5

Epoch 13: val_loss improved from 0.00006 to 0.00006, saving model to /p/project1/cesmtst/patakchiyousefi1/HPT/mse_64_0.001_1e-17_0.5_4_1_16_0.5_128_0.0_unet-se_day06.h5

Epoch 24: val_loss did not improve from 0.00006

Epoch 43: val_loss did not improve from 0.00006

Epoch 13: val_loss did not improve from 0.00006

Epoch 65: val_loss did not improve from 0.00006

Epoch 25: val_loss did not improve from 0.00006

Epoch 66: val_loss did not improve from 0.00006

Epoch 44: val_loss did not improve from 0.00006
train_data_hourly_pr_['ADAPTER_DE05.day06.merged.nc']_['ADAPTER_DE05.day01.merged.nc']_MM_6__spatiotemporal_128.256_2018-01-01T13_2022-12-31T23_no_na_land
Loading training data...
Data loaded!
mse_64_0.001_1e-17_0.5_4_4_16_0.5_128_0.0_unet-se_day06
Training the model...

Epoch 1: val_loss improved from inf to 0.00052, saving model to /p/project1/cesmtst/patakchiyousefi1/HPT/mse_64_0.001_1e-17_0.5_4_4_16_0.5_128_0.0_unet-se_day06.h5

Epoch 24: val_loss did not improve from 0.00006

Epoch 67: val_loss did not improve from 0.00006

Epoch 25: val_loss did not improve from 0.00006

Epoch 45: val_loss did not improve from 0.00006

Epoch 2: val_loss improved from 0.00052 to 0.00044, saving model to /p/project1/cesmtst/patakchiyousefi1/HPT/mse_64_0.001_1e-17_0.5_4_4_16_0.5_128_0.0_unet-se_day06.h5

Epoch 68: val_loss did not improve from 0.00006

Epoch 14: val_loss did not improve from 0.00006

Epoch 26: val_loss did not improve from 0.00006

Epoch 69: val_loss did not improve from 0.00006

Epoch 7: val_loss did not improve from 0.00007

Epoch 46: val_loss did not improve from 0.00006

Epoch 3: val_loss did not improve from 0.00044

Epoch 14: val_loss improved from 0.00006 to 0.00006, saving model to /p/project1/cesmtst/patakchiyousefi1/HPT/mse_64_0.001_1e-17_0.5_4_1_16_0.5_128_0.0_unet-se_day06.h5

Epoch 25: val_loss did not improve from 0.00006

Epoch 70: val_loss did not improve from 0.00006

Epoch 26: val_loss did not improve from 0.00006

Epoch 14: val_loss did not improve from 0.00006

Epoch 71: val_loss did not improve from 0.00006

Epoch 47: val_loss did not improve from 0.00006

Epoch 4: val_loss did not improve from 0.00044

Epoch 72: val_loss did not improve from 0.00006

Epoch 27: val_loss did not improve from 0.00006

Epoch 26: val_loss did not improve from 0.00006

Epoch 73: val_loss did not improve from 0.00006

Epoch 5: val_loss did not improve from 0.00044

Epoch 48: val_loss did not improve from 0.00006

Epoch 27: val_loss did not improve from 0.00006

Epoch 15: val_loss did not improve from 0.00006

Epoch 74: val_loss did not improve from 0.00006

Epoch 6: val_loss improved from 0.00044 to 0.00010, saving model to /p/project1/cesmtst/patakchiyousefi1/HPT/mse_64_0.001_1e-17_0.5_4_4_16_0.5_128_0.0_unet-se_day06.h5

Epoch 49: val_loss did not improve from 0.00006
Saving and plotting the results...

Epoch 8: val_loss did not improve from 0.00007

Epoch 28: val_loss did not improve from 0.00006

Epoch 15: val_loss did not improve from 0.00006

Epoch 75: val_loss did not improve from 0.00006

Epoch 27: val_loss did not improve from 0.00006

Epoch 15: val_loss did not improve from 0.00006

Epoch 7: val_loss improved from 0.00010 to 0.00007, saving model to /p/project1/cesmtst/patakchiyousefi1/HPT/mse_64_0.001_1e-17_0.5_4_4_16_0.5_128_0.0_unet-se_day06.h5

Epoch 76: val_loss did not improve from 0.00006

Epoch 28: val_loss did not improve from 0.00006

Epoch 77: val_loss did not improve from 0.00006
Saving and plotting the results...

Epoch 29: val_loss did not improve from 0.00006

Epoch 8: val_loss did not improve from 0.00007

Epoch 28: val_loss did not improve from 0.00006

Epoch 16: val_loss did not improve from 0.00006

Epoch 9: val_loss did not improve from 0.00007

Epoch 29: val_loss did not improve from 0.00006
train_data_hourly_pr_['ADAPTER_DE05.day06.merged.nc']_['ADAPTER_DE05.day01.merged.nc']_MM_6__spatiotemporal_128.256_2018-01-01T13_2022-12-31T23_no_na_land
Loading training data...
Data loaded!
mse_64_0.01_1e-17_0.5_4_2_16_0.5_128_0.0_unet-se_day06
Training the model...

Epoch 1: val_loss improved from inf to 0.00043, saving model to /p/project1/cesmtst/patakchiyousefi1/HPT/mse_64_0.01_1e-17_0.5_4_2_16_0.5_128_0.0_unet-se_day06.h5

Epoch 9: val_loss improved from 0.00007 to 0.00006, saving model to /p/project1/cesmtst/patakchiyousefi1/HPT/mse_64_0.01_1e-17_0.5_4_1_16_0.5_128_0.0_unet-se_day06.h5

Epoch 30: val_loss improved from 0.00006 to 0.00006, saving model to /p/project1/cesmtst/patakchiyousefi1/HPT/mse_64_0.001_1e-17_0.5_4_2_16_0.5_128_0.0_unet-se_day06.h5

Epoch 16: val_loss improved from 0.00006 to 0.00006, saving model to /p/project1/cesmtst/patakchiyousefi1/HPT/mse_64_0.001_1e-17_0.5_4_1_16_0.5_128_0.0_unet-se_day06.h5
train_data_hourly_pr_['ADAPTER_DE05.day06.merged.nc']_['ADAPTER_DE05.day01.merged.nc']_MM_6__spatiotemporal_128.256_2018-01-01T13_2022-12-31T23_no_na_land
Loading training data...
Data loaded!
mse_64_0.01_1e-17_0.5_4_4_16_0.5_128_0.0_unet-se_day06
Training the model...

Epoch 1: val_loss improved from inf to 0.00015, saving model to /p/project1/cesmtst/patakchiyousefi1/HPT/mse_64_0.01_1e-17_0.5_4_4_16_0.5_128_0.0_unet-se_day06.h5

Epoch 10: val_loss improved from 0.00007 to 0.00006, saving model to /p/project1/cesmtst/patakchiyousefi1/HPT/mse_64_0.001_1e-17_0.5_4_4_16_0.5_128_0.0_unet-se_day06.h5

Epoch 16: val_loss did not improve from 0.00006

Epoch 29: val_loss did not improve from 0.00006

Epoch 2: val_loss did not improve from 0.00015

Epoch 2: val_loss improved from 0.00043 to 0.00012, saving model to /p/project1/cesmtst/patakchiyousefi1/HPT/mse_64_0.01_1e-17_0.5_4_2_16_0.5_128_0.0_unet-se_day06.h5

Epoch 30: val_loss did not improve from 0.00006
Saving and plotting the results...

Epoch 11: val_loss did not improve from 0.00006

Epoch 31: val_loss did not improve from 0.00006

Epoch 3: val_loss did not improve from 0.00015

Epoch 12: val_loss improved from 0.00006 to 0.00006, saving model to /p/project1/cesmtst/patakchiyousefi1/HPT/mse_64_0.001_1e-17_0.5_4_4_16_0.5_128_0.0_unet-se_day06.h5

Epoch 17: val_loss did not improve from 0.00006

Epoch 30: val_loss did not improve from 0.00006
train_data_hourly_pr_['ADAPTER_DE05.day06.merged.nc']_['ADAPTER_DE05.day01.merged.nc']_MM_6__spatiotemporal_128.256_2018-01-01T13_2022-12-31T23_no_na_land
Loading training data...
Data loaded!
mse_64_0.001_1e-17_0.5_4_8_16_0.5_128_0.0_unet-se_day06
Training the model...

Epoch 1: val_loss improved from inf to 0.00021, saving model to /p/project1/cesmtst/patakchiyousefi1/HPT/mse_64_0.001_1e-17_0.5_4_8_16_0.5_128_0.0_unet-se_day06.h5

Epoch 3: val_loss did not improve from 0.00012

Epoch 4: val_loss did not improve from 0.00015

Epoch 10: val_loss improved from 0.00006 to 0.00006, saving model to /p/project1/cesmtst/patakchiyousefi1/HPT/mse_64_0.01_1e-17_0.5_4_1_16_0.5_128_0.0_unet-se_day06.h5

Epoch 13: val_loss improved from 0.00006 to 0.00006, saving model to /p/project1/cesmtst/patakchiyousefi1/HPT/mse_64_0.001_1e-17_0.5_4_4_16_0.5_128_0.0_unet-se_day06.h5

Epoch 17: val_loss did not improve from 0.00006

Epoch 2: val_loss improved from 0.00021 to 0.00012, saving model to /p/project1/cesmtst/patakchiyousefi1/HPT/mse_64_0.001_1e-17_0.5_4_8_16_0.5_128_0.0_unet-se_day06.h5

Epoch 32: val_loss did not improve from 0.00006

Epoch 17: val_loss did not improve from 0.00006

Epoch 3: val_loss improved from 0.00012 to 0.00009, saving model to /p/project1/cesmtst/patakchiyousefi1/HPT/mse_64_0.001_1e-17_0.5_4_8_16_0.5_128_0.0_unet-se_day06.h5

Epoch 5: val_loss improved from 0.00015 to 0.00009, saving model to /p/project1/cesmtst/patakchiyousefi1/HPT/mse_64_0.01_1e-17_0.5_4_4_16_0.5_128_0.0_unet-se_day06.h5

Epoch 14: val_loss did not improve from 0.00006

Epoch 31: val_loss did not improve from 0.00006

Epoch 4: val_loss did not improve from 0.00009

Epoch 4: val_loss did not improve from 0.00012

Epoch 6: val_loss did not improve from 0.00009

Epoch 5: val_loss improved from 0.00009 to 0.00007, saving model to /p/project1/cesmtst/patakchiyousefi1/HPT/mse_64_0.001_1e-17_0.5_4_8_16_0.5_128_0.0_unet-se_day06.h5

Epoch 33: val_loss did not improve from 0.00006

Epoch 15: val_loss did not improve from 0.00006

Epoch 18: val_loss did not improve from 0.00006

Epoch 6: val_loss did not improve from 0.00007

Epoch 7: val_loss did not improve from 0.00009

Epoch 7: val_loss did not improve from 0.00007

Epoch 32: val_loss did not improve from 0.00006

Epoch 5: val_loss improved from 0.00012 to 0.00011, saving model to /p/project1/cesmtst/patakchiyousefi1/HPT/mse_64_0.01_1e-17_0.5_4_2_16_0.5_128_0.0_unet-se_day06.h5

Epoch 11: val_loss did not improve from 0.00006

Epoch 16: val_loss did not improve from 0.00006

Epoch 18: val_loss did not improve from 0.00006

Epoch 8: val_loss did not improve from 0.00007

Epoch 8: val_loss did not improve from 0.00009

Epoch 34: val_loss did not improve from 0.00006

Epoch 18: val_loss did not improve from 0.00006

Epoch 9: val_loss did not improve from 0.00007

Epoch 17: val_loss did not improve from 0.00006

Epoch 10: val_loss did not improve from 0.00007

Epoch 9: val_loss did not improve from 0.00009

Epoch 33: val_loss did not improve from 0.00006

Epoch 6: val_loss did not improve from 0.00011

Epoch 18: val_loss did not improve from 0.00006

Epoch 11: val_loss did not improve from 0.00007

Epoch 35: val_loss did not improve from 0.00006

Epoch 19: val_loss did not improve from 0.00006

Epoch 10: val_loss did not improve from 0.00009

Epoch 12: val_loss did not improve from 0.00007

Epoch 19: val_loss did not improve from 0.00006

Epoch 13: val_loss did not improve from 0.00007

Epoch 12: val_loss did not improve from 0.00006

Epoch 11: val_loss did not improve from 0.00009

Epoch 34: val_loss did not improve from 0.00006

Epoch 7: val_loss did not improve from 0.00011

Epoch 19: val_loss did not improve from 0.00006

Epoch 14: val_loss did not improve from 0.00007

Epoch 20: val_loss did not improve from 0.00006

Epoch 19: val_loss did not improve from 0.00006

Epoch 36: val_loss did not improve from 0.00006

Epoch 15: val_loss did not improve from 0.00007

Epoch 12: val_loss improved from 0.00009 to 0.00006, saving model to /p/project1/cesmtst/patakchiyousefi1/HPT/mse_64_0.01_1e-17_0.5_4_4_16_0.5_128_0.0_unet-se_day06.h5

Epoch 16: val_loss did not improve from 0.00007

Epoch 21: val_loss improved from 0.00006 to 0.00006, saving model to /p/project1/cesmtst/patakchiyousefi1/HPT/mse_64_0.001_1e-17_0.5_4_4_16_0.5_128_0.0_unet-se_day06.h5

Epoch 8: val_loss improved from 0.00011 to 0.00010, saving model to /p/project1/cesmtst/patakchiyousefi1/HPT/mse_64_0.01_1e-17_0.5_4_2_16_0.5_128_0.0_unet-se_day06.h5

Epoch 35: val_loss did not improve from 0.00006

Epoch 13: val_loss improved from 0.00006 to 0.00006, saving model to /p/project1/cesmtst/patakchiyousefi1/HPT/mse_64_0.01_1e-17_0.5_4_4_16_0.5_128_0.0_unet-se_day06.h5

Epoch 17: val_loss did not improve from 0.00007

Epoch 20: val_loss did not improve from 0.00006

Epoch 37: val_loss did not improve from 0.00006

Epoch 22: val_loss did not improve from 0.00006

Epoch 18: val_loss did not improve from 0.00007

Epoch 14: val_loss did not improve from 0.00006

Epoch 13: val_loss did not improve from 0.00006

Epoch 19: val_loss did not improve from 0.00007

Epoch 20: val_loss did not improve from 0.00006

Epoch 23: val_loss did not improve from 0.00006

Epoch 9: val_loss improved from 0.00010 to 0.00007, saving model to /p/project1/cesmtst/patakchiyousefi1/HPT/mse_64_0.01_1e-17_0.5_4_2_16_0.5_128_0.0_unet-se_day06.h5

Epoch 36: val_loss did not improve from 0.00006

Epoch 20: val_loss did not improve from 0.00007

Epoch 20: val_loss did not improve from 0.00006

Epoch 15: val_loss did not improve from 0.00006

Epoch 38: val_loss did not improve from 0.00006

Epoch 21: val_loss did not improve from 0.00007
Saving and plotting the results...

Epoch 24: val_loss did not improve from 0.00006

Epoch 16: val_loss did not improve from 0.00006

Epoch 10: val_loss did not improve from 0.00007

Epoch 37: val_loss did not improve from 0.00006

Epoch 21: val_loss did not improve from 0.00006

Epoch 25: val_loss did not improve from 0.00006

Epoch 17: val_loss did not improve from 0.00006
train_data_hourly_pr_['ADAPTER_DE05.day06.merged.nc']_['ADAPTER_DE05.day01.merged.nc']_MM_6__spatiotemporal_128.256_2018-01-01T13_2022-12-31T23_no_na_land
Loading training data...
Data loaded!
mse_64_0.01_1e-17_0.5_4_8_16_0.5_128_0.0_unet-se_day06
Training the model...

Epoch 1: val_loss improved from inf to 0.00169, saving model to /p/project1/cesmtst/patakchiyousefi1/HPT/mse_64_0.01_1e-17_0.5_4_8_16_0.5_128_0.0_unet-se_day06.h5

Epoch 39: val_loss did not improve from 0.00006

Epoch 14: val_loss did not improve from 0.00006

Epoch 26: val_loss improved from 0.00006 to 0.00006, saving model to /p/project1/cesmtst/patakchiyousefi1/HPT/mse_64_0.001_1e-17_0.5_4_4_16_0.5_128_0.0_unet-se_day06.h5

Epoch 2: val_loss improved from 0.00169 to 0.00137, saving model to /p/project1/cesmtst/patakchiyousefi1/HPT/mse_64_0.01_1e-17_0.5_4_8_16_0.5_128_0.0_unet-se_day06.h5

Epoch 21: val_loss did not improve from 0.00006

Epoch 18: val_loss did not improve from 0.00006

Epoch 11: val_loss did not improve from 0.00007

Epoch 21: val_loss did not improve from 0.00006

Epoch 3: val_loss improved from 0.00137 to 0.00120, saving model to /p/project1/cesmtst/patakchiyousefi1/HPT/mse_64_0.01_1e-17_0.5_4_8_16_0.5_128_0.0_unet-se_day06.h5

Epoch 38: val_loss did not improve from 0.00006

Epoch 27: val_loss improved from 0.00006 to 0.00006, saving model to /p/project1/cesmtst/patakchiyousefi1/HPT/mse_64_0.001_1e-17_0.5_4_4_16_0.5_128_0.0_unet-se_day06.h5

Epoch 4: val_loss improved from 0.00120 to 0.00084, saving model to /p/project1/cesmtst/patakchiyousefi1/HPT/mse_64_0.01_1e-17_0.5_4_8_16_0.5_128_0.0_unet-se_day06.h5

Epoch 40: val_loss did not improve from 0.00006

Epoch 19: val_loss did not improve from 0.00006

Epoch 5: val_loss did not improve from 0.00084

Epoch 28: val_loss improved from 0.00006 to 0.00006, saving model to /p/project1/cesmtst/patakchiyousefi1/HPT/mse_64_0.001_1e-17_0.5_4_4_16_0.5_128_0.0_unet-se_day06.h5

Epoch 22: val_loss did not improve from 0.00006

Epoch 6: val_loss improved from 0.00084 to 0.00062, saving model to /p/project1/cesmtst/patakchiyousefi1/HPT/mse_64_0.01_1e-17_0.5_4_8_16_0.5_128_0.0_unet-se_day06.h5

Epoch 39: val_loss did not improve from 0.00006
Saving and plotting the results...

Epoch 12: val_loss improved from 0.00007 to 0.00006, saving model to /p/project1/cesmtst/patakchiyousefi1/HPT/mse_64_0.01_1e-17_0.5_4_2_16_0.5_128_0.0_unet-se_day06.h5

Epoch 20: val_loss did not improve from 0.00006

Epoch 7: val_loss improved from 0.00062 to 0.00015, saving model to /p/project1/cesmtst/patakchiyousefi1/HPT/mse_64_0.01_1e-17_0.5_4_8_16_0.5_128_0.0_unet-se_day06.h5

Epoch 29: val_loss improved from 0.00006 to 0.00006, saving model to /p/project1/cesmtst/patakchiyousefi1/HPT/mse_64_0.001_1e-17_0.5_4_4_16_0.5_128_0.0_unet-se_day06.h5

Epoch 41: val_loss did not improve from 0.00006

Epoch 15: val_loss did not improve from 0.00006

Epoch 22: val_loss did not improve from 0.00006

Epoch 8: val_loss did not improve from 0.00015

Epoch 21: val_loss did not improve from 0.00006

Epoch 22: val_loss did not improve from 0.00006

Epoch 30: val_loss improved from 0.00006 to 0.00006, saving model to /p/project1/cesmtst/patakchiyousefi1/HPT/mse_64_0.001_1e-17_0.5_4_4_16_0.5_128_0.0_unet-se_day06.h5

Epoch 9: val_loss did not improve from 0.00015

Epoch 13: val_loss did not improve from 0.00006

Epoch 22: val_loss did not improve from 0.00006

Epoch 10: val_loss did not improve from 0.00015

Epoch 42: val_loss did not improve from 0.00006

Epoch 31: val_loss did not improve from 0.00006

Epoch 11: val_loss improved from 0.00015 to 0.00009, saving model to /p/project1/cesmtst/patakchiyousefi1/HPT/mse_64_0.01_1e-17_0.5_4_8_16_0.5_128_0.0_unet-se_day06.h5

Epoch 23: val_loss did not improve from 0.00006

Epoch 23: val_loss did not improve from 0.00006

Epoch 12: val_loss did not improve from 0.00009

Epoch 32: val_loss did not improve from 0.00006

Epoch 14: val_loss did not improve from 0.00006

Epoch 13: val_loss did not improve from 0.00009

Epoch 24: val_loss did not improve from 0.00006

Epoch 16: val_loss did not improve from 0.00006

Epoch 43: val_loss did not improve from 0.00006

Epoch 23: val_loss did not improve from 0.00006

Epoch 14: val_loss did not improve from 0.00009

Epoch 33: val_loss did not improve from 0.00006

Epoch 23: val_loss did not improve from 0.00006

Epoch 15: val_loss did not improve from 0.00009

Epoch 25: val_loss did not improve from 0.00006

Epoch 15: val_loss improved from 0.00006 to 0.00006, saving model to /p/project1/cesmtst/patakchiyousefi1/HPT/mse_64_0.01_1e-17_0.5_4_2_16_0.5_128_0.0_unet-se_day06.h5

Epoch 34: val_loss did not improve from 0.00006

Epoch 16: val_loss improved from 0.00009 to 0.00009, saving model to /p/project1/cesmtst/patakchiyousefi1/HPT/mse_64_0.01_1e-17_0.5_4_8_16_0.5_128_0.0_unet-se_day06.h5

Epoch 44: val_loss did not improve from 0.00006

Epoch 26: val_loss did not improve from 0.00006

Epoch 17: val_loss improved from 0.00009 to 0.00008, saving model to /p/project1/cesmtst/patakchiyousefi1/HPT/mse_64_0.01_1e-17_0.5_4_8_16_0.5_128_0.0_unet-se_day06.h5

Epoch 24: val_loss did not improve from 0.00006

Epoch 35: val_loss did not improve from 0.00006

Epoch 18: val_loss did not improve from 0.00008

Epoch 16: val_loss did not improve from 0.00006

Epoch 27: val_loss did not improve from 0.00006

Epoch 19: val_loss improved from 0.00008 to 0.00008, saving model to /p/project1/cesmtst/patakchiyousefi1/HPT/mse_64_0.01_1e-17_0.5_4_8_16_0.5_128_0.0_unet-se_day06.h5

Epoch 17: val_loss did not improve from 0.00006

Epoch 36: val_loss did not improve from 0.00006

Epoch 24: val_loss did not improve from 0.00006

Epoch 45: val_loss did not improve from 0.00006

Epoch 20: val_loss improved from 0.00008 to 0.00006, saving model to /p/project1/cesmtst/patakchiyousefi1/HPT/mse_64_0.01_1e-17_0.5_4_8_16_0.5_128_0.0_unet-se_day06.h5

Epoch 28: val_loss did not improve from 0.00006

Epoch 24: val_loss did not improve from 0.00006

Epoch 21: val_loss improved from 0.00006 to 0.00006, saving model to /p/project1/cesmtst/patakchiyousefi1/HPT/mse_64_0.01_1e-17_0.5_4_8_16_0.5_128_0.0_unet-se_day06.h5

Epoch 37: val_loss did not improve from 0.00006

Epoch 17: val_loss did not improve from 0.00006

Epoch 22: val_loss did not improve from 0.00006

Epoch 29: val_loss improved from 0.00006 to 0.00006, saving model to /p/project1/cesmtst/patakchiyousefi1/HPT/mse_64_0.01_1e-17_0.5_4_4_16_0.5_128_0.0_unet-se_day06.h5

Epoch 38: val_loss did not improve from 0.00006

Epoch 25: val_loss did not improve from 0.00006

Epoch 46: val_loss did not improve from 0.00006
Saving and plotting the results...

Epoch 23: val_loss did not improve from 0.00006

Epoch 30: val_loss did not improve from 0.00006

Epoch 24: val_loss did not improve from 0.00006

Epoch 18: val_loss did not improve from 0.00006

Epoch 39: val_loss did not improve from 0.00006

Epoch 25: val_loss did not improve from 0.00006

Epoch 18: val_loss did not improve from 0.00006

Epoch 25: val_loss improved from 0.00006 to 0.00006, saving model to /p/project1/cesmtst/patakchiyousefi1/HPT/mse_64_0.001_1e-17_0.5_4_1_16_0.5_128_0.0_unet-se_day06.h5

Epoch 31: val_loss improved from 0.00006 to 0.00006, saving model to /p/project1/cesmtst/patakchiyousefi1/HPT/mse_64_0.01_1e-17_0.5_4_4_16_0.5_128_0.0_unet-se_day06.h5

Epoch 26: val_loss did not improve from 0.00006

Epoch 25: val_loss did not improve from 0.00006

Epoch 40: val_loss did not improve from 0.00006

Epoch 27: val_loss did not improve from 0.00006

Epoch 32: val_loss improved from 0.00006 to 0.00006, saving model to /p/project1/cesmtst/patakchiyousefi1/HPT/mse_64_0.01_1e-17_0.5_4_4_16_0.5_128_0.0_unet-se_day06.h5

Epoch 19: val_loss did not improve from 0.00006

Epoch 41: val_loss did not improve from 0.00006

Epoch 26: val_loss did not improve from 0.00006

Epoch 28: val_loss did not improve from 0.00006

Epoch 33: val_loss did not improve from 0.00006

Epoch 29: val_loss did not improve from 0.00006

Epoch 42: val_loss did not improve from 0.00006

Epoch 20: val_loss did not improve from 0.00006

Epoch 34: val_loss did not improve from 0.00006

Epoch 19: val_loss did not improve from 0.00006

Epoch 30: val_loss improved from 0.00006 to 0.00006, saving model to /p/project1/cesmtst/patakchiyousefi1/HPT/mse_64_0.01_1e-17_0.5_4_8_16_0.5_128_0.0_unet-se_day06.h5

Epoch 26: val_loss did not improve from 0.00006

Epoch 43: val_loss did not improve from 0.00006

Epoch 31: val_loss improved from 0.00006 to 0.00006, saving model to /p/project1/cesmtst/patakchiyousefi1/HPT/mse_64_0.01_1e-17_0.5_4_8_16_0.5_128_0.0_unet-se_day06.h5

Epoch 35: val_loss did not improve from 0.00006

Epoch 26: val_loss did not improve from 0.00006

Epoch 32: val_loss improved from 0.00006 to 0.00006, saving model to /p/project1/cesmtst/patakchiyousefi1/HPT/mse_64_0.01_1e-17_0.5_4_8_16_0.5_128_0.0_unet-se_day06.h5

Epoch 44: val_loss did not improve from 0.00006

Epoch 21: val_loss did not improve from 0.00006

Epoch 33: val_loss improved from 0.00006 to 0.00006, saving model to /p/project1/cesmtst/patakchiyousefi1/HPT/mse_64_0.01_1e-17_0.5_4_8_16_0.5_128_0.0_unet-se_day06.h5

Epoch 36: val_loss improved from 0.00006 to 0.00006, saving model to /p/project1/cesmtst/patakchiyousefi1/HPT/mse_64_0.01_1e-17_0.5_4_4_16_0.5_128_0.0_unet-se_day06.h5

Epoch 27: val_loss did not improve from 0.00006

Epoch 34: val_loss improved from 0.00006 to 0.00006, saving model to /p/project1/cesmtst/patakchiyousefi1/HPT/mse_64_0.01_1e-17_0.5_4_8_16_0.5_128_0.0_unet-se_day06.h5

Epoch 45: val_loss did not improve from 0.00006

Epoch 35: val_loss improved from 0.00006 to 0.00006, saving model to /p/project1/cesmtst/patakchiyousefi1/HPT/mse_64_0.01_1e-17_0.5_4_8_16_0.5_128_0.0_unet-se_day06.h5

Epoch 37: val_loss improved from 0.00006 to 0.00006, saving model to /p/project1/cesmtst/patakchiyousefi1/HPT/mse_64_0.01_1e-17_0.5_4_4_16_0.5_128_0.0_unet-se_day06.h5

Epoch 22: val_loss did not improve from 0.00006

Epoch 46: val_loss did not improve from 0.00006
Saving and plotting the results...

Epoch 20: val_loss improved from 0.00006 to 0.00006, saving model to /p/project1/cesmtst/patakchiyousefi1/HPT/mse_64_0.01_1e-17_0.5_4_1_16_0.5_128_0.0_unet-se_day06.h5

Epoch 36: val_loss did not improve from 0.00006

Epoch 27: val_loss did not improve from 0.00006

Epoch 38: val_loss did not improve from 0.00006

Epoch 37: val_loss improved from 0.00006 to 0.00006, saving model to /p/project1/cesmtst/patakchiyousefi1/HPT/mse_64_0.01_1e-17_0.5_4_8_16_0.5_128_0.0_unet-se_day06.h5

Epoch 27: val_loss did not improve from 0.00006

Epoch 38: val_loss improved from 0.00006 to 0.00006, saving model to /p/project1/cesmtst/patakchiyousefi1/HPT/mse_64_0.01_1e-17_0.5_4_8_16_0.5_128_0.0_unet-se_day06.h5

Epoch 39: val_loss did not improve from 0.00006

Epoch 23: val_loss did not improve from 0.00006

Epoch 39: val_loss improved from 0.00006 to 0.00006, saving model to /p/project1/cesmtst/patakchiyousefi1/HPT/mse_64_0.01_1e-17_0.5_4_8_16_0.5_128_0.0_unet-se_day06.h5

Epoch 28: val_loss did not improve from 0.00006
Saving and plotting the results...

Epoch 40: val_loss improved from 0.00006 to 0.00006, saving model to /p/project1/cesmtst/patakchiyousefi1/HPT/mse_64_0.01_1e-17_0.5_4_8_16_0.5_128_0.0_unet-se_day06.h5

Epoch 40: val_loss did not improve from 0.00006

Epoch 21: val_loss improved from 0.00006 to 0.00006, saving model to /p/project1/cesmtst/patakchiyousefi1/HPT/mse_64_0.01_1e-17_0.5_4_1_16_0.5_128_0.0_unet-se_day06.h5

Epoch 41: val_loss improved from 0.00006 to 0.00006, saving model to /p/project1/cesmtst/patakchiyousefi1/HPT/mse_64_0.01_1e-17_0.5_4_8_16_0.5_128_0.0_unet-se_day06.h5

Epoch 24: val_loss did not improve from 0.00006

Epoch 28: val_loss did not improve from 0.00006

Epoch 41: val_loss did not improve from 0.00006

Epoch 42: val_loss did not improve from 0.00006

Epoch 28: val_loss did not improve from 0.00006
Saving and plotting the results...

Epoch 42: val_loss improved from 0.00006 to 0.00006, saving model to /p/project1/cesmtst/patakchiyousefi1/HPT/mse_64_0.01_1e-17_0.5_4_4_16_0.5_128_0.0_unet-se_day06.h5

Epoch 43: val_loss did not improve from 0.00006

Epoch 44: val_loss did not improve from 0.00006

Epoch 25: val_loss did not improve from 0.00006

Epoch 43: val_loss did not improve from 0.00006

Epoch 45: val_loss did not improve from 0.00006

Epoch 44: val_loss did not improve from 0.00006

Epoch 22: val_loss improved from 0.00006 to 0.00006, saving model to /p/project1/cesmtst/patakchiyousefi1/HPT/mse_64_0.01_1e-17_0.5_4_1_16_0.5_128_0.0_unet-se_day06.h5

Epoch 29: val_loss did not improve from 0.00006

Epoch 46: val_loss did not improve from 0.00006

Epoch 26: val_loss did not improve from 0.00006

Epoch 47: val_loss did not improve from 0.00006

Epoch 45: val_loss did not improve from 0.00006

Epoch 48: val_loss did not improve from 0.00006

Epoch 49: val_loss did not improve from 0.00006

Epoch 46: val_loss did not improve from 0.00006

Epoch 27: val_loss did not improve from 0.00006

Epoch 50: val_loss did not improve from 0.00006

Epoch 47: val_loss did not improve from 0.00006

Epoch 51: val_loss did not improve from 0.00006

Epoch 23: val_loss improved from 0.00006 to 0.00006, saving model to /p/project1/cesmtst/patakchiyousefi1/HPT/mse_64_0.01_1e-17_0.5_4_1_16_0.5_128_0.0_unet-se_day06.h5

Epoch 30: val_loss improved from 0.00006 to 0.00006, saving model to /p/project1/cesmtst/patakchiyousefi1/HPT/mse_64_0.001_1e-17_0.5_4_1_16_0.5_128_0.0_unet-se_day06.h5

Epoch 52: val_loss did not improve from 0.00006

Epoch 48: val_loss did not improve from 0.00006

Epoch 28: val_loss did not improve from 0.00006

Epoch 53: val_loss did not improve from 0.00006

Epoch 54: val_loss did not improve from 0.00006

Epoch 49: val_loss did not improve from 0.00006

Epoch 55: val_loss did not improve from 0.00006

Epoch 29: val_loss did not improve from 0.00006

Epoch 56: val_loss did not improve from 0.00006

Epoch 50: val_loss did not improve from 0.00006

Epoch 57: val_loss did not improve from 0.00006
Saving and plotting the results...

Epoch 31: val_loss improved from 0.00006 to 0.00006, saving model to /p/project1/cesmtst/patakchiyousefi1/HPT/mse_64_0.001_1e-17_0.5_4_1_16_0.5_128_0.0_unet-se_day06.h5

Epoch 24: val_loss did not improve from 0.00006

Epoch 51: val_loss did not improve from 0.00006

Epoch 30: val_loss did not improve from 0.00006

Epoch 52: val_loss did not improve from 0.00006

Epoch 53: val_loss did not improve from 0.00006

Epoch 31: val_loss did not improve from 0.00006
Saving and plotting the results...

Epoch 54: val_loss did not improve from 0.00006

Epoch 32: val_loss improved from 0.00006 to 0.00006, saving model to /p/project1/cesmtst/patakchiyousefi1/HPT/mse_64_0.001_1e-17_0.5_4_1_16_0.5_128_0.0_unet-se_day06.h5

Epoch 25: val_loss improved from 0.00006 to 0.00006, saving model to /p/project1/cesmtst/patakchiyousefi1/HPT/mse_64_0.01_1e-17_0.5_4_1_16_0.5_128_0.0_unet-se_day06.h5

Epoch 55: val_loss did not improve from 0.00006

Epoch 56: val_loss did not improve from 0.00006

Epoch 57: val_loss did not improve from 0.00006

Epoch 33: val_loss did not improve from 0.00006

Epoch 26: val_loss did not improve from 0.00006

Epoch 58: val_loss did not improve from 0.00006
Saving and plotting the results...

Epoch 34: val_loss did not improve from 0.00006

Epoch 27: val_loss did not improve from 0.00006

Epoch 35: val_loss did not improve from 0.00006

Epoch 28: val_loss did not improve from 0.00006

Epoch 36: val_loss did not improve from 0.00006

Epoch 29: val_loss did not improve from 0.00006

Epoch 37: val_loss did not improve from 0.00006

Epoch 30: val_loss improved from 0.00006 to 0.00006, saving model to /p/project1/cesmtst/patakchiyousefi1/HPT/mse_64_0.01_1e-17_0.5_4_1_16_0.5_128_0.0_unet-se_day06.h5

Epoch 38: val_loss did not improve from 0.00006

Epoch 31: val_loss improved from 0.00006 to 0.00006, saving model to /p/project1/cesmtst/patakchiyousefi1/HPT/mse_64_0.01_1e-17_0.5_4_1_16_0.5_128_0.0_unet-se_day06.h5

Epoch 39: val_loss did not improve from 0.00006

Epoch 32: val_loss improved from 0.00006 to 0.00006, saving model to /p/project1/cesmtst/patakchiyousefi1/HPT/mse_64_0.01_1e-17_0.5_4_1_16_0.5_128_0.0_unet-se_day06.h5

Epoch 40: val_loss did not improve from 0.00006

Epoch 33: val_loss improved from 0.00006 to 0.00006, saving model to /p/project1/cesmtst/patakchiyousefi1/HPT/mse_64_0.01_1e-17_0.5_4_1_16_0.5_128_0.0_unet-se_day06.h5

Epoch 34: val_loss did not improve from 0.00006

Epoch 41: val_loss did not improve from 0.00006

Epoch 35: val_loss improved from 0.00006 to 0.00006, saving model to /p/project1/cesmtst/patakchiyousefi1/HPT/mse_64_0.01_1e-17_0.5_4_1_16_0.5_128_0.0_unet-se_day06.h5

Epoch 42: val_loss did not improve from 0.00006

Epoch 36: val_loss improved from 0.00006 to 0.00006, saving model to /p/project1/cesmtst/patakchiyousefi1/HPT/mse_64_0.01_1e-17_0.5_4_1_16_0.5_128_0.0_unet-se_day06.h5

Epoch 43: val_loss did not improve from 0.00006

Epoch 37: val_loss improved from 0.00006 to 0.00006, saving model to /p/project1/cesmtst/patakchiyousefi1/HPT/mse_64_0.01_1e-17_0.5_4_1_16_0.5_128_0.0_unet-se_day06.h5

Epoch 44: val_loss did not improve from 0.00006

Epoch 38: val_loss improved from 0.00006 to 0.00006, saving model to /p/project1/cesmtst/patakchiyousefi1/HPT/mse_64_0.01_1e-17_0.5_4_1_16_0.5_128_0.0_unet-se_day06.h5

Epoch 45: val_loss did not improve from 0.00006

Epoch 39: val_loss improved from 0.00006 to 0.00006, saving model to /p/project1/cesmtst/patakchiyousefi1/HPT/mse_64_0.01_1e-17_0.5_4_1_16_0.5_128_0.0_unet-se_day06.h5

Epoch 46: val_loss did not improve from 0.00006

Epoch 40: val_loss improved from 0.00006 to 0.00006, saving model to /p/project1/cesmtst/patakchiyousefi1/HPT/mse_64_0.01_1e-17_0.5_4_1_16_0.5_128_0.0_unet-se_day06.h5

Epoch 47: val_loss did not improve from 0.00006

Epoch 41: val_loss improved from 0.00006 to 0.00006, saving model to /p/project1/cesmtst/patakchiyousefi1/HPT/mse_64_0.01_1e-17_0.5_4_1_16_0.5_128_0.0_unet-se_day06.h5

Epoch 48: val_loss did not improve from 0.00006
Saving and plotting the results...

Epoch 42: val_loss improved from 0.00006 to 0.00006, saving model to /p/project1/cesmtst/patakchiyousefi1/HPT/mse_64_0.01_1e-17_0.5_4_1_16_0.5_128_0.0_unet-se_day06.h5

Epoch 43: val_loss improved from 0.00006 to 0.00006, saving model to /p/project1/cesmtst/patakchiyousefi1/HPT/mse_64_0.01_1e-17_0.5_4_1_16_0.5_128_0.0_unet-se_day06.h5

Epoch 44: val_loss did not improve from 0.00006

Epoch 45: val_loss did not improve from 0.00006

Epoch 46: val_loss improved from 0.00006 to 0.00006, saving model to /p/project1/cesmtst/patakchiyousefi1/HPT/mse_64_0.01_1e-17_0.5_4_1_16_0.5_128_0.0_unet-se_day06.h5

Epoch 47: val_loss did not improve from 0.00006

Epoch 48: val_loss improved from 0.00006 to 0.00006, saving model to /p/project1/cesmtst/patakchiyousefi1/HPT/mse_64_0.01_1e-17_0.5_4_1_16_0.5_128_0.0_unet-se_day06.h5

Epoch 49: val_loss did not improve from 0.00006

Epoch 50: val_loss did not improve from 0.00006

Epoch 51: val_loss did not improve from 0.00006

Epoch 52: val_loss did not improve from 0.00006

Epoch 53: val_loss improved from 0.00006 to 0.00006, saving model to /p/project1/cesmtst/patakchiyousefi1/HPT/mse_64_0.01_1e-17_0.5_4_1_16_0.5_128_0.0_unet-se_day06.h5

Epoch 54: val_loss did not improve from 0.00006

Epoch 55: val_loss did not improve from 0.00006

Epoch 56: val_loss did not improve from 0.00006

Epoch 57: val_loss did not improve from 0.00006

Epoch 58: val_loss did not improve from 0.00006

Epoch 59: val_loss did not improve from 0.00006

Epoch 60: val_loss did not improve from 0.00006

Epoch 61: val_loss did not improve from 0.00006

Epoch 62: val_loss did not improve from 0.00006

Epoch 63: val_loss did not improve from 0.00006

Epoch 64: val_loss did not improve from 0.00006

Epoch 65: val_loss did not improve from 0.00006

Epoch 66: val_loss did not improve from 0.00006

Epoch 67: val_loss did not improve from 0.00006

Epoch 68: val_loss did not improve from 0.00006

Epoch 69: val_loss did not improve from 0.00006
Saving and plotting the results...
Time limit for unet-se, leadtime 06: 10:20:00
Run time for unet-se with leadtime 06:  hours,  minutes,  seconds
