All necessary directories have been created or already exist.
No lead day provided. Using default hyperparameters - LR: 0.0001, BS: 32, DROPOUT: 0.0, UNET_TYPE: unet-l
Running DL_TRAIN.py for day09 with dropout=0, lr=0.00001, bs=1, unet_type=unet-trans-s ...
Running DL_TRAIN.py for day09 with dropout=0, lr=0.00001, bs=2, unet_type=unet-trans-s ...
Running DL_TRAIN.py for day09 with dropout=0, lr=0.00001, bs=4, unet_type=unet-trans-s ...
Running DL_TRAIN.py for day09 with dropout=0, lr=0.00001, bs=8, unet_type=unet-trans-s ...
Running DL_TRAIN.py for day09 with dropout=0, lr=0.0001, bs=1, unet_type=unet-trans-s ...
Running DL_TRAIN.py for day09 with dropout=0, lr=0.0001, bs=2, unet_type=unet-trans-s ...
Running DL_TRAIN.py for day09 with dropout=0, lr=0.0001, bs=4, unet_type=unet-trans-s ...
Running DL_TRAIN.py for day09 with dropout=0, lr=0.0001, bs=8, unet_type=unet-trans-s ...
Running DL_TRAIN.py for day09 with dropout=0, lr=0.001, bs=1, unet_type=unet-trans-s ...
Running DL_TRAIN.py for day09 with dropout=0, lr=0.001, bs=2, unet_type=unet-trans-s ...
Running DL_TRAIN.py for day09 with dropout=0, lr=0.001, bs=4, unet_type=unet-trans-s ...
Running DL_TRAIN.py for day09 with dropout=0, lr=0.001, bs=8, unet_type=unet-trans-s ...
Running DL_TRAIN.py for day09 with dropout=0, lr=0.01, bs=1, unet_type=unet-trans-s ...
Running DL_TRAIN.py for day09 with dropout=0, lr=0.01, bs=2, unet_type=unet-trans-s ...
Running DL_TRAIN.py for day09 with dropout=0, lr=0.01, bs=4, unet_type=unet-trans-s ...
Running DL_TRAIN.py for day09 with dropout=0, lr=0.01, bs=8, unet_type=unet-trans-s ...
train_data_hourly_pr_['ADAPTER_DE05.day09.merged.nc']_['ADAPTER_DE05.day01.merged.nc']_MM_1__model_only_128.256_2018-01-01T13_2022-12-31T23_no_na_land
Loading training data...
Data loaded!
mse_64_1e-05_1e-17_0.5_4_4_16_0.5_128_0.0_unet-trans-s_day09
Training the model...

Epoch 1: val_loss improved from inf to 0.00487, saving model to /p/project1/cesmtst/patakchiyousefi1/HPT/mse_64_1e-05_1e-17_0.5_4_4_16_0.5_128_0.0_unet-trans-s_day09.h5
train_data_hourly_pr_['ADAPTER_DE05.day09.merged.nc']_['ADAPTER_DE05.day01.merged.nc']_MM_1__model_only_128.256_2018-01-01T13_2022-12-31T23_no_na_land
Loading training data...
Data loaded!
mse_64_1e-05_1e-17_0.5_4_8_16_0.5_128_0.0_unet-trans-s_day09
Training the model...

Epoch 1: val_loss improved from inf to 0.00340, saving model to /p/project1/cesmtst/patakchiyousefi1/HPT/mse_64_1e-05_1e-17_0.5_4_8_16_0.5_128_0.0_unet-trans-s_day09.h5
train_data_hourly_pr_['ADAPTER_DE05.day09.merged.nc']_['ADAPTER_DE05.day01.merged.nc']_MM_1__model_only_128.256_2018-01-01T13_2022-12-31T23_no_na_land
Loading training data...
Data loaded!
mse_64_0.0001_1e-17_0.5_4_8_16_0.5_128_0.0_unet-trans-s_day09
Training the model...

Epoch 1: val_loss improved from inf to 0.00055, saving model to /p/project1/cesmtst/patakchiyousefi1/HPT/mse_64_0.0001_1e-17_0.5_4_8_16_0.5_128_0.0_unet-trans-s_day09.h5
train_data_hourly_pr_['ADAPTER_DE05.day09.merged.nc']_['ADAPTER_DE05.day01.merged.nc']_MM_1__model_only_128.256_2018-01-01T13_2022-12-31T23_no_na_land
Loading training data...
Data loaded!
mse_64_1e-05_1e-17_0.5_4_2_16_0.5_128_0.0_unet-trans-s_day09
Training the model...

Epoch 1: val_loss improved from inf to 0.00143, saving model to /p/project1/cesmtst/patakchiyousefi1/HPT/mse_64_1e-05_1e-17_0.5_4_2_16_0.5_128_0.0_unet-trans-s_day09.h5
train_data_hourly_pr_['ADAPTER_DE05.day09.merged.nc']_['ADAPTER_DE05.day01.merged.nc']_MM_1__model_only_128.256_2018-01-01T13_2022-12-31T23_no_na_land
Loading training data...
Data loaded!
mse_64_0.0001_1e-17_0.5_4_4_16_0.5_128_0.0_unet-trans-s_day09
Training the model...

Epoch 1: val_loss improved from inf to 0.00047, saving model to /p/project1/cesmtst/patakchiyousefi1/HPT/mse_64_0.0001_1e-17_0.5_4_4_16_0.5_128_0.0_unet-trans-s_day09.h5
train_data_hourly_pr_['ADAPTER_DE05.day09.merged.nc']_['ADAPTER_DE05.day01.merged.nc']_MM_1__model_only_128.256_2018-01-01T13_2022-12-31T23_no_na_land
Loading training data...
Data loaded!
mse_64_0.0001_1e-17_0.5_4_2_16_0.5_128_0.0_unet-trans-s_day09
Training the model...

Epoch 1: val_loss improved from inf to 0.00027, saving model to /p/project1/cesmtst/patakchiyousefi1/HPT/mse_64_0.0001_1e-17_0.5_4_2_16_0.5_128_0.0_unet-trans-s_day09.h5
train_data_hourly_pr_['ADAPTER_DE05.day09.merged.nc']_['ADAPTER_DE05.day01.merged.nc']_MM_1__model_only_128.256_2018-01-01T13_2022-12-31T23_no_na_land
Loading training data...
Data loaded!
mse_64_1e-05_1e-17_0.5_4_1_16_0.5_128_0.0_unet-trans-s_day09
Training the model...

Epoch 1: val_loss improved from inf to 0.00073, saving model to /p/project1/cesmtst/patakchiyousefi1/HPT/mse_64_1e-05_1e-17_0.5_4_1_16_0.5_128_0.0_unet-trans-s_day09.h5
train_data_hourly_pr_['ADAPTER_DE05.day09.merged.nc']_['ADAPTER_DE05.day01.merged.nc']_MM_1__model_only_128.256_2018-01-01T13_2022-12-31T23_no_na_land
Loading training data...
Data loaded!
mse_64_0.0001_1e-17_0.5_4_1_16_0.5_128_0.0_unet-trans-s_day09
Training the model...

Epoch 1: val_loss improved from inf to 0.00051, saving model to /p/project1/cesmtst/patakchiyousefi1/HPT/mse_64_0.0001_1e-17_0.5_4_1_16_0.5_128_0.0_unet-trans-s_day09.h5

Epoch 2: val_loss improved from 0.00340 to 0.00274, saving model to /p/project1/cesmtst/patakchiyousefi1/HPT/mse_64_1e-05_1e-17_0.5_4_8_16_0.5_128_0.0_unet-trans-s_day09.h5

Epoch 2: val_loss improved from 0.00487 to 0.00193, saving model to /p/project1/cesmtst/patakchiyousefi1/HPT/mse_64_1e-05_1e-17_0.5_4_4_16_0.5_128_0.0_unet-trans-s_day09.h5

Epoch 2: val_loss improved from 0.00055 to 0.00030, saving model to /p/project1/cesmtst/patakchiyousefi1/HPT/mse_64_0.0001_1e-17_0.5_4_8_16_0.5_128_0.0_unet-trans-s_day09.h5

Epoch 2: val_loss did not improve from 0.00047

Epoch 2: val_loss improved from 0.00143 to 0.00048, saving model to /p/project1/cesmtst/patakchiyousefi1/HPT/mse_64_1e-05_1e-17_0.5_4_2_16_0.5_128_0.0_unet-trans-s_day09.h5

Epoch 2: val_loss did not improve from 0.00027

Epoch 3: val_loss improved from 0.00274 to 0.00173, saving model to /p/project1/cesmtst/patakchiyousefi1/HPT/mse_64_1e-05_1e-17_0.5_4_8_16_0.5_128_0.0_unet-trans-s_day09.h5

Epoch 3: val_loss improved from 0.00193 to 0.00100, saving model to /p/project1/cesmtst/patakchiyousefi1/HPT/mse_64_1e-05_1e-17_0.5_4_4_16_0.5_128_0.0_unet-trans-s_day09.h5

Epoch 3: val_loss did not improve from 0.00047

Epoch 2: val_loss improved from 0.00073 to 0.00019, saving model to /p/project1/cesmtst/patakchiyousefi1/HPT/mse_64_1e-05_1e-17_0.5_4_1_16_0.5_128_0.0_unet-trans-s_day09.h5

Epoch 2: val_loss improved from 0.00051 to 0.00022, saving model to /p/project1/cesmtst/patakchiyousefi1/HPT/mse_64_0.0001_1e-17_0.5_4_1_16_0.5_128_0.0_unet-trans-s_day09.h5

Epoch 3: val_loss improved from 0.00048 to 0.00025, saving model to /p/project1/cesmtst/patakchiyousefi1/HPT/mse_64_1e-05_1e-17_0.5_4_2_16_0.5_128_0.0_unet-trans-s_day09.h5

Epoch 3: val_loss improved from 0.00030 to 0.00026, saving model to /p/project1/cesmtst/patakchiyousefi1/HPT/mse_64_0.0001_1e-17_0.5_4_8_16_0.5_128_0.0_unet-trans-s_day09.h5

Epoch 4: val_loss improved from 0.00173 to 0.00115, saving model to /p/project1/cesmtst/patakchiyousefi1/HPT/mse_64_1e-05_1e-17_0.5_4_8_16_0.5_128_0.0_unet-trans-s_day09.h5

Epoch 3: val_loss improved from 0.00027 to 0.00011, saving model to /p/project1/cesmtst/patakchiyousefi1/HPT/mse_64_0.0001_1e-17_0.5_4_2_16_0.5_128_0.0_unet-trans-s_day09.h5

Epoch 4: val_loss improved from 0.00100 to 0.00061, saving model to /p/project1/cesmtst/patakchiyousefi1/HPT/mse_64_1e-05_1e-17_0.5_4_4_16_0.5_128_0.0_unet-trans-s_day09.h5

Epoch 4: val_loss did not improve from 0.00047

Epoch 4: val_loss improved from 0.00026 to 0.00020, saving model to /p/project1/cesmtst/patakchiyousefi1/HPT/mse_64_0.0001_1e-17_0.5_4_8_16_0.5_128_0.0_unet-trans-s_day09.h5

Epoch 5: val_loss improved from 0.00115 to 0.00082, saving model to /p/project1/cesmtst/patakchiyousefi1/HPT/mse_64_1e-05_1e-17_0.5_4_8_16_0.5_128_0.0_unet-trans-s_day09.h5

Epoch 4: val_loss improved from 0.00025 to 0.00015, saving model to /p/project1/cesmtst/patakchiyousefi1/HPT/mse_64_1e-05_1e-17_0.5_4_2_16_0.5_128_0.0_unet-trans-s_day09.h5

Epoch 5: val_loss improved from 0.00061 to 0.00039, saving model to /p/project1/cesmtst/patakchiyousefi1/HPT/mse_64_1e-05_1e-17_0.5_4_4_16_0.5_128_0.0_unet-trans-s_day09.h5

Epoch 3: val_loss improved from 0.00019 to 0.00010, saving model to /p/project1/cesmtst/patakchiyousefi1/HPT/mse_64_1e-05_1e-17_0.5_4_1_16_0.5_128_0.0_unet-trans-s_day09.h5

Epoch 3: val_loss improved from 0.00022 to 0.00009, saving model to /p/project1/cesmtst/patakchiyousefi1/HPT/mse_64_0.0001_1e-17_0.5_4_1_16_0.5_128_0.0_unet-trans-s_day09.h5

Epoch 4: val_loss did not improve from 0.00011

Epoch 5: val_loss improved from 0.00047 to 0.00020, saving model to /p/project1/cesmtst/patakchiyousefi1/HPT/mse_64_0.0001_1e-17_0.5_4_4_16_0.5_128_0.0_unet-trans-s_day09.h5

Epoch 5: val_loss improved from 0.00020 to 0.00015, saving model to /p/project1/cesmtst/patakchiyousefi1/HPT/mse_64_0.0001_1e-17_0.5_4_8_16_0.5_128_0.0_unet-trans-s_day09.h5

Epoch 6: val_loss improved from 0.00082 to 0.00061, saving model to /p/project1/cesmtst/patakchiyousefi1/HPT/mse_64_1e-05_1e-17_0.5_4_8_16_0.5_128_0.0_unet-trans-s_day09.h5

Epoch 6: val_loss improved from 0.00039 to 0.00027, saving model to /p/project1/cesmtst/patakchiyousefi1/HPT/mse_64_1e-05_1e-17_0.5_4_4_16_0.5_128_0.0_unet-trans-s_day09.h5

Epoch 5: val_loss improved from 0.00015 to 0.00013, saving model to /p/project1/cesmtst/patakchiyousefi1/HPT/mse_64_1e-05_1e-17_0.5_4_2_16_0.5_128_0.0_unet-trans-s_day09.h5

Epoch 6: val_loss improved from 0.00020 to 0.00012, saving model to /p/project1/cesmtst/patakchiyousefi1/HPT/mse_64_0.0001_1e-17_0.5_4_4_16_0.5_128_0.0_unet-trans-s_day09.h5

Epoch 5: val_loss improved from 0.00011 to 0.00007, saving model to /p/project1/cesmtst/patakchiyousefi1/HPT/mse_64_0.0001_1e-17_0.5_4_2_16_0.5_128_0.0_unet-trans-s_day09.h5

Epoch 6: val_loss improved from 0.00015 to 0.00013, saving model to /p/project1/cesmtst/patakchiyousefi1/HPT/mse_64_0.0001_1e-17_0.5_4_8_16_0.5_128_0.0_unet-trans-s_day09.h5

Epoch 7: val_loss improved from 0.00061 to 0.00048, saving model to /p/project1/cesmtst/patakchiyousefi1/HPT/mse_64_1e-05_1e-17_0.5_4_8_16_0.5_128_0.0_unet-trans-s_day09.h5

Epoch 4: val_loss improved from 0.00010 to 0.00008, saving model to /p/project1/cesmtst/patakchiyousefi1/HPT/mse_64_1e-05_1e-17_0.5_4_1_16_0.5_128_0.0_unet-trans-s_day09.h5

Epoch 4: val_loss improved from 0.00009 to 0.00007, saving model to /p/project1/cesmtst/patakchiyousefi1/HPT/mse_64_0.0001_1e-17_0.5_4_1_16_0.5_128_0.0_unet-trans-s_day09.h5

Epoch 7: val_loss improved from 0.00027 to 0.00020, saving model to /p/project1/cesmtst/patakchiyousefi1/HPT/mse_64_1e-05_1e-17_0.5_4_4_16_0.5_128_0.0_unet-trans-s_day09.h5

Epoch 7: val_loss improved from 0.00013 to 0.00012, saving model to /p/project1/cesmtst/patakchiyousefi1/HPT/mse_64_0.0001_1e-17_0.5_4_8_16_0.5_128_0.0_unet-trans-s_day09.h5

Epoch 6: val_loss improved from 0.00013 to 0.00010, saving model to /p/project1/cesmtst/patakchiyousefi1/HPT/mse_64_1e-05_1e-17_0.5_4_2_16_0.5_128_0.0_unet-trans-s_day09.h5

Epoch 8: val_loss improved from 0.00048 to 0.00039, saving model to /p/project1/cesmtst/patakchiyousefi1/HPT/mse_64_1e-05_1e-17_0.5_4_8_16_0.5_128_0.0_unet-trans-s_day09.h5

Epoch 7: val_loss improved from 0.00012 to 0.00008, saving model to /p/project1/cesmtst/patakchiyousefi1/HPT/mse_64_0.0001_1e-17_0.5_4_4_16_0.5_128_0.0_unet-trans-s_day09.h5

Epoch 6: val_loss did not improve from 0.00007

Epoch 8: val_loss improved from 0.00020 to 0.00015, saving model to /p/project1/cesmtst/patakchiyousefi1/HPT/mse_64_1e-05_1e-17_0.5_4_4_16_0.5_128_0.0_unet-trans-s_day09.h5

Epoch 8: val_loss improved from 0.00012 to 0.00011, saving model to /p/project1/cesmtst/patakchiyousefi1/HPT/mse_64_0.0001_1e-17_0.5_4_8_16_0.5_128_0.0_unet-trans-s_day09.h5

Epoch 9: val_loss improved from 0.00039 to 0.00032, saving model to /p/project1/cesmtst/patakchiyousefi1/HPT/mse_64_1e-05_1e-17_0.5_4_8_16_0.5_128_0.0_unet-trans-s_day09.h5

Epoch 8: val_loss improved from 0.00008 to 0.00007, saving model to /p/project1/cesmtst/patakchiyousefi1/HPT/mse_64_0.0001_1e-17_0.5_4_4_16_0.5_128_0.0_unet-trans-s_day09.h5

Epoch 5: val_loss improved from 0.00008 to 0.00007, saving model to /p/project1/cesmtst/patakchiyousefi1/HPT/mse_64_1e-05_1e-17_0.5_4_1_16_0.5_128_0.0_unet-trans-s_day09.h5

Epoch 5: val_loss did not improve from 0.00007

Epoch 7: val_loss improved from 0.00010 to 0.00009, saving model to /p/project1/cesmtst/patakchiyousefi1/HPT/mse_64_1e-05_1e-17_0.5_4_2_16_0.5_128_0.0_unet-trans-s_day09.h5

Epoch 7: val_loss did not improve from 0.00007

Epoch 9: val_loss improved from 0.00015 to 0.00013, saving model to /p/project1/cesmtst/patakchiyousefi1/HPT/mse_64_1e-05_1e-17_0.5_4_4_16_0.5_128_0.0_unet-trans-s_day09.h5

Epoch 9: val_loss improved from 0.00011 to 0.00010, saving model to /p/project1/cesmtst/patakchiyousefi1/HPT/mse_64_0.0001_1e-17_0.5_4_8_16_0.5_128_0.0_unet-trans-s_day09.h5

Epoch 10: val_loss improved from 0.00032 to 0.00027, saving model to /p/project1/cesmtst/patakchiyousefi1/HPT/mse_64_1e-05_1e-17_0.5_4_8_16_0.5_128_0.0_unet-trans-s_day09.h5

Epoch 9: val_loss did not improve from 0.00007

Epoch 8: val_loss improved from 0.00009 to 0.00009, saving model to /p/project1/cesmtst/patakchiyousefi1/HPT/mse_64_1e-05_1e-17_0.5_4_2_16_0.5_128_0.0_unet-trans-s_day09.h5

Epoch 10: val_loss improved from 0.00010 to 0.00010, saving model to /p/project1/cesmtst/patakchiyousefi1/HPT/mse_64_0.0001_1e-17_0.5_4_8_16_0.5_128_0.0_unet-trans-s_day09.h5

Epoch 8: val_loss did not improve from 0.00007

Epoch 10: val_loss improved from 0.00013 to 0.00011, saving model to /p/project1/cesmtst/patakchiyousefi1/HPT/mse_64_1e-05_1e-17_0.5_4_4_16_0.5_128_0.0_unet-trans-s_day09.h5

Epoch 6: val_loss did not improve from 0.00007

Epoch 11: val_loss improved from 0.00027 to 0.00022, saving model to /p/project1/cesmtst/patakchiyousefi1/HPT/mse_64_1e-05_1e-17_0.5_4_8_16_0.5_128_0.0_unet-trans-s_day09.h5

Epoch 6: val_loss did not improve from 0.00007

Epoch 10: val_loss did not improve from 0.00007

Epoch 11: val_loss did not improve from 0.00010

Epoch 12: val_loss improved from 0.00022 to 0.00019, saving model to /p/project1/cesmtst/patakchiyousefi1/HPT/mse_64_1e-05_1e-17_0.5_4_8_16_0.5_128_0.0_unet-trans-s_day09.h5

Epoch 11: val_loss improved from 0.00011 to 0.00010, saving model to /p/project1/cesmtst/patakchiyousefi1/HPT/mse_64_1e-05_1e-17_0.5_4_4_16_0.5_128_0.0_unet-trans-s_day09.h5

Epoch 9: val_loss improved from 0.00009 to 0.00009, saving model to /p/project1/cesmtst/patakchiyousefi1/HPT/mse_64_1e-05_1e-17_0.5_4_2_16_0.5_128_0.0_unet-trans-s_day09.h5

Epoch 9: val_loss did not improve from 0.00007

Epoch 11: val_loss did not improve from 0.00007

Epoch 12: val_loss did not improve from 0.00010

Epoch 7: val_loss improved from 0.00007 to 0.00007, saving model to /p/project1/cesmtst/patakchiyousefi1/HPT/mse_64_1e-05_1e-17_0.5_4_1_16_0.5_128_0.0_unet-trans-s_day09.h5

Epoch 7: val_loss improved from 0.00007 to 0.00007, saving model to /p/project1/cesmtst/patakchiyousefi1/HPT/mse_64_0.0001_1e-17_0.5_4_1_16_0.5_128_0.0_unet-trans-s_day09.h5

Epoch 13: val_loss improved from 0.00019 to 0.00017, saving model to /p/project1/cesmtst/patakchiyousefi1/HPT/mse_64_1e-05_1e-17_0.5_4_8_16_0.5_128_0.0_unet-trans-s_day09.h5

Epoch 12: val_loss improved from 0.00010 to 0.00009, saving model to /p/project1/cesmtst/patakchiyousefi1/HPT/mse_64_1e-05_1e-17_0.5_4_4_16_0.5_128_0.0_unet-trans-s_day09.h5

Epoch 10: val_loss improved from 0.00009 to 0.00008, saving model to /p/project1/cesmtst/patakchiyousefi1/HPT/mse_64_1e-05_1e-17_0.5_4_2_16_0.5_128_0.0_unet-trans-s_day09.h5

Epoch 10: val_loss improved from 0.00007 to 0.00006, saving model to /p/project1/cesmtst/patakchiyousefi1/HPT/mse_64_0.0001_1e-17_0.5_4_2_16_0.5_128_0.0_unet-trans-s_day09.h5

Epoch 12: val_loss did not improve from 0.00007

Epoch 13: val_loss did not improve from 0.00010

Epoch 14: val_loss improved from 0.00017 to 0.00015, saving model to /p/project1/cesmtst/patakchiyousefi1/HPT/mse_64_1e-05_1e-17_0.5_4_8_16_0.5_128_0.0_unet-trans-s_day09.h5

Epoch 13: val_loss improved from 0.00009 to 0.00008, saving model to /p/project1/cesmtst/patakchiyousefi1/HPT/mse_64_1e-05_1e-17_0.5_4_4_16_0.5_128_0.0_unet-trans-s_day09.h5

Epoch 8: val_loss did not improve from 0.00007

Epoch 11: val_loss did not improve from 0.00008

Epoch 14: val_loss did not improve from 0.00010

Epoch 13: val_loss improved from 0.00007 to 0.00007, saving model to /p/project1/cesmtst/patakchiyousefi1/HPT/mse_64_0.0001_1e-17_0.5_4_4_16_0.5_128_0.0_unet-trans-s_day09.h5

Epoch 15: val_loss improved from 0.00015 to 0.00014, saving model to /p/project1/cesmtst/patakchiyousefi1/HPT/mse_64_1e-05_1e-17_0.5_4_8_16_0.5_128_0.0_unet-trans-s_day09.h5

Epoch 11: val_loss did not improve from 0.00006

Epoch 8: val_loss did not improve from 0.00007

Epoch 15: val_loss did not improve from 0.00010

Epoch 14: val_loss did not improve from 0.00007

Epoch 16: val_loss improved from 0.00014 to 0.00013, saving model to /p/project1/cesmtst/patakchiyousefi1/HPT/mse_64_1e-05_1e-17_0.5_4_8_16_0.5_128_0.0_unet-trans-s_day09.h5

Epoch 14: val_loss did not improve from 0.00008

Epoch 12: val_loss improved from 0.00008 to 0.00007, saving model to /p/project1/cesmtst/patakchiyousefi1/HPT/mse_64_1e-05_1e-17_0.5_4_2_16_0.5_128_0.0_unet-trans-s_day09.h5

Epoch 9: val_loss did not improve from 0.00007

Epoch 16: val_loss did not improve from 0.00010

Epoch 12: val_loss did not improve from 0.00006

Epoch 17: val_loss improved from 0.00013 to 0.00012, saving model to /p/project1/cesmtst/patakchiyousefi1/HPT/mse_64_1e-05_1e-17_0.5_4_8_16_0.5_128_0.0_unet-trans-s_day09.h5

Epoch 15: val_loss did not improve from 0.00007

Epoch 15: val_loss improved from 0.00008 to 0.00008, saving model to /p/project1/cesmtst/patakchiyousefi1/HPT/mse_64_1e-05_1e-17_0.5_4_4_16_0.5_128_0.0_unet-trans-s_day09.h5

Epoch 9: val_loss did not improve from 0.00007

Epoch 13: val_loss did not improve from 0.00007

Epoch 17: val_loss did not improve from 0.00010

Epoch 18: val_loss improved from 0.00012 to 0.00012, saving model to /p/project1/cesmtst/patakchiyousefi1/HPT/mse_64_1e-05_1e-17_0.5_4_8_16_0.5_128_0.0_unet-trans-s_day09.h5

Epoch 16: val_loss did not improve from 0.00007

Epoch 13: val_loss did not improve from 0.00006

Epoch 10: val_loss did not improve from 0.00007

Epoch 14: val_loss did not improve from 0.00007

Epoch 18: val_loss did not improve from 0.00010

Epoch 16: val_loss improved from 0.00008 to 0.00008, saving model to /p/project1/cesmtst/patakchiyousefi1/HPT/mse_64_1e-05_1e-17_0.5_4_4_16_0.5_128_0.0_unet-trans-s_day09.h5

Epoch 10: val_loss did not improve from 0.00007

Epoch 19: val_loss improved from 0.00012 to 0.00010, saving model to /p/project1/cesmtst/patakchiyousefi1/HPT/mse_64_1e-05_1e-17_0.5_4_8_16_0.5_128_0.0_unet-trans-s_day09.h5

Epoch 17: val_loss improved from 0.00007 to 0.00007, saving model to /p/project1/cesmtst/patakchiyousefi1/HPT/mse_64_0.0001_1e-17_0.5_4_4_16_0.5_128_0.0_unet-trans-s_day09.h5

Epoch 19: val_loss improved from 0.00010 to 0.00007, saving model to /p/project1/cesmtst/patakchiyousefi1/HPT/mse_64_0.0001_1e-17_0.5_4_8_16_0.5_128_0.0_unet-trans-s_day09.h5

Epoch 14: val_loss did not improve from 0.00006

Epoch 17: val_loss improved from 0.00008 to 0.00007, saving model to /p/project1/cesmtst/patakchiyousefi1/HPT/mse_64_1e-05_1e-17_0.5_4_4_16_0.5_128_0.0_unet-trans-s_day09.h5

Epoch 20: val_loss improved from 0.00010 to 0.00009, saving model to /p/project1/cesmtst/patakchiyousefi1/HPT/mse_64_1e-05_1e-17_0.5_4_8_16_0.5_128_0.0_unet-trans-s_day09.h5

Epoch 15: val_loss did not improve from 0.00007

Epoch 11: val_loss did not improve from 0.00007

Epoch 20: val_loss did not improve from 0.00007

Epoch 11: val_loss did not improve from 0.00007

Epoch 18: val_loss improved from 0.00007 to 0.00006, saving model to /p/project1/cesmtst/patakchiyousefi1/HPT/mse_64_0.0001_1e-17_0.5_4_4_16_0.5_128_0.0_unet-trans-s_day09.h5

Epoch 21: val_loss improved from 0.00009 to 0.00009, saving model to /p/project1/cesmtst/patakchiyousefi1/HPT/mse_64_1e-05_1e-17_0.5_4_8_16_0.5_128_0.0_unet-trans-s_day09.h5

Epoch 18: val_loss improved from 0.00007 to 0.00007, saving model to /p/project1/cesmtst/patakchiyousefi1/HPT/mse_64_1e-05_1e-17_0.5_4_4_16_0.5_128_0.0_unet-trans-s_day09.h5

Epoch 15: val_loss did not improve from 0.00006

Epoch 16: val_loss did not improve from 0.00007

Epoch 21: val_loss did not improve from 0.00007

Epoch 22: val_loss improved from 0.00009 to 0.00009, saving model to /p/project1/cesmtst/patakchiyousefi1/HPT/mse_64_1e-05_1e-17_0.5_4_8_16_0.5_128_0.0_unet-trans-s_day09.h5

Epoch 19: val_loss improved from 0.00006 to 0.00006, saving model to /p/project1/cesmtst/patakchiyousefi1/HPT/mse_64_0.0001_1e-17_0.5_4_4_16_0.5_128_0.0_unet-trans-s_day09.h5

Epoch 12: val_loss improved from 0.00007 to 0.00007, saving model to /p/project1/cesmtst/patakchiyousefi1/HPT/mse_64_1e-05_1e-17_0.5_4_1_16_0.5_128_0.0_unet-trans-s_day09.h5

Epoch 19: val_loss improved from 0.00007 to 0.00007, saving model to /p/project1/cesmtst/patakchiyousefi1/HPT/mse_64_1e-05_1e-17_0.5_4_4_16_0.5_128_0.0_unet-trans-s_day09.h5

Epoch 16: val_loss did not improve from 0.00006

Epoch 12: val_loss did not improve from 0.00007

Epoch 17: val_loss improved from 0.00007 to 0.00007, saving model to /p/project1/cesmtst/patakchiyousefi1/HPT/mse_64_1e-05_1e-17_0.5_4_2_16_0.5_128_0.0_unet-trans-s_day09.h5

Epoch 22: val_loss did not improve from 0.00007

Epoch 23: val_loss improved from 0.00009 to 0.00009, saving model to /p/project1/cesmtst/patakchiyousefi1/HPT/mse_64_1e-05_1e-17_0.5_4_8_16_0.5_128_0.0_unet-trans-s_day09.h5

Epoch 20: val_loss did not improve from 0.00006

Epoch 20: val_loss improved from 0.00007 to 0.00007, saving model to /p/project1/cesmtst/patakchiyousefi1/HPT/mse_64_1e-05_1e-17_0.5_4_4_16_0.5_128_0.0_unet-trans-s_day09.h5

Epoch 23: val_loss did not improve from 0.00007

Epoch 17: val_loss improved from 0.00006 to 0.00006, saving model to /p/project1/cesmtst/patakchiyousefi1/HPT/mse_64_0.0001_1e-17_0.5_4_2_16_0.5_128_0.0_unet-trans-s_day09.h5

Epoch 24: val_loss improved from 0.00009 to 0.00008, saving model to /p/project1/cesmtst/patakchiyousefi1/HPT/mse_64_1e-05_1e-17_0.5_4_8_16_0.5_128_0.0_unet-trans-s_day09.h5

Epoch 13: val_loss improved from 0.00007 to 0.00007, saving model to /p/project1/cesmtst/patakchiyousefi1/HPT/mse_64_1e-05_1e-17_0.5_4_1_16_0.5_128_0.0_unet-trans-s_day09.h5

Epoch 18: val_loss improved from 0.00007 to 0.00007, saving model to /p/project1/cesmtst/patakchiyousefi1/HPT/mse_64_1e-05_1e-17_0.5_4_2_16_0.5_128_0.0_unet-trans-s_day09.h5

Epoch 21: val_loss did not improve from 0.00006

Epoch 21: val_loss improved from 0.00007 to 0.00007, saving model to /p/project1/cesmtst/patakchiyousefi1/HPT/mse_64_1e-05_1e-17_0.5_4_4_16_0.5_128_0.0_unet-trans-s_day09.h5

Epoch 13: val_loss did not improve from 0.00007

Epoch 24: val_loss improved from 0.00007 to 0.00007, saving model to /p/project1/cesmtst/patakchiyousefi1/HPT/mse_64_0.0001_1e-17_0.5_4_8_16_0.5_128_0.0_unet-trans-s_day09.h5

Epoch 25: val_loss improved from 0.00008 to 0.00008, saving model to /p/project1/cesmtst/patakchiyousefi1/HPT/mse_64_1e-05_1e-17_0.5_4_8_16_0.5_128_0.0_unet-trans-s_day09.h5

Epoch 18: val_loss improved from 0.00006 to 0.00006, saving model to /p/project1/cesmtst/patakchiyousefi1/HPT/mse_64_0.0001_1e-17_0.5_4_2_16_0.5_128_0.0_unet-trans-s_day09.h5

Epoch 22: val_loss did not improve from 0.00006

Epoch 22: val_loss improved from 0.00007 to 0.00007, saving model to /p/project1/cesmtst/patakchiyousefi1/HPT/mse_64_1e-05_1e-17_0.5_4_4_16_0.5_128_0.0_unet-trans-s_day09.h5

Epoch 25: val_loss improved from 0.00007 to 0.00007, saving model to /p/project1/cesmtst/patakchiyousefi1/HPT/mse_64_0.0001_1e-17_0.5_4_8_16_0.5_128_0.0_unet-trans-s_day09.h5

Epoch 19: val_loss improved from 0.00007 to 0.00007, saving model to /p/project1/cesmtst/patakchiyousefi1/HPT/mse_64_1e-05_1e-17_0.5_4_2_16_0.5_128_0.0_unet-trans-s_day09.h5

Epoch 26: val_loss improved from 0.00008 to 0.00008, saving model to /p/project1/cesmtst/patakchiyousefi1/HPT/mse_64_1e-05_1e-17_0.5_4_8_16_0.5_128_0.0_unet-trans-s_day09.h5

Epoch 14: val_loss did not improve from 0.00007

Epoch 23: val_loss did not improve from 0.00006

Epoch 14: val_loss improved from 0.00007 to 0.00006, saving model to /p/project1/cesmtst/patakchiyousefi1/HPT/mse_64_1e-05_1e-17_0.5_4_1_16_0.5_128_0.0_unet-trans-s_day09.h5

Epoch 19: val_loss improved from 0.00006 to 0.00006, saving model to /p/project1/cesmtst/patakchiyousefi1/HPT/mse_64_0.0001_1e-17_0.5_4_2_16_0.5_128_0.0_unet-trans-s_day09.h5

Epoch 23: val_loss did not improve from 0.00007

Epoch 26: val_loss improved from 0.00007 to 0.00007, saving model to /p/project1/cesmtst/patakchiyousefi1/HPT/mse_64_0.0001_1e-17_0.5_4_8_16_0.5_128_0.0_unet-trans-s_day09.h5

Epoch 27: val_loss improved from 0.00008 to 0.00008, saving model to /p/project1/cesmtst/patakchiyousefi1/HPT/mse_64_1e-05_1e-17_0.5_4_8_16_0.5_128_0.0_unet-trans-s_day09.h5

Epoch 24: val_loss did not improve from 0.00006

Epoch 27: val_loss improved from 0.00007 to 0.00007, saving model to /p/project1/cesmtst/patakchiyousefi1/HPT/mse_64_0.0001_1e-17_0.5_4_8_16_0.5_128_0.0_unet-trans-s_day09.h5

Epoch 20: val_loss improved from 0.00007 to 0.00007, saving model to /p/project1/cesmtst/patakchiyousefi1/HPT/mse_64_1e-05_1e-17_0.5_4_2_16_0.5_128_0.0_unet-trans-s_day09.h5

Epoch 24: val_loss improved from 0.00007 to 0.00007, saving model to /p/project1/cesmtst/patakchiyousefi1/HPT/mse_64_1e-05_1e-17_0.5_4_4_16_0.5_128_0.0_unet-trans-s_day09.h5

Epoch 20: val_loss improved from 0.00006 to 0.00006, saving model to /p/project1/cesmtst/patakchiyousefi1/HPT/mse_64_0.0001_1e-17_0.5_4_2_16_0.5_128_0.0_unet-trans-s_day09.h5

Epoch 28: val_loss improved from 0.00008 to 0.00008, saving model to /p/project1/cesmtst/patakchiyousefi1/HPT/mse_64_1e-05_1e-17_0.5_4_8_16_0.5_128_0.0_unet-trans-s_day09.h5

Epoch 15: val_loss did not improve from 0.00007

Epoch 15: val_loss improved from 0.00006 to 0.00006, saving model to /p/project1/cesmtst/patakchiyousefi1/HPT/mse_64_1e-05_1e-17_0.5_4_1_16_0.5_128_0.0_unet-trans-s_day09.h5

Epoch 25: val_loss did not improve from 0.00006

Epoch 28: val_loss did not improve from 0.00007

Epoch 25: val_loss improved from 0.00007 to 0.00007, saving model to /p/project1/cesmtst/patakchiyousefi1/HPT/mse_64_1e-05_1e-17_0.5_4_4_16_0.5_128_0.0_unet-trans-s_day09.h5

Epoch 29: val_loss improved from 0.00008 to 0.00008, saving model to /p/project1/cesmtst/patakchiyousefi1/HPT/mse_64_1e-05_1e-17_0.5_4_8_16_0.5_128_0.0_unet-trans-s_day09.h5

Epoch 21: val_loss improved from 0.00007 to 0.00007, saving model to /p/project1/cesmtst/patakchiyousefi1/HPT/mse_64_1e-05_1e-17_0.5_4_2_16_0.5_128_0.0_unet-trans-s_day09.h5

Epoch 21: val_loss did not improve from 0.00006

Epoch 29: val_loss improved from 0.00007 to 0.00007, saving model to /p/project1/cesmtst/patakchiyousefi1/HPT/mse_64_0.0001_1e-17_0.5_4_8_16_0.5_128_0.0_unet-trans-s_day09.h5

Epoch 26: val_loss improved from 0.00006 to 0.00006, saving model to /p/project1/cesmtst/patakchiyousefi1/HPT/mse_64_0.0001_1e-17_0.5_4_4_16_0.5_128_0.0_unet-trans-s_day09.h5

Epoch 26: val_loss improved from 0.00007 to 0.00007, saving model to /p/project1/cesmtst/patakchiyousefi1/HPT/mse_64_1e-05_1e-17_0.5_4_4_16_0.5_128_0.0_unet-trans-s_day09.h5

Epoch 16: val_loss did not improve from 0.00007

Epoch 30: val_loss did not improve from 0.00008

Epoch 16: val_loss did not improve from 0.00006

Epoch 22: val_loss did not improve from 0.00007

Epoch 30: val_loss improved from 0.00007 to 0.00007, saving model to /p/project1/cesmtst/patakchiyousefi1/HPT/mse_64_0.0001_1e-17_0.5_4_8_16_0.5_128_0.0_unet-trans-s_day09.h5

Epoch 22: val_loss did not improve from 0.00006

Epoch 27: val_loss improved from 0.00006 to 0.00006, saving model to /p/project1/cesmtst/patakchiyousefi1/HPT/mse_64_0.0001_1e-17_0.5_4_4_16_0.5_128_0.0_unet-trans-s_day09.h5

Epoch 31: val_loss improved from 0.00008 to 0.00008, saving model to /p/project1/cesmtst/patakchiyousefi1/HPT/mse_64_1e-05_1e-17_0.5_4_8_16_0.5_128_0.0_unet-trans-s_day09.h5

Epoch 27: val_loss did not improve from 0.00007

Epoch 23: val_loss did not improve from 0.00007

Epoch 31: val_loss did not improve from 0.00007

Epoch 17: val_loss did not improve from 0.00007

Epoch 28: val_loss improved from 0.00006 to 0.00006, saving model to /p/project1/cesmtst/patakchiyousefi1/HPT/mse_64_0.0001_1e-17_0.5_4_4_16_0.5_128_0.0_unet-trans-s_day09.h5

Epoch 32: val_loss improved from 0.00008 to 0.00007, saving model to /p/project1/cesmtst/patakchiyousefi1/HPT/mse_64_1e-05_1e-17_0.5_4_8_16_0.5_128_0.0_unet-trans-s_day09.h5

Epoch 23: val_loss did not improve from 0.00006

Epoch 17: val_loss improved from 0.00006 to 0.00006, saving model to /p/project1/cesmtst/patakchiyousefi1/HPT/mse_64_1e-05_1e-17_0.5_4_1_16_0.5_128_0.0_unet-trans-s_day09.h5

Epoch 28: val_loss improved from 0.00007 to 0.00007, saving model to /p/project1/cesmtst/patakchiyousefi1/HPT/mse_64_1e-05_1e-17_0.5_4_4_16_0.5_128_0.0_unet-trans-s_day09.h5

Epoch 32: val_loss did not improve from 0.00007

Epoch 33: val_loss improved from 0.00007 to 0.00007, saving model to /p/project1/cesmtst/patakchiyousefi1/HPT/mse_64_1e-05_1e-17_0.5_4_8_16_0.5_128_0.0_unet-trans-s_day09.h5

Epoch 29: val_loss improved from 0.00006 to 0.00006, saving model to /p/project1/cesmtst/patakchiyousefi1/HPT/mse_64_0.0001_1e-17_0.5_4_4_16_0.5_128_0.0_unet-trans-s_day09.h5

Epoch 24: val_loss did not improve from 0.00007

Epoch 29: val_loss did not improve from 0.00007

Epoch 24: val_loss did not improve from 0.00006

Epoch 18: val_loss did not improve from 0.00007

Epoch 33: val_loss did not improve from 0.00007

Epoch 34: val_loss improved from 0.00007 to 0.00007, saving model to /p/project1/cesmtst/patakchiyousefi1/HPT/mse_64_1e-05_1e-17_0.5_4_8_16_0.5_128_0.0_unet-trans-s_day09.h5

Epoch 30: val_loss improved from 0.00006 to 0.00006, saving model to /p/project1/cesmtst/patakchiyousefi1/HPT/mse_64_0.0001_1e-17_0.5_4_4_16_0.5_128_0.0_unet-trans-s_day09.h5

Epoch 30: val_loss improved from 0.00007 to 0.00007, saving model to /p/project1/cesmtst/patakchiyousefi1/HPT/mse_64_1e-05_1e-17_0.5_4_4_16_0.5_128_0.0_unet-trans-s_day09.h5

Epoch 25: val_loss did not improve from 0.00007

Epoch 18: val_loss did not improve from 0.00006

Epoch 34: val_loss did not improve from 0.00007

Epoch 25: val_loss did not improve from 0.00006

Epoch 35: val_loss improved from 0.00007 to 0.00007, saving model to /p/project1/cesmtst/patakchiyousefi1/HPT/mse_64_1e-05_1e-17_0.5_4_8_16_0.5_128_0.0_unet-trans-s_day09.h5

Epoch 31: val_loss improved from 0.00006 to 0.00006, saving model to /p/project1/cesmtst/patakchiyousefi1/HPT/mse_64_0.0001_1e-17_0.5_4_4_16_0.5_128_0.0_unet-trans-s_day09.h5

Epoch 31: val_loss improved from 0.00007 to 0.00007, saving model to /p/project1/cesmtst/patakchiyousefi1/HPT/mse_64_1e-05_1e-17_0.5_4_4_16_0.5_128_0.0_unet-trans-s_day09.h5

Epoch 19: val_loss did not improve from 0.00007

Epoch 35: val_loss improved from 0.00007 to 0.00007, saving model to /p/project1/cesmtst/patakchiyousefi1/HPT/mse_64_0.0001_1e-17_0.5_4_8_16_0.5_128_0.0_unet-trans-s_day09.h5

Epoch 26: val_loss did not improve from 0.00007

Epoch 36: val_loss did not improve from 0.00007

Epoch 26: val_loss did not improve from 0.00006

Epoch 19: val_loss did not improve from 0.00006

Epoch 32: val_loss improved from 0.00007 to 0.00007, saving model to /p/project1/cesmtst/patakchiyousefi1/HPT/mse_64_1e-05_1e-17_0.5_4_4_16_0.5_128_0.0_unet-trans-s_day09.h5

Epoch 36: val_loss did not improve from 0.00007

Epoch 37: val_loss did not improve from 0.00007

Epoch 32: val_loss improved from 0.00006 to 0.00006, saving model to /p/project1/cesmtst/patakchiyousefi1/HPT/mse_64_0.0001_1e-17_0.5_4_4_16_0.5_128_0.0_unet-trans-s_day09.h5

Epoch 27: val_loss did not improve from 0.00007

Epoch 20: val_loss did not improve from 0.00007

Epoch 27: val_loss did not improve from 0.00006

Epoch 37: val_loss did not improve from 0.00007

Epoch 33: val_loss improved from 0.00007 to 0.00007, saving model to /p/project1/cesmtst/patakchiyousefi1/HPT/mse_64_1e-05_1e-17_0.5_4_4_16_0.5_128_0.0_unet-trans-s_day09.h5

Epoch 38: val_loss did not improve from 0.00007

Epoch 33: val_loss did not improve from 0.00006

Epoch 20: val_loss did not improve from 0.00006

Epoch 38: val_loss did not improve from 0.00007

Epoch 34: val_loss improved from 0.00007 to 0.00007, saving model to /p/project1/cesmtst/patakchiyousefi1/HPT/mse_64_1e-05_1e-17_0.5_4_4_16_0.5_128_0.0_unet-trans-s_day09.h5

Epoch 28: val_loss did not improve from 0.00006

Epoch 28: val_loss did not improve from 0.00007

Epoch 39: val_loss improved from 0.00007 to 0.00007, saving model to /p/project1/cesmtst/patakchiyousefi1/HPT/mse_64_1e-05_1e-17_0.5_4_8_16_0.5_128_0.0_unet-trans-s_day09.h5

Epoch 21: val_loss improved from 0.00007 to 0.00007, saving model to /p/project1/cesmtst/patakchiyousefi1/HPT/mse_64_0.0001_1e-17_0.5_4_1_16_0.5_128_0.0_unet-trans-s_day09.h5

Epoch 34: val_loss improved from 0.00006 to 0.00006, saving model to /p/project1/cesmtst/patakchiyousefi1/HPT/mse_64_0.0001_1e-17_0.5_4_4_16_0.5_128_0.0_unet-trans-s_day09.h5

Epoch 39: val_loss did not improve from 0.00007

Epoch 35: val_loss improved from 0.00007 to 0.00007, saving model to /p/project1/cesmtst/patakchiyousefi1/HPT/mse_64_1e-05_1e-17_0.5_4_4_16_0.5_128_0.0_unet-trans-s_day09.h5

Epoch 40: val_loss improved from 0.00007 to 0.00007, saving model to /p/project1/cesmtst/patakchiyousefi1/HPT/mse_64_1e-05_1e-17_0.5_4_8_16_0.5_128_0.0_unet-trans-s_day09.h5

Epoch 29: val_loss did not improve from 0.00006

Epoch 29: val_loss did not improve from 0.00007

Epoch 21: val_loss did not improve from 0.00006

Epoch 35: val_loss did not improve from 0.00006

Epoch 40: val_loss did not improve from 0.00007

Epoch 41: val_loss did not improve from 0.00007

Epoch 36: val_loss did not improve from 0.00006

Epoch 30: val_loss did not improve from 0.00006

Epoch 30: val_loss did not improve from 0.00007

Epoch 41: val_loss did not improve from 0.00007

Epoch 36: val_loss did not improve from 0.00007

Epoch 22: val_loss did not improve from 0.00007

Epoch 42: val_loss improved from 0.00007 to 0.00007, saving model to /p/project1/cesmtst/patakchiyousefi1/HPT/mse_64_1e-05_1e-17_0.5_4_8_16_0.5_128_0.0_unet-trans-s_day09.h5

Epoch 22: val_loss did not improve from 0.00006

Epoch 37: val_loss did not improve from 0.00006

Epoch 42: val_loss did not improve from 0.00007

Epoch 37: val_loss improved from 0.00007 to 0.00007, saving model to /p/project1/cesmtst/patakchiyousefi1/HPT/mse_64_1e-05_1e-17_0.5_4_4_16_0.5_128_0.0_unet-trans-s_day09.h5

Epoch 31: val_loss did not improve from 0.00006

Epoch 43: val_loss improved from 0.00007 to 0.00007, saving model to /p/project1/cesmtst/patakchiyousefi1/HPT/mse_64_1e-05_1e-17_0.5_4_8_16_0.5_128_0.0_unet-trans-s_day09.h5

Epoch 31: val_loss did not improve from 0.00007

Epoch 23: val_loss did not improve from 0.00007

Epoch 43: val_loss did not improve from 0.00007

Epoch 38: val_loss did not improve from 0.00006

Epoch 38: val_loss improved from 0.00007 to 0.00007, saving model to /p/project1/cesmtst/patakchiyousefi1/HPT/mse_64_1e-05_1e-17_0.5_4_4_16_0.5_128_0.0_unet-trans-s_day09.h5

Epoch 23: val_loss did not improve from 0.00006

Epoch 44: val_loss improved from 0.00007 to 0.00007, saving model to /p/project1/cesmtst/patakchiyousefi1/HPT/mse_64_1e-05_1e-17_0.5_4_8_16_0.5_128_0.0_unet-trans-s_day09.h5

Epoch 32: val_loss did not improve from 0.00006

Epoch 44: val_loss did not improve from 0.00007

Epoch 32: val_loss did not improve from 0.00007

Epoch 39: val_loss did not improve from 0.00006

Epoch 45: val_loss improved from 0.00007 to 0.00007, saving model to /p/project1/cesmtst/patakchiyousefi1/HPT/mse_64_1e-05_1e-17_0.5_4_8_16_0.5_128_0.0_unet-trans-s_day09.h5

Epoch 39: val_loss improved from 0.00007 to 0.00007, saving model to /p/project1/cesmtst/patakchiyousefi1/HPT/mse_64_1e-05_1e-17_0.5_4_4_16_0.5_128_0.0_unet-trans-s_day09.h5

Epoch 24: val_loss did not improve from 0.00007

Epoch 45: val_loss did not improve from 0.00007

Epoch 24: val_loss did not improve from 0.00006

Epoch 33: val_loss did not improve from 0.00006

Epoch 46: val_loss did not improve from 0.00007

Epoch 33: val_loss did not improve from 0.00007

Epoch 40: val_loss did not improve from 0.00006

Epoch 46: val_loss did not improve from 0.00007

Epoch 40: val_loss did not improve from 0.00007

Epoch 47: val_loss improved from 0.00007 to 0.00007, saving model to /p/project1/cesmtst/patakchiyousefi1/HPT/mse_64_1e-05_1e-17_0.5_4_8_16_0.5_128_0.0_unet-trans-s_day09.h5

Epoch 34: val_loss did not improve from 0.00006

Epoch 25: val_loss did not improve from 0.00007

Epoch 47: val_loss did not improve from 0.00007

Epoch 41: val_loss did not improve from 0.00006

Epoch 25: val_loss did not improve from 0.00006

Epoch 34: val_loss did not improve from 0.00007

Epoch 41: val_loss did not improve from 0.00007

Epoch 48: val_loss did not improve from 0.00007

Epoch 35: val_loss did not improve from 0.00006

Epoch 48: val_loss did not improve from 0.00007

Epoch 42: val_loss did not improve from 0.00006

Epoch 49: val_loss did not improve from 0.00007

Epoch 42: val_loss did not improve from 0.00007

Epoch 26: val_loss did not improve from 0.00007

Epoch 35: val_loss did not improve from 0.00007

Epoch 26: val_loss did not improve from 0.00006

Epoch 49: val_loss did not improve from 0.00007

Epoch 43: val_loss did not improve from 0.00006

Epoch 36: val_loss did not improve from 0.00006
Saving and plotting the results...

Epoch 50: val_loss did not improve from 0.00007

Epoch 43: val_loss did not improve from 0.00007

Epoch 36: val_loss did not improve from 0.00007

Epoch 50: val_loss did not improve from 0.00007

Epoch 44: val_loss did not improve from 0.00006

Epoch 51: val_loss did not improve from 0.00007

Epoch 27: val_loss did not improve from 0.00007

Epoch 44: val_loss did not improve from 0.00007

Epoch 27: val_loss did not improve from 0.00006

Epoch 51: val_loss did not improve from 0.00007
Saving and plotting the results...

Epoch 37: val_loss did not improve from 0.00007
Saving and plotting the results...
train_data_hourly_pr_['ADAPTER_DE05.day09.merged.nc']_['ADAPTER_DE05.day01.merged.nc']_MM_1__model_only_128.256_2018-01-01T13_2022-12-31T23_no_na_land
Loading training data...
Data loaded!
mse_64_0.001_1e-17_0.5_4_4_16_0.5_128_0.0_unet-trans-s_day09
Training the model...

Epoch 1: val_loss improved from inf to 0.00029, saving model to /p/project1/cesmtst/patakchiyousefi1/HPT/mse_64_0.001_1e-17_0.5_4_4_16_0.5_128_0.0_unet-trans-s_day09.h5

Epoch 52: val_loss improved from 0.00007 to 0.00007, saving model to /p/project1/cesmtst/patakchiyousefi1/HPT/mse_64_1e-05_1e-17_0.5_4_8_16_0.5_128_0.0_unet-trans-s_day09.h5

Epoch 45: val_loss did not improve from 0.00006

Epoch 45: val_loss did not improve from 0.00007

Epoch 28: val_loss did not improve from 0.00007

Epoch 53: val_loss improved from 0.00007 to 0.00007, saving model to /p/project1/cesmtst/patakchiyousefi1/HPT/mse_64_1e-05_1e-17_0.5_4_8_16_0.5_128_0.0_unet-trans-s_day09.h5

Epoch 2: val_loss improved from 0.00029 to 0.00018, saving model to /p/project1/cesmtst/patakchiyousefi1/HPT/mse_64_0.001_1e-17_0.5_4_4_16_0.5_128_0.0_unet-trans-s_day09.h5

Epoch 28: val_loss did not improve from 0.00006

Epoch 46: val_loss did not improve from 0.00006
train_data_hourly_pr_['ADAPTER_DE05.day09.merged.nc']_['ADAPTER_DE05.day01.merged.nc']_MM_1__model_only_128.256_2018-01-01T13_2022-12-31T23_no_na_land
Loading training data...
Data loaded!
mse_64_0.001_1e-17_0.5_4_8_16_0.5_128_0.0_unet-trans-s_day09
Training the model...

Epoch 1: val_loss improved from inf to 0.00015, saving model to /p/project1/cesmtst/patakchiyousefi1/HPT/mse_64_0.001_1e-17_0.5_4_8_16_0.5_128_0.0_unet-trans-s_day09.h5
train_data_hourly_pr_['ADAPTER_DE05.day09.merged.nc']_['ADAPTER_DE05.day01.merged.nc']_MM_1__model_only_128.256_2018-01-01T13_2022-12-31T23_no_na_land
Loading training data...
Data loaded!
mse_64_0.01_1e-17_0.5_4_4_16_0.5_128_0.0_unet-trans-s_day09
Training the model...

Epoch 1: val_loss improved from inf to 0.00016, saving model to /p/project1/cesmtst/patakchiyousefi1/HPT/mse_64_0.01_1e-17_0.5_4_4_16_0.5_128_0.0_unet-trans-s_day09.h5

Epoch 46: val_loss did not improve from 0.00007

Epoch 54: val_loss did not improve from 0.00007

Epoch 2: val_loss improved from 0.00015 to 0.00011, saving model to /p/project1/cesmtst/patakchiyousefi1/HPT/mse_64_0.001_1e-17_0.5_4_8_16_0.5_128_0.0_unet-trans-s_day09.h5

Epoch 47: val_loss did not improve from 0.00006

Epoch 2: val_loss did not improve from 0.00016

Epoch 29: val_loss did not improve from 0.00007

Epoch 47: val_loss did not improve from 0.00007

Epoch 3: val_loss improved from 0.00018 to 0.00014, saving model to /p/project1/cesmtst/patakchiyousefi1/HPT/mse_64_0.001_1e-17_0.5_4_4_16_0.5_128_0.0_unet-trans-s_day09.h5

Epoch 55: val_loss improved from 0.00007 to 0.00007, saving model to /p/project1/cesmtst/patakchiyousefi1/HPT/mse_64_1e-05_1e-17_0.5_4_8_16_0.5_128_0.0_unet-trans-s_day09.h5

Epoch 29: val_loss did not improve from 0.00006

Epoch 3: val_loss did not improve from 0.00011

Epoch 48: val_loss did not improve from 0.00006

Epoch 3: val_loss improved from 0.00016 to 0.00010, saving model to /p/project1/cesmtst/patakchiyousefi1/HPT/mse_64_0.01_1e-17_0.5_4_4_16_0.5_128_0.0_unet-trans-s_day09.h5

Epoch 48: val_loss did not improve from 0.00007

Epoch 4: val_loss did not improve from 0.00014

Epoch 56: val_loss did not improve from 0.00007

Epoch 4: val_loss did not improve from 0.00011

Epoch 30: val_loss did not improve from 0.00007

Epoch 49: val_loss did not improve from 0.00006

Epoch 4: val_loss did not improve from 0.00010

Epoch 49: val_loss did not improve from 0.00007

Epoch 57: val_loss did not improve from 0.00007

Epoch 5: val_loss did not improve from 0.00014

Epoch 30: val_loss did not improve from 0.00006

Epoch 5: val_loss improved from 0.00011 to 0.00008, saving model to /p/project1/cesmtst/patakchiyousefi1/HPT/mse_64_0.001_1e-17_0.5_4_8_16_0.5_128_0.0_unet-trans-s_day09.h5

Epoch 50: val_loss did not improve from 0.00006
Saving and plotting the results...

Epoch 5: val_loss did not improve from 0.00010

Epoch 58: val_loss did not improve from 0.00007

Epoch 50: val_loss did not improve from 0.00007

Epoch 6: val_loss did not improve from 0.00014

Epoch 6: val_loss did not improve from 0.00008

Epoch 31: val_loss did not improve from 0.00007

Epoch 59: val_loss did not improve from 0.00007

Epoch 6: val_loss did not improve from 0.00010

Epoch 51: val_loss did not improve from 0.00007

Epoch 7: val_loss did not improve from 0.00008

Epoch 31: val_loss did not improve from 0.00006

Epoch 7: val_loss did not improve from 0.00014

Epoch 60: val_loss did not improve from 0.00007

Epoch 7: val_loss did not improve from 0.00010

Epoch 32: val_loss did not improve from 0.00007

Epoch 52: val_loss did not improve from 0.00007

Epoch 8: val_loss did not improve from 0.00008

Epoch 61: val_loss did not improve from 0.00007

Epoch 8: val_loss improved from 0.00014 to 0.00011, saving model to /p/project1/cesmtst/patakchiyousefi1/HPT/mse_64_0.001_1e-17_0.5_4_4_16_0.5_128_0.0_unet-trans-s_day09.h5

Epoch 8: val_loss did not improve from 0.00010

Epoch 9: val_loss improved from 0.00008 to 0.00007, saving model to /p/project1/cesmtst/patakchiyousefi1/HPT/mse_64_0.001_1e-17_0.5_4_8_16_0.5_128_0.0_unet-trans-s_day09.h5

Epoch 53: val_loss did not improve from 0.00007

Epoch 32: val_loss did not improve from 0.00006

Epoch 62: val_loss did not improve from 0.00007
train_data_hourly_pr_['ADAPTER_DE05.day09.merged.nc']_['ADAPTER_DE05.day01.merged.nc']_MM_1__model_only_128.256_2018-01-01T13_2022-12-31T23_no_na_land
Loading training data...
Data loaded!
mse_64_0.001_1e-17_0.5_4_1_16_0.5_128_0.0_unet-trans-s_day09
Training the model...

Epoch 1: val_loss improved from inf to 0.00028, saving model to /p/project1/cesmtst/patakchiyousefi1/HPT/mse_64_0.001_1e-17_0.5_4_1_16_0.5_128_0.0_unet-trans-s_day09.h5

Epoch 33: val_loss did not improve from 0.00007

Epoch 10: val_loss improved from 0.00007 to 0.00007, saving model to /p/project1/cesmtst/patakchiyousefi1/HPT/mse_64_0.001_1e-17_0.5_4_8_16_0.5_128_0.0_unet-trans-s_day09.h5

Epoch 9: val_loss improved from 0.00010 to 0.00010, saving model to /p/project1/cesmtst/patakchiyousefi1/HPT/mse_64_0.01_1e-17_0.5_4_4_16_0.5_128_0.0_unet-trans-s_day09.h5

Epoch 54: val_loss did not improve from 0.00007

Epoch 9: val_loss improved from 0.00011 to 0.00008, saving model to /p/project1/cesmtst/patakchiyousefi1/HPT/mse_64_0.001_1e-17_0.5_4_4_16_0.5_128_0.0_unet-trans-s_day09.h5

Epoch 63: val_loss did not improve from 0.00007

Epoch 33: val_loss did not improve from 0.00006
Saving and plotting the results...

Epoch 11: val_loss did not improve from 0.00007

Epoch 55: val_loss did not improve from 0.00007
Saving and plotting the results...

Epoch 10: val_loss did not improve from 0.00008

Epoch 2: val_loss improved from 0.00028 to 0.00008, saving model to /p/project1/cesmtst/patakchiyousefi1/HPT/mse_64_0.001_1e-17_0.5_4_1_16_0.5_128_0.0_unet-trans-s_day09.h5

Epoch 64: val_loss did not improve from 0.00007

Epoch 34: val_loss did not improve from 0.00007

Epoch 10: val_loss improved from 0.00010 to 0.00009, saving model to /p/project1/cesmtst/patakchiyousefi1/HPT/mse_64_0.01_1e-17_0.5_4_4_16_0.5_128_0.0_unet-trans-s_day09.h5

Epoch 12: val_loss did not improve from 0.00007

Epoch 65: val_loss did not improve from 0.00007

Epoch 11: val_loss did not improve from 0.00008

Epoch 13: val_loss did not improve from 0.00007

Epoch 11: val_loss improved from 0.00009 to 0.00007, saving model to /p/project1/cesmtst/patakchiyousefi1/HPT/mse_64_0.01_1e-17_0.5_4_4_16_0.5_128_0.0_unet-trans-s_day09.h5

Epoch 3: val_loss did not improve from 0.00008

Epoch 35: val_loss did not improve from 0.00007

Epoch 66: val_loss did not improve from 0.00007

Epoch 12: val_loss did not improve from 0.00008
train_data_hourly_pr_['ADAPTER_DE05.day09.merged.nc']_['ADAPTER_DE05.day01.merged.nc']_MM_1__model_only_128.256_2018-01-01T13_2022-12-31T23_no_na_land
Loading training data...
Data loaded!
mse_64_0.01_1e-17_0.5_4_2_16_0.5_128_0.0_unet-trans-s_day09
Training the model...

Epoch 1: val_loss improved from inf to 0.00012, saving model to /p/project1/cesmtst/patakchiyousefi1/HPT/mse_64_0.01_1e-17_0.5_4_2_16_0.5_128_0.0_unet-trans-s_day09.h5
train_data_hourly_pr_['ADAPTER_DE05.day09.merged.nc']_['ADAPTER_DE05.day01.merged.nc']_MM_1__model_only_128.256_2018-01-01T13_2022-12-31T23_no_na_land
Loading training data...
Data loaded!
mse_64_0.001_1e-17_0.5_4_2_16_0.5_128_0.0_unet-trans-s_day09
Training the model...

Epoch 1: val_loss improved from inf to 0.00233, saving model to /p/project1/cesmtst/patakchiyousefi1/HPT/mse_64_0.001_1e-17_0.5_4_2_16_0.5_128_0.0_unet-trans-s_day09.h5

Epoch 14: val_loss did not improve from 0.00007

Epoch 67: val_loss did not improve from 0.00007

Epoch 13: val_loss did not improve from 0.00008

Epoch 12: val_loss did not improve from 0.00007

Epoch 15: val_loss did not improve from 0.00007

Epoch 4: val_loss did not improve from 0.00008

Epoch 36: val_loss did not improve from 0.00007

Epoch 2: val_loss did not improve from 0.00012

Epoch 2: val_loss improved from 0.00233 to 0.00066, saving model to /p/project1/cesmtst/patakchiyousefi1/HPT/mse_64_0.001_1e-17_0.5_4_2_16_0.5_128_0.0_unet-trans-s_day09.h5

Epoch 68: val_loss did not improve from 0.00007

Epoch 16: val_loss did not improve from 0.00007

Epoch 13: val_loss did not improve from 0.00007

Epoch 14: val_loss did not improve from 0.00008

Epoch 69: val_loss did not improve from 0.00007

Epoch 3: val_loss improved from 0.00012 to 0.00012, saving model to /p/project1/cesmtst/patakchiyousefi1/HPT/mse_64_0.01_1e-17_0.5_4_2_16_0.5_128_0.0_unet-trans-s_day09.h5

Epoch 3: val_loss did not improve from 0.00066

Epoch 17: val_loss did not improve from 0.00007

Epoch 5: val_loss improved from 0.00008 to 0.00007, saving model to /p/project1/cesmtst/patakchiyousefi1/HPT/mse_64_0.001_1e-17_0.5_4_1_16_0.5_128_0.0_unet-trans-s_day09.h5

Epoch 37: val_loss did not improve from 0.00007
Saving and plotting the results...

Epoch 15: val_loss improved from 0.00008 to 0.00007, saving model to /p/project1/cesmtst/patakchiyousefi1/HPT/mse_64_0.001_1e-17_0.5_4_4_16_0.5_128_0.0_unet-trans-s_day09.h5

Epoch 14: val_loss improved from 0.00007 to 0.00007, saving model to /p/project1/cesmtst/patakchiyousefi1/HPT/mse_64_0.01_1e-17_0.5_4_4_16_0.5_128_0.0_unet-trans-s_day09.h5

Epoch 70: val_loss did not improve from 0.00007

Epoch 18: val_loss did not improve from 0.00007

Epoch 4: val_loss improved from 0.00066 to 0.00018, saving model to /p/project1/cesmtst/patakchiyousefi1/HPT/mse_64_0.001_1e-17_0.5_4_2_16_0.5_128_0.0_unet-trans-s_day09.h5

Epoch 16: val_loss did not improve from 0.00007

Epoch 4: val_loss improved from 0.00012 to 0.00008, saving model to /p/project1/cesmtst/patakchiyousefi1/HPT/mse_64_0.01_1e-17_0.5_4_2_16_0.5_128_0.0_unet-trans-s_day09.h5

Epoch 71: val_loss did not improve from 0.00007
Saving and plotting the results...

Epoch 15: val_loss did not improve from 0.00007

Epoch 19: val_loss did not improve from 0.00007

Epoch 5: val_loss improved from 0.00018 to 0.00009, saving model to /p/project1/cesmtst/patakchiyousefi1/HPT/mse_64_0.001_1e-17_0.5_4_2_16_0.5_128_0.0_unet-trans-s_day09.h5

Epoch 17: val_loss did not improve from 0.00007
train_data_hourly_pr_['ADAPTER_DE05.day09.merged.nc']_['ADAPTER_DE05.day01.merged.nc']_MM_1__model_only_128.256_2018-01-01T13_2022-12-31T23_no_na_land
Loading training data...
Data loaded!
mse_64_0.01_1e-17_0.5_4_1_16_0.5_128_0.0_unet-trans-s_day09
Training the model...

Epoch 1: val_loss improved from inf to 0.00027, saving model to /p/project1/cesmtst/patakchiyousefi1/HPT/mse_64_0.01_1e-17_0.5_4_1_16_0.5_128_0.0_unet-trans-s_day09.h5

Epoch 6: val_loss did not improve from 0.00007

Epoch 5: val_loss did not improve from 0.00008

Epoch 20: val_loss did not improve from 0.00007
train_data_hourly_pr_['ADAPTER_DE05.day09.merged.nc']_['ADAPTER_DE05.day01.merged.nc']_MM_1__model_only_128.256_2018-01-01T13_2022-12-31T23_no_na_land
Loading training data...
Data loaded!
mse_64_0.01_1e-17_0.5_4_8_16_0.5_128_0.0_unet-trans-s_day09
Training the model...

Epoch 1: val_loss improved from inf to 0.00016, saving model to /p/project1/cesmtst/patakchiyousefi1/HPT/mse_64_0.01_1e-17_0.5_4_8_16_0.5_128_0.0_unet-trans-s_day09.h5

Epoch 16: val_loss improved from 0.00007 to 0.00007, saving model to /p/project1/cesmtst/patakchiyousefi1/HPT/mse_64_0.01_1e-17_0.5_4_4_16_0.5_128_0.0_unet-trans-s_day09.h5

Epoch 18: val_loss improved from 0.00007 to 0.00006, saving model to /p/project1/cesmtst/patakchiyousefi1/HPT/mse_64_0.001_1e-17_0.5_4_4_16_0.5_128_0.0_unet-trans-s_day09.h5

Epoch 21: val_loss did not improve from 0.00007

Epoch 6: val_loss did not improve from 0.00008

Epoch 6: val_loss did not improve from 0.00009

Epoch 2: val_loss improved from 0.00016 to 0.00013, saving model to /p/project1/cesmtst/patakchiyousefi1/HPT/mse_64_0.01_1e-17_0.5_4_8_16_0.5_128_0.0_unet-trans-s_day09.h5

Epoch 17: val_loss did not improve from 0.00007

Epoch 2: val_loss improved from 0.00027 to 0.00009, saving model to /p/project1/cesmtst/patakchiyousefi1/HPT/mse_64_0.01_1e-17_0.5_4_1_16_0.5_128_0.0_unet-trans-s_day09.h5

Epoch 7: val_loss did not improve from 0.00007

Epoch 19: val_loss improved from 0.00006 to 0.00006, saving model to /p/project1/cesmtst/patakchiyousefi1/HPT/mse_64_0.001_1e-17_0.5_4_4_16_0.5_128_0.0_unet-trans-s_day09.h5

Epoch 22: val_loss did not improve from 0.00007

Epoch 3: val_loss improved from 0.00013 to 0.00009, saving model to /p/project1/cesmtst/patakchiyousefi1/HPT/mse_64_0.01_1e-17_0.5_4_8_16_0.5_128_0.0_unet-trans-s_day09.h5

Epoch 18: val_loss did not improve from 0.00007

Epoch 7: val_loss did not improve from 0.00008

Epoch 7: val_loss improved from 0.00009 to 0.00007, saving model to /p/project1/cesmtst/patakchiyousefi1/HPT/mse_64_0.001_1e-17_0.5_4_2_16_0.5_128_0.0_unet-trans-s_day09.h5

Epoch 20: val_loss did not improve from 0.00006

Epoch 23: val_loss did not improve from 0.00007

Epoch 4: val_loss did not improve from 0.00009

Epoch 3: val_loss improved from 0.00009 to 0.00008, saving model to /p/project1/cesmtst/patakchiyousefi1/HPT/mse_64_0.01_1e-17_0.5_4_1_16_0.5_128_0.0_unet-trans-s_day09.h5

Epoch 8: val_loss did not improve from 0.00007

Epoch 19: val_loss improved from 0.00007 to 0.00007, saving model to /p/project1/cesmtst/patakchiyousefi1/HPT/mse_64_0.01_1e-17_0.5_4_4_16_0.5_128_0.0_unet-trans-s_day09.h5

Epoch 8: val_loss improved from 0.00008 to 0.00007, saving model to /p/project1/cesmtst/patakchiyousefi1/HPT/mse_64_0.01_1e-17_0.5_4_2_16_0.5_128_0.0_unet-trans-s_day09.h5

Epoch 8: val_loss did not improve from 0.00007

Epoch 24: val_loss did not improve from 0.00007

Epoch 21: val_loss improved from 0.00006 to 0.00006, saving model to /p/project1/cesmtst/patakchiyousefi1/HPT/mse_64_0.001_1e-17_0.5_4_4_16_0.5_128_0.0_unet-trans-s_day09.h5

Epoch 5: val_loss did not improve from 0.00009

Epoch 20: val_loss improved from 0.00007 to 0.00007, saving model to /p/project1/cesmtst/patakchiyousefi1/HPT/mse_64_0.01_1e-17_0.5_4_4_16_0.5_128_0.0_unet-trans-s_day09.h5

Epoch 25: val_loss did not improve from 0.00007

Epoch 22: val_loss did not improve from 0.00006

Epoch 9: val_loss did not improve from 0.00007

Epoch 9: val_loss did not improve from 0.00007

Epoch 6: val_loss did not improve from 0.00009

Epoch 4: val_loss did not improve from 0.00008

Epoch 21: val_loss improved from 0.00007 to 0.00007, saving model to /p/project1/cesmtst/patakchiyousefi1/HPT/mse_64_0.01_1e-17_0.5_4_4_16_0.5_128_0.0_unet-trans-s_day09.h5

Epoch 26: val_loss did not improve from 0.00007
Saving and plotting the results...

Epoch 9: val_loss improved from 0.00007 to 0.00007, saving model to /p/project1/cesmtst/patakchiyousefi1/HPT/mse_64_0.001_1e-17_0.5_4_1_16_0.5_128_0.0_unet-trans-s_day09.h5

Epoch 23: val_loss improved from 0.00006 to 0.00006, saving model to /p/project1/cesmtst/patakchiyousefi1/HPT/mse_64_0.001_1e-17_0.5_4_4_16_0.5_128_0.0_unet-trans-s_day09.h5

Epoch 7: val_loss did not improve from 0.00009

Epoch 10: val_loss did not improve from 0.00007

Epoch 10: val_loss did not improve from 0.00007

Epoch 22: val_loss improved from 0.00007 to 0.00007, saving model to /p/project1/cesmtst/patakchiyousefi1/HPT/mse_64_0.01_1e-17_0.5_4_4_16_0.5_128_0.0_unet-trans-s_day09.h5

Epoch 5: val_loss improved from 0.00008 to 0.00008, saving model to /p/project1/cesmtst/patakchiyousefi1/HPT/mse_64_0.01_1e-17_0.5_4_1_16_0.5_128_0.0_unet-trans-s_day09.h5

Epoch 8: val_loss did not improve from 0.00009

Epoch 11: val_loss did not improve from 0.00007

Epoch 11: val_loss improved from 0.00007 to 0.00007, saving model to /p/project1/cesmtst/patakchiyousefi1/HPT/mse_64_0.001_1e-17_0.5_4_2_16_0.5_128_0.0_unet-trans-s_day09.h5

Epoch 10: val_loss improved from 0.00007 to 0.00007, saving model to /p/project1/cesmtst/patakchiyousefi1/HPT/mse_64_0.001_1e-17_0.5_4_1_16_0.5_128_0.0_unet-trans-s_day09.h5

Epoch 24: val_loss did not improve from 0.00006

Epoch 9: val_loss did not improve from 0.00009

Epoch 23: val_loss improved from 0.00007 to 0.00007, saving model to /p/project1/cesmtst/patakchiyousefi1/HPT/mse_64_0.01_1e-17_0.5_4_4_16_0.5_128_0.0_unet-trans-s_day09.h5

Epoch 6: val_loss did not improve from 0.00008

Epoch 25: val_loss did not improve from 0.00006

Epoch 12: val_loss did not improve from 0.00007

Epoch 10: val_loss did not improve from 0.00009

Epoch 12: val_loss did not improve from 0.00007

Epoch 11: val_loss did not improve from 0.00007

Epoch 24: val_loss improved from 0.00007 to 0.00007, saving model to /p/project1/cesmtst/patakchiyousefi1/HPT/mse_64_0.01_1e-17_0.5_4_4_16_0.5_128_0.0_unet-trans-s_day09.h5

Epoch 26: val_loss did not improve from 0.00006

Epoch 11: val_loss did not improve from 0.00009

Epoch 13: val_loss improved from 0.00007 to 0.00007, saving model to /p/project1/cesmtst/patakchiyousefi1/HPT/mse_64_0.01_1e-17_0.5_4_2_16_0.5_128_0.0_unet-trans-s_day09.h5

Epoch 13: val_loss did not improve from 0.00007

Epoch 7: val_loss did not improve from 0.00008

Epoch 25: val_loss did not improve from 0.00007

Epoch 12: val_loss improved from 0.00009 to 0.00007, saving model to /p/project1/cesmtst/patakchiyousefi1/HPT/mse_64_0.01_1e-17_0.5_4_8_16_0.5_128_0.0_unet-trans-s_day09.h5

Epoch 27: val_loss did not improve from 0.00006

Epoch 12: val_loss improved from 0.00007 to 0.00007, saving model to /p/project1/cesmtst/patakchiyousefi1/HPT/mse_64_0.001_1e-17_0.5_4_1_16_0.5_128_0.0_unet-trans-s_day09.h5

Epoch 14: val_loss improved from 0.00007 to 0.00007, saving model to /p/project1/cesmtst/patakchiyousefi1/HPT/mse_64_0.01_1e-17_0.5_4_2_16_0.5_128_0.0_unet-trans-s_day09.h5

Epoch 14: val_loss did not improve from 0.00007

Epoch 26: val_loss did not improve from 0.00007

Epoch 13: val_loss did not improve from 0.00007

Epoch 28: val_loss did not improve from 0.00006

Epoch 8: val_loss did not improve from 0.00008

Epoch 14: val_loss improved from 0.00007 to 0.00007, saving model to /p/project1/cesmtst/patakchiyousefi1/HPT/mse_64_0.01_1e-17_0.5_4_8_16_0.5_128_0.0_unet-trans-s_day09.h5

Epoch 27: val_loss did not improve from 0.00007

Epoch 15: val_loss did not improve from 0.00007

Epoch 15: val_loss did not improve from 0.00007

Epoch 29: val_loss did not improve from 0.00006

Epoch 13: val_loss improved from 0.00007 to 0.00007, saving model to /p/project1/cesmtst/patakchiyousefi1/HPT/mse_64_0.001_1e-17_0.5_4_1_16_0.5_128_0.0_unet-trans-s_day09.h5

Epoch 15: val_loss did not improve from 0.00007

Epoch 28: val_loss improved from 0.00007 to 0.00007, saving model to /p/project1/cesmtst/patakchiyousefi1/HPT/mse_64_0.01_1e-17_0.5_4_4_16_0.5_128_0.0_unet-trans-s_day09.h5

Epoch 9: val_loss did not improve from 0.00008

Epoch 16: val_loss improved from 0.00007 to 0.00007, saving model to /p/project1/cesmtst/patakchiyousefi1/HPT/mse_64_0.01_1e-17_0.5_4_2_16_0.5_128_0.0_unet-trans-s_day09.h5

Epoch 16: val_loss did not improve from 0.00007

Epoch 30: val_loss did not improve from 0.00006

Epoch 16: val_loss did not improve from 0.00007

Epoch 29: val_loss did not improve from 0.00007

Epoch 14: val_loss did not improve from 0.00007

Epoch 31: val_loss did not improve from 0.00006

Epoch 17: val_loss improved from 0.00007 to 0.00007, saving model to /p/project1/cesmtst/patakchiyousefi1/HPT/mse_64_0.001_1e-17_0.5_4_2_16_0.5_128_0.0_unet-trans-s_day09.h5

Epoch 17: val_loss did not improve from 0.00007

Epoch 17: val_loss did not improve from 0.00007

Epoch 10: val_loss did not improve from 0.00008

Epoch 30: val_loss did not improve from 0.00007

Epoch 32: val_loss did not improve from 0.00006

Epoch 18: val_loss did not improve from 0.00007

Epoch 18: val_loss did not improve from 0.00007

Epoch 18: val_loss did not improve from 0.00007

Epoch 15: val_loss did not improve from 0.00007

Epoch 31: val_loss did not improve from 0.00007

Epoch 33: val_loss did not improve from 0.00006

Epoch 19: val_loss improved from 0.00007 to 0.00007, saving model to /p/project1/cesmtst/patakchiyousefi1/HPT/mse_64_0.01_1e-17_0.5_4_8_16_0.5_128_0.0_unet-trans-s_day09.h5

Epoch 11: val_loss did not improve from 0.00008

Epoch 19: val_loss improved from 0.00007 to 0.00007, saving model to /p/project1/cesmtst/patakchiyousefi1/HPT/mse_64_0.001_1e-17_0.5_4_2_16_0.5_128_0.0_unet-trans-s_day09.h5

Epoch 32: val_loss did not improve from 0.00007

Epoch 34: val_loss did not improve from 0.00006

Epoch 20: val_loss did not improve from 0.00007

Epoch 16: val_loss did not improve from 0.00007

Epoch 19: val_loss did not improve from 0.00007

Epoch 33: val_loss improved from 0.00007 to 0.00006, saving model to /p/project1/cesmtst/patakchiyousefi1/HPT/mse_64_0.01_1e-17_0.5_4_4_16_0.5_128_0.0_unet-trans-s_day09.h5

Epoch 35: val_loss did not improve from 0.00006

Epoch 12: val_loss did not improve from 0.00008

Epoch 21: val_loss did not improve from 0.00007

Epoch 20: val_loss did not improve from 0.00007

Epoch 20: val_loss improved from 0.00007 to 0.00006, saving model to /p/project1/cesmtst/patakchiyousefi1/HPT/mse_64_0.001_1e-17_0.5_4_2_16_0.5_128_0.0_unet-trans-s_day09.h5

Epoch 34: val_loss did not improve from 0.00006

Epoch 17: val_loss did not improve from 0.00007

Epoch 22: val_loss did not improve from 0.00007

Epoch 36: val_loss did not improve from 0.00006

Epoch 21: val_loss did not improve from 0.00007

Epoch 21: val_loss did not improve from 0.00006

Epoch 13: val_loss did not improve from 0.00008

Epoch 35: val_loss did not improve from 0.00006

Epoch 23: val_loss improved from 0.00007 to 0.00007, saving model to /p/project1/cesmtst/patakchiyousefi1/HPT/mse_64_0.01_1e-17_0.5_4_8_16_0.5_128_0.0_unet-trans-s_day09.h5

Epoch 37: val_loss did not improve from 0.00006

Epoch 18: val_loss improved from 0.00007 to 0.00007, saving model to /p/project1/cesmtst/patakchiyousefi1/HPT/mse_64_0.001_1e-17_0.5_4_1_16_0.5_128_0.0_unet-trans-s_day09.h5

Epoch 24: val_loss improved from 0.00007 to 0.00007, saving model to /p/project1/cesmtst/patakchiyousefi1/HPT/mse_64_0.01_1e-17_0.5_4_8_16_0.5_128_0.0_unet-trans-s_day09.h5

Epoch 36: val_loss did not improve from 0.00006

Epoch 22: val_loss did not improve from 0.00007

Epoch 22: val_loss did not improve from 0.00006

Epoch 38: val_loss did not improve from 0.00006

Epoch 14: val_loss improved from 0.00008 to 0.00007, saving model to /p/project1/cesmtst/patakchiyousefi1/HPT/mse_64_0.01_1e-17_0.5_4_1_16_0.5_128_0.0_unet-trans-s_day09.h5

Epoch 25: val_loss improved from 0.00007 to 0.00007, saving model to /p/project1/cesmtst/patakchiyousefi1/HPT/mse_64_0.01_1e-17_0.5_4_8_16_0.5_128_0.0_unet-trans-s_day09.h5

Epoch 37: val_loss improved from 0.00006 to 0.00006, saving model to /p/project1/cesmtst/patakchiyousefi1/HPT/mse_64_0.01_1e-17_0.5_4_4_16_0.5_128_0.0_unet-trans-s_day09.h5

Epoch 23: val_loss did not improve from 0.00007

Epoch 39: val_loss did not improve from 0.00006
Saving and plotting the results...

Epoch 23: val_loss did not improve from 0.00006

Epoch 19: val_loss improved from 0.00007 to 0.00007, saving model to /p/project1/cesmtst/patakchiyousefi1/HPT/mse_64_0.001_1e-17_0.5_4_1_16_0.5_128_0.0_unet-trans-s_day09.h5

Epoch 26: val_loss improved from 0.00007 to 0.00007, saving model to /p/project1/cesmtst/patakchiyousefi1/HPT/mse_64_0.01_1e-17_0.5_4_8_16_0.5_128_0.0_unet-trans-s_day09.h5

Epoch 38: val_loss did not improve from 0.00006

Epoch 15: val_loss improved from 0.00007 to 0.00007, saving model to /p/project1/cesmtst/patakchiyousefi1/HPT/mse_64_0.01_1e-17_0.5_4_1_16_0.5_128_0.0_unet-trans-s_day09.h5

Epoch 24: val_loss did not improve from 0.00007

Epoch 24: val_loss did not improve from 0.00006

Epoch 27: val_loss did not improve from 0.00007

Epoch 39: val_loss did not improve from 0.00006

Epoch 28: val_loss did not improve from 0.00007

Epoch 25: val_loss improved from 0.00007 to 0.00007, saving model to /p/project1/cesmtst/patakchiyousefi1/HPT/mse_64_0.01_1e-17_0.5_4_2_16_0.5_128_0.0_unet-trans-s_day09.h5

Epoch 25: val_loss did not improve from 0.00006

Epoch 20: val_loss improved from 0.00007 to 0.00007, saving model to /p/project1/cesmtst/patakchiyousefi1/HPT/mse_64_0.001_1e-17_0.5_4_1_16_0.5_128_0.0_unet-trans-s_day09.h5

Epoch 16: val_loss improved from 0.00007 to 0.00007, saving model to /p/project1/cesmtst/patakchiyousefi1/HPT/mse_64_0.01_1e-17_0.5_4_1_16_0.5_128_0.0_unet-trans-s_day09.h5

Epoch 40: val_loss did not improve from 0.00006

Epoch 29: val_loss did not improve from 0.00007

Epoch 26: val_loss did not improve from 0.00006

Epoch 41: val_loss did not improve from 0.00006

Epoch 26: val_loss improved from 0.00007 to 0.00007, saving model to /p/project1/cesmtst/patakchiyousefi1/HPT/mse_64_0.01_1e-17_0.5_4_2_16_0.5_128_0.0_unet-trans-s_day09.h5

Epoch 30: val_loss did not improve from 0.00007

Epoch 17: val_loss improved from 0.00007 to 0.00007, saving model to /p/project1/cesmtst/patakchiyousefi1/HPT/mse_64_0.01_1e-17_0.5_4_1_16_0.5_128_0.0_unet-trans-s_day09.h5

Epoch 42: val_loss improved from 0.00006 to 0.00006, saving model to /p/project1/cesmtst/patakchiyousefi1/HPT/mse_64_0.01_1e-17_0.5_4_4_16_0.5_128_0.0_unet-trans-s_day09.h5

Epoch 21: val_loss did not improve from 0.00007

Epoch 27: val_loss did not improve from 0.00006

Epoch 31: val_loss did not improve from 0.00007

Epoch 27: val_loss did not improve from 0.00007

Epoch 43: val_loss did not improve from 0.00006

Epoch 32: val_loss did not improve from 0.00007

Epoch 28: val_loss did not improve from 0.00006

Epoch 18: val_loss improved from 0.00007 to 0.00007, saving model to /p/project1/cesmtst/patakchiyousefi1/HPT/mse_64_0.01_1e-17_0.5_4_1_16_0.5_128_0.0_unet-trans-s_day09.h5

Epoch 28: val_loss did not improve from 0.00007

Epoch 22: val_loss did not improve from 0.00007

Epoch 44: val_loss improved from 0.00006 to 0.00006, saving model to /p/project1/cesmtst/patakchiyousefi1/HPT/mse_64_0.01_1e-17_0.5_4_4_16_0.5_128_0.0_unet-trans-s_day09.h5

Epoch 33: val_loss improved from 0.00007 to 0.00007, saving model to /p/project1/cesmtst/patakchiyousefi1/HPT/mse_64_0.01_1e-17_0.5_4_8_16_0.5_128_0.0_unet-trans-s_day09.h5

Epoch 29: val_loss did not improve from 0.00006

Epoch 29: val_loss did not improve from 0.00007

Epoch 34: val_loss did not improve from 0.00007

Epoch 45: val_loss did not improve from 0.00006

Epoch 19: val_loss did not improve from 0.00007

Epoch 23: val_loss did not improve from 0.00007

Epoch 30: val_loss did not improve from 0.00006

Epoch 35: val_loss did not improve from 0.00007

Epoch 46: val_loss did not improve from 0.00006

Epoch 30: val_loss did not improve from 0.00007

Epoch 20: val_loss did not improve from 0.00007

Epoch 36: val_loss did not improve from 0.00007

Epoch 31: val_loss did not improve from 0.00006

Epoch 47: val_loss improved from 0.00006 to 0.00006, saving model to /p/project1/cesmtst/patakchiyousefi1/HPT/mse_64_0.01_1e-17_0.5_4_4_16_0.5_128_0.0_unet-trans-s_day09.h5

Epoch 24: val_loss did not improve from 0.00007

Epoch 31: val_loss improved from 0.00007 to 0.00006, saving model to /p/project1/cesmtst/patakchiyousefi1/HPT/mse_64_0.01_1e-17_0.5_4_2_16_0.5_128_0.0_unet-trans-s_day09.h5

Epoch 37: val_loss did not improve from 0.00007

Epoch 32: val_loss did not improve from 0.00006

Epoch 21: val_loss did not improve from 0.00007

Epoch 32: val_loss did not improve from 0.00006

Epoch 38: val_loss did not improve from 0.00007

Epoch 48: val_loss did not improve from 0.00006

Epoch 25: val_loss improved from 0.00007 to 0.00006, saving model to /p/project1/cesmtst/patakchiyousefi1/HPT/mse_64_0.001_1e-17_0.5_4_1_16_0.5_128_0.0_unet-trans-s_day09.h5

Epoch 33: val_loss did not improve from 0.00006

Epoch 39: val_loss did not improve from 0.00007

Epoch 49: val_loss did not improve from 0.00006

Epoch 33: val_loss did not improve from 0.00006

Epoch 22: val_loss did not improve from 0.00007

Epoch 40: val_loss did not improve from 0.00007

Epoch 34: val_loss did not improve from 0.00006

Epoch 50: val_loss improved from 0.00006 to 0.00006, saving model to /p/project1/cesmtst/patakchiyousefi1/HPT/mse_64_0.01_1e-17_0.5_4_4_16_0.5_128_0.0_unet-trans-s_day09.h5

Epoch 34: val_loss did not improve from 0.00006

Epoch 26: val_loss improved from 0.00006 to 0.00006, saving model to /p/project1/cesmtst/patakchiyousefi1/HPT/mse_64_0.001_1e-17_0.5_4_1_16_0.5_128_0.0_unet-trans-s_day09.h5

Epoch 41: val_loss did not improve from 0.00007

Epoch 51: val_loss did not improve from 0.00006

Epoch 35: val_loss did not improve from 0.00006

Epoch 23: val_loss improved from 0.00007 to 0.00007, saving model to /p/project1/cesmtst/patakchiyousefi1/HPT/mse_64_0.01_1e-17_0.5_4_1_16_0.5_128_0.0_unet-trans-s_day09.h5

Epoch 35: val_loss did not improve from 0.00006

Epoch 42: val_loss did not improve from 0.00007

Epoch 52: val_loss did not improve from 0.00006

Epoch 27: val_loss improved from 0.00006 to 0.00006, saving model to /p/project1/cesmtst/patakchiyousefi1/HPT/mse_64_0.001_1e-17_0.5_4_1_16_0.5_128_0.0_unet-trans-s_day09.h5

Epoch 36: val_loss did not improve from 0.00006
Saving and plotting the results...

Epoch 43: val_loss did not improve from 0.00007

Epoch 36: val_loss improved from 0.00006 to 0.00006, saving model to /p/project1/cesmtst/patakchiyousefi1/HPT/mse_64_0.01_1e-17_0.5_4_2_16_0.5_128_0.0_unet-trans-s_day09.h5

Epoch 24: val_loss did not improve from 0.00007

Epoch 53: val_loss did not improve from 0.00006

Epoch 44: val_loss did not improve from 0.00007

Epoch 45: val_loss did not improve from 0.00007

Epoch 54: val_loss did not improve from 0.00006

Epoch 37: val_loss did not improve from 0.00006

Epoch 28: val_loss improved from 0.00006 to 0.00006, saving model to /p/project1/cesmtst/patakchiyousefi1/HPT/mse_64_0.001_1e-17_0.5_4_1_16_0.5_128_0.0_unet-trans-s_day09.h5

Epoch 46: val_loss did not improve from 0.00007

Epoch 25: val_loss did not improve from 0.00007

Epoch 55: val_loss did not improve from 0.00006

Epoch 38: val_loss did not improve from 0.00006

Epoch 47: val_loss did not improve from 0.00007

Epoch 29: val_loss improved from 0.00006 to 0.00006, saving model to /p/project1/cesmtst/patakchiyousefi1/HPT/mse_64_0.001_1e-17_0.5_4_1_16_0.5_128_0.0_unet-trans-s_day09.h5

Epoch 56: val_loss did not improve from 0.00006

Epoch 26: val_loss improved from 0.00007 to 0.00006, saving model to /p/project1/cesmtst/patakchiyousefi1/HPT/mse_64_0.01_1e-17_0.5_4_1_16_0.5_128_0.0_unet-trans-s_day09.h5

Epoch 48: val_loss did not improve from 0.00007

Epoch 39: val_loss improved from 0.00006 to 0.00006, saving model to /p/project1/cesmtst/patakchiyousefi1/HPT/mse_64_0.01_1e-17_0.5_4_2_16_0.5_128_0.0_unet-trans-s_day09.h5

Epoch 57: val_loss did not improve from 0.00006

Epoch 30: val_loss improved from 0.00006 to 0.00006, saving model to /p/project1/cesmtst/patakchiyousefi1/HPT/mse_64_0.001_1e-17_0.5_4_1_16_0.5_128_0.0_unet-trans-s_day09.h5

Epoch 49: val_loss did not improve from 0.00007
Saving and plotting the results...

Epoch 58: val_loss did not improve from 0.00006

Epoch 40: val_loss did not improve from 0.00006

Epoch 27: val_loss did not improve from 0.00006

Epoch 59: val_loss did not improve from 0.00006

Epoch 31: val_loss improved from 0.00006 to 0.00006, saving model to /p/project1/cesmtst/patakchiyousefi1/HPT/mse_64_0.001_1e-17_0.5_4_1_16_0.5_128_0.0_unet-trans-s_day09.h5

Epoch 41: val_loss did not improve from 0.00006

Epoch 60: val_loss did not improve from 0.00006

Epoch 28: val_loss did not improve from 0.00006

Epoch 42: val_loss did not improve from 0.00006

Epoch 61: val_loss did not improve from 0.00006

Epoch 32: val_loss improved from 0.00006 to 0.00006, saving model to /p/project1/cesmtst/patakchiyousefi1/HPT/mse_64_0.001_1e-17_0.5_4_1_16_0.5_128_0.0_unet-trans-s_day09.h5

Epoch 62: val_loss did not improve from 0.00006

Epoch 43: val_loss did not improve from 0.00006

Epoch 29: val_loss improved from 0.00006 to 0.00006, saving model to /p/project1/cesmtst/patakchiyousefi1/HPT/mse_64_0.01_1e-17_0.5_4_1_16_0.5_128_0.0_unet-trans-s_day09.h5

Epoch 33: val_loss improved from 0.00006 to 0.00006, saving model to /p/project1/cesmtst/patakchiyousefi1/HPT/mse_64_0.001_1e-17_0.5_4_1_16_0.5_128_0.0_unet-trans-s_day09.h5

Epoch 63: val_loss did not improve from 0.00006

Epoch 44: val_loss did not improve from 0.00006

Epoch 30: val_loss did not improve from 0.00006

Epoch 64: val_loss did not improve from 0.00006

Epoch 34: val_loss improved from 0.00006 to 0.00006, saving model to /p/project1/cesmtst/patakchiyousefi1/HPT/mse_64_0.001_1e-17_0.5_4_1_16_0.5_128_0.0_unet-trans-s_day09.h5

Epoch 45: val_loss did not improve from 0.00006

Epoch 65: val_loss did not improve from 0.00006

Epoch 31: val_loss did not improve from 0.00006

Epoch 46: val_loss did not improve from 0.00006

Epoch 66: val_loss did not improve from 0.00006
Saving and plotting the results...

Epoch 35: val_loss improved from 0.00006 to 0.00006, saving model to /p/project1/cesmtst/patakchiyousefi1/HPT/mse_64_0.001_1e-17_0.5_4_1_16_0.5_128_0.0_unet-trans-s_day09.h5

Epoch 47: val_loss did not improve from 0.00006

Epoch 32: val_loss did not improve from 0.00006

Epoch 36: val_loss did not improve from 0.00006

Epoch 48: val_loss did not improve from 0.00006

Epoch 33: val_loss did not improve from 0.00006

Epoch 37: val_loss improved from 0.00006 to 0.00006, saving model to /p/project1/cesmtst/patakchiyousefi1/HPT/mse_64_0.001_1e-17_0.5_4_1_16_0.5_128_0.0_unet-trans-s_day09.h5

Epoch 49: val_loss did not improve from 0.00006

Epoch 34: val_loss did not improve from 0.00006

Epoch 50: val_loss did not improve from 0.00006

Epoch 38: val_loss did not improve from 0.00006

Epoch 51: val_loss did not improve from 0.00006

Epoch 35: val_loss did not improve from 0.00006

Epoch 39: val_loss improved from 0.00006 to 0.00006, saving model to /p/project1/cesmtst/patakchiyousefi1/HPT/mse_64_0.001_1e-17_0.5_4_1_16_0.5_128_0.0_unet-trans-s_day09.h5

Epoch 52: val_loss did not improve from 0.00006

Epoch 36: val_loss did not improve from 0.00006

Epoch 40: val_loss improved from 0.00006 to 0.00006, saving model to /p/project1/cesmtst/patakchiyousefi1/HPT/mse_64_0.001_1e-17_0.5_4_1_16_0.5_128_0.0_unet-trans-s_day09.h5

Epoch 53: val_loss did not improve from 0.00006

Epoch 37: val_loss did not improve from 0.00006

Epoch 54: val_loss did not improve from 0.00006

Epoch 41: val_loss improved from 0.00006 to 0.00006, saving model to /p/project1/cesmtst/patakchiyousefi1/HPT/mse_64_0.001_1e-17_0.5_4_1_16_0.5_128_0.0_unet-trans-s_day09.h5

Epoch 55: val_loss did not improve from 0.00006
Saving and plotting the results...

Epoch 38: val_loss improved from 0.00006 to 0.00006, saving model to /p/project1/cesmtst/patakchiyousefi1/HPT/mse_64_0.01_1e-17_0.5_4_1_16_0.5_128_0.0_unet-trans-s_day09.h5

Epoch 42: val_loss improved from 0.00006 to 0.00006, saving model to /p/project1/cesmtst/patakchiyousefi1/HPT/mse_64_0.001_1e-17_0.5_4_1_16_0.5_128_0.0_unet-trans-s_day09.h5

Epoch 39: val_loss improved from 0.00006 to 0.00006, saving model to /p/project1/cesmtst/patakchiyousefi1/HPT/mse_64_0.01_1e-17_0.5_4_1_16_0.5_128_0.0_unet-trans-s_day09.h5

Epoch 43: val_loss improved from 0.00006 to 0.00006, saving model to /p/project1/cesmtst/patakchiyousefi1/HPT/mse_64_0.001_1e-17_0.5_4_1_16_0.5_128_0.0_unet-trans-s_day09.h5

Epoch 40: val_loss improved from 0.00006 to 0.00006, saving model to /p/project1/cesmtst/patakchiyousefi1/HPT/mse_64_0.01_1e-17_0.5_4_1_16_0.5_128_0.0_unet-trans-s_day09.h5

Epoch 44: val_loss did not improve from 0.00006

Epoch 41: val_loss did not improve from 0.00006

Epoch 45: val_loss did not improve from 0.00006

Epoch 42: val_loss did not improve from 0.00006

Epoch 46: val_loss improved from 0.00006 to 0.00006, saving model to /p/project1/cesmtst/patakchiyousefi1/HPT/mse_64_0.001_1e-17_0.5_4_1_16_0.5_128_0.0_unet-trans-s_day09.h5

Epoch 43: val_loss did not improve from 0.00006

Epoch 47: val_loss improved from 0.00006 to 0.00006, saving model to /p/project1/cesmtst/patakchiyousefi1/HPT/mse_64_0.001_1e-17_0.5_4_1_16_0.5_128_0.0_unet-trans-s_day09.h5

Epoch 44: val_loss did not improve from 0.00006

Epoch 48: val_loss improved from 0.00006 to 0.00006, saving model to /p/project1/cesmtst/patakchiyousefi1/HPT/mse_64_0.001_1e-17_0.5_4_1_16_0.5_128_0.0_unet-trans-s_day09.h5

Epoch 45: val_loss improved from 0.00006 to 0.00006, saving model to /p/project1/cesmtst/patakchiyousefi1/HPT/mse_64_0.01_1e-17_0.5_4_1_16_0.5_128_0.0_unet-trans-s_day09.h5

Epoch 49: val_loss did not improve from 0.00006

Epoch 46: val_loss improved from 0.00006 to 0.00006, saving model to /p/project1/cesmtst/patakchiyousefi1/HPT/mse_64_0.01_1e-17_0.5_4_1_16_0.5_128_0.0_unet-trans-s_day09.h5

Epoch 50: val_loss did not improve from 0.00006

Epoch 47: val_loss improved from 0.00006 to 0.00006, saving model to /p/project1/cesmtst/patakchiyousefi1/HPT/mse_64_0.01_1e-17_0.5_4_1_16_0.5_128_0.0_unet-trans-s_day09.h5

Epoch 51: val_loss did not improve from 0.00006

Epoch 48: val_loss did not improve from 0.00006

Epoch 52: val_loss did not improve from 0.00006

Epoch 49: val_loss did not improve from 0.00006

Epoch 53: val_loss improved from 0.00006 to 0.00006, saving model to /p/project1/cesmtst/patakchiyousefi1/HPT/mse_64_0.001_1e-17_0.5_4_1_16_0.5_128_0.0_unet-trans-s_day09.h5

Epoch 50: val_loss did not improve from 0.00006

Epoch 54: val_loss did not improve from 0.00006

Epoch 51: val_loss did not improve from 0.00006

Epoch 55: val_loss did not improve from 0.00006

Epoch 52: val_loss did not improve from 0.00006

Epoch 56: val_loss did not improve from 0.00006

Epoch 53: val_loss did not improve from 0.00006

Epoch 57: val_loss did not improve from 0.00006

Epoch 54: val_loss did not improve from 0.00006

Epoch 58: val_loss improved from 0.00006 to 0.00006, saving model to /p/project1/cesmtst/patakchiyousefi1/HPT/mse_64_0.001_1e-17_0.5_4_1_16_0.5_128_0.0_unet-trans-s_day09.h5

Epoch 55: val_loss did not improve from 0.00006

Epoch 59: val_loss did not improve from 0.00006

Epoch 56: val_loss did not improve from 0.00006

Epoch 60: val_loss did not improve from 0.00006

Epoch 57: val_loss did not improve from 0.00006

Epoch 61: val_loss did not improve from 0.00006

Epoch 58: val_loss did not improve from 0.00006

Epoch 62: val_loss did not improve from 0.00006

Epoch 59: val_loss did not improve from 0.00006

Epoch 63: val_loss did not improve from 0.00006

Epoch 60: val_loss did not improve from 0.00006

Epoch 64: val_loss did not improve from 0.00006

Epoch 61: val_loss did not improve from 0.00006

Epoch 65: val_loss did not improve from 0.00006

Epoch 62: val_loss did not improve from 0.00006

Epoch 66: val_loss did not improve from 0.00006

Epoch 63: val_loss did not improve from 0.00006
Saving and plotting the results...

Epoch 67: val_loss did not improve from 0.00006

Epoch 68: val_loss did not improve from 0.00006

Epoch 69: val_loss did not improve from 0.00006

Epoch 70: val_loss did not improve from 0.00006

Epoch 71: val_loss did not improve from 0.00006

Epoch 72: val_loss did not improve from 0.00006

Epoch 73: val_loss did not improve from 0.00006

Epoch 74: val_loss did not improve from 0.00006
Saving and plotting the results...
Time limit for unet-trans-s, leadtime 09: 05:00:00
Run time for unet-trans-s with leadtime 09:  seconds
