2024-09-09 03:28:09.968091: I tensorflow/core/common_runtime/gpu/gpu_device.cc:1613] Created device /job:localhost/replica:0/task:0/device:GPU:0 with 38364 MB memory:  -> device: 0, name: NVIDIA A100-SXM4-40GB, pci bus id: 0000:03:00.0, compute capability: 8.0
2024-09-09 03:28:09.971209: I tensorflow/core/common_runtime/gpu/gpu_device.cc:1613] Created device /job:localhost/replica:0/task:0/device:GPU:1 with 38364 MB memory:  -> device: 1, name: NVIDIA A100-SXM4-40GB, pci bus id: 0000:44:00.0, compute capability: 8.0
2024-09-09 03:28:09.973858: I tensorflow/core/common_runtime/gpu/gpu_device.cc:1613] Created device /job:localhost/replica:0/task:0/device:GPU:2 with 38364 MB memory:  -> device: 2, name: NVIDIA A100-SXM4-40GB, pci bus id: 0000:84:00.0, compute capability: 8.0
2024-09-09 03:28:09.975741: I tensorflow/core/common_runtime/gpu/gpu_device.cc:1613] Created device /job:localhost/replica:0/task:0/device:GPU:3 with 38364 MB memory:  -> device: 3, name: NVIDIA A100-SXM4-40GB, pci bus id: 0000:c4:00.0, compute capability: 8.0
2024-09-09 03:28:18.772649: I tensorflow/core/common_runtime/gpu/gpu_device.cc:1613] Created device /job:localhost/replica:0/task:0/device:GPU:0 with 38364 MB memory:  -> device: 0, name: NVIDIA A100-SXM4-40GB, pci bus id: 0000:03:00.0, compute capability: 8.0
2024-09-09 03:28:18.777847: I tensorflow/core/common_runtime/gpu/gpu_device.cc:1613] Created device /job:localhost/replica:0/task:0/device:GPU:1 with 38364 MB memory:  -> device: 1, name: NVIDIA A100-SXM4-40GB, pci bus id: 0000:44:00.0, compute capability: 8.0
2024-09-09 03:28:18.779717: I tensorflow/core/common_runtime/gpu/gpu_device.cc:1613] Created device /job:localhost/replica:0/task:0/device:GPU:2 with 38364 MB memory:  -> device: 2, name: NVIDIA A100-SXM4-40GB, pci bus id: 0000:84:00.0, compute capability: 8.0
2024-09-09 03:28:18.782596: I tensorflow/core/common_runtime/gpu/gpu_device.cc:1613] Created device /job:localhost/replica:0/task:0/device:GPU:3 with 38364 MB memory:  -> device: 3, name: NVIDIA A100-SXM4-40GB, pci bus id: 0000:c4:00.0, compute capability: 8.0
2024-09-09 03:28:21.146868: I tensorflow/core/common_runtime/gpu/gpu_device.cc:1613] Created device /job:localhost/replica:0/task:0/device:GPU:0 with 38364 MB memory:  -> device: 0, name: NVIDIA A100-SXM4-40GB, pci bus id: 0000:03:00.0, compute capability: 8.0
2024-09-09 03:28:21.149662: I tensorflow/core/common_runtime/gpu/gpu_device.cc:1613] Created device /job:localhost/replica:0/task:0/device:GPU:1 with 38364 MB memory:  -> device: 1, name: NVIDIA A100-SXM4-40GB, pci bus id: 0000:44:00.0, compute capability: 8.0
2024-09-09 03:28:21.152267: I tensorflow/core/common_runtime/gpu/gpu_device.cc:1613] Created device /job:localhost/replica:0/task:0/device:GPU:2 with 38364 MB memory:  -> device: 2, name: NVIDIA A100-SXM4-40GB, pci bus id: 0000:84:00.0, compute capability: 8.0
2024-09-09 03:28:21.153908: I tensorflow/core/common_runtime/gpu/gpu_device.cc:1613] Created device /job:localhost/replica:0/task:0/device:GPU:3 with 38364 MB memory:  -> device: 3, name: NVIDIA A100-SXM4-40GB, pci bus id: 0000:c4:00.0, compute capability: 8.0
2024-09-09 03:28:25.299218: I tensorflow/core/common_runtime/gpu/gpu_device.cc:1613] Created device /job:localhost/replica:0/task:0/device:GPU:0 with 38364 MB memory:  -> device: 0, name: NVIDIA A100-SXM4-40GB, pci bus id: 0000:03:00.0, compute capability: 8.0
2024-09-09 03:28:25.301114: I tensorflow/core/common_runtime/gpu/gpu_device.cc:1613] Created device /job:localhost/replica:0/task:0/device:GPU:1 with 38364 MB memory:  -> device: 1, name: NVIDIA A100-SXM4-40GB, pci bus id: 0000:44:00.0, compute capability: 8.0
2024-09-09 03:28:25.303754: I tensorflow/core/common_runtime/gpu/gpu_device.cc:1613] Created device /job:localhost/replica:0/task:0/device:GPU:2 with 38364 MB memory:  -> device: 2, name: NVIDIA A100-SXM4-40GB, pci bus id: 0000:84:00.0, compute capability: 8.0
2024-09-09 03:28:25.308507: I tensorflow/core/common_runtime/gpu/gpu_device.cc:1613] Created device /job:localhost/replica:0/task:0/device:GPU:3 with 38364 MB memory:  -> device: 3, name: NVIDIA A100-SXM4-40GB, pci bus id: 0000:c4:00.0, compute capability: 8.0
2024-09-09 03:28:28.069956: I tensorflow/core/common_runtime/gpu/gpu_device.cc:1613] Created device /job:localhost/replica:0/task:0/device:GPU:0 with 38364 MB memory:  -> device: 0, name: NVIDIA A100-SXM4-40GB, pci bus id: 0000:03:00.0, compute capability: 8.0
2024-09-09 03:28:28.071844: I tensorflow/core/common_runtime/gpu/gpu_device.cc:1613] Created device /job:localhost/replica:0/task:0/device:GPU:1 with 38364 MB memory:  -> device: 1, name: NVIDIA A100-SXM4-40GB, pci bus id: 0000:44:00.0, compute capability: 8.0
2024-09-09 03:28:28.073574: I tensorflow/core/common_runtime/gpu/gpu_device.cc:1613] Created device /job:localhost/replica:0/task:0/device:GPU:2 with 38364 MB memory:  -> device: 2, name: NVIDIA A100-SXM4-40GB, pci bus id: 0000:84:00.0, compute capability: 8.0
2024-09-09 03:28:28.075060: I tensorflow/core/common_runtime/gpu/gpu_device.cc:1613] Created device /job:localhost/replica:0/task:0/device:GPU:3 with 38364 MB memory:  -> device: 3, name: NVIDIA A100-SXM4-40GB, pci bus id: 0000:c4:00.0, compute capability: 8.0
2024-09-09 03:28:29.638724: I tensorflow/compiler/xla/stream_executor/cuda/cuda_dnn.cc:428] Loaded cuDNN version 8600
2024-09-09 03:28:30.138635: I tensorflow/compiler/xla/stream_executor/cuda/cuda_blas.cc:630] TensorFloat-32 will be used for the matrix multiplication. This will only be logged once.
2024-09-09 03:28:30.421780: I tensorflow/compiler/xla/service/service.cc:173] XLA service 0x154b83997d80 initialized for platform CUDA (this does not guarantee that XLA will be used). Devices:
2024-09-09 03:28:30.421820: I tensorflow/compiler/xla/service/service.cc:181]   StreamExecutor device (0): NVIDIA A100-SXM4-40GB, Compute Capability 8.0
2024-09-09 03:28:30.421827: I tensorflow/compiler/xla/service/service.cc:181]   StreamExecutor device (1): NVIDIA A100-SXM4-40GB, Compute Capability 8.0
2024-09-09 03:28:30.421833: I tensorflow/compiler/xla/service/service.cc:181]   StreamExecutor device (2): NVIDIA A100-SXM4-40GB, Compute Capability 8.0
2024-09-09 03:28:30.421839: I tensorflow/compiler/xla/service/service.cc:181]   StreamExecutor device (3): NVIDIA A100-SXM4-40GB, Compute Capability 8.0
2024-09-09 03:28:30.427249: I tensorflow/compiler/mlir/tensorflow/utils/dump_mlir_util.cc:268] disabling MLIR crash reproducer, set env var `MLIR_CRASH_REPRODUCER_DIRECTORY` to enable.
2024-09-09 03:28:30.535854: I tensorflow/core/common_runtime/gpu/gpu_device.cc:1613] Created device /job:localhost/replica:0/task:0/device:GPU:0 with 38364 MB memory:  -> device: 0, name: NVIDIA A100-SXM4-40GB, pci bus id: 0000:03:00.0, compute capability: 8.0
2024-09-09 03:28:30.538773: I tensorflow/core/common_runtime/gpu/gpu_device.cc:1613] Created device /job:localhost/replica:0/task:0/device:GPU:1 with 38364 MB memory:  -> device: 1, name: NVIDIA A100-SXM4-40GB, pci bus id: 0000:44:00.0, compute capability: 8.0
2024-09-09 03:28:30.541058: I tensorflow/core/common_runtime/gpu/gpu_device.cc:1613] Created device /job:localhost/replica:0/task:0/device:GPU:2 with 38364 MB memory:  -> device: 2, name: NVIDIA A100-SXM4-40GB, pci bus id: 0000:84:00.0, compute capability: 8.0
2024-09-09 03:28:30.542713: I tensorflow/core/common_runtime/gpu/gpu_device.cc:1613] Created device /job:localhost/replica:0/task:0/device:GPU:3 with 38364 MB memory:  -> device: 3, name: NVIDIA A100-SXM4-40GB, pci bus id: 0000:c4:00.0, compute capability: 8.0
2024-09-09 03:28:30.590599: I tensorflow/compiler/jit/xla_compilation_cache.cc:477] Compiled cluster using XLA!  This line is logged at most once for the lifetime of the process.
2024-09-09 03:28:33.247175: I tensorflow/core/common_runtime/gpu/gpu_device.cc:1613] Created device /job:localhost/replica:0/task:0/device:GPU:0 with 38364 MB memory:  -> device: 0, name: NVIDIA A100-SXM4-40GB, pci bus id: 0000:03:00.0, compute capability: 8.0
2024-09-09 03:28:33.249009: I tensorflow/core/common_runtime/gpu/gpu_device.cc:1613] Created device /job:localhost/replica:0/task:0/device:GPU:1 with 38364 MB memory:  -> device: 1, name: NVIDIA A100-SXM4-40GB, pci bus id: 0000:44:00.0, compute capability: 8.0
2024-09-09 03:28:33.252254: I tensorflow/core/common_runtime/gpu/gpu_device.cc:1613] Created device /job:localhost/replica:0/task:0/device:GPU:2 with 38364 MB memory:  -> device: 2, name: NVIDIA A100-SXM4-40GB, pci bus id: 0000:84:00.0, compute capability: 8.0
2024-09-09 03:28:33.253985: I tensorflow/core/common_runtime/gpu/gpu_device.cc:1613] Created device /job:localhost/replica:0/task:0/device:GPU:3 with 38364 MB memory:  -> device: 3, name: NVIDIA A100-SXM4-40GB, pci bus id: 0000:c4:00.0, compute capability: 8.0
2024-09-09 03:28:34.436008: I tensorflow/core/common_runtime/gpu/gpu_device.cc:1613] Created device /job:localhost/replica:0/task:0/device:GPU:0 with 38364 MB memory:  -> device: 0, name: NVIDIA A100-SXM4-40GB, pci bus id: 0000:03:00.0, compute capability: 8.0
2024-09-09 03:28:34.437904: I tensorflow/core/common_runtime/gpu/gpu_device.cc:1613] Created device /job:localhost/replica:0/task:0/device:GPU:1 with 38364 MB memory:  -> device: 1, name: NVIDIA A100-SXM4-40GB, pci bus id: 0000:44:00.0, compute capability: 8.0
2024-09-09 03:28:34.439484: I tensorflow/core/common_runtime/gpu/gpu_device.cc:1613] Created device /job:localhost/replica:0/task:0/device:GPU:2 with 38364 MB memory:  -> device: 2, name: NVIDIA A100-SXM4-40GB, pci bus id: 0000:84:00.0, compute capability: 8.0
2024-09-09 03:28:34.441178: I tensorflow/core/common_runtime/gpu/gpu_device.cc:1613] Created device /job:localhost/replica:0/task:0/device:GPU:3 with 38364 MB memory:  -> device: 3, name: NVIDIA A100-SXM4-40GB, pci bus id: 0000:c4:00.0, compute capability: 8.0
2024-09-09 03:28:37.615191: I tensorflow/core/common_runtime/gpu/gpu_device.cc:1613] Created device /job:localhost/replica:0/task:0/device:GPU:0 with 38364 MB memory:  -> device: 0, name: NVIDIA A100-SXM4-40GB, pci bus id: 0000:03:00.0, compute capability: 8.0
2024-09-09 03:28:37.618626: I tensorflow/core/common_runtime/gpu/gpu_device.cc:1613] Created device /job:localhost/replica:0/task:0/device:GPU:1 with 38364 MB memory:  -> device: 1, name: NVIDIA A100-SXM4-40GB, pci bus id: 0000:44:00.0, compute capability: 8.0
2024-09-09 03:28:37.621125: I tensorflow/core/common_runtime/gpu/gpu_device.cc:1613] Created device /job:localhost/replica:0/task:0/device:GPU:2 with 38364 MB memory:  -> device: 2, name: NVIDIA A100-SXM4-40GB, pci bus id: 0000:84:00.0, compute capability: 8.0
2024-09-09 03:28:37.622823: I tensorflow/core/common_runtime/gpu/gpu_device.cc:1613] Created device /job:localhost/replica:0/task:0/device:GPU:3 with 38364 MB memory:  -> device: 3, name: NVIDIA A100-SXM4-40GB, pci bus id: 0000:c4:00.0, compute capability: 8.0
2024-09-09 03:28:39.773122: I tensorflow/compiler/xla/stream_executor/cuda/cuda_dnn.cc:428] Loaded cuDNN version 8600
2024-09-09 03:28:40.652573: I tensorflow/compiler/xla/stream_executor/cuda/cuda_blas.cc:630] TensorFloat-32 will be used for the matrix multiplication. This will only be logged once.
2024-09-09 03:28:41.058515: I tensorflow/compiler/xla/service/service.cc:173] XLA service 0x154a2750a510 initialized for platform CUDA (this does not guarantee that XLA will be used). Devices:
2024-09-09 03:28:41.058595: I tensorflow/compiler/xla/service/service.cc:181]   StreamExecutor device (0): NVIDIA A100-SXM4-40GB, Compute Capability 8.0
2024-09-09 03:28:41.058603: I tensorflow/compiler/xla/service/service.cc:181]   StreamExecutor device (1): NVIDIA A100-SXM4-40GB, Compute Capability 8.0
2024-09-09 03:28:41.058610: I tensorflow/compiler/xla/service/service.cc:181]   StreamExecutor device (2): NVIDIA A100-SXM4-40GB, Compute Capability 8.0
2024-09-09 03:28:41.058616: I tensorflow/compiler/xla/service/service.cc:181]   StreamExecutor device (3): NVIDIA A100-SXM4-40GB, Compute Capability 8.0
2024-09-09 03:28:41.076287: I tensorflow/compiler/mlir/tensorflow/utils/dump_mlir_util.cc:268] disabling MLIR crash reproducer, set env var `MLIR_CRASH_REPRODUCER_DIRECTORY` to enable.
2024-09-09 03:28:41.419022: I tensorflow/compiler/jit/xla_compilation_cache.cc:477] Compiled cluster using XLA!  This line is logged at most once for the lifetime of the process.
2024-09-09 03:28:41.452882: I tensorflow/compiler/xla/stream_executor/cuda/cuda_dnn.cc:428] Loaded cuDNN version 8600
2024-09-09 03:28:42.198158: I tensorflow/compiler/xla/stream_executor/cuda/cuda_blas.cc:630] TensorFloat-32 will be used for the matrix multiplication. This will only be logged once.
2024-09-09 03:28:42.504420: I tensorflow/core/common_runtime/gpu/gpu_device.cc:1613] Created device /job:localhost/replica:0/task:0/device:GPU:0 with 38364 MB memory:  -> device: 0, name: NVIDIA A100-SXM4-40GB, pci bus id: 0000:03:00.0, compute capability: 8.0
2024-09-09 03:28:42.506399: I tensorflow/core/common_runtime/gpu/gpu_device.cc:1613] Created device /job:localhost/replica:0/task:0/device:GPU:1 with 38364 MB memory:  -> device: 1, name: NVIDIA A100-SXM4-40GB, pci bus id: 0000:44:00.0, compute capability: 8.0
2024-09-09 03:28:42.507928: I tensorflow/core/common_runtime/gpu/gpu_device.cc:1613] Created device /job:localhost/replica:0/task:0/device:GPU:2 with 38364 MB memory:  -> device: 2, name: NVIDIA A100-SXM4-40GB, pci bus id: 0000:84:00.0, compute capability: 8.0
2024-09-09 03:28:42.509533: I tensorflow/core/common_runtime/gpu/gpu_device.cc:1613] Created device /job:localhost/replica:0/task:0/device:GPU:3 with 38364 MB memory:  -> device: 3, name: NVIDIA A100-SXM4-40GB, pci bus id: 0000:c4:00.0, compute capability: 8.0
2024-09-09 03:28:42.664132: I tensorflow/compiler/xla/service/service.cc:173] XLA service 0x6496d2a0 initialized for platform CUDA (this does not guarantee that XLA will be used). Devices:
2024-09-09 03:28:42.664227: I tensorflow/compiler/xla/service/service.cc:181]   StreamExecutor device (0): NVIDIA A100-SXM4-40GB, Compute Capability 8.0
2024-09-09 03:28:42.664241: I tensorflow/compiler/xla/service/service.cc:181]   StreamExecutor device (1): NVIDIA A100-SXM4-40GB, Compute Capability 8.0
2024-09-09 03:28:42.664253: I tensorflow/compiler/xla/service/service.cc:181]   StreamExecutor device (2): NVIDIA A100-SXM4-40GB, Compute Capability 8.0
2024-09-09 03:28:42.664264: I tensorflow/compiler/xla/service/service.cc:181]   StreamExecutor device (3): NVIDIA A100-SXM4-40GB, Compute Capability 8.0
2024-09-09 03:28:42.680964: I tensorflow/compiler/mlir/tensorflow/utils/dump_mlir_util.cc:268] disabling MLIR crash reproducer, set env var `MLIR_CRASH_REPRODUCER_DIRECTORY` to enable.
2024-09-09 03:28:42.898026: I tensorflow/compiler/jit/xla_compilation_cache.cc:477] Compiled cluster using XLA!  This line is logged at most once for the lifetime of the process.
2024-09-09 03:28:45.539389: I tensorflow/compiler/xla/stream_executor/cuda/cuda_dnn.cc:428] Loaded cuDNN version 8600
2024-09-09 03:28:46.401227: I tensorflow/compiler/xla/stream_executor/cuda/cuda_blas.cc:630] TensorFloat-32 will be used for the matrix multiplication. This will only be logged once.
2024-09-09 03:28:46.982382: I tensorflow/compiler/xla/service/service.cc:173] XLA service 0x1551169d31b0 initialized for platform CUDA (this does not guarantee that XLA will be used). Devices:
2024-09-09 03:28:46.982456: I tensorflow/compiler/xla/service/service.cc:181]   StreamExecutor device (0): NVIDIA A100-SXM4-40GB, Compute Capability 8.0
2024-09-09 03:28:46.982464: I tensorflow/compiler/xla/service/service.cc:181]   StreamExecutor device (1): NVIDIA A100-SXM4-40GB, Compute Capability 8.0
2024-09-09 03:28:46.982471: I tensorflow/compiler/xla/service/service.cc:181]   StreamExecutor device (2): NVIDIA A100-SXM4-40GB, Compute Capability 8.0
2024-09-09 03:28:46.982477: I tensorflow/compiler/xla/service/service.cc:181]   StreamExecutor device (3): NVIDIA A100-SXM4-40GB, Compute Capability 8.0
2024-09-09 03:28:46.998062: I tensorflow/compiler/mlir/tensorflow/utils/dump_mlir_util.cc:268] disabling MLIR crash reproducer, set env var `MLIR_CRASH_REPRODUCER_DIRECTORY` to enable.
2024-09-09 03:28:47.215468: I tensorflow/compiler/jit/xla_compilation_cache.cc:477] Compiled cluster using XLA!  This line is logged at most once for the lifetime of the process.
2024-09-09 03:28:47.720457: I tensorflow/compiler/xla/stream_executor/cuda/cuda_dnn.cc:428] Loaded cuDNN version 8600
2024-09-09 03:28:48.219682: I tensorflow/compiler/xla/stream_executor/cuda/cuda_blas.cc:630] TensorFloat-32 will be used for the matrix multiplication. This will only be logged once.
2024-09-09 03:28:48.514912: I tensorflow/compiler/xla/service/service.cc:173] XLA service 0x15216360b0d0 initialized for platform CUDA (this does not guarantee that XLA will be used). Devices:
2024-09-09 03:28:48.514958: I tensorflow/compiler/xla/service/service.cc:181]   StreamExecutor device (0): NVIDIA A100-SXM4-40GB, Compute Capability 8.0
2024-09-09 03:28:48.514965: I tensorflow/compiler/xla/service/service.cc:181]   StreamExecutor device (1): NVIDIA A100-SXM4-40GB, Compute Capability 8.0
2024-09-09 03:28:48.514971: I tensorflow/compiler/xla/service/service.cc:181]   StreamExecutor device (2): NVIDIA A100-SXM4-40GB, Compute Capability 8.0
2024-09-09 03:28:48.514977: I tensorflow/compiler/xla/service/service.cc:181]   StreamExecutor device (3): NVIDIA A100-SXM4-40GB, Compute Capability 8.0
2024-09-09 03:28:48.520389: I tensorflow/compiler/mlir/tensorflow/utils/dump_mlir_util.cc:268] disabling MLIR crash reproducer, set env var `MLIR_CRASH_REPRODUCER_DIRECTORY` to enable.
2024-09-09 03:28:48.683216: I tensorflow/compiler/jit/xla_compilation_cache.cc:477] Compiled cluster using XLA!  This line is logged at most once for the lifetime of the process.
2024-09-09 03:28:50.669736: I tensorflow/compiler/xla/stream_executor/cuda/cuda_dnn.cc:428] Loaded cuDNN version 8600
2024-09-09 03:28:51.413311: I tensorflow/compiler/xla/stream_executor/cuda/cuda_blas.cc:630] TensorFloat-32 will be used for the matrix multiplication. This will only be logged once.
2024-09-09 03:28:51.819629: I tensorflow/compiler/xla/service/service.cc:173] XLA service 0x147b7792df00 initialized for platform CUDA (this does not guarantee that XLA will be used). Devices:
2024-09-09 03:28:51.819702: I tensorflow/compiler/xla/service/service.cc:181]   StreamExecutor device (0): NVIDIA A100-SXM4-40GB, Compute Capability 8.0
2024-09-09 03:28:51.819712: I tensorflow/compiler/xla/service/service.cc:181]   StreamExecutor device (1): NVIDIA A100-SXM4-40GB, Compute Capability 8.0
2024-09-09 03:28:51.819719: I tensorflow/compiler/xla/service/service.cc:181]   StreamExecutor device (2): NVIDIA A100-SXM4-40GB, Compute Capability 8.0
2024-09-09 03:28:51.819727: I tensorflow/compiler/xla/service/service.cc:181]   StreamExecutor device (3): NVIDIA A100-SXM4-40GB, Compute Capability 8.0
2024-09-09 03:28:51.836658: I tensorflow/compiler/mlir/tensorflow/utils/dump_mlir_util.cc:268] disabling MLIR crash reproducer, set env var `MLIR_CRASH_REPRODUCER_DIRECTORY` to enable.
2024-09-09 03:28:52.052106: I tensorflow/compiler/jit/xla_compilation_cache.cc:477] Compiled cluster using XLA!  This line is logged at most once for the lifetime of the process.
2024-09-09 03:28:53.239846: I tensorflow/compiler/xla/stream_executor/cuda/cuda_dnn.cc:428] Loaded cuDNN version 8600
2024-09-09 03:28:53.956905: I tensorflow/compiler/xla/stream_executor/cuda/cuda_blas.cc:630] TensorFloat-32 will be used for the matrix multiplication. This will only be logged once.
2024-09-09 03:28:54.313712: I tensorflow/compiler/xla/stream_executor/cuda/cuda_dnn.cc:428] Loaded cuDNN version 8600
2024-09-09 03:28:54.393893: I tensorflow/compiler/xla/service/service.cc:173] XLA service 0x64b430a0 initialized for platform CUDA (this does not guarantee that XLA will be used). Devices:
2024-09-09 03:28:54.393949: I tensorflow/compiler/xla/service/service.cc:181]   StreamExecutor device (0): NVIDIA A100-SXM4-40GB, Compute Capability 8.0
2024-09-09 03:28:54.393957: I tensorflow/compiler/xla/service/service.cc:181]   StreamExecutor device (1): NVIDIA A100-SXM4-40GB, Compute Capability 8.0
2024-09-09 03:28:54.393964: I tensorflow/compiler/xla/service/service.cc:181]   StreamExecutor device (2): NVIDIA A100-SXM4-40GB, Compute Capability 8.0
2024-09-09 03:28:54.393970: I tensorflow/compiler/xla/service/service.cc:181]   StreamExecutor device (3): NVIDIA A100-SXM4-40GB, Compute Capability 8.0
2024-09-09 03:28:54.399265: I tensorflow/compiler/mlir/tensorflow/utils/dump_mlir_util.cc:268] disabling MLIR crash reproducer, set env var `MLIR_CRASH_REPRODUCER_DIRECTORY` to enable.
2024-09-09 03:28:54.563782: I tensorflow/compiler/jit/xla_compilation_cache.cc:477] Compiled cluster using XLA!  This line is logged at most once for the lifetime of the process.
2024-09-09 03:28:54.944378: I tensorflow/compiler/xla/stream_executor/cuda/cuda_blas.cc:630] TensorFloat-32 will be used for the matrix multiplication. This will only be logged once.
2024-09-09 03:28:55.417176: I tensorflow/compiler/xla/service/service.cc:173] XLA service 0x654efd10 initialized for platform CUDA (this does not guarantee that XLA will be used). Devices:
2024-09-09 03:28:55.417228: I tensorflow/compiler/xla/service/service.cc:181]   StreamExecutor device (0): NVIDIA A100-SXM4-40GB, Compute Capability 8.0
2024-09-09 03:28:55.417236: I tensorflow/compiler/xla/service/service.cc:181]   StreamExecutor device (1): NVIDIA A100-SXM4-40GB, Compute Capability 8.0
2024-09-09 03:28:55.417242: I tensorflow/compiler/xla/service/service.cc:181]   StreamExecutor device (2): NVIDIA A100-SXM4-40GB, Compute Capability 8.0
2024-09-09 03:28:55.417248: I tensorflow/compiler/xla/service/service.cc:181]   StreamExecutor device (3): NVIDIA A100-SXM4-40GB, Compute Capability 8.0
2024-09-09 03:28:55.422409: I tensorflow/compiler/mlir/tensorflow/utils/dump_mlir_util.cc:268] disabling MLIR crash reproducer, set env var `MLIR_CRASH_REPRODUCER_DIRECTORY` to enable.
2024-09-09 03:28:55.585954: I tensorflow/compiler/jit/xla_compilation_cache.cc:477] Compiled cluster using XLA!  This line is logged at most once for the lifetime of the process.
2024-09-09 03:28:57.320061: I tensorflow/compiler/xla/stream_executor/cuda/cuda_dnn.cc:428] Loaded cuDNN version 8600
2024-09-09 03:28:57.804458: I tensorflow/compiler/xla/stream_executor/cuda/cuda_blas.cc:630] TensorFloat-32 will be used for the matrix multiplication. This will only be logged once.
2024-09-09 03:28:58.088671: I tensorflow/compiler/xla/service/service.cc:173] XLA service 0x664d2290 initialized for platform CUDA (this does not guarantee that XLA will be used). Devices:
2024-09-09 03:28:58.088730: I tensorflow/compiler/xla/service/service.cc:181]   StreamExecutor device (0): NVIDIA A100-SXM4-40GB, Compute Capability 8.0
2024-09-09 03:28:58.088738: I tensorflow/compiler/xla/service/service.cc:181]   StreamExecutor device (1): NVIDIA A100-SXM4-40GB, Compute Capability 8.0
2024-09-09 03:28:58.088745: I tensorflow/compiler/xla/service/service.cc:181]   StreamExecutor device (2): NVIDIA A100-SXM4-40GB, Compute Capability 8.0
2024-09-09 03:28:58.088751: I tensorflow/compiler/xla/service/service.cc:181]   StreamExecutor device (3): NVIDIA A100-SXM4-40GB, Compute Capability 8.0
2024-09-09 03:28:58.093834: I tensorflow/compiler/mlir/tensorflow/utils/dump_mlir_util.cc:268] disabling MLIR crash reproducer, set env var `MLIR_CRASH_REPRODUCER_DIRECTORY` to enable.
2024-09-09 03:28:58.254938: I tensorflow/compiler/jit/xla_compilation_cache.cc:477] Compiled cluster using XLA!  This line is logged at most once for the lifetime of the process.
2024-09-09 03:29:02.158326: I tensorflow/compiler/xla/stream_executor/cuda/cuda_dnn.cc:428] Loaded cuDNN version 8600
2024-09-09 03:29:02.659881: I tensorflow/compiler/xla/stream_executor/cuda/cuda_blas.cc:630] TensorFloat-32 will be used for the matrix multiplication. This will only be logged once.
2024-09-09 03:29:02.978022: I tensorflow/compiler/xla/service/service.cc:173] XLA service 0x64cd2b60 initialized for platform CUDA (this does not guarantee that XLA will be used). Devices:
2024-09-09 03:29:02.978080: I tensorflow/compiler/xla/service/service.cc:181]   StreamExecutor device (0): NVIDIA A100-SXM4-40GB, Compute Capability 8.0
2024-09-09 03:29:02.978088: I tensorflow/compiler/xla/service/service.cc:181]   StreamExecutor device (1): NVIDIA A100-SXM4-40GB, Compute Capability 8.0
2024-09-09 03:29:02.978094: I tensorflow/compiler/xla/service/service.cc:181]   StreamExecutor device (2): NVIDIA A100-SXM4-40GB, Compute Capability 8.0
2024-09-09 03:29:02.978100: I tensorflow/compiler/xla/service/service.cc:181]   StreamExecutor device (3): NVIDIA A100-SXM4-40GB, Compute Capability 8.0
2024-09-09 03:29:02.983215: I tensorflow/compiler/mlir/tensorflow/utils/dump_mlir_util.cc:268] disabling MLIR crash reproducer, set env var `MLIR_CRASH_REPRODUCER_DIRECTORY` to enable.
2024-09-09 03:29:03.146887: I tensorflow/compiler/jit/xla_compilation_cache.cc:477] Compiled cluster using XLA!  This line is logged at most once for the lifetime of the process.
srun: Job 10294696 step creation temporarily disabled, retrying (Requested nodes are busy)
srun: Job 10294696 step creation temporarily disabled, retrying (Requested nodes are busy)
srun: Job 10294696 step creation temporarily disabled, retrying (Requested nodes are busy)
srun: Job 10294696 step creation temporarily disabled, retrying (Requested nodes are busy)
srun: Job 10294696 step creation temporarily disabled, retrying (Requested nodes are busy)
srun: Job 10294696 step creation temporarily disabled, retrying (Requested nodes are busy)
srun: Job 10294696 step creation still disabled, retrying (Requested nodes are busy)
srun: Job 10294696 step creation still disabled, retrying (Requested nodes are busy)
srun: Job 10294696 step creation still disabled, retrying (Requested nodes are busy)
srun: Job 10294696 step creation still disabled, retrying (Requested nodes are busy)
srun: Job 10294696 step creation still disabled, retrying (Requested nodes are busy)
srun: Job 10294696 step creation still disabled, retrying (Requested nodes are busy)
srun: Job 10294696 step creation still disabled, retrying (Requested nodes are busy)
srun: Job 10294696 step creation still disabled, retrying (Requested nodes are busy)
srun: Job 10294696 step creation still disabled, retrying (Requested nodes are busy)
srun: Job 10294696 step creation still disabled, retrying (Requested nodes are busy)
srun: Job 10294696 step creation still disabled, retrying (Requested nodes are busy)
srun: Job 10294696 step creation still disabled, retrying (Requested nodes are busy)
srun: Job 10294696 step creation still disabled, retrying (Requested nodes are busy)
srun: Job 10294696 step creation still disabled, retrying (Requested nodes are busy)
srun: Job 10294696 step creation still disabled, retrying (Requested nodes are busy)
srun: Job 10294696 step creation still disabled, retrying (Requested nodes are busy)
srun: Job 10294696 step creation still disabled, retrying (Requested nodes are busy)
srun: Job 10294696 step creation still disabled, retrying (Requested nodes are busy)
srun: Job 10294696 step creation still disabled, retrying (Requested nodes are busy)
srun: Job 10294696 step creation still disabled, retrying (Requested nodes are busy)
srun: Job 10294696 step creation still disabled, retrying (Requested nodes are busy)
srun: Job 10294696 step creation still disabled, retrying (Requested nodes are busy)
srun: Job 10294696 step creation still disabled, retrying (Requested nodes are busy)
srun: Job 10294696 step creation still disabled, retrying (Requested nodes are busy)
srun: Job 10294696 step creation still disabled, retrying (Requested nodes are busy)
srun: Job 10294696 step creation still disabled, retrying (Requested nodes are busy)
srun: Job 10294696 step creation still disabled, retrying (Requested nodes are busy)
srun: Job 10294696 step creation still disabled, retrying (Requested nodes are busy)
srun: Job 10294696 step creation still disabled, retrying (Requested nodes are busy)
srun: Job 10294696 step creation still disabled, retrying (Requested nodes are busy)
srun: Job 10294696 step creation still disabled, retrying (Requested nodes are busy)
srun: Job 10294696 step creation still disabled, retrying (Requested nodes are busy)
srun: Job 10294696 step creation still disabled, retrying (Requested nodes are busy)
srun: Job 10294696 step creation still disabled, retrying (Requested nodes are busy)
srun: Job 10294696 step creation still disabled, retrying (Requested nodes are busy)
srun: Job 10294696 step creation still disabled, retrying (Requested nodes are busy)
srun: Job 10294696 step creation still disabled, retrying (Requested nodes are busy)
srun: Job 10294696 step creation still disabled, retrying (Requested nodes are busy)
srun: Job 10294696 step creation still disabled, retrying (Requested nodes are busy)
srun: Job 10294696 step creation still disabled, retrying (Requested nodes are busy)
srun: Job 10294696 step creation still disabled, retrying (Requested nodes are busy)
srun: Job 10294696 step creation still disabled, retrying (Requested nodes are busy)
srun: Job 10294696 step creation still disabled, retrying (Requested nodes are busy)
srun: Job 10294696 step creation still disabled, retrying (Requested nodes are busy)
srun: Job 10294696 step creation still disabled, retrying (Requested nodes are busy)
srun: Job 10294696 step creation still disabled, retrying (Requested nodes are busy)
srun: Job 10294696 step creation still disabled, retrying (Requested nodes are busy)
srun: Job 10294696 step creation still disabled, retrying (Requested nodes are busy)
srun: Job 10294696 step creation still disabled, retrying (Requested nodes are busy)
srun: Job 10294696 step creation still disabled, retrying (Requested nodes are busy)
srun: Job 10294696 step creation still disabled, retrying (Requested nodes are busy)
srun: Job 10294696 step creation still disabled, retrying (Requested nodes are busy)
srun: Job 10294696 step creation still disabled, retrying (Requested nodes are busy)
srun: Job 10294696 step creation still disabled, retrying (Requested nodes are busy)
srun: Job 10294696 step creation still disabled, retrying (Requested nodes are busy)
srun: Job 10294696 step creation still disabled, retrying (Requested nodes are busy)
srun: Job 10294696 step creation still disabled, retrying (Requested nodes are busy)
srun: Job 10294696 step creation still disabled, retrying (Requested nodes are busy)
srun: Job 10294696 step creation still disabled, retrying (Requested nodes are busy)
srun: Job 10294696 step creation still disabled, retrying (Requested nodes are busy)
srun: Job 10294696 step creation still disabled, retrying (Requested nodes are busy)
srun: Job 10294696 step creation still disabled, retrying (Requested nodes are busy)
srun: Job 10294696 step creation still disabled, retrying (Requested nodes are busy)
srun: Job 10294696 step creation still disabled, retrying (Requested nodes are busy)
srun: Job 10294696 step creation still disabled, retrying (Requested nodes are busy)
srun: Job 10294696 step creation still disabled, retrying (Requested nodes are busy)
srun: Job 10294696 step creation still disabled, retrying (Requested nodes are busy)
srun: Job 10294696 step creation still disabled, retrying (Requested nodes are busy)
srun: Job 10294696 step creation still disabled, retrying (Requested nodes are busy)
srun: Job 10294696 step creation still disabled, retrying (Requested nodes are busy)
srun: Job 10294696 step creation still disabled, retrying (Requested nodes are busy)
srun: Job 10294696 step creation still disabled, retrying (Requested nodes are busy)
srun: Job 10294696 step creation still disabled, retrying (Requested nodes are busy)
srun: Job 10294696 step creation still disabled, retrying (Requested nodes are busy)
srun: Job 10294696 step creation still disabled, retrying (Requested nodes are busy)
srun: Job 10294696 step creation still disabled, retrying (Requested nodes are busy)
srun: Job 10294696 step creation still disabled, retrying (Requested nodes are busy)
srun: Job 10294696 step creation still disabled, retrying (Requested nodes are busy)
srun: Job 10294696 step creation still disabled, retrying (Requested nodes are busy)
srun: Job 10294696 step creation still disabled, retrying (Requested nodes are busy)
srun: Job 10294696 step creation still disabled, retrying (Requested nodes are busy)
srun: Job 10294696 step creation still disabled, retrying (Requested nodes are busy)
srun: Job 10294696 step creation still disabled, retrying (Requested nodes are busy)
srun: Job 10294696 step creation still disabled, retrying (Requested nodes are busy)
srun: Job 10294696 step creation still disabled, retrying (Requested nodes are busy)
srun: Job 10294696 step creation still disabled, retrying (Requested nodes are busy)
srun: Job 10294696 step creation still disabled, retrying (Requested nodes are busy)
srun: Job 10294696 step creation still disabled, retrying (Requested nodes are busy)
srun: Job 10294696 step creation still disabled, retrying (Requested nodes are busy)
srun: Job 10294696 step creation still disabled, retrying (Requested nodes are busy)
srun: Job 10294696 step creation still disabled, retrying (Requested nodes are busy)
srun: Job 10294696 step creation still disabled, retrying (Requested nodes are busy)
srun: Job 10294696 step creation still disabled, retrying (Requested nodes are busy)
srun: Job 10294696 step creation still disabled, retrying (Requested nodes are busy)
srun: Job 10294696 step creation still disabled, retrying (Requested nodes are busy)
srun: Job 10294696 step creation still disabled, retrying (Requested nodes are busy)
srun: Job 10294696 step creation still disabled, retrying (Requested nodes are busy)
srun: Job 10294696 step creation still disabled, retrying (Requested nodes are busy)
srun: Job 10294696 step creation still disabled, retrying (Requested nodes are busy)
srun: Job 10294696 step creation still disabled, retrying (Requested nodes are busy)
srun: Job 10294696 step creation still disabled, retrying (Requested nodes are busy)
srun: Job 10294696 step creation still disabled, retrying (Requested nodes are busy)
srun: Job 10294696 step creation still disabled, retrying (Requested nodes are busy)
srun: Job 10294696 step creation still disabled, retrying (Requested nodes are busy)
srun: Job 10294696 step creation still disabled, retrying (Requested nodes are busy)
srun: Job 10294696 step creation still disabled, retrying (Requested nodes are busy)
srun: Job 10294696 step creation still disabled, retrying (Requested nodes are busy)
srun: Job 10294696 step creation still disabled, retrying (Requested nodes are busy)
srun: Job 10294696 step creation still disabled, retrying (Requested nodes are busy)
srun: Job 10294696 step creation still disabled, retrying (Requested nodes are busy)
srun: Job 10294696 step creation still disabled, retrying (Requested nodes are busy)
srun: Job 10294696 step creation still disabled, retrying (Requested nodes are busy)
srun: Job 10294696 step creation still disabled, retrying (Requested nodes are busy)
srun: Job 10294696 step creation still disabled, retrying (Requested nodes are busy)
srun: Job 10294696 step creation still disabled, retrying (Requested nodes are busy)
srun: Job 10294696 step creation still disabled, retrying (Requested nodes are busy)
srun: Job 10294696 step creation still disabled, retrying (Requested nodes are busy)
srun: Job 10294696 step creation still disabled, retrying (Requested nodes are busy)
srun: Job 10294696 step creation still disabled, retrying (Requested nodes are busy)
srun: Job 10294696 step creation still disabled, retrying (Requested nodes are busy)
srun: Job 10294696 step creation still disabled, retrying (Requested nodes are busy)
srun: Job 10294696 step creation still disabled, retrying (Requested nodes are busy)
srun: Job 10294696 step creation still disabled, retrying (Requested nodes are busy)
srun: Job 10294696 step creation still disabled, retrying (Requested nodes are busy)
srun: Job 10294696 step creation still disabled, retrying (Requested nodes are busy)
srun: Job 10294696 step creation still disabled, retrying (Requested nodes are busy)
srun: Job 10294696 step creation still disabled, retrying (Requested nodes are busy)
srun: Job 10294696 step creation still disabled, retrying (Requested nodes are busy)
srun: Job 10294696 step creation still disabled, retrying (Requested nodes are busy)
srun: Job 10294696 step creation still disabled, retrying (Requested nodes are busy)
srun: Job 10294696 step creation still disabled, retrying (Requested nodes are busy)
srun: Job 10294696 step creation still disabled, retrying (Requested nodes are busy)
srun: Job 10294696 step creation still disabled, retrying (Requested nodes are busy)
srun: Job 10294696 step creation still disabled, retrying (Requested nodes are busy)
srun: Job 10294696 step creation still disabled, retrying (Requested nodes are busy)
srun: Job 10294696 step creation still disabled, retrying (Requested nodes are busy)
srun: Job 10294696 step creation still disabled, retrying (Requested nodes are busy)
srun: Job 10294696 step creation still disabled, retrying (Requested nodes are busy)
srun: Job 10294696 step creation still disabled, retrying (Requested nodes are busy)
srun: Job 10294696 step creation still disabled, retrying (Requested nodes are busy)
srun: Job 10294696 step creation still disabled, retrying (Requested nodes are busy)
srun: Job 10294696 step creation still disabled, retrying (Requested nodes are busy)
srun: Job 10294696 step creation still disabled, retrying (Requested nodes are busy)
srun: Job 10294696 step creation still disabled, retrying (Requested nodes are busy)
srun: Job 10294696 step creation still disabled, retrying (Requested nodes are busy)
srun: Job 10294696 step creation still disabled, retrying (Requested nodes are busy)
srun: Job 10294696 step creation still disabled, retrying (Requested nodes are busy)
srun: Job 10294696 step creation still disabled, retrying (Requested nodes are busy)
srun: Job 10294696 step creation still disabled, retrying (Requested nodes are busy)
srun: Job 10294696 step creation still disabled, retrying (Requested nodes are busy)
srun: Job 10294696 step creation still disabled, retrying (Requested nodes are busy)
srun: Job 10294696 step creation still disabled, retrying (Requested nodes are busy)
srun: Job 10294696 step creation still disabled, retrying (Requested nodes are busy)
srun: Job 10294696 step creation still disabled, retrying (Requested nodes are busy)
srun: Job 10294696 step creation still disabled, retrying (Requested nodes are busy)
srun: Job 10294696 step creation still disabled, retrying (Requested nodes are busy)
srun: Job 10294696 step creation still disabled, retrying (Requested nodes are busy)
srun: Job 10294696 step creation still disabled, retrying (Requested nodes are busy)
srun: Job 10294696 step creation still disabled, retrying (Requested nodes are busy)
srun: Job 10294696 step creation still disabled, retrying (Requested nodes are busy)
srun: Job 10294696 step creation still disabled, retrying (Requested nodes are busy)
srun: Job 10294696 step creation still disabled, retrying (Requested nodes are busy)
srun: Job 10294696 step creation still disabled, retrying (Requested nodes are busy)
srun: Job 10294696 step creation still disabled, retrying (Requested nodes are busy)
srun: Job 10294696 step creation still disabled, retrying (Requested nodes are busy)
srun: Job 10294696 step creation still disabled, retrying (Requested nodes are busy)
srun: Job 10294696 step creation still disabled, retrying (Requested nodes are busy)
srun: Job 10294696 step creation still disabled, retrying (Requested nodes are busy)
srun: Job 10294696 step creation still disabled, retrying (Requested nodes are busy)
srun: Job 10294696 step creation still disabled, retrying (Requested nodes are busy)
srun: Job 10294696 step creation still disabled, retrying (Requested nodes are busy)
srun: Job 10294696 step creation still disabled, retrying (Requested nodes are busy)
srun: Job 10294696 step creation still disabled, retrying (Requested nodes are busy)
srun: Job 10294696 step creation still disabled, retrying (Requested nodes are busy)
srun: Job 10294696 step creation still disabled, retrying (Requested nodes are busy)
srun: Job 10294696 step creation still disabled, retrying (Requested nodes are busy)
srun: Job 10294696 step creation still disabled, retrying (Requested nodes are busy)
srun: Job 10294696 step creation still disabled, retrying (Requested nodes are busy)
srun: Job 10294696 step creation still disabled, retrying (Requested nodes are busy)
srun: Job 10294696 step creation still disabled, retrying (Requested nodes are busy)
srun: Job 10294696 step creation still disabled, retrying (Requested nodes are busy)
srun: Job 10294696 step creation still disabled, retrying (Requested nodes are busy)
srun: Job 10294696 step creation still disabled, retrying (Requested nodes are busy)
srun: Job 10294696 step creation still disabled, retrying (Requested nodes are busy)
srun: Job 10294696 step creation still disabled, retrying (Requested nodes are busy)
srun: Job 10294696 step creation still disabled, retrying (Requested nodes are busy)
srun: Job 10294696 step creation still disabled, retrying (Requested nodes are busy)
srun: Job 10294696 step creation still disabled, retrying (Requested nodes are busy)
srun: Job 10294696 step creation still disabled, retrying (Requested nodes are busy)
srun: Job 10294696 step creation still disabled, retrying (Requested nodes are busy)
srun: Job 10294696 step creation still disabled, retrying (Requested nodes are busy)
srun: Job 10294696 step creation still disabled, retrying (Requested nodes are busy)
srun: Job 10294696 step creation still disabled, retrying (Requested nodes are busy)
srun: Step created for StepId=10294696.10
2024-09-09 04:37:07.419815: I tensorflow/core/common_runtime/gpu/gpu_device.cc:1613] Created device /job:localhost/replica:0/task:0/device:GPU:0 with 38364 MB memory:  -> device: 0, name: NVIDIA A100-SXM4-40GB, pci bus id: 0000:03:00.0, compute capability: 8.0
2024-09-09 04:37:07.421643: I tensorflow/core/common_runtime/gpu/gpu_device.cc:1613] Created device /job:localhost/replica:0/task:0/device:GPU:1 with 38364 MB memory:  -> device: 1, name: NVIDIA A100-SXM4-40GB, pci bus id: 0000:44:00.0, compute capability: 8.0
2024-09-09 04:37:07.423331: I tensorflow/core/common_runtime/gpu/gpu_device.cc:1613] Created device /job:localhost/replica:0/task:0/device:GPU:2 with 38364 MB memory:  -> device: 2, name: NVIDIA A100-SXM4-40GB, pci bus id: 0000:84:00.0, compute capability: 8.0
2024-09-09 04:37:07.425655: I tensorflow/core/common_runtime/gpu/gpu_device.cc:1613] Created device /job:localhost/replica:0/task:0/device:GPU:3 with 38364 MB memory:  -> device: 3, name: NVIDIA A100-SXM4-40GB, pci bus id: 0000:c4:00.0, compute capability: 8.0
2024-09-09 04:37:27.199229: I tensorflow/compiler/xla/stream_executor/cuda/cuda_dnn.cc:428] Loaded cuDNN version 8600
2024-09-09 04:37:27.796630: I tensorflow/compiler/xla/stream_executor/cuda/cuda_blas.cc:630] TensorFloat-32 will be used for the matrix multiplication. This will only be logged once.
2024-09-09 04:37:28.207359: I tensorflow/compiler/xla/service/service.cc:173] XLA service 0x6557b4a0 initialized for platform CUDA (this does not guarantee that XLA will be used). Devices:
2024-09-09 04:37:28.207417: I tensorflow/compiler/xla/service/service.cc:181]   StreamExecutor device (0): NVIDIA A100-SXM4-40GB, Compute Capability 8.0
2024-09-09 04:37:28.207425: I tensorflow/compiler/xla/service/service.cc:181]   StreamExecutor device (1): NVIDIA A100-SXM4-40GB, Compute Capability 8.0
2024-09-09 04:37:28.207431: I tensorflow/compiler/xla/service/service.cc:181]   StreamExecutor device (2): NVIDIA A100-SXM4-40GB, Compute Capability 8.0
2024-09-09 04:37:28.207438: I tensorflow/compiler/xla/service/service.cc:181]   StreamExecutor device (3): NVIDIA A100-SXM4-40GB, Compute Capability 8.0
2024-09-09 04:37:28.212571: I tensorflow/compiler/mlir/tensorflow/utils/dump_mlir_util.cc:268] disabling MLIR crash reproducer, set env var `MLIR_CRASH_REPRODUCER_DIRECTORY` to enable.
2024-09-09 04:37:28.374385: I tensorflow/compiler/jit/xla_compilation_cache.cc:477] Compiled cluster using XLA!  This line is logged at most once for the lifetime of the process.
srun: Job 10294696 step creation still disabled, retrying (Requested nodes are busy)
srun: Job 10294696 step creation still disabled, retrying (Requested nodes are busy)
srun: Job 10294696 step creation still disabled, retrying (Requested nodes are busy)
srun: Job 10294696 step creation still disabled, retrying (Requested nodes are busy)
srun: Job 10294696 step creation still disabled, retrying (Requested nodes are busy)
srun: Job 10294696 step creation still disabled, retrying (Requested nodes are busy)
srun: Job 10294696 step creation still disabled, retrying (Requested nodes are busy)
srun: Job 10294696 step creation still disabled, retrying (Requested nodes are busy)
srun: Job 10294696 step creation still disabled, retrying (Requested nodes are busy)
srun: Job 10294696 step creation still disabled, retrying (Requested nodes are busy)
srun: Job 10294696 step creation still disabled, retrying (Requested nodes are busy)
srun: Job 10294696 step creation still disabled, retrying (Requested nodes are busy)
srun: Job 10294696 step creation still disabled, retrying (Requested nodes are busy)
srun: Job 10294696 step creation still disabled, retrying (Requested nodes are busy)
srun: Job 10294696 step creation still disabled, retrying (Requested nodes are busy)
srun: Step created for StepId=10294696.11
2024-09-09 04:42:25.228047: I tensorflow/core/common_runtime/gpu/gpu_device.cc:1613] Created device /job:localhost/replica:0/task:0/device:GPU:0 with 38364 MB memory:  -> device: 0, name: NVIDIA A100-SXM4-40GB, pci bus id: 0000:03:00.0, compute capability: 8.0
2024-09-09 04:42:25.229796: I tensorflow/core/common_runtime/gpu/gpu_device.cc:1613] Created device /job:localhost/replica:0/task:0/device:GPU:1 with 38364 MB memory:  -> device: 1, name: NVIDIA A100-SXM4-40GB, pci bus id: 0000:44:00.0, compute capability: 8.0
2024-09-09 04:42:25.231298: I tensorflow/core/common_runtime/gpu/gpu_device.cc:1613] Created device /job:localhost/replica:0/task:0/device:GPU:2 with 38364 MB memory:  -> device: 2, name: NVIDIA A100-SXM4-40GB, pci bus id: 0000:84:00.0, compute capability: 8.0
2024-09-09 04:42:25.233934: I tensorflow/core/common_runtime/gpu/gpu_device.cc:1613] Created device /job:localhost/replica:0/task:0/device:GPU:3 with 38364 MB memory:  -> device: 3, name: NVIDIA A100-SXM4-40GB, pci bus id: 0000:c4:00.0, compute capability: 8.0
2024-09-09 04:42:44.940297: I tensorflow/compiler/xla/stream_executor/cuda/cuda_dnn.cc:428] Loaded cuDNN version 8600
2024-09-09 04:42:45.532689: I tensorflow/compiler/xla/stream_executor/cuda/cuda_blas.cc:630] TensorFloat-32 will be used for the matrix multiplication. This will only be logged once.
2024-09-09 04:42:45.945817: I tensorflow/compiler/xla/service/service.cc:173] XLA service 0x657305d0 initialized for platform CUDA (this does not guarantee that XLA will be used). Devices:
2024-09-09 04:42:45.945865: I tensorflow/compiler/xla/service/service.cc:181]   StreamExecutor device (0): NVIDIA A100-SXM4-40GB, Compute Capability 8.0
2024-09-09 04:42:45.945872: I tensorflow/compiler/xla/service/service.cc:181]   StreamExecutor device (1): NVIDIA A100-SXM4-40GB, Compute Capability 8.0
2024-09-09 04:42:45.945878: I tensorflow/compiler/xla/service/service.cc:181]   StreamExecutor device (2): NVIDIA A100-SXM4-40GB, Compute Capability 8.0
2024-09-09 04:42:45.945884: I tensorflow/compiler/xla/service/service.cc:181]   StreamExecutor device (3): NVIDIA A100-SXM4-40GB, Compute Capability 8.0
2024-09-09 04:42:45.951036: I tensorflow/compiler/mlir/tensorflow/utils/dump_mlir_util.cc:268] disabling MLIR crash reproducer, set env var `MLIR_CRASH_REPRODUCER_DIRECTORY` to enable.
2024-09-09 04:42:46.112869: I tensorflow/compiler/jit/xla_compilation_cache.cc:477] Compiled cluster using XLA!  This line is logged at most once for the lifetime of the process.
srun: Job 10294696 step creation still disabled, retrying (Requested nodes are busy)
srun: Job 10294696 step creation still disabled, retrying (Requested nodes are busy)
srun: Job 10294696 step creation still disabled, retrying (Requested nodes are busy)
srun: Job 10294696 step creation still disabled, retrying (Requested nodes are busy)
srun: Step created for StepId=10294696.12
2024-09-09 04:44:14.028517: I tensorflow/core/common_runtime/gpu/gpu_device.cc:1613] Created device /job:localhost/replica:0/task:0/device:GPU:0 with 38364 MB memory:  -> device: 0, name: NVIDIA A100-SXM4-40GB, pci bus id: 0000:03:00.0, compute capability: 8.0
2024-09-09 04:44:14.031220: I tensorflow/core/common_runtime/gpu/gpu_device.cc:1613] Created device /job:localhost/replica:0/task:0/device:GPU:1 with 38364 MB memory:  -> device: 1, name: NVIDIA A100-SXM4-40GB, pci bus id: 0000:44:00.0, compute capability: 8.0
2024-09-09 04:44:14.032904: I tensorflow/core/common_runtime/gpu/gpu_device.cc:1613] Created device /job:localhost/replica:0/task:0/device:GPU:2 with 38364 MB memory:  -> device: 2, name: NVIDIA A100-SXM4-40GB, pci bus id: 0000:84:00.0, compute capability: 8.0
2024-09-09 04:44:14.035445: I tensorflow/core/common_runtime/gpu/gpu_device.cc:1613] Created device /job:localhost/replica:0/task:0/device:GPU:3 with 38364 MB memory:  -> device: 3, name: NVIDIA A100-SXM4-40GB, pci bus id: 0000:c4:00.0, compute capability: 8.0
2024-09-09 04:44:33.769674: I tensorflow/compiler/xla/stream_executor/cuda/cuda_dnn.cc:428] Loaded cuDNN version 8600
2024-09-09 04:44:34.279897: I tensorflow/compiler/xla/stream_executor/cuda/cuda_blas.cc:630] TensorFloat-32 will be used for the matrix multiplication. This will only be logged once.
2024-09-09 04:44:34.586710: I tensorflow/compiler/xla/service/service.cc:173] XLA service 0x669ab7c0 initialized for platform CUDA (this does not guarantee that XLA will be used). Devices:
2024-09-09 04:44:34.586761: I tensorflow/compiler/xla/service/service.cc:181]   StreamExecutor device (0): NVIDIA A100-SXM4-40GB, Compute Capability 8.0
2024-09-09 04:44:34.586768: I tensorflow/compiler/xla/service/service.cc:181]   StreamExecutor device (1): NVIDIA A100-SXM4-40GB, Compute Capability 8.0
2024-09-09 04:44:34.586774: I tensorflow/compiler/xla/service/service.cc:181]   StreamExecutor device (2): NVIDIA A100-SXM4-40GB, Compute Capability 8.0
2024-09-09 04:44:34.586780: I tensorflow/compiler/xla/service/service.cc:181]   StreamExecutor device (3): NVIDIA A100-SXM4-40GB, Compute Capability 8.0
2024-09-09 04:44:34.591827: I tensorflow/compiler/mlir/tensorflow/utils/dump_mlir_util.cc:268] disabling MLIR crash reproducer, set env var `MLIR_CRASH_REPRODUCER_DIRECTORY` to enable.
2024-09-09 04:44:34.754449: I tensorflow/compiler/jit/xla_compilation_cache.cc:477] Compiled cluster using XLA!  This line is logged at most once for the lifetime of the process.
srun: Job 10294696 step creation still disabled, retrying (Requested nodes are busy)
srun: Job 10294696 step creation still disabled, retrying (Requested nodes are busy)
srun: Job 10294696 step creation still disabled, retrying (Requested nodes are busy)
srun: Job 10294696 step creation still disabled, retrying (Requested nodes are busy)
srun: Job 10294696 step creation still disabled, retrying (Requested nodes are busy)
srun: Job 10294696 step creation still disabled, retrying (Requested nodes are busy)
srun: Job 10294696 step creation still disabled, retrying (Requested nodes are busy)
srun: Job 10294696 step creation still disabled, retrying (Requested nodes are busy)
srun: Job 10294696 step creation still disabled, retrying (Requested nodes are busy)
srun: Job 10294696 step creation still disabled, retrying (Requested nodes are busy)
srun: Job 10294696 step creation still disabled, retrying (Requested nodes are busy)
srun: Job 10294696 step creation still disabled, retrying (Requested nodes are busy)
srun: Job 10294696 step creation still disabled, retrying (Requested nodes are busy)
srun: Job 10294696 step creation still disabled, retrying (Requested nodes are busy)
srun: Job 10294696 step creation still disabled, retrying (Requested nodes are busy)
srun: Job 10294696 step creation still disabled, retrying (Requested nodes are busy)
srun: Job 10294696 step creation still disabled, retrying (Requested nodes are busy)
srun: Job 10294696 step creation still disabled, retrying (Requested nodes are busy)
srun: Step created for StepId=10294696.13
2024-09-09 04:56:28.289776: I tensorflow/core/common_runtime/gpu/gpu_device.cc:1613] Created device /job:localhost/replica:0/task:0/device:GPU:0 with 38364 MB memory:  -> device: 0, name: NVIDIA A100-SXM4-40GB, pci bus id: 0000:03:00.0, compute capability: 8.0
2024-09-09 04:56:28.291745: I tensorflow/core/common_runtime/gpu/gpu_device.cc:1613] Created device /job:localhost/replica:0/task:0/device:GPU:1 with 38364 MB memory:  -> device: 1, name: NVIDIA A100-SXM4-40GB, pci bus id: 0000:44:00.0, compute capability: 8.0
2024-09-09 04:56:28.295199: I tensorflow/core/common_runtime/gpu/gpu_device.cc:1613] Created device /job:localhost/replica:0/task:0/device:GPU:2 with 38364 MB memory:  -> device: 2, name: NVIDIA A100-SXM4-40GB, pci bus id: 0000:84:00.0, compute capability: 8.0
2024-09-09 04:56:28.297485: I tensorflow/core/common_runtime/gpu/gpu_device.cc:1613] Created device /job:localhost/replica:0/task:0/device:GPU:3 with 38364 MB memory:  -> device: 3, name: NVIDIA A100-SXM4-40GB, pci bus id: 0000:c4:00.0, compute capability: 8.0
2024-09-09 04:56:47.916555: I tensorflow/compiler/xla/stream_executor/cuda/cuda_dnn.cc:428] Loaded cuDNN version 8600
2024-09-09 04:56:48.386147: I tensorflow/compiler/xla/stream_executor/cuda/cuda_blas.cc:630] TensorFloat-32 will be used for the matrix multiplication. This will only be logged once.
2024-09-09 04:56:48.653630: I tensorflow/compiler/xla/service/service.cc:173] XLA service 0x64ec0e60 initialized for platform CUDA (this does not guarantee that XLA will be used). Devices:
2024-09-09 04:56:48.653682: I tensorflow/compiler/xla/service/service.cc:181]   StreamExecutor device (0): NVIDIA A100-SXM4-40GB, Compute Capability 8.0
2024-09-09 04:56:48.653689: I tensorflow/compiler/xla/service/service.cc:181]   StreamExecutor device (1): NVIDIA A100-SXM4-40GB, Compute Capability 8.0
2024-09-09 04:56:48.653695: I tensorflow/compiler/xla/service/service.cc:181]   StreamExecutor device (2): NVIDIA A100-SXM4-40GB, Compute Capability 8.0
2024-09-09 04:56:48.653701: I tensorflow/compiler/xla/service/service.cc:181]   StreamExecutor device (3): NVIDIA A100-SXM4-40GB, Compute Capability 8.0
2024-09-09 04:56:48.658791: I tensorflow/compiler/mlir/tensorflow/utils/dump_mlir_util.cc:268] disabling MLIR crash reproducer, set env var `MLIR_CRASH_REPRODUCER_DIRECTORY` to enable.
2024-09-09 04:56:48.823071: I tensorflow/compiler/jit/xla_compilation_cache.cc:477] Compiled cluster using XLA!  This line is logged at most once for the lifetime of the process.
srun: Job 10294696 step creation still disabled, retrying (Requested nodes are busy)
srun: Job 10294696 step creation still disabled, retrying (Requested nodes are busy)
srun: Job 10294696 step creation still disabled, retrying (Requested nodes are busy)
srun: Job 10294696 step creation still disabled, retrying (Requested nodes are busy)
srun: Job 10294696 step creation still disabled, retrying (Requested nodes are busy)
srun: Job 10294696 step creation still disabled, retrying (Requested nodes are busy)
srun: Job 10294696 step creation still disabled, retrying (Requested nodes are busy)
srun: Job 10294696 step creation still disabled, retrying (Requested nodes are busy)
srun: Step created for StepId=10294696.14
2024-09-09 05:03:25.005899: I tensorflow/core/common_runtime/gpu/gpu_device.cc:1613] Created device /job:localhost/replica:0/task:0/device:GPU:0 with 38364 MB memory:  -> device: 0, name: NVIDIA A100-SXM4-40GB, pci bus id: 0000:03:00.0, compute capability: 8.0
2024-09-09 05:03:25.008788: I tensorflow/core/common_runtime/gpu/gpu_device.cc:1613] Created device /job:localhost/replica:0/task:0/device:GPU:1 with 38364 MB memory:  -> device: 1, name: NVIDIA A100-SXM4-40GB, pci bus id: 0000:44:00.0, compute capability: 8.0
2024-09-09 05:03:25.011539: I tensorflow/core/common_runtime/gpu/gpu_device.cc:1613] Created device /job:localhost/replica:0/task:0/device:GPU:2 with 38364 MB memory:  -> device: 2, name: NVIDIA A100-SXM4-40GB, pci bus id: 0000:84:00.0, compute capability: 8.0
2024-09-09 05:03:25.013059: I tensorflow/core/common_runtime/gpu/gpu_device.cc:1613] Created device /job:localhost/replica:0/task:0/device:GPU:3 with 38364 MB memory:  -> device: 3, name: NVIDIA A100-SXM4-40GB, pci bus id: 0000:c4:00.0, compute capability: 8.0
2024-09-09 05:03:44.655382: I tensorflow/compiler/xla/stream_executor/cuda/cuda_dnn.cc:428] Loaded cuDNN version 8600
2024-09-09 05:03:45.137795: I tensorflow/compiler/xla/stream_executor/cuda/cuda_blas.cc:630] TensorFloat-32 will be used for the matrix multiplication. This will only be logged once.
2024-09-09 05:03:45.370656: I tensorflow/compiler/xla/service/service.cc:173] XLA service 0x147fc364d050 initialized for platform CUDA (this does not guarantee that XLA will be used). Devices:
2024-09-09 05:03:45.370706: I tensorflow/compiler/xla/service/service.cc:181]   StreamExecutor device (0): NVIDIA A100-SXM4-40GB, Compute Capability 8.0
2024-09-09 05:03:45.370713: I tensorflow/compiler/xla/service/service.cc:181]   StreamExecutor device (1): NVIDIA A100-SXM4-40GB, Compute Capability 8.0
2024-09-09 05:03:45.370720: I tensorflow/compiler/xla/service/service.cc:181]   StreamExecutor device (2): NVIDIA A100-SXM4-40GB, Compute Capability 8.0
2024-09-09 05:03:45.370726: I tensorflow/compiler/xla/service/service.cc:181]   StreamExecutor device (3): NVIDIA A100-SXM4-40GB, Compute Capability 8.0
2024-09-09 05:03:45.375807: I tensorflow/compiler/mlir/tensorflow/utils/dump_mlir_util.cc:268] disabling MLIR crash reproducer, set env var `MLIR_CRASH_REPRODUCER_DIRECTORY` to enable.
2024-09-09 05:03:45.538551: I tensorflow/compiler/jit/xla_compilation_cache.cc:477] Compiled cluster using XLA!  This line is logged at most once for the lifetime of the process.
srun: Job 10294696 step creation still disabled, retrying (Requested nodes are busy)
srun: Job 10294696 step creation still disabled, retrying (Requested nodes are busy)
srun: Job 10294696 step creation still disabled, retrying (Requested nodes are busy)
srun: Job 10294696 step creation still disabled, retrying (Requested nodes are busy)
srun: Job 10294696 step creation still disabled, retrying (Requested nodes are busy)
srun: Job 10294696 step creation still disabled, retrying (Requested nodes are busy)
srun: Step created for StepId=10294696.15
2024-09-09 05:14:34.695483: I tensorflow/core/common_runtime/gpu/gpu_device.cc:1613] Created device /job:localhost/replica:0/task:0/device:GPU:0 with 38364 MB memory:  -> device: 0, name: NVIDIA A100-SXM4-40GB, pci bus id: 0000:03:00.0, compute capability: 8.0
2024-09-09 05:14:34.699050: I tensorflow/core/common_runtime/gpu/gpu_device.cc:1613] Created device /job:localhost/replica:0/task:0/device:GPU:1 with 38364 MB memory:  -> device: 1, name: NVIDIA A100-SXM4-40GB, pci bus id: 0000:44:00.0, compute capability: 8.0
2024-09-09 05:14:34.700756: I tensorflow/core/common_runtime/gpu/gpu_device.cc:1613] Created device /job:localhost/replica:0/task:0/device:GPU:2 with 38364 MB memory:  -> device: 2, name: NVIDIA A100-SXM4-40GB, pci bus id: 0000:84:00.0, compute capability: 8.0
2024-09-09 05:14:34.703165: I tensorflow/core/common_runtime/gpu/gpu_device.cc:1613] Created device /job:localhost/replica:0/task:0/device:GPU:3 with 38364 MB memory:  -> device: 3, name: NVIDIA A100-SXM4-40GB, pci bus id: 0000:c4:00.0, compute capability: 8.0
2024-09-09 05:14:54.238365: I tensorflow/compiler/xla/stream_executor/cuda/cuda_dnn.cc:428] Loaded cuDNN version 8600
2024-09-09 05:14:54.758908: I tensorflow/compiler/xla/stream_executor/cuda/cuda_blas.cc:630] TensorFloat-32 will be used for the matrix multiplication. This will only be logged once.
2024-09-09 05:14:55.060459: I tensorflow/compiler/xla/service/service.cc:173] XLA service 0x152c93912e00 initialized for platform CUDA (this does not guarantee that XLA will be used). Devices:
2024-09-09 05:14:55.060517: I tensorflow/compiler/xla/service/service.cc:181]   StreamExecutor device (0): NVIDIA A100-SXM4-40GB, Compute Capability 8.0
2024-09-09 05:14:55.060524: I tensorflow/compiler/xla/service/service.cc:181]   StreamExecutor device (1): NVIDIA A100-SXM4-40GB, Compute Capability 8.0
2024-09-09 05:14:55.060532: I tensorflow/compiler/xla/service/service.cc:181]   StreamExecutor device (2): NVIDIA A100-SXM4-40GB, Compute Capability 8.0
2024-09-09 05:14:55.060539: I tensorflow/compiler/xla/service/service.cc:181]   StreamExecutor device (3): NVIDIA A100-SXM4-40GB, Compute Capability 8.0
2024-09-09 05:14:55.065752: I tensorflow/compiler/mlir/tensorflow/utils/dump_mlir_util.cc:268] disabling MLIR crash reproducer, set env var `MLIR_CRASH_REPRODUCER_DIRECTORY` to enable.
2024-09-09 05:14:55.230037: I tensorflow/compiler/jit/xla_compilation_cache.cc:477] Compiled cluster using XLA!  This line is logged at most once for the lifetime of the process.
