rm: cannot remove '/p/scratch/cesmtst/patakchiyousefi1/FORECASTLEAD_CESMTST_SCRATCH/TRAIN_FILES/*': No such file or directory
rm: cannot remove '/p/scratch/cesmtst/patakchiyousefi1/FORECASTLEAD_CESMTST_SCRATCH/PRODUCE_FILES/*': No such file or directory
rm: cannot remove 'scaling_info.csv': No such file or directory
srun: Job 10334866 step creation temporarily disabled, retrying (Requested nodes are busy)
srun: Job 10334866 step creation temporarily disabled, retrying (Requested nodes are busy)
srun: Job 10334866 step creation temporarily disabled, retrying (Requested nodes are busy)
srun: Job 10334866 step creation temporarily disabled, retrying (Requested nodes are busy)
srun: Job 10334866 step creation temporarily disabled, retrying (Requested nodes are busy)
srun: Job 10334866 step creation still disabled, retrying (Requested nodes are busy)
srun: Job 10334866 step creation still disabled, retrying (Requested nodes are busy)
srun: Job 10334866 step creation still disabled, retrying (Requested nodes are busy)
srun: Job 10334866 step creation still disabled, retrying (Requested nodes are busy)
srun: Job 10334866 step creation still disabled, retrying (Requested nodes are busy)
srun: Step created for StepId=10334866.4
srun: Job 10334866 step creation still disabled, retrying (Requested nodes are busy)
srun: Job 10334866 step creation still disabled, retrying (Requested nodes are busy)
srun: Job 10334866 step creation still disabled, retrying (Requested nodes are busy)
srun: Job 10334866 step creation still disabled, retrying (Requested nodes are busy)
srun: Job 10334866 step creation still disabled, retrying (Requested nodes are busy)
srun: Job 10334866 step creation still disabled, retrying (Requested nodes are busy)
srun: Job 10334866 step creation still disabled, retrying (Requested nodes are busy)
srun: Job 10334866 step creation still disabled, retrying (Requested nodes are busy)
srun: Step created for StepId=10334866.5
srun: Job 10334866 step creation still disabled, retrying (Requested nodes are busy)
srun: Job 10334866 step creation still disabled, retrying (Requested nodes are busy)
srun: Job 10334866 step creation still disabled, retrying (Requested nodes are busy)
srun: Step created for StepId=10334866.6
srun: Job 10334866 step creation still disabled, retrying (Requested nodes are busy)
srun: Job 10334866 step creation still disabled, retrying (Requested nodes are busy)
srun: Step created for StepId=10334866.7
srun: Job 10334866 step creation still disabled, retrying (Requested nodes are busy)
srun: Step created for StepId=10334866.8
error: *** job 10334866 CANCELLED DUE TO TIME LIMIT ***
error: *** step 10334866.2 CANCELLED DUE TO TIME LIMIT ***
srun: Job step aborted: Waiting up to 6 seconds for job step to finish.
srun: forcing job termination
