All necessary directories have been created or already exist.
Setting hyperparameters for day02.csv ...
Using hyperparameters for lead day day02.csv - LR: 1e-05, BS: 4, DROPOUT: 0.0, UNET_TYPE: unet-s
Running DL_PREDICT.py for day02 with LR: 1e-05, BS: 4, DROPOUT: 0.0 ...
Setting hyperparameters for day03.csv ...
Using hyperparameters for lead day day03.csv - LR: 0.0001, BS: 8, DROPOUT: 0.0, UNET_TYPE: unet-l
Running DL_PREDICT.py for day03 with LR: 0.0001, BS: 8, DROPOUT: 0.0 ...
Setting hyperparameters for day04.csv ...
Using hyperparameters for lead day day04.csv - LR: 0.001, BS: 2, DROPOUT: 0.0, UNET_TYPE: unet-l
Running DL_PREDICT.py for day04 with LR: 0.001, BS: 2, DROPOUT: 0.0 ...
Setting hyperparameters for day05.csv ...
Using hyperparameters for lead day day05.csv - LR: 0.0001, BS: 4, DROPOUT: 0.0, UNET_TYPE: unet-m
Running DL_PREDICT.py for day05 with LR: 0.0001, BS: 4, DROPOUT: 0.0 ...
Setting hyperparameters for day06.csv ...
Using hyperparameters for lead day day06.csv - LR: 0.001, BS: 4, DROPOUT: 0.0, UNET_TYPE: unet-l
Running DL_PREDICT.py for day06 with LR: 0.001, BS: 4, DROPOUT: 0.0 ...
Setting hyperparameters for day07.csv ...
Using hyperparameters for lead day day07.csv - LR: 0.0001, BS: 4, DROPOUT: 0.0, UNET_TYPE: unet-m
Running DL_PREDICT.py for day07 with LR: 0.0001, BS: 4, DROPOUT: 0.0 ...
Setting hyperparameters for day08.csv ...
Using hyperparameters for lead day day08.csv - LR: 0.001, BS: 4, DROPOUT: 0.0, UNET_TYPE: unet-l
Running DL_PREDICT.py for day08 with LR: 0.001, BS: 4, DROPOUT: 0.0 ...
Setting hyperparameters for day09.csv ...
Using hyperparameters for lead day day09.csv - LR: 0.0001, BS: 1, DROPOUT: 0.0, UNET_TYPE: unet-m
Running DL_PREDICT.py for day09 with LR: 0.0001, BS: 1, DROPOUT: 0.0 ...
Setting hyperparameters for day10.csv ...
Using hyperparameters for lead day day10.csv - LR: 0.0001, BS: 1, DROPOUT: 0.0, UNET_TYPE: unet-s
Running DL_PREDICT.py for day10 with LR: 0.0001, BS: 1, DROPOUT: 0.0 ...
train_data_hourly_pr_['ADAPTER_DE05.day02.merged.nc']_['ADAPTER_DE05.day01.merged.nc']_MM_6__spatiotemporal_128.256_2018-01-01T13_2022-12-31T23_no_na_land
Loading production data...
Predicting the mismatches ...
13137/13137 - 53s - 53s/epoch - 4ms/step
train_data_hourly_pr_['ADAPTER_DE05.day03.merged.nc']_['ADAPTER_DE05.day01.merged.nc']_MM_6__spatiotemporal_128.256_2018-01-01T13_2022-12-31T23_no_na_land
Loading production data...
Predicting the mismatches ...
6566/6566 - 74s - 74s/epoch - 11ms/step
train_data_hourly_pr_['ADAPTER_DE05.day08.merged.nc']_['ADAPTER_DE05.day01.merged.nc']_MM_6__spatiotemporal_128.256_2018-01-01T13_2022-12-31T23_no_na_land
Loading production data...
Predicting the mismatches ...
2183/2183 - 16s - 16s/epoch - 7ms/step
train_data_hourly_pr_['ADAPTER_DE05.day04.merged.nc']_['ADAPTER_DE05.day01.merged.nc']_MM_6__spatiotemporal_128.256_2018-01-01T13_2022-12-31T23_no_na_land
Loading production data...
Predicting the mismatches ...
21875/21875 - 87s - 87s/epoch - 4ms/step
train_data_hourly_pr_['ADAPTER_DE05.day06.merged.nc']_['ADAPTER_DE05.day01.merged.nc']_MM_6__spatiotemporal_128.256_2018-01-01T13_2022-12-31T23_no_na_land
Loading production data...
Predicting the mismatches ...
4371/4371 - 30s - 30s/epoch - 7ms/step
train_data_hourly_pr_['ADAPTER_DE05.day09.merged.nc']_['ADAPTER_DE05.day01.merged.nc']_MM_6__spatiotemporal_128.256_2018-01-01T13_2022-12-31T23_no_na_land
Loading production data...
Predicting the mismatches ...
8728/8728 - 18s - 18s/epoch - 2ms/step
train_data_hourly_pr_['ADAPTER_DE05.day07.merged.nc']_['ADAPTER_DE05.day01.merged.nc']_MM_6__spatiotemporal_128.256_2018-01-01T13_2022-12-31T23_no_na_land
Loading production data...
Predicting the mismatches ...
2184/2184 - 13s - 13s/epoch - 6ms/step
train_data_hourly_pr_['ADAPTER_DE05.day05.merged.nc']_['ADAPTER_DE05.day01.merged.nc']_MM_6__spatiotemporal_128.256_2018-01-01T13_2022-12-31T23_no_na_land
Loading production data...
Predicting the mismatches ...
4373/4373 - 24s - 24s/epoch - 5ms/step
train_data_hourly_pr_['ADAPTER_DE05.day10.merged.nc']_['ADAPTER_DE05.day01.merged.nc']_MM_6__spatiotemporal_128.256_2018-01-01T13_2022-12-31T23_no_na_land
Loading production data...
Predicting the mismatches ...
8724/8724 - 14s - 14s/epoch - 2ms/step
indices_T07 doesn't exist for2018-01-01T00:00:00.000000000
