All necessary directories have been created or already exist.
Step 4) Create datasets for each YYYYMMDD and temporal resolution (hourly, three-hourly, and six-hourly)
Number of files to process with CDO: 90
cdo(1) divc: Process started
cdo(2) setattribute: Process started
cdo(3) chname: Process started
cdo(4) mergetime: Process started
cdo(4) mergetime: Processed 2205000 values from 90 variables over 90 timesteps.
cdo(3) chname: Processed 2205000 values from 1 variable over 90 timesteps.
cdo(2) setattribute: Processed 2205000 values from 1 variable over 90 timesteps.
cdo(1) divc: Processed 2205000 values from 1 variable over 90 timesteps.
cdo    timcumsum: Processed 2205000 values from 1 variable over 90 timesteps [1.68s 73MB].
cdo(1) seltimestep: Process started
cdo(2) shifttime: Process started
cdo(3) copy: Process started
cdo(3) copy: Processed 2205000 values from 1 variable over 90 timesteps.
cdo(2) shifttime: Processed 2205000 values from 1 variable over 90 timesteps.
cdo(1) seltimestep: Processed 24500 values from 1 variable over 2 timesteps.
cdo    mulc: Processed 24500 values from 1 variable over 1 timestep [0.06s 30MB].
cdo    mergetime: Processed 2229500 values from 2 variables over 91 timesteps [0.07s 31MB].
cdo    replace: Processed 20065500 values from 10 variables over 182 timesteps [0.59s 96MB].
0-90 is done
Number of files to process with CDO: 19
cdo(1) divc: Process started
cdo(2) setattribute: Process started
cdo(3) chname: Process started
cdo(4) mergetime: Process started
cdo(4) mergetime: Processed 465500 values from 19 variables over 19 timesteps.
cdo(3) chname: Processed 465500 values from 1 variable over 19 timesteps.
cdo(2) setattribute: Processed 465500 values from 1 variable over 19 timesteps.
cdo(1) divc: Processed 465500 values from 1 variable over 19 timesteps.
cdo    seltimestep: Processed 441000 values from 1 variable over 19 timesteps [0.39s 30MB].
cdo(1) copy: Process started
cdo(1) copy: Processed 2229500 values from 1 variable over 91 timesteps.
cdo    seltimestep: Processed 24500 values from 1 variable over 91 timesteps [0.03s 30MB].
cdo(1) mergetime: Process started
cdo(1) mergetime: Processed 465500 values from 2 variables over 19 timesteps.
cdo    timcumsum: Processed 465500 values from 1 variable over 19 timesteps [0.02s 18MB].
cdo    replace: Processed 4189500 values from 10 variables over 38 timesteps [0.13s 28MB].
90-144 is done
Number of files to process with CDO: 17
cdo(1) divc: Process started
cdo(2) setattribute: Process started
cdo(3) chname: Process started
cdo(4) mergetime: Process started
cdo(4) mergetime: Processed 416500 values from 17 variables over 17 timesteps.
cdo(3) chname: Processed 416500 values from 1 variable over 17 timesteps.
cdo(2) setattribute: Processed 416500 values from 1 variable over 17 timesteps.
cdo(1) divc: Processed 416500 values from 1 variable over 17 timesteps.
cdo    seltimestep: Processed 392000 values from 1 variable over 17 timesteps [0.34s 30MB].
cdo(1) copy: Process started
cdo(1) copy: Processed 465500 values from 1 variable over 19 timesteps.
cdo    seltimestep: Processed 24500 values from 1 variable over 19 timesteps [0.01s 17MB].
cdo(1) mergetime: Process started
cdo(1) mergetime: Processed 416500 values from 2 variables over 17 timesteps.
cdo    timcumsum: Processed 416500 values from 1 variable over 17 timesteps [0.02s 18MB].
cdo    replace: Processed 3748500 values from 10 variables over 34 timesteps [0.13s 27MB].
20230301 13 processed!
Number of files to process with CDO: 90
cdo(1) divc: Process started
cdo(2) setattribute: Process started
cdo(3) chname: Process started
cdo(4) mergetime: Process started
cdo(4) mergetime: Processed 2205000 values from 90 variables over 90 timesteps.
cdo(3) chname: Processed 2205000 values from 1 variable over 90 timesteps.
cdo(2) setattribute: Processed 2205000 values from 1 variable over 90 timesteps.
cdo(1) divc: Processed 2205000 values from 1 variable over 90 timesteps.
cdo    timcumsum: Processed 2205000 values from 1 variable over 90 timesteps [1.74s 73MB].
cdo(1) seltimestep: Process started
cdo(2) shifttime: Process started
cdo(3) copy: Process started
cdo(3) copy: Processed 2205000 values from 1 variable over 90 timesteps.
cdo(2) shifttime: Processed 2205000 values from 1 variable over 90 timesteps.
cdo(1) seltimestep: Processed 24500 values from 1 variable over 2 timesteps.
cdo    mulc: Processed 24500 values from 1 variable over 1 timestep [0.04s 30MB].
cdo    mergetime: Processed 2229500 values from 2 variables over 91 timesteps [0.06s 32MB].
cdo    replace: Processed 20065500 values from 10 variables over 182 timesteps [0.44s 97MB].
0-90 is done
Number of files to process with CDO: 19
cdo(1) divc: Process started
cdo(2) setattribute: Process started
cdo(3) chname: Process started
cdo(4) mergetime: Process started
cdo(4) mergetime: Processed 465500 values from 19 variables over 19 timesteps.
cdo(3) chname: Processed 465500 values from 1 variable over 19 timesteps.
cdo(2) setattribute: Processed 465500 values from 1 variable over 19 timesteps.
cdo(1) divc: Processed 465500 values from 1 variable over 19 timesteps.
cdo    seltimestep: Processed 441000 values from 1 variable over 19 timesteps [0.36s 30MB].
cdo(1) copy: Process started
cdo(1) copy: Processed 2229500 values from 1 variable over 91 timesteps.
cdo    seltimestep: Processed 24500 values from 1 variable over 91 timesteps [0.03s 30MB].
cdo(1) mergetime: Process started
cdo(1) mergetime: Processed 465500 values from 2 variables over 19 timesteps.
cdo    timcumsum: Processed 465500 values from 1 variable over 19 timesteps [0.02s 18MB].
cdo    replace: Processed 4189500 values from 10 variables over 38 timesteps [0.14s 28MB].
90-144 is done
Number of files to process with CDO: 17
cdo(1) divc: Process started
cdo(2) setattribute: Process started
cdo(3) chname: Process started
cdo(4) mergetime: Process started
cdo(4) mergetime: Processed 416500 values from 17 variables over 17 timesteps.
cdo(3) chname: Processed 416500 values from 1 variable over 17 timesteps.
cdo(2) setattribute: Processed 416500 values from 1 variable over 17 timesteps.
cdo(1) divc: Processed 416500 values from 1 variable over 17 timesteps.
cdo    seltimestep: Processed 392000 values from 1 variable over 17 timesteps [0.35s 28MB].
cdo(1) copy: Process started
cdo(1) copy: Processed 465500 values from 1 variable over 19 timesteps.
cdo    seltimestep: Processed 24500 values from 1 variable over 19 timesteps [0.01s 18MB].
cdo(1) mergetime: Process started
cdo(1) mergetime: Processed 416500 values from 2 variables over 17 timesteps.
cdo    timcumsum: Processed 416500 values from 1 variable over 17 timesteps [0.02s 18MB].
cdo    replace: Processed 3748500 values from 10 variables over 34 timesteps [0.14s 26MB].
Thu Mar 2 01:00:00 PM CET 2023 processed!
Number of files to process with CDO: 90
cdo(1) divc: Process started
cdo(2) setattribute: Process started
cdo(3) chname: Process started
cdo(4) mergetime: Process started
cdo(4) mergetime: Processed 2205000 values from 90 variables over 90 timesteps.
cdo(3) chname: Processed 2205000 values from 1 variable over 90 timesteps.
cdo(2) setattribute: Processed 2205000 values from 1 variable over 90 timesteps.
cdo(1) divc: Processed 2205000 values from 1 variable over 90 timesteps.
cdo    timcumsum: Processed 2205000 values from 1 variable over 90 timesteps [1.70s 75MB].
cdo(1) seltimestep: Process started
cdo(2) shifttime: Process started
cdo(3) copy: Process started
cdo(3) copy: Processed 2205000 values from 1 variable over 90 timesteps.
cdo(2) shifttime: Processed 2205000 values from 1 variable over 90 timesteps.
cdo(1) seltimestep: Processed 24500 values from 1 variable over 2 timesteps.
cdo    mulc: Processed 24500 values from 1 variable over 1 timestep [0.04s 30MB].
cdo    mergetime: Processed 2229500 values from 2 variables over 91 timesteps [0.06s 32MB].
cdo    replace: Processed 20065500 values from 10 variables over 182 timesteps [0.47s 97MB].
0-90 is done
Number of files to process with CDO: 19
cdo(1) divc: Process started
cdo(2) setattribute: Process started
cdo(3) chname: Process started
cdo(4) mergetime: Process started
cdo(4) mergetime: Processed 465500 values from 19 variables over 19 timesteps.
cdo(3) chname: Processed 465500 values from 1 variable over 19 timesteps.
cdo(2) setattribute: Processed 465500 values from 1 variable over 19 timesteps.
cdo(1) divc: Processed 465500 values from 1 variable over 19 timesteps.
cdo    seltimestep: Processed 441000 values from 1 variable over 19 timesteps [0.41s 30MB].
cdo(1) copy: Process started
cdo(1) copy: Processed 2229500 values from 1 variable over 91 timesteps.
cdo    seltimestep: Processed 24500 values from 1 variable over 91 timesteps [0.03s 30MB].
cdo(1) mergetime: Process started
cdo(1) mergetime: Processed 465500 values from 2 variables over 19 timesteps.
cdo    timcumsum: Processed 465500 values from 1 variable over 19 timesteps [0.03s 18MB].
cdo    replace: Processed 4189500 values from 10 variables over 38 timesteps [0.13s 29MB].
90-144 is done
Number of files to process with CDO: 17
cdo(1) divc: Process started
cdo(2) setattribute: Process started
cdo(3) chname: Process started
cdo(4) mergetime: Process started
cdo(4) mergetime: Processed 416500 values from 17 variables over 17 timesteps.
cdo(3) chname: Processed 416500 values from 1 variable over 17 timesteps.
cdo(2) setattribute: Processed 416500 values from 1 variable over 17 timesteps.
cdo(1) divc: Processed 416500 values from 1 variable over 17 timesteps.
cdo    seltimestep: Processed 392000 values from 1 variable over 17 timesteps [0.34s 28MB].
cdo(1) copy: Process started
cdo(1) copy: Processed 465500 values from 1 variable over 19 timesteps.
cdo    seltimestep: Processed 24500 values from 1 variable over 19 timesteps [0.01s 16MB].
cdo(1) mergetime: Process started
cdo(1) mergetime: Processed 416500 values from 2 variables over 17 timesteps.
cdo    timcumsum: Processed 416500 values from 1 variable over 17 timesteps [0.02s 18MB].
cdo    replace: Processed 3748500 values from 10 variables over 34 timesteps [0.11s 26MB].
Fri Mar 3 01:00:00 PM CET 2023 processed!
Number of files to process with CDO: 90
cdo(1) divc: Process started
cdo(2) setattribute: Process started
cdo(3) chname: Process started
cdo(4) mergetime: Process started
cdo(4) mergetime: Processed 2205000 values from 90 variables over 90 timesteps.
cdo(3) chname: Processed 2205000 values from 1 variable over 90 timesteps.
cdo(2) setattribute: Processed 2205000 values from 1 variable over 90 timesteps.
cdo(1) divc: Processed 2205000 values from 1 variable over 90 timesteps.
cdo    timcumsum: Processed 2205000 values from 1 variable over 90 timesteps [1.75s 75MB].
cdo(1) seltimestep: Process started
cdo(2) shifttime: Process started
cdo(3) copy: Process started
cdo(3) copy: Processed 2205000 values from 1 variable over 90 timesteps.
cdo(2) shifttime: Processed 2205000 values from 1 variable over 90 timesteps.
cdo(1) seltimestep: Processed 24500 values from 1 variable over 2 timesteps.
cdo    mulc: Processed 24500 values from 1 variable over 1 timestep [0.04s 30MB].
cdo    mergetime: Processed 2229500 values from 2 variables over 91 timesteps [0.06s 31MB].
cdo    replace: Processed 20065500 values from 10 variables over 182 timesteps [0.43s 98MB].
0-90 is done
Number of files to process with CDO: 19
cdo(1) divc: Process started
cdo(2) setattribute: Process started
cdo(3) chname: Process started
cdo(4) mergetime: Process started
cdo(4) mergetime: Processed 465500 values from 19 variables over 19 timesteps.
cdo(3) chname: Processed 465500 values from 1 variable over 19 timesteps.
cdo(2) setattribute: Processed 465500 values from 1 variable over 19 timesteps.
cdo(1) divc: Processed 465500 values from 1 variable over 19 timesteps.
cdo    seltimestep: Processed 441000 values from 1 variable over 19 timesteps [0.37s 30MB].
cdo(1) copy: Process started
cdo(1) copy: Processed 2229500 values from 1 variable over 91 timesteps.
cdo    seltimestep: Processed 24500 values from 1 variable over 91 timesteps [0.03s 31MB].
cdo(1) mergetime: Process started
cdo(1) mergetime: Processed 465500 values from 2 variables over 19 timesteps.
cdo    timcumsum: Processed 465500 values from 1 variable over 19 timesteps [0.03s 18MB].
cdo    replace: Processed 4189500 values from 10 variables over 38 timesteps [0.12s 31MB].
90-144 is done
Number of files to process with CDO: 17
cdo(1) divc: Process started
cdo(2) setattribute: Process started
cdo(3) chname: Process started
cdo(4) mergetime: Process started
cdo(4) mergetime: Processed 416500 values from 17 variables over 17 timesteps.
cdo(3) chname: Processed 416500 values from 1 variable over 17 timesteps.
cdo(2) setattribute: Processed 416500 values from 1 variable over 17 timesteps.
cdo(1) divc: Processed 416500 values from 1 variable over 17 timesteps.
cdo    seltimestep: Processed 392000 values from 1 variable over 17 timesteps [0.34s 28MB].
cdo(1) copy: Process started
cdo(1) copy: Processed 465500 values from 1 variable over 19 timesteps.
cdo    seltimestep: Processed 24500 values from 1 variable over 19 timesteps [0.01s 16MB].
cdo(1) mergetime: Process started
cdo(1) mergetime: Processed 416500 values from 2 variables over 17 timesteps.
cdo    timcumsum: Processed 416500 values from 1 variable over 17 timesteps [0.02s 18MB].
cdo    replace: Processed 3748500 values from 10 variables over 34 timesteps [0.13s 27MB].
Sat Mar 4 01:00:00 PM CET 2023 processed!
Number of files to process with CDO: 90
cdo(1) divc: Process started
cdo(2) setattribute: Process started
cdo(3) chname: Process started
cdo(4) mergetime: Process started
cdo(4) mergetime: Processed 2205000 values from 90 variables over 90 timesteps.
cdo(3) chname: Processed 2205000 values from 1 variable over 90 timesteps.
cdo(2) setattribute: Processed 2205000 values from 1 variable over 90 timesteps.
cdo(1) divc: Processed 2205000 values from 1 variable over 90 timesteps.
cdo    timcumsum: Processed 2205000 values from 1 variable over 90 timesteps [1.66s 73MB].
cdo(1) seltimestep: Process started
cdo(2) shifttime: Process started
cdo(3) copy: Process started
cdo(3) copy: Processed 2205000 values from 1 variable over 90 timesteps.
cdo(2) shifttime: Processed 2205000 values from 1 variable over 90 timesteps.
cdo(1) seltimestep: Processed 24500 values from 1 variable over 2 timesteps.
cdo    mulc: Processed 24500 values from 1 variable over 1 timestep [0.04s 30MB].
cdo    mergetime: Processed 2229500 values from 2 variables over 91 timesteps [0.07s 31MB].
cdo    replace: Processed 20065500 values from 10 variables over 182 timesteps [0.45s 96MB].
0-90 is done
Number of files to process with CDO: 19
cdo(1) divc: Process started
cdo(2) setattribute: Process started
cdo(3) chname: Process started
cdo(4) mergetime: Process started
cdo(4) mergetime: Processed 465500 values from 19 variables over 19 timesteps.
cdo(3) chname: Processed 465500 values from 1 variable over 19 timesteps.
cdo(2) setattribute: Processed 465500 values from 1 variable over 19 timesteps.
cdo(1) divc: Processed 465500 values from 1 variable over 19 timesteps.
cdo    seltimestep: Processed 441000 values from 1 variable over 19 timesteps [0.36s 30MB].
cdo(1) copy: Process started
cdo(1) copy: Processed 2229500 values from 1 variable over 91 timesteps.
cdo    seltimestep: Processed 24500 values from 1 variable over 91 timesteps [0.03s 30MB].
cdo(1) mergetime: Process started
cdo(1) mergetime: Processed 465500 values from 2 variables over 19 timesteps.
cdo    timcumsum: Processed 465500 values from 1 variable over 19 timesteps [0.02s 18MB].
cdo    replace: Processed 4189500 values from 10 variables over 38 timesteps [0.13s 27MB].
90-144 is done
Number of files to process with CDO: 17
cdo(1) divc: Process started
cdo(2) setattribute: Process started
cdo(3) chname: Process started
cdo(4) mergetime: Process started
cdo(4) mergetime: Processed 416500 values from 17 variables over 17 timesteps.
cdo(3) chname: Processed 416500 values from 1 variable over 17 timesteps.
cdo(2) setattribute: Processed 416500 values from 1 variable over 17 timesteps.
cdo(1) divc: Processed 416500 values from 1 variable over 17 timesteps.
cdo    seltimestep: Processed 392000 values from 1 variable over 17 timesteps [0.34s 28MB].
cdo(1) copy: Process started
cdo(1) copy: Processed 465500 values from 1 variable over 19 timesteps.
cdo    seltimestep: Processed 24500 values from 1 variable over 19 timesteps [0.01s 16MB].
cdo(1) mergetime: Process started
cdo(1) mergetime: Processed 416500 values from 2 variables over 17 timesteps.
cdo    timcumsum: Processed 416500 values from 1 variable over 17 timesteps [0.02s 18MB].
cdo    replace: Processed 3748500 values from 10 variables over 34 timesteps [0.11s 26MB].
Sun Mar 5 01:00:00 PM CET 2023 processed!
Number of files to process with CDO: 90
cdo(1) divc: Process started
cdo(2) setattribute: Process started
cdo(3) chname: Process started
cdo(4) mergetime: Process started
cdo(4) mergetime: Processed 2205000 values from 90 variables over 90 timesteps.
cdo(3) chname: Processed 2205000 values from 1 variable over 90 timesteps.
cdo(2) setattribute: Processed 2205000 values from 1 variable over 90 timesteps.
cdo(1) divc: Processed 2205000 values from 1 variable over 90 timesteps.
cdo    timcumsum: Processed 2205000 values from 1 variable over 90 timesteps [1.69s 73MB].
cdo(1) seltimestep: Process started
cdo(2) shifttime: Process started
cdo(3) copy: Process started
cdo(3) copy: Processed 2205000 values from 1 variable over 90 timesteps.
cdo(2) shifttime: Processed 2205000 values from 1 variable over 90 timesteps.
cdo(1) seltimestep: Processed 24500 values from 1 variable over 2 timesteps.
cdo    mulc: Processed 24500 values from 1 variable over 1 timestep [0.04s 30MB].
cdo    mergetime: Processed 2229500 values from 2 variables over 91 timesteps [0.06s 31MB].
cdo    replace: Processed 20065500 values from 10 variables over 182 timesteps [0.44s 96MB].
0-90 is done
Number of files to process with CDO: 19
cdo(1) divc: Process started
cdo(2) setattribute: Process started
cdo(3) chname: Process started
cdo(4) mergetime: Process started
cdo(4) mergetime: Processed 465500 values from 19 variables over 19 timesteps.
cdo(3) chname: Processed 465500 values from 1 variable over 19 timesteps.
cdo(2) setattribute: Processed 465500 values from 1 variable over 19 timesteps.
cdo(1) divc: Processed 465500 values from 1 variable over 19 timesteps.
cdo    seltimestep: Processed 441000 values from 1 variable over 19 timesteps [0.37s 30MB].
cdo(1) copy: Process started
cdo(1) copy: Processed 2229500 values from 1 variable over 91 timesteps.
cdo    seltimestep: Processed 24500 values from 1 variable over 91 timesteps [0.03s 30MB].
cdo(1) mergetime: Process started
cdo(1) mergetime: Processed 465500 values from 2 variables over 19 timesteps.
cdo    timcumsum: Processed 465500 values from 1 variable over 19 timesteps [0.02s 18MB].
cdo    replace: Processed 4189500 values from 10 variables over 38 timesteps [0.13s 28MB].
90-144 is done
Number of files to process with CDO: 17
cdo(1) divc: Process started
cdo(2) setattribute: Process started
cdo(3) chname: Process started
cdo(4) mergetime: Process started
cdo(4) mergetime: Processed 416500 values from 17 variables over 17 timesteps.
cdo(3) chname: Processed 416500 values from 1 variable over 17 timesteps.
cdo(2) setattribute: Processed 416500 values from 1 variable over 17 timesteps.
cdo(1) divc: Processed 416500 values from 1 variable over 17 timesteps.
cdo    seltimestep: Processed 392000 values from 1 variable over 17 timesteps [0.35s 28MB].
cdo(1) copy: Process started
cdo(1) copy: Processed 465500 values from 1 variable over 19 timesteps.
cdo    seltimestep: Processed 24500 values from 1 variable over 19 timesteps [0.01s 17MB].
cdo(1) mergetime: Process started
cdo(1) mergetime: Processed 416500 values from 2 variables over 17 timesteps.
cdo    timcumsum: Processed 416500 values from 1 variable over 17 timesteps [0.02s 18MB].
cdo    replace: Processed 3748500 values from 10 variables over 34 timesteps [0.12s 27MB].
Mon Mar 6 01:00:00 PM CET 2023 processed!
Number of files to process with CDO: 90
cdo(1) divc: Process started
cdo(2) setattribute: Process started
cdo(3) chname: Process started
cdo(4) mergetime: Process started
cdo(4) mergetime: Processed 2205000 values from 90 variables over 90 timesteps.
cdo(3) chname: Processed 2205000 values from 1 variable over 90 timesteps.
cdo(2) setattribute: Processed 2205000 values from 1 variable over 90 timesteps.
cdo(1) divc: Processed 2205000 values from 1 variable over 90 timesteps.
cdo    timcumsum: Processed 2205000 values from 1 variable over 90 timesteps [1.72s 73MB].
cdo(1) seltimestep: Process started
cdo(2) shifttime: Process started
cdo(3) copy: Process started
cdo(3) copy: Processed 2205000 values from 1 variable over 90 timesteps.
cdo(2) shifttime: Processed 2205000 values from 1 variable over 90 timesteps.
cdo(1) seltimestep: Processed 24500 values from 1 variable over 2 timesteps.
cdo    mulc: Processed 24500 values from 1 variable over 1 timestep [0.04s 29MB].
cdo    mergetime: Processed 2229500 values from 2 variables over 91 timesteps [0.06s 32MB].
cdo    replace: Processed 20065500 values from 10 variables over 182 timesteps [0.43s 96MB].
0-90 is done
Number of files to process with CDO: 19
cdo(1) divc: Process started
cdo(2) setattribute: Process started
cdo(3) chname: Process started
cdo(4) mergetime: Process started
cdo(4) mergetime: Processed 465500 values from 19 variables over 19 timesteps.
cdo(3) chname: Processed 465500 values from 1 variable over 19 timesteps.
cdo(2) setattribute: Processed 465500 values from 1 variable over 19 timesteps.
cdo(1) divc: Processed 465500 values from 1 variable over 19 timesteps.
cdo    seltimestep: Processed 441000 values from 1 variable over 19 timesteps [0.41s 30MB].
cdo(1) copy: Process started
cdo(1) copy: Processed 2229500 values from 1 variable over 91 timesteps.
cdo    seltimestep: Processed 24500 values from 1 variable over 91 timesteps [0.03s 30MB].
cdo(1) mergetime: Process started
cdo(1) mergetime: Processed 465500 values from 2 variables over 19 timesteps.
cdo    timcumsum: Processed 465500 values from 1 variable over 19 timesteps [0.02s 18MB].
cdo    replace: Processed 4189500 values from 10 variables over 38 timesteps [0.14s 29MB].
90-144 is done
Number of files to process with CDO: 17
cdo(1) divc: Process started
cdo(2) setattribute: Process started
cdo(3) chname: Process started
cdo(4) mergetime: Process started
cdo(4) mergetime: Processed 416500 values from 17 variables over 17 timesteps.
cdo(3) chname: Processed 416500 values from 1 variable over 17 timesteps.
cdo(2) setattribute: Processed 416500 values from 1 variable over 17 timesteps.
cdo(1) divc: Processed 416500 values from 1 variable over 17 timesteps.
cdo    seltimestep: Processed 392000 values from 1 variable over 17 timesteps [0.35s 28MB].
cdo(1) copy: Process started
cdo(1) copy: Processed 465500 values from 1 variable over 19 timesteps.
cdo    seltimestep: Processed 24500 values from 1 variable over 19 timesteps [0.01s 16MB].
cdo(1) mergetime: Process started
cdo(1) mergetime: Processed 416500 values from 2 variables over 17 timesteps.
cdo    timcumsum: Processed 416500 values from 1 variable over 17 timesteps [0.02s 18MB].
cdo    replace: Processed 3748500 values from 10 variables over 34 timesteps [0.12s 26MB].
Tue Mar 7 01:00:00 PM CET 2023 processed!
Number of files to process with CDO: 90
cdo(1) divc: Process started
cdo(2) setattribute: Process started
cdo(3) chname: Process started
cdo(4) mergetime: Process started
cdo(4) mergetime: Processed 2205000 values from 90 variables over 90 timesteps.
cdo(3) chname: Processed 2205000 values from 1 variable over 90 timesteps.
cdo(2) setattribute: Processed 2205000 values from 1 variable over 90 timesteps.
cdo(1) divc: Processed 2205000 values from 1 variable over 90 timesteps.
cdo    timcumsum: Processed 2205000 values from 1 variable over 90 timesteps [1.77s 73MB].
cdo(1) seltimestep: Process started
cdo(2) shifttime: Process started
cdo(3) copy: Process started
cdo(3) copy: Processed 2205000 values from 1 variable over 90 timesteps.
cdo(2) shifttime: Processed 2205000 values from 1 variable over 90 timesteps.
cdo(1) seltimestep: Processed 24500 values from 1 variable over 2 timesteps.
cdo    mulc: Processed 24500 values from 1 variable over 1 timestep [0.04s 31MB].
cdo    mergetime: Processed 2229500 values from 2 variables over 91 timesteps [0.06s 32MB].
cdo    replace: Processed 20065500 values from 10 variables over 182 timesteps [0.42s 96MB].
0-90 is done
Number of files to process with CDO: 19
cdo(1) divc: Process started
cdo(2) setattribute: Process started
cdo(3) chname: Process started
cdo(4) mergetime: Process started
cdo(4) mergetime: Processed 465500 values from 19 variables over 19 timesteps.
cdo(3) chname: Processed 465500 values from 1 variable over 19 timesteps.
cdo(2) setattribute: Processed 465500 values from 1 variable over 19 timesteps.
cdo(1) divc: Processed 465500 values from 1 variable over 19 timesteps.
cdo    seltimestep: Processed 441000 values from 1 variable over 19 timesteps [0.37s 30MB].
cdo(1) copy: Process started
cdo(1) copy: Processed 2229500 values from 1 variable over 91 timesteps.
cdo    seltimestep: Processed 24500 values from 1 variable over 91 timesteps [0.03s 31MB].
cdo(1) mergetime: Process started
cdo(1) mergetime: Processed 465500 values from 2 variables over 19 timesteps.
cdo    timcumsum: Processed 465500 values from 1 variable over 19 timesteps [0.02s 18MB].
cdo    replace: Processed 4189500 values from 10 variables over 38 timesteps [0.12s 28MB].
90-144 is done
Number of files to process with CDO: 17
cdo(1) divc: Process started
cdo(2) setattribute: Process started
cdo(3) chname: Process started
cdo(4) mergetime: Process started
cdo(4) mergetime: Processed 416500 values from 17 variables over 17 timesteps.
cdo(3) chname: Processed 416500 values from 1 variable over 17 timesteps.
cdo(2) setattribute: Processed 416500 values from 1 variable over 17 timesteps.
cdo(1) divc: Processed 416500 values from 1 variable over 17 timesteps.
cdo    seltimestep: Processed 392000 values from 1 variable over 17 timesteps [0.41s 30MB].
cdo(1) copy: Process started
cdo(1) copy: Processed 465500 values from 1 variable over 19 timesteps.
cdo    seltimestep: Processed 24500 values from 1 variable over 19 timesteps [0.01s 17MB].
cdo(1) mergetime: Process started
cdo(1) mergetime: Processed 416500 values from 2 variables over 17 timesteps.
cdo    timcumsum: Processed 416500 values from 1 variable over 17 timesteps [0.02s 18MB].
cdo    replace: Processed 3748500 values from 10 variables over 34 timesteps [0.12s 26MB].
Wed Mar 8 01:00:00 PM CET 2023 processed!
Number of files to process with CDO: 90
cdo(1) divc: Process started
cdo(2) setattribute: Process started
cdo(3) chname: Process started
cdo(4) mergetime: Process started
cdo(4) mergetime: Processed 2205000 values from 90 variables over 90 timesteps.
cdo(3) chname: Processed 2205000 values from 1 variable over 90 timesteps.
cdo(2) setattribute: Processed 2205000 values from 1 variable over 90 timesteps.
cdo(1) divc: Processed 2205000 values from 1 variable over 90 timesteps.
cdo    timcumsum: Processed 2205000 values from 1 variable over 90 timesteps [1.71s 73MB].
cdo(1) seltimestep: Process started
cdo(2) shifttime: Process started
cdo(3) copy: Process started
cdo(3) copy: Processed 2205000 values from 1 variable over 90 timesteps.
cdo(2) shifttime: Processed 2205000 values from 1 variable over 90 timesteps.
cdo(1) seltimestep: Processed 24500 values from 1 variable over 2 timesteps.
cdo    mulc: Processed 24500 values from 1 variable over 1 timestep [0.04s 29MB].
cdo    mergetime: Processed 2229500 values from 2 variables over 91 timesteps [0.07s 32MB].
cdo    replace: Processed 20065500 values from 10 variables over 182 timesteps [0.42s 97MB].
0-90 is done
Number of files to process with CDO: 19
cdo(1) divc: Process started
cdo(2) setattribute: Process started
cdo(3) chname: Process started
cdo(4) mergetime: Process started
cdo(4) mergetime: Processed 465500 values from 19 variables over 19 timesteps.
cdo(3) chname: Processed 465500 values from 1 variable over 19 timesteps.
cdo(2) setattribute: Processed 465500 values from 1 variable over 19 timesteps.
cdo(1) divc: Processed 465500 values from 1 variable over 19 timesteps.
cdo    seltimestep: Processed 441000 values from 1 variable over 19 timesteps [0.36s 30MB].
cdo(1) copy: Process started
cdo(1) copy: Processed 2229500 values from 1 variable over 91 timesteps.
cdo    seltimestep: Processed 24500 values from 1 variable over 91 timesteps [0.03s 31MB].
cdo(1) mergetime: Process started
cdo(1) mergetime: Processed 465500 values from 2 variables over 19 timesteps.
cdo    timcumsum: Processed 465500 values from 1 variable over 19 timesteps [0.02s 18MB].
cdo    replace: Processed 4189500 values from 10 variables over 38 timesteps [0.13s 29MB].
90-144 is done
Number of files to process with CDO: 17
cdo(1) divc: Process started
cdo(2) setattribute: Process started
cdo(3) chname: Process started
cdo(4) mergetime: Process started
cdo(4) mergetime: Processed 416500 values from 17 variables over 17 timesteps.
cdo(3) chname: Processed 416500 values from 1 variable over 17 timesteps.
cdo(2) setattribute: Processed 416500 values from 1 variable over 17 timesteps.
cdo(1) divc: Processed 416500 values from 1 variable over 17 timesteps.
cdo    seltimestep: Processed 392000 values from 1 variable over 17 timesteps [0.32s 28MB].
cdo(1) copy: Process started
cdo(1) copy: Processed 465500 values from 1 variable over 19 timesteps.
cdo    seltimestep: Processed 24500 values from 1 variable over 19 timesteps [0.01s 17MB].
cdo(1) mergetime: Process started
cdo(1) mergetime: Processed 416500 values from 2 variables over 17 timesteps.
cdo    timcumsum: Processed 416500 values from 1 variable over 17 timesteps [0.02s 17MB].
cdo    replace: Processed 3748500 values from 10 variables over 34 timesteps [0.13s 27MB].
Thu Mar 9 01:00:00 PM CET 2023 processed!
Number of files to process with CDO: 90
cdo(1) divc: Process started
cdo(2) setattribute: Process started
cdo(3) chname: Process started
cdo(4) mergetime: Process started
cdo(4) mergetime: Processed 2205000 values from 90 variables over 90 timesteps.
cdo(3) chname: Processed 2205000 values from 1 variable over 90 timesteps.
cdo(2) setattribute: Processed 2205000 values from 1 variable over 90 timesteps.
cdo(1) divc: Processed 2205000 values from 1 variable over 90 timesteps.
cdo    timcumsum: Processed 2205000 values from 1 variable over 90 timesteps [1.77s 73MB].
cdo(1) seltimestep: Process started
cdo(2) shifttime: Process started
cdo(3) copy: Process started
cdo(3) copy: Processed 2205000 values from 1 variable over 90 timesteps.
cdo(2) shifttime: Processed 2205000 values from 1 variable over 90 timesteps.
cdo(1) seltimestep: Processed 24500 values from 1 variable over 2 timesteps.
cdo    mulc: Processed 24500 values from 1 variable over 1 timestep [0.04s 30MB].
cdo    mergetime: Processed 2229500 values from 2 variables over 91 timesteps [0.07s 31MB].
cdo    replace: Processed 20065500 values from 10 variables over 182 timesteps [0.43s 98MB].
0-90 is done
Number of files to process with CDO: 19
cdo(1) divc: Process started
cdo(2) setattribute: Process started
cdo(3) chname: Process started
cdo(4) mergetime: Process started
cdo(4) mergetime: Processed 465500 values from 19 variables over 19 timesteps.
cdo(3) chname: Processed 465500 values from 1 variable over 19 timesteps.
cdo(2) setattribute: Processed 465500 values from 1 variable over 19 timesteps.
cdo(1) divc: Processed 465500 values from 1 variable over 19 timesteps.
cdo    seltimestep: Processed 441000 values from 1 variable over 19 timesteps [0.37s 30MB].
cdo(1) copy: Process started
cdo(1) copy: Processed 2229500 values from 1 variable over 91 timesteps.
cdo    seltimestep: Processed 24500 values from 1 variable over 91 timesteps [0.03s 30MB].
cdo(1) mergetime: Process started
cdo(1) mergetime: Processed 465500 values from 2 variables over 19 timesteps.
cdo    timcumsum: Processed 465500 values from 1 variable over 19 timesteps [0.02s 18MB].
cdo    replace: Processed 4189500 values from 10 variables over 38 timesteps [0.14s 29MB].
90-144 is done
Number of files to process with CDO: 17
cdo(1) divc: Process started
cdo(2) setattribute: Process started
cdo(3) chname: Process started
cdo(4) mergetime: Process started
cdo(4) mergetime: Processed 416500 values from 17 variables over 17 timesteps.
cdo(3) chname: Processed 416500 values from 1 variable over 17 timesteps.
cdo(2) setattribute: Processed 416500 values from 1 variable over 17 timesteps.
cdo(1) divc: Processed 416500 values from 1 variable over 17 timesteps.
cdo    seltimestep: Processed 392000 values from 1 variable over 17 timesteps [0.34s 28MB].
cdo(1) copy: Process started
cdo(1) copy: Processed 465500 values from 1 variable over 19 timesteps.
cdo    seltimestep: Processed 24500 values from 1 variable over 19 timesteps [0.01s 17MB].
cdo(1) mergetime: Process started
cdo(1) mergetime: Processed 416500 values from 2 variables over 17 timesteps.
cdo    timcumsum: Processed 416500 values from 1 variable over 17 timesteps [0.02s 17MB].
cdo    replace: Processed 3748500 values from 10 variables over 34 timesteps [0.11s 27MB].
Fri Mar 10 01:00:00 PM CET 2023 processed!
Number of files to process with CDO: 90
cdo(1) divc: Process started
cdo(2) setattribute: Process started
cdo(3) chname: Process started
cdo(4) mergetime: Process started
cdo(4) mergetime: Processed 2205000 values from 90 variables over 90 timesteps.
cdo(3) chname: Processed 2205000 values from 1 variable over 90 timesteps.
cdo(2) setattribute: Processed 2205000 values from 1 variable over 90 timesteps.
cdo(1) divc: Processed 2205000 values from 1 variable over 90 timesteps.
cdo    timcumsum: Processed 2205000 values from 1 variable over 90 timesteps [1.72s 73MB].
cdo(1) seltimestep: Process started
cdo(2) shifttime: Process started
cdo(3) copy: Process started
cdo(3) copy: Processed 2205000 values from 1 variable over 90 timesteps.
cdo(2) shifttime: Processed 2205000 values from 1 variable over 90 timesteps.
cdo(1) seltimestep: Processed 24500 values from 1 variable over 2 timesteps.
cdo    mulc: Processed 24500 values from 1 variable over 1 timestep [0.04s 30MB].
cdo    mergetime: Processed 2229500 values from 2 variables over 91 timesteps [0.06s 31MB].
cdo    replace: Processed 20065500 values from 10 variables over 182 timesteps [0.45s 97MB].
0-90 is done
Number of files to process with CDO: 19
cdo(1) divc: Process started
cdo(2) setattribute: Process started
cdo(3) chname: Process started
cdo(4) mergetime: Process started
cdo(4) mergetime: Processed 465500 values from 19 variables over 19 timesteps.
cdo(3) chname: Processed 465500 values from 1 variable over 19 timesteps.
cdo(2) setattribute: Processed 465500 values from 1 variable over 19 timesteps.
cdo(1) divc: Processed 465500 values from 1 variable over 19 timesteps.
cdo    seltimestep: Processed 441000 values from 1 variable over 19 timesteps [0.41s 30MB].
cdo(1) copy: Process started
cdo(1) copy: Processed 2229500 values from 1 variable over 91 timesteps.
cdo    seltimestep: Processed 24500 values from 1 variable over 91 timesteps [0.03s 30MB].
cdo(1) mergetime: Process started
cdo(1) mergetime: Processed 465500 values from 2 variables over 19 timesteps.
cdo    timcumsum: Processed 465500 values from 1 variable over 19 timesteps [0.02s 18MB].
cdo    replace: Processed 4189500 values from 10 variables over 38 timesteps [0.12s 27MB].
90-144 is done
Number of files to process with CDO: 17
cdo(1) divc: Process started
cdo(2) setattribute: Process started
cdo(3) chname: Process started
cdo(4) mergetime: Process started
cdo(4) mergetime: Processed 416500 values from 17 variables over 17 timesteps.
cdo(3) chname: Processed 416500 values from 1 variable over 17 timesteps.
cdo(2) setattribute: Processed 416500 values from 1 variable over 17 timesteps.
cdo(1) divc: Processed 416500 values from 1 variable over 17 timesteps.
cdo    seltimestep: Processed 392000 values from 1 variable over 17 timesteps [0.39s 30MB].
cdo(1) copy: Process started
cdo(1) copy: Processed 465500 values from 1 variable over 19 timesteps.
cdo    seltimestep: Processed 24500 values from 1 variable over 19 timesteps [0.02s 17MB].
cdo(1) mergetime: Process started
cdo(1) mergetime: Processed 416500 values from 2 variables over 17 timesteps.
cdo    timcumsum: Processed 416500 values from 1 variable over 17 timesteps [0.02s 18MB].
cdo    replace: Processed 3748500 values from 10 variables over 34 timesteps [0.13s 27MB].
Sat Mar 11 01:00:00 PM CET 2023 processed!
Number of files to process with CDO: 90
cdo(1) divc: Process started
cdo(2) setattribute: Process started
cdo(3) chname: Process started
cdo(4) mergetime: Process started
cdo(4) mergetime: Processed 2205000 values from 90 variables over 90 timesteps.
cdo(3) chname: Processed 2205000 values from 1 variable over 90 timesteps.
cdo(2) setattribute: Processed 2205000 values from 1 variable over 90 timesteps.
cdo(1) divc: Processed 2205000 values from 1 variable over 90 timesteps.
cdo    timcumsum: Processed 2205000 values from 1 variable over 90 timesteps [1.75s 73MB].
cdo(1) seltimestep: Process started
cdo(2) shifttime: Process started
cdo(3) copy: Process started
cdo(3) copy: Processed 2205000 values from 1 variable over 90 timesteps.
cdo(2) shifttime: Processed 2205000 values from 1 variable over 90 timesteps.
cdo(1) seltimestep: Processed 24500 values from 1 variable over 2 timesteps.
cdo    mulc: Processed 24500 values from 1 variable over 1 timestep [0.04s 31MB].
cdo    mergetime: Processed 2229500 values from 2 variables over 91 timesteps [0.07s 32MB].
cdo    replace: Processed 20065500 values from 10 variables over 182 timesteps [0.42s 98MB].
0-90 is done
Number of files to process with CDO: 19
cdo(1) divc: Process started
cdo(2) setattribute: Process started
cdo(3) chname: Process started
cdo(4) mergetime: Process started
cdo(4) mergetime: Processed 465500 values from 19 variables over 19 timesteps.
cdo(3) chname: Processed 465500 values from 1 variable over 19 timesteps.
cdo(2) setattribute: Processed 465500 values from 1 variable over 19 timesteps.
cdo(1) divc: Processed 465500 values from 1 variable over 19 timesteps.
cdo    seltimestep: Processed 441000 values from 1 variable over 19 timesteps [0.39s 30MB].
cdo(1) copy: Process started
cdo(1) copy: Processed 2229500 values from 1 variable over 91 timesteps.
cdo    seltimestep: Processed 24500 values from 1 variable over 91 timesteps [0.03s 30MB].
cdo(1) mergetime: Process started
cdo(1) mergetime: Processed 465500 values from 2 variables over 19 timesteps.
cdo    timcumsum: Processed 465500 values from 1 variable over 19 timesteps [0.03s 18MB].
cdo    replace: Processed 4189500 values from 10 variables over 38 timesteps [0.12s 28MB].
90-144 is done
Number of files to process with CDO: 17
cdo(1) divc: Process started
cdo(2) setattribute: Process started
cdo(3) chname: Process started
cdo(4) mergetime: Process started
cdo(4) mergetime: Processed 416500 values from 17 variables over 17 timesteps.
cdo(3) chname: Processed 416500 values from 1 variable over 17 timesteps.
cdo(2) setattribute: Processed 416500 values from 1 variable over 17 timesteps.
cdo(1) divc: Processed 416500 values from 1 variable over 17 timesteps.
cdo    seltimestep: Processed 392000 values from 1 variable over 17 timesteps [0.36s 28MB].
cdo(1) copy: Process started
cdo(1) copy: Processed 465500 values from 1 variable over 19 timesteps.
cdo    seltimestep: Processed 24500 values from 1 variable over 19 timesteps [0.02s 17MB].
cdo(1) mergetime: Process started
cdo(1) mergetime: Processed 416500 values from 2 variables over 17 timesteps.
cdo    timcumsum: Processed 416500 values from 1 variable over 17 timesteps [0.02s 18MB].
cdo    replace: Processed 3748500 values from 10 variables over 34 timesteps [0.12s 26MB].
Sun Mar 12 01:00:00 PM CET 2023 processed!
Number of files to process with CDO: 90
cdo(1) divc: Process started
cdo(2) setattribute: Process started
cdo(3) chname: Process started
cdo(4) mergetime: Process started
cdo(4) mergetime: Processed 2205000 values from 90 variables over 90 timesteps.
cdo(3) chname: Processed 2205000 values from 1 variable over 90 timesteps.
cdo(2) setattribute: Processed 2205000 values from 1 variable over 90 timesteps.
cdo(1) divc: Processed 2205000 values from 1 variable over 90 timesteps.
cdo    timcumsum: Processed 2205000 values from 1 variable over 90 timesteps [1.65s 75MB].
cdo(1) seltimestep: Process started
cdo(2) shifttime: Process started
cdo(3) copy: Process started
cdo(3) copy: Processed 2205000 values from 1 variable over 90 timesteps.
cdo(2) shifttime: Processed 2205000 values from 1 variable over 90 timesteps.
cdo(1) seltimestep: Processed 24500 values from 1 variable over 2 timesteps.
cdo    mulc: Processed 24500 values from 1 variable over 1 timestep [0.04s 31MB].
cdo    mergetime: Processed 2229500 values from 2 variables over 91 timesteps [0.06s 32MB].
cdo    replace: Processed 20065500 values from 10 variables over 182 timesteps [0.48s 97MB].
0-90 is done
Number of files to process with CDO: 19
cdo(1) divc: Process started
cdo(2) setattribute: Process started
cdo(3) chname: Process started
cdo(4) mergetime: Process started
cdo(4) mergetime: Processed 465500 values from 19 variables over 19 timesteps.
cdo(3) chname: Processed 465500 values from 1 variable over 19 timesteps.
cdo(2) setattribute: Processed 465500 values from 1 variable over 19 timesteps.
cdo(1) divc: Processed 465500 values from 1 variable over 19 timesteps.
cdo    seltimestep: Processed 441000 values from 1 variable over 19 timesteps [0.36s 30MB].
cdo(1) copy: Process started
cdo(1) copy: Processed 2229500 values from 1 variable over 91 timesteps.
cdo    seltimestep: Processed 24500 values from 1 variable over 91 timesteps [0.03s 30MB].
cdo(1) mergetime: Process started
cdo(1) mergetime: Processed 465500 values from 2 variables over 19 timesteps.
cdo    timcumsum: Processed 465500 values from 1 variable over 19 timesteps [0.02s 18MB].
cdo    replace: Processed 4189500 values from 10 variables over 38 timesteps [0.15s 29MB].
90-144 is done
Number of files to process with CDO: 17
cdo(1) divc: Process started
cdo(2) setattribute: Process started
cdo(3) chname: Process started
cdo(4) mergetime: Process started
cdo(4) mergetime: Processed 416500 values from 17 variables over 17 timesteps.
cdo(3) chname: Processed 416500 values from 1 variable over 17 timesteps.
cdo(2) setattribute: Processed 416500 values from 1 variable over 17 timesteps.
cdo(1) divc: Processed 416500 values from 1 variable over 17 timesteps.
cdo    seltimestep: Processed 392000 values from 1 variable over 17 timesteps [0.30s 30MB].
cdo(1) copy: Process started
cdo(1) copy: Processed 465500 values from 1 variable over 19 timesteps.
cdo    seltimestep: Processed 24500 values from 1 variable over 19 timesteps [0.01s 18MB].
cdo(1) mergetime: Process started
cdo(1) mergetime: Processed 416500 values from 2 variables over 17 timesteps.
cdo    timcumsum: Processed 416500 values from 1 variable over 17 timesteps [0.02s 18MB].
cdo    replace: Processed 3748500 values from 10 variables over 34 timesteps [0.11s 25MB].
Mon Mar 13 01:00:00 PM CET 2023 processed!
Number of files to process with CDO: 90
cdo(1) divc: Process started
cdo(2) setattribute: Process started
cdo(3) chname: Process started
cdo(4) mergetime: Process started
cdo(4) mergetime: Processed 2205000 values from 90 variables over 90 timesteps.
cdo(3) chname: Processed 2205000 values from 1 variable over 90 timesteps.
cdo(2) setattribute: Processed 2205000 values from 1 variable over 90 timesteps.
cdo(1) divc: Processed 2205000 values from 1 variable over 90 timesteps.
cdo    timcumsum: Processed 2205000 values from 1 variable over 90 timesteps [1.77s 73MB].
cdo(1) seltimestep: Process started
cdo(2) shifttime: Process started
cdo(3) copy: Process started
cdo(3) copy: Processed 2205000 values from 1 variable over 90 timesteps.
cdo(2) shifttime: Processed 2205000 values from 1 variable over 90 timesteps.
cdo(1) seltimestep: Processed 24500 values from 1 variable over 2 timesteps.
cdo    mulc: Processed 24500 values from 1 variable over 1 timestep [0.04s 29MB].
cdo    mergetime: Processed 2229500 values from 2 variables over 91 timesteps [0.07s 31MB].
cdo    replace: Processed 20065500 values from 10 variables over 182 timesteps [0.42s 97MB].
0-90 is done
Number of files to process with CDO: 19
cdo(1) divc: Process started
cdo(2) setattribute: Process started
cdo(3) chname: Process started
cdo(4) mergetime: Process started
cdo(4) mergetime: Processed 465500 values from 19 variables over 19 timesteps.
cdo(3) chname: Processed 465500 values from 1 variable over 19 timesteps.
cdo(2) setattribute: Processed 465500 values from 1 variable over 19 timesteps.
cdo(1) divc: Processed 465500 values from 1 variable over 19 timesteps.
cdo    seltimestep: Processed 441000 values from 1 variable over 19 timesteps [0.38s 30MB].
cdo(1) copy: Process started
cdo(1) copy: Processed 2229500 values from 1 variable over 91 timesteps.
cdo    seltimestep: Processed 24500 values from 1 variable over 91 timesteps [0.03s 30MB].
cdo(1) mergetime: Process started
cdo(1) mergetime: Processed 465500 values from 2 variables over 19 timesteps.
cdo    timcumsum: Processed 465500 values from 1 variable over 19 timesteps [0.02s 18MB].
cdo    replace: Processed 4189500 values from 10 variables over 38 timesteps [0.12s 27MB].
90-144 is done
Number of files to process with CDO: 17
cdo(1) divc: Process started
cdo(2) setattribute: Process started
cdo(3) chname: Process started
cdo(4) mergetime: Process started
cdo(4) mergetime: Processed 416500 values from 17 variables over 17 timesteps.
cdo(3) chname: Processed 416500 values from 1 variable over 17 timesteps.
cdo(2) setattribute: Processed 416500 values from 1 variable over 17 timesteps.
cdo(1) divc: Processed 416500 values from 1 variable over 17 timesteps.
cdo    seltimestep: Processed 392000 values from 1 variable over 17 timesteps [0.36s 28MB].
cdo(1) copy: Process started
cdo(1) copy: Processed 465500 values from 1 variable over 19 timesteps.
cdo    seltimestep: Processed 24500 values from 1 variable over 19 timesteps [0.02s 17MB].
cdo(1) mergetime: Process started
cdo(1) mergetime: Processed 416500 values from 2 variables over 17 timesteps.
cdo    timcumsum: Processed 416500 values from 1 variable over 17 timesteps [0.02s 17MB].
cdo    replace: Processed 3748500 values from 10 variables over 34 timesteps [0.14s 27MB].
Tue Mar 14 01:00:00 PM CET 2023 processed!
Number of files to process with CDO: 90
cdo(1) divc: Process started
cdo(2) setattribute: Process started
cdo(3) chname: Process started
cdo(4) mergetime: Process started
cdo(4) mergetime: Processed 2205000 values from 90 variables over 90 timesteps.
cdo(3) chname: Processed 2205000 values from 1 variable over 90 timesteps.
cdo(2) setattribute: Processed 2205000 values from 1 variable over 90 timesteps.
cdo(1) divc: Processed 2205000 values from 1 variable over 90 timesteps.
cdo    timcumsum: Processed 2205000 values from 1 variable over 90 timesteps [1.73s 73MB].
cdo(1) seltimestep: Process started
cdo(2) shifttime: Process started
cdo(3) copy: Process started
cdo(3) copy: Processed 2205000 values from 1 variable over 90 timesteps.
cdo(2) shifttime: Processed 2205000 values from 1 variable over 90 timesteps.
cdo(1) seltimestep: Processed 24500 values from 1 variable over 2 timesteps.
cdo    mulc: Processed 24500 values from 1 variable over 1 timestep [0.04s 30MB].
cdo    mergetime: Processed 2229500 values from 2 variables over 91 timesteps [0.06s 32MB].
cdo    replace: Processed 20065500 values from 10 variables over 182 timesteps [0.40s 98MB].
0-90 is done
Number of files to process with CDO: 19
cdo(1) divc: Process started
cdo(2) setattribute: Process started
cdo(3) chname: Process started
cdo(4) mergetime: Process started
cdo(4) mergetime: Processed 465500 values from 19 variables over 19 timesteps.
cdo(3) chname: Processed 465500 values from 1 variable over 19 timesteps.
cdo(2) setattribute: Processed 465500 values from 1 variable over 19 timesteps.
cdo(1) divc: Processed 465500 values from 1 variable over 19 timesteps.
cdo    seltimestep: Processed 441000 values from 1 variable over 19 timesteps [0.32s 32MB].
cdo(1) copy: Process started
cdo(1) copy: Processed 2229500 values from 1 variable over 91 timesteps.
cdo    seltimestep: Processed 24500 values from 1 variable over 91 timesteps [0.04s 30MB].
cdo(1) mergetime: Process started
cdo(1) mergetime: Processed 465500 values from 2 variables over 19 timesteps.
cdo    timcumsum: Processed 465500 values from 1 variable over 19 timesteps [0.02s 18MB].
cdo    replace: Processed 4189500 values from 10 variables over 38 timesteps [0.13s 29MB].
90-144 is done
Number of files to process with CDO: 17
cdo(1) divc: Process started
cdo(2) setattribute: Process started
cdo(3) chname: Process started
cdo(4) mergetime: Process started
cdo(4) mergetime: Processed 416500 values from 17 variables over 17 timesteps.
cdo(3) chname: Processed 416500 values from 1 variable over 17 timesteps.
cdo(2) setattribute: Processed 416500 values from 1 variable over 17 timesteps.
cdo(1) divc: Processed 416500 values from 1 variable over 17 timesteps.
cdo    seltimestep: Processed 392000 values from 1 variable over 17 timesteps [0.33s 28MB].
cdo(1) copy: Process started
cdo(1) copy: Processed 465500 values from 1 variable over 19 timesteps.
cdo    seltimestep: Processed 24500 values from 1 variable over 19 timesteps [0.01s 18MB].
cdo(1) mergetime: Process started
cdo(1) mergetime: Processed 416500 values from 2 variables over 17 timesteps.
cdo    timcumsum: Processed 416500 values from 1 variable over 17 timesteps [0.02s 18MB].
cdo    replace: Processed 3748500 values from 10 variables over 34 timesteps [0.11s 27MB].
Wed Mar 15 01:00:00 PM CET 2023 processed!
Number of files to process with CDO: 90
cdo(1) divc: Process started
cdo(2) setattribute: Process started
cdo(3) chname: Process started
cdo(4) mergetime: Process started
cdo(4) mergetime: Processed 2205000 values from 90 variables over 90 timesteps.
cdo(3) chname: Processed 2205000 values from 1 variable over 90 timesteps.
cdo(2) setattribute: Processed 2205000 values from 1 variable over 90 timesteps.
cdo(1) divc: Processed 2205000 values from 1 variable over 90 timesteps.
cdo    timcumsum: Processed 2205000 values from 1 variable over 90 timesteps [1.69s 73MB].
cdo(1) seltimestep: Process started
cdo(2) shifttime: Process started
cdo(3) copy: Process started
cdo(3) copy: Processed 2205000 values from 1 variable over 90 timesteps.
cdo(2) shifttime: Processed 2205000 values from 1 variable over 90 timesteps.
cdo(1) seltimestep: Processed 24500 values from 1 variable over 2 timesteps.
cdo    mulc: Processed 24500 values from 1 variable over 1 timestep [0.04s 30MB].
cdo    mergetime: Processed 2229500 values from 2 variables over 91 timesteps [0.07s 31MB].
cdo    replace: Processed 20065500 values from 10 variables over 182 timesteps [0.43s 97MB].
0-90 is done
Number of files to process with CDO: 19
cdo(1) divc: Process started
cdo(2) setattribute: Process started
cdo(3) chname: Process started
cdo(4) mergetime: Process started
cdo(4) mergetime: Processed 465500 values from 19 variables over 19 timesteps.
cdo(3) chname: Processed 465500 values from 1 variable over 19 timesteps.
cdo(2) setattribute: Processed 465500 values from 1 variable over 19 timesteps.
cdo(1) divc: Processed 465500 values from 1 variable over 19 timesteps.
cdo    seltimestep: Processed 441000 values from 1 variable over 19 timesteps [0.38s 30MB].
cdo(1) copy: Process started
cdo(1) copy: Processed 2229500 values from 1 variable over 91 timesteps.
cdo    seltimestep: Processed 24500 values from 1 variable over 91 timesteps [0.03s 30MB].
cdo(1) mergetime: Process started
cdo(1) mergetime: Processed 465500 values from 2 variables over 19 timesteps.
cdo    timcumsum: Processed 465500 values from 1 variable over 19 timesteps [0.02s 18MB].
cdo    replace: Processed 4189500 values from 10 variables over 38 timesteps [0.15s 28MB].
90-144 is done
Number of files to process with CDO: 15
cdo(1) divc: Process started
cdo(2) setattribute: Process started
cdo(3) chname: Process started
cdo(4) mergetime: Process started
cdo(4) mergetime: Processed 367500 values from 15 variables over 15 timesteps.
cdo(3) chname: Processed 367500 values from 1 variable over 15 timesteps.
cdo(2) setattribute: Processed 367500 values from 1 variable over 15 timesteps.
cdo(1) divc: Processed 367500 values from 1 variable over 15 timesteps.
cdo    seltimestep: Processed 343000 values from 1 variable over 15 timesteps [0.32s 28MB].
cdo(1) copy: Process started
cdo(1) copy: Processed 465500 values from 1 variable over 19 timesteps.
cdo    seltimestep: Processed 24500 values from 1 variable over 19 timesteps [0.01s 17MB].
cdo(1) mergetime: Process started
cdo(1) mergetime: Processed 367500 values from 2 variables over 15 timesteps.
cdo    timcumsum: Processed 367500 values from 1 variable over 15 timesteps [0.02s 18MB].
Thu Mar 16 01:00:00 PM CET 2023 processed!
Number of files to process with CDO: 90
cdo(1) divc: Process started
cdo(2) setattribute: Process started
cdo(3) chname: Process started
cdo(4) mergetime: Process started
cdo(4) mergetime: Processed 2205000 values from 90 variables over 90 timesteps.
cdo(3) chname: Processed 2205000 values from 1 variable over 90 timesteps.
cdo(2) setattribute: Processed 2205000 values from 1 variable over 90 timesteps.
cdo(1) divc: Processed 2205000 values from 1 variable over 90 timesteps.
cdo    timcumsum: Processed 2205000 values from 1 variable over 90 timesteps [1.66s 73MB].
cdo(1) seltimestep: Process started
cdo(2) shifttime: Process started
cdo(3) copy: Process started
cdo(3) copy: Processed 2205000 values from 1 variable over 90 timesteps.
cdo(2) shifttime: Processed 2205000 values from 1 variable over 90 timesteps.
cdo(1) seltimestep: Processed 24500 values from 1 variable over 2 timesteps.
cdo    mulc: Processed 24500 values from 1 variable over 1 timestep [0.04s 30MB].
cdo    mergetime: Processed 2229500 values from 2 variables over 91 timesteps [0.07s 31MB].
cdo    replace: Processed 20065500 values from 10 variables over 182 timesteps [0.43s 96MB].
0-90 is done
Number of files to process with CDO: 19
cdo(1) divc: Process started
cdo(2) setattribute: Process started
cdo(3) chname: Process started
cdo(4) mergetime: Process started
cdo(4) mergetime: Processed 465500 values from 19 variables over 19 timesteps.
cdo(3) chname: Processed 465500 values from 1 variable over 19 timesteps.
cdo(2) setattribute: Processed 465500 values from 1 variable over 19 timesteps.
cdo(1) divc: Processed 465500 values from 1 variable over 19 timesteps.
cdo    seltimestep: Processed 441000 values from 1 variable over 19 timesteps [0.36s 31MB].
cdo(1) copy: Process started
cdo(1) copy: Processed 2229500 values from 1 variable over 91 timesteps.
cdo    seltimestep: Processed 24500 values from 1 variable over 91 timesteps [0.03s 30MB].
cdo(1) mergetime: Process started
cdo(1) mergetime: Processed 465500 values from 2 variables over 19 timesteps.
cdo    timcumsum: Processed 465500 values from 1 variable over 19 timesteps [0.02s 18MB].
cdo    replace: Processed 4189500 values from 10 variables over 38 timesteps [0.12s 29MB].
90-144 is done
Number of files to process with CDO: 11
cdo(1) divc: Process started
cdo(2) setattribute: Process started
cdo(3) chname: Process started
cdo(4) mergetime: Process started
cdo(4) mergetime: Processed 269500 values from 11 variables over 11 timesteps.
cdo(3) chname: Processed 269500 values from 1 variable over 11 timesteps.
cdo(2) setattribute: Processed 269500 values from 1 variable over 11 timesteps.
cdo(1) divc: Processed 269500 values from 1 variable over 11 timesteps.
cdo    seltimestep: Processed 245000 values from 1 variable over 11 timesteps [0.22s 25MB].
cdo(1) copy: Process started
cdo(1) copy: Processed 465500 values from 1 variable over 19 timesteps.
cdo    seltimestep: Processed 24500 values from 1 variable over 19 timesteps [0.01s 16MB].
cdo(1) mergetime: Process started
cdo(1) mergetime: Processed 269500 values from 2 variables over 11 timesteps.
cdo    timcumsum: Processed 269500 values from 1 variable over 11 timesteps [0.02s 16MB].
Fri Mar 17 01:00:00 PM CET 2023 processed!
Number of files to process with CDO: 90
cdo(1) divc: Process started
cdo(2) setattribute: Process started
cdo(3) chname: Process started
cdo(4) mergetime: Process started
cdo(4) mergetime: Processed 2205000 values from 90 variables over 90 timesteps.
cdo(3) chname: Processed 2205000 values from 1 variable over 90 timesteps.
cdo(2) setattribute: Processed 2205000 values from 1 variable over 90 timesteps.
cdo(1) divc: Processed 2205000 values from 1 variable over 90 timesteps.
cdo    timcumsum: Processed 2205000 values from 1 variable over 90 timesteps [1.62s 75MB].
cdo(1) seltimestep: Process started
cdo(2) shifttime: Process started
cdo(3) copy: Process started
cdo(3) copy: Processed 2205000 values from 1 variable over 90 timesteps.
cdo(2) shifttime: Processed 2205000 values from 1 variable over 90 timesteps.
cdo(1) seltimestep: Processed 24500 values from 1 variable over 2 timesteps.
cdo    mulc: Processed 24500 values from 1 variable over 1 timestep [0.04s 29MB].
cdo    mergetime: Processed 2229500 values from 2 variables over 91 timesteps [0.06s 32MB].
cdo    replace: Processed 20065500 values from 10 variables over 182 timesteps [0.43s 96MB].
0-90 is done
Number of files to process with CDO: 19
cdo(1) divc: Process started
cdo(2) setattribute: Process started
cdo(3) chname: Process started
cdo(4) mergetime: Process started
cdo(4) mergetime: Processed 465500 values from 19 variables over 19 timesteps.
cdo(3) chname: Processed 465500 values from 1 variable over 19 timesteps.
cdo(2) setattribute: Processed 465500 values from 1 variable over 19 timesteps.
cdo(1) divc: Processed 465500 values from 1 variable over 19 timesteps.
cdo    seltimestep: Processed 441000 values from 1 variable over 19 timesteps [0.37s 31MB].
cdo(1) copy: Process started
cdo(1) copy: Processed 2229500 values from 1 variable over 91 timesteps.
cdo    seltimestep: Processed 24500 values from 1 variable over 91 timesteps [0.03s 31MB].
cdo(1) mergetime: Process started
cdo(1) mergetime: Processed 465500 values from 2 variables over 19 timesteps.
cdo    timcumsum: Processed 465500 values from 1 variable over 19 timesteps [0.02s 18MB].
cdo    replace: Processed 4189500 values from 10 variables over 38 timesteps [0.13s 29MB].
90-144 is done
Number of files to process with CDO: 7
cdo(1) divc: Process started
cdo(2) setattribute: Process started
cdo(3) chname: Process started
cdo(4) mergetime: Process started
cdo(4) mergetime: Processed 171500 values from 7 variables over 7 timesteps.
cdo(3) chname: Processed 171500 values from 1 variable over 7 timesteps.
cdo(2) setattribute: Processed 171500 values from 1 variable over 7 timesteps.
cdo(1) divc: Processed 171500 values from 1 variable over 7 timesteps.
cdo    seltimestep: Processed 147000 values from 1 variable over 7 timesteps [0.15s 20MB].
cdo(1) copy: Process started
cdo(1) copy: Processed 465500 values from 1 variable over 19 timesteps.
cdo    seltimestep: Processed 24500 values from 1 variable over 19 timesteps [0.01s 17MB].
cdo(1) mergetime: Process started
cdo(1) mergetime: Processed 171500 values from 2 variables over 7 timesteps.
cdo    timcumsum: Processed 171500 values from 1 variable over 7 timesteps [0.02s 16MB].
Sat Mar 18 01:00:00 PM CET 2023 processed!
Number of files to process with CDO: 90
cdo(1) divc: Process started
cdo(2) setattribute: Process started
cdo(3) chname: Process started
cdo(4) mergetime: Process started
cdo(4) mergetime: Processed 2205000 values from 90 variables over 90 timesteps.
cdo(3) chname: Processed 2205000 values from 1 variable over 90 timesteps.
cdo(2) setattribute: Processed 2205000 values from 1 variable over 90 timesteps.
cdo(1) divc: Processed 2205000 values from 1 variable over 90 timesteps.
cdo    timcumsum: Processed 2205000 values from 1 variable over 90 timesteps [1.63s 73MB].
cdo(1) seltimestep: Process started
cdo(2) shifttime: Process started
cdo(3) copy: Process started
cdo(3) copy: Processed 2205000 values from 1 variable over 90 timesteps.
cdo(2) shifttime: Processed 2205000 values from 1 variable over 90 timesteps.
cdo(1) seltimestep: Processed 24500 values from 1 variable over 2 timesteps.
cdo    mulc: Processed 24500 values from 1 variable over 1 timestep [0.04s 30MB].
cdo    mergetime: Processed 2229500 values from 2 variables over 91 timesteps [0.06s 32MB].
cdo    replace: Processed 20065500 values from 10 variables over 182 timesteps [0.41s 96MB].
0-90 is done
Number of files to process with CDO: 19
cdo(1) divc: Process started
cdo(2) setattribute: Process started
cdo(3) chname: Process started
cdo(4) mergetime: Process started
cdo(4) mergetime: Processed 465500 values from 19 variables over 19 timesteps.
cdo(3) chname: Processed 465500 values from 1 variable over 19 timesteps.
cdo(2) setattribute: Processed 465500 values from 1 variable over 19 timesteps.
cdo(1) divc: Processed 465500 values from 1 variable over 19 timesteps.
cdo    seltimestep: Processed 441000 values from 1 variable over 19 timesteps [0.40s 30MB].
cdo(1) copy: Process started
cdo(1) copy: Processed 2229500 values from 1 variable over 91 timesteps.
cdo    seltimestep: Processed 24500 values from 1 variable over 91 timesteps [0.05s 30MB].
cdo(1) mergetime: Process started
cdo(1) mergetime: Processed 465500 values from 2 variables over 19 timesteps.
cdo    timcumsum: Processed 465500 values from 1 variable over 19 timesteps [0.02s 18MB].
cdo    replace: Processed 4189500 values from 10 variables over 38 timesteps [0.12s 27MB].
90-144 is done
Number of files to process with CDO: 3
cdo(1) divc: Process started
cdo(2) setattribute: Process started
cdo(3) chname: Process started
cdo(4) mergetime: Process started
cdo(4) mergetime: Processed 73500 values from 3 variables over 3 timesteps.
cdo(3) chname: Processed 73500 values from 1 variable over 3 timesteps.
cdo(2) setattribute: Processed 73500 values from 1 variable over 3 timesteps.
cdo(1) divc: Processed 73500 values from 1 variable over 3 timesteps.
cdo    seltimestep: Processed 49000 values from 1 variable over 3 timesteps [0.06s 19MB].
cdo(1) copy: Process started
cdo(1) copy: Processed 465500 values from 1 variable over 19 timesteps.
cdo    seltimestep: Processed 24500 values from 1 variable over 19 timesteps [0.01s 17MB].
cdo(1) mergetime: Process started
cdo(1) mergetime: Processed 73500 values from 2 variables over 3 timesteps.
cdo    timcumsum: Processed 73500 values from 1 variable over 3 timesteps [0.01s 15MB].
Sun Mar 19 01:00:00 PM CET 2023 processed!
Number of files to process with CDO: 90
cdo(1) divc: Process started
cdo(2) setattribute: Process started
cdo(3) chname: Process started
cdo(4) mergetime: Process started
cdo(4) mergetime: Processed 2205000 values from 90 variables over 90 timesteps.
cdo(3) chname: Processed 2205000 values from 1 variable over 90 timesteps.
cdo(2) setattribute: Processed 2205000 values from 1 variable over 90 timesteps.
cdo(1) divc: Processed 2205000 values from 1 variable over 90 timesteps.
cdo    timcumsum: Processed 2205000 values from 1 variable over 90 timesteps [1.74s 73MB].
cdo(1) seltimestep: Process started
cdo(2) shifttime: Process started
cdo(3) copy: Process started
cdo(3) copy: Processed 2205000 values from 1 variable over 90 timesteps.
cdo(2) shifttime: Processed 2205000 values from 1 variable over 90 timesteps.
cdo(1) seltimestep: Processed 24500 values from 1 variable over 2 timesteps.
cdo    mulc: Processed 24500 values from 1 variable over 1 timestep [0.04s 30MB].
cdo    mergetime: Processed 2229500 values from 2 variables over 91 timesteps [0.06s 31MB].
cdo    replace: Processed 20065500 values from 10 variables over 182 timesteps [0.44s 96MB].
0-90 is done
Number of files to process with CDO: 15
cdo(1) divc: Process started
cdo(2) setattribute: Process started
cdo(3) chname: Process started
cdo(4) mergetime: Process started
cdo(4) mergetime: Processed 367500 values from 15 variables over 15 timesteps.
cdo(3) chname: Processed 367500 values from 1 variable over 15 timesteps.
cdo(2) setattribute: Processed 367500 values from 1 variable over 15 timesteps.
cdo(1) divc: Processed 367500 values from 1 variable over 15 timesteps.
cdo    seltimestep: Processed 343000 values from 1 variable over 15 timesteps [0.31s 27MB].
cdo(1) copy: Process started
cdo(1) copy: Processed 2229500 values from 1 variable over 91 timesteps.
cdo    seltimestep: Processed 24500 values from 1 variable over 91 timesteps [0.03s 30MB].
cdo(1) mergetime: Process started
cdo(1) mergetime: Processed 367500 values from 2 variables over 15 timesteps.
cdo    timcumsum: Processed 367500 values from 1 variable over 15 timesteps [0.02s 17MB].
90-144 is done
Number of files to process with CDO: 0
cdo(1) copy: Process started
cdo(1) copy: Processed 367500 values from 1 variable over 15 timesteps.
cdo(1) mergetime: Process started
Mon Mar 20 01:00:00 PM CET 2023 processed!
Number of files to process with CDO: 90
cdo(1) divc: Process started
cdo(2) setattribute: Process started
cdo(3) chname: Process started
cdo(4) mergetime: Process started
cdo(4) mergetime: Processed 2205000 values from 90 variables over 90 timesteps.
cdo(3) chname: Processed 2205000 values from 1 variable over 90 timesteps.
cdo(2) setattribute: Processed 2205000 values from 1 variable over 90 timesteps.
cdo(1) divc: Processed 2205000 values from 1 variable over 90 timesteps.
cdo    timcumsum: Processed 2205000 values from 1 variable over 90 timesteps [1.69s 75MB].
cdo(1) seltimestep: Process started
cdo(2) shifttime: Process started
cdo(3) copy: Process started
cdo(3) copy: Processed 2205000 values from 1 variable over 90 timesteps.
cdo(2) shifttime: Processed 2205000 values from 1 variable over 90 timesteps.
cdo(1) seltimestep: Processed 24500 values from 1 variable over 2 timesteps.
cdo    mulc: Processed 24500 values from 1 variable over 1 timestep [0.04s 31MB].
cdo    mergetime: Processed 2229500 values from 2 variables over 91 timesteps [0.06s 31MB].
cdo    replace: Processed 20065500 values from 10 variables over 182 timesteps [0.45s 97MB].
0-90 is done
Number of files to process with CDO: 7
cdo(1) divc: Process started
cdo(2) setattribute: Process started
cdo(3) chname: Process started
cdo(4) mergetime: Process started
cdo(4) mergetime: Processed 171500 values from 7 variables over 7 timesteps.
cdo(3) chname: Processed 171500 values from 1 variable over 7 timesteps.
cdo(2) setattribute: Processed 171500 values from 1 variable over 7 timesteps.
cdo(1) divc: Processed 171500 values from 1 variable over 7 timesteps.
cdo    seltimestep: Processed 147000 values from 1 variable over 7 timesteps [0.12s 22MB].
cdo(1) copy: Process started
cdo(1) copy: Processed 2229500 values from 1 variable over 91 timesteps.
cdo    seltimestep: Processed 24500 values from 1 variable over 91 timesteps [0.03s 30MB].
cdo(1) mergetime: Process started
cdo(1) mergetime: Processed 171500 values from 2 variables over 7 timesteps.
cdo    timcumsum: Processed 171500 values from 1 variable over 7 timesteps [0.02s 16MB].
90-144 is done
Number of files to process with CDO: 0
cdo(1) copy: Process started
cdo(1) copy: Processed 171500 values from 1 variable over 7 timesteps.
cdo(1) mergetime: Process started
Tue Mar 21 01:00:00 PM CET 2023 processed!
Number of files to process with CDO: 89
cdo(1) divc: Process started
cdo(2) setattribute: Process started
cdo(3) chname: Process started
cdo(4) mergetime: Process started
cdo(4) mergetime: Processed 2180500 values from 89 variables over 89 timesteps.
cdo(3) chname: Processed 2180500 values from 1 variable over 89 timesteps.
cdo(2) setattribute: Processed 2180500 values from 1 variable over 89 timesteps.
cdo(1) divc: Processed 2180500 values from 1 variable over 89 timesteps.
cdo    timcumsum: Processed 2180500 values from 1 variable over 89 timesteps [1.61s 72MB].
cdo(1) seltimestep: Process started
cdo(2) shifttime: Process started
cdo(3) copy: Process started
cdo(3) copy: Processed 2180500 values from 1 variable over 89 timesteps.
cdo(2) shifttime: Processed 2180500 values from 1 variable over 89 timesteps.
cdo(1) seltimestep: Processed 24500 values from 1 variable over 2 timesteps.
cdo    mulc: Processed 24500 values from 1 variable over 1 timestep [0.06s 29MB].
cdo    mergetime: Processed 2205000 values from 2 variables over 90 timesteps [0.06s 31MB].
0-90 is done
Number of files to process with CDO: 1
cdo(1) divc: Process started
cdo(2) setattribute: Process started
cdo(3) chname: Process started
cdo(4) mergetime: Process started
cdo(4) mergetime: Processed 24500 values from 1 variable over 1 timestep.
cdo(3) chname: Processed 24500 values from 1 variable over 1 timestep.
cdo(2) setattribute: Processed 24500 values from 1 variable over 1 timestep.
cdo(1) divc: Processed 24500 values from 1 variable over 1 timestep.
cdo(1) copy: Process started
cdo(1) copy: Processed 2205000 values from 1 variable over 90 timesteps.
cdo(1) mergetime: Process started
90-144 is done
Number of files to process with CDO: 0
cdo(1) copy: Process started
cdo(1) mergetime: Process started
Wed Mar 22 01:00:00 PM CET 2023 processed!
Number of files to process with CDO: 89
cdo(1) divc: Process started
cdo(2) setattribute: Process started
cdo(3) chname: Process started
cdo(4) mergetime: Process started
cdo(4) mergetime: Processed 2180500 values from 89 variables over 89 timesteps.
cdo(3) chname: Processed 2180500 values from 1 variable over 89 timesteps.
cdo(2) setattribute: Processed 2180500 values from 1 variable over 89 timesteps.
cdo(1) divc: Processed 2180500 values from 1 variable over 89 timesteps.
cdo    timcumsum: Processed 2180500 values from 1 variable over 89 timesteps [1.71s 70MB].
cdo(1) seltimestep: Process started
cdo(2) shifttime: Process started
cdo(3) copy: Process started
cdo(3) copy: Processed 2180500 values from 1 variable over 89 timesteps.
cdo(2) shifttime: Processed 2180500 values from 1 variable over 89 timesteps.
cdo(1) seltimestep: Processed 24500 values from 1 variable over 2 timesteps.
cdo    mulc: Processed 24500 values from 1 variable over 1 timestep [0.04s 31MB].
cdo    mergetime: Processed 2205000 values from 2 variables over 90 timesteps [0.07s 31MB].
0-90 is done
Number of files to process with CDO: 1
cdo(1) divc: Process started
cdo(2) setattribute: Process started
cdo(3) chname: Process started
cdo(4) mergetime: Process started
cdo(4) mergetime: Processed 24500 values from 1 variable over 1 timestep.
cdo(3) chname: Processed 24500 values from 1 variable over 1 timestep.
cdo(2) setattribute: Processed 24500 values from 1 variable over 1 timestep.
cdo(1) divc: Processed 24500 values from 1 variable over 1 timestep.
cdo(1) copy: Process started
cdo(1) copy: Processed 2205000 values from 1 variable over 90 timesteps.
cdo(1) mergetime: Process started
90-144 is done
Number of files to process with CDO: 0
cdo(1) copy: Process started
Thu Mar 23 01:00:00 PM CET 2023 processed!
Number of files to process with CDO: 89
cdo(1) divc: Process started
cdo(2) setattribute: Process started
cdo(3) chname: Process started
cdo(4) mergetime: Process started
cdo(4) mergetime: Processed 2180500 values from 89 variables over 89 timesteps.
cdo(3) chname: Processed 2180500 values from 1 variable over 89 timesteps.
cdo(2) setattribute: Processed 2180500 values from 1 variable over 89 timesteps.
cdo(1) divc: Processed 2180500 values from 1 variable over 89 timesteps.
cdo    timcumsum: Processed 2180500 values from 1 variable over 89 timesteps [1.73s 72MB].
cdo(1) seltimestep: Process started
cdo(2) shifttime: Process started
cdo(3) copy: Process started
cdo(3) copy: Processed 2180500 values from 1 variable over 89 timesteps.
cdo(2) shifttime: Processed 2180500 values from 1 variable over 89 timesteps.
cdo(1) seltimestep: Processed 24500 values from 1 variable over 2 timesteps.
cdo    mulc: Processed 24500 values from 1 variable over 1 timestep [0.04s 29MB].
cdo    mergetime: Processed 2205000 values from 2 variables over 90 timesteps [0.06s 32MB].
0-90 is done
Number of files to process with CDO: 1
cdo(1) divc: Process started
cdo(2) setattribute: Process started
cdo(3) chname: Process started
cdo(4) mergetime: Process started
cdo(4) mergetime: Processed 24500 values from 1 variable over 1 timestep.
cdo(3) chname: Processed 24500 values from 1 variable over 1 timestep.
cdo(2) setattribute: Processed 24500 values from 1 variable over 1 timestep.
cdo(1) divc: Processed 24500 values from 1 variable over 1 timestep.
cdo(1) copy: Process started
cdo(1) copy: Processed 2205000 values from 1 variable over 90 timesteps.
90-144 is done
Number of files to process with CDO: 0
Fri Mar 24 01:00:00 PM CET 2023 processed!
Number of files to process with CDO: 89
cdo(1) divc: Process started
cdo(2) setattribute: Process started
cdo(3) chname: Process started
cdo(4) mergetime: Process started
cdo(4) mergetime: Processed 2180500 values from 89 variables over 89 timesteps.
cdo(3) chname: Processed 2180500 values from 1 variable over 89 timesteps.
cdo(2) setattribute: Processed 2180500 values from 1 variable over 89 timesteps.
cdo(1) divc: Processed 2180500 values from 1 variable over 89 timesteps.
cdo    timcumsum: Processed 2180500 values from 1 variable over 89 timesteps [1.70s 72MB].
cdo(1) seltimestep: Process started
cdo(2) shifttime: Process started
cdo(3) copy: Process started
cdo(3) copy: Processed 2180500 values from 1 variable over 89 timesteps.
cdo(2) shifttime: Processed 2180500 values from 1 variable over 89 timesteps.
cdo(1) seltimestep: Processed 24500 values from 1 variable over 2 timesteps.
cdo    mulc: Processed 24500 values from 1 variable over 1 timestep [0.04s 30MB].
cdo    mergetime: Processed 2205000 values from 2 variables over 90 timesteps [0.08s 32MB].
0-90 is done
Number of files to process with CDO: 1
cdo(1) divc: Process started
cdo(2) setattribute: Process started
cdo(3) chname: Process started
cdo(4) mergetime: Process started
cdo(4) mergetime: Processed 24500 values from 1 variable over 1 timestep.
cdo(3) chname: Processed 24500 values from 1 variable over 1 timestep.
cdo(2) setattribute: Processed 24500 values from 1 variable over 1 timestep.
cdo(1) divc: Processed 24500 values from 1 variable over 1 timestep.
cdo(1) copy: Process started
cdo(1) copy: Processed 2205000 values from 1 variable over 90 timesteps.
90-144 is done
Number of files to process with CDO: 0
Sat Mar 25 01:00:00 PM CET 2023 processed!
Number of files to process with CDO: 89
cdo(1) divc: Process started
cdo(2) setattribute: Process started
cdo(3) chname: Process started
cdo(4) mergetime: Process started
cdo(4) mergetime: Processed 2180500 values from 89 variables over 89 timesteps.
cdo(3) chname: Processed 2180500 values from 1 variable over 89 timesteps.
cdo(2) setattribute: Processed 2180500 values from 1 variable over 89 timesteps.
cdo(1) divc: Processed 2180500 values from 1 variable over 89 timesteps.
cdo    timcumsum: Processed 2180500 values from 1 variable over 89 timesteps [1.92s 72MB].
cdo(1) seltimestep: Process started
cdo(2) shifttime: Process started
cdo(3) copy: Process started
cdo(3) copy: Processed 2180500 values from 1 variable over 89 timesteps.
cdo(2) shifttime: Processed 2180500 values from 1 variable over 89 timesteps.
cdo(1) seltimestep: Processed 24500 values from 1 variable over 2 timesteps.
cdo    mulc: Processed 24500 values from 1 variable over 1 timestep [0.04s 30MB].
cdo    mergetime: Processed 2205000 values from 2 variables over 90 timesteps [0.09s 31MB].
0-90 is done
Number of files to process with CDO: 1
cdo(1) divc: Process started
cdo(2) setattribute: Process started
cdo(3) chname: Process started
cdo(4) mergetime: Process started
cdo(4) mergetime: Processed 24500 values from 1 variable over 1 timestep.
cdo(3) chname: Processed 24500 values from 1 variable over 1 timestep.
cdo(2) setattribute: Processed 24500 values from 1 variable over 1 timestep.
cdo(1) divc: Processed 24500 values from 1 variable over 1 timestep.
cdo(1) copy: Process started
cdo(1) copy: Processed 2205000 values from 1 variable over 90 timesteps.
90-144 is done
Number of files to process with CDO: 0
Sun Mar 26 02:00:00 PM CEST 2023 processed!
Number of files to process with CDO: 89
cdo(1) divc: Process started
cdo(2) setattribute: Process started
cdo(3) chname: Process started
cdo(4) mergetime: Process started
cdo(4) mergetime: Processed 2180500 values from 89 variables over 89 timesteps.
cdo(3) chname: Processed 2180500 values from 1 variable over 89 timesteps.
cdo(2) setattribute: Processed 2180500 values from 1 variable over 89 timesteps.
cdo(1) divc: Processed 2180500 values from 1 variable over 89 timesteps.
cdo    timcumsum: Processed 2180500 values from 1 variable over 89 timesteps [1.84s 72MB].
cdo(1) seltimestep: Process started
cdo(2) shifttime: Process started
cdo(3) copy: Process started
cdo(3) copy: Processed 2180500 values from 1 variable over 89 timesteps.
cdo(2) shifttime: Processed 2180500 values from 1 variable over 89 timesteps.
cdo(1) seltimestep: Processed 24500 values from 1 variable over 2 timesteps.
cdo    mulc: Processed 24500 values from 1 variable over 1 timestep [0.04s 29MB].
cdo    mergetime: Processed 2205000 values from 2 variables over 90 timesteps [0.09s 31MB].
0-90 is done
Number of files to process with CDO: 1
cdo(1) divc: Process started
cdo(2) setattribute: Process started
cdo(3) chname: Process started
cdo(4) mergetime: Process started
cdo(4) mergetime: Processed 24500 values from 1 variable over 1 timestep.
cdo(3) chname: Processed 24500 values from 1 variable over 1 timestep.
cdo(2) setattribute: Processed 24500 values from 1 variable over 1 timestep.
cdo(1) divc: Processed 24500 values from 1 variable over 1 timestep.
cdo(1) copy: Process started
cdo(1) copy: Processed 2205000 values from 1 variable over 90 timesteps.
90-144 is done
Number of files to process with CDO: 0
Mon Mar 27 02:00:00 PM CEST 2023 processed!
Number of files to process with CDO: 89
cdo(1) divc: Process started
cdo(2) setattribute: Process started
cdo(3) chname: Process started
cdo(4) mergetime: Process started
cdo(4) mergetime: Processed 2180500 values from 89 variables over 89 timesteps.
cdo(3) chname: Processed 2180500 values from 1 variable over 89 timesteps.
cdo(2) setattribute: Processed 2180500 values from 1 variable over 89 timesteps.
cdo(1) divc: Processed 2180500 values from 1 variable over 89 timesteps.
cdo    timcumsum: Processed 2180500 values from 1 variable over 89 timesteps [1.74s 72MB].
cdo(1) seltimestep: Process started
cdo(2) shifttime: Process started
cdo(3) copy: Process started
cdo(3) copy: Processed 2180500 values from 1 variable over 89 timesteps.
cdo(2) shifttime: Processed 2180500 values from 1 variable over 89 timesteps.
cdo(1) seltimestep: Processed 24500 values from 1 variable over 2 timesteps.
cdo    mulc: Processed 24500 values from 1 variable over 1 timestep [0.03s 29MB].
cdo    mergetime: Processed 2205000 values from 2 variables over 90 timesteps [0.06s 32MB].
0-90 is done
Number of files to process with CDO: 1
cdo(1) divc: Process started
cdo(2) setattribute: Process started
cdo(3) chname: Process started
cdo(4) mergetime: Process started
cdo(4) mergetime: Processed 24500 values from 1 variable over 1 timestep.
cdo(3) chname: Processed 24500 values from 1 variable over 1 timestep.
cdo(2) setattribute: Processed 24500 values from 1 variable over 1 timestep.
cdo(1) divc: Processed 24500 values from 1 variable over 1 timestep.
cdo(1) copy: Process started
cdo(1) copy: Processed 2205000 values from 1 variable over 90 timesteps.
90-144 is done
Number of files to process with CDO: 0
Tue Mar 28 02:00:00 PM CEST 2023 processed!
Number of files to process with CDO: 89
cdo(1) divc: Process started
cdo(2) setattribute: Process started
cdo(3) chname: Process started
cdo(4) mergetime: Process started
cdo(4) mergetime: Processed 2180500 values from 89 variables over 89 timesteps.
cdo(3) chname: Processed 2180500 values from 1 variable over 89 timesteps.
cdo(2) setattribute: Processed 2180500 values from 1 variable over 89 timesteps.
cdo(1) divc: Processed 2180500 values from 1 variable over 89 timesteps.
cdo    timcumsum: Processed 2180500 values from 1 variable over 89 timesteps [1.59s 74MB].
cdo(1) seltimestep: Process started
cdo(2) shifttime: Process started
cdo(3) copy: Process started
cdo(3) copy: Processed 2180500 values from 1 variable over 89 timesteps.
cdo(2) shifttime: Processed 2180500 values from 1 variable over 89 timesteps.
cdo(1) seltimestep: Processed 24500 values from 1 variable over 2 timesteps.
cdo    mulc: Processed 24500 values from 1 variable over 1 timestep [0.04s 29MB].
cdo    mergetime: Processed 2205000 values from 2 variables over 90 timesteps [0.08s 31MB].
0-90 is done
Number of files to process with CDO: 1
cdo(1) divc: Process started
cdo(2) setattribute: Process started
cdo(3) chname: Process started
cdo(4) mergetime: Process started
cdo(4) mergetime: Processed 24500 values from 1 variable over 1 timestep.
cdo(3) chname: Processed 24500 values from 1 variable over 1 timestep.
cdo(2) setattribute: Processed 24500 values from 1 variable over 1 timestep.
cdo(1) divc: Processed 24500 values from 1 variable over 1 timestep.
cdo(1) copy: Process started
cdo(1) copy: Processed 2205000 values from 1 variable over 90 timesteps.
90-144 is done
Number of files to process with CDO: 0
Wed Mar 29 02:00:00 PM CEST 2023 processed!
Number of files to process with CDO: 89
cdo(1) divc: Process started
cdo(2) setattribute: Process started
cdo(3) chname: Process started
cdo(4) mergetime: Process started
cdo(4) mergetime: Processed 2180500 values from 89 variables over 89 timesteps.
cdo(3) chname: Processed 2180500 values from 1 variable over 89 timesteps.
cdo(2) setattribute: Processed 2180500 values from 1 variable over 89 timesteps.
cdo(1) divc: Processed 2180500 values from 1 variable over 89 timesteps.
cdo    timcumsum: Processed 2180500 values from 1 variable over 89 timesteps [1.58s 72MB].
cdo(1) seltimestep: Process started
cdo(2) shifttime: Process started
cdo(3) copy: Process started
cdo(3) copy: Processed 2180500 values from 1 variable over 89 timesteps.
cdo(2) shifttime: Processed 2180500 values from 1 variable over 89 timesteps.
cdo(1) seltimestep: Processed 24500 values from 1 variable over 2 timesteps.
cdo    mulc: Processed 24500 values from 1 variable over 1 timestep [0.04s 29MB].
cdo    mergetime: Processed 2205000 values from 2 variables over 90 timesteps [0.06s 32MB].
0-90 is done
Number of files to process with CDO: 1
cdo(1) divc: Process started
cdo(2) setattribute: Process started
cdo(3) chname: Process started
cdo(4) mergetime: Process started
cdo(4) mergetime: Processed 24500 values from 1 variable over 1 timestep.
cdo(3) chname: Processed 24500 values from 1 variable over 1 timestep.
cdo(2) setattribute: Processed 24500 values from 1 variable over 1 timestep.
cdo(1) divc: Processed 24500 values from 1 variable over 1 timestep.
cdo(1) copy: Process started
cdo(1) copy: Processed 2205000 values from 1 variable over 90 timesteps.
90-144 is done
Number of files to process with CDO: 0
Thu Mar 30 02:00:00 PM CEST 2023 processed!
Number of files to process with CDO: 89
cdo(1) divc: Process started
cdo(2) setattribute: Process started
cdo(3) chname: Process started
cdo(4) mergetime: Process started
cdo(4) mergetime: Processed 2180500 values from 89 variables over 89 timesteps.
cdo(3) chname: Processed 2180500 values from 1 variable over 89 timesteps.
cdo(2) setattribute: Processed 2180500 values from 1 variable over 89 timesteps.
cdo(1) divc: Processed 2180500 values from 1 variable over 89 timesteps.
cdo    timcumsum: Processed 2180500 values from 1 variable over 89 timesteps [1.70s 72MB].
cdo(1) seltimestep: Process started
cdo(2) shifttime: Process started
cdo(3) copy: Process started
cdo(3) copy: Processed 2180500 values from 1 variable over 89 timesteps.
cdo(2) shifttime: Processed 2180500 values from 1 variable over 89 timesteps.
cdo(1) seltimestep: Processed 24500 values from 1 variable over 2 timesteps.
cdo    mulc: Processed 24500 values from 1 variable over 1 timestep [0.03s 29MB].
cdo    mergetime: Processed 2205000 values from 2 variables over 90 timesteps [0.07s 31MB].
0-90 is done
Number of files to process with CDO: 1
cdo(1) divc: Process started
cdo(2) setattribute: Process started
cdo(3) chname: Process started
cdo(4) mergetime: Process started
cdo(4) mergetime: Processed 24500 values from 1 variable over 1 timestep.
cdo(3) chname: Processed 24500 values from 1 variable over 1 timestep.
cdo(2) setattribute: Processed 24500 values from 1 variable over 1 timestep.
cdo(1) divc: Processed 24500 values from 1 variable over 1 timestep.
cdo(1) copy: Process started
cdo(1) copy: Processed 2205000 values from 1 variable over 90 timesteps.
90-144 is done
Number of files to process with CDO: 0
Fri Mar 31 02:00:00 PM CEST 2023 processed!
