All necessary directories have been created or already exist.
Step 4) Create datasets for each YYYYMMDD and temporal resolution (hourly, three-hourly, and six-hourly)
Number of files to process with CDO: 90
cdo(1) divc: Process started
cdo(2) setattribute: Process started
cdo(3) chname: Process started
cdo(4) mergetime: Process started
cdo(4) mergetime: Processed 2205000 values from 90 variables over 90 timesteps.
cdo(3) chname: Processed 2205000 values from 1 variable over 90 timesteps.
cdo(2) setattribute: Processed 2205000 values from 1 variable over 90 timesteps.
cdo(1) divc: Processed 2205000 values from 1 variable over 90 timesteps.
cdo    timcumsum: Processed 2205000 values from 1 variable over 90 timesteps [1.84s 73MB].
cdo(1) seltimestep: Process started
cdo(2) shifttime: Process started
cdo(3) copy: Process started
cdo(3) copy: Processed 2205000 values from 1 variable over 90 timesteps.
cdo(2) shifttime: Processed 2205000 values from 1 variable over 90 timesteps.
cdo(1) seltimestep: Processed 24500 values from 1 variable over 2 timesteps.
cdo    mulc: Processed 24500 values from 1 variable over 1 timestep [0.05s 30MB].
cdo    mergetime: Processed 2229500 values from 2 variables over 91 timesteps [0.31s 32MB].
cdo    replace: Processed 20065500 values from 10 variables over 182 timesteps [0.46s 98MB].
0-90 is done
Number of files to process with CDO: 19
cdo(1) divc: Process started
cdo(2) setattribute: Process started
cdo(3) chname: Process started
cdo(4) mergetime: Process started
cdo(4) mergetime: Processed 465500 values from 19 variables over 19 timesteps.
cdo(3) chname: Processed 465500 values from 1 variable over 19 timesteps.
cdo(2) setattribute: Processed 465500 values from 1 variable over 19 timesteps.
cdo(1) divc: Processed 465500 values from 1 variable over 19 timesteps.
cdo    seltimestep: Processed 441000 values from 1 variable over 19 timesteps [0.36s 31MB].
cdo(1) copy: Process started
cdo(1) copy: Processed 2229500 values from 1 variable over 91 timesteps.
cdo    seltimestep: Processed 24500 values from 1 variable over 91 timesteps [0.03s 31MB].
cdo(1) mergetime: Process started
cdo(1) mergetime: Processed 465500 values from 2 variables over 19 timesteps.
cdo    timcumsum: Processed 465500 values from 1 variable over 19 timesteps [0.02s 18MB].
cdo    replace: Processed 4189500 values from 10 variables over 38 timesteps [0.13s 28MB].
90-144 is done
Number of files to process with CDO: 17
cdo(1) divc: Process started
cdo(2) setattribute: Process started
cdo(3) chname: Process started
cdo(4) mergetime: Process started
cdo(4) mergetime: Processed 416500 values from 17 variables over 17 timesteps.
cdo(3) chname: Processed 416500 values from 1 variable over 17 timesteps.
cdo(2) setattribute: Processed 416500 values from 1 variable over 17 timesteps.
cdo(1) divc: Processed 416500 values from 1 variable over 17 timesteps.
cdo    seltimestep: Processed 392000 values from 1 variable over 17 timesteps [0.38s 28MB].
cdo(1) copy: Process started
cdo(1) copy: Processed 465500 values from 1 variable over 19 timesteps.
cdo    seltimestep: Processed 24500 values from 1 variable over 19 timesteps [0.01s 17MB].
cdo(1) mergetime: Process started
cdo(1) mergetime: Processed 416500 values from 2 variables over 17 timesteps.
cdo    timcumsum: Processed 416500 values from 1 variable over 17 timesteps [0.02s 18MB].
cdo    replace: Processed 3748500 values from 10 variables over 34 timesteps [0.11s 28MB].
20190301 13 processed!
Number of files to process with CDO: 90
cdo(1) divc: Process started
cdo(2) setattribute: Process started
cdo(3) chname: Process started
cdo(4) mergetime: Process started
cdo(4) mergetime: Processed 2205000 values from 90 variables over 90 timesteps.
cdo(3) chname: Processed 2205000 values from 1 variable over 90 timesteps.
cdo(2) setattribute: Processed 2205000 values from 1 variable over 90 timesteps.
cdo(1) divc: Processed 2205000 values from 1 variable over 90 timesteps.
cdo    timcumsum: Processed 2205000 values from 1 variable over 90 timesteps [1.78s 73MB].
cdo(1) seltimestep: Process started
cdo(2) shifttime: Process started
cdo(3) copy: Process started
cdo(3) copy: Processed 2205000 values from 1 variable over 90 timesteps.
cdo(2) shifttime: Processed 2205000 values from 1 variable over 90 timesteps.
cdo(1) seltimestep: Processed 24500 values from 1 variable over 2 timesteps.
cdo    mulc: Processed 24500 values from 1 variable over 1 timestep [0.04s 30MB].
cdo    mergetime: Processed 2229500 values from 2 variables over 91 timesteps [0.08s 32MB].
cdo    replace: Processed 20065500 values from 10 variables over 182 timesteps [0.47s 97MB].
0-90 is done
Number of files to process with CDO: 19
cdo(1) divc: Process started
cdo(2) setattribute: Process started
cdo(3) chname: Process started
cdo(4) mergetime: Process started
cdo(4) mergetime: Processed 465500 values from 19 variables over 19 timesteps.
cdo(3) chname: Processed 465500 values from 1 variable over 19 timesteps.
cdo(2) setattribute: Processed 465500 values from 1 variable over 19 timesteps.
cdo(1) divc: Processed 465500 values from 1 variable over 19 timesteps.
cdo    seltimestep: Processed 441000 values from 1 variable over 19 timesteps [0.35s 30MB].
cdo(1) copy: Process started
cdo(1) copy: Processed 2229500 values from 1 variable over 91 timesteps.
cdo    seltimestep: Processed 24500 values from 1 variable over 91 timesteps [0.03s 30MB].
cdo(1) mergetime: Process started
cdo(1) mergetime: Processed 465500 values from 2 variables over 19 timesteps.
cdo    timcumsum: Processed 465500 values from 1 variable over 19 timesteps [0.05s 18MB].
cdo    replace: Processed 4189500 values from 10 variables over 38 timesteps [0.14s 29MB].
90-144 is done
Number of files to process with CDO: 17
cdo(1) divc: Process started
cdo(2) setattribute: Process started
cdo(3) chname: Process started
cdo(4) mergetime: Process started
cdo(4) mergetime: Processed 416500 values from 17 variables over 17 timesteps.
cdo(3) chname: Processed 416500 values from 1 variable over 17 timesteps.
cdo(2) setattribute: Processed 416500 values from 1 variable over 17 timesteps.
cdo(1) divc: Processed 416500 values from 1 variable over 17 timesteps.
cdo    seltimestep: Processed 392000 values from 1 variable over 17 timesteps [0.31s 29MB].
cdo(1) copy: Process started
cdo(1) copy: Processed 465500 values from 1 variable over 19 timesteps.
cdo    seltimestep: Processed 24500 values from 1 variable over 19 timesteps [0.01s 17MB].
cdo(1) mergetime: Process started
cdo(1) mergetime: Processed 416500 values from 2 variables over 17 timesteps.
cdo    timcumsum: Processed 416500 values from 1 variable over 17 timesteps [0.02s 18MB].
cdo    replace: Processed 3748500 values from 10 variables over 34 timesteps [0.12s 26MB].
Sat Mar 2 01:00:00 PM CET 2019 processed!
Number of files to process with CDO: 90
cdo(1) divc: Process started
cdo(2) setattribute: Process started
cdo(3) chname: Process started
cdo(4) mergetime: Process started
cdo(4) mergetime: Processed 2205000 values from 90 variables over 90 timesteps.
cdo(3) chname: Processed 2205000 values from 1 variable over 90 timesteps.
cdo(2) setattribute: Processed 2205000 values from 1 variable over 90 timesteps.
cdo(1) divc: Processed 2205000 values from 1 variable over 90 timesteps.
cdo    timcumsum: Processed 2205000 values from 1 variable over 90 timesteps [1.85s 73MB].
cdo(1) seltimestep: Process started
cdo(2) shifttime: Process started
cdo(3) copy: Process started
cdo(3) copy: Processed 2205000 values from 1 variable over 90 timesteps.
cdo(2) shifttime: Processed 2205000 values from 1 variable over 90 timesteps.
cdo(1) seltimestep: Processed 24500 values from 1 variable over 2 timesteps.
cdo    mulc: Processed 24500 values from 1 variable over 1 timestep [0.04s 29MB].
cdo    mergetime: Processed 2229500 values from 2 variables over 91 timesteps [0.09s 33MB].
cdo    replace: Processed 20065500 values from 10 variables over 182 timesteps [0.44s 95MB].
0-90 is done
Number of files to process with CDO: 19
cdo(1) divc: Process started
cdo(2) setattribute: Process started
cdo(3) chname: Process started
cdo(4) mergetime: Process started
cdo(4) mergetime: Processed 465500 values from 19 variables over 19 timesteps.
cdo(3) chname: Processed 465500 values from 1 variable over 19 timesteps.
cdo(2) setattribute: Processed 465500 values from 1 variable over 19 timesteps.
cdo(1) divc: Processed 465500 values from 1 variable over 19 timesteps.
cdo    seltimestep: Processed 441000 values from 1 variable over 19 timesteps [0.32s 30MB].
cdo(1) copy: Process started
cdo(1) copy: Processed 2229500 values from 1 variable over 91 timesteps.
cdo    seltimestep: Processed 24500 values from 1 variable over 91 timesteps [0.03s 30MB].
cdo(1) mergetime: Process started
cdo(1) mergetime: Processed 465500 values from 2 variables over 19 timesteps.
cdo    timcumsum: Processed 465500 values from 1 variable over 19 timesteps [0.03s 18MB].
cdo    replace: Processed 4189500 values from 10 variables over 38 timesteps [0.14s 27MB].
90-144 is done
Number of files to process with CDO: 17
cdo(1) divc: Process started
cdo(2) setattribute: Process started
cdo(3) chname: Process started
cdo(4) mergetime: Process started
cdo(4) mergetime: Processed 416500 values from 17 variables over 17 timesteps.
cdo(3) chname: Processed 416500 values from 1 variable over 17 timesteps.
cdo(2) setattribute: Processed 416500 values from 1 variable over 17 timesteps.
cdo(1) divc: Processed 416500 values from 1 variable over 17 timesteps.
cdo    seltimestep: Processed 392000 values from 1 variable over 17 timesteps [0.37s 30MB].
cdo(1) copy: Process started
cdo(1) copy: Processed 465500 values from 1 variable over 19 timesteps.
cdo    seltimestep: Processed 24500 values from 1 variable over 19 timesteps [0.01s 18MB].
cdo(1) mergetime: Process started
cdo(1) mergetime: Processed 416500 values from 2 variables over 17 timesteps.
cdo    timcumsum: Processed 416500 values from 1 variable over 17 timesteps [0.03s 18MB].
cdo    replace: Processed 3748500 values from 10 variables over 34 timesteps [0.13s 26MB].
Sun Mar 3 01:00:00 PM CET 2019 processed!
Number of files to process with CDO: 90
cdo(1) divc: Process started
cdo(2) setattribute: Process started
cdo(3) chname: Process started
cdo(4) mergetime: Process started
cdo(4) mergetime: Processed 2205000 values from 90 variables over 90 timesteps.
cdo(3) chname: Processed 2205000 values from 1 variable over 90 timesteps.
cdo(2) setattribute: Processed 2205000 values from 1 variable over 90 timesteps.
cdo(1) divc: Processed 2205000 values from 1 variable over 90 timesteps.
cdo    timcumsum: Processed 2205000 values from 1 variable over 90 timesteps [1.99s 73MB].
cdo(1) seltimestep: Process started
cdo(2) shifttime: Process started
cdo(3) copy: Process started
cdo(3) copy: Processed 2205000 values from 1 variable over 90 timesteps.
cdo(2) shifttime: Processed 2205000 values from 1 variable over 90 timesteps.
cdo(1) seltimestep: Processed 24500 values from 1 variable over 2 timesteps.
cdo    mulc: Processed 24500 values from 1 variable over 1 timestep [0.04s 30MB].
cdo    mergetime: Processed 2229500 values from 2 variables over 91 timesteps [0.11s 31MB].
cdo    replace: Processed 20065500 values from 10 variables over 182 timesteps [0.43s 95MB].
0-90 is done
Number of files to process with CDO: 19
cdo(1) divc: Process started
cdo(2) setattribute: Process started
cdo(3) chname: Process started
cdo(4) mergetime: Process started
cdo(4) mergetime: Processed 465500 values from 19 variables over 19 timesteps.
cdo(3) chname: Processed 465500 values from 1 variable over 19 timesteps.
cdo(2) setattribute: Processed 465500 values from 1 variable over 19 timesteps.
cdo(1) divc: Processed 465500 values from 1 variable over 19 timesteps.
cdo    seltimestep: Processed 441000 values from 1 variable over 19 timesteps [0.40s 31MB].
cdo(1) copy: Process started
cdo(1) copy: Processed 2229500 values from 1 variable over 91 timesteps.
cdo    seltimestep: Processed 24500 values from 1 variable over 91 timesteps [0.02s 30MB].
cdo(1) mergetime: Process started
cdo(1) mergetime: Processed 465500 values from 2 variables over 19 timesteps.
cdo    timcumsum: Processed 465500 values from 1 variable over 19 timesteps [0.02s 18MB].
cdo    replace: Processed 4189500 values from 10 variables over 38 timesteps [0.12s 28MB].
90-144 is done
Number of files to process with CDO: 17
cdo(1) divc: Process started
cdo(2) setattribute: Process started
cdo(3) chname: Process started
cdo(4) mergetime: Process started
cdo(4) mergetime: Processed 416500 values from 17 variables over 17 timesteps.
cdo(3) chname: Processed 416500 values from 1 variable over 17 timesteps.
cdo(2) setattribute: Processed 416500 values from 1 variable over 17 timesteps.
cdo(1) divc: Processed 416500 values from 1 variable over 17 timesteps.
cdo    seltimestep: Processed 392000 values from 1 variable over 17 timesteps [0.37s 28MB].
cdo(1) copy: Process started
cdo(1) copy: Processed 465500 values from 1 variable over 19 timesteps.
cdo    seltimestep: Processed 24500 values from 1 variable over 19 timesteps [0.01s 17MB].
cdo(1) mergetime: Process started
cdo(1) mergetime: Processed 416500 values from 2 variables over 17 timesteps.
cdo    timcumsum: Processed 416500 values from 1 variable over 17 timesteps [0.02s 18MB].
cdo    replace: Processed 3748500 values from 10 variables over 34 timesteps [0.11s 27MB].
Mon Mar 4 01:00:00 PM CET 2019 processed!
Number of files to process with CDO: 90
cdo(1) divc: Process started
cdo(2) setattribute: Process started
cdo(3) chname: Process started
cdo(4) mergetime: Process started
cdo(4) mergetime: Processed 2205000 values from 90 variables over 90 timesteps.
cdo(3) chname: Processed 2205000 values from 1 variable over 90 timesteps.
cdo(2) setattribute: Processed 2205000 values from 1 variable over 90 timesteps.
cdo(1) divc: Processed 2205000 values from 1 variable over 90 timesteps.
cdo    timcumsum: Processed 2205000 values from 1 variable over 90 timesteps [1.92s 73MB].
cdo(1) seltimestep: Process started
cdo(2) shifttime: Process started
cdo(3) copy: Process started
cdo(3) copy: Processed 2205000 values from 1 variable over 90 timesteps.
cdo(2) shifttime: Processed 2205000 values from 1 variable over 90 timesteps.
cdo(1) seltimestep: Processed 24500 values from 1 variable over 2 timesteps.
cdo    mulc: Processed 24500 values from 1 variable over 1 timestep [0.04s 30MB].
cdo    mergetime: Processed 2229500 values from 2 variables over 91 timesteps [0.08s 31MB].
cdo    replace: Processed 20065500 values from 10 variables over 182 timesteps [0.46s 96MB].
0-90 is done
Number of files to process with CDO: 19
cdo(1) divc: Process started
cdo(2) setattribute: Process started
cdo(3) chname: Process started
cdo(4) mergetime: Process started
cdo(4) mergetime: Processed 465500 values from 19 variables over 19 timesteps.
cdo(3) chname: Processed 465500 values from 1 variable over 19 timesteps.
cdo(2) setattribute: Processed 465500 values from 1 variable over 19 timesteps.
cdo(1) divc: Processed 465500 values from 1 variable over 19 timesteps.
cdo    seltimestep: Processed 441000 values from 1 variable over 19 timesteps [0.45s 30MB].
cdo(1) copy: Process started
cdo(1) copy: Processed 2229500 values from 1 variable over 91 timesteps.
cdo    seltimestep: Processed 24500 values from 1 variable over 91 timesteps [0.03s 31MB].
cdo(1) mergetime: Process started
cdo(1) mergetime: Processed 465500 values from 2 variables over 19 timesteps.
cdo    timcumsum: Processed 465500 values from 1 variable over 19 timesteps [0.03s 18MB].
cdo    replace: Processed 4189500 values from 10 variables over 38 timesteps [0.12s 29MB].
90-144 is done
Number of files to process with CDO: 17
cdo(1) divc: Process started
cdo(2) setattribute: Process started
cdo(3) chname: Process started
cdo(4) mergetime: Process started
cdo(4) mergetime: Processed 416500 values from 17 variables over 17 timesteps.
cdo(3) chname: Processed 416500 values from 1 variable over 17 timesteps.
cdo(2) setattribute: Processed 416500 values from 1 variable over 17 timesteps.
cdo(1) divc: Processed 416500 values from 1 variable over 17 timesteps.
cdo    seltimestep: Processed 392000 values from 1 variable over 17 timesteps [0.35s 28MB].
cdo(1) copy: Process started
cdo(1) copy: Processed 465500 values from 1 variable over 19 timesteps.
cdo    seltimestep: Processed 24500 values from 1 variable over 19 timesteps [0.01s 16MB].
cdo(1) mergetime: Process started
cdo(1) mergetime: Processed 416500 values from 2 variables over 17 timesteps.
cdo    timcumsum: Processed 416500 values from 1 variable over 17 timesteps [0.02s 18MB].
cdo    replace: Processed 3748500 values from 10 variables over 34 timesteps [0.12s 27MB].
Tue Mar 5 01:00:00 PM CET 2019 processed!
Number of files to process with CDO: 90
cdo(1) divc: Process started
cdo(2) setattribute: Process started
cdo(3) chname: Process started
cdo(4) mergetime: Process started
cdo(4) mergetime: Processed 2205000 values from 90 variables over 90 timesteps.
cdo(3) chname: Processed 2205000 values from 1 variable over 90 timesteps.
cdo(2) setattribute: Processed 2205000 values from 1 variable over 90 timesteps.
cdo(1) divc: Processed 2205000 values from 1 variable over 90 timesteps.
cdo    timcumsum: Processed 2205000 values from 1 variable over 90 timesteps [1.84s 73MB].
cdo(1) seltimestep: Process started
cdo(2) shifttime: Process started
cdo(3) copy: Process started
cdo(3) copy: Processed 2205000 values from 1 variable over 90 timesteps.
cdo(2) shifttime: Processed 2205000 values from 1 variable over 90 timesteps.
cdo(1) seltimestep: Processed 24500 values from 1 variable over 2 timesteps.
cdo    mulc: Processed 24500 values from 1 variable over 1 timestep [0.04s 30MB].
cdo    mergetime: Processed 2229500 values from 2 variables over 91 timesteps [0.11s 32MB].
cdo    replace: Processed 20065500 values from 10 variables over 182 timesteps [0.48s 97MB].
0-90 is done
Number of files to process with CDO: 19
cdo(1) divc: Process started
cdo(2) setattribute: Process started
cdo(3) chname: Process started
cdo(4) mergetime: Process started
cdo(4) mergetime: Processed 465500 values from 19 variables over 19 timesteps.
cdo(3) chname: Processed 465500 values from 1 variable over 19 timesteps.
cdo(2) setattribute: Processed 465500 values from 1 variable over 19 timesteps.
cdo(1) divc: Processed 465500 values from 1 variable over 19 timesteps.
cdo    seltimestep: Processed 441000 values from 1 variable over 19 timesteps [0.44s 30MB].
cdo(1) copy: Process started
cdo(1) copy: Processed 2229500 values from 1 variable over 91 timesteps.
cdo    seltimestep: Processed 24500 values from 1 variable over 91 timesteps [0.03s 30MB].
cdo(1) mergetime: Process started
cdo(1) mergetime: Processed 465500 values from 2 variables over 19 timesteps.
cdo    timcumsum: Processed 465500 values from 1 variable over 19 timesteps [0.05s 18MB].
cdo    replace: Processed 4189500 values from 10 variables over 38 timesteps [0.15s 27MB].
90-144 is done
Number of files to process with CDO: 17
cdo(1) divc: Process started
cdo(2) setattribute: Process started
cdo(3) chname: Process started
cdo(4) mergetime: Process started
cdo(4) mergetime: Processed 416500 values from 17 variables over 17 timesteps.
cdo(3) chname: Processed 416500 values from 1 variable over 17 timesteps.
cdo(2) setattribute: Processed 416500 values from 1 variable over 17 timesteps.
cdo(1) divc: Processed 416500 values from 1 variable over 17 timesteps.
cdo    seltimestep: Processed 392000 values from 1 variable over 17 timesteps [0.41s 28MB].
cdo(1) copy: Process started
cdo(1) copy: Processed 465500 values from 1 variable over 19 timesteps.
cdo    seltimestep: Processed 24500 values from 1 variable over 19 timesteps [0.01s 17MB].
cdo(1) mergetime: Process started
cdo(1) mergetime: Processed 416500 values from 2 variables over 17 timesteps.
cdo    timcumsum: Processed 416500 values from 1 variable over 17 timesteps [0.02s 18MB].
cdo    replace: Processed 3748500 values from 10 variables over 34 timesteps [0.13s 26MB].
Wed Mar 6 01:00:00 PM CET 2019 processed!
Number of files to process with CDO: 90
cdo(1) divc: Process started
cdo(2) setattribute: Process started
cdo(3) chname: Process started
cdo(4) mergetime: Process started
cdo(4) mergetime: Processed 2205000 values from 90 variables over 90 timesteps.
cdo(3) chname: Processed 2205000 values from 1 variable over 90 timesteps.
cdo(2) setattribute: Processed 2205000 values from 1 variable over 90 timesteps.
cdo(1) divc: Processed 2205000 values from 1 variable over 90 timesteps.
cdo    timcumsum: Processed 2205000 values from 1 variable over 90 timesteps [1.85s 73MB].
cdo(1) seltimestep: Process started
cdo(2) shifttime: Process started
cdo(3) copy: Process started
cdo(3) copy: Processed 2205000 values from 1 variable over 90 timesteps.
cdo(2) shifttime: Processed 2205000 values from 1 variable over 90 timesteps.
cdo(1) seltimestep: Processed 24500 values from 1 variable over 2 timesteps.
cdo    mulc: Processed 24500 values from 1 variable over 1 timestep [0.04s 30MB].
cdo    mergetime: Processed 2229500 values from 2 variables over 91 timesteps [0.09s 32MB].
cdo    replace: Processed 20065500 values from 10 variables over 182 timesteps [0.41s 96MB].
0-90 is done
Number of files to process with CDO: 19
cdo(1) divc: Process started
cdo(2) setattribute: Process started
cdo(3) chname: Process started
cdo(4) mergetime: Process started
cdo(4) mergetime: Processed 465500 values from 19 variables over 19 timesteps.
cdo(3) chname: Processed 465500 values from 1 variable over 19 timesteps.
cdo(2) setattribute: Processed 465500 values from 1 variable over 19 timesteps.
cdo(1) divc: Processed 465500 values from 1 variable over 19 timesteps.
cdo    seltimestep: Processed 441000 values from 1 variable over 19 timesteps [0.39s 30MB].
cdo(1) copy: Process started
cdo(1) copy: Processed 2229500 values from 1 variable over 91 timesteps.
cdo    seltimestep: Processed 24500 values from 1 variable over 91 timesteps [0.03s 31MB].
cdo(1) mergetime: Process started
cdo(1) mergetime: Processed 465500 values from 2 variables over 19 timesteps.
cdo    timcumsum: Processed 465500 values from 1 variable over 19 timesteps [0.02s 18MB].
cdo    replace: Processed 4189500 values from 10 variables over 38 timesteps [0.12s 28MB].
90-144 is done
Number of files to process with CDO: 17
cdo(1) divc: Process started
cdo(2) setattribute: Process started
cdo(3) chname: Process started
cdo(4) mergetime: Process started
cdo(4) mergetime: Processed 416500 values from 17 variables over 17 timesteps.
cdo(3) chname: Processed 416500 values from 1 variable over 17 timesteps.
cdo(2) setattribute: Processed 416500 values from 1 variable over 17 timesteps.
cdo(1) divc: Processed 416500 values from 1 variable over 17 timesteps.
cdo    seltimestep: Processed 392000 values from 1 variable over 17 timesteps [0.38s 28MB].
cdo(1) copy: Process started
cdo(1) copy: Processed 465500 values from 1 variable over 19 timesteps.
cdo    seltimestep: Processed 24500 values from 1 variable over 19 timesteps [0.01s 17MB].
cdo(1) mergetime: Process started
cdo(1) mergetime: Processed 416500 values from 2 variables over 17 timesteps.
cdo    timcumsum: Processed 416500 values from 1 variable over 17 timesteps [0.05s 18MB].
cdo    replace: Processed 3748500 values from 10 variables over 34 timesteps [0.15s 27MB].
Thu Mar 7 01:00:00 PM CET 2019 processed!
Number of files to process with CDO: 90
cdo(1) divc: Process started
cdo(2) setattribute: Process started
cdo(3) chname: Process started
cdo(4) mergetime: Process started
cdo(4) mergetime: Processed 2205000 values from 90 variables over 90 timesteps.
cdo(3) chname: Processed 2205000 values from 1 variable over 90 timesteps.
cdo(2) setattribute: Processed 2205000 values from 1 variable over 90 timesteps.
cdo(1) divc: Processed 2205000 values from 1 variable over 90 timesteps.
cdo    timcumsum: Processed 2205000 values from 1 variable over 90 timesteps [1.94s 73MB].
cdo(1) seltimestep: Process started
cdo(2) shifttime: Process started
cdo(3) copy: Process started
cdo(3) copy: Processed 2205000 values from 1 variable over 90 timesteps.
cdo(2) shifttime: Processed 2205000 values from 1 variable over 90 timesteps.
cdo(1) seltimestep: Processed 24500 values from 1 variable over 2 timesteps.
cdo    mulc: Processed 24500 values from 1 variable over 1 timestep [0.04s 29MB].
cdo    mergetime: Processed 2229500 values from 2 variables over 91 timesteps [0.10s 31MB].
cdo    replace: Processed 20065500 values from 10 variables over 182 timesteps [0.50s 95MB].
0-90 is done
Number of files to process with CDO: 19
cdo(1) divc: Process started
cdo(2) setattribute: Process started
cdo(3) chname: Process started
cdo(4) mergetime: Process started
cdo(4) mergetime: Processed 465500 values from 19 variables over 19 timesteps.
cdo(3) chname: Processed 465500 values from 1 variable over 19 timesteps.
cdo(2) setattribute: Processed 465500 values from 1 variable over 19 timesteps.
cdo(1) divc: Processed 465500 values from 1 variable over 19 timesteps.
cdo    seltimestep: Processed 441000 values from 1 variable over 19 timesteps [0.39s 31MB].
cdo(1) copy: Process started
cdo(1) copy: Processed 2229500 values from 1 variable over 91 timesteps.
cdo    seltimestep: Processed 24500 values from 1 variable over 91 timesteps [0.03s 30MB].
cdo(1) mergetime: Process started
cdo(1) mergetime: Processed 465500 values from 2 variables over 19 timesteps.
cdo    timcumsum: Processed 465500 values from 1 variable over 19 timesteps [0.02s 18MB].
cdo    replace: Processed 4189500 values from 10 variables over 38 timesteps [0.15s 29MB].
90-144 is done
Number of files to process with CDO: 17
cdo(1) divc: Process started
cdo(2) setattribute: Process started
cdo(3) chname: Process started
cdo(4) mergetime: Process started
cdo(4) mergetime: Processed 416500 values from 17 variables over 17 timesteps.
cdo(3) chname: Processed 416500 values from 1 variable over 17 timesteps.
cdo(2) setattribute: Processed 416500 values from 1 variable over 17 timesteps.
cdo(1) divc: Processed 416500 values from 1 variable over 17 timesteps.
cdo    seltimestep: Processed 392000 values from 1 variable over 17 timesteps [0.38s 28MB].
cdo(1) copy: Process started
cdo(1) copy: Processed 465500 values from 1 variable over 19 timesteps.
cdo    seltimestep: Processed 24500 values from 1 variable over 19 timesteps [0.01s 17MB].
cdo(1) mergetime: Process started
cdo(1) mergetime: Processed 416500 values from 2 variables over 17 timesteps.
cdo    timcumsum: Processed 416500 values from 1 variable over 17 timesteps [0.02s 18MB].
cdo    replace: Processed 3748500 values from 10 variables over 34 timesteps [0.13s 26MB].
Fri Mar 8 01:00:00 PM CET 2019 processed!
Number of files to process with CDO: 90
cdo(1) divc: Process started
cdo(2) setattribute: Process started
cdo(3) chname: Process started
cdo(4) mergetime: Process started
cdo(4) mergetime: Processed 2205000 values from 90 variables over 90 timesteps.
cdo(3) chname: Processed 2205000 values from 1 variable over 90 timesteps.
cdo(2) setattribute: Processed 2205000 values from 1 variable over 90 timesteps.
cdo(1) divc: Processed 2205000 values from 1 variable over 90 timesteps.
cdo    timcumsum: Processed 2205000 values from 1 variable over 90 timesteps [1.97s 73MB].
cdo(1) seltimestep: Process started
cdo(2) shifttime: Process started
cdo(3) copy: Process started
cdo(3) copy: Processed 2205000 values from 1 variable over 90 timesteps.
cdo(2) shifttime: Processed 2205000 values from 1 variable over 90 timesteps.
cdo(1) seltimestep: Processed 24500 values from 1 variable over 2 timesteps.
cdo    mulc: Processed 24500 values from 1 variable over 1 timestep [0.04s 30MB].
cdo    mergetime: Processed 2229500 values from 2 variables over 91 timesteps [0.08s 31MB].
cdo    replace: Processed 20065500 values from 10 variables over 182 timesteps [0.48s 96MB].
0-90 is done
Number of files to process with CDO: 19
cdo(1) divc: Process started
cdo(2) setattribute: Process started
cdo(3) chname: Process started
cdo(4) mergetime: Process started
cdo(4) mergetime: Processed 465500 values from 19 variables over 19 timesteps.
cdo(3) chname: Processed 465500 values from 1 variable over 19 timesteps.
cdo(2) setattribute: Processed 465500 values from 1 variable over 19 timesteps.
cdo(1) divc: Processed 465500 values from 1 variable over 19 timesteps.
cdo    seltimestep: Processed 441000 values from 1 variable over 19 timesteps [0.37s 30MB].
cdo(1) copy: Process started
cdo(1) copy: Processed 2229500 values from 1 variable over 91 timesteps.
cdo    seltimestep: Processed 24500 values from 1 variable over 91 timesteps [0.03s 31MB].
cdo(1) mergetime: Process started
cdo(1) mergetime: Processed 465500 values from 2 variables over 19 timesteps.
cdo    timcumsum: Processed 465500 values from 1 variable over 19 timesteps [0.02s 18MB].
cdo    replace: Processed 4189500 values from 10 variables over 38 timesteps [0.17s 28MB].
90-144 is done
Number of files to process with CDO: 17
cdo(1) divc: Process started
cdo(2) setattribute: Process started
cdo(3) chname: Process started
cdo(4) mergetime: Process started
cdo(4) mergetime: Processed 416500 values from 17 variables over 17 timesteps.
cdo(3) chname: Processed 416500 values from 1 variable over 17 timesteps.
cdo(2) setattribute: Processed 416500 values from 1 variable over 17 timesteps.
cdo(1) divc: Processed 416500 values from 1 variable over 17 timesteps.
cdo    seltimestep: Processed 392000 values from 1 variable over 17 timesteps [0.37s 28MB].
cdo(1) copy: Process started
cdo(1) copy: Processed 465500 values from 1 variable over 19 timesteps.
cdo    seltimestep: Processed 24500 values from 1 variable over 19 timesteps [0.01s 17MB].
cdo(1) mergetime: Process started
cdo(1) mergetime: Processed 416500 values from 2 variables over 17 timesteps.
cdo    timcumsum: Processed 416500 values from 1 variable over 17 timesteps [0.02s 18MB].
cdo    replace: Processed 3748500 values from 10 variables over 34 timesteps [0.14s 26MB].
Sat Mar 9 01:00:00 PM CET 2019 processed!
Number of files to process with CDO: 90
cdo(1) divc: Process started
cdo(2) setattribute: Process started
cdo(3) chname: Process started
cdo(4) mergetime: Process started
cdo(4) mergetime: Processed 2205000 values from 90 variables over 90 timesteps.
cdo(3) chname: Processed 2205000 values from 1 variable over 90 timesteps.
cdo(2) setattribute: Processed 2205000 values from 1 variable over 90 timesteps.
cdo(1) divc: Processed 2205000 values from 1 variable over 90 timesteps.
cdo    timcumsum: Processed 2205000 values from 1 variable over 90 timesteps [1.95s 74MB].
cdo(1) seltimestep: Process started
cdo(2) shifttime: Process started
cdo(3) copy: Process started
cdo(3) copy: Processed 2205000 values from 1 variable over 90 timesteps.
cdo(2) shifttime: Processed 2205000 values from 1 variable over 90 timesteps.
cdo(1) seltimestep: Processed 24500 values from 1 variable over 2 timesteps.
cdo    mulc: Processed 24500 values from 1 variable over 1 timestep [0.04s 30MB].
cdo    mergetime: Processed 2229500 values from 2 variables over 91 timesteps [0.06s 31MB].
cdo    replace: Processed 20065500 values from 10 variables over 182 timesteps [0.43s 97MB].
0-90 is done
Number of files to process with CDO: 19
cdo(1) divc: Process started
cdo(2) setattribute: Process started
cdo(3) chname: Process started
cdo(4) mergetime: Process started
cdo(4) mergetime: Processed 465500 values from 19 variables over 19 timesteps.
cdo(3) chname: Processed 465500 values from 1 variable over 19 timesteps.
cdo(2) setattribute: Processed 465500 values from 1 variable over 19 timesteps.
cdo(1) divc: Processed 465500 values from 1 variable over 19 timesteps.
cdo    seltimestep: Processed 441000 values from 1 variable over 19 timesteps [0.32s 30MB].
cdo(1) copy: Process started
cdo(1) copy: Processed 2229500 values from 1 variable over 91 timesteps.
cdo    seltimestep: Processed 24500 values from 1 variable over 91 timesteps [0.03s 30MB].
cdo(1) mergetime: Process started
cdo(1) mergetime: Processed 465500 values from 2 variables over 19 timesteps.
cdo    timcumsum: Processed 465500 values from 1 variable over 19 timesteps [0.03s 18MB].
cdo    replace: Processed 4189500 values from 10 variables over 38 timesteps [0.14s 28MB].
90-144 is done
Number of files to process with CDO: 17
cdo(1) divc: Process started
cdo(2) setattribute: Process started
cdo(3) chname: Process started
cdo(4) mergetime: Process started
cdo(4) mergetime: Processed 416500 values from 17 variables over 17 timesteps.
cdo(3) chname: Processed 416500 values from 1 variable over 17 timesteps.
cdo(2) setattribute: Processed 416500 values from 1 variable over 17 timesteps.
cdo(1) divc: Processed 416500 values from 1 variable over 17 timesteps.
cdo    seltimestep: Processed 392000 values from 1 variable over 17 timesteps [0.38s 28MB].
cdo(1) copy: Process started
cdo(1) copy: Processed 465500 values from 1 variable over 19 timesteps.
cdo    seltimestep: Processed 24500 values from 1 variable over 19 timesteps [0.01s 16MB].
cdo(1) mergetime: Process started
cdo(1) mergetime: Processed 416500 values from 2 variables over 17 timesteps.
cdo    timcumsum: Processed 416500 values from 1 variable over 17 timesteps [0.02s 18MB].
cdo    replace: Processed 3748500 values from 10 variables over 34 timesteps [0.13s 26MB].
Sun Mar 10 01:00:00 PM CET 2019 processed!
Number of files to process with CDO: 90
cdo(1) divc: Process started
cdo(2) setattribute: Process started
cdo(3) chname: Process started
cdo(4) mergetime: Process started
cdo(4) mergetime: Processed 2205000 values from 90 variables over 90 timesteps.
cdo(3) chname: Processed 2205000 values from 1 variable over 90 timesteps.
cdo(2) setattribute: Processed 2205000 values from 1 variable over 90 timesteps.
cdo(1) divc: Processed 2205000 values from 1 variable over 90 timesteps.
cdo    timcumsum: Processed 2205000 values from 1 variable over 90 timesteps [1.95s 73MB].
cdo(1) seltimestep: Process started
cdo(2) shifttime: Process started
cdo(3) copy: Process started
cdo(3) copy: Processed 2205000 values from 1 variable over 90 timesteps.
cdo(2) shifttime: Processed 2205000 values from 1 variable over 90 timesteps.
cdo(1) seltimestep: Processed 24500 values from 1 variable over 2 timesteps.
cdo    mulc: Processed 24500 values from 1 variable over 1 timestep [0.04s 30MB].
cdo    mergetime: Processed 2229500 values from 2 variables over 91 timesteps [0.08s 32MB].
cdo    replace: Processed 20065500 values from 10 variables over 182 timesteps [0.46s 96MB].
0-90 is done
Number of files to process with CDO: 19
cdo(1) divc: Process started
cdo(2) setattribute: Process started
cdo(3) chname: Process started
cdo(4) mergetime: Process started
cdo(4) mergetime: Processed 465500 values from 19 variables over 19 timesteps.
cdo(3) chname: Processed 465500 values from 1 variable over 19 timesteps.
cdo(2) setattribute: Processed 465500 values from 1 variable over 19 timesteps.
cdo(1) divc: Processed 465500 values from 1 variable over 19 timesteps.
cdo    seltimestep: Processed 441000 values from 1 variable over 19 timesteps [0.70s 31MB].
cdo(1) copy: Process started
cdo(1) copy: Processed 2229500 values from 1 variable over 91 timesteps.
cdo    seltimestep: Processed 24500 values from 1 variable over 91 timesteps [0.02s 30MB].
cdo(1) mergetime: Process started
cdo(1) mergetime: Processed 465500 values from 2 variables over 19 timesteps.
cdo    timcumsum: Processed 465500 values from 1 variable over 19 timesteps [0.02s 18MB].
cdo    replace: Processed 4189500 values from 10 variables over 38 timesteps [0.13s 29MB].
90-144 is done
Number of files to process with CDO: 17
cdo(1) divc: Process started
cdo(2) setattribute: Process started
cdo(3) chname: Process started
cdo(4) mergetime: Process started
cdo(4) mergetime: Processed 416500 values from 17 variables over 17 timesteps.
cdo(3) chname: Processed 416500 values from 1 variable over 17 timesteps.
cdo(2) setattribute: Processed 416500 values from 1 variable over 17 timesteps.
cdo(1) divc: Processed 416500 values from 1 variable over 17 timesteps.
cdo    seltimestep: Processed 392000 values from 1 variable over 17 timesteps [0.35s 28MB].
cdo(1) copy: Process started
cdo(1) copy: Processed 465500 values from 1 variable over 19 timesteps.
cdo    seltimestep: Processed 24500 values from 1 variable over 19 timesteps [0.01s 16MB].
cdo(1) mergetime: Process started
cdo(1) mergetime: Processed 416500 values from 2 variables over 17 timesteps.
cdo    timcumsum: Processed 416500 values from 1 variable over 17 timesteps [0.03s 18MB].
cdo    replace: Processed 3748500 values from 10 variables over 34 timesteps [0.16s 26MB].
Mon Mar 11 01:00:00 PM CET 2019 processed!
Number of files to process with CDO: 90
cdo(1) divc: Process started
cdo(2) setattribute: Process started
cdo(3) chname: Process started
cdo(4) mergetime: Process started
cdo(4) mergetime: Processed 2205000 values from 90 variables over 90 timesteps.
cdo(3) chname: Processed 2205000 values from 1 variable over 90 timesteps.
cdo(2) setattribute: Processed 2205000 values from 1 variable over 90 timesteps.
cdo(1) divc: Processed 2205000 values from 1 variable over 90 timesteps.
cdo    timcumsum: Processed 2205000 values from 1 variable over 90 timesteps [1.86s 73MB].
cdo(1) seltimestep: Process started
cdo(2) shifttime: Process started
cdo(3) copy: Process started
cdo(3) copy: Processed 2205000 values from 1 variable over 90 timesteps.
cdo(2) shifttime: Processed 2205000 values from 1 variable over 90 timesteps.
cdo(1) seltimestep: Processed 24500 values from 1 variable over 2 timesteps.
cdo    mulc: Processed 24500 values from 1 variable over 1 timestep [0.14s 30MB].
cdo    mergetime: Processed 2229500 values from 2 variables over 91 timesteps [0.07s 32MB].
cdo    replace: Processed 20065500 values from 10 variables over 182 timesteps [0.44s 96MB].
0-90 is done
Number of files to process with CDO: 19
cdo(1) divc: Process started
cdo(2) setattribute: Process started
cdo(3) chname: Process started
cdo(4) mergetime: Process started
cdo(4) mergetime: Processed 465500 values from 19 variables over 19 timesteps.
cdo(3) chname: Processed 465500 values from 1 variable over 19 timesteps.
cdo(2) setattribute: Processed 465500 values from 1 variable over 19 timesteps.
cdo(1) divc: Processed 465500 values from 1 variable over 19 timesteps.
cdo    seltimestep: Processed 441000 values from 1 variable over 19 timesteps [0.37s 30MB].
cdo(1) copy: Process started
cdo(1) copy: Processed 2229500 values from 1 variable over 91 timesteps.
cdo    seltimestep: Processed 24500 values from 1 variable over 91 timesteps [0.02s 30MB].
cdo(1) mergetime: Process started
cdo(1) mergetime: Processed 465500 values from 2 variables over 19 timesteps.
cdo    timcumsum: Processed 465500 values from 1 variable over 19 timesteps [0.02s 18MB].
cdo    replace: Processed 4189500 values from 10 variables over 38 timesteps [0.15s 31MB].
90-144 is done
Number of files to process with CDO: 17
cdo(1) divc: Process started
cdo(2) setattribute: Process started
cdo(3) chname: Process started
cdo(4) mergetime: Process started
cdo(4) mergetime: Processed 416500 values from 17 variables over 17 timesteps.
cdo(3) chname: Processed 416500 values from 1 variable over 17 timesteps.
cdo(2) setattribute: Processed 416500 values from 1 variable over 17 timesteps.
cdo(1) divc: Processed 416500 values from 1 variable over 17 timesteps.
cdo    seltimestep: Processed 392000 values from 1 variable over 17 timesteps [0.36s 28MB].
cdo(1) copy: Process started
cdo(1) copy: Processed 465500 values from 1 variable over 19 timesteps.
cdo    seltimestep: Processed 24500 values from 1 variable over 19 timesteps [0.01s 17MB].
cdo(1) mergetime: Process started
cdo(1) mergetime: Processed 416500 values from 2 variables over 17 timesteps.
cdo    timcumsum: Processed 416500 values from 1 variable over 17 timesteps [0.02s 18MB].
cdo    replace: Processed 3748500 values from 10 variables over 34 timesteps [0.13s 26MB].
Tue Mar 12 01:00:00 PM CET 2019 processed!
Number of files to process with CDO: 90
cdo(1) divc: Process started
cdo(2) setattribute: Process started
cdo(3) chname: Process started
cdo(4) mergetime: Process started
cdo(4) mergetime: Processed 2205000 values from 90 variables over 90 timesteps.
cdo(3) chname: Processed 2205000 values from 1 variable over 90 timesteps.
cdo(2) setattribute: Processed 2205000 values from 1 variable over 90 timesteps.
cdo(1) divc: Processed 2205000 values from 1 variable over 90 timesteps.
cdo    timcumsum: Processed 2205000 values from 1 variable over 90 timesteps [1.82s 72MB].
cdo(1) seltimestep: Process started
cdo(2) shifttime: Process started
cdo(3) copy: Process started
cdo(3) copy: Processed 2205000 values from 1 variable over 90 timesteps.
cdo(2) shifttime: Processed 2205000 values from 1 variable over 90 timesteps.
cdo(1) seltimestep: Processed 24500 values from 1 variable over 2 timesteps.
cdo    mulc: Processed 24500 values from 1 variable over 1 timestep [0.04s 30MB].
cdo    mergetime: Processed 2229500 values from 2 variables over 91 timesteps [0.10s 32MB].
cdo    replace: Processed 20065500 values from 10 variables over 182 timesteps [0.53s 97MB].
0-90 is done
Number of files to process with CDO: 19
cdo(1) divc: Process started
cdo(2) setattribute: Process started
cdo(3) chname: Process started
cdo(4) mergetime: Process started
cdo(4) mergetime: Processed 465500 values from 19 variables over 19 timesteps.
cdo(3) chname: Processed 465500 values from 1 variable over 19 timesteps.
cdo(2) setattribute: Processed 465500 values from 1 variable over 19 timesteps.
cdo(1) divc: Processed 465500 values from 1 variable over 19 timesteps.
cdo    seltimestep: Processed 441000 values from 1 variable over 19 timesteps [0.37s 30MB].
cdo(1) copy: Process started
cdo(1) copy: Processed 2229500 values from 1 variable over 91 timesteps.
cdo    seltimestep: Processed 24500 values from 1 variable over 91 timesteps [0.02s 30MB].
cdo(1) mergetime: Process started
cdo(1) mergetime: Processed 465500 values from 2 variables over 19 timesteps.
cdo    timcumsum: Processed 465500 values from 1 variable over 19 timesteps [0.02s 18MB].
cdo    replace: Processed 4189500 values from 10 variables over 38 timesteps [0.13s 29MB].
90-144 is done
Number of files to process with CDO: 17
cdo(1) divc: Process started
cdo(2) setattribute: Process started
cdo(3) chname: Process started
cdo(4) mergetime: Process started
cdo(4) mergetime: Processed 416500 values from 17 variables over 17 timesteps.
cdo(3) chname: Processed 416500 values from 1 variable over 17 timesteps.
cdo(2) setattribute: Processed 416500 values from 1 variable over 17 timesteps.
cdo(1) divc: Processed 416500 values from 1 variable over 17 timesteps.
cdo    seltimestep: Processed 392000 values from 1 variable over 17 timesteps [0.33s 28MB].
cdo(1) copy: Process started
cdo(1) copy: Processed 465500 values from 1 variable over 19 timesteps.
cdo    seltimestep: Processed 24500 values from 1 variable over 19 timesteps [0.01s 17MB].
cdo(1) mergetime: Process started
cdo(1) mergetime: Processed 416500 values from 2 variables over 17 timesteps.
cdo    timcumsum: Processed 416500 values from 1 variable over 17 timesteps [0.02s 18MB].
cdo    replace: Processed 3748500 values from 10 variables over 34 timesteps [0.15s 26MB].
Wed Mar 13 01:00:00 PM CET 2019 processed!
Number of files to process with CDO: 90
cdo(1) divc: Process started
cdo(2) setattribute: Process started
cdo(3) chname: Process started
cdo(4) mergetime: Process started
cdo(4) mergetime: Processed 2205000 values from 90 variables over 90 timesteps.
cdo(3) chname: Processed 2205000 values from 1 variable over 90 timesteps.
cdo(2) setattribute: Processed 2205000 values from 1 variable over 90 timesteps.
cdo(1) divc: Processed 2205000 values from 1 variable over 90 timesteps.
cdo    timcumsum: Processed 2205000 values from 1 variable over 90 timesteps [1.99s 73MB].
cdo(1) seltimestep: Process started
cdo(2) shifttime: Process started
cdo(3) copy: Process started
cdo(3) copy: Processed 2205000 values from 1 variable over 90 timesteps.
cdo(2) shifttime: Processed 2205000 values from 1 variable over 90 timesteps.
cdo(1) seltimestep: Processed 24500 values from 1 variable over 2 timesteps.
cdo    mulc: Processed 24500 values from 1 variable over 1 timestep [0.04s 30MB].
cdo    mergetime: Processed 2229500 values from 2 variables over 91 timesteps [0.10s 31MB].
cdo    replace: Processed 20065500 values from 10 variables over 182 timesteps [0.58s 96MB].
0-90 is done
Number of files to process with CDO: 19
cdo(1) divc: Process started
cdo(2) setattribute: Process started
cdo(3) chname: Process started
cdo(4) mergetime: Process started
cdo(4) mergetime: Processed 465500 values from 19 variables over 19 timesteps.
cdo(3) chname: Processed 465500 values from 1 variable over 19 timesteps.
cdo(2) setattribute: Processed 465500 values from 1 variable over 19 timesteps.
cdo(1) divc: Processed 465500 values from 1 variable over 19 timesteps.
cdo    seltimestep: Processed 441000 values from 1 variable over 19 timesteps [0.38s 30MB].
cdo(1) copy: Process started
cdo(1) copy: Processed 2229500 values from 1 variable over 91 timesteps.
cdo    seltimestep: Processed 24500 values from 1 variable over 91 timesteps [0.02s 30MB].
cdo(1) mergetime: Process started
cdo(1) mergetime: Processed 465500 values from 2 variables over 19 timesteps.
cdo    timcumsum: Processed 465500 values from 1 variable over 19 timesteps [0.04s 18MB].
cdo    replace: Processed 4189500 values from 10 variables over 38 timesteps [0.13s 28MB].
90-144 is done
Number of files to process with CDO: 17
cdo(1) divc: Process started
cdo(2) setattribute: Process started
cdo(3) chname: Process started
cdo(4) mergetime: Process started
cdo(4) mergetime: Processed 416500 values from 17 variables over 17 timesteps.
cdo(3) chname: Processed 416500 values from 1 variable over 17 timesteps.
cdo(2) setattribute: Processed 416500 values from 1 variable over 17 timesteps.
cdo(1) divc: Processed 416500 values from 1 variable over 17 timesteps.
cdo    seltimestep: Processed 392000 values from 1 variable over 17 timesteps [0.37s 28MB].
cdo(1) copy: Process started
cdo(1) copy: Processed 465500 values from 1 variable over 19 timesteps.
cdo    seltimestep: Processed 24500 values from 1 variable over 19 timesteps [0.01s 17MB].
cdo(1) mergetime: Process started
cdo(1) mergetime: Processed 416500 values from 2 variables over 17 timesteps.
cdo    timcumsum: Processed 416500 values from 1 variable over 17 timesteps [0.02s 18MB].
cdo    replace: Processed 3748500 values from 10 variables over 34 timesteps [0.11s 27MB].
Thu Mar 14 01:00:00 PM CET 2019 processed!
Number of files to process with CDO: 90
cdo(1) divc: Process started
cdo(2) setattribute: Process started
cdo(3) chname: Process started
cdo(4) mergetime: Process started
cdo(4) mergetime: Processed 2205000 values from 90 variables over 90 timesteps.
cdo(3) chname: Processed 2205000 values from 1 variable over 90 timesteps.
cdo(2) setattribute: Processed 2205000 values from 1 variable over 90 timesteps.
cdo(1) divc: Processed 2205000 values from 1 variable over 90 timesteps.
cdo    timcumsum: Processed 2205000 values from 1 variable over 90 timesteps [1.79s 73MB].
cdo(1) seltimestep: Process started
cdo(2) shifttime: Process started
cdo(3) copy: Process started
cdo(3) copy: Processed 2205000 values from 1 variable over 90 timesteps.
cdo(2) shifttime: Processed 2205000 values from 1 variable over 90 timesteps.
cdo(1) seltimestep: Processed 24500 values from 1 variable over 2 timesteps.
cdo    mulc: Processed 24500 values from 1 variable over 1 timestep [0.04s 31MB].
cdo    mergetime: Processed 2229500 values from 2 variables over 91 timesteps [0.07s 32MB].
cdo    replace: Processed 20065500 values from 10 variables over 182 timesteps [0.44s 97MB].
0-90 is done
Number of files to process with CDO: 19
cdo(1) divc: Process started
cdo(2) setattribute: Process started
cdo(3) chname: Process started
cdo(4) mergetime: Process started
cdo(4) mergetime: Processed 465500 values from 19 variables over 19 timesteps.
cdo(3) chname: Processed 465500 values from 1 variable over 19 timesteps.
cdo(2) setattribute: Processed 465500 values from 1 variable over 19 timesteps.
cdo(1) divc: Processed 465500 values from 1 variable over 19 timesteps.
cdo    seltimestep: Processed 441000 values from 1 variable over 19 timesteps [0.42s 30MB].
cdo(1) copy: Process started
cdo(1) copy: Processed 2229500 values from 1 variable over 91 timesteps.
cdo    seltimestep: Processed 24500 values from 1 variable over 91 timesteps [0.02s 30MB].
cdo(1) mergetime: Process started
cdo(1) mergetime: Processed 465500 values from 2 variables over 19 timesteps.
cdo    timcumsum: Processed 465500 values from 1 variable over 19 timesteps [0.02s 18MB].
cdo    replace: Processed 4189500 values from 10 variables over 38 timesteps [0.13s 28MB].
90-144 is done
Number of files to process with CDO: 17
cdo(1) divc: Process started
cdo(2) setattribute: Process started
cdo(3) chname: Process started
cdo(4) mergetime: Process started
cdo(4) mergetime: Processed 416500 values from 17 variables over 17 timesteps.
cdo(3) chname: Processed 416500 values from 1 variable over 17 timesteps.
cdo(2) setattribute: Processed 416500 values from 1 variable over 17 timesteps.
cdo(1) divc: Processed 416500 values from 1 variable over 17 timesteps.
cdo    seltimestep: Processed 392000 values from 1 variable over 17 timesteps [0.33s 30MB].
cdo(1) copy: Process started
cdo(1) copy: Processed 465500 values from 1 variable over 19 timesteps.
cdo    seltimestep: Processed 24500 values from 1 variable over 19 timesteps [0.01s 18MB].
cdo(1) mergetime: Process started
cdo(1) mergetime: Processed 416500 values from 2 variables over 17 timesteps.
cdo    timcumsum: Processed 416500 values from 1 variable over 17 timesteps [0.03s 18MB].
cdo    replace: Processed 3748500 values from 10 variables over 34 timesteps [0.12s 26MB].
Fri Mar 15 01:00:00 PM CET 2019 processed!
Number of files to process with CDO: 90
cdo(1) divc: Process started
cdo(2) setattribute: Process started
cdo(3) chname: Process started
cdo(4) mergetime: Process started
cdo(4) mergetime: Processed 2205000 values from 90 variables over 90 timesteps.
cdo(3) chname: Processed 2205000 values from 1 variable over 90 timesteps.
cdo(2) setattribute: Processed 2205000 values from 1 variable over 90 timesteps.
cdo(1) divc: Processed 2205000 values from 1 variable over 90 timesteps.
cdo    timcumsum: Processed 2205000 values from 1 variable over 90 timesteps [1.83s 73MB].
cdo(1) seltimestep: Process started
cdo(2) shifttime: Process started
cdo(3) copy: Process started
cdo(3) copy: Processed 2205000 values from 1 variable over 90 timesteps.
cdo(2) shifttime: Processed 2205000 values from 1 variable over 90 timesteps.
cdo(1) seltimestep: Processed 24500 values from 1 variable over 2 timesteps.
cdo    mulc: Processed 24500 values from 1 variable over 1 timestep [0.04s 31MB].
cdo    mergetime: Processed 2229500 values from 2 variables over 91 timesteps [0.08s 31MB].
cdo    replace: Processed 20065500 values from 10 variables over 182 timesteps [0.49s 97MB].
0-90 is done
Number of files to process with CDO: 19
cdo(1) divc: Process started
cdo(2) setattribute: Process started
cdo(3) chname: Process started
cdo(4) mergetime: Process started
cdo(4) mergetime: Processed 465500 values from 19 variables over 19 timesteps.
cdo(3) chname: Processed 465500 values from 1 variable over 19 timesteps.
cdo(2) setattribute: Processed 465500 values from 1 variable over 19 timesteps.
cdo(1) divc: Processed 465500 values from 1 variable over 19 timesteps.
cdo    seltimestep: Processed 441000 values from 1 variable over 19 timesteps [0.39s 30MB].
cdo(1) copy: Process started
cdo(1) copy: Processed 2229500 values from 1 variable over 91 timesteps.
cdo    seltimestep: Processed 24500 values from 1 variable over 91 timesteps [0.03s 30MB].
cdo(1) mergetime: Process started
cdo(1) mergetime: Processed 465500 values from 2 variables over 19 timesteps.
cdo    timcumsum: Processed 465500 values from 1 variable over 19 timesteps [0.02s 18MB].
cdo    replace: Processed 4189500 values from 10 variables over 38 timesteps [0.13s 27MB].
90-144 is done
Number of files to process with CDO: 17
cdo(1) divc: Process started
cdo(2) setattribute: Process started
cdo(3) chname: Process started
cdo(4) mergetime: Process started
cdo(4) mergetime: Processed 416500 values from 17 variables over 17 timesteps.
cdo(3) chname: Processed 416500 values from 1 variable over 17 timesteps.
cdo(2) setattribute: Processed 416500 values from 1 variable over 17 timesteps.
cdo(1) divc: Processed 416500 values from 1 variable over 17 timesteps.
cdo    seltimestep: Processed 392000 values from 1 variable over 17 timesteps [0.37s 28MB].
cdo(1) copy: Process started
cdo(1) copy: Processed 465500 values from 1 variable over 19 timesteps.
cdo    seltimestep: Processed 24500 values from 1 variable over 19 timesteps [0.01s 17MB].
cdo(1) mergetime: Process started
cdo(1) mergetime: Processed 416500 values from 2 variables over 17 timesteps.
cdo    timcumsum: Processed 416500 values from 1 variable over 17 timesteps [0.02s 18MB].
cdo    replace: Processed 3748500 values from 10 variables over 34 timesteps [0.13s 26MB].
Sat Mar 16 01:00:00 PM CET 2019 processed!
Number of files to process with CDO: 90
cdo(1) divc: Process started
cdo(2) setattribute: Process started
cdo(3) chname: Process started
cdo(4) mergetime: Process started
cdo(4) mergetime: Processed 2205000 values from 90 variables over 90 timesteps.
cdo(3) chname: Processed 2205000 values from 1 variable over 90 timesteps.
cdo(2) setattribute: Processed 2205000 values from 1 variable over 90 timesteps.
cdo(1) divc: Processed 2205000 values from 1 variable over 90 timesteps.
cdo    timcumsum: Processed 2205000 values from 1 variable over 90 timesteps [1.76s 73MB].
cdo(1) seltimestep: Process started
cdo(2) shifttime: Process started
cdo(3) copy: Process started
cdo(3) copy: Processed 2205000 values from 1 variable over 90 timesteps.
cdo(2) shifttime: Processed 2205000 values from 1 variable over 90 timesteps.
cdo(1) seltimestep: Processed 24500 values from 1 variable over 2 timesteps.
cdo    mulc: Processed 24500 values from 1 variable over 1 timestep [0.04s 30MB].
cdo    mergetime: Processed 2229500 values from 2 variables over 91 timesteps [0.08s 32MB].
cdo    replace: Processed 20065500 values from 10 variables over 182 timesteps [0.44s 96MB].
0-90 is done
Number of files to process with CDO: 19
cdo(1) divc: Process started
cdo(2) setattribute: Process started
cdo(3) chname: Process started
cdo(4) mergetime: Process started
cdo(4) mergetime: Processed 465500 values from 19 variables over 19 timesteps.
cdo(3) chname: Processed 465500 values from 1 variable over 19 timesteps.
cdo(2) setattribute: Processed 465500 values from 1 variable over 19 timesteps.
cdo(1) divc: Processed 465500 values from 1 variable over 19 timesteps.
cdo    seltimestep: Processed 441000 values from 1 variable over 19 timesteps [0.65s 30MB].
cdo(1) copy: Process started
cdo(1) copy: Processed 2229500 values from 1 variable over 91 timesteps.
cdo    seltimestep: Processed 24500 values from 1 variable over 91 timesteps [0.03s 31MB].
cdo(1) mergetime: Process started
cdo(1) mergetime: Processed 465500 values from 2 variables over 19 timesteps.
cdo    timcumsum: Processed 465500 values from 1 variable over 19 timesteps [0.02s 18MB].
cdo    replace: Processed 4189500 values from 10 variables over 38 timesteps [0.13s 28MB].
90-144 is done
Number of files to process with CDO: 17
cdo(1) divc: Process started
cdo(2) setattribute: Process started
cdo(3) chname: Process started
cdo(4) mergetime: Process started
cdo(4) mergetime: Processed 416500 values from 17 variables over 17 timesteps.
cdo(3) chname: Processed 416500 values from 1 variable over 17 timesteps.
cdo(2) setattribute: Processed 416500 values from 1 variable over 17 timesteps.
cdo(1) divc: Processed 416500 values from 1 variable over 17 timesteps.
cdo    seltimestep: Processed 392000 values from 1 variable over 17 timesteps [0.36s 29MB].
cdo(1) copy: Process started
cdo(1) copy: Processed 465500 values from 1 variable over 19 timesteps.
cdo    seltimestep: Processed 24500 values from 1 variable over 19 timesteps [0.01s 18MB].
cdo(1) mergetime: Process started
cdo(1) mergetime: Processed 416500 values from 2 variables over 17 timesteps.
cdo    timcumsum: Processed 416500 values from 1 variable over 17 timesteps [0.02s 18MB].
cdo    replace: Processed 3748500 values from 10 variables over 34 timesteps [0.14s 25MB].
Sun Mar 17 01:00:00 PM CET 2019 processed!
Number of files to process with CDO: 90
cdo(1) divc: Process started
cdo(2) setattribute: Process started
cdo(3) chname: Process started
cdo(4) mergetime: Process started
cdo(4) mergetime: Processed 2205000 values from 90 variables over 90 timesteps.
cdo(3) chname: Processed 2205000 values from 1 variable over 90 timesteps.
cdo(2) setattribute: Processed 2205000 values from 1 variable over 90 timesteps.
cdo(1) divc: Processed 2205000 values from 1 variable over 90 timesteps.
cdo    timcumsum: Processed 2205000 values from 1 variable over 90 timesteps [1.82s 73MB].
cdo(1) seltimestep: Process started
cdo(2) shifttime: Process started
cdo(3) copy: Process started
cdo(3) copy: Processed 2205000 values from 1 variable over 90 timesteps.
cdo(2) shifttime: Processed 2205000 values from 1 variable over 90 timesteps.
cdo(1) seltimestep: Processed 24500 values from 1 variable over 2 timesteps.
cdo    mulc: Processed 24500 values from 1 variable over 1 timestep [0.04s 30MB].
cdo    mergetime: Processed 2229500 values from 2 variables over 91 timesteps [0.06s 31MB].
cdo    replace: Processed 20065500 values from 10 variables over 182 timesteps [0.43s 97MB].
0-90 is done
Number of files to process with CDO: 19
cdo(1) divc: Process started
cdo(2) setattribute: Process started
cdo(3) chname: Process started
cdo(4) mergetime: Process started
cdo(4) mergetime: Processed 465500 values from 19 variables over 19 timesteps.
cdo(3) chname: Processed 465500 values from 1 variable over 19 timesteps.
cdo(2) setattribute: Processed 465500 values from 1 variable over 19 timesteps.
cdo(1) divc: Processed 465500 values from 1 variable over 19 timesteps.
cdo    seltimestep: Processed 441000 values from 1 variable over 19 timesteps [0.44s 32MB].
cdo(1) copy: Process started
cdo(1) copy: Processed 2229500 values from 1 variable over 91 timesteps.
cdo    seltimestep: Processed 24500 values from 1 variable over 91 timesteps [0.07s 31MB].
cdo(1) mergetime: Process started
cdo(1) mergetime: Processed 465500 values from 2 variables over 19 timesteps.
cdo    timcumsum: Processed 465500 values from 1 variable over 19 timesteps [0.02s 18MB].
cdo    replace: Processed 4189500 values from 10 variables over 38 timesteps [0.12s 28MB].
90-144 is done
Number of files to process with CDO: 17
cdo(1) divc: Process started
cdo(2) setattribute: Process started
cdo(3) chname: Process started
cdo(4) mergetime: Process started
cdo(4) mergetime: Processed 416500 values from 17 variables over 17 timesteps.
cdo(3) chname: Processed 416500 values from 1 variable over 17 timesteps.
cdo(2) setattribute: Processed 416500 values from 1 variable over 17 timesteps.
cdo(1) divc: Processed 416500 values from 1 variable over 17 timesteps.
cdo    seltimestep: Processed 392000 values from 1 variable over 17 timesteps [0.36s 28MB].
cdo(1) copy: Process started
cdo(1) copy: Processed 465500 values from 1 variable over 19 timesteps.
cdo    seltimestep: Processed 24500 values from 1 variable over 19 timesteps [0.01s 17MB].
cdo(1) mergetime: Process started
cdo(1) mergetime: Processed 416500 values from 2 variables over 17 timesteps.
cdo    timcumsum: Processed 416500 values from 1 variable over 17 timesteps [0.02s 17MB].
cdo    replace: Processed 3748500 values from 10 variables over 34 timesteps [0.39s 26MB].
Mon Mar 18 01:00:00 PM CET 2019 processed!
Number of files to process with CDO: 90
cdo(1) divc: Process started
cdo(2) setattribute: Process started
cdo(3) chname: Process started
cdo(4) mergetime: Process started
cdo(4) mergetime: Processed 2205000 values from 90 variables over 90 timesteps.
cdo(3) chname: Processed 2205000 values from 1 variable over 90 timesteps.
cdo(2) setattribute: Processed 2205000 values from 1 variable over 90 timesteps.
cdo(1) divc: Processed 2205000 values from 1 variable over 90 timesteps.
cdo    timcumsum: Processed 2205000 values from 1 variable over 90 timesteps [2.17s 73MB].
cdo(1) seltimestep: Process started
cdo(2) shifttime: Process started
cdo(3) copy: Process started
cdo(3) copy: Processed 2205000 values from 1 variable over 90 timesteps.
cdo(2) shifttime: Processed 2205000 values from 1 variable over 90 timesteps.
cdo(1) seltimestep: Processed 24500 values from 1 variable over 2 timesteps.
cdo    mulc: Processed 24500 values from 1 variable over 1 timestep [0.04s 30MB].
cdo    mergetime: Processed 2229500 values from 2 variables over 91 timesteps [0.07s 32MB].
cdo    replace: Processed 20065500 values from 10 variables over 182 timesteps [0.46s 98MB].
0-90 is done
Number of files to process with CDO: 19
cdo(1) divc: Process started
cdo(2) setattribute: Process started
cdo(3) chname: Process started
cdo(4) mergetime: Process started
cdo(4) mergetime: Processed 465500 values from 19 variables over 19 timesteps.
cdo(3) chname: Processed 465500 values from 1 variable over 19 timesteps.
cdo(2) setattribute: Processed 465500 values from 1 variable over 19 timesteps.
cdo(1) divc: Processed 465500 values from 1 variable over 19 timesteps.
cdo    seltimestep: Processed 441000 values from 1 variable over 19 timesteps [0.37s 30MB].
cdo(1) copy: Process started
cdo(1) copy: Processed 2229500 values from 1 variable over 91 timesteps.
cdo    seltimestep: Processed 24500 values from 1 variable over 91 timesteps [0.03s 30MB].
cdo(1) mergetime: Process started
cdo(1) mergetime: Processed 465500 values from 2 variables over 19 timesteps.
cdo    timcumsum: Processed 465500 values from 1 variable over 19 timesteps [0.02s 18MB].
cdo    replace: Processed 4189500 values from 10 variables over 38 timesteps [0.13s 29MB].
90-144 is done
Number of files to process with CDO: 17
cdo(1) divc: Process started
cdo(2) setattribute: Process started
cdo(3) chname: Process started
cdo(4) mergetime: Process started
cdo(4) mergetime: Processed 416500 values from 17 variables over 17 timesteps.
cdo(3) chname: Processed 416500 values from 1 variable over 17 timesteps.
cdo(2) setattribute: Processed 416500 values from 1 variable over 17 timesteps.
cdo(1) divc: Processed 416500 values from 1 variable over 17 timesteps.
cdo    seltimestep: Processed 392000 values from 1 variable over 17 timesteps [0.41s 28MB].
cdo(1) copy: Process started
cdo(1) copy: Processed 465500 values from 1 variable over 19 timesteps.
cdo    seltimestep: Processed 24500 values from 1 variable over 19 timesteps [0.01s 16MB].
cdo(1) mergetime: Process started
cdo(1) mergetime: Processed 416500 values from 2 variables over 17 timesteps.
cdo    timcumsum: Processed 416500 values from 1 variable over 17 timesteps [0.02s 18MB].
cdo    replace: Processed 3748500 values from 10 variables over 34 timesteps [0.12s 27MB].
Tue Mar 19 01:00:00 PM CET 2019 processed!
Number of files to process with CDO: 90
cdo(1) divc: Process started
cdo(2) setattribute: Process started
cdo(3) chname: Process started
cdo(4) mergetime: Process started
cdo(4) mergetime: Processed 2205000 values from 90 variables over 90 timesteps.
cdo(3) chname: Processed 2205000 values from 1 variable over 90 timesteps.
cdo(2) setattribute: Processed 2205000 values from 1 variable over 90 timesteps.
cdo(1) divc: Processed 2205000 values from 1 variable over 90 timesteps.
cdo    timcumsum: Processed 2205000 values from 1 variable over 90 timesteps [1.77s 73MB].
cdo(1) seltimestep: Process started
cdo(2) shifttime: Process started
cdo(3) copy: Process started
cdo(3) copy: Processed 2205000 values from 1 variable over 90 timesteps.
cdo(2) shifttime: Processed 2205000 values from 1 variable over 90 timesteps.
cdo(1) seltimestep: Processed 24500 values from 1 variable over 2 timesteps.
cdo    mulc: Processed 24500 values from 1 variable over 1 timestep [0.03s 32MB].
cdo    mergetime: Processed 2229500 values from 2 variables over 91 timesteps [0.06s 31MB].
cdo    replace: Processed 20065500 values from 10 variables over 182 timesteps [0.46s 97MB].
0-90 is done
Number of files to process with CDO: 19
cdo(1) divc: Process started
cdo(2) setattribute: Process started
cdo(3) chname: Process started
cdo(4) mergetime: Process started
cdo(4) mergetime: Processed 465500 values from 19 variables over 19 timesteps.
cdo(3) chname: Processed 465500 values from 1 variable over 19 timesteps.
cdo(2) setattribute: Processed 465500 values from 1 variable over 19 timesteps.
cdo(1) divc: Processed 465500 values from 1 variable over 19 timesteps.
cdo    seltimestep: Processed 441000 values from 1 variable over 19 timesteps [0.35s 30MB].
cdo(1) copy: Process started
cdo(1) copy: Processed 2229500 values from 1 variable over 91 timesteps.
cdo    seltimestep: Processed 24500 values from 1 variable over 91 timesteps [0.03s 29MB].
cdo(1) mergetime: Process started
cdo(1) mergetime: Processed 465500 values from 2 variables over 19 timesteps.
cdo    timcumsum: Processed 465500 values from 1 variable over 19 timesteps [0.02s 18MB].
cdo    replace: Processed 4189500 values from 10 variables over 38 timesteps [0.12s 28MB].
90-144 is done
Number of files to process with CDO: 17
cdo(1) divc: Process started
cdo(2) setattribute: Process started
cdo(3) chname: Process started
cdo(4) mergetime: Process started
cdo(4) mergetime: Processed 416500 values from 17 variables over 17 timesteps.
cdo(3) chname: Processed 416500 values from 1 variable over 17 timesteps.
cdo(2) setattribute: Processed 416500 values from 1 variable over 17 timesteps.
cdo(1) divc: Processed 416500 values from 1 variable over 17 timesteps.
cdo    seltimestep: Processed 392000 values from 1 variable over 17 timesteps [0.31s 29MB].
cdo(1) copy: Process started
cdo(1) copy: Processed 465500 values from 1 variable over 19 timesteps.
cdo    seltimestep: Processed 24500 values from 1 variable over 19 timesteps [0.01s 16MB].
cdo(1) mergetime: Process started
cdo(1) mergetime: Processed 416500 values from 2 variables over 17 timesteps.
cdo    timcumsum: Processed 416500 values from 1 variable over 17 timesteps [0.02s 18MB].
cdo    replace: Processed 3748500 values from 10 variables over 34 timesteps [0.11s 27MB].
Wed Mar 20 01:00:00 PM CET 2019 processed!
Number of files to process with CDO: 90
cdo(1) divc: Process started
cdo(2) setattribute: Process started
cdo(3) chname: Process started
cdo(4) mergetime: Process started
cdo(4) mergetime: Processed 2205000 values from 90 variables over 90 timesteps.
cdo(3) chname: Processed 2205000 values from 1 variable over 90 timesteps.
cdo(2) setattribute: Processed 2205000 values from 1 variable over 90 timesteps.
cdo(1) divc: Processed 2205000 values from 1 variable over 90 timesteps.
cdo    timcumsum: Processed 2205000 values from 1 variable over 90 timesteps [1.91s 73MB].
cdo(1) seltimestep: Process started
cdo(2) shifttime: Process started
cdo(3) copy: Process started
cdo(3) copy: Processed 2205000 values from 1 variable over 90 timesteps.
cdo(2) shifttime: Processed 2205000 values from 1 variable over 90 timesteps.
cdo(1) seltimestep: Processed 24500 values from 1 variable over 2 timesteps.
cdo    mulc: Processed 24500 values from 1 variable over 1 timestep [0.04s 30MB].
cdo    mergetime: Processed 2229500 values from 2 variables over 91 timesteps [0.07s 32MB].
cdo    replace: Processed 20065500 values from 10 variables over 182 timesteps [0.43s 97MB].
0-90 is done
Number of files to process with CDO: 19
cdo(1) divc: Process started
cdo(2) setattribute: Process started
cdo(3) chname: Process started
cdo(4) mergetime: Process started
cdo(4) mergetime: Processed 465500 values from 19 variables over 19 timesteps.
cdo(3) chname: Processed 465500 values from 1 variable over 19 timesteps.
cdo(2) setattribute: Processed 465500 values from 1 variable over 19 timesteps.
cdo(1) divc: Processed 465500 values from 1 variable over 19 timesteps.
cdo    seltimestep: Processed 441000 values from 1 variable over 19 timesteps [0.35s 31MB].
cdo(1) copy: Process started
cdo(1) copy: Processed 2229500 values from 1 variable over 91 timesteps.
cdo    seltimestep: Processed 24500 values from 1 variable over 91 timesteps [0.03s 30MB].
cdo(1) mergetime: Process started
cdo(1) mergetime: Processed 465500 values from 2 variables over 19 timesteps.
cdo    timcumsum: Processed 465500 values from 1 variable over 19 timesteps [0.02s 18MB].
cdo    replace: Processed 4189500 values from 10 variables over 38 timesteps [0.13s 28MB].
90-144 is done
Number of files to process with CDO: 15
cdo(1) divc: Process started
cdo(2) setattribute: Process started
cdo(3) chname: Process started
cdo(4) mergetime: Process started
cdo(4) mergetime: Processed 367500 values from 15 variables over 15 timesteps.
cdo(3) chname: Processed 367500 values from 1 variable over 15 timesteps.
cdo(2) setattribute: Processed 367500 values from 1 variable over 15 timesteps.
cdo(1) divc: Processed 367500 values from 1 variable over 15 timesteps.
cdo    seltimestep: Processed 343000 values from 1 variable over 15 timesteps [0.31s 27MB].
cdo(1) copy: Process started
cdo(1) copy: Processed 465500 values from 1 variable over 19 timesteps.
cdo    seltimestep: Processed 24500 values from 1 variable over 19 timesteps [0.01s 17MB].
cdo(1) mergetime: Process started
cdo(1) mergetime: Processed 367500 values from 2 variables over 15 timesteps.
cdo    timcumsum: Processed 367500 values from 1 variable over 15 timesteps [0.02s 17MB].
Thu Mar 21 01:00:00 PM CET 2019 processed!
Number of files to process with CDO: 90
cdo(1) divc: Process started
cdo(2) setattribute: Process started
cdo(3) chname: Process started
cdo(4) mergetime: Process started
cdo(4) mergetime: Processed 2205000 values from 90 variables over 90 timesteps.
cdo(3) chname: Processed 2205000 values from 1 variable over 90 timesteps.
cdo(2) setattribute: Processed 2205000 values from 1 variable over 90 timesteps.
cdo(1) divc: Processed 2205000 values from 1 variable over 90 timesteps.
cdo    timcumsum: Processed 2205000 values from 1 variable over 90 timesteps [1.73s 73MB].
cdo(1) seltimestep: Process started
cdo(2) shifttime: Process started
cdo(3) copy: Process started
cdo(3) copy: Processed 2205000 values from 1 variable over 90 timesteps.
cdo(2) shifttime: Processed 2205000 values from 1 variable over 90 timesteps.
cdo(1) seltimestep: Processed 24500 values from 1 variable over 2 timesteps.
cdo    mulc: Processed 24500 values from 1 variable over 1 timestep [0.04s 32MB].
cdo    mergetime: Processed 2229500 values from 2 variables over 91 timesteps [0.06s 31MB].
cdo    replace: Processed 20065500 values from 10 variables over 182 timesteps [0.43s 96MB].
0-90 is done
Number of files to process with CDO: 19
cdo(1) divc: Process started
cdo(2) setattribute: Process started
cdo(3) chname: Process started
cdo(4) mergetime: Process started
cdo(4) mergetime: Processed 465500 values from 19 variables over 19 timesteps.
cdo(3) chname: Processed 465500 values from 1 variable over 19 timesteps.
cdo(2) setattribute: Processed 465500 values from 1 variable over 19 timesteps.
cdo(1) divc: Processed 465500 values from 1 variable over 19 timesteps.
cdo    seltimestep: Processed 441000 values from 1 variable over 19 timesteps [0.42s 30MB].
cdo(1) copy: Process started
cdo(1) copy: Processed 2229500 values from 1 variable over 91 timesteps.
cdo    seltimestep: Processed 24500 values from 1 variable over 91 timesteps [0.03s 30MB].
cdo(1) mergetime: Process started
cdo(1) mergetime: Processed 465500 values from 2 variables over 19 timesteps.
cdo    timcumsum: Processed 465500 values from 1 variable over 19 timesteps [0.02s 18MB].
cdo    replace: Processed 4189500 values from 10 variables over 38 timesteps [0.13s 28MB].
90-144 is done
Number of files to process with CDO: 11
cdo(1) divc: Process started
cdo(2) setattribute: Process started
cdo(3) chname: Process started
cdo(4) mergetime: Process started
cdo(4) mergetime: Processed 269500 values from 11 variables over 11 timesteps.
cdo(3) chname: Processed 269500 values from 1 variable over 11 timesteps.
cdo(2) setattribute: Processed 269500 values from 1 variable over 11 timesteps.
cdo(1) divc: Processed 269500 values from 1 variable over 11 timesteps.
cdo    seltimestep: Processed 245000 values from 1 variable over 11 timesteps [0.20s 24MB].
cdo(1) copy: Process started
cdo(1) copy: Processed 465500 values from 1 variable over 19 timesteps.
cdo    seltimestep: Processed 24500 values from 1 variable over 19 timesteps [0.01s 17MB].
cdo(1) mergetime: Process started
cdo(1) mergetime: Processed 269500 values from 2 variables over 11 timesteps.
cdo    timcumsum: Processed 269500 values from 1 variable over 11 timesteps [0.02s 16MB].
Fri Mar 22 01:00:00 PM CET 2019 processed!
Number of files to process with CDO: 90
cdo(1) divc: Process started
cdo(2) setattribute: Process started
cdo(3) chname: Process started
cdo(4) mergetime: Process started
cdo(4) mergetime: Processed 2205000 values from 90 variables over 90 timesteps.
cdo(3) chname: Processed 2205000 values from 1 variable over 90 timesteps.
cdo(2) setattribute: Processed 2205000 values from 1 variable over 90 timesteps.
cdo(1) divc: Processed 2205000 values from 1 variable over 90 timesteps.
cdo    timcumsum: Processed 2205000 values from 1 variable over 90 timesteps [1.83s 73MB].
cdo(1) seltimestep: Process started
cdo(2) shifttime: Process started
cdo(3) copy: Process started
cdo(3) copy: Processed 2205000 values from 1 variable over 90 timesteps.
cdo(2) shifttime: Processed 2205000 values from 1 variable over 90 timesteps.
cdo(1) seltimestep: Processed 24500 values from 1 variable over 2 timesteps.
cdo    mulc: Processed 24500 values from 1 variable over 1 timestep [0.04s 30MB].
cdo    mergetime: Processed 2229500 values from 2 variables over 91 timesteps [0.07s 31MB].
cdo    replace: Processed 20065500 values from 10 variables over 182 timesteps [0.48s 97MB].
0-90 is done
Number of files to process with CDO: 19
cdo(1) divc: Process started
cdo(2) setattribute: Process started
cdo(3) chname: Process started
cdo(4) mergetime: Process started
cdo(4) mergetime: Processed 465500 values from 19 variables over 19 timesteps.
cdo(3) chname: Processed 465500 values from 1 variable over 19 timesteps.
cdo(2) setattribute: Processed 465500 values from 1 variable over 19 timesteps.
cdo(1) divc: Processed 465500 values from 1 variable over 19 timesteps.
cdo    seltimestep: Processed 441000 values from 1 variable over 19 timesteps [0.37s 30MB].
cdo(1) copy: Process started
cdo(1) copy: Processed 2229500 values from 1 variable over 91 timesteps.
cdo    seltimestep: Processed 24500 values from 1 variable over 91 timesteps [0.03s 30MB].
cdo(1) mergetime: Process started
cdo(1) mergetime: Processed 465500 values from 2 variables over 19 timesteps.
cdo    timcumsum: Processed 465500 values from 1 variable over 19 timesteps [0.02s 18MB].
cdo    replace: Processed 4189500 values from 10 variables over 38 timesteps [0.13s 29MB].
90-144 is done
Number of files to process with CDO: 7
cdo(1) divc: Process started
cdo(2) setattribute: Process started
cdo(3) chname: Process started
cdo(4) mergetime: Process started
cdo(4) mergetime: Processed 171500 values from 7 variables over 7 timesteps.
cdo(3) chname: Processed 171500 values from 1 variable over 7 timesteps.
cdo(2) setattribute: Processed 171500 values from 1 variable over 7 timesteps.
cdo(1) divc: Processed 171500 values from 1 variable over 7 timesteps.
cdo    seltimestep: Processed 147000 values from 1 variable over 7 timesteps [0.12s 20MB].
cdo(1) copy: Process started
cdo(1) copy: Processed 465500 values from 1 variable over 19 timesteps.
cdo    seltimestep: Processed 24500 values from 1 variable over 19 timesteps [0.01s 16MB].
cdo(1) mergetime: Process started
cdo(1) mergetime: Processed 171500 values from 2 variables over 7 timesteps.
cdo    timcumsum: Processed 171500 values from 1 variable over 7 timesteps [0.01s 16MB].
Sat Mar 23 01:00:00 PM CET 2019 processed!
Number of files to process with CDO: 90
cdo(1) divc: Process started
cdo(2) setattribute: Process started
cdo(3) chname: Process started
cdo(4) mergetime: Process started
cdo(4) mergetime: Processed 2205000 values from 90 variables over 90 timesteps.
cdo(3) chname: Processed 2205000 values from 1 variable over 90 timesteps.
cdo(2) setattribute: Processed 2205000 values from 1 variable over 90 timesteps.
cdo(1) divc: Processed 2205000 values from 1 variable over 90 timesteps.
cdo    timcumsum: Processed 2205000 values from 1 variable over 90 timesteps [1.83s 75MB].
cdo(1) seltimestep: Process started
cdo(2) shifttime: Process started
cdo(3) copy: Process started
cdo(3) copy: Processed 2205000 values from 1 variable over 90 timesteps.
cdo(2) shifttime: Processed 2205000 values from 1 variable over 90 timesteps.
cdo(1) seltimestep: Processed 24500 values from 1 variable over 2 timesteps.
cdo    mulc: Processed 24500 values from 1 variable over 1 timestep [0.04s 30MB].
cdo    mergetime: Processed 2229500 values from 2 variables over 91 timesteps [0.07s 32MB].
cdo    replace: Processed 20065500 values from 10 variables over 182 timesteps [0.46s 96MB].
0-90 is done
Number of files to process with CDO: 19
cdo(1) divc: Process started
cdo(2) setattribute: Process started
cdo(3) chname: Process started
cdo(4) mergetime: Process started
cdo(4) mergetime: Processed 465500 values from 19 variables over 19 timesteps.
cdo(3) chname: Processed 465500 values from 1 variable over 19 timesteps.
cdo(2) setattribute: Processed 465500 values from 1 variable over 19 timesteps.
cdo(1) divc: Processed 465500 values from 1 variable over 19 timesteps.
cdo    seltimestep: Processed 441000 values from 1 variable over 19 timesteps [0.38s 30MB].
cdo(1) copy: Process started
cdo(1) copy: Processed 2229500 values from 1 variable over 91 timesteps.
cdo    seltimestep: Processed 24500 values from 1 variable over 91 timesteps [0.03s 30MB].
cdo(1) mergetime: Process started
cdo(1) mergetime: Processed 465500 values from 2 variables over 19 timesteps.
cdo    timcumsum: Processed 465500 values from 1 variable over 19 timesteps [0.02s 18MB].
cdo    replace: Processed 4189500 values from 10 variables over 38 timesteps [0.14s 28MB].
90-144 is done
Number of files to process with CDO: 3
cdo(1) divc: Process started
cdo(2) setattribute: Process started
cdo(3) chname: Process started
cdo(4) mergetime: Process started
cdo(4) mergetime: Processed 73500 values from 3 variables over 3 timesteps.
cdo(3) chname: Processed 73500 values from 1 variable over 3 timesteps.
cdo(2) setattribute: Processed 73500 values from 1 variable over 3 timesteps.
cdo(1) divc: Processed 73500 values from 1 variable over 3 timesteps.
cdo    seltimestep: Processed 49000 values from 1 variable over 3 timesteps [0.05s 17MB].
cdo(1) copy: Process started
cdo(1) copy: Processed 465500 values from 1 variable over 19 timesteps.
cdo    seltimestep: Processed 24500 values from 1 variable over 19 timesteps [0.01s 17MB].
cdo(1) mergetime: Process started
cdo(1) mergetime: Processed 73500 values from 2 variables over 3 timesteps.
cdo    timcumsum: Processed 73500 values from 1 variable over 3 timesteps [0.01s 15MB].
Sun Mar 24 01:00:00 PM CET 2019 processed!
Number of files to process with CDO: 90
cdo(1) divc: Process started
cdo(2) setattribute: Process started
cdo(3) chname: Process started
cdo(4) mergetime: Process started
cdo(4) mergetime: Processed 2205000 values from 90 variables over 90 timesteps.
cdo(3) chname: Processed 2205000 values from 1 variable over 90 timesteps.
cdo(2) setattribute: Processed 2205000 values from 1 variable over 90 timesteps.
cdo(1) divc: Processed 2205000 values from 1 variable over 90 timesteps.
cdo    timcumsum: Processed 2205000 values from 1 variable over 90 timesteps [2.08s 73MB].
cdo(1) seltimestep: Process started
cdo(2) shifttime: Process started
cdo(3) copy: Process started
cdo(3) copy: Processed 2205000 values from 1 variable over 90 timesteps.
cdo(2) shifttime: Processed 2205000 values from 1 variable over 90 timesteps.
cdo(1) seltimestep: Processed 24500 values from 1 variable over 2 timesteps.
cdo    mulc: Processed 24500 values from 1 variable over 1 timestep [0.04s 30MB].
cdo    mergetime: Processed 2229500 values from 2 variables over 91 timesteps [0.06s 31MB].
cdo    replace: Processed 20065500 values from 10 variables over 182 timesteps [0.43s 97MB].
0-90 is done
Number of files to process with CDO: 15
cdo(1) divc: Process started
cdo(2) setattribute: Process started
cdo(3) chname: Process started
cdo(4) mergetime: Process started
cdo(4) mergetime: Processed 367500 values from 15 variables over 15 timesteps.
cdo(3) chname: Processed 367500 values from 1 variable over 15 timesteps.
cdo(2) setattribute: Processed 367500 values from 1 variable over 15 timesteps.
cdo(1) divc: Processed 367500 values from 1 variable over 15 timesteps.
cdo    seltimestep: Processed 343000 values from 1 variable over 15 timesteps [0.27s 27MB].
cdo(1) copy: Process started
cdo(1) copy: Processed 2229500 values from 1 variable over 91 timesteps.
cdo    seltimestep: Processed 24500 values from 1 variable over 91 timesteps [0.03s 30MB].
cdo(1) mergetime: Process started
cdo(1) mergetime: Processed 367500 values from 2 variables over 15 timesteps.
cdo    timcumsum: Processed 367500 values from 1 variable over 15 timesteps [0.02s 18MB].
90-144 is done
Number of files to process with CDO: 0
cdo(1) copy: Process started
cdo(1) copy: Processed 367500 values from 1 variable over 15 timesteps.
cdo(1) mergetime: Process started
Mon Mar 25 01:00:00 PM CET 2019 processed!
Number of files to process with CDO: 90
cdo(1) divc: Process started
cdo(2) setattribute: Process started
cdo(3) chname: Process started
cdo(4) mergetime: Process started
cdo(4) mergetime: Processed 2205000 values from 90 variables over 90 timesteps.
cdo(3) chname: Processed 2205000 values from 1 variable over 90 timesteps.
cdo(2) setattribute: Processed 2205000 values from 1 variable over 90 timesteps.
cdo(1) divc: Processed 2205000 values from 1 variable over 90 timesteps.
cdo    timcumsum: Processed 2205000 values from 1 variable over 90 timesteps [1.99s 73MB].
cdo(1) seltimestep: Process started
cdo(2) shifttime: Process started
cdo(3) copy: Process started
cdo(3) copy: Processed 2205000 values from 1 variable over 90 timesteps.
cdo(2) shifttime: Processed 2205000 values from 1 variable over 90 timesteps.
cdo(1) seltimestep: Processed 24500 values from 1 variable over 2 timesteps.
cdo    mulc: Processed 24500 values from 1 variable over 1 timestep [0.04s 29MB].
cdo    mergetime: Processed 2229500 values from 2 variables over 91 timesteps [0.06s 33MB].
cdo    replace: Processed 20065500 values from 10 variables over 182 timesteps [0.44s 97MB].
0-90 is done
Number of files to process with CDO: 7
cdo(1) divc: Process started
cdo(2) setattribute: Process started
cdo(3) chname: Process started
cdo(4) mergetime: Process started
cdo(4) mergetime: Processed 171500 values from 7 variables over 7 timesteps.
cdo(3) chname: Processed 171500 values from 1 variable over 7 timesteps.
cdo(2) setattribute: Processed 171500 values from 1 variable over 7 timesteps.
cdo(1) divc: Processed 171500 values from 1 variable over 7 timesteps.
cdo    seltimestep: Processed 147000 values from 1 variable over 7 timesteps [0.12s 20MB].
cdo(1) copy: Process started
cdo(1) copy: Processed 2229500 values from 1 variable over 91 timesteps.
cdo    seltimestep: Processed 24500 values from 1 variable over 91 timesteps [0.03s 30MB].
cdo(1) mergetime: Process started
cdo(1) mergetime: Processed 171500 values from 2 variables over 7 timesteps.
cdo    timcumsum: Processed 171500 values from 1 variable over 7 timesteps [0.02s 16MB].
90-144 is done
Number of files to process with CDO: 0
cdo(1) copy: Process started
cdo(1) copy: Processed 171500 values from 1 variable over 7 timesteps.
cdo(1) mergetime: Process started
Tue Mar 26 01:00:00 PM CET 2019 processed!
Number of files to process with CDO: 89
cdo(1) divc: Process started
cdo(2) setattribute: Process started
cdo(3) chname: Process started
cdo(4) mergetime: Process started
cdo(4) mergetime: Processed 2180500 values from 89 variables over 89 timesteps.
cdo(3) chname: Processed 2180500 values from 1 variable over 89 timesteps.
cdo(2) setattribute: Processed 2180500 values from 1 variable over 89 timesteps.
cdo(1) divc: Processed 2180500 values from 1 variable over 89 timesteps.
cdo    timcumsum: Processed 2180500 values from 1 variable over 89 timesteps [2.13s 74MB].
cdo(1) seltimestep: Process started
cdo(2) shifttime: Process started
cdo(3) copy: Process started
cdo(3) copy: Processed 2180500 values from 1 variable over 89 timesteps.
cdo(2) shifttime: Processed 2180500 values from 1 variable over 89 timesteps.
cdo(1) seltimestep: Processed 24500 values from 1 variable over 2 timesteps.
cdo    mulc: Processed 24500 values from 1 variable over 1 timestep [0.04s 29MB].
cdo    mergetime: Processed 2205000 values from 2 variables over 90 timesteps [0.08s 32MB].
0-90 is done
Number of files to process with CDO: 1
cdo(1) divc: Process started
cdo(2) setattribute: Process started
cdo(3) chname: Process started
cdo(4) mergetime: Process started
cdo(4) mergetime: Processed 24500 values from 1 variable over 1 timestep.
cdo(3) chname: Processed 24500 values from 1 variable over 1 timestep.
cdo(2) setattribute: Processed 24500 values from 1 variable over 1 timestep.
cdo(1) divc: Processed 24500 values from 1 variable over 1 timestep.
cdo(1) copy: Process started
cdo(1) copy: Processed 2205000 values from 1 variable over 90 timesteps.
cdo(1) mergetime: Process started
90-144 is done
Number of files to process with CDO: 0
cdo(1) copy: Process started
cdo(1) mergetime: Process started
Wed Mar 27 01:00:00 PM CET 2019 processed!
Number of files to process with CDO: 89
cdo(1) divc: Process started
cdo(2) setattribute: Process started
cdo(3) chname: Process started
cdo(4) mergetime: Process started
cdo(4) mergetime: Processed 2180500 values from 89 variables over 89 timesteps.
cdo(3) chname: Processed 2180500 values from 1 variable over 89 timesteps.
cdo(2) setattribute: Processed 2180500 values from 1 variable over 89 timesteps.
cdo(1) divc: Processed 2180500 values from 1 variable over 89 timesteps.
cdo    timcumsum: Processed 2180500 values from 1 variable over 89 timesteps [2.13s 74MB].
cdo(1) seltimestep: Process started
cdo(2) shifttime: Process started
cdo(3) copy: Process started
cdo(3) copy: Processed 2180500 values from 1 variable over 89 timesteps.
cdo(2) shifttime: Processed 2180500 values from 1 variable over 89 timesteps.
cdo(1) seltimestep: Processed 24500 values from 1 variable over 2 timesteps.
cdo    mulc: Processed 24500 values from 1 variable over 1 timestep [0.06s 29MB].
cdo    mergetime: Processed 2205000 values from 2 variables over 90 timesteps [0.06s 31MB].
0-90 is done
Number of files to process with CDO: 1
cdo(1) divc: Process started
cdo(2) setattribute: Process started
cdo(3) chname: Process started
cdo(4) mergetime: Process started
cdo(4) mergetime: Processed 24500 values from 1 variable over 1 timestep.
cdo(3) chname: Processed 24500 values from 1 variable over 1 timestep.
cdo(2) setattribute: Processed 24500 values from 1 variable over 1 timestep.
cdo(1) divc: Processed 24500 values from 1 variable over 1 timestep.
cdo(1) copy: Process started
cdo(1) copy: Processed 2205000 values from 1 variable over 90 timesteps.
cdo(1) mergetime: Process started
90-144 is done
Number of files to process with CDO: 0
Thu Mar 28 01:00:00 PM CET 2019 processed!
Number of files to process with CDO: 89
cdo(1) divc: Process started
cdo(2) setattribute: Process started
cdo(3) chname: Process started
cdo(4) mergetime: Process started
cdo(4) mergetime: Processed 2180500 values from 89 variables over 89 timesteps.
cdo(3) chname: Processed 2180500 values from 1 variable over 89 timesteps.
cdo(2) setattribute: Processed 2180500 values from 1 variable over 89 timesteps.
cdo(1) divc: Processed 2180500 values from 1 variable over 89 timesteps.
cdo    timcumsum: Processed 2180500 values from 1 variable over 89 timesteps [1.84s 73MB].
cdo(1) seltimestep: Process started
cdo(2) shifttime: Process started
cdo(3) copy: Process started
cdo(3) copy: Processed 2180500 values from 1 variable over 89 timesteps.
cdo(2) shifttime: Processed 2180500 values from 1 variable over 89 timesteps.
cdo(1) seltimestep: Processed 24500 values from 1 variable over 2 timesteps.
cdo    mulc: Processed 24500 values from 1 variable over 1 timestep [0.04s 30MB].
cdo    mergetime: Processed 2205000 values from 2 variables over 90 timesteps [0.06s 32MB].
0-90 is done
Number of files to process with CDO: 1
cdo(1) divc: Process started
cdo(2) setattribute: Process started
cdo(3) chname: Process started
cdo(4) mergetime: Process started
cdo(4) mergetime: Processed 24500 values from 1 variable over 1 timestep.
cdo(3) chname: Processed 24500 values from 1 variable over 1 timestep.
cdo(2) setattribute: Processed 24500 values from 1 variable over 1 timestep.
cdo(1) divc: Processed 24500 values from 1 variable over 1 timestep.
cdo(1) copy: Process started
cdo(1) copy: Processed 2205000 values from 1 variable over 90 timesteps.
90-144 is done
Number of files to process with CDO: 0
Fri Mar 29 01:00:00 PM CET 2019 processed!
Number of files to process with CDO: 89
cdo(1) divc: Process started
cdo(2) setattribute: Process started
cdo(3) chname: Process started
cdo(4) mergetime: Process started
cdo(4) mergetime: Processed 2180500 values from 89 variables over 89 timesteps.
cdo(3) chname: Processed 2180500 values from 1 variable over 89 timesteps.
cdo(2) setattribute: Processed 2180500 values from 1 variable over 89 timesteps.
cdo(1) divc: Processed 2180500 values from 1 variable over 89 timesteps.
cdo    timcumsum: Processed 2180500 values from 1 variable over 89 timesteps [1.67s 72MB].
cdo(1) seltimestep: Process started
cdo(2) shifttime: Process started
cdo(3) copy: Process started
cdo(3) copy: Processed 2180500 values from 1 variable over 89 timesteps.
cdo(2) shifttime: Processed 2180500 values from 1 variable over 89 timesteps.
cdo(1) seltimestep: Processed 24500 values from 1 variable over 2 timesteps.
cdo    mulc: Processed 24500 values from 1 variable over 1 timestep [0.04s 29MB].
cdo    mergetime: Processed 2205000 values from 2 variables over 90 timesteps [0.06s 32MB].
0-90 is done
Number of files to process with CDO: 1
cdo(1) divc: Process started
cdo(2) setattribute: Process started
cdo(3) chname: Process started
cdo(4) mergetime: Process started
cdo(4) mergetime: Processed 24500 values from 1 variable over 1 timestep.
cdo(3) chname: Processed 24500 values from 1 variable over 1 timestep.
cdo(2) setattribute: Processed 24500 values from 1 variable over 1 timestep.
cdo(1) divc: Processed 24500 values from 1 variable over 1 timestep.
cdo(1) copy: Process started
cdo(1) copy: Processed 2205000 values from 1 variable over 90 timesteps.
90-144 is done
Number of files to process with CDO: 0
Sat Mar 30 01:00:00 PM CET 2019 processed!
Number of files to process with CDO: 89
cdo(1) divc: Process started
cdo(2) setattribute: Process started
cdo(3) chname: Process started
cdo(4) mergetime: Process started
cdo(4) mergetime: Processed 2180500 values from 89 variables over 89 timesteps.
cdo(3) chname: Processed 2180500 values from 1 variable over 89 timesteps.
cdo(2) setattribute: Processed 2180500 values from 1 variable over 89 timesteps.
cdo(1) divc: Processed 2180500 values from 1 variable over 89 timesteps.
cdo    timcumsum: Processed 2180500 values from 1 variable over 89 timesteps [1.82s 72MB].
cdo(1) seltimestep: Process started
cdo(2) shifttime: Process started
cdo(3) copy: Process started
cdo(3) copy: Processed 2180500 values from 1 variable over 89 timesteps.
cdo(2) shifttime: Processed 2180500 values from 1 variable over 89 timesteps.
cdo(1) seltimestep: Processed 24500 values from 1 variable over 2 timesteps.
cdo    mulc: Processed 24500 values from 1 variable over 1 timestep [0.04s 29MB].
cdo    mergetime: Processed 2205000 values from 2 variables over 90 timesteps [0.06s 32MB].
0-90 is done
Number of files to process with CDO: 1
cdo(1) divc: Process started
cdo(2) setattribute: Process started
cdo(3) chname: Process started
cdo(4) mergetime: Process started
cdo(4) mergetime: Processed 24500 values from 1 variable over 1 timestep.
cdo(3) chname: Processed 24500 values from 1 variable over 1 timestep.
cdo(2) setattribute: Processed 24500 values from 1 variable over 1 timestep.
cdo(1) divc: Processed 24500 values from 1 variable over 1 timestep.
cdo(1) copy: Process started
cdo(1) copy: Processed 2205000 values from 1 variable over 90 timesteps.
90-144 is done
Number of files to process with CDO: 0
Sun Mar 31 02:00:00 PM CEST 2019 processed!
