mkdir: cannot create directory ‘/p/project1/deepacf’: Permission denied
mkdir: cannot create directory ‘/p/project1/deepacf’: Permission denied
ls: cannot access '/p/scratch/cesmtst/patakchiyousefi1/FORECASTLEAD_CESMTST_SCRATCH/HRES_DUMP3/*day*10*2019033107*': No such file or directory
ls: cannot access '/p/scratch/cesmtst/patakchiyousefi1/FORECASTLEAD_CESMTST_SCRATCH/HRES_DUMP3/*day*10*2019033113*': No such file or directory
cdo    seltimestep (Warning): Timesteps 16-17 not found!

cdo    replace (Abort): Input streams have different number of timesteps!
ls: cannot access '/p/scratch/cesmtst/patakchiyousefi1/FORECASTLEAD_CESMTST_SCRATCH/HRES_DUMP3/*day*09*2019033107*': No such file or directory
ls: cannot access '/p/scratch/cesmtst/patakchiyousefi1/FORECASTLEAD_CESMTST_SCRATCH/HRES_DUMP3/*day*09*2019033113*': No such file or directory
ls: cannot access '/p/scratch/cesmtst/patakchiyousefi1/FORECASTLEAD_CESMTST_SCRATCH/HRES_DUMP3/*day*10*2019033119*': No such file or directory
ls: cannot access '/p/scratch/cesmtst/patakchiyousefi1/FORECASTLEAD_CESMTST_SCRATCH/HRES_DUMP3/*day*10*2019040101*': No such file or directory
ls: cannot access '/p/scratch/cesmtst/patakchiyousefi1/FORECASTLEAD_CESMTST_SCRATCH/HRES_DUMP3/*day*10*2019040107*': No such file or directory
ls: cannot access '/p/scratch/cesmtst/patakchiyousefi1/FORECASTLEAD_CESMTST_SCRATCH/HRES_DUMP3/*day*10*2019040113*': No such file or directory
cdo    seltimestep (Warning): Timesteps 12-17 not found!

cdo    replace (Abort): Input streams have different number of timesteps!
ls: cannot access '/p/scratch/cesmtst/patakchiyousefi1/FORECASTLEAD_CESMTST_SCRATCH/HRES_DUMP3/*day*08*2019033107*': No such file or directory
ls: cannot access '/p/scratch/cesmtst/patakchiyousefi1/FORECASTLEAD_CESMTST_SCRATCH/HRES_DUMP3/*day*08*2019033113*': No such file or directory
ls: cannot access '/p/scratch/cesmtst/patakchiyousefi1/FORECASTLEAD_CESMTST_SCRATCH/HRES_DUMP3/*day*09*2019033119*': No such file or directory
ls: cannot access '/p/scratch/cesmtst/patakchiyousefi1/FORECASTLEAD_CESMTST_SCRATCH/HRES_DUMP3/*day*09*2019040101*': No such file or directory
ls: cannot access '/p/scratch/cesmtst/patakchiyousefi1/FORECASTLEAD_CESMTST_SCRATCH/HRES_DUMP3/*day*09*2019040107*': No such file or directory
ls: cannot access '/p/scratch/cesmtst/patakchiyousefi1/FORECASTLEAD_CESMTST_SCRATCH/HRES_DUMP3/*day*09*2019040113*': No such file or directory
ls: cannot access '/p/scratch/cesmtst/patakchiyousefi1/FORECASTLEAD_CESMTST_SCRATCH/HRES_DUMP3/*day*10*2019040119*': No such file or directory
ls: cannot access '/p/scratch/cesmtst/patakchiyousefi1/FORECASTLEAD_CESMTST_SCRATCH/HRES_DUMP3/*day*10*2019040201*': No such file or directory
ls: cannot access '/p/scratch/cesmtst/patakchiyousefi1/FORECASTLEAD_CESMTST_SCRATCH/HRES_DUMP3/*day*10*2019040207*': No such file or directory
ls: cannot access '/p/scratch/cesmtst/patakchiyousefi1/FORECASTLEAD_CESMTST_SCRATCH/HRES_DUMP3/*day*10*2019040213*': No such file or directory
cdo    seltimestep (Warning): Timesteps 8-17 not found!

cdo    replace (Abort): Input streams have different number of timesteps!
ls: cannot access '/p/scratch/cesmtst/patakchiyousefi1/FORECASTLEAD_CESMTST_SCRATCH/HRES_DUMP3/*day*07*2019033107*': No such file or directory
ls: cannot access '/p/scratch/cesmtst/patakchiyousefi1/FORECASTLEAD_CESMTST_SCRATCH/HRES_DUMP3/*day*07*2019033113*': No such file or directory
ls: cannot access '/p/scratch/cesmtst/patakchiyousefi1/FORECASTLEAD_CESMTST_SCRATCH/HRES_DUMP3/*day*08*2019033119*': No such file or directory
ls: cannot access '/p/scratch/cesmtst/patakchiyousefi1/FORECASTLEAD_CESMTST_SCRATCH/HRES_DUMP3/*day*08*2019040101*': No such file or directory
ls: cannot access '/p/scratch/cesmtst/patakchiyousefi1/FORECASTLEAD_CESMTST_SCRATCH/HRES_DUMP3/*day*08*2019040107*': No such file or directory
ls: cannot access '/p/scratch/cesmtst/patakchiyousefi1/FORECASTLEAD_CESMTST_SCRATCH/HRES_DUMP3/*day*08*2019040113*': No such file or directory
ls: cannot access '/p/scratch/cesmtst/patakchiyousefi1/FORECASTLEAD_CESMTST_SCRATCH/HRES_DUMP3/*day*09*2019040119*': No such file or directory
ls: cannot access '/p/scratch/cesmtst/patakchiyousefi1/FORECASTLEAD_CESMTST_SCRATCH/HRES_DUMP3/*day*09*2019040201*': No such file or directory
ls: cannot access '/p/scratch/cesmtst/patakchiyousefi1/FORECASTLEAD_CESMTST_SCRATCH/HRES_DUMP3/*day*09*2019040207*': No such file or directory
ls: cannot access '/p/scratch/cesmtst/patakchiyousefi1/FORECASTLEAD_CESMTST_SCRATCH/HRES_DUMP3/*day*09*2019040213*': No such file or directory
ls: cannot access '/p/scratch/cesmtst/patakchiyousefi1/FORECASTLEAD_CESMTST_SCRATCH/HRES_DUMP3/*day*10*2019040219*': No such file or directory
ls: cannot access '/p/scratch/cesmtst/patakchiyousefi1/FORECASTLEAD_CESMTST_SCRATCH/HRES_DUMP3/*day*10*2019040301*': No such file or directory
ls: cannot access '/p/scratch/cesmtst/patakchiyousefi1/FORECASTLEAD_CESMTST_SCRATCH/HRES_DUMP3/*day*10*2019040307*': No such file or directory
ls: cannot access '/p/scratch/cesmtst/patakchiyousefi1/FORECASTLEAD_CESMTST_SCRATCH/HRES_DUMP3/*day*10*2019040313*': No such file or directory
cdo    seltimestep (Warning): Timesteps 4-17 not found!

cdo    replace (Abort): Input streams have different number of timesteps!
ls: cannot access '/p/scratch/cesmtst/patakchiyousefi1/FORECASTLEAD_CESMTST_SCRATCH/HRES_DUMP3/*day*06*2019033104*': No such file or directory
ls: cannot access '/p/scratch/cesmtst/patakchiyousefi1/FORECASTLEAD_CESMTST_SCRATCH/HRES_DUMP3/*day*06*2019033107*': No such file or directory
ls: cannot access '/p/scratch/cesmtst/patakchiyousefi1/FORECASTLEAD_CESMTST_SCRATCH/HRES_DUMP3/*day*06*2019033110*': No such file or directory
ls: cannot access '/p/scratch/cesmtst/patakchiyousefi1/FORECASTLEAD_CESMTST_SCRATCH/HRES_DUMP3/*day*06*2019033113*': No such file or directory
cdo    seltimestep (Warning): Timesteps 16-19 not found!

cdo    replace (Abort): Input streams have different number of timesteps!
ls: cannot access '/p/scratch/cesmtst/patakchiyousefi1/FORECASTLEAD_CESMTST_SCRATCH/HRES_DUMP3/*day*06*2019033113*': No such file or directory
ls: cannot access '/p/scratch/cesmtst/patakchiyousefi1/FORECASTLEAD_CESMTST_SCRATCH/HRES_DUMP3/*day*07*2019033119*': No such file or directory
ls: cannot access '/p/scratch/cesmtst/patakchiyousefi1/FORECASTLEAD_CESMTST_SCRATCH/HRES_DUMP3/*day*07*2019040101*': No such file or directory
ls: cannot access '/p/scratch/cesmtst/patakchiyousefi1/FORECASTLEAD_CESMTST_SCRATCH/HRES_DUMP3/*day*07*2019040107*': No such file or directory
ls: cannot access '/p/scratch/cesmtst/patakchiyousefi1/FORECASTLEAD_CESMTST_SCRATCH/HRES_DUMP3/*day*07*2019040113*': No such file or directory
ls: cannot access '/p/scratch/cesmtst/patakchiyousefi1/FORECASTLEAD_CESMTST_SCRATCH/HRES_DUMP3/*day*08*2019040119*': No such file or directory
ls: cannot access '/p/scratch/cesmtst/patakchiyousefi1/FORECASTLEAD_CESMTST_SCRATCH/HRES_DUMP3/*day*08*2019040201*': No such file or directory
ls: cannot access '/p/scratch/cesmtst/patakchiyousefi1/FORECASTLEAD_CESMTST_SCRATCH/HRES_DUMP3/*day*08*2019040207*': No such file or directory
ls: cannot access '/p/scratch/cesmtst/patakchiyousefi1/FORECASTLEAD_CESMTST_SCRATCH/HRES_DUMP3/*day*08*2019040213*': No such file or directory
ls: cannot access '/p/scratch/cesmtst/patakchiyousefi1/FORECASTLEAD_CESMTST_SCRATCH/HRES_DUMP3/*day*09*2019040219*': No such file or directory
ls: cannot access '/p/scratch/cesmtst/patakchiyousefi1/FORECASTLEAD_CESMTST_SCRATCH/HRES_DUMP3/*day*09*2019040301*': No such file or directory
ls: cannot access '/p/scratch/cesmtst/patakchiyousefi1/FORECASTLEAD_CESMTST_SCRATCH/HRES_DUMP3/*day*09*2019040307*': No such file or directory
ls: cannot access '/p/scratch/cesmtst/patakchiyousefi1/FORECASTLEAD_CESMTST_SCRATCH/HRES_DUMP3/*day*09*2019040313*': No such file or directory
ls: cannot access '/p/scratch/cesmtst/patakchiyousefi1/FORECASTLEAD_CESMTST_SCRATCH/HRES_DUMP3/*day*10*2019040319*': No such file or directory
ls: cannot access '/p/scratch/cesmtst/patakchiyousefi1/FORECASTLEAD_CESMTST_SCRATCH/HRES_DUMP3/*day*10*2019040401*': No such file or directory
ls: cannot access '/p/scratch/cesmtst/patakchiyousefi1/FORECASTLEAD_CESMTST_SCRATCH/HRES_DUMP3/*day*10*2019040407*': No such file or directory
ls: cannot access '/p/scratch/cesmtst/patakchiyousefi1/FORECASTLEAD_CESMTST_SCRATCH/HRES_DUMP3/*day*10*2019040413*': No such file or directory

cdo (Abort): Input streams missing!
cdo    seltimestep (Warning): Timestep 19 not found!

cdo    seltimestep (Abort): No timesteps selected!
cdo(1) mergetime: Open failed on >/p/scratch/cesmtst/patakchiyousefi1/FORECASTLEAD_CESMTST_SCRATCH/HRES_DUMP4/ADAPTER_DE05_20190325.12.144-240-prev.nc<
                  No such file or directory
cdo    replace: Open failed on >/p/scratch/cesmtst/patakchiyousefi1/FORECASTLEAD_CESMTST_SCRATCH/HRES_DUMP5/ADAPTER_DE05_20190325.12.144-240-6.boundary_1.tp.nc<
                No such file or directory
ncatted: ERROR file /p/scratch/cesmtst/patakchiyousefi1/FORECASTLEAD_CESMTST_SCRATCH/HRES_POST/ADAPTER_DE05_20190325.12.144-240-6.boundary_1.nc not found. It does not exist on the local filesystem, nor does it match remote filename patterns (e.g., http://foo or foo.bar.edu:file).
ncatted: HINT file-not-found errors usually arise from filename typos, incorrect paths, missing files, or capricious gods. Please verify spelling and location of requested file. If the file resides on a High Performance Storage System (HPSS) accessible via the 'hsi' command, then add the --hpss option and re-try command.
rm: cannot remove '/p/scratch/cesmtst/patakchiyousefi1/FORECASTLEAD_CESMTST_SCRATCH/HRES_DUMP4/ADAPTER_DE05_20190325.13.144-240-6.boundary_1.tp.nc': No such file or directory
rm: cannot remove '/p/scratch/cesmtst/patakchiyousefi1/FORECASTLEAD_CESMTST_SCRATCH/HRES_DUMP4/ADAPTER_DE05_20190325.12.144-240-prev.nc': No such file or directory
ls: cannot access '/p/scratch/cesmtst/patakchiyousefi1/FORECASTLEAD_CESMTST_SCRATCH/HRES_DUMP3/*day*05*2019033104*': No such file or directory
ls: cannot access '/p/scratch/cesmtst/patakchiyousefi1/FORECASTLEAD_CESMTST_SCRATCH/HRES_DUMP3/*day*05*2019033107*': No such file or directory
ls: cannot access '/p/scratch/cesmtst/patakchiyousefi1/FORECASTLEAD_CESMTST_SCRATCH/HRES_DUMP3/*day*05*2019033110*': No such file or directory
ls: cannot access '/p/scratch/cesmtst/patakchiyousefi1/FORECASTLEAD_CESMTST_SCRATCH/HRES_DUMP3/*day*05*2019033113*': No such file or directory
ls: cannot access '/p/scratch/cesmtst/patakchiyousefi1/FORECASTLEAD_CESMTST_SCRATCH/HRES_DUMP3/*day*06*2019033116*': No such file or directory
ls: cannot access '/p/scratch/cesmtst/patakchiyousefi1/FORECASTLEAD_CESMTST_SCRATCH/HRES_DUMP3/*day*06*2019033119*': No such file or directory
ls: cannot access '/p/scratch/cesmtst/patakchiyousefi1/FORECASTLEAD_CESMTST_SCRATCH/HRES_DUMP3/*day*06*2019033122*': No such file or directory
ls: cannot access '/p/scratch/cesmtst/patakchiyousefi1/FORECASTLEAD_CESMTST_SCRATCH/HRES_DUMP3/*day*06*2019040101*': No such file or directory
ls: cannot access '/p/scratch/cesmtst/patakchiyousefi1/FORECASTLEAD_CESMTST_SCRATCH/HRES_DUMP3/*day*06*2019040104*': No such file or directory
ls: cannot access '/p/scratch/cesmtst/patakchiyousefi1/FORECASTLEAD_CESMTST_SCRATCH/HRES_DUMP3/*day*06*2019040107*': No such file or directory
ls: cannot access '/p/scratch/cesmtst/patakchiyousefi1/FORECASTLEAD_CESMTST_SCRATCH/HRES_DUMP3/*day*06*2019040110*': No such file or directory
ls: cannot access '/p/scratch/cesmtst/patakchiyousefi1/FORECASTLEAD_CESMTST_SCRATCH/HRES_DUMP3/*day*06*2019040113*': No such file or directory
cdo    seltimestep (Warning): Timesteps 8-19 not found!

cdo    replace (Abort): Input streams have different number of timesteps!
ls: cannot access '/p/scratch/cesmtst/patakchiyousefi1/FORECASTLEAD_CESMTST_SCRATCH/HRES_DUMP3/*day*06*2019040113*': No such file or directory
ls: cannot access '/p/scratch/cesmtst/patakchiyousefi1/FORECASTLEAD_CESMTST_SCRATCH/HRES_DUMP3/*day*07*2019040119*': No such file or directory
ls: cannot access '/p/scratch/cesmtst/patakchiyousefi1/FORECASTLEAD_CESMTST_SCRATCH/HRES_DUMP3/*day*07*2019040201*': No such file or directory
ls: cannot access '/p/scratch/cesmtst/patakchiyousefi1/FORECASTLEAD_CESMTST_SCRATCH/HRES_DUMP3/*day*07*2019040207*': No such file or directory
ls: cannot access '/p/scratch/cesmtst/patakchiyousefi1/FORECASTLEAD_CESMTST_SCRATCH/HRES_DUMP3/*day*07*2019040213*': No such file or directory
ls: cannot access '/p/scratch/cesmtst/patakchiyousefi1/FORECASTLEAD_CESMTST_SCRATCH/HRES_DUMP3/*day*08*2019040219*': No such file or directory
ls: cannot access '/p/scratch/cesmtst/patakchiyousefi1/FORECASTLEAD_CESMTST_SCRATCH/HRES_DUMP3/*day*08*2019040301*': No such file or directory
ls: cannot access '/p/scratch/cesmtst/patakchiyousefi1/FORECASTLEAD_CESMTST_SCRATCH/HRES_DUMP3/*day*08*2019040307*': No such file or directory
ls: cannot access '/p/scratch/cesmtst/patakchiyousefi1/FORECASTLEAD_CESMTST_SCRATCH/HRES_DUMP3/*day*08*2019040313*': No such file or directory
ls: cannot access '/p/scratch/cesmtst/patakchiyousefi1/FORECASTLEAD_CESMTST_SCRATCH/HRES_DUMP3/*day*09*2019040319*': No such file or directory
ls: cannot access '/p/scratch/cesmtst/patakchiyousefi1/FORECASTLEAD_CESMTST_SCRATCH/HRES_DUMP3/*day*09*2019040401*': No such file or directory
ls: cannot access '/p/scratch/cesmtst/patakchiyousefi1/FORECASTLEAD_CESMTST_SCRATCH/HRES_DUMP3/*day*09*2019040407*': No such file or directory
ls: cannot access '/p/scratch/cesmtst/patakchiyousefi1/FORECASTLEAD_CESMTST_SCRATCH/HRES_DUMP3/*day*09*2019040413*': No such file or directory
ls: cannot access '/p/scratch/cesmtst/patakchiyousefi1/FORECASTLEAD_CESMTST_SCRATCH/HRES_DUMP3/*day*10*2019040419*': No such file or directory
ls: cannot access '/p/scratch/cesmtst/patakchiyousefi1/FORECASTLEAD_CESMTST_SCRATCH/HRES_DUMP3/*day*10*2019040501*': No such file or directory
ls: cannot access '/p/scratch/cesmtst/patakchiyousefi1/FORECASTLEAD_CESMTST_SCRATCH/HRES_DUMP3/*day*10*2019040507*': No such file or directory
ls: cannot access '/p/scratch/cesmtst/patakchiyousefi1/FORECASTLEAD_CESMTST_SCRATCH/HRES_DUMP3/*day*10*2019040513*': No such file or directory

cdo (Abort): Input streams missing!
cdo    seltimestep (Warning): Timestep 19 not found!

cdo    seltimestep (Abort): No timesteps selected!
cdo(1) mergetime: Open failed on >/p/scratch/cesmtst/patakchiyousefi1/FORECASTLEAD_CESMTST_SCRATCH/HRES_DUMP4/ADAPTER_DE05_20190326.12.144-240-prev.nc<
                  No such file or directory
cdo    replace: Open failed on >/p/scratch/cesmtst/patakchiyousefi1/FORECASTLEAD_CESMTST_SCRATCH/HRES_DUMP5/ADAPTER_DE05_20190326.12.144-240-6.boundary_1.tp.nc<
                No such file or directory
ncatted: ERROR file /p/scratch/cesmtst/patakchiyousefi1/FORECASTLEAD_CESMTST_SCRATCH/HRES_POST/ADAPTER_DE05_20190326.12.144-240-6.boundary_1.nc not found. It does not exist on the local filesystem, nor does it match remote filename patterns (e.g., http://foo or foo.bar.edu:file).
ncatted: HINT file-not-found errors usually arise from filename typos, incorrect paths, missing files, or capricious gods. Please verify spelling and location of requested file. If the file resides on a High Performance Storage System (HPSS) accessible via the 'hsi' command, then add the --hpss option and re-try command.
rm: cannot remove '/p/scratch/cesmtst/patakchiyousefi1/FORECASTLEAD_CESMTST_SCRATCH/HRES_DUMP4/ADAPTER_DE05_20190326.13.144-240-6.boundary_1.tp.nc': No such file or directory
rm: cannot remove '/p/scratch/cesmtst/patakchiyousefi1/FORECASTLEAD_CESMTST_SCRATCH/HRES_DUMP4/ADAPTER_DE05_20190326.12.144-240-prev.nc': No such file or directory
ls: cannot access '/p/scratch/cesmtst/patakchiyousefi1/FORECASTLEAD_CESMTST_SCRATCH/HRES_DUMP3/*day*04*2019033107*': No such file or directory

cdo    replace (Abort): Input streams have different number of timesteps!
ls: cannot access '/p/scratch/cesmtst/patakchiyousefi1/FORECASTLEAD_CESMTST_SCRATCH/HRES_DUMP3/*day*04*2019033107*': No such file or directory
ls: cannot access '/p/scratch/cesmtst/patakchiyousefi1/FORECASTLEAD_CESMTST_SCRATCH/HRES_DUMP3/*day*04*2019033110*': No such file or directory
ls: cannot access '/p/scratch/cesmtst/patakchiyousefi1/FORECASTLEAD_CESMTST_SCRATCH/HRES_DUMP3/*day*05*2019033116*': No such file or directory
ls: cannot access '/p/scratch/cesmtst/patakchiyousefi1/FORECASTLEAD_CESMTST_SCRATCH/HRES_DUMP3/*day*05*2019033119*': No such file or directory
ls: cannot access '/p/scratch/cesmtst/patakchiyousefi1/FORECASTLEAD_CESMTST_SCRATCH/HRES_DUMP3/*day*05*2019033122*': No such file or directory
ls: cannot access '/p/scratch/cesmtst/patakchiyousefi1/FORECASTLEAD_CESMTST_SCRATCH/HRES_DUMP3/*day*05*2019040101*': No such file or directory
ls: cannot access '/p/scratch/cesmtst/patakchiyousefi1/FORECASTLEAD_CESMTST_SCRATCH/HRES_DUMP3/*day*05*2019040104*': No such file or directory
ls: cannot access '/p/scratch/cesmtst/patakchiyousefi1/FORECASTLEAD_CESMTST_SCRATCH/HRES_DUMP3/*day*05*2019040107*': No such file or directory
ls: cannot access '/p/scratch/cesmtst/patakchiyousefi1/FORECASTLEAD_CESMTST_SCRATCH/HRES_DUMP3/*day*05*2019040110*': No such file or directory
ls: cannot access '/p/scratch/cesmtst/patakchiyousefi1/FORECASTLEAD_CESMTST_SCRATCH/HRES_DUMP3/*day*05*2019040113*': No such file or directory
ls: cannot access '/p/scratch/cesmtst/patakchiyousefi1/FORECASTLEAD_CESMTST_SCRATCH/HRES_DUMP3/*day*06*2019040116*': No such file or directory
ls: cannot access '/p/scratch/cesmtst/patakchiyousefi1/FORECASTLEAD_CESMTST_SCRATCH/HRES_DUMP3/*day*06*2019040119*': No such file or directory
ls: cannot access '/p/scratch/cesmtst/patakchiyousefi1/FORECASTLEAD_CESMTST_SCRATCH/HRES_DUMP3/*day*06*2019040122*': No such file or directory
ls: cannot access '/p/scratch/cesmtst/patakchiyousefi1/FORECASTLEAD_CESMTST_SCRATCH/HRES_DUMP3/*day*06*2019040201*': No such file or directory
ls: cannot access '/p/scratch/cesmtst/patakchiyousefi1/FORECASTLEAD_CESMTST_SCRATCH/HRES_DUMP3/*day*06*2019040204*': No such file or directory
ls: cannot access '/p/scratch/cesmtst/patakchiyousefi1/FORECASTLEAD_CESMTST_SCRATCH/HRES_DUMP3/*day*06*2019040207*': No such file or directory
ls: cannot access '/p/scratch/cesmtst/patakchiyousefi1/FORECASTLEAD_CESMTST_SCRATCH/HRES_DUMP3/*day*06*2019040210*': No such file or directory
ls: cannot access '/p/scratch/cesmtst/patakchiyousefi1/FORECASTLEAD_CESMTST_SCRATCH/HRES_DUMP3/*day*06*2019040213*': No such file or directory
cdo    seltimestep (Warning): Timesteps 2-19 not found!

cdo    seltimestep (Abort): No timesteps selected!
cdo    seltimestep (Warning): Timestep 91 not found!

cdo    seltimestep (Abort): No timesteps selected!
cdo(1) mergetime: Open failed on >/p/scratch/cesmtst/patakchiyousefi1/FORECASTLEAD_CESMTST_SCRATCH/HRES_DUMP4/ADAPTER_DE05_20190327.12.90-144-prev.nc<
                  No such file or directory
cdo    replace: Open failed on >/p/scratch/cesmtst/patakchiyousefi1/FORECASTLEAD_CESMTST_SCRATCH/HRES_DUMP5/ADAPTER_DE05_20190327.12.90-144-3.boundary_1.tp.nc<
                No such file or directory
ncatted: ERROR file /p/scratch/cesmtst/patakchiyousefi1/FORECASTLEAD_CESMTST_SCRATCH/HRES_POST/ADAPTER_DE05_20190327.12.90-144-3.boundary_1.nc not found. It does not exist on the local filesystem, nor does it match remote filename patterns (e.g., http://foo or foo.bar.edu:file).
ncatted: HINT file-not-found errors usually arise from filename typos, incorrect paths, missing files, or capricious gods. Please verify spelling and location of requested file. If the file resides on a High Performance Storage System (HPSS) accessible via the 'hsi' command, then add the --hpss option and re-try command.
rm: cannot remove '/p/scratch/cesmtst/patakchiyousefi1/FORECASTLEAD_CESMTST_SCRATCH/HRES_DUMP4/ADAPTER_DE05_20190327.13.90-144-3.boundary_1.tp.nc': No such file or directory
rm: cannot remove '/p/scratch/cesmtst/patakchiyousefi1/FORECASTLEAD_CESMTST_SCRATCH/HRES_DUMP4/ADAPTER_DE05_20190327.12.90-144-prev.nc': No such file or directory
ls: cannot access '/p/scratch/cesmtst/patakchiyousefi1/FORECASTLEAD_CESMTST_SCRATCH/HRES_DUMP3/*day*06*2019040213*': No such file or directory
ls: cannot access '/p/scratch/cesmtst/patakchiyousefi1/FORECASTLEAD_CESMTST_SCRATCH/HRES_DUMP3/*day*07*2019040219*': No such file or directory
ls: cannot access '/p/scratch/cesmtst/patakchiyousefi1/FORECASTLEAD_CESMTST_SCRATCH/HRES_DUMP3/*day*07*2019040301*': No such file or directory
ls: cannot access '/p/scratch/cesmtst/patakchiyousefi1/FORECASTLEAD_CESMTST_SCRATCH/HRES_DUMP3/*day*07*2019040307*': No such file or directory
ls: cannot access '/p/scratch/cesmtst/patakchiyousefi1/FORECASTLEAD_CESMTST_SCRATCH/HRES_DUMP3/*day*07*2019040313*': No such file or directory
ls: cannot access '/p/scratch/cesmtst/patakchiyousefi1/FORECASTLEAD_CESMTST_SCRATCH/HRES_DUMP3/*day*08*2019040319*': No such file or directory
ls: cannot access '/p/scratch/cesmtst/patakchiyousefi1/FORECASTLEAD_CESMTST_SCRATCH/HRES_DUMP3/*day*08*2019040401*': No such file or directory
ls: cannot access '/p/scratch/cesmtst/patakchiyousefi1/FORECASTLEAD_CESMTST_SCRATCH/HRES_DUMP3/*day*08*2019040407*': No such file or directory
ls: cannot access '/p/scratch/cesmtst/patakchiyousefi1/FORECASTLEAD_CESMTST_SCRATCH/HRES_DUMP3/*day*08*2019040413*': No such file or directory
ls: cannot access '/p/scratch/cesmtst/patakchiyousefi1/FORECASTLEAD_CESMTST_SCRATCH/HRES_DUMP3/*day*09*2019040419*': No such file or directory
ls: cannot access '/p/scratch/cesmtst/patakchiyousefi1/FORECASTLEAD_CESMTST_SCRATCH/HRES_DUMP3/*day*09*2019040501*': No such file or directory
ls: cannot access '/p/scratch/cesmtst/patakchiyousefi1/FORECASTLEAD_CESMTST_SCRATCH/HRES_DUMP3/*day*09*2019040507*': No such file or directory
ls: cannot access '/p/scratch/cesmtst/patakchiyousefi1/FORECASTLEAD_CESMTST_SCRATCH/HRES_DUMP3/*day*09*2019040513*': No such file or directory
ls: cannot access '/p/scratch/cesmtst/patakchiyousefi1/FORECASTLEAD_CESMTST_SCRATCH/HRES_DUMP3/*day*10*2019040519*': No such file or directory
ls: cannot access '/p/scratch/cesmtst/patakchiyousefi1/FORECASTLEAD_CESMTST_SCRATCH/HRES_DUMP3/*day*10*2019040601*': No such file or directory
ls: cannot access '/p/scratch/cesmtst/patakchiyousefi1/FORECASTLEAD_CESMTST_SCRATCH/HRES_DUMP3/*day*10*2019040607*': No such file or directory
ls: cannot access '/p/scratch/cesmtst/patakchiyousefi1/FORECASTLEAD_CESMTST_SCRATCH/HRES_DUMP3/*day*10*2019040613*': No such file or directory

cdo (Abort): Input streams missing!
cdo(1) copy: Open failed on >/p/scratch/cesmtst/patakchiyousefi1/FORECASTLEAD_CESMTST_SCRATCH/HRES_DUMP5/ADAPTER_DE05_20190327.12.90-144-3.boundary_1.tp.nc<
             No such file or directory
cdo(1) mergetime: Open failed on >/p/scratch/cesmtst/patakchiyousefi1/FORECASTLEAD_CESMTST_SCRATCH/HRES_DUMP4/ADAPTER_DE05_20190327.12.144-240-prev.nc<
                  No such file or directory
cdo    replace: Open failed on >/p/scratch/cesmtst/patakchiyousefi1/FORECASTLEAD_CESMTST_SCRATCH/HRES_DUMP5/ADAPTER_DE05_20190327.12.144-240-6.boundary_1.tp.nc<
                No such file or directory
ncatted: ERROR file /p/scratch/cesmtst/patakchiyousefi1/FORECASTLEAD_CESMTST_SCRATCH/HRES_POST/ADAPTER_DE05_20190327.12.144-240-6.boundary_1.nc not found. It does not exist on the local filesystem, nor does it match remote filename patterns (e.g., http://foo or foo.bar.edu:file).
ncatted: HINT file-not-found errors usually arise from filename typos, incorrect paths, missing files, or capricious gods. Please verify spelling and location of requested file. If the file resides on a High Performance Storage System (HPSS) accessible via the 'hsi' command, then add the --hpss option and re-try command.
rm: cannot remove '/p/scratch/cesmtst/patakchiyousefi1/FORECASTLEAD_CESMTST_SCRATCH/HRES_DUMP4/ADAPTER_DE05_20190327.13.144-240-6.boundary_1.tp.nc': No such file or directory
rm: cannot remove '/p/scratch/cesmtst/patakchiyousefi1/FORECASTLEAD_CESMTST_SCRATCH/HRES_DUMP4/ADAPTER_DE05_20190327.12.144-240-prev.nc': No such file or directory
ls: cannot access '/p/scratch/cesmtst/patakchiyousefi1/FORECASTLEAD_CESMTST_SCRATCH/HRES_DUMP3/*day*04*2019040107*': No such file or directory

cdo    replace (Abort): Input streams have different number of timesteps!
ls: cannot access '/p/scratch/cesmtst/patakchiyousefi1/FORECASTLEAD_CESMTST_SCRATCH/HRES_DUMP3/*day*04*2019040107*': No such file or directory
ls: cannot access '/p/scratch/cesmtst/patakchiyousefi1/FORECASTLEAD_CESMTST_SCRATCH/HRES_DUMP3/*day*04*2019040110*': No such file or directory
ls: cannot access '/p/scratch/cesmtst/patakchiyousefi1/FORECASTLEAD_CESMTST_SCRATCH/HRES_DUMP3/*day*05*2019040116*': No such file or directory
ls: cannot access '/p/scratch/cesmtst/patakchiyousefi1/FORECASTLEAD_CESMTST_SCRATCH/HRES_DUMP3/*day*05*2019040119*': No such file or directory
ls: cannot access '/p/scratch/cesmtst/patakchiyousefi1/FORECASTLEAD_CESMTST_SCRATCH/HRES_DUMP3/*day*05*2019040122*': No such file or directory
ls: cannot access '/p/scratch/cesmtst/patakchiyousefi1/FORECASTLEAD_CESMTST_SCRATCH/HRES_DUMP3/*day*05*2019040201*': No such file or directory
ls: cannot access '/p/scratch/cesmtst/patakchiyousefi1/FORECASTLEAD_CESMTST_SCRATCH/HRES_DUMP3/*day*05*2019040204*': No such file or directory
ls: cannot access '/p/scratch/cesmtst/patakchiyousefi1/FORECASTLEAD_CESMTST_SCRATCH/HRES_DUMP3/*day*05*2019040207*': No such file or directory
ls: cannot access '/p/scratch/cesmtst/patakchiyousefi1/FORECASTLEAD_CESMTST_SCRATCH/HRES_DUMP3/*day*05*2019040210*': No such file or directory
ls: cannot access '/p/scratch/cesmtst/patakchiyousefi1/FORECASTLEAD_CESMTST_SCRATCH/HRES_DUMP3/*day*05*2019040213*': No such file or directory
ls: cannot access '/p/scratch/cesmtst/patakchiyousefi1/FORECASTLEAD_CESMTST_SCRATCH/HRES_DUMP3/*day*06*2019040216*': No such file or directory
ls: cannot access '/p/scratch/cesmtst/patakchiyousefi1/FORECASTLEAD_CESMTST_SCRATCH/HRES_DUMP3/*day*06*2019040219*': No such file or directory
ls: cannot access '/p/scratch/cesmtst/patakchiyousefi1/FORECASTLEAD_CESMTST_SCRATCH/HRES_DUMP3/*day*06*2019040222*': No such file or directory
ls: cannot access '/p/scratch/cesmtst/patakchiyousefi1/FORECASTLEAD_CESMTST_SCRATCH/HRES_DUMP3/*day*06*2019040301*': No such file or directory
ls: cannot access '/p/scratch/cesmtst/patakchiyousefi1/FORECASTLEAD_CESMTST_SCRATCH/HRES_DUMP3/*day*06*2019040304*': No such file or directory
ls: cannot access '/p/scratch/cesmtst/patakchiyousefi1/FORECASTLEAD_CESMTST_SCRATCH/HRES_DUMP3/*day*06*2019040307*': No such file or directory
ls: cannot access '/p/scratch/cesmtst/patakchiyousefi1/FORECASTLEAD_CESMTST_SCRATCH/HRES_DUMP3/*day*06*2019040310*': No such file or directory
ls: cannot access '/p/scratch/cesmtst/patakchiyousefi1/FORECASTLEAD_CESMTST_SCRATCH/HRES_DUMP3/*day*06*2019040313*': No such file or directory
cdo    seltimestep (Warning): Timesteps 2-19 not found!

cdo    seltimestep (Abort): No timesteps selected!
cdo    seltimestep (Warning): Timestep 91 not found!

cdo    seltimestep (Abort): No timesteps selected!
cdo(1) mergetime: Open failed on >/p/scratch/cesmtst/patakchiyousefi1/FORECASTLEAD_CESMTST_SCRATCH/HRES_DUMP4/ADAPTER_DE05_20190328.12.90-144-prev.nc<
                  No such file or directory
cdo    replace: Open failed on >/p/scratch/cesmtst/patakchiyousefi1/FORECASTLEAD_CESMTST_SCRATCH/HRES_DUMP5/ADAPTER_DE05_20190328.12.90-144-3.boundary_1.tp.nc<
                No such file or directory
ncatted: ERROR file /p/scratch/cesmtst/patakchiyousefi1/FORECASTLEAD_CESMTST_SCRATCH/HRES_POST/ADAPTER_DE05_20190328.12.90-144-3.boundary_1.nc not found. It does not exist on the local filesystem, nor does it match remote filename patterns (e.g., http://foo or foo.bar.edu:file).
ncatted: HINT file-not-found errors usually arise from filename typos, incorrect paths, missing files, or capricious gods. Please verify spelling and location of requested file. If the file resides on a High Performance Storage System (HPSS) accessible via the 'hsi' command, then add the --hpss option and re-try command.
rm: cannot remove '/p/scratch/cesmtst/patakchiyousefi1/FORECASTLEAD_CESMTST_SCRATCH/HRES_DUMP4/ADAPTER_DE05_20190328.13.90-144-3.boundary_1.tp.nc': No such file or directory
rm: cannot remove '/p/scratch/cesmtst/patakchiyousefi1/FORECASTLEAD_CESMTST_SCRATCH/HRES_DUMP4/ADAPTER_DE05_20190328.12.90-144-prev.nc': No such file or directory
ls: cannot access '/p/scratch/cesmtst/patakchiyousefi1/FORECASTLEAD_CESMTST_SCRATCH/HRES_DUMP3/*day*06*2019040313*': No such file or directory
ls: cannot access '/p/scratch/cesmtst/patakchiyousefi1/FORECASTLEAD_CESMTST_SCRATCH/HRES_DUMP3/*day*07*2019040319*': No such file or directory
ls: cannot access '/p/scratch/cesmtst/patakchiyousefi1/FORECASTLEAD_CESMTST_SCRATCH/HRES_DUMP3/*day*07*2019040401*': No such file or directory
ls: cannot access '/p/scratch/cesmtst/patakchiyousefi1/FORECASTLEAD_CESMTST_SCRATCH/HRES_DUMP3/*day*07*2019040407*': No such file or directory
ls: cannot access '/p/scratch/cesmtst/patakchiyousefi1/FORECASTLEAD_CESMTST_SCRATCH/HRES_DUMP3/*day*07*2019040413*': No such file or directory
ls: cannot access '/p/scratch/cesmtst/patakchiyousefi1/FORECASTLEAD_CESMTST_SCRATCH/HRES_DUMP3/*day*08*2019040419*': No such file or directory
ls: cannot access '/p/scratch/cesmtst/patakchiyousefi1/FORECASTLEAD_CESMTST_SCRATCH/HRES_DUMP3/*day*08*2019040501*': No such file or directory
ls: cannot access '/p/scratch/cesmtst/patakchiyousefi1/FORECASTLEAD_CESMTST_SCRATCH/HRES_DUMP3/*day*08*2019040507*': No such file or directory
ls: cannot access '/p/scratch/cesmtst/patakchiyousefi1/FORECASTLEAD_CESMTST_SCRATCH/HRES_DUMP3/*day*08*2019040513*': No such file or directory
ls: cannot access '/p/scratch/cesmtst/patakchiyousefi1/FORECASTLEAD_CESMTST_SCRATCH/HRES_DUMP3/*day*09*2019040519*': No such file or directory
ls: cannot access '/p/scratch/cesmtst/patakchiyousefi1/FORECASTLEAD_CESMTST_SCRATCH/HRES_DUMP3/*day*09*2019040601*': No such file or directory
ls: cannot access '/p/scratch/cesmtst/patakchiyousefi1/FORECASTLEAD_CESMTST_SCRATCH/HRES_DUMP3/*day*09*2019040607*': No such file or directory
ls: cannot access '/p/scratch/cesmtst/patakchiyousefi1/FORECASTLEAD_CESMTST_SCRATCH/HRES_DUMP3/*day*09*2019040613*': No such file or directory
ls: cannot access '/p/scratch/cesmtst/patakchiyousefi1/FORECASTLEAD_CESMTST_SCRATCH/HRES_DUMP3/*day*10*2019040619*': No such file or directory
ls: cannot access '/p/scratch/cesmtst/patakchiyousefi1/FORECASTLEAD_CESMTST_SCRATCH/HRES_DUMP3/*day*10*2019040701*': No such file or directory
ls: cannot access '/p/scratch/cesmtst/patakchiyousefi1/FORECASTLEAD_CESMTST_SCRATCH/HRES_DUMP3/*day*10*2019040707*': No such file or directory
ls: cannot access '/p/scratch/cesmtst/patakchiyousefi1/FORECASTLEAD_CESMTST_SCRATCH/HRES_DUMP3/*day*10*2019040713*': No such file or directory

cdo (Abort): Input streams missing!
cdo(1) copy: Open failed on >/p/scratch/cesmtst/patakchiyousefi1/FORECASTLEAD_CESMTST_SCRATCH/HRES_DUMP5/ADAPTER_DE05_20190328.12.90-144-3.boundary_1.tp.nc<
             No such file or directory
terminate called without an active exception
/p/project/cesmtst/patakchiyousefi1/CODES-MS3/FORECASTLEAD/HRES_POST2.sh: line 132: 18583 Aborted                 cdo -O -b F64 --no_history -seltimestep,19 -copy $merged_output33 $merged_output222
cdo(1) mergetime: Open failed on >/p/scratch/cesmtst/patakchiyousefi1/FORECASTLEAD_CESMTST_SCRATCH/HRES_DUMP4/ADAPTER_DE05_20190328.12.144-240-prev.nc<
                  No such file or directory
terminate called without an active exception
/p/project/cesmtst/patakchiyousefi1/CODES-MS3/FORECASTLEAD/HRES_POST2.sh: line 132: 18585 Aborted                 cdo -O -b F64 --no_history -timcumsum -mergetime $merged_output222 $merged_output111 $merged_output333
cdo    replace: Open failed on >/p/scratch/cesmtst/patakchiyousefi1/FORECASTLEAD_CESMTST_SCRATCH/HRES_DUMP5/ADAPTER_DE05_20190328.12.144-240-6.boundary_1.tp.nc<
                No such file or directory
ncatted: ERROR file /p/scratch/cesmtst/patakchiyousefi1/FORECASTLEAD_CESMTST_SCRATCH/HRES_POST/ADAPTER_DE05_20190328.12.144-240-6.boundary_1.nc not found. It does not exist on the local filesystem, nor does it match remote filename patterns (e.g., http://foo or foo.bar.edu:file).
ncatted: HINT file-not-found errors usually arise from filename typos, incorrect paths, missing files, or capricious gods. Please verify spelling and location of requested file. If the file resides on a High Performance Storage System (HPSS) accessible via the 'hsi' command, then add the --hpss option and re-try command.
rm: cannot remove '/p/scratch/cesmtst/patakchiyousefi1/FORECASTLEAD_CESMTST_SCRATCH/HRES_DUMP4/ADAPTER_DE05_20190328.13.144-240-6.boundary_1.tp.nc': No such file or directory
rm: cannot remove '/p/scratch/cesmtst/patakchiyousefi1/FORECASTLEAD_CESMTST_SCRATCH/HRES_DUMP4/ADAPTER_DE05_20190328.12.144-240-prev.nc': No such file or directory
ls: cannot access '/p/scratch/cesmtst/patakchiyousefi1/FORECASTLEAD_CESMTST_SCRATCH/HRES_DUMP3/*day*04*2019040207*': No such file or directory

cdo    replace (Abort): Input streams have different number of timesteps!
ls: cannot access '/p/scratch/cesmtst/patakchiyousefi1/FORECASTLEAD_CESMTST_SCRATCH/HRES_DUMP3/*day*04*2019040207*': No such file or directory
ls: cannot access '/p/scratch/cesmtst/patakchiyousefi1/FORECASTLEAD_CESMTST_SCRATCH/HRES_DUMP3/*day*04*2019040210*': No such file or directory
ls: cannot access '/p/scratch/cesmtst/patakchiyousefi1/FORECASTLEAD_CESMTST_SCRATCH/HRES_DUMP3/*day*05*2019040216*': No such file or directory
ls: cannot access '/p/scratch/cesmtst/patakchiyousefi1/FORECASTLEAD_CESMTST_SCRATCH/HRES_DUMP3/*day*05*2019040219*': No such file or directory
ls: cannot access '/p/scratch/cesmtst/patakchiyousefi1/FORECASTLEAD_CESMTST_SCRATCH/HRES_DUMP3/*day*05*2019040222*': No such file or directory
ls: cannot access '/p/scratch/cesmtst/patakchiyousefi1/FORECASTLEAD_CESMTST_SCRATCH/HRES_DUMP3/*day*05*2019040301*': No such file or directory
ls: cannot access '/p/scratch/cesmtst/patakchiyousefi1/FORECASTLEAD_CESMTST_SCRATCH/HRES_DUMP3/*day*05*2019040304*': No such file or directory
ls: cannot access '/p/scratch/cesmtst/patakchiyousefi1/FORECASTLEAD_CESMTST_SCRATCH/HRES_DUMP3/*day*05*2019040307*': No such file or directory
ls: cannot access '/p/scratch/cesmtst/patakchiyousefi1/FORECASTLEAD_CESMTST_SCRATCH/HRES_DUMP3/*day*05*2019040310*': No such file or directory
ls: cannot access '/p/scratch/cesmtst/patakchiyousefi1/FORECASTLEAD_CESMTST_SCRATCH/HRES_DUMP3/*day*05*2019040313*': No such file or directory
ls: cannot access '/p/scratch/cesmtst/patakchiyousefi1/FORECASTLEAD_CESMTST_SCRATCH/HRES_DUMP3/*day*06*2019040316*': No such file or directory
ls: cannot access '/p/scratch/cesmtst/patakchiyousefi1/FORECASTLEAD_CESMTST_SCRATCH/HRES_DUMP3/*day*06*2019040319*': No such file or directory
ls: cannot access '/p/scratch/cesmtst/patakchiyousefi1/FORECASTLEAD_CESMTST_SCRATCH/HRES_DUMP3/*day*06*2019040322*': No such file or directory
ls: cannot access '/p/scratch/cesmtst/patakchiyousefi1/FORECASTLEAD_CESMTST_SCRATCH/HRES_DUMP3/*day*06*2019040401*': No such file or directory
ls: cannot access '/p/scratch/cesmtst/patakchiyousefi1/FORECASTLEAD_CESMTST_SCRATCH/HRES_DUMP3/*day*06*2019040404*': No such file or directory
ls: cannot access '/p/scratch/cesmtst/patakchiyousefi1/FORECASTLEAD_CESMTST_SCRATCH/HRES_DUMP3/*day*06*2019040407*': No such file or directory
ls: cannot access '/p/scratch/cesmtst/patakchiyousefi1/FORECASTLEAD_CESMTST_SCRATCH/HRES_DUMP3/*day*06*2019040410*': No such file or directory
ls: cannot access '/p/scratch/cesmtst/patakchiyousefi1/FORECASTLEAD_CESMTST_SCRATCH/HRES_DUMP3/*day*06*2019040413*': No such file or directory
cdo    seltimestep (Warning): Timesteps 2-19 not found!

cdo    seltimestep (Abort): No timesteps selected!
cdo    seltimestep (Warning): Timestep 91 not found!

cdo    seltimestep (Abort): No timesteps selected!
cdo(1) mergetime: Open failed on >/p/scratch/cesmtst/patakchiyousefi1/FORECASTLEAD_CESMTST_SCRATCH/HRES_DUMP4/ADAPTER_DE05_20190329.12.90-144-prev.nc<
                  No such file or directory
terminate called without an active exception
/p/project/cesmtst/patakchiyousefi1/CODES-MS3/FORECASTLEAD/HRES_POST2.sh: line 132: 19782 Aborted                 cdo -O -b F64 --no_history -timcumsum -mergetime $merged_output22 $merged_output11 $merged_output33
cdo    replace: Open failed on >/p/scratch/cesmtst/patakchiyousefi1/FORECASTLEAD_CESMTST_SCRATCH/HRES_DUMP5/ADAPTER_DE05_20190329.12.90-144-3.boundary_1.tp.nc<
                No such file or directory
ncatted: ERROR file /p/scratch/cesmtst/patakchiyousefi1/FORECASTLEAD_CESMTST_SCRATCH/HRES_POST/ADAPTER_DE05_20190329.12.90-144-3.boundary_1.nc not found. It does not exist on the local filesystem, nor does it match remote filename patterns (e.g., http://foo or foo.bar.edu:file).
ncatted: HINT file-not-found errors usually arise from filename typos, incorrect paths, missing files, or capricious gods. Please verify spelling and location of requested file. If the file resides on a High Performance Storage System (HPSS) accessible via the 'hsi' command, then add the --hpss option and re-try command.
rm: cannot remove '/p/scratch/cesmtst/patakchiyousefi1/FORECASTLEAD_CESMTST_SCRATCH/HRES_DUMP4/ADAPTER_DE05_20190329.13.90-144-3.boundary_1.tp.nc': No such file or directory
rm: cannot remove '/p/scratch/cesmtst/patakchiyousefi1/FORECASTLEAD_CESMTST_SCRATCH/HRES_DUMP4/ADAPTER_DE05_20190329.12.90-144-prev.nc': No such file or directory
ls: cannot access '/p/scratch/cesmtst/patakchiyousefi1/FORECASTLEAD_CESMTST_SCRATCH/HRES_DUMP3/*day*06*2019040413*': No such file or directory
ls: cannot access '/p/scratch/cesmtst/patakchiyousefi1/FORECASTLEAD_CESMTST_SCRATCH/HRES_DUMP3/*day*07*2019040419*': No such file or directory
ls: cannot access '/p/scratch/cesmtst/patakchiyousefi1/FORECASTLEAD_CESMTST_SCRATCH/HRES_DUMP3/*day*07*2019040501*': No such file or directory
ls: cannot access '/p/scratch/cesmtst/patakchiyousefi1/FORECASTLEAD_CESMTST_SCRATCH/HRES_DUMP3/*day*07*2019040507*': No such file or directory
ls: cannot access '/p/scratch/cesmtst/patakchiyousefi1/FORECASTLEAD_CESMTST_SCRATCH/HRES_DUMP3/*day*07*2019040513*': No such file or directory
ls: cannot access '/p/scratch/cesmtst/patakchiyousefi1/FORECASTLEAD_CESMTST_SCRATCH/HRES_DUMP3/*day*08*2019040519*': No such file or directory
ls: cannot access '/p/scratch/cesmtst/patakchiyousefi1/FORECASTLEAD_CESMTST_SCRATCH/HRES_DUMP3/*day*08*2019040601*': No such file or directory
ls: cannot access '/p/scratch/cesmtst/patakchiyousefi1/FORECASTLEAD_CESMTST_SCRATCH/HRES_DUMP3/*day*08*2019040607*': No such file or directory
ls: cannot access '/p/scratch/cesmtst/patakchiyousefi1/FORECASTLEAD_CESMTST_SCRATCH/HRES_DUMP3/*day*08*2019040613*': No such file or directory
ls: cannot access '/p/scratch/cesmtst/patakchiyousefi1/FORECASTLEAD_CESMTST_SCRATCH/HRES_DUMP3/*day*09*2019040619*': No such file or directory
ls: cannot access '/p/scratch/cesmtst/patakchiyousefi1/FORECASTLEAD_CESMTST_SCRATCH/HRES_DUMP3/*day*09*2019040701*': No such file or directory
ls: cannot access '/p/scratch/cesmtst/patakchiyousefi1/FORECASTLEAD_CESMTST_SCRATCH/HRES_DUMP3/*day*09*2019040707*': No such file or directory
ls: cannot access '/p/scratch/cesmtst/patakchiyousefi1/FORECASTLEAD_CESMTST_SCRATCH/HRES_DUMP3/*day*09*2019040713*': No such file or directory
ls: cannot access '/p/scratch/cesmtst/patakchiyousefi1/FORECASTLEAD_CESMTST_SCRATCH/HRES_DUMP3/*day*10*2019040719*': No such file or directory
ls: cannot access '/p/scratch/cesmtst/patakchiyousefi1/FORECASTLEAD_CESMTST_SCRATCH/HRES_DUMP3/*day*10*2019040801*': No such file or directory
ls: cannot access '/p/scratch/cesmtst/patakchiyousefi1/FORECASTLEAD_CESMTST_SCRATCH/HRES_DUMP3/*day*10*2019040807*': No such file or directory
ls: cannot access '/p/scratch/cesmtst/patakchiyousefi1/FORECASTLEAD_CESMTST_SCRATCH/HRES_DUMP3/*day*10*2019040813*': No such file or directory

cdo (Abort): Input streams missing!
cdo(1) copy: Open failed on >/p/scratch/cesmtst/patakchiyousefi1/FORECASTLEAD_CESMTST_SCRATCH/HRES_DUMP5/ADAPTER_DE05_20190329.12.90-144-3.boundary_1.tp.nc<
             No such file or directory
terminate called without an active exception
/p/project/cesmtst/patakchiyousefi1/CODES-MS3/FORECASTLEAD/HRES_POST2.sh: line 132: 19971 Aborted                 cdo -O -b F64 --no_history -seltimestep,19 -copy $merged_output33 $merged_output222
cdo(1) mergetime: Open failed on >/p/scratch/cesmtst/patakchiyousefi1/FORECASTLEAD_CESMTST_SCRATCH/HRES_DUMP4/ADAPTER_DE05_20190329.12.144-240-prev.nc<
                  No such file or directory
terminate called without an active exception
/p/project/cesmtst/patakchiyousefi1/CODES-MS3/FORECASTLEAD/HRES_POST2.sh: line 132: 19973 Aborted                 cdo -O -b F64 --no_history -timcumsum -mergetime $merged_output222 $merged_output111 $merged_output333
cdo    replace: Open failed on >/p/scratch/cesmtst/patakchiyousefi1/FORECASTLEAD_CESMTST_SCRATCH/HRES_DUMP5/ADAPTER_DE05_20190329.12.144-240-6.boundary_1.tp.nc<
                No such file or directory
ncatted: ERROR file /p/scratch/cesmtst/patakchiyousefi1/FORECASTLEAD_CESMTST_SCRATCH/HRES_POST/ADAPTER_DE05_20190329.12.144-240-6.boundary_1.nc not found. It does not exist on the local filesystem, nor does it match remote filename patterns (e.g., http://foo or foo.bar.edu:file).
ncatted: HINT file-not-found errors usually arise from filename typos, incorrect paths, missing files, or capricious gods. Please verify spelling and location of requested file. If the file resides on a High Performance Storage System (HPSS) accessible via the 'hsi' command, then add the --hpss option and re-try command.
rm: cannot remove '/p/scratch/cesmtst/patakchiyousefi1/FORECASTLEAD_CESMTST_SCRATCH/HRES_DUMP4/ADAPTER_DE05_20190329.13.144-240-6.boundary_1.tp.nc': No such file or directory
rm: cannot remove '/p/scratch/cesmtst/patakchiyousefi1/FORECASTLEAD_CESMTST_SCRATCH/HRES_DUMP4/ADAPTER_DE05_20190329.12.144-240-prev.nc': No such file or directory
ls: cannot access '/p/scratch/cesmtst/patakchiyousefi1/FORECASTLEAD_CESMTST_SCRATCH/HRES_DUMP3/*day*04*2019040307*': No such file or directory

cdo    replace (Abort): Input streams have different number of timesteps!
ls: cannot access '/p/scratch/cesmtst/patakchiyousefi1/FORECASTLEAD_CESMTST_SCRATCH/HRES_DUMP3/*day*04*2019040307*': No such file or directory
ls: cannot access '/p/scratch/cesmtst/patakchiyousefi1/FORECASTLEAD_CESMTST_SCRATCH/HRES_DUMP3/*day*04*2019040310*': No such file or directory
ls: cannot access '/p/scratch/cesmtst/patakchiyousefi1/FORECASTLEAD_CESMTST_SCRATCH/HRES_DUMP3/*day*05*2019040316*': No such file or directory
ls: cannot access '/p/scratch/cesmtst/patakchiyousefi1/FORECASTLEAD_CESMTST_SCRATCH/HRES_DUMP3/*day*05*2019040319*': No such file or directory
ls: cannot access '/p/scratch/cesmtst/patakchiyousefi1/FORECASTLEAD_CESMTST_SCRATCH/HRES_DUMP3/*day*05*2019040322*': No such file or directory
ls: cannot access '/p/scratch/cesmtst/patakchiyousefi1/FORECASTLEAD_CESMTST_SCRATCH/HRES_DUMP3/*day*05*2019040401*': No such file or directory
ls: cannot access '/p/scratch/cesmtst/patakchiyousefi1/FORECASTLEAD_CESMTST_SCRATCH/HRES_DUMP3/*day*05*2019040404*': No such file or directory
ls: cannot access '/p/scratch/cesmtst/patakchiyousefi1/FORECASTLEAD_CESMTST_SCRATCH/HRES_DUMP3/*day*05*2019040407*': No such file or directory
ls: cannot access '/p/scratch/cesmtst/patakchiyousefi1/FORECASTLEAD_CESMTST_SCRATCH/HRES_DUMP3/*day*05*2019040410*': No such file or directory
ls: cannot access '/p/scratch/cesmtst/patakchiyousefi1/FORECASTLEAD_CESMTST_SCRATCH/HRES_DUMP3/*day*05*2019040413*': No such file or directory
ls: cannot access '/p/scratch/cesmtst/patakchiyousefi1/FORECASTLEAD_CESMTST_SCRATCH/HRES_DUMP3/*day*06*2019040416*': No such file or directory
ls: cannot access '/p/scratch/cesmtst/patakchiyousefi1/FORECASTLEAD_CESMTST_SCRATCH/HRES_DUMP3/*day*06*2019040419*': No such file or directory
ls: cannot access '/p/scratch/cesmtst/patakchiyousefi1/FORECASTLEAD_CESMTST_SCRATCH/HRES_DUMP3/*day*06*2019040422*': No such file or directory
ls: cannot access '/p/scratch/cesmtst/patakchiyousefi1/FORECASTLEAD_CESMTST_SCRATCH/HRES_DUMP3/*day*06*2019040501*': No such file or directory
ls: cannot access '/p/scratch/cesmtst/patakchiyousefi1/FORECASTLEAD_CESMTST_SCRATCH/HRES_DUMP3/*day*06*2019040504*': No such file or directory
ls: cannot access '/p/scratch/cesmtst/patakchiyousefi1/FORECASTLEAD_CESMTST_SCRATCH/HRES_DUMP3/*day*06*2019040507*': No such file or directory
ls: cannot access '/p/scratch/cesmtst/patakchiyousefi1/FORECASTLEAD_CESMTST_SCRATCH/HRES_DUMP3/*day*06*2019040510*': No such file or directory
ls: cannot access '/p/scratch/cesmtst/patakchiyousefi1/FORECASTLEAD_CESMTST_SCRATCH/HRES_DUMP3/*day*06*2019040513*': No such file or directory
cdo    seltimestep (Warning): Timesteps 2-19 not found!

cdo    seltimestep (Abort): No timesteps selected!
cdo    seltimestep (Warning): Timestep 91 not found!

cdo    seltimestep (Abort): No timesteps selected!
cdo(1) mergetime: Open failed on >/p/scratch/cesmtst/patakchiyousefi1/FORECASTLEAD_CESMTST_SCRATCH/HRES_DUMP4/ADAPTER_DE05_20190330.12.90-144-prev.nc<
                  No such file or directory
terminate called without an active exception
/p/project/cesmtst/patakchiyousefi1/CODES-MS3/FORECASTLEAD/HRES_POST2.sh: line 132: 21073 Aborted                 cdo -O -b F64 --no_history -timcumsum -mergetime $merged_output22 $merged_output11 $merged_output33
cdo    replace: Open failed on >/p/scratch/cesmtst/patakchiyousefi1/FORECASTLEAD_CESMTST_SCRATCH/HRES_DUMP5/ADAPTER_DE05_20190330.12.90-144-3.boundary_1.tp.nc<
                No such file or directory
ncatted: ERROR file /p/scratch/cesmtst/patakchiyousefi1/FORECASTLEAD_CESMTST_SCRATCH/HRES_POST/ADAPTER_DE05_20190330.12.90-144-3.boundary_1.nc not found. It does not exist on the local filesystem, nor does it match remote filename patterns (e.g., http://foo or foo.bar.edu:file).
ncatted: HINT file-not-found errors usually arise from filename typos, incorrect paths, missing files, or capricious gods. Please verify spelling and location of requested file. If the file resides on a High Performance Storage System (HPSS) accessible via the 'hsi' command, then add the --hpss option and re-try command.
rm: cannot remove '/p/scratch/cesmtst/patakchiyousefi1/FORECASTLEAD_CESMTST_SCRATCH/HRES_DUMP4/ADAPTER_DE05_20190330.13.90-144-3.boundary_1.tp.nc': No such file or directory
rm: cannot remove '/p/scratch/cesmtst/patakchiyousefi1/FORECASTLEAD_CESMTST_SCRATCH/HRES_DUMP4/ADAPTER_DE05_20190330.12.90-144-prev.nc': No such file or directory
ls: cannot access '/p/scratch/cesmtst/patakchiyousefi1/FORECASTLEAD_CESMTST_SCRATCH/HRES_DUMP3/*day*06*2019040513*': No such file or directory
ls: cannot access '/p/scratch/cesmtst/patakchiyousefi1/FORECASTLEAD_CESMTST_SCRATCH/HRES_DUMP3/*day*07*2019040519*': No such file or directory
ls: cannot access '/p/scratch/cesmtst/patakchiyousefi1/FORECASTLEAD_CESMTST_SCRATCH/HRES_DUMP3/*day*07*2019040601*': No such file or directory
ls: cannot access '/p/scratch/cesmtst/patakchiyousefi1/FORECASTLEAD_CESMTST_SCRATCH/HRES_DUMP3/*day*07*2019040607*': No such file or directory
ls: cannot access '/p/scratch/cesmtst/patakchiyousefi1/FORECASTLEAD_CESMTST_SCRATCH/HRES_DUMP3/*day*07*2019040613*': No such file or directory
ls: cannot access '/p/scratch/cesmtst/patakchiyousefi1/FORECASTLEAD_CESMTST_SCRATCH/HRES_DUMP3/*day*08*2019040619*': No such file or directory
ls: cannot access '/p/scratch/cesmtst/patakchiyousefi1/FORECASTLEAD_CESMTST_SCRATCH/HRES_DUMP3/*day*08*2019040701*': No such file or directory
ls: cannot access '/p/scratch/cesmtst/patakchiyousefi1/FORECASTLEAD_CESMTST_SCRATCH/HRES_DUMP3/*day*08*2019040707*': No such file or directory
ls: cannot access '/p/scratch/cesmtst/patakchiyousefi1/FORECASTLEAD_CESMTST_SCRATCH/HRES_DUMP3/*day*08*2019040713*': No such file or directory
ls: cannot access '/p/scratch/cesmtst/patakchiyousefi1/FORECASTLEAD_CESMTST_SCRATCH/HRES_DUMP3/*day*09*2019040719*': No such file or directory
ls: cannot access '/p/scratch/cesmtst/patakchiyousefi1/FORECASTLEAD_CESMTST_SCRATCH/HRES_DUMP3/*day*09*2019040801*': No such file or directory
ls: cannot access '/p/scratch/cesmtst/patakchiyousefi1/FORECASTLEAD_CESMTST_SCRATCH/HRES_DUMP3/*day*09*2019040807*': No such file or directory
ls: cannot access '/p/scratch/cesmtst/patakchiyousefi1/FORECASTLEAD_CESMTST_SCRATCH/HRES_DUMP3/*day*09*2019040813*': No such file or directory
ls: cannot access '/p/scratch/cesmtst/patakchiyousefi1/FORECASTLEAD_CESMTST_SCRATCH/HRES_DUMP3/*day*10*2019040819*': No such file or directory
ls: cannot access '/p/scratch/cesmtst/patakchiyousefi1/FORECASTLEAD_CESMTST_SCRATCH/HRES_DUMP3/*day*10*2019040901*': No such file or directory
ls: cannot access '/p/scratch/cesmtst/patakchiyousefi1/FORECASTLEAD_CESMTST_SCRATCH/HRES_DUMP3/*day*10*2019040907*': No such file or directory
ls: cannot access '/p/scratch/cesmtst/patakchiyousefi1/FORECASTLEAD_CESMTST_SCRATCH/HRES_DUMP3/*day*10*2019040913*': No such file or directory

cdo (Abort): Input streams missing!
cdo(1) copy: Open failed on >/p/scratch/cesmtst/patakchiyousefi1/FORECASTLEAD_CESMTST_SCRATCH/HRES_DUMP5/ADAPTER_DE05_20190330.12.90-144-3.boundary_1.tp.nc<
             No such file or directory
terminate called without an active exception
/p/project/cesmtst/patakchiyousefi1/CODES-MS3/FORECASTLEAD/HRES_POST2.sh: line 132: 21253 Aborted                 cdo -O -b F64 --no_history -seltimestep,19 -copy $merged_output33 $merged_output222
cdo(1) mergetime: Open failed on >/p/scratch/cesmtst/patakchiyousefi1/FORECASTLEAD_CESMTST_SCRATCH/HRES_DUMP4/ADAPTER_DE05_20190330.12.144-240-prev.nc<
                  No such file or directory
terminate called without an active exception
/p/project/cesmtst/patakchiyousefi1/CODES-MS3/FORECASTLEAD/HRES_POST2.sh: line 132: 21255 Aborted                 cdo -O -b F64 --no_history -timcumsum -mergetime $merged_output222 $merged_output111 $merged_output333
cdo    replace: Open failed on >/p/scratch/cesmtst/patakchiyousefi1/FORECASTLEAD_CESMTST_SCRATCH/HRES_DUMP5/ADAPTER_DE05_20190330.12.144-240-6.boundary_1.tp.nc<
                No such file or directory
ncatted: ERROR file /p/scratch/cesmtst/patakchiyousefi1/FORECASTLEAD_CESMTST_SCRATCH/HRES_POST/ADAPTER_DE05_20190330.12.144-240-6.boundary_1.nc not found. It does not exist on the local filesystem, nor does it match remote filename patterns (e.g., http://foo or foo.bar.edu:file).
ncatted: HINT file-not-found errors usually arise from filename typos, incorrect paths, missing files, or capricious gods. Please verify spelling and location of requested file. If the file resides on a High Performance Storage System (HPSS) accessible via the 'hsi' command, then add the --hpss option and re-try command.
rm: cannot remove '/p/scratch/cesmtst/patakchiyousefi1/FORECASTLEAD_CESMTST_SCRATCH/HRES_DUMP4/ADAPTER_DE05_20190330.13.144-240-6.boundary_1.tp.nc': No such file or directory
rm: cannot remove '/p/scratch/cesmtst/patakchiyousefi1/FORECASTLEAD_CESMTST_SCRATCH/HRES_DUMP4/ADAPTER_DE05_20190330.12.144-240-prev.nc': No such file or directory
ls: cannot access '/p/scratch/cesmtst/patakchiyousefi1/FORECASTLEAD_CESMTST_SCRATCH/HRES_DUMP3/*day*04*2019040407*': No such file or directory

cdo    replace (Abort): Input streams have different number of timesteps!
ls: cannot access '/p/scratch/cesmtst/patakchiyousefi1/FORECASTLEAD_CESMTST_SCRATCH/HRES_DUMP3/*day*04*2019040407*': No such file or directory
ls: cannot access '/p/scratch/cesmtst/patakchiyousefi1/FORECASTLEAD_CESMTST_SCRATCH/HRES_DUMP3/*day*04*2019040410*': No such file or directory
ls: cannot access '/p/scratch/cesmtst/patakchiyousefi1/FORECASTLEAD_CESMTST_SCRATCH/HRES_DUMP3/*day*05*2019040416*': No such file or directory
ls: cannot access '/p/scratch/cesmtst/patakchiyousefi1/FORECASTLEAD_CESMTST_SCRATCH/HRES_DUMP3/*day*05*2019040419*': No such file or directory
ls: cannot access '/p/scratch/cesmtst/patakchiyousefi1/FORECASTLEAD_CESMTST_SCRATCH/HRES_DUMP3/*day*05*2019040422*': No such file or directory
ls: cannot access '/p/scratch/cesmtst/patakchiyousefi1/FORECASTLEAD_CESMTST_SCRATCH/HRES_DUMP3/*day*05*2019040501*': No such file or directory
ls: cannot access '/p/scratch/cesmtst/patakchiyousefi1/FORECASTLEAD_CESMTST_SCRATCH/HRES_DUMP3/*day*05*2019040504*': No such file or directory
ls: cannot access '/p/scratch/cesmtst/patakchiyousefi1/FORECASTLEAD_CESMTST_SCRATCH/HRES_DUMP3/*day*05*2019040507*': No such file or directory
ls: cannot access '/p/scratch/cesmtst/patakchiyousefi1/FORECASTLEAD_CESMTST_SCRATCH/HRES_DUMP3/*day*05*2019040510*': No such file or directory
ls: cannot access '/p/scratch/cesmtst/patakchiyousefi1/FORECASTLEAD_CESMTST_SCRATCH/HRES_DUMP3/*day*05*2019040513*': No such file or directory
ls: cannot access '/p/scratch/cesmtst/patakchiyousefi1/FORECASTLEAD_CESMTST_SCRATCH/HRES_DUMP3/*day*06*2019040516*': No such file or directory
ls: cannot access '/p/scratch/cesmtst/patakchiyousefi1/FORECASTLEAD_CESMTST_SCRATCH/HRES_DUMP3/*day*06*2019040519*': No such file or directory
ls: cannot access '/p/scratch/cesmtst/patakchiyousefi1/FORECASTLEAD_CESMTST_SCRATCH/HRES_DUMP3/*day*06*2019040522*': No such file or directory
ls: cannot access '/p/scratch/cesmtst/patakchiyousefi1/FORECASTLEAD_CESMTST_SCRATCH/HRES_DUMP3/*day*06*2019040601*': No such file or directory
ls: cannot access '/p/scratch/cesmtst/patakchiyousefi1/FORECASTLEAD_CESMTST_SCRATCH/HRES_DUMP3/*day*06*2019040604*': No such file or directory
ls: cannot access '/p/scratch/cesmtst/patakchiyousefi1/FORECASTLEAD_CESMTST_SCRATCH/HRES_DUMP3/*day*06*2019040607*': No such file or directory
ls: cannot access '/p/scratch/cesmtst/patakchiyousefi1/FORECASTLEAD_CESMTST_SCRATCH/HRES_DUMP3/*day*06*2019040610*': No such file or directory
ls: cannot access '/p/scratch/cesmtst/patakchiyousefi1/FORECASTLEAD_CESMTST_SCRATCH/HRES_DUMP3/*day*06*2019040613*': No such file or directory
cdo    seltimestep (Warning): Timesteps 2-19 not found!

cdo    seltimestep (Abort): No timesteps selected!
cdo    seltimestep (Warning): Timestep 91 not found!

cdo    seltimestep (Abort): No timesteps selected!
cdo(1) mergetime: Open failed on >/p/scratch/cesmtst/patakchiyousefi1/FORECASTLEAD_CESMTST_SCRATCH/HRES_DUMP4/ADAPTER_DE05_20190331.12.90-144-prev.nc<
                  No such file or directory
terminate called without an active exception
/p/project/cesmtst/patakchiyousefi1/CODES-MS3/FORECASTLEAD/HRES_POST2.sh: line 132: 22336 Aborted                 cdo -O -b F64 --no_history -timcumsum -mergetime $merged_output22 $merged_output11 $merged_output33
cdo    replace: Open failed on >/p/scratch/cesmtst/patakchiyousefi1/FORECASTLEAD_CESMTST_SCRATCH/HRES_DUMP5/ADAPTER_DE05_20190331.12.90-144-3.boundary_1.tp.nc<
                No such file or directory
ncatted: ERROR file /p/scratch/cesmtst/patakchiyousefi1/FORECASTLEAD_CESMTST_SCRATCH/HRES_POST/ADAPTER_DE05_20190331.12.90-144-3.boundary_1.nc not found. It does not exist on the local filesystem, nor does it match remote filename patterns (e.g., http://foo or foo.bar.edu:file).
ncatted: HINT file-not-found errors usually arise from filename typos, incorrect paths, missing files, or capricious gods. Please verify spelling and location of requested file. If the file resides on a High Performance Storage System (HPSS) accessible via the 'hsi' command, then add the --hpss option and re-try command.
rm: cannot remove '/p/scratch/cesmtst/patakchiyousefi1/FORECASTLEAD_CESMTST_SCRATCH/HRES_DUMP4/ADAPTER_DE05_20190331.13.90-144-3.boundary_1.tp.nc': No such file or directory
rm: cannot remove '/p/scratch/cesmtst/patakchiyousefi1/FORECASTLEAD_CESMTST_SCRATCH/HRES_DUMP4/ADAPTER_DE05_20190331.12.90-144-prev.nc': No such file or directory
ls: cannot access '/p/scratch/cesmtst/patakchiyousefi1/FORECASTLEAD_CESMTST_SCRATCH/HRES_DUMP3/*day*06*2019040613*': No such file or directory
ls: cannot access '/p/scratch/cesmtst/patakchiyousefi1/FORECASTLEAD_CESMTST_SCRATCH/HRES_DUMP3/*day*07*2019040619*': No such file or directory
ls: cannot access '/p/scratch/cesmtst/patakchiyousefi1/FORECASTLEAD_CESMTST_SCRATCH/HRES_DUMP3/*day*07*2019040701*': No such file or directory
ls: cannot access '/p/scratch/cesmtst/patakchiyousefi1/FORECASTLEAD_CESMTST_SCRATCH/HRES_DUMP3/*day*07*2019040707*': No such file or directory
ls: cannot access '/p/scratch/cesmtst/patakchiyousefi1/FORECASTLEAD_CESMTST_SCRATCH/HRES_DUMP3/*day*07*2019040713*': No such file or directory
ls: cannot access '/p/scratch/cesmtst/patakchiyousefi1/FORECASTLEAD_CESMTST_SCRATCH/HRES_DUMP3/*day*08*2019040719*': No such file or directory
ls: cannot access '/p/scratch/cesmtst/patakchiyousefi1/FORECASTLEAD_CESMTST_SCRATCH/HRES_DUMP3/*day*08*2019040801*': No such file or directory
ls: cannot access '/p/scratch/cesmtst/patakchiyousefi1/FORECASTLEAD_CESMTST_SCRATCH/HRES_DUMP3/*day*08*2019040807*': No such file or directory
ls: cannot access '/p/scratch/cesmtst/patakchiyousefi1/FORECASTLEAD_CESMTST_SCRATCH/HRES_DUMP3/*day*08*2019040813*': No such file or directory
ls: cannot access '/p/scratch/cesmtst/patakchiyousefi1/FORECASTLEAD_CESMTST_SCRATCH/HRES_DUMP3/*day*09*2019040819*': No such file or directory
ls: cannot access '/p/scratch/cesmtst/patakchiyousefi1/FORECASTLEAD_CESMTST_SCRATCH/HRES_DUMP3/*day*09*2019040901*': No such file or directory
ls: cannot access '/p/scratch/cesmtst/patakchiyousefi1/FORECASTLEAD_CESMTST_SCRATCH/HRES_DUMP3/*day*09*2019040907*': No such file or directory
ls: cannot access '/p/scratch/cesmtst/patakchiyousefi1/FORECASTLEAD_CESMTST_SCRATCH/HRES_DUMP3/*day*09*2019040913*': No such file or directory
ls: cannot access '/p/scratch/cesmtst/patakchiyousefi1/FORECASTLEAD_CESMTST_SCRATCH/HRES_DUMP3/*day*10*2019040919*': No such file or directory
ls: cannot access '/p/scratch/cesmtst/patakchiyousefi1/FORECASTLEAD_CESMTST_SCRATCH/HRES_DUMP3/*day*10*2019041001*': No such file or directory
ls: cannot access '/p/scratch/cesmtst/patakchiyousefi1/FORECASTLEAD_CESMTST_SCRATCH/HRES_DUMP3/*day*10*2019041007*': No such file or directory
ls: cannot access '/p/scratch/cesmtst/patakchiyousefi1/FORECASTLEAD_CESMTST_SCRATCH/HRES_DUMP3/*day*10*2019041013*': No such file or directory

cdo (Abort): Input streams missing!
cdo(1) copy: Open failed on >/p/scratch/cesmtst/patakchiyousefi1/FORECASTLEAD_CESMTST_SCRATCH/HRES_DUMP5/ADAPTER_DE05_20190331.12.90-144-3.boundary_1.tp.nc<
             No such file or directory
terminate called without an active exception
/p/project/cesmtst/patakchiyousefi1/CODES-MS3/FORECASTLEAD/HRES_POST2.sh: line 132: 22504 Aborted                 cdo -O -b F64 --no_history -seltimestep,19 -copy $merged_output33 $merged_output222
cdo(1) mergetime: Open failed on >/p/scratch/cesmtst/patakchiyousefi1/FORECASTLEAD_CESMTST_SCRATCH/HRES_DUMP4/ADAPTER_DE05_20190331.12.144-240-prev.nc<
                  No such file or directory
terminate called without an active exception
/p/project/cesmtst/patakchiyousefi1/CODES-MS3/FORECASTLEAD/HRES_POST2.sh: line 132: 22506 Aborted                 cdo -O -b F64 --no_history -timcumsum -mergetime $merged_output222 $merged_output111 $merged_output333
cdo    replace: Open failed on >/p/scratch/cesmtst/patakchiyousefi1/FORECASTLEAD_CESMTST_SCRATCH/HRES_DUMP5/ADAPTER_DE05_20190331.12.144-240-6.boundary_1.tp.nc<
                No such file or directory
ncatted: ERROR file /p/scratch/cesmtst/patakchiyousefi1/FORECASTLEAD_CESMTST_SCRATCH/HRES_POST/ADAPTER_DE05_20190331.12.144-240-6.boundary_1.nc not found. It does not exist on the local filesystem, nor does it match remote filename patterns (e.g., http://foo or foo.bar.edu:file).
ncatted: HINT file-not-found errors usually arise from filename typos, incorrect paths, missing files, or capricious gods. Please verify spelling and location of requested file. If the file resides on a High Performance Storage System (HPSS) accessible via the 'hsi' command, then add the --hpss option and re-try command.
rm: cannot remove '/p/scratch/cesmtst/patakchiyousefi1/FORECASTLEAD_CESMTST_SCRATCH/HRES_DUMP4/ADAPTER_DE05_20190331.13.144-240-6.boundary_1.tp.nc': No such file or directory
rm: cannot remove '/p/scratch/cesmtst/patakchiyousefi1/FORECASTLEAD_CESMTST_SCRATCH/HRES_DUMP4/ADAPTER_DE05_20190331.12.144-240-prev.nc': No such file or directory
