mkdir: cannot create directory ‘/p/project1/deepacf’: Permission denied
mkdir: cannot create directory ‘/p/project1/deepacf’: Permission denied
ls: cannot access '/p/scratch/cesmtst/patakchiyousefi1/FORECASTLEAD_CESMTST_SCRATCH/HRES_DUMP3/*day*10*2022103005*': No such file or directory
ls: cannot access '/p/scratch/cesmtst/patakchiyousefi1/FORECASTLEAD_CESMTST_SCRATCH/HRES_DUMP3/*day*10*2022103011*': No such file or directory
cdo    seltimestep (Warning): Timesteps 16-17 not found!

cdo    replace (Abort): Input streams have different number of timesteps!
ls: cannot access '/p/scratch/cesmtst/patakchiyousefi1/FORECASTLEAD_CESMTST_SCRATCH/HRES_DUMP3/*day*09*2022103005*': No such file or directory
ls: cannot access '/p/scratch/cesmtst/patakchiyousefi1/FORECASTLEAD_CESMTST_SCRATCH/HRES_DUMP3/*day*09*2022103011*': No such file or directory
ls: cannot access '/p/scratch/cesmtst/patakchiyousefi1/FORECASTLEAD_CESMTST_SCRATCH/HRES_DUMP3/*day*10*2022103017*': No such file or directory
ls: cannot access '/p/scratch/cesmtst/patakchiyousefi1/FORECASTLEAD_CESMTST_SCRATCH/HRES_DUMP3/*day*10*2022103023*': No such file or directory
ls: cannot access '/p/scratch/cesmtst/patakchiyousefi1/FORECASTLEAD_CESMTST_SCRATCH/HRES_DUMP3/*day*10*2022103105*': No such file or directory
ls: cannot access '/p/scratch/cesmtst/patakchiyousefi1/FORECASTLEAD_CESMTST_SCRATCH/HRES_DUMP3/*day*10*2022103111*': No such file or directory
cdo    seltimestep (Warning): Timesteps 12-17 not found!

cdo    replace (Abort): Input streams have different number of timesteps!
ls: cannot access '/p/scratch/cesmtst/patakchiyousefi1/FORECASTLEAD_CESMTST_SCRATCH/HRES_DUMP3/*day*08*2022103005*': No such file or directory
ls: cannot access '/p/scratch/cesmtst/patakchiyousefi1/FORECASTLEAD_CESMTST_SCRATCH/HRES_DUMP3/*day*08*2022103011*': No such file or directory
ls: cannot access '/p/scratch/cesmtst/patakchiyousefi1/FORECASTLEAD_CESMTST_SCRATCH/HRES_DUMP3/*day*09*2022103017*': No such file or directory
ls: cannot access '/p/scratch/cesmtst/patakchiyousefi1/FORECASTLEAD_CESMTST_SCRATCH/HRES_DUMP3/*day*09*2022103023*': No such file or directory
ls: cannot access '/p/scratch/cesmtst/patakchiyousefi1/FORECASTLEAD_CESMTST_SCRATCH/HRES_DUMP3/*day*09*2022103105*': No such file or directory
ls: cannot access '/p/scratch/cesmtst/patakchiyousefi1/FORECASTLEAD_CESMTST_SCRATCH/HRES_DUMP3/*day*09*2022103111*': No such file or directory
ls: cannot access '/p/scratch/cesmtst/patakchiyousefi1/FORECASTLEAD_CESMTST_SCRATCH/HRES_DUMP3/*day*10*2022103117*': No such file or directory
ls: cannot access '/p/scratch/cesmtst/patakchiyousefi1/FORECASTLEAD_CESMTST_SCRATCH/HRES_DUMP3/*day*10*2022103123*': No such file or directory
ls: cannot access '/p/scratch/cesmtst/patakchiyousefi1/FORECASTLEAD_CESMTST_SCRATCH/HRES_DUMP3/*day*10*2022110105*': No such file or directory
ls: cannot access '/p/scratch/cesmtst/patakchiyousefi1/FORECASTLEAD_CESMTST_SCRATCH/HRES_DUMP3/*day*10*2022110111*': No such file or directory
cdo    seltimestep (Warning): Timesteps 8-17 not found!

cdo    replace (Abort): Input streams have different number of timesteps!
ls: cannot access '/p/scratch/cesmtst/patakchiyousefi1/FORECASTLEAD_CESMTST_SCRATCH/HRES_DUMP3/*day*07*2022103005*': No such file or directory
ls: cannot access '/p/scratch/cesmtst/patakchiyousefi1/FORECASTLEAD_CESMTST_SCRATCH/HRES_DUMP3/*day*07*2022103011*': No such file or directory
ls: cannot access '/p/scratch/cesmtst/patakchiyousefi1/FORECASTLEAD_CESMTST_SCRATCH/HRES_DUMP3/*day*08*2022103017*': No such file or directory
ls: cannot access '/p/scratch/cesmtst/patakchiyousefi1/FORECASTLEAD_CESMTST_SCRATCH/HRES_DUMP3/*day*08*2022103023*': No such file or directory
ls: cannot access '/p/scratch/cesmtst/patakchiyousefi1/FORECASTLEAD_CESMTST_SCRATCH/HRES_DUMP3/*day*08*2022103105*': No such file or directory
ls: cannot access '/p/scratch/cesmtst/patakchiyousefi1/FORECASTLEAD_CESMTST_SCRATCH/HRES_DUMP3/*day*08*2022103111*': No such file or directory
ls: cannot access '/p/scratch/cesmtst/patakchiyousefi1/FORECASTLEAD_CESMTST_SCRATCH/HRES_DUMP3/*day*09*2022103117*': No such file or directory
ls: cannot access '/p/scratch/cesmtst/patakchiyousefi1/FORECASTLEAD_CESMTST_SCRATCH/HRES_DUMP3/*day*09*2022103123*': No such file or directory
ls: cannot access '/p/scratch/cesmtst/patakchiyousefi1/FORECASTLEAD_CESMTST_SCRATCH/HRES_DUMP3/*day*09*2022110105*': No such file or directory
ls: cannot access '/p/scratch/cesmtst/patakchiyousefi1/FORECASTLEAD_CESMTST_SCRATCH/HRES_DUMP3/*day*09*2022110111*': No such file or directory
ls: cannot access '/p/scratch/cesmtst/patakchiyousefi1/FORECASTLEAD_CESMTST_SCRATCH/HRES_DUMP3/*day*10*2022110117*': No such file or directory
ls: cannot access '/p/scratch/cesmtst/patakchiyousefi1/FORECASTLEAD_CESMTST_SCRATCH/HRES_DUMP3/*day*10*2022110123*': No such file or directory
ls: cannot access '/p/scratch/cesmtst/patakchiyousefi1/FORECASTLEAD_CESMTST_SCRATCH/HRES_DUMP3/*day*10*2022110205*': No such file or directory
ls: cannot access '/p/scratch/cesmtst/patakchiyousefi1/FORECASTLEAD_CESMTST_SCRATCH/HRES_DUMP3/*day*10*2022110211*': No such file or directory
cdo    seltimestep (Warning): Timesteps 4-17 not found!

cdo    replace (Abort): Input streams have different number of timesteps!
ls: cannot access '/p/scratch/cesmtst/patakchiyousefi1/FORECASTLEAD_CESMTST_SCRATCH/HRES_DUMP3/*day*06*2022103002*': No such file or directory
ls: cannot access '/p/scratch/cesmtst/patakchiyousefi1/FORECASTLEAD_CESMTST_SCRATCH/HRES_DUMP3/*day*06*2022103005*': No such file or directory
ls: cannot access '/p/scratch/cesmtst/patakchiyousefi1/FORECASTLEAD_CESMTST_SCRATCH/HRES_DUMP3/*day*06*2022103008*': No such file or directory
ls: cannot access '/p/scratch/cesmtst/patakchiyousefi1/FORECASTLEAD_CESMTST_SCRATCH/HRES_DUMP3/*day*06*2022103011*': No such file or directory
cdo    seltimestep (Warning): Timesteps 16-19 not found!

cdo    replace (Abort): Input streams have different number of timesteps!
ls: cannot access '/p/scratch/cesmtst/patakchiyousefi1/FORECASTLEAD_CESMTST_SCRATCH/HRES_DUMP3/*day*06*2022103011*': No such file or directory
ls: cannot access '/p/scratch/cesmtst/patakchiyousefi1/FORECASTLEAD_CESMTST_SCRATCH/HRES_DUMP3/*day*07*2022103017*': No such file or directory
ls: cannot access '/p/scratch/cesmtst/patakchiyousefi1/FORECASTLEAD_CESMTST_SCRATCH/HRES_DUMP3/*day*07*2022103023*': No such file or directory
ls: cannot access '/p/scratch/cesmtst/patakchiyousefi1/FORECASTLEAD_CESMTST_SCRATCH/HRES_DUMP3/*day*07*2022103105*': No such file or directory
ls: cannot access '/p/scratch/cesmtst/patakchiyousefi1/FORECASTLEAD_CESMTST_SCRATCH/HRES_DUMP3/*day*07*2022103111*': No such file or directory
ls: cannot access '/p/scratch/cesmtst/patakchiyousefi1/FORECASTLEAD_CESMTST_SCRATCH/HRES_DUMP3/*day*08*2022103117*': No such file or directory
ls: cannot access '/p/scratch/cesmtst/patakchiyousefi1/FORECASTLEAD_CESMTST_SCRATCH/HRES_DUMP3/*day*08*2022103123*': No such file or directory
ls: cannot access '/p/scratch/cesmtst/patakchiyousefi1/FORECASTLEAD_CESMTST_SCRATCH/HRES_DUMP3/*day*08*2022110105*': No such file or directory
ls: cannot access '/p/scratch/cesmtst/patakchiyousefi1/FORECASTLEAD_CESMTST_SCRATCH/HRES_DUMP3/*day*08*2022110111*': No such file or directory
ls: cannot access '/p/scratch/cesmtst/patakchiyousefi1/FORECASTLEAD_CESMTST_SCRATCH/HRES_DUMP3/*day*09*2022110117*': No such file or directory
ls: cannot access '/p/scratch/cesmtst/patakchiyousefi1/FORECASTLEAD_CESMTST_SCRATCH/HRES_DUMP3/*day*09*2022110123*': No such file or directory
ls: cannot access '/p/scratch/cesmtst/patakchiyousefi1/FORECASTLEAD_CESMTST_SCRATCH/HRES_DUMP3/*day*09*2022110205*': No such file or directory
ls: cannot access '/p/scratch/cesmtst/patakchiyousefi1/FORECASTLEAD_CESMTST_SCRATCH/HRES_DUMP3/*day*09*2022110211*': No such file or directory
ls: cannot access '/p/scratch/cesmtst/patakchiyousefi1/FORECASTLEAD_CESMTST_SCRATCH/HRES_DUMP3/*day*10*2022110217*': No such file or directory
ls: cannot access '/p/scratch/cesmtst/patakchiyousefi1/FORECASTLEAD_CESMTST_SCRATCH/HRES_DUMP3/*day*10*2022110223*': No such file or directory
ls: cannot access '/p/scratch/cesmtst/patakchiyousefi1/FORECASTLEAD_CESMTST_SCRATCH/HRES_DUMP3/*day*10*2022110305*': No such file or directory
ls: cannot access '/p/scratch/cesmtst/patakchiyousefi1/FORECASTLEAD_CESMTST_SCRATCH/HRES_DUMP3/*day*10*2022110311*': No such file or directory

cdo (Abort): Input streams missing!
cdo    seltimestep (Warning): Timestep 19 not found!

cdo    seltimestep (Abort): No timesteps selected!
cdo(1) mergetime: Open failed on >/p/scratch/cesmtst/patakchiyousefi1/FORECASTLEAD_CESMTST_SCRATCH/HRES_DUMP4/ADAPTER_DE05_20221024.12.144-240-prev.nc<
                  No such file or directory
cdo    replace: Open failed on >/p/scratch/cesmtst/patakchiyousefi1/FORECASTLEAD_CESMTST_SCRATCH/HRES_DUMP5/ADAPTER_DE05_20221024.12.144-240-6.boundary_1.tp.nc<
                No such file or directory
ncatted: ERROR file /p/scratch/cesmtst/patakchiyousefi1/FORECASTLEAD_CESMTST_SCRATCH/HRES_POST/ADAPTER_DE05_20221024.12.144-240-6.boundary_1.nc not found. It does not exist on the local filesystem, nor does it match remote filename patterns (e.g., http://foo or foo.bar.edu:file).
ncatted: HINT file-not-found errors usually arise from filename typos, incorrect paths, missing files, or capricious gods. Please verify spelling and location of requested file. If the file resides on a High Performance Storage System (HPSS) accessible via the 'hsi' command, then add the --hpss option and re-try command.
rm: cannot remove '/p/scratch/cesmtst/patakchiyousefi1/FORECASTLEAD_CESMTST_SCRATCH/HRES_DUMP4/ADAPTER_DE05_20221024.13.144-240-6.boundary_1.tp.nc': No such file or directory
rm: cannot remove '/p/scratch/cesmtst/patakchiyousefi1/FORECASTLEAD_CESMTST_SCRATCH/HRES_DUMP4/ADAPTER_DE05_20221024.12.144-240-prev.nc': No such file or directory
ls: cannot access '/p/scratch/cesmtst/patakchiyousefi1/FORECASTLEAD_CESMTST_SCRATCH/HRES_DUMP3/*day*05*2022103002*': No such file or directory
ls: cannot access '/p/scratch/cesmtst/patakchiyousefi1/FORECASTLEAD_CESMTST_SCRATCH/HRES_DUMP3/*day*05*2022103005*': No such file or directory
ls: cannot access '/p/scratch/cesmtst/patakchiyousefi1/FORECASTLEAD_CESMTST_SCRATCH/HRES_DUMP3/*day*05*2022103008*': No such file or directory
ls: cannot access '/p/scratch/cesmtst/patakchiyousefi1/FORECASTLEAD_CESMTST_SCRATCH/HRES_DUMP3/*day*05*2022103011*': No such file or directory
ls: cannot access '/p/scratch/cesmtst/patakchiyousefi1/FORECASTLEAD_CESMTST_SCRATCH/HRES_DUMP3/*day*06*2022103014*': No such file or directory
ls: cannot access '/p/scratch/cesmtst/patakchiyousefi1/FORECASTLEAD_CESMTST_SCRATCH/HRES_DUMP3/*day*06*2022103017*': No such file or directory
ls: cannot access '/p/scratch/cesmtst/patakchiyousefi1/FORECASTLEAD_CESMTST_SCRATCH/HRES_DUMP3/*day*06*2022103020*': No such file or directory
ls: cannot access '/p/scratch/cesmtst/patakchiyousefi1/FORECASTLEAD_CESMTST_SCRATCH/HRES_DUMP3/*day*06*2022103023*': No such file or directory
ls: cannot access '/p/scratch/cesmtst/patakchiyousefi1/FORECASTLEAD_CESMTST_SCRATCH/HRES_DUMP3/*day*06*2022103102*': No such file or directory
ls: cannot access '/p/scratch/cesmtst/patakchiyousefi1/FORECASTLEAD_CESMTST_SCRATCH/HRES_DUMP3/*day*06*2022103105*': No such file or directory
ls: cannot access '/p/scratch/cesmtst/patakchiyousefi1/FORECASTLEAD_CESMTST_SCRATCH/HRES_DUMP3/*day*06*2022103108*': No such file or directory
ls: cannot access '/p/scratch/cesmtst/patakchiyousefi1/FORECASTLEAD_CESMTST_SCRATCH/HRES_DUMP3/*day*06*2022103111*': No such file or directory
cdo    seltimestep (Warning): Timesteps 8-19 not found!

cdo    replace (Abort): Input streams have different number of timesteps!
ls: cannot access '/p/scratch/cesmtst/patakchiyousefi1/FORECASTLEAD_CESMTST_SCRATCH/HRES_DUMP3/*day*06*2022103111*': No such file or directory
ls: cannot access '/p/scratch/cesmtst/patakchiyousefi1/FORECASTLEAD_CESMTST_SCRATCH/HRES_DUMP3/*day*07*2022103117*': No such file or directory
ls: cannot access '/p/scratch/cesmtst/patakchiyousefi1/FORECASTLEAD_CESMTST_SCRATCH/HRES_DUMP3/*day*07*2022103123*': No such file or directory
ls: cannot access '/p/scratch/cesmtst/patakchiyousefi1/FORECASTLEAD_CESMTST_SCRATCH/HRES_DUMP3/*day*07*2022110105*': No such file or directory
ls: cannot access '/p/scratch/cesmtst/patakchiyousefi1/FORECASTLEAD_CESMTST_SCRATCH/HRES_DUMP3/*day*07*2022110111*': No such file or directory
ls: cannot access '/p/scratch/cesmtst/patakchiyousefi1/FORECASTLEAD_CESMTST_SCRATCH/HRES_DUMP3/*day*08*2022110117*': No such file or directory
ls: cannot access '/p/scratch/cesmtst/patakchiyousefi1/FORECASTLEAD_CESMTST_SCRATCH/HRES_DUMP3/*day*08*2022110123*': No such file or directory
ls: cannot access '/p/scratch/cesmtst/patakchiyousefi1/FORECASTLEAD_CESMTST_SCRATCH/HRES_DUMP3/*day*08*2022110205*': No such file or directory
ls: cannot access '/p/scratch/cesmtst/patakchiyousefi1/FORECASTLEAD_CESMTST_SCRATCH/HRES_DUMP3/*day*08*2022110211*': No such file or directory
ls: cannot access '/p/scratch/cesmtst/patakchiyousefi1/FORECASTLEAD_CESMTST_SCRATCH/HRES_DUMP3/*day*09*2022110217*': No such file or directory
ls: cannot access '/p/scratch/cesmtst/patakchiyousefi1/FORECASTLEAD_CESMTST_SCRATCH/HRES_DUMP3/*day*09*2022110223*': No such file or directory
ls: cannot access '/p/scratch/cesmtst/patakchiyousefi1/FORECASTLEAD_CESMTST_SCRATCH/HRES_DUMP3/*day*09*2022110305*': No such file or directory
ls: cannot access '/p/scratch/cesmtst/patakchiyousefi1/FORECASTLEAD_CESMTST_SCRATCH/HRES_DUMP3/*day*09*2022110311*': No such file or directory
ls: cannot access '/p/scratch/cesmtst/patakchiyousefi1/FORECASTLEAD_CESMTST_SCRATCH/HRES_DUMP3/*day*10*2022110317*': No such file or directory
ls: cannot access '/p/scratch/cesmtst/patakchiyousefi1/FORECASTLEAD_CESMTST_SCRATCH/HRES_DUMP3/*day*10*2022110323*': No such file or directory
ls: cannot access '/p/scratch/cesmtst/patakchiyousefi1/FORECASTLEAD_CESMTST_SCRATCH/HRES_DUMP3/*day*10*2022110405*': No such file or directory
ls: cannot access '/p/scratch/cesmtst/patakchiyousefi1/FORECASTLEAD_CESMTST_SCRATCH/HRES_DUMP3/*day*10*2022110411*': No such file or directory

cdo (Abort): Input streams missing!
cdo    seltimestep (Warning): Timestep 19 not found!

cdo    seltimestep (Abort): No timesteps selected!
cdo(1) mergetime: Open failed on >/p/scratch/cesmtst/patakchiyousefi1/FORECASTLEAD_CESMTST_SCRATCH/HRES_DUMP4/ADAPTER_DE05_20221025.12.144-240-prev.nc<
                  No such file or directory
cdo    replace: Open failed on >/p/scratch/cesmtst/patakchiyousefi1/FORECASTLEAD_CESMTST_SCRATCH/HRES_DUMP5/ADAPTER_DE05_20221025.12.144-240-6.boundary_1.tp.nc<
                No such file or directory
ncatted: ERROR file /p/scratch/cesmtst/patakchiyousefi1/FORECASTLEAD_CESMTST_SCRATCH/HRES_POST/ADAPTER_DE05_20221025.12.144-240-6.boundary_1.nc not found. It does not exist on the local filesystem, nor does it match remote filename patterns (e.g., http://foo or foo.bar.edu:file).
ncatted: HINT file-not-found errors usually arise from filename typos, incorrect paths, missing files, or capricious gods. Please verify spelling and location of requested file. If the file resides on a High Performance Storage System (HPSS) accessible via the 'hsi' command, then add the --hpss option and re-try command.
rm: cannot remove '/p/scratch/cesmtst/patakchiyousefi1/FORECASTLEAD_CESMTST_SCRATCH/HRES_DUMP4/ADAPTER_DE05_20221025.13.144-240-6.boundary_1.tp.nc': No such file or directory
rm: cannot remove '/p/scratch/cesmtst/patakchiyousefi1/FORECASTLEAD_CESMTST_SCRATCH/HRES_DUMP4/ADAPTER_DE05_20221025.12.144-240-prev.nc': No such file or directory
ls: cannot access '/p/scratch/cesmtst/patakchiyousefi1/FORECASTLEAD_CESMTST_SCRATCH/HRES_DUMP3/*day*04*2022103008*': No such file or directory
ls: cannot access '/p/scratch/cesmtst/patakchiyousefi1/FORECASTLEAD_CESMTST_SCRATCH/HRES_DUMP3/*day*04*2022103011*': No such file or directory
ls: cannot access '/p/scratch/cesmtst/patakchiyousefi1/FORECASTLEAD_CESMTST_SCRATCH/HRES_DUMP3/*day*05*2022103014*': No such file or directory
ls: cannot access '/p/scratch/cesmtst/patakchiyousefi1/FORECASTLEAD_CESMTST_SCRATCH/HRES_DUMP3/*day*05*2022103017*': No such file or directory
ls: cannot access '/p/scratch/cesmtst/patakchiyousefi1/FORECASTLEAD_CESMTST_SCRATCH/HRES_DUMP3/*day*05*2022103020*': No such file or directory
ls: cannot access '/p/scratch/cesmtst/patakchiyousefi1/FORECASTLEAD_CESMTST_SCRATCH/HRES_DUMP3/*day*05*2022103023*': No such file or directory
ls: cannot access '/p/scratch/cesmtst/patakchiyousefi1/FORECASTLEAD_CESMTST_SCRATCH/HRES_DUMP3/*day*05*2022103102*': No such file or directory
ls: cannot access '/p/scratch/cesmtst/patakchiyousefi1/FORECASTLEAD_CESMTST_SCRATCH/HRES_DUMP3/*day*05*2022103105*': No such file or directory
ls: cannot access '/p/scratch/cesmtst/patakchiyousefi1/FORECASTLEAD_CESMTST_SCRATCH/HRES_DUMP3/*day*05*2022103108*': No such file or directory
ls: cannot access '/p/scratch/cesmtst/patakchiyousefi1/FORECASTLEAD_CESMTST_SCRATCH/HRES_DUMP3/*day*05*2022103111*': No such file or directory
ls: cannot access '/p/scratch/cesmtst/patakchiyousefi1/FORECASTLEAD_CESMTST_SCRATCH/HRES_DUMP3/*day*06*2022103114*': No such file or directory
ls: cannot access '/p/scratch/cesmtst/patakchiyousefi1/FORECASTLEAD_CESMTST_SCRATCH/HRES_DUMP3/*day*06*2022103117*': No such file or directory
ls: cannot access '/p/scratch/cesmtst/patakchiyousefi1/FORECASTLEAD_CESMTST_SCRATCH/HRES_DUMP3/*day*06*2022103120*': No such file or directory
ls: cannot access '/p/scratch/cesmtst/patakchiyousefi1/FORECASTLEAD_CESMTST_SCRATCH/HRES_DUMP3/*day*06*2022103123*': No such file or directory
ls: cannot access '/p/scratch/cesmtst/patakchiyousefi1/FORECASTLEAD_CESMTST_SCRATCH/HRES_DUMP3/*day*06*2022110102*': No such file or directory
ls: cannot access '/p/scratch/cesmtst/patakchiyousefi1/FORECASTLEAD_CESMTST_SCRATCH/HRES_DUMP3/*day*06*2022110105*': No such file or directory
ls: cannot access '/p/scratch/cesmtst/patakchiyousefi1/FORECASTLEAD_CESMTST_SCRATCH/HRES_DUMP3/*day*06*2022110108*': No such file or directory
ls: cannot access '/p/scratch/cesmtst/patakchiyousefi1/FORECASTLEAD_CESMTST_SCRATCH/HRES_DUMP3/*day*06*2022110111*': No such file or directory
cdo    seltimestep (Warning): Timesteps 2-19 not found!

cdo    seltimestep (Abort): No timesteps selected!
cdo(1) mergetime: Open failed on >/p/scratch/cesmtst/patakchiyousefi1/FORECASTLEAD_CESMTST_SCRATCH/HRES_DUMP4/ADAPTER_DE05_20221026.13.90-144-3.boundary_1.tp.nc<
                  No such file or directory
terminate called without an active exception
/p/project/cesmtst/patakchiyousefi1/CODES-MS3/FORECASTLEAD/HRES_POST2.sh: line 132: 24969 Aborted                 cdo -O -b F64 --no_history -timcumsum -mergetime $merged_output22 $merged_output11 $merged_output33
cdo    replace: Open failed on >/p/scratch/cesmtst/patakchiyousefi1/FORECASTLEAD_CESMTST_SCRATCH/HRES_DUMP5/ADAPTER_DE05_20221026.12.90-144-3.boundary_1.tp.nc<
                No such file or directory
ncatted: ERROR file /p/scratch/cesmtst/patakchiyousefi1/FORECASTLEAD_CESMTST_SCRATCH/HRES_POST/ADAPTER_DE05_20221026.12.90-144-3.boundary_1.nc not found. It does not exist on the local filesystem, nor does it match remote filename patterns (e.g., http://foo or foo.bar.edu:file).
ncatted: HINT file-not-found errors usually arise from filename typos, incorrect paths, missing files, or capricious gods. Please verify spelling and location of requested file. If the file resides on a High Performance Storage System (HPSS) accessible via the 'hsi' command, then add the --hpss option and re-try command.
rm: cannot remove '/p/scratch/cesmtst/patakchiyousefi1/FORECASTLEAD_CESMTST_SCRATCH/HRES_DUMP4/ADAPTER_DE05_20221026.13.90-144-3.boundary_1.tp.nc': No such file or directory
ls: cannot access '/p/scratch/cesmtst/patakchiyousefi1/FORECASTLEAD_CESMTST_SCRATCH/HRES_DUMP3/*day*06*2022110111*': No such file or directory
ls: cannot access '/p/scratch/cesmtst/patakchiyousefi1/FORECASTLEAD_CESMTST_SCRATCH/HRES_DUMP3/*day*07*2022110117*': No such file or directory
ls: cannot access '/p/scratch/cesmtst/patakchiyousefi1/FORECASTLEAD_CESMTST_SCRATCH/HRES_DUMP3/*day*07*2022110123*': No such file or directory
ls: cannot access '/p/scratch/cesmtst/patakchiyousefi1/FORECASTLEAD_CESMTST_SCRATCH/HRES_DUMP3/*day*07*2022110205*': No such file or directory
ls: cannot access '/p/scratch/cesmtst/patakchiyousefi1/FORECASTLEAD_CESMTST_SCRATCH/HRES_DUMP3/*day*07*2022110211*': No such file or directory
ls: cannot access '/p/scratch/cesmtst/patakchiyousefi1/FORECASTLEAD_CESMTST_SCRATCH/HRES_DUMP3/*day*08*2022110217*': No such file or directory
ls: cannot access '/p/scratch/cesmtst/patakchiyousefi1/FORECASTLEAD_CESMTST_SCRATCH/HRES_DUMP3/*day*08*2022110223*': No such file or directory
ls: cannot access '/p/scratch/cesmtst/patakchiyousefi1/FORECASTLEAD_CESMTST_SCRATCH/HRES_DUMP3/*day*08*2022110305*': No such file or directory
ls: cannot access '/p/scratch/cesmtst/patakchiyousefi1/FORECASTLEAD_CESMTST_SCRATCH/HRES_DUMP3/*day*08*2022110311*': No such file or directory
ls: cannot access '/p/scratch/cesmtst/patakchiyousefi1/FORECASTLEAD_CESMTST_SCRATCH/HRES_DUMP3/*day*09*2022110317*': No such file or directory
ls: cannot access '/p/scratch/cesmtst/patakchiyousefi1/FORECASTLEAD_CESMTST_SCRATCH/HRES_DUMP3/*day*09*2022110323*': No such file or directory
ls: cannot access '/p/scratch/cesmtst/patakchiyousefi1/FORECASTLEAD_CESMTST_SCRATCH/HRES_DUMP3/*day*09*2022110405*': No such file or directory
ls: cannot access '/p/scratch/cesmtst/patakchiyousefi1/FORECASTLEAD_CESMTST_SCRATCH/HRES_DUMP3/*day*09*2022110411*': No such file or directory
ls: cannot access '/p/scratch/cesmtst/patakchiyousefi1/FORECASTLEAD_CESMTST_SCRATCH/HRES_DUMP3/*day*10*2022110417*': No such file or directory
ls: cannot access '/p/scratch/cesmtst/patakchiyousefi1/FORECASTLEAD_CESMTST_SCRATCH/HRES_DUMP3/*day*10*2022110423*': No such file or directory
ls: cannot access '/p/scratch/cesmtst/patakchiyousefi1/FORECASTLEAD_CESMTST_SCRATCH/HRES_DUMP3/*day*10*2022110505*': No such file or directory
ls: cannot access '/p/scratch/cesmtst/patakchiyousefi1/FORECASTLEAD_CESMTST_SCRATCH/HRES_DUMP3/*day*10*2022110511*': No such file or directory

cdo (Abort): Input streams missing!
cdo(1) copy: Open failed on >/p/scratch/cesmtst/patakchiyousefi1/FORECASTLEAD_CESMTST_SCRATCH/HRES_DUMP5/ADAPTER_DE05_20221026.12.90-144-3.boundary_1.tp.nc<
             No such file or directory
terminate called without an active exception
/p/project/cesmtst/patakchiyousefi1/CODES-MS3/FORECASTLEAD/HRES_POST2.sh: line 132: 25137 Aborted                 cdo -O -b F64 --no_history -seltimestep,19 -copy $merged_output33 $merged_output222
cdo(1) mergetime: Open failed on >/p/scratch/cesmtst/patakchiyousefi1/FORECASTLEAD_CESMTST_SCRATCH/HRES_DUMP4/ADAPTER_DE05_20221026.12.144-240-prev.nc<
                  No such file or directory
terminate called without an active exception
/p/project/cesmtst/patakchiyousefi1/CODES-MS3/FORECASTLEAD/HRES_POST2.sh: line 132: 25139 Aborted                 cdo -O -b F64 --no_history -timcumsum -mergetime $merged_output222 $merged_output111 $merged_output333
cdo    replace: Open failed on >/p/scratch/cesmtst/patakchiyousefi1/FORECASTLEAD_CESMTST_SCRATCH/HRES_DUMP5/ADAPTER_DE05_20221026.12.144-240-6.boundary_1.tp.nc<
                No such file or directory
ncatted: ERROR file /p/scratch/cesmtst/patakchiyousefi1/FORECASTLEAD_CESMTST_SCRATCH/HRES_POST/ADAPTER_DE05_20221026.12.144-240-6.boundary_1.nc not found. It does not exist on the local filesystem, nor does it match remote filename patterns (e.g., http://foo or foo.bar.edu:file).
ncatted: HINT file-not-found errors usually arise from filename typos, incorrect paths, missing files, or capricious gods. Please verify spelling and location of requested file. If the file resides on a High Performance Storage System (HPSS) accessible via the 'hsi' command, then add the --hpss option and re-try command.
rm: cannot remove '/p/scratch/cesmtst/patakchiyousefi1/FORECASTLEAD_CESMTST_SCRATCH/HRES_DUMP4/ADAPTER_DE05_20221026.13.144-240-6.boundary_1.tp.nc': No such file or directory
rm: cannot remove '/p/scratch/cesmtst/patakchiyousefi1/FORECASTLEAD_CESMTST_SCRATCH/HRES_DUMP4/ADAPTER_DE05_20221026.12.144-240-prev.nc': No such file or directory
ls: cannot access '/p/scratch/cesmtst/patakchiyousefi1/FORECASTLEAD_CESMTST_SCRATCH/HRES_DUMP3/*day*04*2022103108*': No such file or directory
ls: cannot access '/p/scratch/cesmtst/patakchiyousefi1/FORECASTLEAD_CESMTST_SCRATCH/HRES_DUMP3/*day*04*2022103111*': No such file or directory
ls: cannot access '/p/scratch/cesmtst/patakchiyousefi1/FORECASTLEAD_CESMTST_SCRATCH/HRES_DUMP3/*day*05*2022103114*': No such file or directory
ls: cannot access '/p/scratch/cesmtst/patakchiyousefi1/FORECASTLEAD_CESMTST_SCRATCH/HRES_DUMP3/*day*05*2022103117*': No such file or directory
ls: cannot access '/p/scratch/cesmtst/patakchiyousefi1/FORECASTLEAD_CESMTST_SCRATCH/HRES_DUMP3/*day*05*2022103120*': No such file or directory
ls: cannot access '/p/scratch/cesmtst/patakchiyousefi1/FORECASTLEAD_CESMTST_SCRATCH/HRES_DUMP3/*day*05*2022103123*': No such file or directory
ls: cannot access '/p/scratch/cesmtst/patakchiyousefi1/FORECASTLEAD_CESMTST_SCRATCH/HRES_DUMP3/*day*05*2022110102*': No such file or directory
ls: cannot access '/p/scratch/cesmtst/patakchiyousefi1/FORECASTLEAD_CESMTST_SCRATCH/HRES_DUMP3/*day*05*2022110105*': No such file or directory
ls: cannot access '/p/scratch/cesmtst/patakchiyousefi1/FORECASTLEAD_CESMTST_SCRATCH/HRES_DUMP3/*day*05*2022110108*': No such file or directory
ls: cannot access '/p/scratch/cesmtst/patakchiyousefi1/FORECASTLEAD_CESMTST_SCRATCH/HRES_DUMP3/*day*05*2022110111*': No such file or directory
ls: cannot access '/p/scratch/cesmtst/patakchiyousefi1/FORECASTLEAD_CESMTST_SCRATCH/HRES_DUMP3/*day*06*2022110114*': No such file or directory
ls: cannot access '/p/scratch/cesmtst/patakchiyousefi1/FORECASTLEAD_CESMTST_SCRATCH/HRES_DUMP3/*day*06*2022110117*': No such file or directory
ls: cannot access '/p/scratch/cesmtst/patakchiyousefi1/FORECASTLEAD_CESMTST_SCRATCH/HRES_DUMP3/*day*06*2022110120*': No such file or directory
ls: cannot access '/p/scratch/cesmtst/patakchiyousefi1/FORECASTLEAD_CESMTST_SCRATCH/HRES_DUMP3/*day*06*2022110123*': No such file or directory
ls: cannot access '/p/scratch/cesmtst/patakchiyousefi1/FORECASTLEAD_CESMTST_SCRATCH/HRES_DUMP3/*day*06*2022110202*': No such file or directory
ls: cannot access '/p/scratch/cesmtst/patakchiyousefi1/FORECASTLEAD_CESMTST_SCRATCH/HRES_DUMP3/*day*06*2022110205*': No such file or directory
ls: cannot access '/p/scratch/cesmtst/patakchiyousefi1/FORECASTLEAD_CESMTST_SCRATCH/HRES_DUMP3/*day*06*2022110208*': No such file or directory
ls: cannot access '/p/scratch/cesmtst/patakchiyousefi1/FORECASTLEAD_CESMTST_SCRATCH/HRES_DUMP3/*day*06*2022110211*': No such file or directory
cdo    seltimestep (Warning): Timesteps 2-19 not found!

cdo    seltimestep (Abort): No timesteps selected!
cdo(1) mergetime: Open failed on >/p/scratch/cesmtst/patakchiyousefi1/FORECASTLEAD_CESMTST_SCRATCH/HRES_DUMP4/ADAPTER_DE05_20221027.13.90-144-3.boundary_1.tp.nc<
                  No such file or directory
terminate called without an active exception
/p/project/cesmtst/patakchiyousefi1/CODES-MS3/FORECASTLEAD/HRES_POST2.sh: line 132: 26272 Aborted                 cdo -O -b F64 --no_history -timcumsum -mergetime $merged_output22 $merged_output11 $merged_output33
cdo    replace: Open failed on >/p/scratch/cesmtst/patakchiyousefi1/FORECASTLEAD_CESMTST_SCRATCH/HRES_DUMP5/ADAPTER_DE05_20221027.12.90-144-3.boundary_1.tp.nc<
                No such file or directory
ncatted: ERROR file /p/scratch/cesmtst/patakchiyousefi1/FORECASTLEAD_CESMTST_SCRATCH/HRES_POST/ADAPTER_DE05_20221027.12.90-144-3.boundary_1.nc not found. It does not exist on the local filesystem, nor does it match remote filename patterns (e.g., http://foo or foo.bar.edu:file).
ncatted: HINT file-not-found errors usually arise from filename typos, incorrect paths, missing files, or capricious gods. Please verify spelling and location of requested file. If the file resides on a High Performance Storage System (HPSS) accessible via the 'hsi' command, then add the --hpss option and re-try command.
rm: cannot remove '/p/scratch/cesmtst/patakchiyousefi1/FORECASTLEAD_CESMTST_SCRATCH/HRES_DUMP4/ADAPTER_DE05_20221027.13.90-144-3.boundary_1.tp.nc': No such file or directory
ls: cannot access '/p/scratch/cesmtst/patakchiyousefi1/FORECASTLEAD_CESMTST_SCRATCH/HRES_DUMP3/*day*06*2022110211*': No such file or directory
ls: cannot access '/p/scratch/cesmtst/patakchiyousefi1/FORECASTLEAD_CESMTST_SCRATCH/HRES_DUMP3/*day*07*2022110217*': No such file or directory
ls: cannot access '/p/scratch/cesmtst/patakchiyousefi1/FORECASTLEAD_CESMTST_SCRATCH/HRES_DUMP3/*day*07*2022110223*': No such file or directory
ls: cannot access '/p/scratch/cesmtst/patakchiyousefi1/FORECASTLEAD_CESMTST_SCRATCH/HRES_DUMP3/*day*07*2022110305*': No such file or directory
ls: cannot access '/p/scratch/cesmtst/patakchiyousefi1/FORECASTLEAD_CESMTST_SCRATCH/HRES_DUMP3/*day*07*2022110311*': No such file or directory
ls: cannot access '/p/scratch/cesmtst/patakchiyousefi1/FORECASTLEAD_CESMTST_SCRATCH/HRES_DUMP3/*day*08*2022110317*': No such file or directory
ls: cannot access '/p/scratch/cesmtst/patakchiyousefi1/FORECASTLEAD_CESMTST_SCRATCH/HRES_DUMP3/*day*08*2022110323*': No such file or directory
ls: cannot access '/p/scratch/cesmtst/patakchiyousefi1/FORECASTLEAD_CESMTST_SCRATCH/HRES_DUMP3/*day*08*2022110405*': No such file or directory
ls: cannot access '/p/scratch/cesmtst/patakchiyousefi1/FORECASTLEAD_CESMTST_SCRATCH/HRES_DUMP3/*day*08*2022110411*': No such file or directory
ls: cannot access '/p/scratch/cesmtst/patakchiyousefi1/FORECASTLEAD_CESMTST_SCRATCH/HRES_DUMP3/*day*09*2022110417*': No such file or directory
ls: cannot access '/p/scratch/cesmtst/patakchiyousefi1/FORECASTLEAD_CESMTST_SCRATCH/HRES_DUMP3/*day*09*2022110423*': No such file or directory
ls: cannot access '/p/scratch/cesmtst/patakchiyousefi1/FORECASTLEAD_CESMTST_SCRATCH/HRES_DUMP3/*day*09*2022110505*': No such file or directory
ls: cannot access '/p/scratch/cesmtst/patakchiyousefi1/FORECASTLEAD_CESMTST_SCRATCH/HRES_DUMP3/*day*09*2022110511*': No such file or directory
ls: cannot access '/p/scratch/cesmtst/patakchiyousefi1/FORECASTLEAD_CESMTST_SCRATCH/HRES_DUMP3/*day*10*2022110517*': No such file or directory
ls: cannot access '/p/scratch/cesmtst/patakchiyousefi1/FORECASTLEAD_CESMTST_SCRATCH/HRES_DUMP3/*day*10*2022110523*': No such file or directory
ls: cannot access '/p/scratch/cesmtst/patakchiyousefi1/FORECASTLEAD_CESMTST_SCRATCH/HRES_DUMP3/*day*10*2022110605*': No such file or directory
ls: cannot access '/p/scratch/cesmtst/patakchiyousefi1/FORECASTLEAD_CESMTST_SCRATCH/HRES_DUMP3/*day*10*2022110611*': No such file or directory

cdo (Abort): Input streams missing!
cdo(1) copy: Open failed on >/p/scratch/cesmtst/patakchiyousefi1/FORECASTLEAD_CESMTST_SCRATCH/HRES_DUMP5/ADAPTER_DE05_20221027.12.90-144-3.boundary_1.tp.nc<
             No such file or directory
terminate called without an active exception
/p/project/cesmtst/patakchiyousefi1/CODES-MS3/FORECASTLEAD/HRES_POST2.sh: line 132: 26452 Aborted                 cdo -O -b F64 --no_history -seltimestep,19 -copy $merged_output33 $merged_output222
cdo(1) mergetime: Open failed on >/p/scratch/cesmtst/patakchiyousefi1/FORECASTLEAD_CESMTST_SCRATCH/HRES_DUMP4/ADAPTER_DE05_20221027.12.144-240-prev.nc<
                  No such file or directory
terminate called without an active exception
/p/project/cesmtst/patakchiyousefi1/CODES-MS3/FORECASTLEAD/HRES_POST2.sh: line 132: 26454 Aborted                 cdo -O -b F64 --no_history -timcumsum -mergetime $merged_output222 $merged_output111 $merged_output333
cdo    replace: Open failed on >/p/scratch/cesmtst/patakchiyousefi1/FORECASTLEAD_CESMTST_SCRATCH/HRES_DUMP5/ADAPTER_DE05_20221027.12.144-240-6.boundary_1.tp.nc<
                No such file or directory
ncatted: ERROR file /p/scratch/cesmtst/patakchiyousefi1/FORECASTLEAD_CESMTST_SCRATCH/HRES_POST/ADAPTER_DE05_20221027.12.144-240-6.boundary_1.nc not found. It does not exist on the local filesystem, nor does it match remote filename patterns (e.g., http://foo or foo.bar.edu:file).
ncatted: HINT file-not-found errors usually arise from filename typos, incorrect paths, missing files, or capricious gods. Please verify spelling and location of requested file. If the file resides on a High Performance Storage System (HPSS) accessible via the 'hsi' command, then add the --hpss option and re-try command.
rm: cannot remove '/p/scratch/cesmtst/patakchiyousefi1/FORECASTLEAD_CESMTST_SCRATCH/HRES_DUMP4/ADAPTER_DE05_20221027.13.144-240-6.boundary_1.tp.nc': No such file or directory
rm: cannot remove '/p/scratch/cesmtst/patakchiyousefi1/FORECASTLEAD_CESMTST_SCRATCH/HRES_DUMP4/ADAPTER_DE05_20221027.12.144-240-prev.nc': No such file or directory
ls: cannot access '/p/scratch/cesmtst/patakchiyousefi1/FORECASTLEAD_CESMTST_SCRATCH/HRES_DUMP3/*day*04*2022110108*': No such file or directory
ls: cannot access '/p/scratch/cesmtst/patakchiyousefi1/FORECASTLEAD_CESMTST_SCRATCH/HRES_DUMP3/*day*04*2022110111*': No such file or directory
ls: cannot access '/p/scratch/cesmtst/patakchiyousefi1/FORECASTLEAD_CESMTST_SCRATCH/HRES_DUMP3/*day*05*2022110114*': No such file or directory
ls: cannot access '/p/scratch/cesmtst/patakchiyousefi1/FORECASTLEAD_CESMTST_SCRATCH/HRES_DUMP3/*day*05*2022110117*': No such file or directory
ls: cannot access '/p/scratch/cesmtst/patakchiyousefi1/FORECASTLEAD_CESMTST_SCRATCH/HRES_DUMP3/*day*05*2022110120*': No such file or directory
ls: cannot access '/p/scratch/cesmtst/patakchiyousefi1/FORECASTLEAD_CESMTST_SCRATCH/HRES_DUMP3/*day*05*2022110123*': No such file or directory
ls: cannot access '/p/scratch/cesmtst/patakchiyousefi1/FORECASTLEAD_CESMTST_SCRATCH/HRES_DUMP3/*day*05*2022110202*': No such file or directory
ls: cannot access '/p/scratch/cesmtst/patakchiyousefi1/FORECASTLEAD_CESMTST_SCRATCH/HRES_DUMP3/*day*05*2022110205*': No such file or directory
ls: cannot access '/p/scratch/cesmtst/patakchiyousefi1/FORECASTLEAD_CESMTST_SCRATCH/HRES_DUMP3/*day*05*2022110208*': No such file or directory
ls: cannot access '/p/scratch/cesmtst/patakchiyousefi1/FORECASTLEAD_CESMTST_SCRATCH/HRES_DUMP3/*day*05*2022110211*': No such file or directory
ls: cannot access '/p/scratch/cesmtst/patakchiyousefi1/FORECASTLEAD_CESMTST_SCRATCH/HRES_DUMP3/*day*06*2022110214*': No such file or directory
ls: cannot access '/p/scratch/cesmtst/patakchiyousefi1/FORECASTLEAD_CESMTST_SCRATCH/HRES_DUMP3/*day*06*2022110217*': No such file or directory
ls: cannot access '/p/scratch/cesmtst/patakchiyousefi1/FORECASTLEAD_CESMTST_SCRATCH/HRES_DUMP3/*day*06*2022110220*': No such file or directory
ls: cannot access '/p/scratch/cesmtst/patakchiyousefi1/FORECASTLEAD_CESMTST_SCRATCH/HRES_DUMP3/*day*06*2022110223*': No such file or directory
ls: cannot access '/p/scratch/cesmtst/patakchiyousefi1/FORECASTLEAD_CESMTST_SCRATCH/HRES_DUMP3/*day*06*2022110302*': No such file or directory
ls: cannot access '/p/scratch/cesmtst/patakchiyousefi1/FORECASTLEAD_CESMTST_SCRATCH/HRES_DUMP3/*day*06*2022110305*': No such file or directory
ls: cannot access '/p/scratch/cesmtst/patakchiyousefi1/FORECASTLEAD_CESMTST_SCRATCH/HRES_DUMP3/*day*06*2022110308*': No such file or directory
ls: cannot access '/p/scratch/cesmtst/patakchiyousefi1/FORECASTLEAD_CESMTST_SCRATCH/HRES_DUMP3/*day*06*2022110311*': No such file or directory
cdo    seltimestep (Warning): Timesteps 2-19 not found!

cdo    seltimestep (Abort): No timesteps selected!
cdo(1) mergetime: Open failed on >/p/scratch/cesmtst/patakchiyousefi1/FORECASTLEAD_CESMTST_SCRATCH/HRES_DUMP4/ADAPTER_DE05_20221028.13.90-144-3.boundary_1.tp.nc<
                  No such file or directory
terminate called without an active exception
/p/project/cesmtst/patakchiyousefi1/CODES-MS3/FORECASTLEAD/HRES_POST2.sh: line 132: 27557 Aborted                 cdo -O -b F64 --no_history -timcumsum -mergetime $merged_output22 $merged_output11 $merged_output33
cdo    replace: Open failed on >/p/scratch/cesmtst/patakchiyousefi1/FORECASTLEAD_CESMTST_SCRATCH/HRES_DUMP5/ADAPTER_DE05_20221028.12.90-144-3.boundary_1.tp.nc<
                No such file or directory
ncatted: ERROR file /p/scratch/cesmtst/patakchiyousefi1/FORECASTLEAD_CESMTST_SCRATCH/HRES_POST/ADAPTER_DE05_20221028.12.90-144-3.boundary_1.nc not found. It does not exist on the local filesystem, nor does it match remote filename patterns (e.g., http://foo or foo.bar.edu:file).
ncatted: HINT file-not-found errors usually arise from filename typos, incorrect paths, missing files, or capricious gods. Please verify spelling and location of requested file. If the file resides on a High Performance Storage System (HPSS) accessible via the 'hsi' command, then add the --hpss option and re-try command.
rm: cannot remove '/p/scratch/cesmtst/patakchiyousefi1/FORECASTLEAD_CESMTST_SCRATCH/HRES_DUMP4/ADAPTER_DE05_20221028.13.90-144-3.boundary_1.tp.nc': No such file or directory
ls: cannot access '/p/scratch/cesmtst/patakchiyousefi1/FORECASTLEAD_CESMTST_SCRATCH/HRES_DUMP3/*day*06*2022110311*': No such file or directory
ls: cannot access '/p/scratch/cesmtst/patakchiyousefi1/FORECASTLEAD_CESMTST_SCRATCH/HRES_DUMP3/*day*07*2022110317*': No such file or directory
ls: cannot access '/p/scratch/cesmtst/patakchiyousefi1/FORECASTLEAD_CESMTST_SCRATCH/HRES_DUMP3/*day*07*2022110323*': No such file or directory
ls: cannot access '/p/scratch/cesmtst/patakchiyousefi1/FORECASTLEAD_CESMTST_SCRATCH/HRES_DUMP3/*day*07*2022110405*': No such file or directory
ls: cannot access '/p/scratch/cesmtst/patakchiyousefi1/FORECASTLEAD_CESMTST_SCRATCH/HRES_DUMP3/*day*07*2022110411*': No such file or directory
ls: cannot access '/p/scratch/cesmtst/patakchiyousefi1/FORECASTLEAD_CESMTST_SCRATCH/HRES_DUMP3/*day*08*2022110417*': No such file or directory
ls: cannot access '/p/scratch/cesmtst/patakchiyousefi1/FORECASTLEAD_CESMTST_SCRATCH/HRES_DUMP3/*day*08*2022110423*': No such file or directory
ls: cannot access '/p/scratch/cesmtst/patakchiyousefi1/FORECASTLEAD_CESMTST_SCRATCH/HRES_DUMP3/*day*08*2022110505*': No such file or directory
ls: cannot access '/p/scratch/cesmtst/patakchiyousefi1/FORECASTLEAD_CESMTST_SCRATCH/HRES_DUMP3/*day*08*2022110511*': No such file or directory
ls: cannot access '/p/scratch/cesmtst/patakchiyousefi1/FORECASTLEAD_CESMTST_SCRATCH/HRES_DUMP3/*day*09*2022110517*': No such file or directory
ls: cannot access '/p/scratch/cesmtst/patakchiyousefi1/FORECASTLEAD_CESMTST_SCRATCH/HRES_DUMP3/*day*09*2022110523*': No such file or directory
ls: cannot access '/p/scratch/cesmtst/patakchiyousefi1/FORECASTLEAD_CESMTST_SCRATCH/HRES_DUMP3/*day*09*2022110605*': No such file or directory
ls: cannot access '/p/scratch/cesmtst/patakchiyousefi1/FORECASTLEAD_CESMTST_SCRATCH/HRES_DUMP3/*day*09*2022110611*': No such file or directory
ls: cannot access '/p/scratch/cesmtst/patakchiyousefi1/FORECASTLEAD_CESMTST_SCRATCH/HRES_DUMP3/*day*10*2022110617*': No such file or directory
ls: cannot access '/p/scratch/cesmtst/patakchiyousefi1/FORECASTLEAD_CESMTST_SCRATCH/HRES_DUMP3/*day*10*2022110623*': No such file or directory
ls: cannot access '/p/scratch/cesmtst/patakchiyousefi1/FORECASTLEAD_CESMTST_SCRATCH/HRES_DUMP3/*day*10*2022110705*': No such file or directory
ls: cannot access '/p/scratch/cesmtst/patakchiyousefi1/FORECASTLEAD_CESMTST_SCRATCH/HRES_DUMP3/*day*10*2022110711*': No such file or directory

cdo (Abort): Input streams missing!
cdo(1) copy: Open failed on >/p/scratch/cesmtst/patakchiyousefi1/FORECASTLEAD_CESMTST_SCRATCH/HRES_DUMP5/ADAPTER_DE05_20221028.12.90-144-3.boundary_1.tp.nc<
             No such file or directory
terminate called without an active exception
/p/project/cesmtst/patakchiyousefi1/CODES-MS3/FORECASTLEAD/HRES_POST2.sh: line 132: 27841 Aborted                 cdo -O -b F64 --no_history -seltimestep,19 -copy $merged_output33 $merged_output222
cdo(1) mergetime: Open failed on >/p/scratch/cesmtst/patakchiyousefi1/FORECASTLEAD_CESMTST_SCRATCH/HRES_DUMP4/ADAPTER_DE05_20221028.12.144-240-prev.nc<
                  No such file or directory
terminate called without an active exception
/p/project/cesmtst/patakchiyousefi1/CODES-MS3/FORECASTLEAD/HRES_POST2.sh: line 132: 27843 Aborted                 cdo -O -b F64 --no_history -timcumsum -mergetime $merged_output222 $merged_output111 $merged_output333
cdo    replace: Open failed on >/p/scratch/cesmtst/patakchiyousefi1/FORECASTLEAD_CESMTST_SCRATCH/HRES_DUMP5/ADAPTER_DE05_20221028.12.144-240-6.boundary_1.tp.nc<
                No such file or directory
ncatted: ERROR file /p/scratch/cesmtst/patakchiyousefi1/FORECASTLEAD_CESMTST_SCRATCH/HRES_POST/ADAPTER_DE05_20221028.12.144-240-6.boundary_1.nc not found. It does not exist on the local filesystem, nor does it match remote filename patterns (e.g., http://foo or foo.bar.edu:file).
ncatted: HINT file-not-found errors usually arise from filename typos, incorrect paths, missing files, or capricious gods. Please verify spelling and location of requested file. If the file resides on a High Performance Storage System (HPSS) accessible via the 'hsi' command, then add the --hpss option and re-try command.
rm: cannot remove '/p/scratch/cesmtst/patakchiyousefi1/FORECASTLEAD_CESMTST_SCRATCH/HRES_DUMP4/ADAPTER_DE05_20221028.13.144-240-6.boundary_1.tp.nc': No such file or directory
rm: cannot remove '/p/scratch/cesmtst/patakchiyousefi1/FORECASTLEAD_CESMTST_SCRATCH/HRES_DUMP4/ADAPTER_DE05_20221028.12.144-240-prev.nc': No such file or directory
ls: cannot access '/p/scratch/cesmtst/patakchiyousefi1/FORECASTLEAD_CESMTST_SCRATCH/HRES_DUMP3/*day*04*2022110208*': No such file or directory
ls: cannot access '/p/scratch/cesmtst/patakchiyousefi1/FORECASTLEAD_CESMTST_SCRATCH/HRES_DUMP3/*day*04*2022110211*': No such file or directory
ls: cannot access '/p/scratch/cesmtst/patakchiyousefi1/FORECASTLEAD_CESMTST_SCRATCH/HRES_DUMP3/*day*05*2022110214*': No such file or directory
ls: cannot access '/p/scratch/cesmtst/patakchiyousefi1/FORECASTLEAD_CESMTST_SCRATCH/HRES_DUMP3/*day*05*2022110217*': No such file or directory
ls: cannot access '/p/scratch/cesmtst/patakchiyousefi1/FORECASTLEAD_CESMTST_SCRATCH/HRES_DUMP3/*day*05*2022110220*': No such file or directory
ls: cannot access '/p/scratch/cesmtst/patakchiyousefi1/FORECASTLEAD_CESMTST_SCRATCH/HRES_DUMP3/*day*05*2022110223*': No such file or directory
ls: cannot access '/p/scratch/cesmtst/patakchiyousefi1/FORECASTLEAD_CESMTST_SCRATCH/HRES_DUMP3/*day*05*2022110302*': No such file or directory
ls: cannot access '/p/scratch/cesmtst/patakchiyousefi1/FORECASTLEAD_CESMTST_SCRATCH/HRES_DUMP3/*day*05*2022110305*': No such file or directory
ls: cannot access '/p/scratch/cesmtst/patakchiyousefi1/FORECASTLEAD_CESMTST_SCRATCH/HRES_DUMP3/*day*05*2022110308*': No such file or directory
ls: cannot access '/p/scratch/cesmtst/patakchiyousefi1/FORECASTLEAD_CESMTST_SCRATCH/HRES_DUMP3/*day*05*2022110311*': No such file or directory
ls: cannot access '/p/scratch/cesmtst/patakchiyousefi1/FORECASTLEAD_CESMTST_SCRATCH/HRES_DUMP3/*day*06*2022110314*': No such file or directory
ls: cannot access '/p/scratch/cesmtst/patakchiyousefi1/FORECASTLEAD_CESMTST_SCRATCH/HRES_DUMP3/*day*06*2022110317*': No such file or directory
ls: cannot access '/p/scratch/cesmtst/patakchiyousefi1/FORECASTLEAD_CESMTST_SCRATCH/HRES_DUMP3/*day*06*2022110320*': No such file or directory
ls: cannot access '/p/scratch/cesmtst/patakchiyousefi1/FORECASTLEAD_CESMTST_SCRATCH/HRES_DUMP3/*day*06*2022110323*': No such file or directory
ls: cannot access '/p/scratch/cesmtst/patakchiyousefi1/FORECASTLEAD_CESMTST_SCRATCH/HRES_DUMP3/*day*06*2022110402*': No such file or directory
ls: cannot access '/p/scratch/cesmtst/patakchiyousefi1/FORECASTLEAD_CESMTST_SCRATCH/HRES_DUMP3/*day*06*2022110405*': No such file or directory
ls: cannot access '/p/scratch/cesmtst/patakchiyousefi1/FORECASTLEAD_CESMTST_SCRATCH/HRES_DUMP3/*day*06*2022110408*': No such file or directory
ls: cannot access '/p/scratch/cesmtst/patakchiyousefi1/FORECASTLEAD_CESMTST_SCRATCH/HRES_DUMP3/*day*06*2022110411*': No such file or directory
cdo    seltimestep (Warning): Timesteps 2-19 not found!

cdo    seltimestep (Abort): No timesteps selected!
cdo(1) mergetime: Open failed on >/p/scratch/cesmtst/patakchiyousefi1/FORECASTLEAD_CESMTST_SCRATCH/HRES_DUMP4/ADAPTER_DE05_20221029.13.90-144-3.boundary_1.tp.nc<
                  No such file or directory
terminate called without an active exception
/p/project/cesmtst/patakchiyousefi1/CODES-MS3/FORECASTLEAD/HRES_POST2.sh: line 132: 29026 Aborted                 cdo -O -b F64 --no_history -timcumsum -mergetime $merged_output22 $merged_output11 $merged_output33
cdo    replace: Open failed on >/p/scratch/cesmtst/patakchiyousefi1/FORECASTLEAD_CESMTST_SCRATCH/HRES_DUMP5/ADAPTER_DE05_20221029.12.90-144-3.boundary_1.tp.nc<
                No such file or directory
ncatted: ERROR file /p/scratch/cesmtst/patakchiyousefi1/FORECASTLEAD_CESMTST_SCRATCH/HRES_POST/ADAPTER_DE05_20221029.12.90-144-3.boundary_1.nc not found. It does not exist on the local filesystem, nor does it match remote filename patterns (e.g., http://foo or foo.bar.edu:file).
ncatted: HINT file-not-found errors usually arise from filename typos, incorrect paths, missing files, or capricious gods. Please verify spelling and location of requested file. If the file resides on a High Performance Storage System (HPSS) accessible via the 'hsi' command, then add the --hpss option and re-try command.
rm: cannot remove '/p/scratch/cesmtst/patakchiyousefi1/FORECASTLEAD_CESMTST_SCRATCH/HRES_DUMP4/ADAPTER_DE05_20221029.13.90-144-3.boundary_1.tp.nc': No such file or directory
ls: cannot access '/p/scratch/cesmtst/patakchiyousefi1/FORECASTLEAD_CESMTST_SCRATCH/HRES_DUMP3/*day*06*2022110411*': No such file or directory
ls: cannot access '/p/scratch/cesmtst/patakchiyousefi1/FORECASTLEAD_CESMTST_SCRATCH/HRES_DUMP3/*day*07*2022110417*': No such file or directory
ls: cannot access '/p/scratch/cesmtst/patakchiyousefi1/FORECASTLEAD_CESMTST_SCRATCH/HRES_DUMP3/*day*07*2022110423*': No such file or directory
ls: cannot access '/p/scratch/cesmtst/patakchiyousefi1/FORECASTLEAD_CESMTST_SCRATCH/HRES_DUMP3/*day*07*2022110505*': No such file or directory
ls: cannot access '/p/scratch/cesmtst/patakchiyousefi1/FORECASTLEAD_CESMTST_SCRATCH/HRES_DUMP3/*day*07*2022110511*': No such file or directory
ls: cannot access '/p/scratch/cesmtst/patakchiyousefi1/FORECASTLEAD_CESMTST_SCRATCH/HRES_DUMP3/*day*08*2022110517*': No such file or directory
ls: cannot access '/p/scratch/cesmtst/patakchiyousefi1/FORECASTLEAD_CESMTST_SCRATCH/HRES_DUMP3/*day*08*2022110523*': No such file or directory
ls: cannot access '/p/scratch/cesmtst/patakchiyousefi1/FORECASTLEAD_CESMTST_SCRATCH/HRES_DUMP3/*day*08*2022110605*': No such file or directory
ls: cannot access '/p/scratch/cesmtst/patakchiyousefi1/FORECASTLEAD_CESMTST_SCRATCH/HRES_DUMP3/*day*08*2022110611*': No such file or directory
ls: cannot access '/p/scratch/cesmtst/patakchiyousefi1/FORECASTLEAD_CESMTST_SCRATCH/HRES_DUMP3/*day*09*2022110617*': No such file or directory
ls: cannot access '/p/scratch/cesmtst/patakchiyousefi1/FORECASTLEAD_CESMTST_SCRATCH/HRES_DUMP3/*day*09*2022110623*': No such file or directory
ls: cannot access '/p/scratch/cesmtst/patakchiyousefi1/FORECASTLEAD_CESMTST_SCRATCH/HRES_DUMP3/*day*09*2022110705*': No such file or directory
ls: cannot access '/p/scratch/cesmtst/patakchiyousefi1/FORECASTLEAD_CESMTST_SCRATCH/HRES_DUMP3/*day*09*2022110711*': No such file or directory
ls: cannot access '/p/scratch/cesmtst/patakchiyousefi1/FORECASTLEAD_CESMTST_SCRATCH/HRES_DUMP3/*day*10*2022110717*': No such file or directory
ls: cannot access '/p/scratch/cesmtst/patakchiyousefi1/FORECASTLEAD_CESMTST_SCRATCH/HRES_DUMP3/*day*10*2022110723*': No such file or directory
ls: cannot access '/p/scratch/cesmtst/patakchiyousefi1/FORECASTLEAD_CESMTST_SCRATCH/HRES_DUMP3/*day*10*2022110805*': No such file or directory
ls: cannot access '/p/scratch/cesmtst/patakchiyousefi1/FORECASTLEAD_CESMTST_SCRATCH/HRES_DUMP3/*day*10*2022110811*': No such file or directory

cdo (Abort): Input streams missing!
cdo(1) copy: Open failed on >/p/scratch/cesmtst/patakchiyousefi1/FORECASTLEAD_CESMTST_SCRATCH/HRES_DUMP5/ADAPTER_DE05_20221029.12.90-144-3.boundary_1.tp.nc<
             No such file or directory
terminate called without an active exception
/p/project/cesmtst/patakchiyousefi1/CODES-MS3/FORECASTLEAD/HRES_POST2.sh: line 132: 29197 Aborted                 cdo -O -b F64 --no_history -seltimestep,19 -copy $merged_output33 $merged_output222
cdo(1) mergetime: Open failed on >/p/scratch/cesmtst/patakchiyousefi1/FORECASTLEAD_CESMTST_SCRATCH/HRES_DUMP4/ADAPTER_DE05_20221029.12.144-240-prev.nc<
                  No such file or directory
terminate called without an active exception
/p/project/cesmtst/patakchiyousefi1/CODES-MS3/FORECASTLEAD/HRES_POST2.sh: line 132: 29199 Aborted                 cdo -O -b F64 --no_history -timcumsum -mergetime $merged_output222 $merged_output111 $merged_output333
cdo    replace: Open failed on >/p/scratch/cesmtst/patakchiyousefi1/FORECASTLEAD_CESMTST_SCRATCH/HRES_DUMP5/ADAPTER_DE05_20221029.12.144-240-6.boundary_1.tp.nc<
                No such file or directory
ncatted: ERROR file /p/scratch/cesmtst/patakchiyousefi1/FORECASTLEAD_CESMTST_SCRATCH/HRES_POST/ADAPTER_DE05_20221029.12.144-240-6.boundary_1.nc not found. It does not exist on the local filesystem, nor does it match remote filename patterns (e.g., http://foo or foo.bar.edu:file).
ncatted: HINT file-not-found errors usually arise from filename typos, incorrect paths, missing files, or capricious gods. Please verify spelling and location of requested file. If the file resides on a High Performance Storage System (HPSS) accessible via the 'hsi' command, then add the --hpss option and re-try command.
rm: cannot remove '/p/scratch/cesmtst/patakchiyousefi1/FORECASTLEAD_CESMTST_SCRATCH/HRES_DUMP4/ADAPTER_DE05_20221029.13.144-240-6.boundary_1.tp.nc': No such file or directory
rm: cannot remove '/p/scratch/cesmtst/patakchiyousefi1/FORECASTLEAD_CESMTST_SCRATCH/HRES_DUMP4/ADAPTER_DE05_20221029.12.144-240-prev.nc': No such file or directory
ls: cannot access '/p/scratch/cesmtst/patakchiyousefi1/FORECASTLEAD_CESMTST_SCRATCH/HRES_DUMP3/*day*04*2022110308*': No such file or directory
ls: cannot access '/p/scratch/cesmtst/patakchiyousefi1/FORECASTLEAD_CESMTST_SCRATCH/HRES_DUMP3/*day*04*2022110311*': No such file or directory
ls: cannot access '/p/scratch/cesmtst/patakchiyousefi1/FORECASTLEAD_CESMTST_SCRATCH/HRES_DUMP3/*day*05*2022110314*': No such file or directory
ls: cannot access '/p/scratch/cesmtst/patakchiyousefi1/FORECASTLEAD_CESMTST_SCRATCH/HRES_DUMP3/*day*05*2022110317*': No such file or directory
ls: cannot access '/p/scratch/cesmtst/patakchiyousefi1/FORECASTLEAD_CESMTST_SCRATCH/HRES_DUMP3/*day*05*2022110320*': No such file or directory
ls: cannot access '/p/scratch/cesmtst/patakchiyousefi1/FORECASTLEAD_CESMTST_SCRATCH/HRES_DUMP3/*day*05*2022110323*': No such file or directory
ls: cannot access '/p/scratch/cesmtst/patakchiyousefi1/FORECASTLEAD_CESMTST_SCRATCH/HRES_DUMP3/*day*05*2022110402*': No such file or directory
ls: cannot access '/p/scratch/cesmtst/patakchiyousefi1/FORECASTLEAD_CESMTST_SCRATCH/HRES_DUMP3/*day*05*2022110405*': No such file or directory
ls: cannot access '/p/scratch/cesmtst/patakchiyousefi1/FORECASTLEAD_CESMTST_SCRATCH/HRES_DUMP3/*day*05*2022110408*': No such file or directory
ls: cannot access '/p/scratch/cesmtst/patakchiyousefi1/FORECASTLEAD_CESMTST_SCRATCH/HRES_DUMP3/*day*05*2022110411*': No such file or directory
ls: cannot access '/p/scratch/cesmtst/patakchiyousefi1/FORECASTLEAD_CESMTST_SCRATCH/HRES_DUMP3/*day*06*2022110414*': No such file or directory
ls: cannot access '/p/scratch/cesmtst/patakchiyousefi1/FORECASTLEAD_CESMTST_SCRATCH/HRES_DUMP3/*day*06*2022110417*': No such file or directory
ls: cannot access '/p/scratch/cesmtst/patakchiyousefi1/FORECASTLEAD_CESMTST_SCRATCH/HRES_DUMP3/*day*06*2022110420*': No such file or directory
ls: cannot access '/p/scratch/cesmtst/patakchiyousefi1/FORECASTLEAD_CESMTST_SCRATCH/HRES_DUMP3/*day*06*2022110423*': No such file or directory
ls: cannot access '/p/scratch/cesmtst/patakchiyousefi1/FORECASTLEAD_CESMTST_SCRATCH/HRES_DUMP3/*day*06*2022110502*': No such file or directory
ls: cannot access '/p/scratch/cesmtst/patakchiyousefi1/FORECASTLEAD_CESMTST_SCRATCH/HRES_DUMP3/*day*06*2022110505*': No such file or directory
ls: cannot access '/p/scratch/cesmtst/patakchiyousefi1/FORECASTLEAD_CESMTST_SCRATCH/HRES_DUMP3/*day*06*2022110508*': No such file or directory
ls: cannot access '/p/scratch/cesmtst/patakchiyousefi1/FORECASTLEAD_CESMTST_SCRATCH/HRES_DUMP3/*day*06*2022110511*': No such file or directory
cdo    seltimestep (Warning): Timesteps 2-19 not found!

cdo    seltimestep (Abort): No timesteps selected!
cdo(1) mergetime: Open failed on >/p/scratch/cesmtst/patakchiyousefi1/FORECASTLEAD_CESMTST_SCRATCH/HRES_DUMP4/ADAPTER_DE05_20221030.13.90-144-3.boundary_1.tp.nc<
                  No such file or directory
terminate called without an active exception
/p/project/cesmtst/patakchiyousefi1/CODES-MS3/FORECASTLEAD/HRES_POST2.sh: line 132: 30308 Aborted                 cdo -O -b F64 --no_history -timcumsum -mergetime $merged_output22 $merged_output11 $merged_output33
cdo    replace: Open failed on >/p/scratch/cesmtst/patakchiyousefi1/FORECASTLEAD_CESMTST_SCRATCH/HRES_DUMP5/ADAPTER_DE05_20221030.12.90-144-3.boundary_1.tp.nc<
                No such file or directory
ncatted: ERROR file /p/scratch/cesmtst/patakchiyousefi1/FORECASTLEAD_CESMTST_SCRATCH/HRES_POST/ADAPTER_DE05_20221030.12.90-144-3.boundary_1.nc not found. It does not exist on the local filesystem, nor does it match remote filename patterns (e.g., http://foo or foo.bar.edu:file).
ncatted: HINT file-not-found errors usually arise from filename typos, incorrect paths, missing files, or capricious gods. Please verify spelling and location of requested file. If the file resides on a High Performance Storage System (HPSS) accessible via the 'hsi' command, then add the --hpss option and re-try command.
rm: cannot remove '/p/scratch/cesmtst/patakchiyousefi1/FORECASTLEAD_CESMTST_SCRATCH/HRES_DUMP4/ADAPTER_DE05_20221030.13.90-144-3.boundary_1.tp.nc': No such file or directory
ls: cannot access '/p/scratch/cesmtst/patakchiyousefi1/FORECASTLEAD_CESMTST_SCRATCH/HRES_DUMP3/*day*06*2022110511*': No such file or directory
ls: cannot access '/p/scratch/cesmtst/patakchiyousefi1/FORECASTLEAD_CESMTST_SCRATCH/HRES_DUMP3/*day*07*2022110517*': No such file or directory
ls: cannot access '/p/scratch/cesmtst/patakchiyousefi1/FORECASTLEAD_CESMTST_SCRATCH/HRES_DUMP3/*day*07*2022110523*': No such file or directory
ls: cannot access '/p/scratch/cesmtst/patakchiyousefi1/FORECASTLEAD_CESMTST_SCRATCH/HRES_DUMP3/*day*07*2022110605*': No such file or directory
ls: cannot access '/p/scratch/cesmtst/patakchiyousefi1/FORECASTLEAD_CESMTST_SCRATCH/HRES_DUMP3/*day*07*2022110611*': No such file or directory
ls: cannot access '/p/scratch/cesmtst/patakchiyousefi1/FORECASTLEAD_CESMTST_SCRATCH/HRES_DUMP3/*day*08*2022110617*': No such file or directory
ls: cannot access '/p/scratch/cesmtst/patakchiyousefi1/FORECASTLEAD_CESMTST_SCRATCH/HRES_DUMP3/*day*08*2022110623*': No such file or directory
ls: cannot access '/p/scratch/cesmtst/patakchiyousefi1/FORECASTLEAD_CESMTST_SCRATCH/HRES_DUMP3/*day*08*2022110705*': No such file or directory
ls: cannot access '/p/scratch/cesmtst/patakchiyousefi1/FORECASTLEAD_CESMTST_SCRATCH/HRES_DUMP3/*day*08*2022110711*': No such file or directory
ls: cannot access '/p/scratch/cesmtst/patakchiyousefi1/FORECASTLEAD_CESMTST_SCRATCH/HRES_DUMP3/*day*09*2022110717*': No such file or directory
ls: cannot access '/p/scratch/cesmtst/patakchiyousefi1/FORECASTLEAD_CESMTST_SCRATCH/HRES_DUMP3/*day*09*2022110723*': No such file or directory
ls: cannot access '/p/scratch/cesmtst/patakchiyousefi1/FORECASTLEAD_CESMTST_SCRATCH/HRES_DUMP3/*day*09*2022110805*': No such file or directory
ls: cannot access '/p/scratch/cesmtst/patakchiyousefi1/FORECASTLEAD_CESMTST_SCRATCH/HRES_DUMP3/*day*09*2022110811*': No such file or directory
ls: cannot access '/p/scratch/cesmtst/patakchiyousefi1/FORECASTLEAD_CESMTST_SCRATCH/HRES_DUMP3/*day*10*2022110817*': No such file or directory
ls: cannot access '/p/scratch/cesmtst/patakchiyousefi1/FORECASTLEAD_CESMTST_SCRATCH/HRES_DUMP3/*day*10*2022110823*': No such file or directory
ls: cannot access '/p/scratch/cesmtst/patakchiyousefi1/FORECASTLEAD_CESMTST_SCRATCH/HRES_DUMP3/*day*10*2022110905*': No such file or directory
ls: cannot access '/p/scratch/cesmtst/patakchiyousefi1/FORECASTLEAD_CESMTST_SCRATCH/HRES_DUMP3/*day*10*2022110911*': No such file or directory

cdo (Abort): Input streams missing!
cdo(1) copy: Open failed on >/p/scratch/cesmtst/patakchiyousefi1/FORECASTLEAD_CESMTST_SCRATCH/HRES_DUMP5/ADAPTER_DE05_20221030.12.90-144-3.boundary_1.tp.nc<
             No such file or directory
terminate called without an active exception
/p/project/cesmtst/patakchiyousefi1/CODES-MS3/FORECASTLEAD/HRES_POST2.sh: line 132: 30487 Aborted                 cdo -O -b F64 --no_history -seltimestep,19 -copy $merged_output33 $merged_output222
cdo(1) mergetime: Open failed on >/p/scratch/cesmtst/patakchiyousefi1/FORECASTLEAD_CESMTST_SCRATCH/HRES_DUMP4/ADAPTER_DE05_20221030.12.144-240-prev.nc<
                  No such file or directory
terminate called without an active exception
/p/project/cesmtst/patakchiyousefi1/CODES-MS3/FORECASTLEAD/HRES_POST2.sh: line 132: 30489 Aborted                 cdo -O -b F64 --no_history -timcumsum -mergetime $merged_output222 $merged_output111 $merged_output333
cdo    replace: Open failed on >/p/scratch/cesmtst/patakchiyousefi1/FORECASTLEAD_CESMTST_SCRATCH/HRES_DUMP5/ADAPTER_DE05_20221030.12.144-240-6.boundary_1.tp.nc<
                No such file or directory
ncatted: ERROR file /p/scratch/cesmtst/patakchiyousefi1/FORECASTLEAD_CESMTST_SCRATCH/HRES_POST/ADAPTER_DE05_20221030.12.144-240-6.boundary_1.nc not found. It does not exist on the local filesystem, nor does it match remote filename patterns (e.g., http://foo or foo.bar.edu:file).
ncatted: HINT file-not-found errors usually arise from filename typos, incorrect paths, missing files, or capricious gods. Please verify spelling and location of requested file. If the file resides on a High Performance Storage System (HPSS) accessible via the 'hsi' command, then add the --hpss option and re-try command.
rm: cannot remove '/p/scratch/cesmtst/patakchiyousefi1/FORECASTLEAD_CESMTST_SCRATCH/HRES_DUMP4/ADAPTER_DE05_20221030.13.144-240-6.boundary_1.tp.nc': No such file or directory
rm: cannot remove '/p/scratch/cesmtst/patakchiyousefi1/FORECASTLEAD_CESMTST_SCRATCH/HRES_DUMP4/ADAPTER_DE05_20221030.12.144-240-prev.nc': No such file or directory
ls: cannot access '/p/scratch/cesmtst/patakchiyousefi1/FORECASTLEAD_CESMTST_SCRATCH/HRES_DUMP3/*day*04*2022110408*': No such file or directory
ls: cannot access '/p/scratch/cesmtst/patakchiyousefi1/FORECASTLEAD_CESMTST_SCRATCH/HRES_DUMP3/*day*04*2022110411*': No such file or directory
ls: cannot access '/p/scratch/cesmtst/patakchiyousefi1/FORECASTLEAD_CESMTST_SCRATCH/HRES_DUMP3/*day*05*2022110414*': No such file or directory
ls: cannot access '/p/scratch/cesmtst/patakchiyousefi1/FORECASTLEAD_CESMTST_SCRATCH/HRES_DUMP3/*day*05*2022110417*': No such file or directory
ls: cannot access '/p/scratch/cesmtst/patakchiyousefi1/FORECASTLEAD_CESMTST_SCRATCH/HRES_DUMP3/*day*05*2022110420*': No such file or directory
ls: cannot access '/p/scratch/cesmtst/patakchiyousefi1/FORECASTLEAD_CESMTST_SCRATCH/HRES_DUMP3/*day*05*2022110423*': No such file or directory
ls: cannot access '/p/scratch/cesmtst/patakchiyousefi1/FORECASTLEAD_CESMTST_SCRATCH/HRES_DUMP3/*day*05*2022110502*': No such file or directory
ls: cannot access '/p/scratch/cesmtst/patakchiyousefi1/FORECASTLEAD_CESMTST_SCRATCH/HRES_DUMP3/*day*05*2022110505*': No such file or directory
ls: cannot access '/p/scratch/cesmtst/patakchiyousefi1/FORECASTLEAD_CESMTST_SCRATCH/HRES_DUMP3/*day*05*2022110508*': No such file or directory
ls: cannot access '/p/scratch/cesmtst/patakchiyousefi1/FORECASTLEAD_CESMTST_SCRATCH/HRES_DUMP3/*day*05*2022110511*': No such file or directory
ls: cannot access '/p/scratch/cesmtst/patakchiyousefi1/FORECASTLEAD_CESMTST_SCRATCH/HRES_DUMP3/*day*06*2022110514*': No such file or directory
ls: cannot access '/p/scratch/cesmtst/patakchiyousefi1/FORECASTLEAD_CESMTST_SCRATCH/HRES_DUMP3/*day*06*2022110517*': No such file or directory
ls: cannot access '/p/scratch/cesmtst/patakchiyousefi1/FORECASTLEAD_CESMTST_SCRATCH/HRES_DUMP3/*day*06*2022110520*': No such file or directory
ls: cannot access '/p/scratch/cesmtst/patakchiyousefi1/FORECASTLEAD_CESMTST_SCRATCH/HRES_DUMP3/*day*06*2022110523*': No such file or directory
ls: cannot access '/p/scratch/cesmtst/patakchiyousefi1/FORECASTLEAD_CESMTST_SCRATCH/HRES_DUMP3/*day*06*2022110602*': No such file or directory
ls: cannot access '/p/scratch/cesmtst/patakchiyousefi1/FORECASTLEAD_CESMTST_SCRATCH/HRES_DUMP3/*day*06*2022110605*': No such file or directory
ls: cannot access '/p/scratch/cesmtst/patakchiyousefi1/FORECASTLEAD_CESMTST_SCRATCH/HRES_DUMP3/*day*06*2022110608*': No such file or directory
ls: cannot access '/p/scratch/cesmtst/patakchiyousefi1/FORECASTLEAD_CESMTST_SCRATCH/HRES_DUMP3/*day*06*2022110611*': No such file or directory
cdo    seltimestep (Warning): Timesteps 2-19 not found!

cdo    seltimestep (Abort): No timesteps selected!
cdo(1) mergetime: Open failed on >/p/scratch/cesmtst/patakchiyousefi1/FORECASTLEAD_CESMTST_SCRATCH/HRES_DUMP4/ADAPTER_DE05_20221031.13.90-144-3.boundary_1.tp.nc<
                  No such file or directory
terminate called without an active exception
/p/project/cesmtst/patakchiyousefi1/CODES-MS3/FORECASTLEAD/HRES_POST2.sh: line 132: 31587 Aborted                 cdo -O -b F64 --no_history -timcumsum -mergetime $merged_output22 $merged_output11 $merged_output33
cdo    replace: Open failed on >/p/scratch/cesmtst/patakchiyousefi1/FORECASTLEAD_CESMTST_SCRATCH/HRES_DUMP5/ADAPTER_DE05_20221031.12.90-144-3.boundary_1.tp.nc<
                No such file or directory
ncatted: ERROR file /p/scratch/cesmtst/patakchiyousefi1/FORECASTLEAD_CESMTST_SCRATCH/HRES_POST/ADAPTER_DE05_20221031.12.90-144-3.boundary_1.nc not found. It does not exist on the local filesystem, nor does it match remote filename patterns (e.g., http://foo or foo.bar.edu:file).
ncatted: HINT file-not-found errors usually arise from filename typos, incorrect paths, missing files, or capricious gods. Please verify spelling and location of requested file. If the file resides on a High Performance Storage System (HPSS) accessible via the 'hsi' command, then add the --hpss option and re-try command.
rm: cannot remove '/p/scratch/cesmtst/patakchiyousefi1/FORECASTLEAD_CESMTST_SCRATCH/HRES_DUMP4/ADAPTER_DE05_20221031.13.90-144-3.boundary_1.tp.nc': No such file or directory
ls: cannot access '/p/scratch/cesmtst/patakchiyousefi1/FORECASTLEAD_CESMTST_SCRATCH/HRES_DUMP3/*day*06*2022110611*': No such file or directory
ls: cannot access '/p/scratch/cesmtst/patakchiyousefi1/FORECASTLEAD_CESMTST_SCRATCH/HRES_DUMP3/*day*07*2022110617*': No such file or directory
ls: cannot access '/p/scratch/cesmtst/patakchiyousefi1/FORECASTLEAD_CESMTST_SCRATCH/HRES_DUMP3/*day*07*2022110623*': No such file or directory
ls: cannot access '/p/scratch/cesmtst/patakchiyousefi1/FORECASTLEAD_CESMTST_SCRATCH/HRES_DUMP3/*day*07*2022110705*': No such file or directory
ls: cannot access '/p/scratch/cesmtst/patakchiyousefi1/FORECASTLEAD_CESMTST_SCRATCH/HRES_DUMP3/*day*07*2022110711*': No such file or directory
ls: cannot access '/p/scratch/cesmtst/patakchiyousefi1/FORECASTLEAD_CESMTST_SCRATCH/HRES_DUMP3/*day*08*2022110717*': No such file or directory
ls: cannot access '/p/scratch/cesmtst/patakchiyousefi1/FORECASTLEAD_CESMTST_SCRATCH/HRES_DUMP3/*day*08*2022110723*': No such file or directory
ls: cannot access '/p/scratch/cesmtst/patakchiyousefi1/FORECASTLEAD_CESMTST_SCRATCH/HRES_DUMP3/*day*08*2022110805*': No such file or directory
ls: cannot access '/p/scratch/cesmtst/patakchiyousefi1/FORECASTLEAD_CESMTST_SCRATCH/HRES_DUMP3/*day*08*2022110811*': No such file or directory
ls: cannot access '/p/scratch/cesmtst/patakchiyousefi1/FORECASTLEAD_CESMTST_SCRATCH/HRES_DUMP3/*day*09*2022110817*': No such file or directory
ls: cannot access '/p/scratch/cesmtst/patakchiyousefi1/FORECASTLEAD_CESMTST_SCRATCH/HRES_DUMP3/*day*09*2022110823*': No such file or directory
ls: cannot access '/p/scratch/cesmtst/patakchiyousefi1/FORECASTLEAD_CESMTST_SCRATCH/HRES_DUMP3/*day*09*2022110905*': No such file or directory
ls: cannot access '/p/scratch/cesmtst/patakchiyousefi1/FORECASTLEAD_CESMTST_SCRATCH/HRES_DUMP3/*day*09*2022110911*': No such file or directory
ls: cannot access '/p/scratch/cesmtst/patakchiyousefi1/FORECASTLEAD_CESMTST_SCRATCH/HRES_DUMP3/*day*10*2022110917*': No such file or directory
ls: cannot access '/p/scratch/cesmtst/patakchiyousefi1/FORECASTLEAD_CESMTST_SCRATCH/HRES_DUMP3/*day*10*2022110923*': No such file or directory
ls: cannot access '/p/scratch/cesmtst/patakchiyousefi1/FORECASTLEAD_CESMTST_SCRATCH/HRES_DUMP3/*day*10*2022111005*': No such file or directory
ls: cannot access '/p/scratch/cesmtst/patakchiyousefi1/FORECASTLEAD_CESMTST_SCRATCH/HRES_DUMP3/*day*10*2022111011*': No such file or directory

cdo (Abort): Input streams missing!
cdo(1) copy: Open failed on >/p/scratch/cesmtst/patakchiyousefi1/FORECASTLEAD_CESMTST_SCRATCH/HRES_DUMP5/ADAPTER_DE05_20221031.12.90-144-3.boundary_1.tp.nc<
             No such file or directory
terminate called without an active exception
/p/project/cesmtst/patakchiyousefi1/CODES-MS3/FORECASTLEAD/HRES_POST2.sh: line 132: 31765 Aborted                 cdo -O -b F64 --no_history -seltimestep,19 -copy $merged_output33 $merged_output222
cdo(1) mergetime: Open failed on >/p/scratch/cesmtst/patakchiyousefi1/FORECASTLEAD_CESMTST_SCRATCH/HRES_DUMP4/ADAPTER_DE05_20221031.12.144-240-prev.nc<
                  No such file or directory
terminate called without an active exception
/p/project/cesmtst/patakchiyousefi1/CODES-MS3/FORECASTLEAD/HRES_POST2.sh: line 132: 31767 Aborted                 cdo -O -b F64 --no_history -timcumsum -mergetime $merged_output222 $merged_output111 $merged_output333
cdo    replace: Open failed on >/p/scratch/cesmtst/patakchiyousefi1/FORECASTLEAD_CESMTST_SCRATCH/HRES_DUMP5/ADAPTER_DE05_20221031.12.144-240-6.boundary_1.tp.nc<
                No such file or directory
ncatted: ERROR file /p/scratch/cesmtst/patakchiyousefi1/FORECASTLEAD_CESMTST_SCRATCH/HRES_POST/ADAPTER_DE05_20221031.12.144-240-6.boundary_1.nc not found. It does not exist on the local filesystem, nor does it match remote filename patterns (e.g., http://foo or foo.bar.edu:file).
ncatted: HINT file-not-found errors usually arise from filename typos, incorrect paths, missing files, or capricious gods. Please verify spelling and location of requested file. If the file resides on a High Performance Storage System (HPSS) accessible via the 'hsi' command, then add the --hpss option and re-try command.
rm: cannot remove '/p/scratch/cesmtst/patakchiyousefi1/FORECASTLEAD_CESMTST_SCRATCH/HRES_DUMP4/ADAPTER_DE05_20221031.13.144-240-6.boundary_1.tp.nc': No such file or directory
rm: cannot remove '/p/scratch/cesmtst/patakchiyousefi1/FORECASTLEAD_CESMTST_SCRATCH/HRES_DUMP4/ADAPTER_DE05_20221031.12.144-240-prev.nc': No such file or directory
ls: cannot access '/p/scratch/cesmtst/patakchiyousefi1/FORECASTLEAD_CESMTST_SCRATCH/HRES_DUMP3/*day*04*2022110508*': No such file or directory
ls: cannot access '/p/scratch/cesmtst/patakchiyousefi1/FORECASTLEAD_CESMTST_SCRATCH/HRES_DUMP3/*day*04*2022110511*': No such file or directory
ls: cannot access '/p/scratch/cesmtst/patakchiyousefi1/FORECASTLEAD_CESMTST_SCRATCH/HRES_DUMP3/*day*05*2022110514*': No such file or directory
ls: cannot access '/p/scratch/cesmtst/patakchiyousefi1/FORECASTLEAD_CESMTST_SCRATCH/HRES_DUMP3/*day*05*2022110517*': No such file or directory
ls: cannot access '/p/scratch/cesmtst/patakchiyousefi1/FORECASTLEAD_CESMTST_SCRATCH/HRES_DUMP3/*day*05*2022110520*': No such file or directory
ls: cannot access '/p/scratch/cesmtst/patakchiyousefi1/FORECASTLEAD_CESMTST_SCRATCH/HRES_DUMP3/*day*05*2022110523*': No such file or directory
ls: cannot access '/p/scratch/cesmtst/patakchiyousefi1/FORECASTLEAD_CESMTST_SCRATCH/HRES_DUMP3/*day*05*2022110602*': No such file or directory
ls: cannot access '/p/scratch/cesmtst/patakchiyousefi1/FORECASTLEAD_CESMTST_SCRATCH/HRES_DUMP3/*day*05*2022110605*': No such file or directory
ls: cannot access '/p/scratch/cesmtst/patakchiyousefi1/FORECASTLEAD_CESMTST_SCRATCH/HRES_DUMP3/*day*05*2022110608*': No such file or directory
ls: cannot access '/p/scratch/cesmtst/patakchiyousefi1/FORECASTLEAD_CESMTST_SCRATCH/HRES_DUMP3/*day*05*2022110611*': No such file or directory
ls: cannot access '/p/scratch/cesmtst/patakchiyousefi1/FORECASTLEAD_CESMTST_SCRATCH/HRES_DUMP3/*day*06*2022110614*': No such file or directory
ls: cannot access '/p/scratch/cesmtst/patakchiyousefi1/FORECASTLEAD_CESMTST_SCRATCH/HRES_DUMP3/*day*06*2022110617*': No such file or directory
ls: cannot access '/p/scratch/cesmtst/patakchiyousefi1/FORECASTLEAD_CESMTST_SCRATCH/HRES_DUMP3/*day*06*2022110620*': No such file or directory
ls: cannot access '/p/scratch/cesmtst/patakchiyousefi1/FORECASTLEAD_CESMTST_SCRATCH/HRES_DUMP3/*day*06*2022110623*': No such file or directory
ls: cannot access '/p/scratch/cesmtst/patakchiyousefi1/FORECASTLEAD_CESMTST_SCRATCH/HRES_DUMP3/*day*06*2022110702*': No such file or directory
ls: cannot access '/p/scratch/cesmtst/patakchiyousefi1/FORECASTLEAD_CESMTST_SCRATCH/HRES_DUMP3/*day*06*2022110705*': No such file or directory
ls: cannot access '/p/scratch/cesmtst/patakchiyousefi1/FORECASTLEAD_CESMTST_SCRATCH/HRES_DUMP3/*day*06*2022110708*': No such file or directory
ls: cannot access '/p/scratch/cesmtst/patakchiyousefi1/FORECASTLEAD_CESMTST_SCRATCH/HRES_DUMP3/*day*06*2022110711*': No such file or directory
cdo    seltimestep (Warning): Timesteps 2-19 not found!

cdo    seltimestep (Abort): No timesteps selected!
cdo(1) mergetime: Open failed on >/p/scratch/cesmtst/patakchiyousefi1/FORECASTLEAD_CESMTST_SCRATCH/HRES_DUMP4/ADAPTER_DE05_20221101.13.90-144-3.boundary_1.tp.nc<
                  No such file or directory
terminate called without an active exception
/p/project/cesmtst/patakchiyousefi1/CODES-MS3/FORECASTLEAD/HRES_POST2.sh: line 132:   687 Aborted                 cdo -O -b F64 --no_history -timcumsum -mergetime $merged_output22 $merged_output11 $merged_output33
rm: cannot remove '/p/scratch/cesmtst/patakchiyousefi1/FORECASTLEAD_CESMTST_SCRATCH/HRES_DUMP4/ADAPTER_DE05_20221101.13.90-144-3.boundary_1.tp.nc': No such file or directory
ls: cannot access '/p/scratch/cesmtst/patakchiyousefi1/FORECASTLEAD_CESMTST_SCRATCH/HRES_DUMP3/*day*06*2022110711*': No such file or directory
ls: cannot access '/p/scratch/cesmtst/patakchiyousefi1/FORECASTLEAD_CESMTST_SCRATCH/HRES_DUMP3/*day*07*2022110717*': No such file or directory
ls: cannot access '/p/scratch/cesmtst/patakchiyousefi1/FORECASTLEAD_CESMTST_SCRATCH/HRES_DUMP3/*day*07*2022110723*': No such file or directory
ls: cannot access '/p/scratch/cesmtst/patakchiyousefi1/FORECASTLEAD_CESMTST_SCRATCH/HRES_DUMP3/*day*07*2022110805*': No such file or directory
ls: cannot access '/p/scratch/cesmtst/patakchiyousefi1/FORECASTLEAD_CESMTST_SCRATCH/HRES_DUMP3/*day*07*2022110811*': No such file or directory
ls: cannot access '/p/scratch/cesmtst/patakchiyousefi1/FORECASTLEAD_CESMTST_SCRATCH/HRES_DUMP3/*day*08*2022110817*': No such file or directory
ls: cannot access '/p/scratch/cesmtst/patakchiyousefi1/FORECASTLEAD_CESMTST_SCRATCH/HRES_DUMP3/*day*08*2022110823*': No such file or directory
ls: cannot access '/p/scratch/cesmtst/patakchiyousefi1/FORECASTLEAD_CESMTST_SCRATCH/HRES_DUMP3/*day*08*2022110905*': No such file or directory
ls: cannot access '/p/scratch/cesmtst/patakchiyousefi1/FORECASTLEAD_CESMTST_SCRATCH/HRES_DUMP3/*day*08*2022110911*': No such file or directory
ls: cannot access '/p/scratch/cesmtst/patakchiyousefi1/FORECASTLEAD_CESMTST_SCRATCH/HRES_DUMP3/*day*09*2022110917*': No such file or directory
ls: cannot access '/p/scratch/cesmtst/patakchiyousefi1/FORECASTLEAD_CESMTST_SCRATCH/HRES_DUMP3/*day*09*2022110923*': No such file or directory
ls: cannot access '/p/scratch/cesmtst/patakchiyousefi1/FORECASTLEAD_CESMTST_SCRATCH/HRES_DUMP3/*day*09*2022111005*': No such file or directory
ls: cannot access '/p/scratch/cesmtst/patakchiyousefi1/FORECASTLEAD_CESMTST_SCRATCH/HRES_DUMP3/*day*09*2022111011*': No such file or directory
ls: cannot access '/p/scratch/cesmtst/patakchiyousefi1/FORECASTLEAD_CESMTST_SCRATCH/HRES_DUMP3/*day*10*2022111017*': No such file or directory
ls: cannot access '/p/scratch/cesmtst/patakchiyousefi1/FORECASTLEAD_CESMTST_SCRATCH/HRES_DUMP3/*day*10*2022111023*': No such file or directory
ls: cannot access '/p/scratch/cesmtst/patakchiyousefi1/FORECASTLEAD_CESMTST_SCRATCH/HRES_DUMP3/*day*10*2022111105*': No such file or directory
ls: cannot access '/p/scratch/cesmtst/patakchiyousefi1/FORECASTLEAD_CESMTST_SCRATCH/HRES_DUMP3/*day*10*2022111111*': No such file or directory

cdo (Abort): Input streams missing!
cdo(1) mergetime: Open failed on >/p/scratch/cesmtst/patakchiyousefi1/FORECASTLEAD_CESMTST_SCRATCH/HRES_DUMP4/ADAPTER_DE05_20221101.13.144-240-6.boundary_1.tp.nc<
                  No such file or directory
terminate called without an active exception
/p/project/cesmtst/patakchiyousefi1/CODES-MS3/FORECASTLEAD/HRES_POST2.sh: line 132:   891 Aborted                 cdo -O -b F64 --no_history -timcumsum -mergetime $merged_output222 $merged_output111 $merged_output333
rm: cannot remove '/p/scratch/cesmtst/patakchiyousefi1/FORECASTLEAD_CESMTST_SCRATCH/HRES_DUMP4/ADAPTER_DE05_20221101.13.144-240-6.boundary_1.tp.nc': No such file or directory
