All necessary directories have been created or already exist.
Step 4) Create datasets for each YYYYMMDD and temporal resolution (hourly, three-hourly, and six-hourly)
Number of files to process with CDO: 90
cdo(1) divc: Process started
cdo(2) setattribute: Process started
cdo(3) chname: Process started
cdo(4) mergetime: Process started
cdo(4) mergetime: Processed 2205000 values from 90 variables over 90 timesteps.
cdo(3) chname: Processed 2205000 values from 1 variable over 90 timesteps.
cdo(2) setattribute: Processed 2205000 values from 1 variable over 90 timesteps.
cdo(1) divc: Processed 2205000 values from 1 variable over 90 timesteps.
cdo    timcumsum: Processed 2205000 values from 1 variable over 90 timesteps [1.74s 73MB].
cdo(1) seltimestep: Process started
cdo(2) shifttime: Process started
cdo(3) copy: Process started
cdo(3) copy: Processed 2205000 values from 1 variable over 90 timesteps.
cdo(2) shifttime: Processed 2205000 values from 1 variable over 90 timesteps.
cdo(1) seltimestep: Processed 24500 values from 1 variable over 2 timesteps.
cdo    mulc: Processed 24500 values from 1 variable over 1 timestep [0.06s 30MB].
cdo    mergetime: Processed 2229500 values from 2 variables over 91 timesteps [0.07s 31MB].
cdo    replace: Processed 20065500 values from 10 variables over 182 timesteps [0.48s 97MB].
0-90 is done
Number of files to process with CDO: 19
cdo(1) divc: Process started
cdo(2) setattribute: Process started
cdo(3) chname: Process started
cdo(4) mergetime: Process started
cdo(4) mergetime: Processed 465500 values from 19 variables over 19 timesteps.
cdo(3) chname: Processed 465500 values from 1 variable over 19 timesteps.
cdo(2) setattribute: Processed 465500 values from 1 variable over 19 timesteps.
cdo(1) divc: Processed 465500 values from 1 variable over 19 timesteps.
cdo    seltimestep: Processed 441000 values from 1 variable over 19 timesteps [0.40s 30MB].
cdo(1) copy: Process started
cdo(1) copy: Processed 2229500 values from 1 variable over 91 timesteps.
cdo    seltimestep: Processed 24500 values from 1 variable over 91 timesteps [0.02s 30MB].
cdo(1) mergetime: Process started
cdo(1) mergetime: Processed 465500 values from 2 variables over 19 timesteps.
cdo    timcumsum: Processed 465500 values from 1 variable over 19 timesteps [0.02s 18MB].
cdo    replace: Processed 4189500 values from 10 variables over 38 timesteps [0.15s 28MB].
90-144 is done
Number of files to process with CDO: 17
cdo(1) divc: Process started
cdo(2) setattribute: Process started
cdo(3) chname: Process started
cdo(4) mergetime: Process started
cdo(4) mergetime: Processed 416500 values from 17 variables over 17 timesteps.
cdo(3) chname: Processed 416500 values from 1 variable over 17 timesteps.
cdo(2) setattribute: Processed 416500 values from 1 variable over 17 timesteps.
cdo(1) divc: Processed 416500 values from 1 variable over 17 timesteps.
cdo    seltimestep: Processed 392000 values from 1 variable over 17 timesteps [0.39s 30MB].
cdo(1) copy: Process started
cdo(1) copy: Processed 465500 values from 1 variable over 19 timesteps.
cdo    seltimestep: Processed 24500 values from 1 variable over 19 timesteps [0.01s 17MB].
cdo(1) mergetime: Process started
cdo(1) mergetime: Processed 416500 values from 2 variables over 17 timesteps.
cdo    timcumsum: Processed 416500 values from 1 variable over 17 timesteps [0.02s 18MB].
cdo    replace: Processed 3748500 values from 10 variables over 34 timesteps [0.13s 26MB].
20190201 13 processed!
Number of files to process with CDO: 90
cdo(1) divc: Process started
cdo(2) setattribute: Process started
cdo(3) chname: Process started
cdo(4) mergetime: Process started
cdo(4) mergetime: Processed 2205000 values from 90 variables over 90 timesteps.
cdo(3) chname: Processed 2205000 values from 1 variable over 90 timesteps.
cdo(2) setattribute: Processed 2205000 values from 1 variable over 90 timesteps.
cdo(1) divc: Processed 2205000 values from 1 variable over 90 timesteps.
cdo    timcumsum: Processed 2205000 values from 1 variable over 90 timesteps [1.86s 73MB].
cdo(1) seltimestep: Process started
cdo(2) shifttime: Process started
cdo(3) copy: Process started
cdo(3) copy: Processed 2205000 values from 1 variable over 90 timesteps.
cdo(2) shifttime: Processed 2205000 values from 1 variable over 90 timesteps.
cdo(1) seltimestep: Processed 24500 values from 1 variable over 2 timesteps.
cdo    mulc: Processed 24500 values from 1 variable over 1 timestep [0.04s 29MB].
cdo    mergetime: Processed 2229500 values from 2 variables over 91 timesteps [0.08s 33MB].
cdo    replace: Processed 20065500 values from 10 variables over 182 timesteps [0.48s 95MB].
0-90 is done
Number of files to process with CDO: 19
cdo(1) divc: Process started
cdo(2) setattribute: Process started
cdo(3) chname: Process started
cdo(4) mergetime: Process started
cdo(4) mergetime: Processed 465500 values from 19 variables over 19 timesteps.
cdo(3) chname: Processed 465500 values from 1 variable over 19 timesteps.
cdo(2) setattribute: Processed 465500 values from 1 variable over 19 timesteps.
cdo(1) divc: Processed 465500 values from 1 variable over 19 timesteps.
cdo    seltimestep: Processed 441000 values from 1 variable over 19 timesteps [0.37s 30MB].
cdo(1) copy: Process started
cdo(1) copy: Processed 2229500 values from 1 variable over 91 timesteps.
cdo    seltimestep: Processed 24500 values from 1 variable over 91 timesteps [0.03s 30MB].
cdo(1) mergetime: Process started
cdo(1) mergetime: Processed 465500 values from 2 variables over 19 timesteps.
cdo    timcumsum: Processed 465500 values from 1 variable over 19 timesteps [0.02s 18MB].
cdo    replace: Processed 4189500 values from 10 variables over 38 timesteps [0.12s 29MB].
90-144 is done
Number of files to process with CDO: 17
cdo(1) divc: Process started
cdo(2) setattribute: Process started
cdo(3) chname: Process started
cdo(4) mergetime: Process started
cdo(4) mergetime: Processed 416500 values from 17 variables over 17 timesteps.
cdo(3) chname: Processed 416500 values from 1 variable over 17 timesteps.
cdo(2) setattribute: Processed 416500 values from 1 variable over 17 timesteps.
cdo(1) divc: Processed 416500 values from 1 variable over 17 timesteps.
cdo    seltimestep: Processed 392000 values from 1 variable over 17 timesteps [0.41s 28MB].
cdo(1) copy: Process started
cdo(1) copy: Processed 465500 values from 1 variable over 19 timesteps.
cdo    seltimestep: Processed 24500 values from 1 variable over 19 timesteps [0.01s 17MB].
cdo(1) mergetime: Process started
cdo(1) mergetime: Processed 416500 values from 2 variables over 17 timesteps.
cdo    timcumsum: Processed 416500 values from 1 variable over 17 timesteps [0.02s 17MB].
cdo    replace: Processed 3748500 values from 10 variables over 34 timesteps [0.12s 26MB].
Sat Feb 2 01:00:00 PM CET 2019 processed!
Number of files to process with CDO: 90
cdo(1) divc: Process started
cdo(2) setattribute: Process started
cdo(3) chname: Process started
cdo(4) mergetime: Process started
cdo(4) mergetime: Processed 2205000 values from 90 variables over 90 timesteps.
cdo(3) chname: Processed 2205000 values from 1 variable over 90 timesteps.
cdo(2) setattribute: Processed 2205000 values from 1 variable over 90 timesteps.
cdo(1) divc: Processed 2205000 values from 1 variable over 90 timesteps.
cdo    timcumsum: Processed 2205000 values from 1 variable over 90 timesteps [1.89s 75MB].
cdo(1) seltimestep: Process started
cdo(2) shifttime: Process started
cdo(3) copy: Process started
cdo(3) copy: Processed 2205000 values from 1 variable over 90 timesteps.
cdo(2) shifttime: Processed 2205000 values from 1 variable over 90 timesteps.
cdo(1) seltimestep: Processed 24500 values from 1 variable over 2 timesteps.
cdo    mulc: Processed 24500 values from 1 variable over 1 timestep [0.05s 30MB].
cdo    mergetime: Processed 2229500 values from 2 variables over 91 timesteps [0.07s 32MB].
cdo    replace: Processed 20065500 values from 10 variables over 182 timesteps [0.45s 97MB].
0-90 is done
Number of files to process with CDO: 19
cdo(1) divc: Process started
cdo(2) setattribute: Process started
cdo(3) chname: Process started
cdo(4) mergetime: Process started
cdo(4) mergetime: Processed 465500 values from 19 variables over 19 timesteps.
cdo(3) chname: Processed 465500 values from 1 variable over 19 timesteps.
cdo(2) setattribute: Processed 465500 values from 1 variable over 19 timesteps.
cdo(1) divc: Processed 465500 values from 1 variable over 19 timesteps.
cdo    seltimestep: Processed 441000 values from 1 variable over 19 timesteps [0.39s 32MB].
cdo(1) copy: Process started
cdo(1) copy: Processed 2229500 values from 1 variable over 91 timesteps.
cdo    seltimestep: Processed 24500 values from 1 variable over 91 timesteps [0.03s 31MB].
cdo(1) mergetime: Process started
cdo(1) mergetime: Processed 465500 values from 2 variables over 19 timesteps.
cdo    timcumsum: Processed 465500 values from 1 variable over 19 timesteps [0.02s 18MB].
cdo    replace: Processed 4189500 values from 10 variables over 38 timesteps [0.12s 27MB].
90-144 is done
Number of files to process with CDO: 17
cdo(1) divc: Process started
cdo(2) setattribute: Process started
cdo(3) chname: Process started
cdo(4) mergetime: Process started
cdo(4) mergetime: Processed 416500 values from 17 variables over 17 timesteps.
cdo(3) chname: Processed 416500 values from 1 variable over 17 timesteps.
cdo(2) setattribute: Processed 416500 values from 1 variable over 17 timesteps.
cdo(1) divc: Processed 416500 values from 1 variable over 17 timesteps.
cdo    seltimestep: Processed 392000 values from 1 variable over 17 timesteps [0.35s 29MB].
cdo(1) copy: Process started
cdo(1) copy: Processed 465500 values from 1 variable over 19 timesteps.
cdo    seltimestep: Processed 24500 values from 1 variable over 19 timesteps [0.01s 17MB].
cdo(1) mergetime: Process started
cdo(1) mergetime: Processed 416500 values from 2 variables over 17 timesteps.
cdo    timcumsum: Processed 416500 values from 1 variable over 17 timesteps [0.02s 18MB].
cdo    replace: Processed 3748500 values from 10 variables over 34 timesteps [0.12s 29MB].
Sun Feb 3 01:00:00 PM CET 2019 processed!
Number of files to process with CDO: 90
cdo(1) divc: Process started
cdo(2) setattribute: Process started
cdo(3) chname: Process started
cdo(4) mergetime: Process started
cdo(4) mergetime: Processed 2205000 values from 90 variables over 90 timesteps.
cdo(3) chname: Processed 2205000 values from 1 variable over 90 timesteps.
cdo(2) setattribute: Processed 2205000 values from 1 variable over 90 timesteps.
cdo(1) divc: Processed 2205000 values from 1 variable over 90 timesteps.
cdo    timcumsum: Processed 2205000 values from 1 variable over 90 timesteps [1.79s 73MB].
cdo(1) seltimestep: Process started
cdo(2) shifttime: Process started
cdo(3) copy: Process started
cdo(3) copy: Processed 2205000 values from 1 variable over 90 timesteps.
cdo(2) shifttime: Processed 2205000 values from 1 variable over 90 timesteps.
cdo(1) seltimestep: Processed 24500 values from 1 variable over 2 timesteps.
cdo    mulc: Processed 24500 values from 1 variable over 1 timestep [0.04s 29MB].
cdo    mergetime: Processed 2229500 values from 2 variables over 91 timesteps [0.06s 32MB].
cdo    replace: Processed 20065500 values from 10 variables over 182 timesteps [0.43s 95MB].
0-90 is done
Number of files to process with CDO: 19
cdo(1) divc: Process started
cdo(2) setattribute: Process started
cdo(3) chname: Process started
cdo(4) mergetime: Process started
cdo(4) mergetime: Processed 465500 values from 19 variables over 19 timesteps.
cdo(3) chname: Processed 465500 values from 1 variable over 19 timesteps.
cdo(2) setattribute: Processed 465500 values from 1 variable over 19 timesteps.
cdo(1) divc: Processed 465500 values from 1 variable over 19 timesteps.
cdo    seltimestep: Processed 441000 values from 1 variable over 19 timesteps [0.42s 32MB].
cdo(1) copy: Process started
cdo(1) copy: Processed 2229500 values from 1 variable over 91 timesteps.
cdo    seltimestep: Processed 24500 values from 1 variable over 91 timesteps [0.03s 30MB].
cdo(1) mergetime: Process started
cdo(1) mergetime: Processed 465500 values from 2 variables over 19 timesteps.
cdo    timcumsum: Processed 465500 values from 1 variable over 19 timesteps [0.02s 18MB].
cdo    replace: Processed 4189500 values from 10 variables over 38 timesteps [0.13s 29MB].
90-144 is done
Number of files to process with CDO: 17
cdo(1) divc: Process started
cdo(2) setattribute: Process started
cdo(3) chname: Process started
cdo(4) mergetime: Process started
cdo(4) mergetime: Processed 416500 values from 17 variables over 17 timesteps.
cdo(3) chname: Processed 416500 values from 1 variable over 17 timesteps.
cdo(2) setattribute: Processed 416500 values from 1 variable over 17 timesteps.
cdo(1) divc: Processed 416500 values from 1 variable over 17 timesteps.
cdo    seltimestep: Processed 392000 values from 1 variable over 17 timesteps [0.36s 28MB].
cdo(1) copy: Process started
cdo(1) copy: Processed 465500 values from 1 variable over 19 timesteps.
cdo    seltimestep: Processed 24500 values from 1 variable over 19 timesteps [0.01s 18MB].
cdo(1) mergetime: Process started
cdo(1) mergetime: Processed 416500 values from 2 variables over 17 timesteps.
cdo    timcumsum: Processed 416500 values from 1 variable over 17 timesteps [0.02s 17MB].
cdo    replace: Processed 3748500 values from 10 variables over 34 timesteps [0.13s 26MB].
Mon Feb 4 01:00:00 PM CET 2019 processed!
Number of files to process with CDO: 90
cdo(1) divc: Process started
cdo(2) setattribute: Process started
cdo(3) chname: Process started
cdo(4) mergetime: Process started
cdo(4) mergetime: Processed 2205000 values from 90 variables over 90 timesteps.
cdo(3) chname: Processed 2205000 values from 1 variable over 90 timesteps.
cdo(2) setattribute: Processed 2205000 values from 1 variable over 90 timesteps.
cdo(1) divc: Processed 2205000 values from 1 variable over 90 timesteps.
cdo    timcumsum: Processed 2205000 values from 1 variable over 90 timesteps [1.84s 71MB].
cdo(1) seltimestep: Process started
cdo(2) shifttime: Process started
cdo(3) copy: Process started
cdo(3) copy: Processed 2205000 values from 1 variable over 90 timesteps.
cdo(2) shifttime: Processed 2205000 values from 1 variable over 90 timesteps.
cdo(1) seltimestep: Processed 24500 values from 1 variable over 2 timesteps.
cdo    mulc: Processed 24500 values from 1 variable over 1 timestep [0.04s 30MB].
cdo    mergetime: Processed 2229500 values from 2 variables over 91 timesteps [0.07s 31MB].
cdo    replace: Processed 20065500 values from 10 variables over 182 timesteps [0.49s 97MB].
0-90 is done
Number of files to process with CDO: 19
cdo(1) divc: Process started
cdo(2) setattribute: Process started
cdo(3) chname: Process started
cdo(4) mergetime: Process started
cdo(4) mergetime: Processed 465500 values from 19 variables over 19 timesteps.
cdo(3) chname: Processed 465500 values from 1 variable over 19 timesteps.
cdo(2) setattribute: Processed 465500 values from 1 variable over 19 timesteps.
cdo(1) divc: Processed 465500 values from 1 variable over 19 timesteps.
cdo    seltimestep: Processed 441000 values from 1 variable over 19 timesteps [0.38s 31MB].
cdo(1) copy: Process started
cdo(1) copy: Processed 2229500 values from 1 variable over 91 timesteps.
cdo    seltimestep: Processed 24500 values from 1 variable over 91 timesteps [0.03s 29MB].
cdo(1) mergetime: Process started
cdo(1) mergetime: Processed 465500 values from 2 variables over 19 timesteps.
cdo    timcumsum: Processed 465500 values from 1 variable over 19 timesteps [0.02s 18MB].
cdo    replace: Processed 4189500 values from 10 variables over 38 timesteps [0.14s 31MB].
90-144 is done
Number of files to process with CDO: 17
cdo(1) divc: Process started
cdo(2) setattribute: Process started
cdo(3) chname: Process started
cdo(4) mergetime: Process started
cdo(4) mergetime: Processed 416500 values from 17 variables over 17 timesteps.
cdo(3) chname: Processed 416500 values from 1 variable over 17 timesteps.
cdo(2) setattribute: Processed 416500 values from 1 variable over 17 timesteps.
cdo(1) divc: Processed 416500 values from 1 variable over 17 timesteps.
cdo    seltimestep: Processed 392000 values from 1 variable over 17 timesteps [0.35s 28MB].
cdo(1) copy: Process started
cdo(1) copy: Processed 465500 values from 1 variable over 19 timesteps.
cdo    seltimestep: Processed 24500 values from 1 variable over 19 timesteps [0.01s 17MB].
cdo(1) mergetime: Process started
cdo(1) mergetime: Processed 416500 values from 2 variables over 17 timesteps.
cdo    timcumsum: Processed 416500 values from 1 variable over 17 timesteps [0.02s 17MB].
cdo    replace: Processed 3748500 values from 10 variables over 34 timesteps [0.12s 27MB].
Tue Feb 5 01:00:00 PM CET 2019 processed!
Number of files to process with CDO: 90
cdo(1) divc: Process started
cdo(2) setattribute: Process started
cdo(3) chname: Process started
cdo(4) mergetime: Process started
cdo(4) mergetime: Processed 2205000 values from 90 variables over 90 timesteps.
cdo(3) chname: Processed 2205000 values from 1 variable over 90 timesteps.
cdo(2) setattribute: Processed 2205000 values from 1 variable over 90 timesteps.
cdo(1) divc: Processed 2205000 values from 1 variable over 90 timesteps.
cdo    timcumsum: Processed 2205000 values from 1 variable over 90 timesteps [1.92s 73MB].
cdo(1) seltimestep: Process started
cdo(2) shifttime: Process started
cdo(3) copy: Process started
cdo(3) copy: Processed 2205000 values from 1 variable over 90 timesteps.
cdo(2) shifttime: Processed 2205000 values from 1 variable over 90 timesteps.
cdo(1) seltimestep: Processed 24500 values from 1 variable over 2 timesteps.
cdo    mulc: Processed 24500 values from 1 variable over 1 timestep [0.05s 30MB].
cdo    mergetime: Processed 2229500 values from 2 variables over 91 timesteps [0.07s 32MB].
cdo    replace: Processed 20065500 values from 10 variables over 182 timesteps [0.47s 97MB].
0-90 is done
Number of files to process with CDO: 19
cdo(1) divc: Process started
cdo(2) setattribute: Process started
cdo(3) chname: Process started
cdo(4) mergetime: Process started
cdo(4) mergetime: Processed 465500 values from 19 variables over 19 timesteps.
cdo(3) chname: Processed 465500 values from 1 variable over 19 timesteps.
cdo(2) setattribute: Processed 465500 values from 1 variable over 19 timesteps.
cdo(1) divc: Processed 465500 values from 1 variable over 19 timesteps.
cdo    seltimestep: Processed 441000 values from 1 variable over 19 timesteps [0.37s 30MB].
cdo(1) copy: Process started
cdo(1) copy: Processed 2229500 values from 1 variable over 91 timesteps.
cdo    seltimestep: Processed 24500 values from 1 variable over 91 timesteps [0.03s 30MB].
cdo(1) mergetime: Process started
cdo(1) mergetime: Processed 465500 values from 2 variables over 19 timesteps.
cdo    timcumsum: Processed 465500 values from 1 variable over 19 timesteps [0.02s 18MB].
cdo    replace: Processed 4189500 values from 10 variables over 38 timesteps [0.13s 28MB].
90-144 is done
Number of files to process with CDO: 17
cdo(1) divc: Process started
cdo(2) setattribute: Process started
cdo(3) chname: Process started
cdo(4) mergetime: Process started
cdo(4) mergetime: Processed 416500 values from 17 variables over 17 timesteps.
cdo(3) chname: Processed 416500 values from 1 variable over 17 timesteps.
cdo(2) setattribute: Processed 416500 values from 1 variable over 17 timesteps.
cdo(1) divc: Processed 416500 values from 1 variable over 17 timesteps.
cdo    seltimestep: Processed 392000 values from 1 variable over 17 timesteps [0.35s 28MB].
cdo(1) copy: Process started
cdo(1) copy: Processed 465500 values from 1 variable over 19 timesteps.
cdo    seltimestep: Processed 24500 values from 1 variable over 19 timesteps [0.01s 18MB].
cdo(1) mergetime: Process started
cdo(1) mergetime: Processed 416500 values from 2 variables over 17 timesteps.
cdo    timcumsum: Processed 416500 values from 1 variable over 17 timesteps [0.02s 18MB].
cdo    replace: Processed 3748500 values from 10 variables over 34 timesteps [0.12s 27MB].
Wed Feb 6 01:00:00 PM CET 2019 processed!
Number of files to process with CDO: 90
cdo(1) divc: Process started
cdo(2) setattribute: Process started
cdo(3) chname: Process started
cdo(4) mergetime: Process started
cdo(4) mergetime: Processed 2205000 values from 90 variables over 90 timesteps.
cdo(3) chname: Processed 2205000 values from 1 variable over 90 timesteps.
cdo(2) setattribute: Processed 2205000 values from 1 variable over 90 timesteps.
cdo(1) divc: Processed 2205000 values from 1 variable over 90 timesteps.
cdo    timcumsum: Processed 2205000 values from 1 variable over 90 timesteps [1.92s 75MB].
cdo(1) seltimestep: Process started
cdo(2) shifttime: Process started
cdo(3) copy: Process started
cdo(3) copy: Processed 2205000 values from 1 variable over 90 timesteps.
cdo(2) shifttime: Processed 2205000 values from 1 variable over 90 timesteps.
cdo(1) seltimestep: Processed 24500 values from 1 variable over 2 timesteps.
cdo    mulc: Processed 24500 values from 1 variable over 1 timestep [0.06s 30MB].
cdo    mergetime: Processed 2229500 values from 2 variables over 91 timesteps [0.07s 32MB].
cdo    replace: Processed 20065500 values from 10 variables over 182 timesteps [0.46s 97MB].
0-90 is done
Number of files to process with CDO: 19
cdo(1) divc: Process started
cdo(2) setattribute: Process started
cdo(3) chname: Process started
cdo(4) mergetime: Process started
cdo(4) mergetime: Processed 465500 values from 19 variables over 19 timesteps.
cdo(3) chname: Processed 465500 values from 1 variable over 19 timesteps.
cdo(2) setattribute: Processed 465500 values from 1 variable over 19 timesteps.
cdo(1) divc: Processed 465500 values from 1 variable over 19 timesteps.
cdo    seltimestep: Processed 441000 values from 1 variable over 19 timesteps [0.40s 30MB].
cdo(1) copy: Process started
cdo(1) copy: Processed 2229500 values from 1 variable over 91 timesteps.
cdo    seltimestep: Processed 24500 values from 1 variable over 91 timesteps [0.04s 30MB].
cdo(1) mergetime: Process started
cdo(1) mergetime: Processed 465500 values from 2 variables over 19 timesteps.
cdo    timcumsum: Processed 465500 values from 1 variable over 19 timesteps [0.02s 18MB].
cdo    replace: Processed 4189500 values from 10 variables over 38 timesteps [0.12s 28MB].
90-144 is done
Number of files to process with CDO: 17
cdo(1) divc: Process started
cdo(2) setattribute: Process started
cdo(3) chname: Process started
cdo(4) mergetime: Process started
cdo(4) mergetime: Processed 416500 values from 17 variables over 17 timesteps.
cdo(3) chname: Processed 416500 values from 1 variable over 17 timesteps.
cdo(2) setattribute: Processed 416500 values from 1 variable over 17 timesteps.
cdo(1) divc: Processed 416500 values from 1 variable over 17 timesteps.
cdo    seltimestep: Processed 392000 values from 1 variable over 17 timesteps [0.35s 28MB].
cdo(1) copy: Process started
cdo(1) copy: Processed 465500 values from 1 variable over 19 timesteps.
cdo    seltimestep: Processed 24500 values from 1 variable over 19 timesteps [0.01s 17MB].
cdo(1) mergetime: Process started
cdo(1) mergetime: Processed 416500 values from 2 variables over 17 timesteps.
cdo    timcumsum: Processed 416500 values from 1 variable over 17 timesteps [0.02s 18MB].
cdo    replace: Processed 3748500 values from 10 variables over 34 timesteps [0.14s 27MB].
Thu Feb 7 01:00:00 PM CET 2019 processed!
Number of files to process with CDO: 90
cdo(1) divc: Process started
cdo(2) setattribute: Process started
cdo(3) chname: Process started
cdo(4) mergetime: Process started
cdo(4) mergetime: Processed 2205000 values from 90 variables over 90 timesteps.
cdo(3) chname: Processed 2205000 values from 1 variable over 90 timesteps.
cdo(2) setattribute: Processed 2205000 values from 1 variable over 90 timesteps.
cdo(1) divc: Processed 2205000 values from 1 variable over 90 timesteps.
cdo    timcumsum: Processed 2205000 values from 1 variable over 90 timesteps [1.82s 75MB].
cdo(1) seltimestep: Process started
cdo(2) shifttime: Process started
cdo(3) copy: Process started
cdo(3) copy: Processed 2205000 values from 1 variable over 90 timesteps.
cdo(2) shifttime: Processed 2205000 values from 1 variable over 90 timesteps.
cdo(1) seltimestep: Processed 24500 values from 1 variable over 2 timesteps.
cdo    mulc: Processed 24500 values from 1 variable over 1 timestep [0.04s 30MB].
cdo    mergetime: Processed 2229500 values from 2 variables over 91 timesteps [0.07s 31MB].
cdo    replace: Processed 20065500 values from 10 variables over 182 timesteps [0.46s 96MB].
0-90 is done
Number of files to process with CDO: 19
cdo(1) divc: Process started
cdo(2) setattribute: Process started
cdo(3) chname: Process started
cdo(4) mergetime: Process started
cdo(4) mergetime: Processed 465500 values from 19 variables over 19 timesteps.
cdo(3) chname: Processed 465500 values from 1 variable over 19 timesteps.
cdo(2) setattribute: Processed 465500 values from 1 variable over 19 timesteps.
cdo(1) divc: Processed 465500 values from 1 variable over 19 timesteps.
cdo    seltimestep: Processed 441000 values from 1 variable over 19 timesteps [0.43s 30MB].
cdo(1) copy: Process started
cdo(1) copy: Processed 2229500 values from 1 variable over 91 timesteps.
cdo    seltimestep: Processed 24500 values from 1 variable over 91 timesteps [0.03s 30MB].
cdo(1) mergetime: Process started
cdo(1) mergetime: Processed 465500 values from 2 variables over 19 timesteps.
cdo    timcumsum: Processed 465500 values from 1 variable over 19 timesteps [0.02s 18MB].
cdo    replace: Processed 4189500 values from 10 variables over 38 timesteps [0.14s 29MB].
90-144 is done
Number of files to process with CDO: 17
cdo(1) divc: Process started
cdo(2) setattribute: Process started
cdo(3) chname: Process started
cdo(4) mergetime: Process started
cdo(4) mergetime: Processed 416500 values from 17 variables over 17 timesteps.
cdo(3) chname: Processed 416500 values from 1 variable over 17 timesteps.
cdo(2) setattribute: Processed 416500 values from 1 variable over 17 timesteps.
cdo(1) divc: Processed 416500 values from 1 variable over 17 timesteps.
cdo    seltimestep: Processed 392000 values from 1 variable over 17 timesteps [0.37s 30MB].
cdo(1) copy: Process started
cdo(1) copy: Processed 465500 values from 1 variable over 19 timesteps.
cdo    seltimestep: Processed 24500 values from 1 variable over 19 timesteps [0.01s 17MB].
cdo(1) mergetime: Process started
cdo(1) mergetime: Processed 416500 values from 2 variables over 17 timesteps.
cdo    timcumsum: Processed 416500 values from 1 variable over 17 timesteps [0.02s 18MB].
cdo    replace: Processed 3748500 values from 10 variables over 34 timesteps [0.12s 27MB].
Fri Feb 8 01:00:00 PM CET 2019 processed!
Number of files to process with CDO: 90
cdo(1) divc: Process started
cdo(2) setattribute: Process started
cdo(3) chname: Process started
cdo(4) mergetime: Process started
cdo(4) mergetime: Processed 2205000 values from 90 variables over 90 timesteps.
cdo(3) chname: Processed 2205000 values from 1 variable over 90 timesteps.
cdo(2) setattribute: Processed 2205000 values from 1 variable over 90 timesteps.
cdo(1) divc: Processed 2205000 values from 1 variable over 90 timesteps.
cdo    timcumsum: Processed 2205000 values from 1 variable over 90 timesteps [1.85s 73MB].
cdo(1) seltimestep: Process started
cdo(2) shifttime: Process started
cdo(3) copy: Process started
cdo(3) copy: Processed 2205000 values from 1 variable over 90 timesteps.
cdo(2) shifttime: Processed 2205000 values from 1 variable over 90 timesteps.
cdo(1) seltimestep: Processed 24500 values from 1 variable over 2 timesteps.
cdo    mulc: Processed 24500 values from 1 variable over 1 timestep [0.04s 30MB].
cdo    mergetime: Processed 2229500 values from 2 variables over 91 timesteps [0.07s 32MB].
cdo    replace: Processed 20065500 values from 10 variables over 182 timesteps [0.45s 95MB].
0-90 is done
Number of files to process with CDO: 19
cdo(1) divc: Process started
cdo(2) setattribute: Process started
cdo(3) chname: Process started
cdo(4) mergetime: Process started
cdo(4) mergetime: Processed 465500 values from 19 variables over 19 timesteps.
cdo(3) chname: Processed 465500 values from 1 variable over 19 timesteps.
cdo(2) setattribute: Processed 465500 values from 1 variable over 19 timesteps.
cdo(1) divc: Processed 465500 values from 1 variable over 19 timesteps.
cdo    seltimestep: Processed 441000 values from 1 variable over 19 timesteps [0.37s 31MB].
cdo(1) copy: Process started
cdo(1) copy: Processed 2229500 values from 1 variable over 91 timesteps.
cdo    seltimestep: Processed 24500 values from 1 variable over 91 timesteps [0.03s 31MB].
cdo(1) mergetime: Process started
cdo(1) mergetime: Processed 465500 values from 2 variables over 19 timesteps.
cdo    timcumsum: Processed 465500 values from 1 variable over 19 timesteps [0.02s 18MB].
cdo    replace: Processed 4189500 values from 10 variables over 38 timesteps [0.12s 28MB].
90-144 is done
Number of files to process with CDO: 17
cdo(1) divc: Process started
cdo(2) setattribute: Process started
cdo(3) chname: Process started
cdo(4) mergetime: Process started
cdo(4) mergetime: Processed 416500 values from 17 variables over 17 timesteps.
cdo(3) chname: Processed 416500 values from 1 variable over 17 timesteps.
cdo(2) setattribute: Processed 416500 values from 1 variable over 17 timesteps.
cdo(1) divc: Processed 416500 values from 1 variable over 17 timesteps.
cdo    seltimestep: Processed 392000 values from 1 variable over 17 timesteps [0.40s 29MB].
cdo(1) copy: Process started
cdo(1) copy: Processed 465500 values from 1 variable over 19 timesteps.
cdo    seltimestep: Processed 24500 values from 1 variable over 19 timesteps [0.01s 17MB].
cdo(1) mergetime: Process started
cdo(1) mergetime: Processed 416500 values from 2 variables over 17 timesteps.
cdo    timcumsum: Processed 416500 values from 1 variable over 17 timesteps [0.02s 18MB].
cdo    replace: Processed 3748500 values from 10 variables over 34 timesteps [0.12s 27MB].
Sat Feb 9 01:00:00 PM CET 2019 processed!
Number of files to process with CDO: 90
cdo(1) divc: Process started
cdo(2) setattribute: Process started
cdo(3) chname: Process started
cdo(4) mergetime: Process started
cdo(4) mergetime: Processed 2205000 values from 90 variables over 90 timesteps.
cdo(3) chname: Processed 2205000 values from 1 variable over 90 timesteps.
cdo(2) setattribute: Processed 2205000 values from 1 variable over 90 timesteps.
cdo(1) divc: Processed 2205000 values from 1 variable over 90 timesteps.
cdo    timcumsum: Processed 2205000 values from 1 variable over 90 timesteps [1.99s 73MB].
cdo(1) seltimestep: Process started
cdo(2) shifttime: Process started
cdo(3) copy: Process started
cdo(3) copy: Processed 2205000 values from 1 variable over 90 timesteps.
cdo(2) shifttime: Processed 2205000 values from 1 variable over 90 timesteps.
cdo(1) seltimestep: Processed 24500 values from 1 variable over 2 timesteps.
cdo    mulc: Processed 24500 values from 1 variable over 1 timestep [0.03s 30MB].
cdo    mergetime: Processed 2229500 values from 2 variables over 91 timesteps [0.06s 32MB].
cdo    replace: Processed 20065500 values from 10 variables over 182 timesteps [0.47s 97MB].
0-90 is done
Number of files to process with CDO: 19
cdo(1) divc: Process started
cdo(2) setattribute: Process started
cdo(3) chname: Process started
cdo(4) mergetime: Process started
cdo(4) mergetime: Processed 465500 values from 19 variables over 19 timesteps.
cdo(3) chname: Processed 465500 values from 1 variable over 19 timesteps.
cdo(2) setattribute: Processed 465500 values from 1 variable over 19 timesteps.
cdo(1) divc: Processed 465500 values from 1 variable over 19 timesteps.
cdo    seltimestep: Processed 441000 values from 1 variable over 19 timesteps [0.44s 30MB].
cdo(1) copy: Process started
cdo(1) copy: Processed 2229500 values from 1 variable over 91 timesteps.
cdo    seltimestep: Processed 24500 values from 1 variable over 91 timesteps [0.03s 29MB].
cdo(1) mergetime: Process started
cdo(1) mergetime: Processed 465500 values from 2 variables over 19 timesteps.
cdo    timcumsum: Processed 465500 values from 1 variable over 19 timesteps [0.02s 18MB].
cdo    replace: Processed 4189500 values from 10 variables over 38 timesteps [0.14s 28MB].
90-144 is done
Number of files to process with CDO: 17
cdo(1) divc: Process started
cdo(2) setattribute: Process started
cdo(3) chname: Process started
cdo(4) mergetime: Process started
cdo(4) mergetime: Processed 416500 values from 17 variables over 17 timesteps.
cdo(3) chname: Processed 416500 values from 1 variable over 17 timesteps.
cdo(2) setattribute: Processed 416500 values from 1 variable over 17 timesteps.
cdo(1) divc: Processed 416500 values from 1 variable over 17 timesteps.
cdo    seltimestep: Processed 392000 values from 1 variable over 17 timesteps [0.38s 28MB].
cdo(1) copy: Process started
cdo(1) copy: Processed 465500 values from 1 variable over 19 timesteps.
cdo    seltimestep: Processed 24500 values from 1 variable over 19 timesteps [0.01s 16MB].
cdo(1) mergetime: Process started
cdo(1) mergetime: Processed 416500 values from 2 variables over 17 timesteps.
cdo    timcumsum: Processed 416500 values from 1 variable over 17 timesteps [0.02s 17MB].
cdo    replace: Processed 3748500 values from 10 variables over 34 timesteps [0.17s 26MB].
Sun Feb 10 01:00:00 PM CET 2019 processed!
Number of files to process with CDO: 90
cdo(1) divc: Process started
cdo(2) setattribute: Process started
cdo(3) chname: Process started
cdo(4) mergetime: Process started
cdo(4) mergetime: Processed 2205000 values from 90 variables over 90 timesteps.
cdo(3) chname: Processed 2205000 values from 1 variable over 90 timesteps.
cdo(2) setattribute: Processed 2205000 values from 1 variable over 90 timesteps.
cdo(1) divc: Processed 2205000 values from 1 variable over 90 timesteps.
cdo    timcumsum: Processed 2205000 values from 1 variable over 90 timesteps [1.79s 73MB].
cdo(1) seltimestep: Process started
cdo(2) shifttime: Process started
cdo(3) copy: Process started
cdo(3) copy: Processed 2205000 values from 1 variable over 90 timesteps.
cdo(2) shifttime: Processed 2205000 values from 1 variable over 90 timesteps.
cdo(1) seltimestep: Processed 24500 values from 1 variable over 2 timesteps.
cdo    mulc: Processed 24500 values from 1 variable over 1 timestep [0.03s 30MB].
cdo    mergetime: Processed 2229500 values from 2 variables over 91 timesteps [0.06s 31MB].
cdo    replace: Processed 20065500 values from 10 variables over 182 timesteps [0.44s 95MB].
0-90 is done
Number of files to process with CDO: 19
cdo(1) divc: Process started
cdo(2) setattribute: Process started
cdo(3) chname: Process started
cdo(4) mergetime: Process started
cdo(4) mergetime: Processed 465500 values from 19 variables over 19 timesteps.
cdo(3) chname: Processed 465500 values from 1 variable over 19 timesteps.
cdo(2) setattribute: Processed 465500 values from 1 variable over 19 timesteps.
cdo(1) divc: Processed 465500 values from 1 variable over 19 timesteps.
cdo    seltimestep: Processed 441000 values from 1 variable over 19 timesteps [0.39s 31MB].
cdo(1) copy: Process started
cdo(1) copy: Processed 2229500 values from 1 variable over 91 timesteps.
cdo    seltimestep: Processed 24500 values from 1 variable over 91 timesteps [0.05s 30MB].
cdo(1) mergetime: Process started
cdo(1) mergetime: Processed 465500 values from 2 variables over 19 timesteps.
cdo    timcumsum: Processed 465500 values from 1 variable over 19 timesteps [0.02s 18MB].
cdo    replace: Processed 4189500 values from 10 variables over 38 timesteps [0.14s 28MB].
90-144 is done
Number of files to process with CDO: 17
cdo(1) divc: Process started
cdo(2) setattribute: Process started
cdo(3) chname: Process started
cdo(4) mergetime: Process started
cdo(4) mergetime: Processed 416500 values from 17 variables over 17 timesteps.
cdo(3) chname: Processed 416500 values from 1 variable over 17 timesteps.
cdo(2) setattribute: Processed 416500 values from 1 variable over 17 timesteps.
cdo(1) divc: Processed 416500 values from 1 variable over 17 timesteps.
cdo    seltimestep: Processed 392000 values from 1 variable over 17 timesteps [0.32s 28MB].
cdo(1) copy: Process started
cdo(1) copy: Processed 465500 values from 1 variable over 19 timesteps.
cdo    seltimestep: Processed 24500 values from 1 variable over 19 timesteps [0.01s 17MB].
cdo(1) mergetime: Process started
cdo(1) mergetime: Processed 416500 values from 2 variables over 17 timesteps.
cdo    timcumsum: Processed 416500 values from 1 variable over 17 timesteps [0.02s 20MB].
cdo    replace: Processed 3748500 values from 10 variables over 34 timesteps [0.13s 26MB].
Mon Feb 11 01:00:00 PM CET 2019 processed!
Number of files to process with CDO: 90
cdo(1) divc: Process started
cdo(2) setattribute: Process started
cdo(3) chname: Process started
cdo(4) mergetime: Process started
cdo(4) mergetime: Processed 2205000 values from 90 variables over 90 timesteps.
cdo(3) chname: Processed 2205000 values from 1 variable over 90 timesteps.
cdo(2) setattribute: Processed 2205000 values from 1 variable over 90 timesteps.
cdo(1) divc: Processed 2205000 values from 1 variable over 90 timesteps.
cdo    timcumsum: Processed 2205000 values from 1 variable over 90 timesteps [1.80s 75MB].
cdo(1) seltimestep: Process started
cdo(2) shifttime: Process started
cdo(3) copy: Process started
cdo(3) copy: Processed 2205000 values from 1 variable over 90 timesteps.
cdo(2) shifttime: Processed 2205000 values from 1 variable over 90 timesteps.
cdo(1) seltimestep: Processed 24500 values from 1 variable over 2 timesteps.
cdo    mulc: Processed 24500 values from 1 variable over 1 timestep [0.04s 30MB].
cdo    mergetime: Processed 2229500 values from 2 variables over 91 timesteps [0.07s 31MB].
cdo    replace: Processed 20065500 values from 10 variables over 182 timesteps [0.49s 96MB].
0-90 is done
Number of files to process with CDO: 19
cdo(1) divc: Process started
cdo(2) setattribute: Process started
cdo(3) chname: Process started
cdo(4) mergetime: Process started
cdo(4) mergetime: Processed 465500 values from 19 variables over 19 timesteps.
cdo(3) chname: Processed 465500 values from 1 variable over 19 timesteps.
cdo(2) setattribute: Processed 465500 values from 1 variable over 19 timesteps.
cdo(1) divc: Processed 465500 values from 1 variable over 19 timesteps.
cdo    seltimestep: Processed 441000 values from 1 variable over 19 timesteps [0.36s 30MB].
cdo(1) copy: Process started
cdo(1) copy: Processed 2229500 values from 1 variable over 91 timesteps.
cdo    seltimestep: Processed 24500 values from 1 variable over 91 timesteps [0.03s 31MB].
cdo(1) mergetime: Process started
cdo(1) mergetime: Processed 465500 values from 2 variables over 19 timesteps.
cdo    timcumsum: Processed 465500 values from 1 variable over 19 timesteps [0.02s 18MB].
cdo    replace: Processed 4189500 values from 10 variables over 38 timesteps [0.13s 27MB].
90-144 is done
Number of files to process with CDO: 17
cdo(1) divc: Process started
cdo(2) setattribute: Process started
cdo(3) chname: Process started
cdo(4) mergetime: Process started
cdo(4) mergetime: Processed 416500 values from 17 variables over 17 timesteps.
cdo(3) chname: Processed 416500 values from 1 variable over 17 timesteps.
cdo(2) setattribute: Processed 416500 values from 1 variable over 17 timesteps.
cdo(1) divc: Processed 416500 values from 1 variable over 17 timesteps.
cdo    seltimestep: Processed 392000 values from 1 variable over 17 timesteps [0.37s 30MB].
cdo(1) copy: Process started
cdo(1) copy: Processed 465500 values from 1 variable over 19 timesteps.
cdo    seltimestep: Processed 24500 values from 1 variable over 19 timesteps [0.01s 17MB].
cdo(1) mergetime: Process started
cdo(1) mergetime: Processed 416500 values from 2 variables over 17 timesteps.
cdo    timcumsum: Processed 416500 values from 1 variable over 17 timesteps [0.02s 18MB].
cdo    replace: Processed 3748500 values from 10 variables over 34 timesteps [0.12s 26MB].
Tue Feb 12 01:00:00 PM CET 2019 processed!
Number of files to process with CDO: 90
cdo(1) divc: Process started
cdo(2) setattribute: Process started
cdo(3) chname: Process started
cdo(4) mergetime: Process started
cdo(4) mergetime: Processed 2205000 values from 90 variables over 90 timesteps.
cdo(3) chname: Processed 2205000 values from 1 variable over 90 timesteps.
cdo(2) setattribute: Processed 2205000 values from 1 variable over 90 timesteps.
cdo(1) divc: Processed 2205000 values from 1 variable over 90 timesteps.
cdo    timcumsum: Processed 2205000 values from 1 variable over 90 timesteps [1.76s 73MB].
cdo(1) seltimestep: Process started
cdo(2) shifttime: Process started
cdo(3) copy: Process started
cdo(3) copy: Processed 2205000 values from 1 variable over 90 timesteps.
cdo(2) shifttime: Processed 2205000 values from 1 variable over 90 timesteps.
cdo(1) seltimestep: Processed 24500 values from 1 variable over 2 timesteps.
cdo    mulc: Processed 24500 values from 1 variable over 1 timestep [0.05s 30MB].
cdo    mergetime: Processed 2229500 values from 2 variables over 91 timesteps [0.07s 32MB].
cdo    replace: Processed 20065500 values from 10 variables over 182 timesteps [0.46s 96MB].
0-90 is done
Number of files to process with CDO: 19
cdo(1) divc: Process started
cdo(2) setattribute: Process started
cdo(3) chname: Process started
cdo(4) mergetime: Process started
cdo(4) mergetime: Processed 465500 values from 19 variables over 19 timesteps.
cdo(3) chname: Processed 465500 values from 1 variable over 19 timesteps.
cdo(2) setattribute: Processed 465500 values from 1 variable over 19 timesteps.
cdo(1) divc: Processed 465500 values from 1 variable over 19 timesteps.
cdo    seltimestep: Processed 441000 values from 1 variable over 19 timesteps [0.44s 30MB].
cdo(1) copy: Process started
cdo(1) copy: Processed 2229500 values from 1 variable over 91 timesteps.
cdo    seltimestep: Processed 24500 values from 1 variable over 91 timesteps [0.03s 30MB].
cdo(1) mergetime: Process started
cdo(1) mergetime: Processed 465500 values from 2 variables over 19 timesteps.
cdo    timcumsum: Processed 465500 values from 1 variable over 19 timesteps [0.02s 18MB].
cdo    replace: Processed 4189500 values from 10 variables over 38 timesteps [0.14s 28MB].
90-144 is done
Number of files to process with CDO: 17
cdo(1) divc: Process started
cdo(2) setattribute: Process started
cdo(3) chname: Process started
cdo(4) mergetime: Process started
cdo(4) mergetime: Processed 416500 values from 17 variables over 17 timesteps.
cdo(3) chname: Processed 416500 values from 1 variable over 17 timesteps.
cdo(2) setattribute: Processed 416500 values from 1 variable over 17 timesteps.
cdo(1) divc: Processed 416500 values from 1 variable over 17 timesteps.
cdo    seltimestep: Processed 392000 values from 1 variable over 17 timesteps [0.41s 30MB].
cdo(1) copy: Process started
cdo(1) copy: Processed 465500 values from 1 variable over 19 timesteps.
cdo    seltimestep: Processed 24500 values from 1 variable over 19 timesteps [0.01s 17MB].
cdo(1) mergetime: Process started
cdo(1) mergetime: Processed 416500 values from 2 variables over 17 timesteps.
cdo    timcumsum: Processed 416500 values from 1 variable over 17 timesteps [0.04s 18MB].
cdo    replace: Processed 3748500 values from 10 variables over 34 timesteps [0.13s 27MB].
Wed Feb 13 01:00:00 PM CET 2019 processed!
Number of files to process with CDO: 90
cdo(1) divc: Process started
cdo(2) setattribute: Process started
cdo(3) chname: Process started
cdo(4) mergetime: Process started
cdo(4) mergetime: Processed 2205000 values from 90 variables over 90 timesteps.
cdo(3) chname: Processed 2205000 values from 1 variable over 90 timesteps.
cdo(2) setattribute: Processed 2205000 values from 1 variable over 90 timesteps.
cdo(1) divc: Processed 2205000 values from 1 variable over 90 timesteps.
cdo    timcumsum: Processed 2205000 values from 1 variable over 90 timesteps [1.93s 73MB].
cdo(1) seltimestep: Process started
cdo(2) shifttime: Process started
cdo(3) copy: Process started
cdo(3) copy: Processed 2205000 values from 1 variable over 90 timesteps.
cdo(2) shifttime: Processed 2205000 values from 1 variable over 90 timesteps.
cdo(1) seltimestep: Processed 24500 values from 1 variable over 2 timesteps.
cdo    mulc: Processed 24500 values from 1 variable over 1 timestep [0.04s 30MB].
cdo    mergetime: Processed 2229500 values from 2 variables over 91 timesteps [0.06s 32MB].
cdo    replace: Processed 20065500 values from 10 variables over 182 timesteps [0.49s 96MB].
0-90 is done
Number of files to process with CDO: 19
cdo(1) divc: Process started
cdo(2) setattribute: Process started
cdo(3) chname: Process started
cdo(4) mergetime: Process started
cdo(4) mergetime: Processed 465500 values from 19 variables over 19 timesteps.
cdo(3) chname: Processed 465500 values from 1 variable over 19 timesteps.
cdo(2) setattribute: Processed 465500 values from 1 variable over 19 timesteps.
cdo(1) divc: Processed 465500 values from 1 variable over 19 timesteps.
cdo    seltimestep: Processed 441000 values from 1 variable over 19 timesteps [0.41s 30MB].
cdo(1) copy: Process started
cdo(1) copy: Processed 2229500 values from 1 variable over 91 timesteps.
cdo    seltimestep: Processed 24500 values from 1 variable over 91 timesteps [0.03s 30MB].
cdo(1) mergetime: Process started
cdo(1) mergetime: Processed 465500 values from 2 variables over 19 timesteps.
cdo    timcumsum: Processed 465500 values from 1 variable over 19 timesteps [0.02s 18MB].
cdo    replace: Processed 4189500 values from 10 variables over 38 timesteps [0.14s 28MB].
90-144 is done
Number of files to process with CDO: 17
cdo(1) divc: Process started
cdo(2) setattribute: Process started
cdo(3) chname: Process started
cdo(4) mergetime: Process started
cdo(4) mergetime: Processed 416500 values from 17 variables over 17 timesteps.
cdo(3) chname: Processed 416500 values from 1 variable over 17 timesteps.
cdo(2) setattribute: Processed 416500 values from 1 variable over 17 timesteps.
cdo(1) divc: Processed 416500 values from 1 variable over 17 timesteps.
cdo    seltimestep: Processed 392000 values from 1 variable over 17 timesteps [0.39s 30MB].
cdo(1) copy: Process started
cdo(1) copy: Processed 465500 values from 1 variable over 19 timesteps.
cdo    seltimestep: Processed 24500 values from 1 variable over 19 timesteps [0.01s 17MB].
cdo(1) mergetime: Process started
cdo(1) mergetime: Processed 416500 values from 2 variables over 17 timesteps.
cdo    timcumsum: Processed 416500 values from 1 variable over 17 timesteps [0.02s 18MB].
cdo    replace: Processed 3748500 values from 10 variables over 34 timesteps [0.12s 27MB].
Thu Feb 14 01:00:00 PM CET 2019 processed!
Number of files to process with CDO: 90
cdo(1) divc: Process started
cdo(2) setattribute: Process started
cdo(3) chname: Process started
cdo(4) mergetime: Process started
cdo(4) mergetime: Processed 2205000 values from 90 variables over 90 timesteps.
cdo(3) chname: Processed 2205000 values from 1 variable over 90 timesteps.
cdo(2) setattribute: Processed 2205000 values from 1 variable over 90 timesteps.
cdo(1) divc: Processed 2205000 values from 1 variable over 90 timesteps.
cdo    timcumsum: Processed 2205000 values from 1 variable over 90 timesteps [1.72s 75MB].
cdo(1) seltimestep: Process started
cdo(2) shifttime: Process started
cdo(3) copy: Process started
cdo(3) copy: Processed 2205000 values from 1 variable over 90 timesteps.
cdo(2) shifttime: Processed 2205000 values from 1 variable over 90 timesteps.
cdo(1) seltimestep: Processed 24500 values from 1 variable over 2 timesteps.
cdo    mulc: Processed 24500 values from 1 variable over 1 timestep [0.04s 30MB].
cdo    mergetime: Processed 2229500 values from 2 variables over 91 timesteps [0.06s 32MB].
cdo    replace: Processed 20065500 values from 10 variables over 182 timesteps [0.43s 96MB].
0-90 is done
Number of files to process with CDO: 19
cdo(1) divc: Process started
cdo(2) setattribute: Process started
cdo(3) chname: Process started
cdo(4) mergetime: Process started
cdo(4) mergetime: Processed 465500 values from 19 variables over 19 timesteps.
cdo(3) chname: Processed 465500 values from 1 variable over 19 timesteps.
cdo(2) setattribute: Processed 465500 values from 1 variable over 19 timesteps.
cdo(1) divc: Processed 465500 values from 1 variable over 19 timesteps.
cdo    seltimestep: Processed 441000 values from 1 variable over 19 timesteps [0.39s 30MB].
cdo(1) copy: Process started
cdo(1) copy: Processed 2229500 values from 1 variable over 91 timesteps.
cdo    seltimestep: Processed 24500 values from 1 variable over 91 timesteps [0.03s 30MB].
cdo(1) mergetime: Process started
cdo(1) mergetime: Processed 465500 values from 2 variables over 19 timesteps.
cdo    timcumsum: Processed 465500 values from 1 variable over 19 timesteps [0.02s 18MB].
cdo    replace: Processed 4189500 values from 10 variables over 38 timesteps [0.12s 29MB].
90-144 is done
Number of files to process with CDO: 17
cdo(1) divc: Process started
cdo(2) setattribute: Process started
cdo(3) chname: Process started
cdo(4) mergetime: Process started
cdo(4) mergetime: Processed 416500 values from 17 variables over 17 timesteps.
cdo(3) chname: Processed 416500 values from 1 variable over 17 timesteps.
cdo(2) setattribute: Processed 416500 values from 1 variable over 17 timesteps.
cdo(1) divc: Processed 416500 values from 1 variable over 17 timesteps.
cdo    seltimestep: Processed 392000 values from 1 variable over 17 timesteps [0.39s 28MB].
cdo(1) copy: Process started
cdo(1) copy: Processed 465500 values from 1 variable over 19 timesteps.
cdo    seltimestep: Processed 24500 values from 1 variable over 19 timesteps [0.01s 17MB].
cdo(1) mergetime: Process started
cdo(1) mergetime: Processed 416500 values from 2 variables over 17 timesteps.
cdo    timcumsum: Processed 416500 values from 1 variable over 17 timesteps [0.02s 18MB].
cdo    replace: Processed 3748500 values from 10 variables over 34 timesteps [0.13s 27MB].
Fri Feb 15 01:00:00 PM CET 2019 processed!
Number of files to process with CDO: 90
cdo(1) divc: Process started
cdo(2) setattribute: Process started
cdo(3) chname: Process started
cdo(4) mergetime: Process started
cdo(4) mergetime: Processed 2205000 values from 90 variables over 90 timesteps.
cdo(3) chname: Processed 2205000 values from 1 variable over 90 timesteps.
cdo(2) setattribute: Processed 2205000 values from 1 variable over 90 timesteps.
cdo(1) divc: Processed 2205000 values from 1 variable over 90 timesteps.
cdo    timcumsum: Processed 2205000 values from 1 variable over 90 timesteps [1.74s 73MB].
cdo(1) seltimestep: Process started
cdo(2) shifttime: Process started
cdo(3) copy: Process started
cdo(3) copy: Processed 2205000 values from 1 variable over 90 timesteps.
cdo(2) shifttime: Processed 2205000 values from 1 variable over 90 timesteps.
cdo(1) seltimestep: Processed 24500 values from 1 variable over 2 timesteps.
cdo    mulc: Processed 24500 values from 1 variable over 1 timestep [0.04s 30MB].
cdo    mergetime: Processed 2229500 values from 2 variables over 91 timesteps [0.07s 31MB].
cdo    replace: Processed 20065500 values from 10 variables over 182 timesteps [0.46s 95MB].
0-90 is done
Number of files to process with CDO: 19
cdo(1) divc: Process started
cdo(2) setattribute: Process started
cdo(3) chname: Process started
cdo(4) mergetime: Process started
cdo(4) mergetime: Processed 465500 values from 19 variables over 19 timesteps.
cdo(3) chname: Processed 465500 values from 1 variable over 19 timesteps.
cdo(2) setattribute: Processed 465500 values from 1 variable over 19 timesteps.
cdo(1) divc: Processed 465500 values from 1 variable over 19 timesteps.
cdo    seltimestep: Processed 441000 values from 1 variable over 19 timesteps [0.40s 30MB].
cdo(1) copy: Process started
cdo(1) copy: Processed 2229500 values from 1 variable over 91 timesteps.
cdo    seltimestep: Processed 24500 values from 1 variable over 91 timesteps [0.03s 30MB].
cdo(1) mergetime: Process started
cdo(1) mergetime: Processed 465500 values from 2 variables over 19 timesteps.
cdo    timcumsum: Processed 465500 values from 1 variable over 19 timesteps [0.02s 18MB].
cdo    replace: Processed 4189500 values from 10 variables over 38 timesteps [0.14s 29MB].
90-144 is done
Number of files to process with CDO: 17
cdo(1) divc: Process started
cdo(2) setattribute: Process started
cdo(3) chname: Process started
cdo(4) mergetime: Process started
cdo(4) mergetime: Processed 416500 values from 17 variables over 17 timesteps.
cdo(3) chname: Processed 416500 values from 1 variable over 17 timesteps.
cdo(2) setattribute: Processed 416500 values from 1 variable over 17 timesteps.
cdo(1) divc: Processed 416500 values from 1 variable over 17 timesteps.
cdo    seltimestep: Processed 392000 values from 1 variable over 17 timesteps [0.38s 28MB].
cdo(1) copy: Process started
cdo(1) copy: Processed 465500 values from 1 variable over 19 timesteps.
cdo    seltimestep: Processed 24500 values from 1 variable over 19 timesteps [0.01s 16MB].
cdo(1) mergetime: Process started
cdo(1) mergetime: Processed 416500 values from 2 variables over 17 timesteps.
cdo    timcumsum: Processed 416500 values from 1 variable over 17 timesteps [0.02s 18MB].
cdo    replace: Processed 3748500 values from 10 variables over 34 timesteps [0.13s 25MB].
Sat Feb 16 01:00:00 PM CET 2019 processed!
Number of files to process with CDO: 90
cdo(1) divc: Process started
cdo(2) setattribute: Process started
cdo(3) chname: Process started
cdo(4) mergetime: Process started
cdo(4) mergetime: Processed 2205000 values from 90 variables over 90 timesteps.
cdo(3) chname: Processed 2205000 values from 1 variable over 90 timesteps.
cdo(2) setattribute: Processed 2205000 values from 1 variable over 90 timesteps.
cdo(1) divc: Processed 2205000 values from 1 variable over 90 timesteps.
cdo    timcumsum: Processed 2205000 values from 1 variable over 90 timesteps [1.80s 73MB].
cdo(1) seltimestep: Process started
cdo(2) shifttime: Process started
cdo(3) copy: Process started
cdo(3) copy: Processed 2205000 values from 1 variable over 90 timesteps.
cdo(2) shifttime: Processed 2205000 values from 1 variable over 90 timesteps.
cdo(1) seltimestep: Processed 24500 values from 1 variable over 2 timesteps.
cdo    mulc: Processed 24500 values from 1 variable over 1 timestep [0.04s 30MB].
cdo    mergetime: Processed 2229500 values from 2 variables over 91 timesteps [0.10s 31MB].
cdo    replace: Processed 20065500 values from 10 variables over 182 timesteps [0.44s 97MB].
0-90 is done
Number of files to process with CDO: 19
cdo(1) divc: Process started
cdo(2) setattribute: Process started
cdo(3) chname: Process started
cdo(4) mergetime: Process started
cdo(4) mergetime: Processed 465500 values from 19 variables over 19 timesteps.
cdo(3) chname: Processed 465500 values from 1 variable over 19 timesteps.
cdo(2) setattribute: Processed 465500 values from 1 variable over 19 timesteps.
cdo(1) divc: Processed 465500 values from 1 variable over 19 timesteps.
cdo    seltimestep: Processed 441000 values from 1 variable over 19 timesteps [0.37s 30MB].
cdo(1) copy: Process started
cdo(1) copy: Processed 2229500 values from 1 variable over 91 timesteps.
cdo    seltimestep: Processed 24500 values from 1 variable over 91 timesteps [0.03s 31MB].
cdo(1) mergetime: Process started
cdo(1) mergetime: Processed 465500 values from 2 variables over 19 timesteps.
cdo    timcumsum: Processed 465500 values from 1 variable over 19 timesteps [0.02s 18MB].
cdo    replace: Processed 4189500 values from 10 variables over 38 timesteps [0.14s 28MB].
90-144 is done
Number of files to process with CDO: 17
cdo(1) divc: Process started
cdo(2) setattribute: Process started
cdo(3) chname: Process started
cdo(4) mergetime: Process started
cdo(4) mergetime: Processed 416500 values from 17 variables over 17 timesteps.
cdo(3) chname: Processed 416500 values from 1 variable over 17 timesteps.
cdo(2) setattribute: Processed 416500 values from 1 variable over 17 timesteps.
cdo(1) divc: Processed 416500 values from 1 variable over 17 timesteps.
cdo    seltimestep: Processed 392000 values from 1 variable over 17 timesteps [0.38s 28MB].
cdo(1) copy: Process started
cdo(1) copy: Processed 465500 values from 1 variable over 19 timesteps.
cdo    seltimestep: Processed 24500 values from 1 variable over 19 timesteps [0.01s 16MB].
cdo(1) mergetime: Process started
cdo(1) mergetime: Processed 416500 values from 2 variables over 17 timesteps.
cdo    timcumsum: Processed 416500 values from 1 variable over 17 timesteps [0.02s 18MB].
cdo    replace: Processed 3748500 values from 10 variables over 34 timesteps [0.13s 26MB].
Sun Feb 17 01:00:00 PM CET 2019 processed!
Number of files to process with CDO: 90
cdo(1) divc: Process started
cdo(2) setattribute: Process started
cdo(3) chname: Process started
cdo(4) mergetime: Process started
cdo(4) mergetime: Processed 2205000 values from 90 variables over 90 timesteps.
cdo(3) chname: Processed 2205000 values from 1 variable over 90 timesteps.
cdo(2) setattribute: Processed 2205000 values from 1 variable over 90 timesteps.
cdo(1) divc: Processed 2205000 values from 1 variable over 90 timesteps.
cdo    timcumsum: Processed 2205000 values from 1 variable over 90 timesteps [1.83s 73MB].
cdo(1) seltimestep: Process started
cdo(2) shifttime: Process started
cdo(3) copy: Process started
cdo(3) copy: Processed 2205000 values from 1 variable over 90 timesteps.
cdo(2) shifttime: Processed 2205000 values from 1 variable over 90 timesteps.
cdo(1) seltimestep: Processed 24500 values from 1 variable over 2 timesteps.
cdo    mulc: Processed 24500 values from 1 variable over 1 timestep [0.04s 31MB].
cdo    mergetime: Processed 2229500 values from 2 variables over 91 timesteps [0.06s 32MB].
cdo    replace: Processed 20065500 values from 10 variables over 182 timesteps [0.43s 96MB].
0-90 is done
Number of files to process with CDO: 19
cdo(1) divc: Process started
cdo(2) setattribute: Process started
cdo(3) chname: Process started
cdo(4) mergetime: Process started
cdo(4) mergetime: Processed 465500 values from 19 variables over 19 timesteps.
cdo(3) chname: Processed 465500 values from 1 variable over 19 timesteps.
cdo(2) setattribute: Processed 465500 values from 1 variable over 19 timesteps.
cdo(1) divc: Processed 465500 values from 1 variable over 19 timesteps.
cdo    seltimestep: Processed 441000 values from 1 variable over 19 timesteps [0.36s 30MB].
cdo(1) copy: Process started
cdo(1) copy: Processed 2229500 values from 1 variable over 91 timesteps.
cdo    seltimestep: Processed 24500 values from 1 variable over 91 timesteps [0.03s 30MB].
cdo(1) mergetime: Process started
cdo(1) mergetime: Processed 465500 values from 2 variables over 19 timesteps.
cdo    timcumsum: Processed 465500 values from 1 variable over 19 timesteps [0.02s 18MB].
cdo    replace: Processed 4189500 values from 10 variables over 38 timesteps [0.16s 29MB].
90-144 is done
Number of files to process with CDO: 17
cdo(1) divc: Process started
cdo(2) setattribute: Process started
cdo(3) chname: Process started
cdo(4) mergetime: Process started
cdo(4) mergetime: Processed 416500 values from 17 variables over 17 timesteps.
cdo(3) chname: Processed 416500 values from 1 variable over 17 timesteps.
cdo(2) setattribute: Processed 416500 values from 1 variable over 17 timesteps.
cdo(1) divc: Processed 416500 values from 1 variable over 17 timesteps.
cdo    seltimestep: Processed 392000 values from 1 variable over 17 timesteps [0.37s 30MB].
cdo(1) copy: Process started
cdo(1) copy: Processed 465500 values from 1 variable over 19 timesteps.
cdo    seltimestep: Processed 24500 values from 1 variable over 19 timesteps [0.01s 18MB].
cdo(1) mergetime: Process started
cdo(1) mergetime: Processed 416500 values from 2 variables over 17 timesteps.
cdo    timcumsum: Processed 416500 values from 1 variable over 17 timesteps [0.02s 18MB].
cdo    replace: Processed 3748500 values from 10 variables over 34 timesteps [0.11s 29MB].
Mon Feb 18 01:00:00 PM CET 2019 processed!
Number of files to process with CDO: 90
cdo(1) divc: Process started
cdo(2) setattribute: Process started
cdo(3) chname: Process started
cdo(4) mergetime: Process started
cdo(4) mergetime: Processed 2205000 values from 90 variables over 90 timesteps.
cdo(3) chname: Processed 2205000 values from 1 variable over 90 timesteps.
cdo(2) setattribute: Processed 2205000 values from 1 variable over 90 timesteps.
cdo(1) divc: Processed 2205000 values from 1 variable over 90 timesteps.
cdo    timcumsum: Processed 2205000 values from 1 variable over 90 timesteps [1.82s 73MB].
cdo(1) seltimestep: Process started
cdo(2) shifttime: Process started
cdo(3) copy: Process started
cdo(3) copy: Processed 2205000 values from 1 variable over 90 timesteps.
cdo(2) shifttime: Processed 2205000 values from 1 variable over 90 timesteps.
cdo(1) seltimestep: Processed 24500 values from 1 variable over 2 timesteps.
cdo    mulc: Processed 24500 values from 1 variable over 1 timestep [0.04s 30MB].
cdo    mergetime: Processed 2229500 values from 2 variables over 91 timesteps [0.07s 31MB].
cdo    replace: Processed 20065500 values from 10 variables over 182 timesteps [0.48s 97MB].
0-90 is done
Number of files to process with CDO: 19
cdo(1) divc: Process started
cdo(2) setattribute: Process started
cdo(3) chname: Process started
cdo(4) mergetime: Process started
cdo(4) mergetime: Processed 465500 values from 19 variables over 19 timesteps.
cdo(3) chname: Processed 465500 values from 1 variable over 19 timesteps.
cdo(2) setattribute: Processed 465500 values from 1 variable over 19 timesteps.
cdo(1) divc: Processed 465500 values from 1 variable over 19 timesteps.
cdo    seltimestep: Processed 441000 values from 1 variable over 19 timesteps [0.42s 30MB].
cdo(1) copy: Process started
cdo(1) copy: Processed 2229500 values from 1 variable over 91 timesteps.
cdo    seltimestep: Processed 24500 values from 1 variable over 91 timesteps [0.03s 31MB].
cdo(1) mergetime: Process started
cdo(1) mergetime: Processed 465500 values from 2 variables over 19 timesteps.
cdo    timcumsum: Processed 465500 values from 1 variable over 19 timesteps [0.02s 18MB].
cdo    replace: Processed 4189500 values from 10 variables over 38 timesteps [0.14s 28MB].
90-144 is done
Number of files to process with CDO: 17
cdo(1) divc: Process started
cdo(2) setattribute: Process started
cdo(3) chname: Process started
cdo(4) mergetime: Process started
cdo(4) mergetime: Processed 416500 values from 17 variables over 17 timesteps.
cdo(3) chname: Processed 416500 values from 1 variable over 17 timesteps.
cdo(2) setattribute: Processed 416500 values from 1 variable over 17 timesteps.
cdo(1) divc: Processed 416500 values from 1 variable over 17 timesteps.
cdo    seltimestep: Processed 392000 values from 1 variable over 17 timesteps [0.34s 30MB].
cdo(1) copy: Process started
cdo(1) copy: Processed 465500 values from 1 variable over 19 timesteps.
cdo    seltimestep: Processed 24500 values from 1 variable over 19 timesteps [0.01s 17MB].
cdo(1) mergetime: Process started
cdo(1) mergetime: Processed 416500 values from 2 variables over 17 timesteps.
cdo    timcumsum: Processed 416500 values from 1 variable over 17 timesteps [0.02s 18MB].
cdo    replace: Processed 3748500 values from 10 variables over 34 timesteps [0.13s 26MB].
Tue Feb 19 01:00:00 PM CET 2019 processed!
Number of files to process with CDO: 90
cdo(1) divc: Process started
cdo(2) setattribute: Process started
cdo(3) chname: Process started
cdo(4) mergetime: Process started
cdo(4) mergetime: Processed 2205000 values from 90 variables over 90 timesteps.
cdo(3) chname: Processed 2205000 values from 1 variable over 90 timesteps.
cdo(2) setattribute: Processed 2205000 values from 1 variable over 90 timesteps.
cdo(1) divc: Processed 2205000 values from 1 variable over 90 timesteps.
cdo    timcumsum: Processed 2205000 values from 1 variable over 90 timesteps [1.85s 73MB].
cdo(1) seltimestep: Process started
cdo(2) shifttime: Process started
cdo(3) copy: Process started
cdo(3) copy: Processed 2205000 values from 1 variable over 90 timesteps.
cdo(2) shifttime: Processed 2205000 values from 1 variable over 90 timesteps.
cdo(1) seltimestep: Processed 24500 values from 1 variable over 2 timesteps.
cdo    mulc: Processed 24500 values from 1 variable over 1 timestep [0.04s 30MB].
cdo    mergetime: Processed 2229500 values from 2 variables over 91 timesteps [0.07s 31MB].
cdo    replace: Processed 20065500 values from 10 variables over 182 timesteps [0.43s 97MB].
0-90 is done
Number of files to process with CDO: 19
cdo(1) divc: Process started
cdo(2) setattribute: Process started
cdo(3) chname: Process started
cdo(4) mergetime: Process started
cdo(4) mergetime: Processed 465500 values from 19 variables over 19 timesteps.
cdo(3) chname: Processed 465500 values from 1 variable over 19 timesteps.
cdo(2) setattribute: Processed 465500 values from 1 variable over 19 timesteps.
cdo(1) divc: Processed 465500 values from 1 variable over 19 timesteps.
cdo    seltimestep: Processed 441000 values from 1 variable over 19 timesteps [0.35s 31MB].
cdo(1) copy: Process started
cdo(1) copy: Processed 2229500 values from 1 variable over 91 timesteps.
cdo    seltimestep: Processed 24500 values from 1 variable over 91 timesteps [0.03s 30MB].
cdo(1) mergetime: Process started
cdo(1) mergetime: Processed 465500 values from 2 variables over 19 timesteps.
cdo    timcumsum: Processed 465500 values from 1 variable over 19 timesteps [0.02s 18MB].
cdo    replace: Processed 4189500 values from 10 variables over 38 timesteps [0.13s 27MB].
90-144 is done
Number of files to process with CDO: 17
cdo(1) divc: Process started
cdo(2) setattribute: Process started
cdo(3) chname: Process started
cdo(4) mergetime: Process started
cdo(4) mergetime: Processed 416500 values from 17 variables over 17 timesteps.
cdo(3) chname: Processed 416500 values from 1 variable over 17 timesteps.
cdo(2) setattribute: Processed 416500 values from 1 variable over 17 timesteps.
cdo(1) divc: Processed 416500 values from 1 variable over 17 timesteps.
cdo    seltimestep: Processed 392000 values from 1 variable over 17 timesteps [0.30s 29MB].
cdo(1) copy: Process started
cdo(1) copy: Processed 465500 values from 1 variable over 19 timesteps.
cdo    seltimestep: Processed 24500 values from 1 variable over 19 timesteps [0.01s 17MB].
cdo(1) mergetime: Process started
cdo(1) mergetime: Processed 416500 values from 2 variables over 17 timesteps.
cdo    timcumsum: Processed 416500 values from 1 variable over 17 timesteps [0.02s 18MB].
cdo    replace: Processed 3748500 values from 10 variables over 34 timesteps [0.13s 28MB].
Wed Feb 20 01:00:00 PM CET 2019 processed!
Number of files to process with CDO: 90
cdo(1) divc: Process started
cdo(2) setattribute: Process started
cdo(3) chname: Process started
cdo(4) mergetime: Process started
cdo(4) mergetime: Processed 2205000 values from 90 variables over 90 timesteps.
cdo(3) chname: Processed 2205000 values from 1 variable over 90 timesteps.
cdo(2) setattribute: Processed 2205000 values from 1 variable over 90 timesteps.
cdo(1) divc: Processed 2205000 values from 1 variable over 90 timesteps.
cdo    timcumsum: Processed 2205000 values from 1 variable over 90 timesteps [1.79s 73MB].
cdo(1) seltimestep: Process started
cdo(2) shifttime: Process started
cdo(3) copy: Process started
cdo(3) copy: Processed 2205000 values from 1 variable over 90 timesteps.
cdo(2) shifttime: Processed 2205000 values from 1 variable over 90 timesteps.
cdo(1) seltimestep: Processed 24500 values from 1 variable over 2 timesteps.
cdo    mulc: Processed 24500 values from 1 variable over 1 timestep [0.04s 30MB].
cdo    mergetime: Processed 2229500 values from 2 variables over 91 timesteps [0.06s 32MB].
cdo    replace: Processed 20065500 values from 10 variables over 182 timesteps [0.46s 98MB].
0-90 is done
Number of files to process with CDO: 19
cdo(1) divc: Process started
cdo(2) setattribute: Process started
cdo(3) chname: Process started
cdo(4) mergetime: Process started
cdo(4) mergetime: Processed 465500 values from 19 variables over 19 timesteps.
cdo(3) chname: Processed 465500 values from 1 variable over 19 timesteps.
cdo(2) setattribute: Processed 465500 values from 1 variable over 19 timesteps.
cdo(1) divc: Processed 465500 values from 1 variable over 19 timesteps.
cdo    seltimestep: Processed 441000 values from 1 variable over 19 timesteps [0.40s 30MB].
cdo(1) copy: Process started
cdo(1) copy: Processed 2229500 values from 1 variable over 91 timesteps.
cdo    seltimestep: Processed 24500 values from 1 variable over 91 timesteps [0.03s 31MB].
cdo(1) mergetime: Process started
cdo(1) mergetime: Processed 465500 values from 2 variables over 19 timesteps.
cdo    timcumsum: Processed 465500 values from 1 variable over 19 timesteps [0.02s 18MB].
cdo    replace: Processed 4189500 values from 10 variables over 38 timesteps [0.13s 28MB].
90-144 is done
Number of files to process with CDO: 17
cdo(1) divc: Process started
cdo(2) setattribute: Process started
cdo(3) chname: Process started
cdo(4) mergetime: Process started
cdo(4) mergetime: Processed 416500 values from 17 variables over 17 timesteps.
cdo(3) chname: Processed 416500 values from 1 variable over 17 timesteps.
cdo(2) setattribute: Processed 416500 values from 1 variable over 17 timesteps.
cdo(1) divc: Processed 416500 values from 1 variable over 17 timesteps.
cdo    seltimestep: Processed 392000 values from 1 variable over 17 timesteps [0.37s 28MB].
cdo(1) copy: Process started
cdo(1) copy: Processed 465500 values from 1 variable over 19 timesteps.
cdo    seltimestep: Processed 24500 values from 1 variable over 19 timesteps [0.01s 17MB].
cdo(1) mergetime: Process started
cdo(1) mergetime: Processed 416500 values from 2 variables over 17 timesteps.
cdo    timcumsum: Processed 416500 values from 1 variable over 17 timesteps [0.02s 18MB].
cdo    replace: Processed 3748500 values from 10 variables over 34 timesteps [0.12s 26MB].
Thu Feb 21 01:00:00 PM CET 2019 processed!
Number of files to process with CDO: 90
cdo(1) divc: Process started
cdo(2) setattribute: Process started
cdo(3) chname: Process started
cdo(4) mergetime: Process started
cdo(4) mergetime: Processed 2205000 values from 90 variables over 90 timesteps.
cdo(3) chname: Processed 2205000 values from 1 variable over 90 timesteps.
cdo(2) setattribute: Processed 2205000 values from 1 variable over 90 timesteps.
cdo(1) divc: Processed 2205000 values from 1 variable over 90 timesteps.
cdo    timcumsum: Processed 2205000 values from 1 variable over 90 timesteps [1.81s 73MB].
cdo(1) seltimestep: Process started
cdo(2) shifttime: Process started
cdo(3) copy: Process started
cdo(3) copy: Processed 2205000 values from 1 variable over 90 timesteps.
cdo(2) shifttime: Processed 2205000 values from 1 variable over 90 timesteps.
cdo(1) seltimestep: Processed 24500 values from 1 variable over 2 timesteps.
cdo    mulc: Processed 24500 values from 1 variable over 1 timestep [0.04s 30MB].
cdo    mergetime: Processed 2229500 values from 2 variables over 91 timesteps [0.06s 33MB].
cdo    replace: Processed 20065500 values from 10 variables over 182 timesteps [0.43s 96MB].
0-90 is done
Number of files to process with CDO: 19
cdo(1) divc: Process started
cdo(2) setattribute: Process started
cdo(3) chname: Process started
cdo(4) mergetime: Process started
cdo(4) mergetime: Processed 465500 values from 19 variables over 19 timesteps.
cdo(3) chname: Processed 465500 values from 1 variable over 19 timesteps.
cdo(2) setattribute: Processed 465500 values from 1 variable over 19 timesteps.
cdo(1) divc: Processed 465500 values from 1 variable over 19 timesteps.
cdo    seltimestep: Processed 441000 values from 1 variable over 19 timesteps [0.42s 30MB].
cdo(1) copy: Process started
cdo(1) copy: Processed 2229500 values from 1 variable over 91 timesteps.
cdo    seltimestep: Processed 24500 values from 1 variable over 91 timesteps [0.03s 30MB].
cdo(1) mergetime: Process started
cdo(1) mergetime: Processed 465500 values from 2 variables over 19 timesteps.
cdo    timcumsum: Processed 465500 values from 1 variable over 19 timesteps [0.02s 18MB].
cdo    replace: Processed 4189500 values from 10 variables over 38 timesteps [0.13s 27MB].
90-144 is done
Number of files to process with CDO: 17
cdo(1) divc: Process started
cdo(2) setattribute: Process started
cdo(3) chname: Process started
cdo(4) mergetime: Process started
cdo(4) mergetime: Processed 416500 values from 17 variables over 17 timesteps.
cdo(3) chname: Processed 416500 values from 1 variable over 17 timesteps.
cdo(2) setattribute: Processed 416500 values from 1 variable over 17 timesteps.
cdo(1) divc: Processed 416500 values from 1 variable over 17 timesteps.
cdo    seltimestep: Processed 392000 values from 1 variable over 17 timesteps [0.36s 28MB].
cdo(1) copy: Process started
cdo(1) copy: Processed 465500 values from 1 variable over 19 timesteps.
cdo    seltimestep: Processed 24500 values from 1 variable over 19 timesteps [0.01s 17MB].
cdo(1) mergetime: Process started
cdo(1) mergetime: Processed 416500 values from 2 variables over 17 timesteps.
cdo    timcumsum: Processed 416500 values from 1 variable over 17 timesteps [0.02s 18MB].
cdo    replace: Processed 3748500 values from 10 variables over 34 timesteps [0.13s 26MB].
Fri Feb 22 01:00:00 PM CET 2019 processed!
Number of files to process with CDO: 90
cdo(1) divc: Process started
cdo(2) setattribute: Process started
cdo(3) chname: Process started
cdo(4) mergetime: Process started
cdo(4) mergetime: Processed 2205000 values from 90 variables over 90 timesteps.
cdo(3) chname: Processed 2205000 values from 1 variable over 90 timesteps.
cdo(2) setattribute: Processed 2205000 values from 1 variable over 90 timesteps.
cdo(1) divc: Processed 2205000 values from 1 variable over 90 timesteps.
cdo    timcumsum: Processed 2205000 values from 1 variable over 90 timesteps [1.79s 75MB].
cdo(1) seltimestep: Process started
cdo(2) shifttime: Process started
cdo(3) copy: Process started
cdo(3) copy: Processed 2205000 values from 1 variable over 90 timesteps.
cdo(2) shifttime: Processed 2205000 values from 1 variable over 90 timesteps.
cdo(1) seltimestep: Processed 24500 values from 1 variable over 2 timesteps.
cdo    mulc: Processed 24500 values from 1 variable over 1 timestep [0.04s 30MB].
cdo    mergetime: Processed 2229500 values from 2 variables over 91 timesteps [0.06s 32MB].
cdo    replace: Processed 20065500 values from 10 variables over 182 timesteps [0.51s 97MB].
0-90 is done
Number of files to process with CDO: 19
cdo(1) divc: Process started
cdo(2) setattribute: Process started
cdo(3) chname: Process started
cdo(4) mergetime: Process started
cdo(4) mergetime: Processed 465500 values from 19 variables over 19 timesteps.
cdo(3) chname: Processed 465500 values from 1 variable over 19 timesteps.
cdo(2) setattribute: Processed 465500 values from 1 variable over 19 timesteps.
cdo(1) divc: Processed 465500 values from 1 variable over 19 timesteps.
cdo    seltimestep: Processed 441000 values from 1 variable over 19 timesteps [0.39s 30MB].
cdo(1) copy: Process started
cdo(1) copy: Processed 2229500 values from 1 variable over 91 timesteps.
cdo    seltimestep: Processed 24500 values from 1 variable over 91 timesteps [0.03s 31MB].
cdo(1) mergetime: Process started
cdo(1) mergetime: Processed 465500 values from 2 variables over 19 timesteps.
cdo    timcumsum: Processed 465500 values from 1 variable over 19 timesteps [0.02s 18MB].
cdo    replace: Processed 4189500 values from 10 variables over 38 timesteps [0.12s 27MB].
90-144 is done
Number of files to process with CDO: 17
cdo(1) divc: Process started
cdo(2) setattribute: Process started
cdo(3) chname: Process started
cdo(4) mergetime: Process started
cdo(4) mergetime: Processed 416500 values from 17 variables over 17 timesteps.
cdo(3) chname: Processed 416500 values from 1 variable over 17 timesteps.
cdo(2) setattribute: Processed 416500 values from 1 variable over 17 timesteps.
cdo(1) divc: Processed 416500 values from 1 variable over 17 timesteps.
cdo    seltimestep: Processed 392000 values from 1 variable over 17 timesteps [0.38s 28MB].
cdo(1) copy: Process started
cdo(1) copy: Processed 465500 values from 1 variable over 19 timesteps.
cdo    seltimestep: Processed 24500 values from 1 variable over 19 timesteps [0.01s 18MB].
cdo(1) mergetime: Process started
cdo(1) mergetime: Processed 416500 values from 2 variables over 17 timesteps.
cdo    timcumsum: Processed 416500 values from 1 variable over 17 timesteps [0.02s 18MB].
cdo    replace: Processed 3748500 values from 10 variables over 34 timesteps [0.13s 26MB].
Sat Feb 23 01:00:00 PM CET 2019 processed!
Number of files to process with CDO: 90
cdo(1) divc: Process started
cdo(2) setattribute: Process started
cdo(3) chname: Process started
cdo(4) mergetime: Process started
cdo(4) mergetime: Processed 2205000 values from 90 variables over 90 timesteps.
cdo(3) chname: Processed 2205000 values from 1 variable over 90 timesteps.
cdo(2) setattribute: Processed 2205000 values from 1 variable over 90 timesteps.
cdo(1) divc: Processed 2205000 values from 1 variable over 90 timesteps.
cdo    timcumsum: Processed 2205000 values from 1 variable over 90 timesteps [1.85s 73MB].
cdo(1) seltimestep: Process started
cdo(2) shifttime: Process started
cdo(3) copy: Process started
cdo(3) copy: Processed 2205000 values from 1 variable over 90 timesteps.
cdo(2) shifttime: Processed 2205000 values from 1 variable over 90 timesteps.
cdo(1) seltimestep: Processed 24500 values from 1 variable over 2 timesteps.
cdo    mulc: Processed 24500 values from 1 variable over 1 timestep [0.05s 30MB].
cdo    mergetime: Processed 2229500 values from 2 variables over 91 timesteps [0.07s 31MB].
cdo    replace: Processed 20065500 values from 10 variables over 182 timesteps [0.44s 97MB].
0-90 is done
Number of files to process with CDO: 19
cdo(1) divc: Process started
cdo(2) setattribute: Process started
cdo(3) chname: Process started
cdo(4) mergetime: Process started
cdo(4) mergetime: Processed 465500 values from 19 variables over 19 timesteps.
cdo(3) chname: Processed 465500 values from 1 variable over 19 timesteps.
cdo(2) setattribute: Processed 465500 values from 1 variable over 19 timesteps.
cdo(1) divc: Processed 465500 values from 1 variable over 19 timesteps.
cdo    seltimestep: Processed 441000 values from 1 variable over 19 timesteps [0.35s 30MB].
cdo(1) copy: Process started
cdo(1) copy: Processed 2229500 values from 1 variable over 91 timesteps.
cdo    seltimestep: Processed 24500 values from 1 variable over 91 timesteps [0.03s 31MB].
cdo(1) mergetime: Process started
cdo(1) mergetime: Processed 465500 values from 2 variables over 19 timesteps.
cdo    timcumsum: Processed 465500 values from 1 variable over 19 timesteps [0.02s 18MB].
cdo    replace: Processed 4189500 values from 10 variables over 38 timesteps [0.15s 28MB].
90-144 is done
Number of files to process with CDO: 17
cdo(1) divc: Process started
cdo(2) setattribute: Process started
cdo(3) chname: Process started
cdo(4) mergetime: Process started
cdo(4) mergetime: Processed 416500 values from 17 variables over 17 timesteps.
cdo(3) chname: Processed 416500 values from 1 variable over 17 timesteps.
cdo(2) setattribute: Processed 416500 values from 1 variable over 17 timesteps.
cdo(1) divc: Processed 416500 values from 1 variable over 17 timesteps.
cdo    seltimestep: Processed 392000 values from 1 variable over 17 timesteps [0.34s 30MB].
cdo(1) copy: Process started
cdo(1) copy: Processed 465500 values from 1 variable over 19 timesteps.
cdo    seltimestep: Processed 24500 values from 1 variable over 19 timesteps [0.01s 16MB].
cdo(1) mergetime: Process started
cdo(1) mergetime: Processed 416500 values from 2 variables over 17 timesteps.
cdo    timcumsum: Processed 416500 values from 1 variable over 17 timesteps [0.02s 18MB].
cdo    replace: Processed 3748500 values from 10 variables over 34 timesteps [0.13s 27MB].
Sun Feb 24 01:00:00 PM CET 2019 processed!
Number of files to process with CDO: 90
cdo(1) divc: Process started
cdo(2) setattribute: Process started
cdo(3) chname: Process started
cdo(4) mergetime: Process started
cdo(4) mergetime: Processed 2205000 values from 90 variables over 90 timesteps.
cdo(3) chname: Processed 2205000 values from 1 variable over 90 timesteps.
cdo(2) setattribute: Processed 2205000 values from 1 variable over 90 timesteps.
cdo(1) divc: Processed 2205000 values from 1 variable over 90 timesteps.
cdo    timcumsum: Processed 2205000 values from 1 variable over 90 timesteps [1.79s 73MB].
cdo(1) seltimestep: Process started
cdo(2) shifttime: Process started
cdo(3) copy: Process started
cdo(3) copy: Processed 2205000 values from 1 variable over 90 timesteps.
cdo(2) shifttime: Processed 2205000 values from 1 variable over 90 timesteps.
cdo(1) seltimestep: Processed 24500 values from 1 variable over 2 timesteps.
cdo    mulc: Processed 24500 values from 1 variable over 1 timestep [0.04s 30MB].
cdo    mergetime: Processed 2229500 values from 2 variables over 91 timesteps [0.06s 31MB].
cdo    replace: Processed 20065500 values from 10 variables over 182 timesteps [0.49s 96MB].
0-90 is done
Number of files to process with CDO: 19
cdo(1) divc: Process started
cdo(2) setattribute: Process started
cdo(3) chname: Process started
cdo(4) mergetime: Process started
cdo(4) mergetime: Processed 465500 values from 19 variables over 19 timesteps.
cdo(3) chname: Processed 465500 values from 1 variable over 19 timesteps.
cdo(2) setattribute: Processed 465500 values from 1 variable over 19 timesteps.
cdo(1) divc: Processed 465500 values from 1 variable over 19 timesteps.
cdo    seltimestep: Processed 441000 values from 1 variable over 19 timesteps [0.42s 30MB].
cdo(1) copy: Process started
cdo(1) copy: Processed 2229500 values from 1 variable over 91 timesteps.
cdo    seltimestep: Processed 24500 values from 1 variable over 91 timesteps [0.03s 30MB].
cdo(1) mergetime: Process started
cdo(1) mergetime: Processed 465500 values from 2 variables over 19 timesteps.
cdo    timcumsum: Processed 465500 values from 1 variable over 19 timesteps [0.02s 18MB].
cdo    replace: Processed 4189500 values from 10 variables over 38 timesteps [0.13s 28MB].
90-144 is done
Number of files to process with CDO: 17
cdo(1) divc: Process started
cdo(2) setattribute: Process started
cdo(3) chname: Process started
cdo(4) mergetime: Process started
cdo(4) mergetime: Processed 416500 values from 17 variables over 17 timesteps.
cdo(3) chname: Processed 416500 values from 1 variable over 17 timesteps.
cdo(2) setattribute: Processed 416500 values from 1 variable over 17 timesteps.
cdo(1) divc: Processed 416500 values from 1 variable over 17 timesteps.
cdo    seltimestep: Processed 392000 values from 1 variable over 17 timesteps [0.36s 28MB].
cdo(1) copy: Process started
cdo(1) copy: Processed 465500 values from 1 variable over 19 timesteps.
cdo    seltimestep: Processed 24500 values from 1 variable over 19 timesteps [0.01s 17MB].
cdo(1) mergetime: Process started
cdo(1) mergetime: Processed 416500 values from 2 variables over 17 timesteps.
cdo    timcumsum: Processed 416500 values from 1 variable over 17 timesteps [0.02s 18MB].
cdo    replace: Processed 3748500 values from 10 variables over 34 timesteps [0.13s 25MB].
Mon Feb 25 01:00:00 PM CET 2019 processed!
Number of files to process with CDO: 90
cdo(1) divc: Process started
cdo(2) setattribute: Process started
cdo(3) chname: Process started
cdo(4) mergetime: Process started
cdo(4) mergetime: Processed 2205000 values from 90 variables over 90 timesteps.
cdo(3) chname: Processed 2205000 values from 1 variable over 90 timesteps.
cdo(2) setattribute: Processed 2205000 values from 1 variable over 90 timesteps.
cdo(1) divc: Processed 2205000 values from 1 variable over 90 timesteps.
cdo    timcumsum: Processed 2205000 values from 1 variable over 90 timesteps [1.66s 75MB].
cdo(1) seltimestep: Process started
cdo(2) shifttime: Process started
cdo(3) copy: Process started
cdo(3) copy: Processed 2205000 values from 1 variable over 90 timesteps.
cdo(2) shifttime: Processed 2205000 values from 1 variable over 90 timesteps.
cdo(1) seltimestep: Processed 24500 values from 1 variable over 2 timesteps.
cdo    mulc: Processed 24500 values from 1 variable over 1 timestep [0.04s 30MB].
cdo    mergetime: Processed 2229500 values from 2 variables over 91 timesteps [0.06s 31MB].
cdo    replace: Processed 20065500 values from 10 variables over 182 timesteps [0.45s 97MB].
0-90 is done
Number of files to process with CDO: 19
cdo(1) divc: Process started
cdo(2) setattribute: Process started
cdo(3) chname: Process started
cdo(4) mergetime: Process started
cdo(4) mergetime: Processed 465500 values from 19 variables over 19 timesteps.
cdo(3) chname: Processed 465500 values from 1 variable over 19 timesteps.
cdo(2) setattribute: Processed 465500 values from 1 variable over 19 timesteps.
cdo(1) divc: Processed 465500 values from 1 variable over 19 timesteps.
cdo    seltimestep: Processed 441000 values from 1 variable over 19 timesteps [0.44s 30MB].
cdo(1) copy: Process started
cdo(1) copy: Processed 2229500 values from 1 variable over 91 timesteps.
cdo    seltimestep: Processed 24500 values from 1 variable over 91 timesteps [0.05s 30MB].
cdo(1) mergetime: Process started
cdo(1) mergetime: Processed 465500 values from 2 variables over 19 timesteps.
cdo    timcumsum: Processed 465500 values from 1 variable over 19 timesteps [0.02s 18MB].
cdo    replace: Processed 4189500 values from 10 variables over 38 timesteps [0.12s 29MB].
90-144 is done
Number of files to process with CDO: 17
cdo(1) divc: Process started
cdo(2) setattribute: Process started
cdo(3) chname: Process started
cdo(4) mergetime: Process started
cdo(4) mergetime: Processed 416500 values from 17 variables over 17 timesteps.
cdo(3) chname: Processed 416500 values from 1 variable over 17 timesteps.
cdo(2) setattribute: Processed 416500 values from 1 variable over 17 timesteps.
cdo(1) divc: Processed 416500 values from 1 variable over 17 timesteps.
cdo    seltimestep: Processed 392000 values from 1 variable over 17 timesteps [0.38s 29MB].
cdo(1) copy: Process started
cdo(1) copy: Processed 465500 values from 1 variable over 19 timesteps.
cdo    seltimestep: Processed 24500 values from 1 variable over 19 timesteps [0.01s 17MB].
cdo(1) mergetime: Process started
cdo(1) mergetime: Processed 416500 values from 2 variables over 17 timesteps.
cdo    timcumsum: Processed 416500 values from 1 variable over 17 timesteps [0.02s 18MB].
cdo    replace: Processed 3748500 values from 10 variables over 34 timesteps [0.11s 28MB].
Tue Feb 26 01:00:00 PM CET 2019 processed!
Number of files to process with CDO: 90
cdo(1) divc: Process started
cdo(2) setattribute: Process started
cdo(3) chname: Process started
cdo(4) mergetime: Process started
cdo(4) mergetime: Processed 2205000 values from 90 variables over 90 timesteps.
cdo(3) chname: Processed 2205000 values from 1 variable over 90 timesteps.
cdo(2) setattribute: Processed 2205000 values from 1 variable over 90 timesteps.
cdo(1) divc: Processed 2205000 values from 1 variable over 90 timesteps.
cdo    timcumsum: Processed 2205000 values from 1 variable over 90 timesteps [2.04s 73MB].
cdo(1) seltimestep: Process started
cdo(2) shifttime: Process started
cdo(3) copy: Process started
cdo(3) copy: Processed 2205000 values from 1 variable over 90 timesteps.
cdo(2) shifttime: Processed 2205000 values from 1 variable over 90 timesteps.
cdo(1) seltimestep: Processed 24500 values from 1 variable over 2 timesteps.
cdo    mulc: Processed 24500 values from 1 variable over 1 timestep [0.04s 30MB].
cdo    mergetime: Processed 2229500 values from 2 variables over 91 timesteps [0.06s 32MB].
cdo    replace: Processed 20065500 values from 10 variables over 182 timesteps [0.46s 96MB].
0-90 is done
Number of files to process with CDO: 19
cdo(1) divc: Process started
cdo(2) setattribute: Process started
cdo(3) chname: Process started
cdo(4) mergetime: Process started
cdo(4) mergetime: Processed 465500 values from 19 variables over 19 timesteps.
cdo(3) chname: Processed 465500 values from 1 variable over 19 timesteps.
cdo(2) setattribute: Processed 465500 values from 1 variable over 19 timesteps.
cdo(1) divc: Processed 465500 values from 1 variable over 19 timesteps.
cdo    seltimestep: Processed 441000 values from 1 variable over 19 timesteps [0.40s 30MB].
cdo(1) copy: Process started
cdo(1) copy: Processed 2229500 values from 1 variable over 91 timesteps.
cdo    seltimestep: Processed 24500 values from 1 variable over 91 timesteps [0.03s 31MB].
cdo(1) mergetime: Process started
cdo(1) mergetime: Processed 465500 values from 2 variables over 19 timesteps.
cdo    timcumsum: Processed 465500 values from 1 variable over 19 timesteps [0.02s 18MB].
cdo    replace: Processed 4189500 values from 10 variables over 38 timesteps [0.13s 31MB].
90-144 is done
Number of files to process with CDO: 17
cdo(1) divc: Process started
cdo(2) setattribute: Process started
cdo(3) chname: Process started
cdo(4) mergetime: Process started
cdo(4) mergetime: Processed 416500 values from 17 variables over 17 timesteps.
cdo(3) chname: Processed 416500 values from 1 variable over 17 timesteps.
cdo(2) setattribute: Processed 416500 values from 1 variable over 17 timesteps.
cdo(1) divc: Processed 416500 values from 1 variable over 17 timesteps.
cdo    seltimestep: Processed 392000 values from 1 variable over 17 timesteps [0.44s 28MB].
cdo(1) copy: Process started
cdo(1) copy: Processed 465500 values from 1 variable over 19 timesteps.
cdo    seltimestep: Processed 24500 values from 1 variable over 19 timesteps [0.01s 16MB].
cdo(1) mergetime: Process started
cdo(1) mergetime: Processed 416500 values from 2 variables over 17 timesteps.
cdo    timcumsum: Processed 416500 values from 1 variable over 17 timesteps [0.03s 18MB].
cdo    replace: Processed 3748500 values from 10 variables over 34 timesteps [0.12s 27MB].
Wed Feb 27 01:00:00 PM CET 2019 processed!
Number of files to process with CDO: 90
cdo(1) divc: Process started
cdo(2) setattribute: Process started
cdo(3) chname: Process started
cdo(4) mergetime: Process started
cdo(4) mergetime: Processed 2205000 values from 90 variables over 90 timesteps.
cdo(3) chname: Processed 2205000 values from 1 variable over 90 timesteps.
cdo(2) setattribute: Processed 2205000 values from 1 variable over 90 timesteps.
cdo(1) divc: Processed 2205000 values from 1 variable over 90 timesteps.
cdo    timcumsum: Processed 2205000 values from 1 variable over 90 timesteps [1.75s 73MB].
cdo(1) seltimestep: Process started
cdo(2) shifttime: Process started
cdo(3) copy: Process started
cdo(3) copy: Processed 2205000 values from 1 variable over 90 timesteps.
cdo(2) shifttime: Processed 2205000 values from 1 variable over 90 timesteps.
cdo(1) seltimestep: Processed 24500 values from 1 variable over 2 timesteps.
cdo    mulc: Processed 24500 values from 1 variable over 1 timestep [0.03s 30MB].
cdo    mergetime: Processed 2229500 values from 2 variables over 91 timesteps [0.06s 32MB].
cdo    replace: Processed 20065500 values from 10 variables over 182 timesteps [0.45s 98MB].
0-90 is done
Number of files to process with CDO: 19
cdo(1) divc: Process started
cdo(2) setattribute: Process started
cdo(3) chname: Process started
cdo(4) mergetime: Process started
cdo(4) mergetime: Processed 465500 values from 19 variables over 19 timesteps.
cdo(3) chname: Processed 465500 values from 1 variable over 19 timesteps.
cdo(2) setattribute: Processed 465500 values from 1 variable over 19 timesteps.
cdo(1) divc: Processed 465500 values from 1 variable over 19 timesteps.
cdo    seltimestep: Processed 441000 values from 1 variable over 19 timesteps [0.36s 31MB].
cdo(1) copy: Process started
cdo(1) copy: Processed 2229500 values from 1 variable over 91 timesteps.
cdo    seltimestep: Processed 24500 values from 1 variable over 91 timesteps [0.03s 30MB].
cdo(1) mergetime: Process started
cdo(1) mergetime: Processed 465500 values from 2 variables over 19 timesteps.
cdo    timcumsum: Processed 465500 values from 1 variable over 19 timesteps [0.02s 18MB].
cdo    replace: Processed 4189500 values from 10 variables over 38 timesteps [0.13s 27MB].
90-144 is done
Number of files to process with CDO: 17
cdo(1) divc: Process started
cdo(2) setattribute: Process started
cdo(3) chname: Process started
cdo(4) mergetime: Process started
cdo(4) mergetime: Processed 416500 values from 17 variables over 17 timesteps.
cdo(3) chname: Processed 416500 values from 1 variable over 17 timesteps.
cdo(2) setattribute: Processed 416500 values from 1 variable over 17 timesteps.
cdo(1) divc: Processed 416500 values from 1 variable over 17 timesteps.
cdo    seltimestep: Processed 392000 values from 1 variable over 17 timesteps [0.34s 28MB].
cdo(1) copy: Process started
cdo(1) copy: Processed 465500 values from 1 variable over 19 timesteps.
cdo    seltimestep: Processed 24500 values from 1 variable over 19 timesteps [0.01s 16MB].
cdo(1) mergetime: Process started
cdo(1) mergetime: Processed 416500 values from 2 variables over 17 timesteps.
cdo    timcumsum: Processed 416500 values from 1 variable over 17 timesteps [0.02s 17MB].
cdo    replace: Processed 3748500 values from 10 variables over 34 timesteps [0.14s 29MB].
Thu Feb 28 01:00:00 PM CET 2019 processed!
Number of files to process with CDO: 90
cdo(1) divc: Process started
cdo(2) setattribute: Process started
cdo(3) chname: Process started
cdo(4) mergetime: Process started
cdo(4) mergetime: Processed 2205000 values from 90 variables over 90 timesteps.
cdo(3) chname: Processed 2205000 values from 1 variable over 90 timesteps.
cdo(2) setattribute: Processed 2205000 values from 1 variable over 90 timesteps.
cdo(1) divc: Processed 2205000 values from 1 variable over 90 timesteps.
cdo    timcumsum: Processed 2205000 values from 1 variable over 90 timesteps [1.51s 72MB].
cdo(1) seltimestep: Process started
cdo(2) shifttime: Process started
cdo(3) copy: Process started
cdo(3) copy: Processed 2205000 values from 1 variable over 90 timesteps.
cdo(2) shifttime: Processed 2205000 values from 1 variable over 90 timesteps.
cdo(1) seltimestep: Processed 24500 values from 1 variable over 2 timesteps.
cdo    mulc: Processed 24500 values from 1 variable over 1 timestep [0.04s 29MB].
cdo    mergetime: Processed 2229500 values from 2 variables over 91 timesteps [0.10s 33MB].
cdo    replace: Processed 20065500 values from 10 variables over 182 timesteps [0.48s 97MB].
0-90 is done
Number of files to process with CDO: 19
cdo(1) divc: Process started
cdo(2) setattribute: Process started
cdo(3) chname: Process started
cdo(4) mergetime: Process started
cdo(4) mergetime: Processed 465500 values from 19 variables over 19 timesteps.
cdo(3) chname: Processed 465500 values from 1 variable over 19 timesteps.
cdo(2) setattribute: Processed 465500 values from 1 variable over 19 timesteps.
cdo(1) divc: Processed 465500 values from 1 variable over 19 timesteps.
cdo    seltimestep: Processed 441000 values from 1 variable over 19 timesteps [0.33s 30MB].
cdo(1) copy: Process started
cdo(1) copy: Processed 2229500 values from 1 variable over 91 timesteps.
cdo    seltimestep: Processed 24500 values from 1 variable over 91 timesteps [0.03s 30MB].
cdo(1) mergetime: Process started
cdo(1) mergetime: Processed 465500 values from 2 variables over 19 timesteps.
cdo    timcumsum: Processed 465500 values from 1 variable over 19 timesteps [0.03s 18MB].
cdo    replace: Processed 4189500 values from 10 variables over 38 timesteps [0.12s 27MB].
90-144 is done
Number of files to process with CDO: 17
cdo(1) divc: Process started
cdo(2) setattribute: Process started
cdo(3) chname: Process started
cdo(4) mergetime: Process started
cdo(4) mergetime: Processed 416500 values from 17 variables over 17 timesteps.
cdo(3) chname: Processed 416500 values from 1 variable over 17 timesteps.
cdo(2) setattribute: Processed 416500 values from 1 variable over 17 timesteps.
cdo(1) divc: Processed 416500 values from 1 variable over 17 timesteps.
cdo    seltimestep: Processed 392000 values from 1 variable over 17 timesteps [0.45s 28MB].
cdo(1) copy: Process started
cdo(1) copy: Processed 465500 values from 1 variable over 19 timesteps.
cdo    seltimestep: Processed 24500 values from 1 variable over 19 timesteps [0.01s 17MB].
cdo(1) mergetime: Process started
cdo(1) mergetime: Processed 416500 values from 2 variables over 17 timesteps.
cdo    timcumsum: Processed 416500 values from 1 variable over 17 timesteps [0.03s 18MB].
cdo    replace: Processed 3748500 values from 10 variables over 34 timesteps [0.14s 27MB].
Fri Mar 1 01:00:00 PM CET 2019 processed!
