All necessary directories have been created or already exist.
Step 4) Create datasets for each YYYYMMDD and temporal resolution (hourly, three-hourly, and six-hourly)
Number of files to process with CDO: 90
cdo(1) divc: Process started
cdo(2) setattribute: Process started
cdo(3) chname: Process started
cdo(4) mergetime: Process started
cdo(4) mergetime: Processed 2205000 values from 90 variables over 90 timesteps.
cdo(3) chname: Processed 2205000 values from 1 variable over 90 timesteps.
cdo(2) setattribute: Processed 2205000 values from 1 variable over 90 timesteps.
cdo(1) divc: Processed 2205000 values from 1 variable over 90 timesteps.
cdo    timcumsum: Processed 2205000 values from 1 variable over 90 timesteps [1.83s 72MB].
cdo(1) seltimestep: Process started
cdo(2) shifttime: Process started
cdo(3) copy: Process started
cdo(3) copy: Processed 2205000 values from 1 variable over 90 timesteps.
cdo(2) shifttime: Processed 2205000 values from 1 variable over 90 timesteps.
cdo(1) seltimestep: Processed 24500 values from 1 variable over 2 timesteps.
cdo    mulc: Processed 24500 values from 1 variable over 1 timestep [0.05s 30MB].
cdo    mergetime: Processed 2229500 values from 2 variables over 91 timesteps [0.15s 31MB].
cdo    replace: Processed 20065500 values from 10 variables over 182 timesteps [0.49s 98MB].
0-90 is done
Number of files to process with CDO: 18
cdo(1) setattribute: Process started
cdo(2) chname: Process started
cdo(3) mergetime: Process started
cdo(3) mergetime: Processed 441000 values from 18 variables over 18 timesteps.
cdo(2) chname: Processed 441000 values from 1 variable over 18 timesteps.
cdo(1) setattribute: Processed 441000 values from 1 variable over 18 timesteps.
cdo    divc: Processed 441000 values from 1 variable over 18 timesteps [0.38s 30MB].
cdo(1) copy: Process started
cdo(1) copy: Processed 2229500 values from 1 variable over 91 timesteps.
cdo    seltimestep: Processed 24500 values from 1 variable over 91 timesteps [0.02s 31MB].
cdo(1) mergetime: Process started
cdo(1) mergetime: Processed 465500 values from 2 variables over 19 timesteps.
cdo    timcumsum: Processed 465500 values from 1 variable over 19 timesteps [0.04s 18MB].
cdo    replace: Processed 4189500 values from 10 variables over 38 timesteps [0.24s 28MB].
90-144 is done
Number of files to process with CDO: 16
cdo(1) setattribute: Process started
cdo(2) chname: Process started
cdo(3) mergetime: Process started
cdo(3) mergetime: Processed 392000 values from 16 variables over 16 timesteps.
cdo(2) chname: Processed 392000 values from 1 variable over 16 timesteps.
cdo(1) setattribute: Processed 392000 values from 1 variable over 16 timesteps.
cdo    divc: Processed 392000 values from 1 variable over 16 timesteps [0.27s 29MB].
cdo(1) copy: Process started
cdo(1) copy: Processed 465500 values from 1 variable over 19 timesteps.
cdo    seltimestep: Processed 24500 values from 1 variable over 19 timesteps [0.01s 18MB].
cdo(1) mergetime: Process started
cdo(1) mergetime: Processed 416500 values from 2 variables over 17 timesteps.
cdo    timcumsum: Processed 416500 values from 1 variable over 17 timesteps [0.04s 18MB].
cdo    replace: Processed 3748500 values from 10 variables over 34 timesteps [0.11s 26MB].
20210401 13 processed!
Number of files to process with CDO: 90
cdo(1) divc: Process started
cdo(2) setattribute: Process started
cdo(3) chname: Process started
cdo(4) mergetime: Process started
cdo(4) mergetime: Processed 2205000 values from 90 variables over 90 timesteps.
cdo(3) chname: Processed 2205000 values from 1 variable over 90 timesteps.
cdo(2) setattribute: Processed 2205000 values from 1 variable over 90 timesteps.
cdo(1) divc: Processed 2205000 values from 1 variable over 90 timesteps.
cdo    timcumsum: Processed 2205000 values from 1 variable over 90 timesteps [1.65s 72MB].
cdo(1) seltimestep: Process started
cdo(2) shifttime: Process started
cdo(3) copy: Process started
cdo(3) copy: Processed 2205000 values from 1 variable over 90 timesteps.
cdo(2) shifttime: Processed 2205000 values from 1 variable over 90 timesteps.
cdo(1) seltimestep: Processed 24500 values from 1 variable over 2 timesteps.
cdo    mulc: Processed 24500 values from 1 variable over 1 timestep [0.04s 29MB].
cdo    mergetime: Processed 2229500 values from 2 variables over 91 timesteps [0.06s 31MB].
cdo    replace: Processed 20065500 values from 10 variables over 182 timesteps [0.44s 96MB].
0-90 is done
Number of files to process with CDO: 18
cdo(1) setattribute: Process started
cdo(2) chname: Process started
cdo(3) mergetime: Process started
cdo(3) mergetime: Processed 441000 values from 18 variables over 18 timesteps.
cdo(2) chname: Processed 441000 values from 1 variable over 18 timesteps.
cdo(1) setattribute: Processed 441000 values from 1 variable over 18 timesteps.
cdo    divc: Processed 441000 values from 1 variable over 18 timesteps [0.27s 30MB].
cdo(1) copy: Process started
cdo(1) copy: Processed 2229500 values from 1 variable over 91 timesteps.
cdo    seltimestep: Processed 24500 values from 1 variable over 91 timesteps [0.02s 30MB].
cdo(1) mergetime: Process started
cdo(1) mergetime: Processed 465500 values from 2 variables over 19 timesteps.
cdo    timcumsum: Processed 465500 values from 1 variable over 19 timesteps [0.04s 18MB].
cdo    replace: Processed 4189500 values from 10 variables over 38 timesteps [0.13s 25MB].
90-144 is done
Number of files to process with CDO: 16
cdo(1) setattribute: Process started
cdo(2) chname: Process started
cdo(3) mergetime: Process started
cdo(3) mergetime: Processed 392000 values from 16 variables over 16 timesteps.
cdo(2) chname: Processed 392000 values from 1 variable over 16 timesteps.
cdo(1) setattribute: Processed 392000 values from 1 variable over 16 timesteps.
cdo    divc: Processed 392000 values from 1 variable over 16 timesteps [0.35s 29MB].
cdo(1) copy: Process started
cdo(1) copy: Processed 465500 values from 1 variable over 19 timesteps.
cdo    seltimestep: Processed 24500 values from 1 variable over 19 timesteps [0.01s 17MB].
cdo(1) mergetime: Process started
cdo(1) mergetime: Processed 416500 values from 2 variables over 17 timesteps.
cdo    timcumsum: Processed 416500 values from 1 variable over 17 timesteps [0.03s 18MB].
cdo    replace: Processed 3748500 values from 10 variables over 34 timesteps [0.11s 27MB].
Fri Apr 2 01:00:00 PM UTC 2021 processed!
Number of files to process with CDO: 90
cdo(1) divc: Process started
cdo(2) setattribute: Process started
cdo(3) chname: Process started
cdo(4) mergetime: Process started
cdo(4) mergetime: Processed 2205000 values from 90 variables over 90 timesteps.
cdo(3) chname: Processed 2205000 values from 1 variable over 90 timesteps.
cdo(2) setattribute: Processed 2205000 values from 1 variable over 90 timesteps.
cdo(1) divc: Processed 2205000 values from 1 variable over 90 timesteps.
cdo    timcumsum: Processed 2205000 values from 1 variable over 90 timesteps [1.77s 73MB].
cdo(1) seltimestep: Process started
cdo(2) shifttime: Process started
cdo(3) copy: Process started
cdo(3) copy: Processed 2205000 values from 1 variable over 90 timesteps.
cdo(2) shifttime: Processed 2205000 values from 1 variable over 90 timesteps.
cdo(1) seltimestep: Processed 24500 values from 1 variable over 2 timesteps.
cdo    mulc: Processed 24500 values from 1 variable over 1 timestep [0.04s 29MB].
cdo    mergetime: Processed 2229500 values from 2 variables over 91 timesteps [0.06s 31MB].
cdo    replace: Processed 20065500 values from 10 variables over 182 timesteps [0.43s 97MB].
0-90 is done
Number of files to process with CDO: 18
cdo(1) setattribute: Process started
cdo(2) chname: Process started
cdo(3) mergetime: Process started
cdo(3) mergetime: Processed 441000 values from 18 variables over 18 timesteps.
cdo(2) chname: Processed 441000 values from 1 variable over 18 timesteps.
cdo(1) setattribute: Processed 441000 values from 1 variable over 18 timesteps.
cdo    divc: Processed 441000 values from 1 variable over 18 timesteps [0.33s 30MB].
cdo(1) copy: Process started
cdo(1) copy: Processed 2229500 values from 1 variable over 91 timesteps.
cdo    seltimestep: Processed 24500 values from 1 variable over 91 timesteps [0.02s 30MB].
cdo(1) mergetime: Process started
cdo(1) mergetime: Processed 465500 values from 2 variables over 19 timesteps.
cdo    timcumsum: Processed 465500 values from 1 variable over 19 timesteps [0.03s 18MB].
cdo    replace: Processed 4189500 values from 10 variables over 38 timesteps [0.12s 31MB].
90-144 is done
Number of files to process with CDO: 16
cdo(1) setattribute: Process started
cdo(2) chname: Process started
cdo(3) mergetime: Process started
cdo(3) mergetime: Processed 392000 values from 16 variables over 16 timesteps.
cdo(2) chname: Processed 392000 values from 1 variable over 16 timesteps.
cdo(1) setattribute: Processed 392000 values from 1 variable over 16 timesteps.
cdo    divc: Processed 392000 values from 1 variable over 16 timesteps [0.45s 29MB].
cdo(1) copy: Process started
cdo(1) copy: Processed 465500 values from 1 variable over 19 timesteps.
cdo    seltimestep: Processed 24500 values from 1 variable over 19 timesteps [0.01s 16MB].
cdo(1) mergetime: Process started
cdo(1) mergetime: Processed 416500 values from 2 variables over 17 timesteps.
cdo    timcumsum: Processed 416500 values from 1 variable over 17 timesteps [0.04s 18MB].
cdo    replace: Processed 3748500 values from 10 variables over 34 timesteps [0.12s 26MB].
Sat Apr 3 01:00:00 PM UTC 2021 processed!
Number of files to process with CDO: 90
cdo(1) divc: Process started
cdo(2) setattribute: Process started
cdo(3) chname: Process started
cdo(4) mergetime: Process started
cdo(4) mergetime: Processed 2205000 values from 90 variables over 90 timesteps.
cdo(3) chname: Processed 2205000 values from 1 variable over 90 timesteps.
cdo(2) setattribute: Processed 2205000 values from 1 variable over 90 timesteps.
cdo(1) divc: Processed 2205000 values from 1 variable over 90 timesteps.
cdo    timcumsum: Processed 2205000 values from 1 variable over 90 timesteps [1.72s 75MB].
cdo(1) seltimestep: Process started
cdo(2) shifttime: Process started
cdo(3) copy: Process started
cdo(3) copy: Processed 2205000 values from 1 variable over 90 timesteps.
cdo(2) shifttime: Processed 2205000 values from 1 variable over 90 timesteps.
cdo(1) seltimestep: Processed 24500 values from 1 variable over 2 timesteps.
cdo    mulc: Processed 24500 values from 1 variable over 1 timestep [0.04s 30MB].
cdo    mergetime: Processed 2229500 values from 2 variables over 91 timesteps [0.07s 32MB].
cdo    replace: Processed 20065500 values from 10 variables over 182 timesteps [0.47s 96MB].
0-90 is done
Number of files to process with CDO: 18
cdo(1) setattribute: Process started
cdo(2) chname: Process started
cdo(3) mergetime: Process started
cdo(3) mergetime: Processed 441000 values from 18 variables over 18 timesteps.
cdo(2) chname: Processed 441000 values from 1 variable over 18 timesteps.
cdo(1) setattribute: Processed 441000 values from 1 variable over 18 timesteps.
cdo    divc: Processed 441000 values from 1 variable over 18 timesteps [0.36s 30MB].
cdo(1) copy: Process started
cdo(1) copy: Processed 2229500 values from 1 variable over 91 timesteps.
cdo    seltimestep: Processed 24500 values from 1 variable over 91 timesteps [0.04s 30MB].
cdo(1) mergetime: Process started
cdo(1) mergetime: Processed 465500 values from 2 variables over 19 timesteps.
cdo    timcumsum: Processed 465500 values from 1 variable over 19 timesteps [0.03s 18MB].
cdo    replace: Processed 4189500 values from 10 variables over 38 timesteps [0.12s 28MB].
90-144 is done
Number of files to process with CDO: 16
cdo(1) setattribute: Process started
cdo(2) chname: Process started
cdo(3) mergetime: Process started
cdo(3) mergetime: Processed 392000 values from 16 variables over 16 timesteps.
cdo(2) chname: Processed 392000 values from 1 variable over 16 timesteps.
cdo(1) setattribute: Processed 392000 values from 1 variable over 16 timesteps.
cdo    divc: Processed 392000 values from 1 variable over 16 timesteps [0.32s 28MB].
cdo(1) copy: Process started
cdo(1) copy: Processed 465500 values from 1 variable over 19 timesteps.
cdo    seltimestep: Processed 24500 values from 1 variable over 19 timesteps [0.01s 18MB].
cdo(1) mergetime: Process started
cdo(1) mergetime: Processed 416500 values from 2 variables over 17 timesteps.
cdo    timcumsum: Processed 416500 values from 1 variable over 17 timesteps [0.03s 18MB].
cdo    replace: Processed 3748500 values from 10 variables over 34 timesteps [0.11s 27MB].
Sun Apr 4 01:00:00 PM UTC 2021 processed!
Number of files to process with CDO: 90
cdo(1) divc: Process started
cdo(2) setattribute: Process started
cdo(3) chname: Process started
cdo(4) mergetime: Process started
cdo(4) mergetime: Processed 2205000 values from 90 variables over 90 timesteps.
cdo(3) chname: Processed 2205000 values from 1 variable over 90 timesteps.
cdo(2) setattribute: Processed 2205000 values from 1 variable over 90 timesteps.
cdo(1) divc: Processed 2205000 values from 1 variable over 90 timesteps.
cdo    timcumsum: Processed 2205000 values from 1 variable over 90 timesteps [1.86s 75MB].
cdo(1) seltimestep: Process started
cdo(2) shifttime: Process started
cdo(3) copy: Process started
cdo(3) copy: Processed 2205000 values from 1 variable over 90 timesteps.
cdo(2) shifttime: Processed 2205000 values from 1 variable over 90 timesteps.
cdo(1) seltimestep: Processed 24500 values from 1 variable over 2 timesteps.
cdo    mulc: Processed 24500 values from 1 variable over 1 timestep [0.04s 29MB].
cdo    mergetime: Processed 2229500 values from 2 variables over 91 timesteps [0.09s 32MB].
cdo    replace: Processed 20065500 values from 10 variables over 182 timesteps [0.43s 96MB].
0-90 is done
Number of files to process with CDO: 18
cdo(1) setattribute: Process started
cdo(2) chname: Process started
cdo(3) mergetime: Process started
cdo(3) mergetime: Processed 441000 values from 18 variables over 18 timesteps.
cdo(2) chname: Processed 441000 values from 1 variable over 18 timesteps.
cdo(1) setattribute: Processed 441000 values from 1 variable over 18 timesteps.
cdo    divc: Processed 441000 values from 1 variable over 18 timesteps [0.35s 30MB].
cdo(1) copy: Process started
cdo(1) copy: Processed 2229500 values from 1 variable over 91 timesteps.
cdo    seltimestep: Processed 24500 values from 1 variable over 91 timesteps [0.03s 30MB].
cdo(1) mergetime: Process started
cdo(1) mergetime: Processed 465500 values from 2 variables over 19 timesteps.
cdo    timcumsum: Processed 465500 values from 1 variable over 19 timesteps [0.03s 18MB].
cdo    replace: Processed 4189500 values from 10 variables over 38 timesteps [0.15s 27MB].
90-144 is done
Number of files to process with CDO: 16
cdo(1) setattribute: Process started
cdo(2) chname: Process started
cdo(3) mergetime: Process started
cdo(3) mergetime: Processed 392000 values from 16 variables over 16 timesteps.
cdo(2) chname: Processed 392000 values from 1 variable over 16 timesteps.
cdo(1) setattribute: Processed 392000 values from 1 variable over 16 timesteps.
cdo    divc: Processed 392000 values from 1 variable over 16 timesteps [0.38s 28MB].
cdo(1) copy: Process started
cdo(1) copy: Processed 465500 values from 1 variable over 19 timesteps.
cdo    seltimestep: Processed 24500 values from 1 variable over 19 timesteps [0.01s 17MB].
cdo(1) mergetime: Process started
cdo(1) mergetime: Processed 416500 values from 2 variables over 17 timesteps.
cdo    timcumsum: Processed 416500 values from 1 variable over 17 timesteps [0.02s 18MB].
cdo    replace: Processed 3748500 values from 10 variables over 34 timesteps [0.12s 27MB].
Mon Apr 5 01:00:00 PM UTC 2021 processed!
Number of files to process with CDO: 90
cdo(1) divc: Process started
cdo(2) setattribute: Process started
cdo(3) chname: Process started
cdo(4) mergetime: Process started
cdo(4) mergetime: Processed 2205000 values from 90 variables over 90 timesteps.
cdo(3) chname: Processed 2205000 values from 1 variable over 90 timesteps.
cdo(2) setattribute: Processed 2205000 values from 1 variable over 90 timesteps.
cdo(1) divc: Processed 2205000 values from 1 variable over 90 timesteps.
cdo    timcumsum: Processed 2205000 values from 1 variable over 90 timesteps [1.87s 72MB].
cdo(1) seltimestep: Process started
cdo(2) shifttime: Process started
cdo(3) copy: Process started
cdo(3) copy: Processed 2205000 values from 1 variable over 90 timesteps.
cdo(2) shifttime: Processed 2205000 values from 1 variable over 90 timesteps.
cdo(1) seltimestep: Processed 24500 values from 1 variable over 2 timesteps.
cdo    mulc: Processed 24500 values from 1 variable over 1 timestep [0.04s 30MB].
cdo    mergetime: Processed 2229500 values from 2 variables over 91 timesteps [0.08s 31MB].
cdo    replace: Processed 20065500 values from 10 variables over 182 timesteps [0.46s 97MB].
0-90 is done
Number of files to process with CDO: 18
cdo(1) setattribute: Process started
cdo(2) chname: Process started
cdo(3) mergetime: Process started
cdo(3) mergetime: Processed 441000 values from 18 variables over 18 timesteps.
cdo(2) chname: Processed 441000 values from 1 variable over 18 timesteps.
cdo(1) setattribute: Processed 441000 values from 1 variable over 18 timesteps.
cdo    divc: Processed 441000 values from 1 variable over 18 timesteps [0.33s 30MB].
cdo(1) copy: Process started
cdo(1) copy: Processed 2229500 values from 1 variable over 91 timesteps.
cdo    seltimestep: Processed 24500 values from 1 variable over 91 timesteps [0.03s 30MB].
cdo(1) mergetime: Process started
cdo(1) mergetime: Processed 465500 values from 2 variables over 19 timesteps.
cdo    timcumsum: Processed 465500 values from 1 variable over 19 timesteps [0.07s 18MB].
cdo    replace: Processed 4189500 values from 10 variables over 38 timesteps [0.14s 27MB].
90-144 is done
Number of files to process with CDO: 16
cdo(1) setattribute: Process started
cdo(2) chname: Process started
cdo(3) mergetime: Process started
cdo(3) mergetime: Processed 392000 values from 16 variables over 16 timesteps.
cdo(2) chname: Processed 392000 values from 1 variable over 16 timesteps.
cdo(1) setattribute: Processed 392000 values from 1 variable over 16 timesteps.
cdo    divc: Processed 392000 values from 1 variable over 16 timesteps [0.29s 28MB].
cdo(1) copy: Process started
cdo(1) copy: Processed 465500 values from 1 variable over 19 timesteps.
cdo    seltimestep: Processed 24500 values from 1 variable over 19 timesteps [0.01s 16MB].
cdo(1) mergetime: Process started
cdo(1) mergetime: Processed 416500 values from 2 variables over 17 timesteps.
cdo    timcumsum: Processed 416500 values from 1 variable over 17 timesteps [0.03s 18MB].
cdo    replace: Processed 3748500 values from 10 variables over 34 timesteps [0.11s 26MB].
Tue Apr 6 01:00:00 PM UTC 2021 processed!
Number of files to process with CDO: 90
cdo(1) divc: Process started
cdo(2) setattribute: Process started
cdo(3) chname: Process started
cdo(4) mergetime: Process started
cdo(4) mergetime: Processed 2205000 values from 90 variables over 90 timesteps.
cdo(3) chname: Processed 2205000 values from 1 variable over 90 timesteps.
cdo(2) setattribute: Processed 2205000 values from 1 variable over 90 timesteps.
cdo(1) divc: Processed 2205000 values from 1 variable over 90 timesteps.
cdo    timcumsum: Processed 2205000 values from 1 variable over 90 timesteps [1.70s 72MB].
cdo(1) seltimestep: Process started
cdo(2) shifttime: Process started
cdo(3) copy: Process started
cdo(3) copy: Processed 2205000 values from 1 variable over 90 timesteps.
cdo(2) shifttime: Processed 2205000 values from 1 variable over 90 timesteps.
cdo(1) seltimestep: Processed 24500 values from 1 variable over 2 timesteps.
cdo    mulc: Processed 24500 values from 1 variable over 1 timestep [0.04s 30MB].
cdo    mergetime: Processed 2229500 values from 2 variables over 91 timesteps [0.08s 32MB].
cdo    replace: Processed 20065500 values from 10 variables over 182 timesteps [0.43s 96MB].
0-90 is done
Number of files to process with CDO: 18
cdo(1) setattribute: Process started
cdo(2) chname: Process started
cdo(3) mergetime: Process started
cdo(3) mergetime: Processed 441000 values from 18 variables over 18 timesteps.
cdo(2) chname: Processed 441000 values from 1 variable over 18 timesteps.
cdo(1) setattribute: Processed 441000 values from 1 variable over 18 timesteps.
cdo    divc: Processed 441000 values from 1 variable over 18 timesteps [0.36s 29MB].
cdo(1) copy: Process started
cdo(1) copy: Processed 2229500 values from 1 variable over 91 timesteps.
cdo    seltimestep: Processed 24500 values from 1 variable over 91 timesteps [0.03s 30MB].
cdo(1) mergetime: Process started
cdo(1) mergetime: Processed 465500 values from 2 variables over 19 timesteps.
cdo    timcumsum: Processed 465500 values from 1 variable over 19 timesteps [0.03s 18MB].
cdo    replace: Processed 4189500 values from 10 variables over 38 timesteps [0.13s 28MB].
90-144 is done
Number of files to process with CDO: 16
cdo(1) setattribute: Process started
cdo(2) chname: Process started
cdo(3) mergetime: Process started
cdo(3) mergetime: Processed 392000 values from 16 variables over 16 timesteps.
cdo(2) chname: Processed 392000 values from 1 variable over 16 timesteps.
cdo(1) setattribute: Processed 392000 values from 1 variable over 16 timesteps.
cdo    divc: Processed 392000 values from 1 variable over 16 timesteps [0.37s 27MB].
cdo(1) copy: Process started
cdo(1) copy: Processed 465500 values from 1 variable over 19 timesteps.
cdo    seltimestep: Processed 24500 values from 1 variable over 19 timesteps [0.01s 16MB].
cdo(1) mergetime: Process started
cdo(1) mergetime: Processed 416500 values from 2 variables over 17 timesteps.
cdo    timcumsum: Processed 416500 values from 1 variable over 17 timesteps [0.04s 17MB].
cdo    replace: Processed 3748500 values from 10 variables over 34 timesteps [0.11s 27MB].
Wed Apr 7 01:00:00 PM UTC 2021 processed!
Number of files to process with CDO: 90
cdo(1) divc: Process started
cdo(2) setattribute: Process started
cdo(3) chname: Process started
cdo(4) mergetime: Process started
cdo(4) mergetime: Processed 2205000 values from 90 variables over 90 timesteps.
cdo(3) chname: Processed 2205000 values from 1 variable over 90 timesteps.
cdo(2) setattribute: Processed 2205000 values from 1 variable over 90 timesteps.
cdo(1) divc: Processed 2205000 values from 1 variable over 90 timesteps.
cdo    timcumsum: Processed 2205000 values from 1 variable over 90 timesteps [1.61s 73MB].
cdo(1) seltimestep: Process started
cdo(2) shifttime: Process started
cdo(3) copy: Process started
cdo(3) copy: Processed 2205000 values from 1 variable over 90 timesteps.
cdo(2) shifttime: Processed 2205000 values from 1 variable over 90 timesteps.
cdo(1) seltimestep: Processed 24500 values from 1 variable over 2 timesteps.
cdo    mulc: Processed 24500 values from 1 variable over 1 timestep [0.03s 29MB].
cdo    mergetime: Processed 2229500 values from 2 variables over 91 timesteps [0.07s 31MB].
cdo    replace: Processed 20065500 values from 10 variables over 182 timesteps [0.42s 97MB].
0-90 is done
Number of files to process with CDO: 18
cdo(1) setattribute: Process started
cdo(2) chname: Process started
cdo(3) mergetime: Process started
cdo(3) mergetime: Processed 441000 values from 18 variables over 18 timesteps.
cdo(2) chname: Processed 441000 values from 1 variable over 18 timesteps.
cdo(1) setattribute: Processed 441000 values from 1 variable over 18 timesteps.
cdo    divc: Processed 441000 values from 1 variable over 18 timesteps [0.36s 30MB].
cdo(1) copy: Process started
cdo(1) copy: Processed 2229500 values from 1 variable over 91 timesteps.
cdo    seltimestep: Processed 24500 values from 1 variable over 91 timesteps [0.03s 30MB].
cdo(1) mergetime: Process started
cdo(1) mergetime: Processed 465500 values from 2 variables over 19 timesteps.
cdo    timcumsum: Processed 465500 values from 1 variable over 19 timesteps [0.03s 18MB].
cdo    replace: Processed 4189500 values from 10 variables over 38 timesteps [0.12s 29MB].
90-144 is done
Number of files to process with CDO: 16
cdo(1) setattribute: Process started
cdo(2) chname: Process started
cdo(3) mergetime: Process started
cdo(3) mergetime: Processed 392000 values from 16 variables over 16 timesteps.
cdo(2) chname: Processed 392000 values from 1 variable over 16 timesteps.
cdo(1) setattribute: Processed 392000 values from 1 variable over 16 timesteps.
cdo    divc: Processed 392000 values from 1 variable over 16 timesteps [0.35s 28MB].
cdo(1) copy: Process started
cdo(1) copy: Processed 465500 values from 1 variable over 19 timesteps.
cdo    seltimestep: Processed 24500 values from 1 variable over 19 timesteps [0.01s 17MB].
cdo(1) mergetime: Process started
cdo(1) mergetime: Processed 416500 values from 2 variables over 17 timesteps.
cdo    timcumsum: Processed 416500 values from 1 variable over 17 timesteps [0.03s 18MB].
cdo    replace: Processed 3748500 values from 10 variables over 34 timesteps [0.12s 26MB].
Thu Apr 8 01:00:00 PM UTC 2021 processed!
Number of files to process with CDO: 90
cdo(1) divc: Process started
cdo(2) setattribute: Process started
cdo(3) chname: Process started
cdo(4) mergetime: Process started
cdo(4) mergetime: Processed 2205000 values from 90 variables over 90 timesteps.
cdo(3) chname: Processed 2205000 values from 1 variable over 90 timesteps.
cdo(2) setattribute: Processed 2205000 values from 1 variable over 90 timesteps.
cdo(1) divc: Processed 2205000 values from 1 variable over 90 timesteps.
cdo    timcumsum: Processed 2205000 values from 1 variable over 90 timesteps [1.73s 73MB].
cdo(1) seltimestep: Process started
cdo(2) shifttime: Process started
cdo(3) copy: Process started
cdo(3) copy: Processed 2205000 values from 1 variable over 90 timesteps.
cdo(2) shifttime: Processed 2205000 values from 1 variable over 90 timesteps.
cdo(1) seltimestep: Processed 24500 values from 1 variable over 2 timesteps.
cdo    mulc: Processed 24500 values from 1 variable over 1 timestep [0.04s 30MB].
cdo    mergetime: Processed 2229500 values from 2 variables over 91 timesteps [0.08s 31MB].
cdo    replace: Processed 20065500 values from 10 variables over 182 timesteps [0.44s 97MB].
0-90 is done
Number of files to process with CDO: 18
cdo(1) setattribute: Process started
cdo(2) chname: Process started
cdo(3) mergetime: Process started
cdo(3) mergetime: Processed 441000 values from 18 variables over 18 timesteps.
cdo(2) chname: Processed 441000 values from 1 variable over 18 timesteps.
cdo(1) setattribute: Processed 441000 values from 1 variable over 18 timesteps.
cdo    divc: Processed 441000 values from 1 variable over 18 timesteps [0.33s 30MB].
cdo(1) copy: Process started
cdo(1) copy: Processed 2229500 values from 1 variable over 91 timesteps.
cdo    seltimestep: Processed 24500 values from 1 variable over 91 timesteps [4.96s 30MB].
cdo(1) mergetime: Process started
cdo(1) mergetime: Processed 465500 values from 2 variables over 19 timesteps.
cdo    timcumsum: Processed 465500 values from 1 variable over 19 timesteps [0.03s 18MB].
cdo    replace: Processed 4189500 values from 10 variables over 38 timesteps [0.12s 29MB].
90-144 is done
Number of files to process with CDO: 16
cdo(1) setattribute: Process started
cdo(2) chname: Process started
cdo(3) mergetime: Process started
cdo(3) mergetime: Processed 392000 values from 16 variables over 16 timesteps.
cdo(2) chname: Processed 392000 values from 1 variable over 16 timesteps.
cdo(1) setattribute: Processed 392000 values from 1 variable over 16 timesteps.
cdo    divc: Processed 392000 values from 1 variable over 16 timesteps [0.36s 28MB].
cdo(1) copy: Process started
cdo(1) copy: Processed 465500 values from 1 variable over 19 timesteps.
cdo    seltimestep: Processed 24500 values from 1 variable over 19 timesteps [0.01s 17MB].
cdo(1) mergetime: Process started
cdo(1) mergetime: Processed 416500 values from 2 variables over 17 timesteps.
cdo    timcumsum: Processed 416500 values from 1 variable over 17 timesteps [0.03s 18MB].
cdo    replace: Processed 3748500 values from 10 variables over 34 timesteps [0.11s 27MB].
Fri Apr 9 01:00:00 PM UTC 2021 processed!
Number of files to process with CDO: 90
cdo(1) divc: Process started
cdo(2) setattribute: Process started
cdo(3) chname: Process started
cdo(4) mergetime: Process started
cdo(4) mergetime: Processed 2205000 values from 90 variables over 90 timesteps.
cdo(3) chname: Processed 2205000 values from 1 variable over 90 timesteps.
cdo(2) setattribute: Processed 2205000 values from 1 variable over 90 timesteps.
cdo(1) divc: Processed 2205000 values from 1 variable over 90 timesteps.
cdo    timcumsum: Processed 2205000 values from 1 variable over 90 timesteps [1.92s 73MB].
cdo(1) seltimestep: Process started
cdo(2) shifttime: Process started
cdo(3) copy: Process started
cdo(3) copy: Processed 2205000 values from 1 variable over 90 timesteps.
cdo(2) shifttime: Processed 2205000 values from 1 variable over 90 timesteps.
cdo(1) seltimestep: Processed 24500 values from 1 variable over 2 timesteps.
cdo    mulc: Processed 24500 values from 1 variable over 1 timestep [0.03s 30MB].
cdo    mergetime: Processed 2229500 values from 2 variables over 91 timesteps [0.09s 33MB].
cdo    replace: Processed 20065500 values from 10 variables over 182 timesteps [0.46s 97MB].
0-90 is done
Number of files to process with CDO: 18
cdo(1) setattribute: Process started
cdo(2) chname: Process started
cdo(3) mergetime: Process started
cdo(3) mergetime: Processed 441000 values from 18 variables over 18 timesteps.
cdo(2) chname: Processed 441000 values from 1 variable over 18 timesteps.
cdo(1) setattribute: Processed 441000 values from 1 variable over 18 timesteps.
cdo    divc: Processed 441000 values from 1 variable over 18 timesteps [0.38s 30MB].
cdo(1) copy: Process started
cdo(1) copy: Processed 2229500 values from 1 variable over 91 timesteps.
cdo    seltimestep: Processed 24500 values from 1 variable over 91 timesteps [0.03s 30MB].
cdo(1) mergetime: Process started
cdo(1) mergetime: Processed 465500 values from 2 variables over 19 timesteps.
cdo    timcumsum: Processed 465500 values from 1 variable over 19 timesteps [0.05s 18MB].
cdo    replace: Processed 4189500 values from 10 variables over 38 timesteps [0.12s 30MB].
90-144 is done
Number of files to process with CDO: 16
cdo(1) setattribute: Process started
cdo(2) chname: Process started
cdo(3) mergetime: Process started
cdo(3) mergetime: Processed 392000 values from 16 variables over 16 timesteps.
cdo(2) chname: Processed 392000 values from 1 variable over 16 timesteps.
cdo(1) setattribute: Processed 392000 values from 1 variable over 16 timesteps.
cdo    divc: Processed 392000 values from 1 variable over 16 timesteps [0.32s 28MB].
cdo(1) copy: Process started
cdo(1) copy: Processed 465500 values from 1 variable over 19 timesteps.
cdo    seltimestep: Processed 24500 values from 1 variable over 19 timesteps [0.01s 17MB].
cdo(1) mergetime: Process started
cdo(1) mergetime: Processed 416500 values from 2 variables over 17 timesteps.
cdo    timcumsum: Processed 416500 values from 1 variable over 17 timesteps [0.04s 18MB].
cdo    replace: Processed 3748500 values from 10 variables over 34 timesteps [0.12s 28MB].
Sat Apr 10 01:00:00 PM UTC 2021 processed!
Number of files to process with CDO: 90
cdo(1) divc: Process started
cdo(2) setattribute: Process started
cdo(3) chname: Process started
cdo(4) mergetime: Process started
cdo(4) mergetime: Processed 2205000 values from 90 variables over 90 timesteps.
cdo(3) chname: Processed 2205000 values from 1 variable over 90 timesteps.
cdo(2) setattribute: Processed 2205000 values from 1 variable over 90 timesteps.
cdo(1) divc: Processed 2205000 values from 1 variable over 90 timesteps.
cdo    timcumsum: Processed 2205000 values from 1 variable over 90 timesteps [1.81s 73MB].
cdo(1) seltimestep: Process started
cdo(2) shifttime: Process started
cdo(3) copy: Process started
cdo(3) copy: Processed 2205000 values from 1 variable over 90 timesteps.
cdo(2) shifttime: Processed 2205000 values from 1 variable over 90 timesteps.
cdo(1) seltimestep: Processed 24500 values from 1 variable over 2 timesteps.
cdo    mulc: Processed 24500 values from 1 variable over 1 timestep [0.04s 30MB].
cdo    mergetime: Processed 2229500 values from 2 variables over 91 timesteps [0.10s 31MB].
cdo    replace: Processed 20065500 values from 10 variables over 182 timesteps [0.44s 97MB].
0-90 is done
Number of files to process with CDO: 18
cdo(1) setattribute: Process started
cdo(2) chname: Process started
cdo(3) mergetime: Process started
cdo(3) mergetime: Processed 441000 values from 18 variables over 18 timesteps.
cdo(2) chname: Processed 441000 values from 1 variable over 18 timesteps.
cdo(1) setattribute: Processed 441000 values from 1 variable over 18 timesteps.
cdo    divc: Processed 441000 values from 1 variable over 18 timesteps [0.36s 30MB].
cdo(1) copy: Process started
cdo(1) copy: Processed 2229500 values from 1 variable over 91 timesteps.
cdo    seltimestep: Processed 24500 values from 1 variable over 91 timesteps [0.04s 30MB].
cdo(1) mergetime: Process started
cdo(1) mergetime: Processed 465500 values from 2 variables over 19 timesteps.
cdo    timcumsum: Processed 465500 values from 1 variable over 19 timesteps [0.03s 18MB].
cdo    replace: Processed 4189500 values from 10 variables over 38 timesteps [0.13s 28MB].
90-144 is done
Number of files to process with CDO: 16
cdo(1) setattribute: Process started
cdo(2) chname: Process started
cdo(3) mergetime: Process started
cdo(3) mergetime: Processed 392000 values from 16 variables over 16 timesteps.
cdo(2) chname: Processed 392000 values from 1 variable over 16 timesteps.
cdo(1) setattribute: Processed 392000 values from 1 variable over 16 timesteps.
cdo    divc: Processed 392000 values from 1 variable over 16 timesteps [0.33s 28MB].
cdo(1) copy: Process started
cdo(1) copy: Processed 465500 values from 1 variable over 19 timesteps.
cdo    seltimestep: Processed 24500 values from 1 variable over 19 timesteps [0.01s 18MB].
cdo(1) mergetime: Process started
cdo(1) mergetime: Processed 416500 values from 2 variables over 17 timesteps.
cdo    timcumsum: Processed 416500 values from 1 variable over 17 timesteps [0.04s 18MB].
cdo    replace: Processed 3748500 values from 10 variables over 34 timesteps [0.12s 27MB].
Sun Apr 11 01:00:00 PM UTC 2021 processed!
Number of files to process with CDO: 90
cdo(1) divc: Process started
cdo(2) setattribute: Process started
cdo(3) chname: Process started
cdo(4) mergetime: Process started
cdo(4) mergetime: Processed 2205000 values from 90 variables over 90 timesteps.
cdo(3) chname: Processed 2205000 values from 1 variable over 90 timesteps.
cdo(2) setattribute: Processed 2205000 values from 1 variable over 90 timesteps.
cdo(1) divc: Processed 2205000 values from 1 variable over 90 timesteps.
cdo    timcumsum: Processed 2205000 values from 1 variable over 90 timesteps [1.82s 73MB].
cdo(1) seltimestep: Process started
cdo(2) shifttime: Process started
cdo(3) copy: Process started
cdo(3) copy: Processed 2205000 values from 1 variable over 90 timesteps.
cdo(2) shifttime: Processed 2205000 values from 1 variable over 90 timesteps.
cdo(1) seltimestep: Processed 24500 values from 1 variable over 2 timesteps.
cdo    mulc: Processed 24500 values from 1 variable over 1 timestep [0.04s 30MB].
cdo    mergetime: Processed 2229500 values from 2 variables over 91 timesteps [0.09s 32MB].
cdo    replace: Processed 20065500 values from 10 variables over 182 timesteps [0.43s 98MB].
0-90 is done
Number of files to process with CDO: 18
cdo(1) setattribute: Process started
cdo(2) chname: Process started
cdo(3) mergetime: Process started
cdo(3) mergetime: Processed 441000 values from 18 variables over 18 timesteps.
cdo(2) chname: Processed 441000 values from 1 variable over 18 timesteps.
cdo(1) setattribute: Processed 441000 values from 1 variable over 18 timesteps.
cdo    divc: Processed 441000 values from 1 variable over 18 timesteps [0.40s 30MB].
cdo(1) copy: Process started
cdo(1) copy: Processed 2229500 values from 1 variable over 91 timesteps.
cdo    seltimestep: Processed 24500 values from 1 variable over 91 timesteps [0.04s 30MB].
cdo(1) mergetime: Process started
cdo(1) mergetime: Processed 465500 values from 2 variables over 19 timesteps.
cdo    timcumsum: Processed 465500 values from 1 variable over 19 timesteps [0.03s 18MB].
cdo    replace: Processed 4189500 values from 10 variables over 38 timesteps [0.13s 28MB].
90-144 is done
Number of files to process with CDO: 16
cdo(1) setattribute: Process started
cdo(2) chname: Process started
cdo(3) mergetime: Process started
cdo(3) mergetime: Processed 392000 values from 16 variables over 16 timesteps.
cdo(2) chname: Processed 392000 values from 1 variable over 16 timesteps.
cdo(1) setattribute: Processed 392000 values from 1 variable over 16 timesteps.
cdo    divc: Processed 392000 values from 1 variable over 16 timesteps [0.34s 28MB].
cdo(1) copy: Process started
cdo(1) copy: Processed 465500 values from 1 variable over 19 timesteps.
cdo    seltimestep: Processed 24500 values from 1 variable over 19 timesteps [0.01s 18MB].
cdo(1) mergetime: Process started
cdo(1) mergetime: Processed 416500 values from 2 variables over 17 timesteps.
cdo    timcumsum: Processed 416500 values from 1 variable over 17 timesteps [0.03s 18MB].
cdo    replace: Processed 3748500 values from 10 variables over 34 timesteps [0.11s 27MB].
Mon Apr 12 01:00:00 PM UTC 2021 processed!
Number of files to process with CDO: 90
cdo(1) divc: Process started
cdo(2) setattribute: Process started
cdo(3) chname: Process started
cdo(4) mergetime: Process started
cdo(4) mergetime: Processed 2205000 values from 90 variables over 90 timesteps.
cdo(3) chname: Processed 2205000 values from 1 variable over 90 timesteps.
cdo(2) setattribute: Processed 2205000 values from 1 variable over 90 timesteps.
cdo(1) divc: Processed 2205000 values from 1 variable over 90 timesteps.
cdo    timcumsum: Processed 2205000 values from 1 variable over 90 timesteps [1.81s 73MB].
cdo(1) seltimestep: Process started
cdo(2) shifttime: Process started
cdo(3) copy: Process started
cdo(3) copy: Processed 2205000 values from 1 variable over 90 timesteps.
cdo(2) shifttime: Processed 2205000 values from 1 variable over 90 timesteps.
cdo(1) seltimestep: Processed 24500 values from 1 variable over 2 timesteps.
cdo    mulc: Processed 24500 values from 1 variable over 1 timestep [0.04s 30MB].
cdo    mergetime: Processed 2229500 values from 2 variables over 91 timesteps [0.09s 31MB].
cdo    replace: Processed 20065500 values from 10 variables over 182 timesteps [0.44s 97MB].
0-90 is done
Number of files to process with CDO: 18
cdo(1) setattribute: Process started
cdo(2) chname: Process started
cdo(3) mergetime: Process started
cdo(3) mergetime: Processed 441000 values from 18 variables over 18 timesteps.
cdo(2) chname: Processed 441000 values from 1 variable over 18 timesteps.
cdo(1) setattribute: Processed 441000 values from 1 variable over 18 timesteps.
cdo    divc: Processed 441000 values from 1 variable over 18 timesteps [0.36s 30MB].
cdo(1) copy: Process started
cdo(1) copy: Processed 2229500 values from 1 variable over 91 timesteps.
cdo    seltimestep: Processed 24500 values from 1 variable over 91 timesteps [0.03s 30MB].
cdo(1) mergetime: Process started
cdo(1) mergetime: Processed 465500 values from 2 variables over 19 timesteps.
cdo    timcumsum: Processed 465500 values from 1 variable over 19 timesteps [0.03s 18MB].
cdo    replace: Processed 4189500 values from 10 variables over 38 timesteps [0.33s 30MB].
90-144 is done
Number of files to process with CDO: 16
cdo(1) setattribute: Process started
cdo(2) chname: Process started
cdo(3) mergetime: Process started
cdo(3) mergetime: Processed 392000 values from 16 variables over 16 timesteps.
cdo(2) chname: Processed 392000 values from 1 variable over 16 timesteps.
cdo(1) setattribute: Processed 392000 values from 1 variable over 16 timesteps.
cdo    divc: Processed 392000 values from 1 variable over 16 timesteps [0.37s 28MB].
cdo(1) copy: Process started
cdo(1) copy: Processed 465500 values from 1 variable over 19 timesteps.
cdo    seltimestep: Processed 24500 values from 1 variable over 19 timesteps [0.01s 18MB].
cdo(1) mergetime: Process started
cdo(1) mergetime: Processed 416500 values from 2 variables over 17 timesteps.
cdo    timcumsum: Processed 416500 values from 1 variable over 17 timesteps [0.03s 17MB].
cdo    replace: Processed 3748500 values from 10 variables over 34 timesteps [0.12s 26MB].
Tue Apr 13 01:00:00 PM UTC 2021 processed!
Number of files to process with CDO: 90
cdo(1) divc: Process started
cdo(2) setattribute: Process started
cdo(3) chname: Process started
cdo(4) mergetime: Process started
cdo(4) mergetime: Processed 2205000 values from 90 variables over 90 timesteps.
cdo(3) chname: Processed 2205000 values from 1 variable over 90 timesteps.
cdo(2) setattribute: Processed 2205000 values from 1 variable over 90 timesteps.
cdo(1) divc: Processed 2205000 values from 1 variable over 90 timesteps.
cdo    timcumsum: Processed 2205000 values from 1 variable over 90 timesteps [1.90s 75MB].
cdo(1) seltimestep: Process started
cdo(2) shifttime: Process started
cdo(3) copy: Process started
cdo(3) copy: Processed 2205000 values from 1 variable over 90 timesteps.
cdo(2) shifttime: Processed 2205000 values from 1 variable over 90 timesteps.
cdo(1) seltimestep: Processed 24500 values from 1 variable over 2 timesteps.
cdo    mulc: Processed 24500 values from 1 variable over 1 timestep [0.04s 30MB].
cdo    mergetime: Processed 2229500 values from 2 variables over 91 timesteps [0.07s 31MB].
cdo    replace: Processed 20065500 values from 10 variables over 182 timesteps [0.46s 96MB].
0-90 is done
Number of files to process with CDO: 18
cdo(1) setattribute: Process started
cdo(2) chname: Process started
cdo(3) mergetime: Process started
cdo(3) mergetime: Processed 441000 values from 18 variables over 18 timesteps.
cdo(2) chname: Processed 441000 values from 1 variable over 18 timesteps.
cdo(1) setattribute: Processed 441000 values from 1 variable over 18 timesteps.
cdo    divc: Processed 441000 values from 1 variable over 18 timesteps [0.35s 30MB].
cdo(1) copy: Process started
cdo(1) copy: Processed 2229500 values from 1 variable over 91 timesteps.
cdo    seltimestep: Processed 24500 values from 1 variable over 91 timesteps [0.03s 30MB].
cdo(1) mergetime: Process started
cdo(1) mergetime: Processed 465500 values from 2 variables over 19 timesteps.
cdo    timcumsum: Processed 465500 values from 1 variable over 19 timesteps [0.06s 18MB].
cdo    replace: Processed 4189500 values from 10 variables over 38 timesteps [0.13s 31MB].
90-144 is done
Number of files to process with CDO: 16
cdo(1) setattribute: Process started
cdo(2) chname: Process started
cdo(3) mergetime: Process started
cdo(3) mergetime: Processed 392000 values from 16 variables over 16 timesteps.
cdo(2) chname: Processed 392000 values from 1 variable over 16 timesteps.
cdo(1) setattribute: Processed 392000 values from 1 variable over 16 timesteps.
cdo    divc: Processed 392000 values from 1 variable over 16 timesteps [0.33s 28MB].
cdo(1) copy: Process started
cdo(1) copy: Processed 465500 values from 1 variable over 19 timesteps.
cdo    seltimestep: Processed 24500 values from 1 variable over 19 timesteps [0.01s 16MB].
cdo(1) mergetime: Process started
cdo(1) mergetime: Processed 416500 values from 2 variables over 17 timesteps.
cdo    timcumsum: Processed 416500 values from 1 variable over 17 timesteps [0.03s 18MB].
cdo    replace: Processed 3748500 values from 10 variables over 34 timesteps [0.13s 26MB].
Wed Apr 14 01:00:00 PM UTC 2021 processed!
Number of files to process with CDO: 90
cdo(1) divc: Process started
cdo(2) setattribute: Process started
cdo(3) chname: Process started
cdo(4) mergetime: Process started
cdo(4) mergetime: Processed 2205000 values from 90 variables over 90 timesteps.
cdo(3) chname: Processed 2205000 values from 1 variable over 90 timesteps.
cdo(2) setattribute: Processed 2205000 values from 1 variable over 90 timesteps.
cdo(1) divc: Processed 2205000 values from 1 variable over 90 timesteps.
cdo    timcumsum: Processed 2205000 values from 1 variable over 90 timesteps [1.88s 73MB].
cdo(1) seltimestep: Process started
cdo(2) shifttime: Process started
cdo(3) copy: Process started
cdo(3) copy: Processed 2205000 values from 1 variable over 90 timesteps.
cdo(2) shifttime: Processed 2205000 values from 1 variable over 90 timesteps.
cdo(1) seltimestep: Processed 24500 values from 1 variable over 2 timesteps.
cdo    mulc: Processed 24500 values from 1 variable over 1 timestep [0.04s 31MB].
cdo    mergetime: Processed 2229500 values from 2 variables over 91 timesteps [0.09s 31MB].
cdo    replace: Processed 20065500 values from 10 variables over 182 timesteps [0.47s 96MB].
0-90 is done
Number of files to process with CDO: 18
cdo(1) setattribute: Process started
cdo(2) chname: Process started
cdo(3) mergetime: Process started
cdo(3) mergetime: Processed 441000 values from 18 variables over 18 timesteps.
cdo(2) chname: Processed 441000 values from 1 variable over 18 timesteps.
cdo(1) setattribute: Processed 441000 values from 1 variable over 18 timesteps.
cdo    divc: Processed 441000 values from 1 variable over 18 timesteps [0.37s 30MB].
cdo(1) copy: Process started
cdo(1) copy: Processed 2229500 values from 1 variable over 91 timesteps.
cdo    seltimestep: Processed 24500 values from 1 variable over 91 timesteps [0.04s 30MB].
cdo(1) mergetime: Process started
cdo(1) mergetime: Processed 465500 values from 2 variables over 19 timesteps.
cdo    timcumsum: Processed 465500 values from 1 variable over 19 timesteps [0.03s 18MB].
cdo    replace: Processed 4189500 values from 10 variables over 38 timesteps [0.12s 28MB].
90-144 is done
Number of files to process with CDO: 16
cdo(1) setattribute: Process started
cdo(2) chname: Process started
cdo(3) mergetime: Process started
cdo(3) mergetime: Processed 392000 values from 16 variables over 16 timesteps.
cdo(2) chname: Processed 392000 values from 1 variable over 16 timesteps.
cdo(1) setattribute: Processed 392000 values from 1 variable over 16 timesteps.
cdo    divc: Processed 392000 values from 1 variable over 16 timesteps [0.33s 28MB].
cdo(1) copy: Process started
cdo(1) copy: Processed 465500 values from 1 variable over 19 timesteps.
cdo    seltimestep: Processed 24500 values from 1 variable over 19 timesteps [0.01s 16MB].
cdo(1) mergetime: Process started
cdo(1) mergetime: Processed 416500 values from 2 variables over 17 timesteps.
cdo    timcumsum: Processed 416500 values from 1 variable over 17 timesteps [0.05s 18MB].
cdo    replace: Processed 3748500 values from 10 variables over 34 timesteps [0.11s 26MB].
Thu Apr 15 01:00:00 PM UTC 2021 processed!
Number of files to process with CDO: 90
cdo(1) divc: Process started
cdo(2) setattribute: Process started
cdo(3) chname: Process started
cdo(4) mergetime: Process started
cdo(4) mergetime: Processed 2205000 values from 90 variables over 90 timesteps.
cdo(3) chname: Processed 2205000 values from 1 variable over 90 timesteps.
cdo(2) setattribute: Processed 2205000 values from 1 variable over 90 timesteps.
cdo(1) divc: Processed 2205000 values from 1 variable over 90 timesteps.
cdo    timcumsum: Processed 2205000 values from 1 variable over 90 timesteps [1.84s 73MB].
cdo(1) seltimestep: Process started
cdo(2) shifttime: Process started
cdo(3) copy: Process started
cdo(3) copy: Processed 2205000 values from 1 variable over 90 timesteps.
cdo(2) shifttime: Processed 2205000 values from 1 variable over 90 timesteps.
cdo(1) seltimestep: Processed 24500 values from 1 variable over 2 timesteps.
cdo    mulc: Processed 24500 values from 1 variable over 1 timestep [0.04s 30MB].
cdo    mergetime: Processed 2229500 values from 2 variables over 91 timesteps [0.08s 32MB].
cdo    replace: Processed 20065500 values from 10 variables over 182 timesteps [0.45s 98MB].
0-90 is done
Number of files to process with CDO: 18
cdo(1) setattribute: Process started
cdo(2) chname: Process started
cdo(3) mergetime: Process started
cdo(3) mergetime: Processed 441000 values from 18 variables over 18 timesteps.
cdo(2) chname: Processed 441000 values from 1 variable over 18 timesteps.
cdo(1) setattribute: Processed 441000 values from 1 variable over 18 timesteps.
cdo    divc: Processed 441000 values from 1 variable over 18 timesteps [0.32s 30MB].
cdo(1) copy: Process started
cdo(1) copy: Processed 2229500 values from 1 variable over 91 timesteps.
cdo    seltimestep: Processed 24500 values from 1 variable over 91 timesteps [0.03s 30MB].
cdo(1) mergetime: Process started
cdo(1) mergetime: Processed 465500 values from 2 variables over 19 timesteps.
cdo    timcumsum: Processed 465500 values from 1 variable over 19 timesteps [0.07s 18MB].
cdo    replace: Processed 4189500 values from 10 variables over 38 timesteps [0.14s 28MB].
90-144 is done
Number of files to process with CDO: 16
cdo(1) setattribute: Process started
cdo(2) chname: Process started
cdo(3) mergetime: Process started
cdo(3) mergetime: Processed 392000 values from 16 variables over 16 timesteps.
cdo(2) chname: Processed 392000 values from 1 variable over 16 timesteps.
cdo(1) setattribute: Processed 392000 values from 1 variable over 16 timesteps.
cdo    divc: Processed 392000 values from 1 variable over 16 timesteps [0.34s 28MB].
cdo(1) copy: Process started
cdo(1) copy: Processed 465500 values from 1 variable over 19 timesteps.
cdo    seltimestep: Processed 24500 values from 1 variable over 19 timesteps [0.01s 17MB].
cdo(1) mergetime: Process started
cdo(1) mergetime: Processed 416500 values from 2 variables over 17 timesteps.
cdo    timcumsum: Processed 416500 values from 1 variable over 17 timesteps [0.03s 18MB].
cdo    replace: Processed 3748500 values from 10 variables over 34 timesteps [0.11s 27MB].
Fri Apr 16 01:00:00 PM UTC 2021 processed!
Number of files to process with CDO: 90
cdo(1) divc: Process started
cdo(2) setattribute: Process started
cdo(3) chname: Process started
cdo(4) mergetime: Process started
cdo(4) mergetime: Processed 2205000 values from 90 variables over 90 timesteps.
cdo(3) chname: Processed 2205000 values from 1 variable over 90 timesteps.
cdo(2) setattribute: Processed 2205000 values from 1 variable over 90 timesteps.
cdo(1) divc: Processed 2205000 values from 1 variable over 90 timesteps.
cdo    timcumsum: Processed 2205000 values from 1 variable over 90 timesteps [1.76s 73MB].
cdo(1) seltimestep: Process started
cdo(2) shifttime: Process started
cdo(3) copy: Process started
cdo(3) copy: Processed 2205000 values from 1 variable over 90 timesteps.
cdo(2) shifttime: Processed 2205000 values from 1 variable over 90 timesteps.
cdo(1) seltimestep: Processed 24500 values from 1 variable over 2 timesteps.
cdo    mulc: Processed 24500 values from 1 variable over 1 timestep [0.06s 29MB].
cdo    mergetime: Processed 2229500 values from 2 variables over 91 timesteps [0.09s 32MB].
cdo    replace: Processed 20065500 values from 10 variables over 182 timesteps [0.47s 96MB].
0-90 is done
Number of files to process with CDO: 18
cdo(1) setattribute: Process started
cdo(2) chname: Process started
cdo(3) mergetime: Process started
cdo(3) mergetime: Processed 441000 values from 18 variables over 18 timesteps.
cdo(2) chname: Processed 441000 values from 1 variable over 18 timesteps.
cdo(1) setattribute: Processed 441000 values from 1 variable over 18 timesteps.
cdo    divc: Processed 441000 values from 1 variable over 18 timesteps [0.34s 30MB].
cdo(1) copy: Process started
cdo(1) copy: Processed 2229500 values from 1 variable over 91 timesteps.
cdo    seltimestep: Processed 24500 values from 1 variable over 91 timesteps [0.02s 30MB].
cdo(1) mergetime: Process started
cdo(1) mergetime: Processed 465500 values from 2 variables over 19 timesteps.
cdo    timcumsum: Processed 465500 values from 1 variable over 19 timesteps [0.03s 17MB].
cdo    replace: Processed 4189500 values from 10 variables over 38 timesteps [0.13s 29MB].
90-144 is done
Number of files to process with CDO: 16
cdo(1) setattribute: Process started
cdo(2) chname: Process started
cdo(3) mergetime: Process started
cdo(3) mergetime: Processed 392000 values from 16 variables over 16 timesteps.
cdo(2) chname: Processed 392000 values from 1 variable over 16 timesteps.
cdo(1) setattribute: Processed 392000 values from 1 variable over 16 timesteps.
cdo    divc: Processed 392000 values from 1 variable over 16 timesteps [0.34s 28MB].
cdo(1) copy: Process started
cdo(1) copy: Processed 465500 values from 1 variable over 19 timesteps.
cdo    seltimestep: Processed 24500 values from 1 variable over 19 timesteps [0.01s 17MB].
cdo(1) mergetime: Process started
cdo(1) mergetime: Processed 416500 values from 2 variables over 17 timesteps.
cdo    timcumsum: Processed 416500 values from 1 variable over 17 timesteps [0.03s 18MB].
cdo    replace: Processed 3748500 values from 10 variables over 34 timesteps [0.12s 29MB].
Sat Apr 17 01:00:00 PM UTC 2021 processed!
Number of files to process with CDO: 90
cdo(1) divc: Process started
cdo(2) setattribute: Process started
cdo(3) chname: Process started
cdo(4) mergetime: Process started
cdo(4) mergetime: Processed 2205000 values from 90 variables over 90 timesteps.
cdo(3) chname: Processed 2205000 values from 1 variable over 90 timesteps.
cdo(2) setattribute: Processed 2205000 values from 1 variable over 90 timesteps.
cdo(1) divc: Processed 2205000 values from 1 variable over 90 timesteps.
cdo    timcumsum: Processed 2205000 values from 1 variable over 90 timesteps [1.94s 75MB].
cdo(1) seltimestep: Process started
cdo(2) shifttime: Process started
cdo(3) copy: Process started
cdo(3) copy: Processed 2205000 values from 1 variable over 90 timesteps.
cdo(2) shifttime: Processed 2205000 values from 1 variable over 90 timesteps.
cdo(1) seltimestep: Processed 24500 values from 1 variable over 2 timesteps.
cdo    mulc: Processed 24500 values from 1 variable over 1 timestep [0.04s 30MB].
cdo    mergetime: Processed 2229500 values from 2 variables over 91 timesteps [0.10s 31MB].
cdo    replace: Processed 20065500 values from 10 variables over 182 timesteps [0.46s 97MB].
0-90 is done
Number of files to process with CDO: 18
cdo(1) setattribute: Process started
cdo(2) chname: Process started
cdo(3) mergetime: Process started
cdo(3) mergetime: Processed 441000 values from 18 variables over 18 timesteps.
cdo(2) chname: Processed 441000 values from 1 variable over 18 timesteps.
cdo(1) setattribute: Processed 441000 values from 1 variable over 18 timesteps.
cdo    divc: Processed 441000 values from 1 variable over 18 timesteps [0.36s 30MB].
cdo(1) copy: Process started
cdo(1) copy: Processed 2229500 values from 1 variable over 91 timesteps.
cdo    seltimestep: Processed 24500 values from 1 variable over 91 timesteps [0.02s 30MB].
cdo(1) mergetime: Process started
cdo(1) mergetime: Processed 465500 values from 2 variables over 19 timesteps.
cdo    timcumsum: Processed 465500 values from 1 variable over 19 timesteps [0.04s 18MB].
cdo    replace: Processed 4189500 values from 10 variables over 38 timesteps [0.13s 28MB].
90-144 is done
Number of files to process with CDO: 16
cdo(1) setattribute: Process started
cdo(2) chname: Process started
cdo(3) mergetime: Process started
cdo(3) mergetime: Processed 392000 values from 16 variables over 16 timesteps.
cdo(2) chname: Processed 392000 values from 1 variable over 16 timesteps.
cdo(1) setattribute: Processed 392000 values from 1 variable over 16 timesteps.
cdo    divc: Processed 392000 values from 1 variable over 16 timesteps [0.35s 28MB].
cdo(1) copy: Process started
cdo(1) copy: Processed 465500 values from 1 variable over 19 timesteps.
cdo    seltimestep: Processed 24500 values from 1 variable over 19 timesteps [0.01s 17MB].
cdo(1) mergetime: Process started
cdo(1) mergetime: Processed 416500 values from 2 variables over 17 timesteps.
cdo    timcumsum: Processed 416500 values from 1 variable over 17 timesteps [0.03s 18MB].
cdo    replace: Processed 3748500 values from 10 variables over 34 timesteps [0.11s 27MB].
Sun Apr 18 01:00:00 PM UTC 2021 processed!
Number of files to process with CDO: 90
cdo(1) divc: Process started
cdo(2) setattribute: Process started
cdo(3) chname: Process started
cdo(4) mergetime: Process started
cdo(4) mergetime: Processed 2205000 values from 90 variables over 90 timesteps.
cdo(3) chname: Processed 2205000 values from 1 variable over 90 timesteps.
cdo(2) setattribute: Processed 2205000 values from 1 variable over 90 timesteps.
cdo(1) divc: Processed 2205000 values from 1 variable over 90 timesteps.
cdo    timcumsum: Processed 2205000 values from 1 variable over 90 timesteps [1.70s 73MB].
cdo(1) seltimestep: Process started
cdo(2) shifttime: Process started
cdo(3) copy: Process started
cdo(3) copy: Processed 2205000 values from 1 variable over 90 timesteps.
cdo(2) shifttime: Processed 2205000 values from 1 variable over 90 timesteps.
cdo(1) seltimestep: Processed 24500 values from 1 variable over 2 timesteps.
cdo    mulc: Processed 24500 values from 1 variable over 1 timestep [0.04s 30MB].
cdo    mergetime: Processed 2229500 values from 2 variables over 91 timesteps [0.06s 31MB].
cdo    replace: Processed 20065500 values from 10 variables over 182 timesteps [0.43s 97MB].
0-90 is done
Number of files to process with CDO: 18
cdo(1) setattribute: Process started
cdo(2) chname: Process started
cdo(3) mergetime: Process started
cdo(3) mergetime: Processed 441000 values from 18 variables over 18 timesteps.
cdo(2) chname: Processed 441000 values from 1 variable over 18 timesteps.
cdo(1) setattribute: Processed 441000 values from 1 variable over 18 timesteps.
cdo    divc: Processed 441000 values from 1 variable over 18 timesteps [0.39s 30MB].
cdo(1) copy: Process started
cdo(1) copy: Processed 2229500 values from 1 variable over 91 timesteps.
cdo    seltimestep: Processed 24500 values from 1 variable over 91 timesteps [0.03s 30MB].
cdo(1) mergetime: Process started
cdo(1) mergetime: Processed 465500 values from 2 variables over 19 timesteps.
cdo    timcumsum: Processed 465500 values from 1 variable over 19 timesteps [0.03s 18MB].
cdo    replace: Processed 4189500 values from 10 variables over 38 timesteps [0.13s 29MB].
90-144 is done
Number of files to process with CDO: 16
cdo(1) setattribute: Process started
cdo(2) chname: Process started
cdo(3) mergetime: Process started
cdo(3) mergetime: Processed 392000 values from 16 variables over 16 timesteps.
cdo(2) chname: Processed 392000 values from 1 variable over 16 timesteps.
cdo(1) setattribute: Processed 392000 values from 1 variable over 16 timesteps.
cdo    divc: Processed 392000 values from 1 variable over 16 timesteps [0.35s 28MB].
cdo(1) copy: Process started
cdo(1) copy: Processed 465500 values from 1 variable over 19 timesteps.
cdo    seltimestep: Processed 24500 values from 1 variable over 19 timesteps [0.01s 17MB].
cdo(1) mergetime: Process started
cdo(1) mergetime: Processed 416500 values from 2 variables over 17 timesteps.
cdo    timcumsum: Processed 416500 values from 1 variable over 17 timesteps [0.04s 18MB].
cdo    replace: Processed 3748500 values from 10 variables over 34 timesteps [0.12s 27MB].
Mon Apr 19 01:00:00 PM UTC 2021 processed!
Number of files to process with CDO: 90
cdo(1) divc: Process started
cdo(2) setattribute: Process started
cdo(3) chname: Process started
cdo(4) mergetime: Process started
cdo(4) mergetime: Processed 2205000 values from 90 variables over 90 timesteps.
cdo(3) chname: Processed 2205000 values from 1 variable over 90 timesteps.
cdo(2) setattribute: Processed 2205000 values from 1 variable over 90 timesteps.
cdo(1) divc: Processed 2205000 values from 1 variable over 90 timesteps.
cdo    timcumsum: Processed 2205000 values from 1 variable over 90 timesteps [1.72s 75MB].
cdo(1) seltimestep: Process started
cdo(2) shifttime: Process started
cdo(3) copy: Process started
cdo(3) copy: Processed 2205000 values from 1 variable over 90 timesteps.
cdo(2) shifttime: Processed 2205000 values from 1 variable over 90 timesteps.
cdo(1) seltimestep: Processed 24500 values from 1 variable over 2 timesteps.
cdo    mulc: Processed 24500 values from 1 variable over 1 timestep [0.04s 31MB].
cdo    mergetime: Processed 2229500 values from 2 variables over 91 timesteps [0.09s 31MB].
cdo    replace: Processed 20065500 values from 10 variables over 182 timesteps [0.45s 97MB].
0-90 is done
Number of files to process with CDO: 18
cdo(1) setattribute: Process started
cdo(2) chname: Process started
cdo(3) mergetime: Process started
cdo(3) mergetime: Processed 441000 values from 18 variables over 18 timesteps.
cdo(2) chname: Processed 441000 values from 1 variable over 18 timesteps.
cdo(1) setattribute: Processed 441000 values from 1 variable over 18 timesteps.
cdo    divc: Processed 441000 values from 1 variable over 18 timesteps [0.40s 30MB].
cdo(1) copy: Process started
cdo(1) copy: Processed 2229500 values from 1 variable over 91 timesteps.
cdo    seltimestep: Processed 24500 values from 1 variable over 91 timesteps [0.03s 30MB].
cdo(1) mergetime: Process started
cdo(1) mergetime: Processed 465500 values from 2 variables over 19 timesteps.
cdo    timcumsum: Processed 465500 values from 1 variable over 19 timesteps [0.03s 18MB].
cdo    replace: Processed 4189500 values from 10 variables over 38 timesteps [0.14s 28MB].
90-144 is done
Number of files to process with CDO: 16
cdo(1) setattribute: Process started
cdo(2) chname: Process started
cdo(3) mergetime: Process started
cdo(3) mergetime: Processed 392000 values from 16 variables over 16 timesteps.
cdo(2) chname: Processed 392000 values from 1 variable over 16 timesteps.
cdo(1) setattribute: Processed 392000 values from 1 variable over 16 timesteps.
cdo    divc: Processed 392000 values from 1 variable over 16 timesteps [0.34s 27MB].
cdo(1) copy: Process started
cdo(1) copy: Processed 465500 values from 1 variable over 19 timesteps.
cdo    seltimestep: Processed 24500 values from 1 variable over 19 timesteps [0.01s 15MB].
cdo(1) mergetime: Process started
cdo(1) mergetime: Processed 416500 values from 2 variables over 17 timesteps.
cdo    timcumsum: Processed 416500 values from 1 variable over 17 timesteps [0.03s 18MB].
cdo    replace: Processed 3748500 values from 10 variables over 34 timesteps [0.13s 27MB].
Tue Apr 20 01:00:00 PM UTC 2021 processed!
Number of files to process with CDO: 90
cdo(1) divc: Process started
cdo(2) setattribute: Process started
cdo(3) chname: Process started
cdo(4) mergetime: Process started
cdo(4) mergetime: Processed 2205000 values from 90 variables over 90 timesteps.
cdo(3) chname: Processed 2205000 values from 1 variable over 90 timesteps.
cdo(2) setattribute: Processed 2205000 values from 1 variable over 90 timesteps.
cdo(1) divc: Processed 2205000 values from 1 variable over 90 timesteps.
cdo    timcumsum: Processed 2205000 values from 1 variable over 90 timesteps [1.89s 73MB].
cdo(1) seltimestep: Process started
cdo(2) shifttime: Process started
cdo(3) copy: Process started
cdo(3) copy: Processed 2205000 values from 1 variable over 90 timesteps.
cdo(2) shifttime: Processed 2205000 values from 1 variable over 90 timesteps.
cdo(1) seltimestep: Processed 24500 values from 1 variable over 2 timesteps.
cdo    mulc: Processed 24500 values from 1 variable over 1 timestep [0.04s 29MB].
cdo    mergetime: Processed 2229500 values from 2 variables over 91 timesteps [0.08s 32MB].
cdo    replace: Processed 20065500 values from 10 variables over 182 timesteps [0.44s 96MB].
0-90 is done
Number of files to process with CDO: 18
cdo(1) setattribute: Process started
cdo(2) chname: Process started
cdo(3) mergetime: Process started
cdo(3) mergetime: Processed 441000 values from 18 variables over 18 timesteps.
cdo(2) chname: Processed 441000 values from 1 variable over 18 timesteps.
cdo(1) setattribute: Processed 441000 values from 1 variable over 18 timesteps.
cdo    divc: Processed 441000 values from 1 variable over 18 timesteps [0.35s 30MB].
cdo(1) copy: Process started
cdo(1) copy: Processed 2229500 values from 1 variable over 91 timesteps.
cdo    seltimestep: Processed 24500 values from 1 variable over 91 timesteps [0.03s 31MB].
cdo(1) mergetime: Process started
cdo(1) mergetime: Processed 465500 values from 2 variables over 19 timesteps.
cdo    timcumsum: Processed 465500 values from 1 variable over 19 timesteps [0.03s 18MB].
cdo    replace: Processed 4189500 values from 10 variables over 38 timesteps [0.12s 27MB].
90-144 is done
Number of files to process with CDO: 16
cdo(1) setattribute: Process started
cdo(2) chname: Process started
cdo(3) mergetime: Process started
cdo(3) mergetime: Processed 392000 values from 16 variables over 16 timesteps.
cdo(2) chname: Processed 392000 values from 1 variable over 16 timesteps.
cdo(1) setattribute: Processed 392000 values from 1 variable over 16 timesteps.
cdo    divc: Processed 392000 values from 1 variable over 16 timesteps [0.35s 28MB].
cdo(1) copy: Process started
cdo(1) copy: Processed 465500 values from 1 variable over 19 timesteps.
cdo    seltimestep: Processed 24500 values from 1 variable over 19 timesteps [0.01s 17MB].
cdo(1) mergetime: Process started
cdo(1) mergetime: Processed 416500 values from 2 variables over 17 timesteps.
cdo    timcumsum: Processed 416500 values from 1 variable over 17 timesteps [0.03s 18MB].
cdo    replace: Processed 3748500 values from 10 variables over 34 timesteps [0.14s 26MB].
Wed Apr 21 01:00:00 PM UTC 2021 processed!
Number of files to process with CDO: 90
cdo(1) divc: Process started
cdo(2) setattribute: Process started
cdo(3) chname: Process started
cdo(4) mergetime: Process started
cdo(4) mergetime: Processed 2205000 values from 90 variables over 90 timesteps.
cdo(3) chname: Processed 2205000 values from 1 variable over 90 timesteps.
cdo(2) setattribute: Processed 2205000 values from 1 variable over 90 timesteps.
cdo(1) divc: Processed 2205000 values from 1 variable over 90 timesteps.
cdo    timcumsum: Processed 2205000 values from 1 variable over 90 timesteps [1.62s 73MB].
cdo(1) seltimestep: Process started
cdo(2) shifttime: Process started
cdo(3) copy: Process started
cdo(3) copy: Processed 2205000 values from 1 variable over 90 timesteps.
cdo(2) shifttime: Processed 2205000 values from 1 variable over 90 timesteps.
cdo(1) seltimestep: Processed 24500 values from 1 variable over 2 timesteps.
cdo    mulc: Processed 24500 values from 1 variable over 1 timestep [0.04s 30MB].
cdo    mergetime: Processed 2229500 values from 2 variables over 91 timesteps [0.07s 32MB].
cdo    replace: Processed 20065500 values from 10 variables over 182 timesteps [0.45s 98MB].
0-90 is done
Number of files to process with CDO: 18
cdo(1) setattribute: Process started
cdo(2) chname: Process started
cdo(3) mergetime: Process started
cdo(3) mergetime: Processed 441000 values from 18 variables over 18 timesteps.
cdo(2) chname: Processed 441000 values from 1 variable over 18 timesteps.
cdo(1) setattribute: Processed 441000 values from 1 variable over 18 timesteps.
cdo    divc: Processed 441000 values from 1 variable over 18 timesteps [0.41s 30MB].
cdo(1) copy: Process started
cdo(1) copy: Processed 2229500 values from 1 variable over 91 timesteps.
cdo    seltimestep: Processed 24500 values from 1 variable over 91 timesteps [0.03s 30MB].
cdo(1) mergetime: Process started
cdo(1) mergetime: Processed 465500 values from 2 variables over 19 timesteps.
cdo    timcumsum: Processed 465500 values from 1 variable over 19 timesteps [0.05s 18MB].
cdo    replace: Processed 4189500 values from 10 variables over 38 timesteps [0.14s 28MB].
90-144 is done
Number of files to process with CDO: 16
cdo(1) setattribute: Process started
cdo(2) chname: Process started
cdo(3) mergetime: Process started
cdo(3) mergetime: Processed 392000 values from 16 variables over 16 timesteps.
cdo(2) chname: Processed 392000 values from 1 variable over 16 timesteps.
cdo(1) setattribute: Processed 392000 values from 1 variable over 16 timesteps.
cdo    divc: Processed 392000 values from 1 variable over 16 timesteps [0.36s 28MB].
cdo(1) copy: Process started
cdo(1) copy: Processed 465500 values from 1 variable over 19 timesteps.
cdo    seltimestep: Processed 24500 values from 1 variable over 19 timesteps [0.01s 17MB].
cdo(1) mergetime: Process started
cdo(1) mergetime: Processed 416500 values from 2 variables over 17 timesteps.
cdo    timcumsum: Processed 416500 values from 1 variable over 17 timesteps [0.03s 18MB].
cdo    replace: Processed 3748500 values from 10 variables over 34 timesteps [0.13s 25MB].
Thu Apr 22 01:00:00 PM UTC 2021 processed!
Number of files to process with CDO: 90
cdo(1) divc: Process started
cdo(2) setattribute: Process started
cdo(3) chname: Process started
cdo(4) mergetime: Process started
cdo(4) mergetime: Processed 2205000 values from 90 variables over 90 timesteps.
cdo(3) chname: Processed 2205000 values from 1 variable over 90 timesteps.
cdo(2) setattribute: Processed 2205000 values from 1 variable over 90 timesteps.
cdo(1) divc: Processed 2205000 values from 1 variable over 90 timesteps.
cdo    timcumsum: Processed 2205000 values from 1 variable over 90 timesteps [1.81s 73MB].
cdo(1) seltimestep: Process started
cdo(2) shifttime: Process started
cdo(3) copy: Process started
cdo(3) copy: Processed 2205000 values from 1 variable over 90 timesteps.
cdo(2) shifttime: Processed 2205000 values from 1 variable over 90 timesteps.
cdo(1) seltimestep: Processed 24500 values from 1 variable over 2 timesteps.
cdo    mulc: Processed 24500 values from 1 variable over 1 timestep [0.04s 30MB].
cdo    mergetime: Processed 2229500 values from 2 variables over 91 timesteps [0.07s 31MB].
cdo    replace: Processed 20065500 values from 10 variables over 182 timesteps [0.43s 98MB].
0-90 is done
Number of files to process with CDO: 18
cdo(1) setattribute: Process started
cdo(2) chname: Process started
cdo(3) mergetime: Process started
cdo(3) mergetime: Processed 441000 values from 18 variables over 18 timesteps.
cdo(2) chname: Processed 441000 values from 1 variable over 18 timesteps.
cdo(1) setattribute: Processed 441000 values from 1 variable over 18 timesteps.
cdo    divc: Processed 441000 values from 1 variable over 18 timesteps [0.31s 30MB].
cdo(1) copy: Process started
cdo(1) copy: Processed 2229500 values from 1 variable over 91 timesteps.
cdo    seltimestep: Processed 24500 values from 1 variable over 91 timesteps [0.03s 30MB].
cdo(1) mergetime: Process started
cdo(1) mergetime: Processed 465500 values from 2 variables over 19 timesteps.
cdo    timcumsum: Processed 465500 values from 1 variable over 19 timesteps [0.03s 18MB].
cdo    replace: Processed 4189500 values from 10 variables over 38 timesteps [0.12s 27MB].
90-144 is done
Number of files to process with CDO: 16
cdo(1) setattribute: Process started
cdo(2) chname: Process started
cdo(3) mergetime: Process started
cdo(3) mergetime: Processed 392000 values from 16 variables over 16 timesteps.
cdo(2) chname: Processed 392000 values from 1 variable over 16 timesteps.
cdo(1) setattribute: Processed 392000 values from 1 variable over 16 timesteps.
cdo    divc: Processed 392000 values from 1 variable over 16 timesteps [0.34s 27MB].
cdo(1) copy: Process started
cdo(1) copy: Processed 465500 values from 1 variable over 19 timesteps.
cdo    seltimestep: Processed 24500 values from 1 variable over 19 timesteps [0.01s 17MB].
cdo(1) mergetime: Process started
cdo(1) mergetime: Processed 416500 values from 2 variables over 17 timesteps.
cdo    timcumsum: Processed 416500 values from 1 variable over 17 timesteps [0.03s 18MB].
cdo    replace: Processed 3748500 values from 10 variables over 34 timesteps [0.12s 27MB].
Fri Apr 23 01:00:00 PM UTC 2021 processed!
Number of files to process with CDO: 90
cdo(1) divc: Process started
cdo(2) setattribute: Process started
cdo(3) chname: Process started
cdo(4) mergetime: Process started
cdo(4) mergetime: Processed 2205000 values from 90 variables over 90 timesteps.
cdo(3) chname: Processed 2205000 values from 1 variable over 90 timesteps.
cdo(2) setattribute: Processed 2205000 values from 1 variable over 90 timesteps.
cdo(1) divc: Processed 2205000 values from 1 variable over 90 timesteps.
cdo    timcumsum: Processed 2205000 values from 1 variable over 90 timesteps [1.82s 75MB].
cdo(1) seltimestep: Process started
cdo(2) shifttime: Process started
cdo(3) copy: Process started
cdo(3) copy: Processed 2205000 values from 1 variable over 90 timesteps.
cdo(2) shifttime: Processed 2205000 values from 1 variable over 90 timesteps.
cdo(1) seltimestep: Processed 24500 values from 1 variable over 2 timesteps.
cdo    mulc: Processed 24500 values from 1 variable over 1 timestep [0.04s 30MB].
cdo    mergetime: Processed 2229500 values from 2 variables over 91 timesteps [0.11s 31MB].
cdo    replace: Processed 20065500 values from 10 variables over 182 timesteps [0.46s 96MB].
0-90 is done
Number of files to process with CDO: 18
cdo(1) setattribute: Process started
cdo(2) chname: Process started
cdo(3) mergetime: Process started
cdo(3) mergetime: Processed 441000 values from 18 variables over 18 timesteps.
cdo(2) chname: Processed 441000 values from 1 variable over 18 timesteps.
cdo(1) setattribute: Processed 441000 values from 1 variable over 18 timesteps.
cdo    divc: Processed 441000 values from 1 variable over 18 timesteps [0.42s 30MB].
cdo(1) copy: Process started
cdo(1) copy: Processed 2229500 values from 1 variable over 91 timesteps.
cdo    seltimestep: Processed 24500 values from 1 variable over 91 timesteps [0.04s 30MB].
cdo(1) mergetime: Process started
cdo(1) mergetime: Processed 465500 values from 2 variables over 19 timesteps.
cdo    timcumsum: Processed 465500 values from 1 variable over 19 timesteps [0.03s 18MB].
cdo    replace: Processed 4189500 values from 10 variables over 38 timesteps [0.12s 27MB].
90-144 is done
Number of files to process with CDO: 16
cdo(1) setattribute: Process started
cdo(2) chname: Process started
cdo(3) mergetime: Process started
cdo(3) mergetime: Processed 392000 values from 16 variables over 16 timesteps.
cdo(2) chname: Processed 392000 values from 1 variable over 16 timesteps.
cdo(1) setattribute: Processed 392000 values from 1 variable over 16 timesteps.
cdo    divc: Processed 392000 values from 1 variable over 16 timesteps [0.36s 28MB].
cdo(1) copy: Process started
cdo(1) copy: Processed 465500 values from 1 variable over 19 timesteps.
cdo    seltimestep: Processed 24500 values from 1 variable over 19 timesteps [0.01s 17MB].
cdo(1) mergetime: Process started
cdo(1) mergetime: Processed 416500 values from 2 variables over 17 timesteps.
cdo    timcumsum: Processed 416500 values from 1 variable over 17 timesteps [0.03s 18MB].
cdo    replace: Processed 3748500 values from 10 variables over 34 timesteps [0.11s 26MB].
Sat Apr 24 01:00:00 PM UTC 2021 processed!
Number of files to process with CDO: 90
cdo(1) divc: Process started
cdo(2) setattribute: Process started
cdo(3) chname: Process started
cdo(4) mergetime: Process started
cdo(4) mergetime: Processed 2205000 values from 90 variables over 90 timesteps.
cdo(3) chname: Processed 2205000 values from 1 variable over 90 timesteps.
cdo(2) setattribute: Processed 2205000 values from 1 variable over 90 timesteps.
cdo(1) divc: Processed 2205000 values from 1 variable over 90 timesteps.
cdo    timcumsum: Processed 2205000 values from 1 variable over 90 timesteps [1.82s 73MB].
cdo(1) seltimestep: Process started
cdo(2) shifttime: Process started
cdo(3) copy: Process started
cdo(3) copy: Processed 2205000 values from 1 variable over 90 timesteps.
cdo(2) shifttime: Processed 2205000 values from 1 variable over 90 timesteps.
cdo(1) seltimestep: Processed 24500 values from 1 variable over 2 timesteps.
cdo    mulc: Processed 24500 values from 1 variable over 1 timestep [0.04s 30MB].
cdo    mergetime: Processed 2229500 values from 2 variables over 91 timesteps [0.08s 31MB].
cdo    replace: Processed 20065500 values from 10 variables over 182 timesteps [0.44s 96MB].
0-90 is done
Number of files to process with CDO: 18
cdo(1) setattribute: Process started
cdo(2) chname: Process started
cdo(3) mergetime: Process started
cdo(3) mergetime: Processed 441000 values from 18 variables over 18 timesteps.
cdo(2) chname: Processed 441000 values from 1 variable over 18 timesteps.
cdo(1) setattribute: Processed 441000 values from 1 variable over 18 timesteps.
cdo    divc: Processed 441000 values from 1 variable over 18 timesteps [0.36s 30MB].
cdo(1) copy: Process started
cdo(1) copy: Processed 2229500 values from 1 variable over 91 timesteps.
cdo    seltimestep: Processed 24500 values from 1 variable over 91 timesteps [0.03s 31MB].
cdo(1) mergetime: Process started
cdo(1) mergetime: Processed 465500 values from 2 variables over 19 timesteps.
cdo    timcumsum: Processed 465500 values from 1 variable over 19 timesteps [0.03s 18MB].
cdo    replace: Processed 4189500 values from 10 variables over 38 timesteps [0.15s 27MB].
90-144 is done
Number of files to process with CDO: 16
cdo(1) setattribute: Process started
cdo(2) chname: Process started
cdo(3) mergetime: Process started
cdo(3) mergetime: Processed 392000 values from 16 variables over 16 timesteps.
cdo(2) chname: Processed 392000 values from 1 variable over 16 timesteps.
cdo(1) setattribute: Processed 392000 values from 1 variable over 16 timesteps.
cdo    divc: Processed 392000 values from 1 variable over 16 timesteps [0.34s 28MB].
cdo(1) copy: Process started
cdo(1) copy: Processed 465500 values from 1 variable over 19 timesteps.
cdo    seltimestep: Processed 24500 values from 1 variable over 19 timesteps [0.01s 16MB].
cdo(1) mergetime: Process started
cdo(1) mergetime: Processed 416500 values from 2 variables over 17 timesteps.
cdo    timcumsum: Processed 416500 values from 1 variable over 17 timesteps [0.02s 18MB].
cdo    replace: Processed 3748500 values from 10 variables over 34 timesteps [0.13s 26MB].
Sun Apr 25 01:00:00 PM UTC 2021 processed!
Number of files to process with CDO: 90
cdo(1) divc: Process started
cdo(2) setattribute: Process started
cdo(3) chname: Process started
cdo(4) mergetime: Process started
cdo(4) mergetime: Processed 2205000 values from 90 variables over 90 timesteps.
cdo(3) chname: Processed 2205000 values from 1 variable over 90 timesteps.
cdo(2) setattribute: Processed 2205000 values from 1 variable over 90 timesteps.
cdo(1) divc: Processed 2205000 values from 1 variable over 90 timesteps.
cdo    timcumsum: Processed 2205000 values from 1 variable over 90 timesteps [1.77s 73MB].
cdo(1) seltimestep: Process started
cdo(2) shifttime: Process started
cdo(3) copy: Process started
cdo(3) copy: Processed 2205000 values from 1 variable over 90 timesteps.
cdo(2) shifttime: Processed 2205000 values from 1 variable over 90 timesteps.
cdo(1) seltimestep: Processed 24500 values from 1 variable over 2 timesteps.
cdo    mulc: Processed 24500 values from 1 variable over 1 timestep [0.04s 30MB].
cdo    mergetime: Processed 2229500 values from 2 variables over 91 timesteps [0.07s 32MB].
cdo    replace: Processed 20065500 values from 10 variables over 182 timesteps [0.43s 97MB].
0-90 is done
Number of files to process with CDO: 18
cdo(1) setattribute: Process started
cdo(2) chname: Process started
cdo(3) mergetime: Process started
cdo(3) mergetime: Processed 441000 values from 18 variables over 18 timesteps.
cdo(2) chname: Processed 441000 values from 1 variable over 18 timesteps.
cdo(1) setattribute: Processed 441000 values from 1 variable over 18 timesteps.
cdo    divc: Processed 441000 values from 1 variable over 18 timesteps [0.38s 30MB].
cdo(1) copy: Process started
cdo(1) copy: Processed 2229500 values from 1 variable over 91 timesteps.
cdo    seltimestep: Processed 24500 values from 1 variable over 91 timesteps [0.03s 30MB].
cdo(1) mergetime: Process started
cdo(1) mergetime: Processed 465500 values from 2 variables over 19 timesteps.
cdo    timcumsum: Processed 465500 values from 1 variable over 19 timesteps [0.05s 18MB].
cdo    replace: Processed 4189500 values from 10 variables over 38 timesteps [0.14s 28MB].
90-144 is done
Number of files to process with CDO: 16
cdo(1) setattribute: Process started
cdo(2) chname: Process started
cdo(3) mergetime: Process started
cdo(3) mergetime: Processed 392000 values from 16 variables over 16 timesteps.
cdo(2) chname: Processed 392000 values from 1 variable over 16 timesteps.
cdo(1) setattribute: Processed 392000 values from 1 variable over 16 timesteps.
cdo    divc: Processed 392000 values from 1 variable over 16 timesteps [0.32s 28MB].
cdo(1) copy: Process started
cdo(1) copy: Processed 465500 values from 1 variable over 19 timesteps.
cdo    seltimestep: Processed 24500 values from 1 variable over 19 timesteps [0.01s 16MB].
cdo(1) mergetime: Process started
cdo(1) mergetime: Processed 416500 values from 2 variables over 17 timesteps.
cdo    timcumsum: Processed 416500 values from 1 variable over 17 timesteps [0.03s 18MB].
cdo    replace: Processed 3748500 values from 10 variables over 34 timesteps [0.11s 26MB].
Mon Apr 26 01:00:00 PM UTC 2021 processed!
Number of files to process with CDO: 90
cdo(1) divc: Process started
cdo(2) setattribute: Process started
cdo(3) chname: Process started
cdo(4) mergetime: Process started
cdo(4) mergetime: Processed 2205000 values from 90 variables over 90 timesteps.
cdo(3) chname: Processed 2205000 values from 1 variable over 90 timesteps.
cdo(2) setattribute: Processed 2205000 values from 1 variable over 90 timesteps.
cdo(1) divc: Processed 2205000 values from 1 variable over 90 timesteps.
cdo    timcumsum: Processed 2205000 values from 1 variable over 90 timesteps [1.82s 75MB].
cdo(1) seltimestep: Process started
cdo(2) shifttime: Process started
cdo(3) copy: Process started
cdo(3) copy: Processed 2205000 values from 1 variable over 90 timesteps.
cdo(2) shifttime: Processed 2205000 values from 1 variable over 90 timesteps.
cdo(1) seltimestep: Processed 24500 values from 1 variable over 2 timesteps.
cdo    mulc: Processed 24500 values from 1 variable over 1 timestep [0.04s 31MB].
cdo    mergetime: Processed 2229500 values from 2 variables over 91 timesteps [0.09s 31MB].
cdo    replace: Processed 20065500 values from 10 variables over 182 timesteps [0.44s 97MB].
0-90 is done
Number of files to process with CDO: 18
cdo(1) setattribute: Process started
cdo(2) chname: Process started
cdo(3) mergetime: Process started
cdo(3) mergetime: Processed 441000 values from 18 variables over 18 timesteps.
cdo(2) chname: Processed 441000 values from 1 variable over 18 timesteps.
cdo(1) setattribute: Processed 441000 values from 1 variable over 18 timesteps.
cdo    divc: Processed 441000 values from 1 variable over 18 timesteps [0.45s 30MB].
cdo(1) copy: Process started
cdo(1) copy: Processed 2229500 values from 1 variable over 91 timesteps.
cdo    seltimestep: Processed 24500 values from 1 variable over 91 timesteps [0.03s 29MB].
cdo(1) mergetime: Process started
cdo(1) mergetime: Processed 465500 values from 2 variables over 19 timesteps.
cdo    timcumsum: Processed 465500 values from 1 variable over 19 timesteps [0.03s 18MB].
cdo    replace: Processed 4189500 values from 10 variables over 38 timesteps [0.13s 28MB].
90-144 is done
Number of files to process with CDO: 16
cdo(1) setattribute: Process started
cdo(2) chname: Process started
cdo(3) mergetime: Process started
cdo(3) mergetime: Processed 392000 values from 16 variables over 16 timesteps.
cdo(2) chname: Processed 392000 values from 1 variable over 16 timesteps.
cdo(1) setattribute: Processed 392000 values from 1 variable over 16 timesteps.
cdo    divc: Processed 392000 values from 1 variable over 16 timesteps [0.36s 28MB].
cdo(1) copy: Process started
cdo(1) copy: Processed 465500 values from 1 variable over 19 timesteps.
cdo    seltimestep: Processed 24500 values from 1 variable over 19 timesteps [0.01s 17MB].
cdo(1) mergetime: Process started
cdo(1) mergetime: Processed 416500 values from 2 variables over 17 timesteps.
cdo    timcumsum: Processed 416500 values from 1 variable over 17 timesteps [0.04s 18MB].
cdo    replace: Processed 3748500 values from 10 variables over 34 timesteps [0.14s 27MB].
Tue Apr 27 01:00:00 PM UTC 2021 processed!
Number of files to process with CDO: 90
cdo(1) divc: Process started
cdo(2) setattribute: Process started
cdo(3) chname: Process started
cdo(4) mergetime: Process started
cdo(4) mergetime: Processed 2205000 values from 90 variables over 90 timesteps.
cdo(3) chname: Processed 2205000 values from 1 variable over 90 timesteps.
cdo(2) setattribute: Processed 2205000 values from 1 variable over 90 timesteps.
cdo(1) divc: Processed 2205000 values from 1 variable over 90 timesteps.
cdo    timcumsum: Processed 2205000 values from 1 variable over 90 timesteps [1.90s 73MB].
cdo(1) seltimestep: Process started
cdo(2) shifttime: Process started
cdo(3) copy: Process started
cdo(3) copy: Processed 2205000 values from 1 variable over 90 timesteps.
cdo(2) shifttime: Processed 2205000 values from 1 variable over 90 timesteps.
cdo(1) seltimestep: Processed 24500 values from 1 variable over 2 timesteps.
cdo    mulc: Processed 24500 values from 1 variable over 1 timestep [0.04s 31MB].
cdo    mergetime: Processed 2229500 values from 2 variables over 91 timesteps [0.08s 32MB].
cdo    replace: Processed 20065500 values from 10 variables over 182 timesteps [0.44s 97MB].
0-90 is done
Number of files to process with CDO: 18
cdo(1) setattribute: Process started
cdo(2) chname: Process started
cdo(3) mergetime: Process started
cdo(3) mergetime: Processed 441000 values from 18 variables over 18 timesteps.
cdo(2) chname: Processed 441000 values from 1 variable over 18 timesteps.
cdo(1) setattribute: Processed 441000 values from 1 variable over 18 timesteps.
cdo    divc: Processed 441000 values from 1 variable over 18 timesteps [0.43s 29MB].
cdo(1) copy: Process started
cdo(1) copy: Processed 2229500 values from 1 variable over 91 timesteps.
cdo    seltimestep: Processed 24500 values from 1 variable over 91 timesteps [0.03s 30MB].
cdo(1) mergetime: Process started
cdo(1) mergetime: Processed 465500 values from 2 variables over 19 timesteps.
cdo    timcumsum: Processed 465500 values from 1 variable over 19 timesteps [0.03s 18MB].
cdo    replace: Processed 4189500 values from 10 variables over 38 timesteps [0.13s 28MB].
90-144 is done
Number of files to process with CDO: 16
cdo(1) setattribute: Process started
cdo(2) chname: Process started
cdo(3) mergetime: Process started
cdo(3) mergetime: Processed 392000 values from 16 variables over 16 timesteps.
cdo(2) chname: Processed 392000 values from 1 variable over 16 timesteps.
cdo(1) setattribute: Processed 392000 values from 1 variable over 16 timesteps.
cdo    divc: Processed 392000 values from 1 variable over 16 timesteps [0.38s 29MB].
cdo(1) copy: Process started
cdo(1) copy: Processed 465500 values from 1 variable over 19 timesteps.
cdo    seltimestep: Processed 24500 values from 1 variable over 19 timesteps [0.01s 16MB].
cdo(1) mergetime: Process started
cdo(1) mergetime: Processed 416500 values from 2 variables over 17 timesteps.
cdo    timcumsum: Processed 416500 values from 1 variable over 17 timesteps [0.02s 18MB].
cdo    replace: Processed 3748500 values from 10 variables over 34 timesteps [0.13s 27MB].
Wed Apr 28 01:00:00 PM UTC 2021 processed!
Number of files to process with CDO: 90
cdo(1) divc: Process started
cdo(2) setattribute: Process started
cdo(3) chname: Process started
cdo(4) mergetime: Process started
cdo(4) mergetime: Processed 2205000 values from 90 variables over 90 timesteps.
cdo(3) chname: Processed 2205000 values from 1 variable over 90 timesteps.
cdo(2) setattribute: Processed 2205000 values from 1 variable over 90 timesteps.
cdo(1) divc: Processed 2205000 values from 1 variable over 90 timesteps.
cdo    timcumsum: Processed 2205000 values from 1 variable over 90 timesteps [1.95s 73MB].
cdo(1) seltimestep: Process started
cdo(2) shifttime: Process started
cdo(3) copy: Process started
cdo(3) copy: Processed 2205000 values from 1 variable over 90 timesteps.
cdo(2) shifttime: Processed 2205000 values from 1 variable over 90 timesteps.
cdo(1) seltimestep: Processed 24500 values from 1 variable over 2 timesteps.
cdo    mulc: Processed 24500 values from 1 variable over 1 timestep [0.04s 30MB].
cdo    mergetime: Processed 2229500 values from 2 variables over 91 timesteps [0.09s 31MB].
cdo    replace: Processed 20065500 values from 10 variables over 182 timesteps [0.42s 97MB].
0-90 is done
Number of files to process with CDO: 18
cdo(1) setattribute: Process started
cdo(2) chname: Process started
cdo(3) mergetime: Process started
cdo(3) mergetime: Processed 441000 values from 18 variables over 18 timesteps.
cdo(2) chname: Processed 441000 values from 1 variable over 18 timesteps.
cdo(1) setattribute: Processed 441000 values from 1 variable over 18 timesteps.
cdo    divc: Processed 441000 values from 1 variable over 18 timesteps [0.31s 30MB].
cdo(1) copy: Process started
cdo(1) copy: Processed 2229500 values from 1 variable over 91 timesteps.
cdo    seltimestep: Processed 24500 values from 1 variable over 91 timesteps [0.03s 30MB].
cdo(1) mergetime: Process started
cdo(1) mergetime: Processed 465500 values from 2 variables over 19 timesteps.
cdo    timcumsum: Processed 465500 values from 1 variable over 19 timesteps [0.03s 18MB].
cdo    replace: Processed 4189500 values from 10 variables over 38 timesteps [0.13s 29MB].
90-144 is done
Number of files to process with CDO: 16
cdo(1) setattribute: Process started
cdo(2) chname: Process started
cdo(3) mergetime: Process started
cdo(3) mergetime: Processed 392000 values from 16 variables over 16 timesteps.
cdo(2) chname: Processed 392000 values from 1 variable over 16 timesteps.
cdo(1) setattribute: Processed 392000 values from 1 variable over 16 timesteps.
cdo    divc: Processed 392000 values from 1 variable over 16 timesteps [0.32s 28MB].
cdo(1) copy: Process started
cdo(1) copy: Processed 465500 values from 1 variable over 19 timesteps.
cdo    seltimestep: Processed 24500 values from 1 variable over 19 timesteps [0.01s 16MB].
cdo(1) mergetime: Process started
cdo(1) mergetime: Processed 416500 values from 2 variables over 17 timesteps.
cdo    timcumsum: Processed 416500 values from 1 variable over 17 timesteps [0.02s 18MB].
cdo    replace: Processed 3748500 values from 10 variables over 34 timesteps [0.12s 26MB].
Thu Apr 29 01:00:00 PM UTC 2021 processed!
Number of files to process with CDO: 90
cdo(1) divc: Process started
cdo(2) setattribute: Process started
cdo(3) chname: Process started
cdo(4) mergetime: Process started
cdo(4) mergetime: Processed 2205000 values from 90 variables over 90 timesteps.
cdo(3) chname: Processed 2205000 values from 1 variable over 90 timesteps.
cdo(2) setattribute: Processed 2205000 values from 1 variable over 90 timesteps.
cdo(1) divc: Processed 2205000 values from 1 variable over 90 timesteps.
cdo    timcumsum: Processed 2205000 values from 1 variable over 90 timesteps [1.73s 73MB].
cdo(1) seltimestep: Process started
cdo(2) shifttime: Process started
cdo(3) copy: Process started
cdo(3) copy: Processed 2205000 values from 1 variable over 90 timesteps.
cdo(2) shifttime: Processed 2205000 values from 1 variable over 90 timesteps.
cdo(1) seltimestep: Processed 24500 values from 1 variable over 2 timesteps.
cdo    mulc: Processed 24500 values from 1 variable over 1 timestep [0.04s 30MB].
cdo    mergetime: Processed 2229500 values from 2 variables over 91 timesteps [0.07s 32MB].
cdo    replace: Processed 20065500 values from 10 variables over 182 timesteps [0.43s 97MB].
0-90 is done
Number of files to process with CDO: 18
cdo(1) setattribute: Process started
cdo(2) chname: Process started
cdo(3) mergetime: Process started
cdo(3) mergetime: Processed 441000 values from 18 variables over 18 timesteps.
cdo(2) chname: Processed 441000 values from 1 variable over 18 timesteps.
cdo(1) setattribute: Processed 441000 values from 1 variable over 18 timesteps.
cdo    divc: Processed 441000 values from 1 variable over 18 timesteps [0.31s 30MB].
cdo(1) copy: Process started
cdo(1) copy: Processed 2229500 values from 1 variable over 91 timesteps.
cdo    seltimestep: Processed 24500 values from 1 variable over 91 timesteps [0.03s 30MB].
cdo(1) mergetime: Process started
cdo(1) mergetime: Processed 465500 values from 2 variables over 19 timesteps.
cdo    timcumsum: Processed 465500 values from 1 variable over 19 timesteps [0.04s 18MB].
cdo    replace: Processed 4189500 values from 10 variables over 38 timesteps [0.12s 27MB].
90-144 is done
Number of files to process with CDO: 16
cdo(1) setattribute: Process started
cdo(2) chname: Process started
cdo(3) mergetime: Process started
cdo(3) mergetime: Processed 392000 values from 16 variables over 16 timesteps.
cdo(2) chname: Processed 392000 values from 1 variable over 16 timesteps.
cdo(1) setattribute: Processed 392000 values from 1 variable over 16 timesteps.
cdo    divc: Processed 392000 values from 1 variable over 16 timesteps [0.35s 28MB].
cdo(1) copy: Process started
cdo(1) copy: Processed 465500 values from 1 variable over 19 timesteps.
cdo    seltimestep: Processed 24500 values from 1 variable over 19 timesteps [0.01s 17MB].
cdo(1) mergetime: Process started
cdo(1) mergetime: Processed 416500 values from 2 variables over 17 timesteps.
cdo    timcumsum: Processed 416500 values from 1 variable over 17 timesteps [0.02s 18MB].
cdo    replace: Processed 3748500 values from 10 variables over 34 timesteps [0.11s 27MB].
Fri Apr 30 01:00:00 PM UTC 2021 processed!
Number of files to process with CDO: 90
cdo(1) divc: Process started
cdo(2) setattribute: Process started
cdo(3) chname: Process started
cdo(4) mergetime: Process started
cdo(4) mergetime: Processed 2205000 values from 90 variables over 90 timesteps.
cdo(3) chname: Processed 2205000 values from 1 variable over 90 timesteps.
cdo(2) setattribute: Processed 2205000 values from 1 variable over 90 timesteps.
cdo(1) divc: Processed 2205000 values from 1 variable over 90 timesteps.
cdo    timcumsum: Processed 2205000 values from 1 variable over 90 timesteps [1.14s 73MB].
cdo(1) seltimestep: Process started
cdo(2) shifttime: Process started
cdo(3) copy: Process started
cdo(3) copy: Processed 2205000 values from 1 variable over 90 timesteps.
cdo(2) shifttime: Processed 2205000 values from 1 variable over 90 timesteps.
cdo(1) seltimestep: Processed 24500 values from 1 variable over 2 timesteps.
cdo    mulc: Processed 24500 values from 1 variable over 1 timestep [0.04s 30MB].
cdo    mergetime: Processed 2229500 values from 2 variables over 91 timesteps [0.08s 31MB].
cdo    replace: Processed 20065500 values from 10 variables over 182 timesteps [0.47s 97MB].
0-90 is done
Number of files to process with CDO: 18
cdo(1) setattribute: Process started
cdo(2) chname: Process started
cdo(3) mergetime: Process started
cdo(3) mergetime: Processed 441000 values from 18 variables over 18 timesteps.
cdo(2) chname: Processed 441000 values from 1 variable over 18 timesteps.
cdo(1) setattribute: Processed 441000 values from 1 variable over 18 timesteps.
cdo    divc: Processed 441000 values from 1 variable over 18 timesteps [0.34s 30MB].
cdo(1) copy: Process started
cdo(1) copy: Processed 2229500 values from 1 variable over 91 timesteps.
cdo    seltimestep: Processed 24500 values from 1 variable over 91 timesteps [0.03s 30MB].
cdo(1) mergetime: Process started
cdo(1) mergetime: Processed 465500 values from 2 variables over 19 timesteps.
cdo    timcumsum: Processed 465500 values from 1 variable over 19 timesteps [0.03s 18MB].
cdo    replace: Processed 4189500 values from 10 variables over 38 timesteps [0.12s 27MB].
90-144 is done
Number of files to process with CDO: 16
cdo(1) setattribute: Process started
cdo(2) chname: Process started
cdo(3) mergetime: Process started
cdo(3) mergetime: Processed 392000 values from 16 variables over 16 timesteps.
cdo(2) chname: Processed 392000 values from 1 variable over 16 timesteps.
cdo(1) setattribute: Processed 392000 values from 1 variable over 16 timesteps.
cdo    divc: Processed 392000 values from 1 variable over 16 timesteps [0.35s 28MB].
cdo(1) copy: Process started
cdo(1) copy: Processed 465500 values from 1 variable over 19 timesteps.
cdo    seltimestep: Processed 24500 values from 1 variable over 19 timesteps [0.01s 16MB].
cdo(1) mergetime: Process started
cdo(1) mergetime: Processed 416500 values from 2 variables over 17 timesteps.
cdo    timcumsum: Processed 416500 values from 1 variable over 17 timesteps [0.03s 18MB].
cdo    replace: Processed 3748500 values from 10 variables over 34 timesteps [0.16s 26MB].
Sat May 1 01:00:00 PM UTC 2021 processed!
